#
# A fatal error has been detected by the Java Runtime Environment:
#
#  EXCEPTION_ACCESS_VIOLATION (0xc0000005) at pc=0x00000000746c584a, pid=63560, tid=0x00000000000109b4
#
# JRE version: Java(TM) SE Runtime Environment (8.0_102-b14) (build 1.8.0_102-b14)
# Java VM: Java HotSpot(TM) 64-Bit Server VM (25.102-b14 mixed mode windows-amd64 compressed oops)
# Problematic frame:
# C  [glass.dll+0x2584a]
#
# Failed to write core dump. Minidumps are not enabled by default on client versions of Windows
#
# If you would like to submit a bug report, please visit:
#   http://bugreport.java.com/bugreport/crash.jsp
#

---------------  T H R E A D  ---------------

Current thread (0x0000000016837800):  VMThread [stack: 0x00000000178d0000,0x00000000179d0000] [id=68020]

siginfo: ExceptionCode=0xc0000005, reading address 0x0000000000000000

Registers:
RAX=0x0000000000000000, RBX=0x00000000182a5f10, RCX=0x0000000016837800, RDX=0x00000000182a5f10
RSP=0x00000000179cf590, RBP=0x000000000108e480, RSI=0x0000000000000001, RDI=0x0000000000000000
R8 =0x0000000000010002, R9 =0x000000000108e480, R10=0x0000000000000000, R11=0x0000000000000246
R12=0x000000000108e4b0, R13=0x000000000108e480, R14=0x000000000108e490, R15=0x0000000000000000
RIP=0x00000000746c584a, EFLAGS=0x0000000000010206

Top of Stack: (sp=0x00000000179cf590)
0x00000000179cf590:   0000000000000000 00000000746c5900
0x00000000179cf5a0:   0000000000000000 00000000746d91b0
0x00000000179cf5b0:   00000000746c5830 00000000746c3224
0x00000000179cf5c0:   00000000746c5a60 00007ffc3bbd3860
0x00000000179cf5d0:   0000000000000000 00007ffcbadc71a4
0x00000000179cf5e0:   0000000000000001 00000000746a0000
0x00000000179cf5f0:   00000000013c1638 00000000746c34a6
0x00000000179cf600:   0000000000000001 0000000016745400
0x00000000179cf610:   0000000000000000 00000000746c3384
0x00000000179cf620:   c000000500000001 00000000179ce710
0x00000000179cf630:   00000000746a0000 00007ffcbf9fb583
0x00000000179cf640:   000000007ffe0385 0000000000000000
0x00000000179cf650:   000000007ffe0384 000000007ffe0385
0x00000000179cf660:   000000000000000f 00007ffcbfa0813a
0x00000000179cf670:   00005edec349d500 0000000001054c30
0x00000000179cf680:   0000000000000000 0000000000000000 

Instructions: (pc=0x00000000746c584a)
0x00000000746c582a:   83 c4 20 5d c3 cc 40 53 48 83 ec 20 48 8b 1d cb
0x00000000746c583a:   5b 01 00 48 85 db 74 1a e8 19 93 ff ff 48 8b d3
0x00000000746c584a:   4c 8b 00 48 8b c8 48 83 c4 20 5b 49 ff a0 b0 00
0x00000000746c585a:   00 00 48 83 c4 20 5b c3 cc cc cc cc cc cc cc cc 


Register to memory mapping:

RAX=0x0000000000000000 is an unknown value
RBX=0x00000000182a5f10 is a global jni handle
RCX=0x0000000016837800 is an unknown value
RDX=0x00000000182a5f10 is a global jni handle
RSP=0x00000000179cf590 is an unknown value
RBP=0x000000000108e480 is an unknown value
RSI=0x0000000000000001 is an unknown value
RDI=0x0000000000000000 is an unknown value
R8 =0x0000000000010002 is an unknown value
R9 =0x000000000108e480 is an unknown value
R10=0x0000000000000000 is an unknown value
R11=0x0000000000000246 is an unknown value
R12=0x000000000108e4b0 is an unknown value
R13=0x000000000108e480 is an unknown value
R14=0x000000000108e490 is an unknown value
R15=0x0000000000000000 is an unknown value


Stack: [0x00000000178d0000,0x00000000179d0000],  sp=0x00000000179cf590,  free space=1021k
Native frames: (J=compiled Java code, j=interpreted, Vv=VM code, C=native code)
C  [glass.dll+0x2584a]
C  [glass.dll+0x23224]
C  [glass.dll+0x234a6]
C  [ntdll.dll+0x3b583]
C  [ntdll.dll+0x47f85]
C  [ntdll.dll+0x47e48]
C  [KERNEL32.DLL+0x1ca7a]
C  [msvcr100.dll+0x20cb9]
V  [jvm.dll+0x212a05]
V  [jvm.dll+0x24b647]
V  [jvm.dll+0x24a8e6]
V  [jvm.dll+0x24ad81]
V  [jvm.dll+0x24af9e]
V  [jvm.dll+0x29c03a]
C  [msvcr100.dll+0x21d7b]
C  [msvcr100.dll+0x21e17]
C  [KERNEL32.DLL+0x14034]
C  [ntdll.dll+0x73691]

VM_Operation (0x0000000019542730): Exit, mode: safepoint, requested by thread 0x0000000018938800


---------------  P R O C E S S  ---------------

Java Threads: ( => current thread )
  0x0000000017fb0800 JavaThread "Glass/Prism Shutdown Hook" [_thread_blocked, id=75196, stack(0x0000000022e00000,0x0000000022f00000)]
  0x0000000017fb3800 JavaThread "Thread-6" [_thread_blocked, id=37052, stack(0x0000000022600000,0x0000000022700000)]
  0x0000000017fae800 JavaThread "Thread-4" daemon [_thread_in_native, id=15468, stack(0x0000000022500000,0x0000000022600000)]
  0x0000000018e48000 JavaThread "Media Resource Disposer" daemon [_thread_blocked, id=27104, stack(0x000000001f6b0000,0x000000001f7b0000)]
  0x00000000189a5000 JavaThread "Prism Font Disposer" daemon [_thread_blocked, id=47776, stack(0x000000001f1b0000,0x000000001f2b0000)]
  0x000000001896f800 JavaThread "JavaFX-Launcher" [_thread_blocked, id=84104, stack(0x000000001df30000,0x000000001e030000)]
  0x000000001896e800 JavaThread "Thread-2" daemon [_thread_in_native, id=45704, stack(0x000000001de30000,0x000000001df30000)]
  0x0000000018938800 JavaThread "JavaFX Application Thread" [_thread_blocked, id=89504, stack(0x0000000019450000,0x0000000019550000)]
  0x00000000188de800 JavaThread "Thread-1" daemon [_thread_blocked, id=14348, stack(0x0000000019350000,0x0000000019450000)]
  0x00000000188c7800 JavaThread "QuantumRenderer-0" daemon [_thread_blocked, id=30452, stack(0x00000000190c0000,0x00000000191c0000)]
  0x0000000017f9d800 JavaThread "Service Thread" daemon [_thread_blocked, id=20124, stack(0x00000000186c0000,0x00000000187c0000)]
  0x0000000017f60000 JavaThread "C1 CompilerThread2" daemon [_thread_blocked, id=58304, stack(0x00000000185c0000,0x00000000186c0000)]
  0x00000000168ba000 JavaThread "C2 CompilerThread1" daemon [_thread_blocked, id=81324, stack(0x00000000184c0000,0x00000000185c0000)]
  0x00000000168b4000 JavaThread "C2 CompilerThread0" daemon [_thread_blocked, id=67328, stack(0x00000000183c0000,0x00000000184c0000)]
  0x0000000017f03000 JavaThread "Monitor Ctrl-Break" daemon [_thread_in_native, id=18956, stack(0x00000000182c0000,0x00000000183c0000)]
  0x000000001686d800 JavaThread "Attach Listener" daemon [_thread_blocked, id=75568, stack(0x0000000017dc0000,0x0000000017ec0000)]
  0x000000001686c800 JavaThread "Signal Dispatcher" daemon [_thread_blocked, id=49972, stack(0x0000000017cc0000,0x0000000017dc0000)]
  0x0000000016859000 JavaThread "Finalizer" daemon [_thread_blocked, id=40964, stack(0x0000000017ad0000,0x0000000017bd0000)]
  0x0000000002f94000 JavaThread "Reference Handler" daemon [_thread_blocked, id=39268, stack(0x00000000179d0000,0x0000000017ad0000)]
  0x0000000002ea2800 JavaThread "main" [_thread_blocked, id=50908, stack(0x0000000002ca0000,0x0000000002da0000)]

Other Threads:
=>0x0000000016837800 VMThread [stack: 0x00000000178d0000,0x00000000179d0000] [id=68020]

VM state:at safepoint (shutting down)

VM Mutex/Monitor currently owned by a thread:  ([mutex/lock_event])
[0x00000000013cd770] Threads_lock - owner thread: 0x0000000016837800

Heap:
 PSYoungGen      total 107520K, used 36527K [0x00000000e0600000, 0x00000000ec280000, 0x0000000100000000)
  eden space 66560K, 54% used [0x00000000e0600000,0x00000000e29abfc0,0x00000000e4700000)
  from space 40960K, 0% used [0x00000000e4700000,0x00000000e4700000,0x00000000e6f00000)
  to   space 49664K, 0% used [0x00000000e9200000,0x00000000e9200000,0x00000000ec280000)
 ParOldGen       total 309248K, used 180793K [0x00000000a1200000, 0x00000000b4000000, 0x00000000e0600000)
  object space 309248K, 58% used [0x00000000a1200000,0x00000000ac28e5f0,0x00000000b4000000)
 Metaspace       used 17807K, capacity 18968K, committed 19200K, reserved 1064960K
  class space    used 2559K, capacity 2812K, committed 2816K, reserved 1048576K

Card table byte_map: [0x0000000012360000,0x0000000012660000] byte_map_base: 0x0000000011e57000

Marking Bits: (ParMarkBitMap*) 0x00000000737da6c0
 Begin Bits: [0x0000000012c60000, 0x0000000014418000)
 End Bits:   [0x0000000014418000, 0x0000000015bd0000)

Polling page: 0x0000000001320000

CodeCache: size=245760Kb used=7922Kb max_used=7970Kb free=237837Kb
 bounds [0x0000000002fa0000, 0x0000000003770000, 0x0000000011fa0000]
 total_blobs=3277 nmethods=2599 adapters=590
 compilation: enabled

Compilation events (10 events):
Event: 24.188 Thread 0x0000000017f60000 2624       3       javafx.scene.Scene$ClickCounter::moved (52 bytes)
Event: 24.188 Thread 0x0000000017f60000 nmethod 2624 0x00000000030b3650 code [0x00000000030b3800, 0x00000000030b3e08]
Event: 24.196 Thread 0x0000000017f60000 2625   !   3       com.sun.javafx.tk.quantum.QuantumToolkit::runWithoutRenderLock (49 bytes)
Event: 24.196 Thread 0x0000000017f60000 nmethod 2625 0x000000000312a750 code [0x000000000312a920, 0x000000000312b3d8]
Event: 24.197 Thread 0x0000000017f60000 2626       3       java.util.concurrent.locks.ReentrantLock::isHeldByCurrentThread (8 bytes)
Event: 24.197 Thread 0x0000000017f60000 nmethod 2626 0x00000000030a3950 code [0x00000000030a3ac0, 0x00000000030a3e10]
Event: 24.197 Thread 0x0000000017f60000 2627       3       java.lang.invoke.DirectMethodHandle::shouldBeInitialized (123 bytes)
Event: 24.198 Thread 0x0000000017f60000 nmethod 2627 0x00000000030ca9d0 code [0x00000000030caba0, 0x00000000030cb2e8]
Event: 24.215 Thread 0x0000000017f60000 2628       3       jdk.internal.org.objectweb.asm.MethodVisitor::visitFieldInsn (20 bytes)
Event: 24.216 Thread 0x0000000017f60000 nmethod 2628 0x00000000030a5ad0 code [0x00000000030a5c40, 0x00000000030a5ea8]

GC Heap History (10 events):
Event: 2.501 GC heap before
{Heap before GC invocations=6 (full 1):
 PSYoungGen      total 53248K, used 49004K [0x00000000e0600000, 0x00000000e3e00000, 0x0000000100000000)
  eden space 49152K, 99% used [0x00000000e0600000,0x00000000e35db3c8,0x00000000e3600000)
  from space 4096K, 0% used [0x00000000e3a00000,0x00000000e3a00000,0x00000000e3e00000)
  to   space 4096K, 0% used [0x00000000e3600000,0x00000000e3600000,0x00000000e3a00000)
 ParOldGen       total 118784K, used 55940K [0x00000000a1200000, 0x00000000a8600000, 0x00000000e0600000)
  object space 118784K, 47% used [0x00000000a1200000,0x00000000a48a11e0,0x00000000a8600000)
 Metaspace       used 12697K, capacity 13280K, committed 13568K, reserved 1060864K
  class space    used 1775K, capacity 1928K, committed 2048K, reserved 1048576K
Event: 2.525 GC heap after
Heap after GC invocations=6 (full 1):
 PSYoungGen      total 53248K, used 3951K [0x00000000e0600000, 0x00000000e9580000, 0x0000000100000000)
  eden space 49152K, 0% used [0x00000000e0600000,0x00000000e0600000,0x00000000e3600000)
  from space 4096K, 96% used [0x00000000e3600000,0x00000000e39dbc10,0x00000000e3a00000)
  to   space 33280K, 0% used [0x00000000e7500000,0x00000000e7500000,0x00000000e9580000)
 ParOldGen       total 118784K, used 90182K [0x00000000a1200000, 0x00000000a8600000, 0x00000000e0600000)
  object space 118784K, 75% used [0x00000000a1200000,0x00000000a6a11b80,0x00000000a8600000)
 Metaspace       used 12697K, capacity 13280K, committed 13568K, reserved 1060864K
  class space    used 1775K, capacity 1928K, committed 2048K, reserved 1048576K
}
Event: 2.525 GC heap before
{Heap before GC invocations=7 (full 2):
 PSYoungGen      total 53248K, used 3951K [0x00000000e0600000, 0x00000000e9580000, 0x0000000100000000)
  eden space 49152K, 0% used [0x00000000e0600000,0x00000000e0600000,0x00000000e3600000)
  from space 4096K, 96% used [0x00000000e3600000,0x00000000e39dbc10,0x00000000e3a00000)
  to   space 33280K, 0% used [0x00000000e7500000,0x00000000e7500000,0x00000000e9580000)
 ParOldGen       total 118784K, used 90182K [0x00000000a1200000, 0x00000000a8600000, 0x00000000e0600000)
  object space 118784K, 75% used [0x00000000a1200000,0x00000000a6a11b80,0x00000000a8600000)
 Metaspace       used 12697K, capacity 13280K, committed 13568K, reserved 1060864K
  class space    used 1775K, capacity 1928K, committed 2048K, reserved 1048576K
Event: 2.572 GC heap after
Heap after GC invocations=7 (full 2):
 PSYoungGen      total 53248K, used 0K [0x00000000e0600000, 0x00000000e9580000, 0x0000000100000000)
  eden space 49152K, 0% used [0x00000000e0600000,0x00000000e0600000,0x00000000e3600000)
  from space 4096K, 0% used [0x00000000e3600000,0x00000000e3600000,0x00000000e3a00000)
  to   space 33280K, 0% used [0x00000000e7500000,0x00000000e7500000,0x00000000e9580000)
 ParOldGen       total 191488K, used 93986K [0x00000000a1200000, 0x00000000acd00000, 0x00000000e0600000)
  object space 191488K, 49% used [0x00000000a1200000,0x00000000a6dc8aa0,0x00000000acd00000)
 Metaspace       used 12697K, capacity 13280K, committed 13568K, reserved 1060864K
  class space    used 1775K, capacity 1928K, committed 2048K, reserved 1048576K
}
Event: 2.849 GC heap before
{Heap before GC invocations=8 (full 2):
 PSYoungGen      total 53248K, used 49152K [0x00000000e0600000, 0x00000000e9580000, 0x0000000100000000)
  eden space 49152K, 100% used [0x00000000e0600000,0x00000000e3600000,0x00000000e3600000)
  from space 4096K, 0% used [0x00000000e3600000,0x00000000e3600000,0x00000000e3a00000)
  to   space 33280K, 0% used [0x00000000e7500000,0x00000000e7500000,0x00000000e9580000)
 ParOldGen       total 191488K, used 93986K [0x00000000a1200000, 0x00000000acd00000, 0x00000000e0600000)
  object space 191488K, 49% used [0x00000000a1200000,0x00000000a6dc8aa0,0x00000000acd00000)
 Metaspace       used 12719K, capacity 13348K, committed 13568K, reserved 1060864K
  class space    used 1776K, capacity 1928K, committed 2048K, reserved 1048576K
Event: 2.865 GC heap after
Heap after GC invocations=8 (full 2):
 PSYoungGen      total 99840K, used 33197K [0x00000000e0600000, 0x00000000e9700000, 0x0000000100000000)
  eden space 66560K, 0% used [0x00000000e0600000,0x00000000e0600000,0x00000000e4700000)
  from space 33280K, 99% used [0x00000000e7500000,0x00000000e956b520,0x00000000e9580000)
  to   space 40960K, 0% used [0x00000000e4700000,0x00000000e4700000,0x00000000e6f00000)
 ParOldGen       total 191488K, used 99381K [0x00000000a1200000, 0x00000000acd00000, 0x00000000e0600000)
  object space 191488K, 51% used [0x00000000a1200000,0x00000000a730d6d8,0x00000000acd00000)
 Metaspace       used 12719K, capacity 13348K, committed 13568K, reserved 1060864K
  class space    used 1776K, capacity 1928K, committed 2048K, reserved 1048576K
}
Event: 3.198 GC heap before
{Heap before GC invocations=9 (full 2):
 PSYoungGen      total 99840K, used 99503K [0x00000000e0600000, 0x00000000e9700000, 0x0000000100000000)
  eden space 66560K, 99% used [0x00000000e0600000,0x00000000e46c0aa0,0x00000000e4700000)
  from space 33280K, 99% used [0x00000000e7500000,0x00000000e956b520,0x00000000e9580000)
  to   space 40960K, 0% used [0x00000000e4700000,0x00000000e4700000,0x00000000e6f00000)
 ParOldGen       total 191488K, used 99381K [0x00000000a1200000, 0x00000000acd00000, 0x00000000e0600000)
  object space 191488K, 51% used [0x00000000a1200000,0x00000000a730d6d8,0x00000000acd00000)
 Metaspace       used 12764K, capacity 13360K, committed 13568K, reserved 1060864K
  class space    used 1777K, capacity 1930K, committed 2048K, reserved 1048576K
Event: 3.234 GC heap after
Heap after GC invocations=9 (full 2):
 PSYoungGen      total 107520K, used 40786K [0x00000000e0600000, 0x00000000ec280000, 0x0000000100000000)
  eden space 66560K, 0% used [0x00000000e0600000,0x00000000e0600000,0x00000000e4700000)
  from space 40960K, 99% used [0x00000000e4700000,0x00000000e6ed4ab0,0x00000000e6f00000)
  to   space 49664K, 0% used [0x00000000e9200000,0x00000000e9200000,0x00000000ec280000)
 ParOldGen       total 191488K, used 142546K [0x00000000a1200000, 0x00000000acd00000, 0x00000000e0600000)
  object space 191488K, 74% used [0x00000000a1200000,0x00000000a9d34b58,0x00000000acd00000)
 Metaspace       used 12764K, capacity 13360K, committed 13568K, reserved 1060864K
  class space    used 1777K, capacity 1930K, committed 2048K, reserved 1048576K
}
Event: 3.234 GC heap before
{Heap before GC invocations=10 (full 3):
 PSYoungGen      total 107520K, used 40786K [0x00000000e0600000, 0x00000000ec280000, 0x0000000100000000)
  eden space 66560K, 0% used [0x00000000e0600000,0x00000000e0600000,0x00000000e4700000)
  from space 40960K, 99% used [0x00000000e4700000,0x00000000e6ed4ab0,0x00000000e6f00000)
  to   space 49664K, 0% used [0x00000000e9200000,0x00000000e9200000,0x00000000ec280000)
 ParOldGen       total 191488K, used 142546K [0x00000000a1200000, 0x00000000acd00000, 0x00000000e0600000)
  object space 191488K, 74% used [0x00000000a1200000,0x00000000a9d34b58,0x00000000acd00000)
 Metaspace       used 12764K, capacity 13360K, committed 13568K, reserved 1060864K
  class space    used 1777K, capacity 1930K, committed 2048K, reserved 1048576K
Event: 3.297 GC heap after
Heap after GC invocations=10 (full 3):
 PSYoungGen      total 107520K, used 0K [0x00000000e0600000, 0x00000000ec280000, 0x0000000100000000)
  eden space 66560K, 0% used [0x00000000e0600000,0x00000000e0600000,0x00000000e4700000)
  from space 40960K, 0% used [0x00000000e4700000,0x00000000e4700000,0x00000000e6f00000)
  to   space 49664K, 0% used [0x00000000e9200000,0x00000000e9200000,0x00000000ec280000)
 ParOldGen       total 309248K, used 180793K [0x00000000a1200000, 0x00000000b4000000, 0x00000000e0600000)
  object space 309248K, 58% used [0x00000000a1200000,0x00000000ac28e5f0,0x00000000b4000000)
 Metaspace       used 12764K, capacity 13360K, committed 13568K, reserved 1060864K
  class space    used 1777K, capacity 1930K, committed 2048K, reserved 1048576K
}

Deoptimization events (10 events):
Event: 4.583 Thread 0x0000000018938800 Uncommon trap: reason=array_check action=maybe_recompile pc=0x00000000034a8008 method=com.sun.javafx.css.SimpleSelector.applies(Ljavafx/css/Styleable;[Ljava/util/Set;I)Z @ 37
Event: 4.583 Thread 0x0000000018938800 Uncommon trap: reason=array_check action=maybe_recompile pc=0x00000000034a8008 method=com.sun.javafx.css.SimpleSelector.applies(Ljavafx/css/Styleable;[Ljava/util/Set;I)Z @ 37
Event: 4.584 Thread 0x0000000018938800 Uncommon trap: reason=array_check action=maybe_recompile pc=0x00000000034a0fdc method=com.sun.javafx.css.SimpleSelector.applies(Ljavafx/css/Styleable;[Ljava/util/Set;I)Z @ 37
Event: 4.724 Thread 0x0000000018938800 Uncommon trap: reason=unstable_if action=reinterpret pc=0x00000000032b8ed4 method=sun.misc.URLClassPath$JarLoader.ensureOpen()V @ 4
Event: 4.736 Thread 0x0000000018938800 Uncommon trap: reason=unstable_if action=reinterpret pc=0x0000000003417310 method=java.util.HashMap.isEmpty()Z @ 4
Event: 4.917 Thread 0x0000000018938800 Uncommon trap: reason=unstable_if action=reinterpret pc=0x0000000003333f68 method=jdk.internal.org.objectweb.asm.Type.getArgumentsAndReturnSizes(Ljava/lang/String;)I @ 47
Event: 5.600 Thread 0x00000000188c7800 Uncommon trap: reason=class_check action=maybe_recompile pc=0x00000000033897c0 method=java.io.BufferedInputStream.read1([BII)I @ 39
Event: 5.805 Thread 0x00000000188c7800 Uncommon trap: reason=unstable_if action=reinterpret pc=0x00000000033896b0 method=java.io.BufferedInputStream.fill()V @ 219
Event: 6.479 Thread 0x00000000188c7800 Uncommon trap: reason=class_check action=maybe_recompile pc=0x0000000003385528 method=java.io.BufferedInputStream.read1([BII)I @ 39
Event: 6.584 Thread 0x00000000188c7800 Uncommon trap: reason=unstable_if action=reinterpret pc=0x000000000338549c method=java.io.BufferedInputStream.fill()V @ 219

Internal exceptions (10 events):
Event: 0.399 Thread 0x0000000002ea2800 Exception <a 'java/lang/NullPointerException'> (0x00000000e0a6c848) thrown at [C:\re\workspace\8-2-build-windows-amd64-cygwin\jdk8u102\7268\hotspot\src\share\vm\interpreter\linkResolver.cpp, line 1178]
Event: 0.438 Thread 0x0000000002ea2800 Implicit null exception at 0x00000000030bffd5 to 0x00000000030c01a1
Event: 0.877 Thread 0x0000000018938800 Exception <a 'java/lang/NullPointerException'> (0x00000000e1643110) thrown at [C:\re\workspace\8-2-build-windows-amd64-cygwin\jdk8u102\7268\hotspot\src\share\vm\interpreter\linkResolver.cpp, line 1178]
Event: 0.877 Thread 0x0000000018938800 Exception <a 'java/lang/NullPointerException'> (0x00000000e1643110) thrown at [C:\re\workspace\8-2-build-windows-amd64-cygwin\jdk8u102\7268\hotspot\src\share\vm\prims\jvm.cpp, line 1390]
Event: 1.109 Thread 0x0000000018938800 Implicit null exception at 0x000000000320dbb5 to 0x000000000320dec9
Event: 1.982 Thread 0x0000000018938800 Exception <a 'java/lang/UnsatisfiedLinkError': com.sun.media.jfxmediaimpl.NativeAudioClip.nacInit()Z> (0x00000000e1714cf0) thrown at [C:\re\workspace\8-2-build-windows-amd64-cygwin\jdk8u102\7268\hotspot\src\share\vm\prims\nativeLookup.cpp, line 378]
Event: 1.983 Thread 0x0000000018938800 Exception <a 'java/lang/UnsatisfiedLinkError': com.sun.media.jfxmedia.logging.Logger.nativeSetNativeLevel(I)V> (0x00000000e17193f0) thrown at [C:\re\workspace\8-2-build-windows-amd64-cygwin\jdk8u102\7268\hotspot\src\share\vm\prims\nativeLookup.cpp, line 37uæ—
Event: 2.011 Thread 0x0000000018938800 Implicit null exception at 0x00000000031c2c54 to 0x00000000031c3019
Event: 4.724 Thread 0x0000000018938800 Implicit null exception at 0x00000000032b7d4e to 0x00000000032b8ead
Event: 24.216 Thread 0x0000000017fb0800 Exception <a 'java/lang/IllegalStateException'> (0x00000000e290c2f0) thrown at [C:\re\workspace\8-2-build-windows-amd64-cygwin\jdk8u102\7268\hotspot\src\share\vm\prims\jvm.cpp, line 1390]

Events (10 events):
Event: 24.199 loading class java/util/IdentityHashMap$IdentityHashMapIterator
Event: 24.200 loading class java/util/IdentityHashMap$IdentityHashMapIterator done
Event: 24.200 loading class java/util/IdentityHashMap$KeyIterator done
Event: 24.200 Thread 0x0000000017fb0800 Thread added: 0x0000000017fb0800
Event: 24.215 loading class com/sun/javafx/tk/quantum/QuantumRenderer
Event: 24.215 loading class com/sun/javafx/tk/quantum/QuantumRenderer done
Event: 24.216 loading class com/sun/javafx/tk/quantum/QuantumToolkit
Event: 24.216 loading class com/sun/javafx/tk/quantum/QuantumToolkit done
Event: 24.216 loading class java/util/LinkedList$ListItr
Event: 24.217 Executing VM operation: Exit


Dynamic libraries:
0x00007ff6c6490000 - 0x00007ff6c64c7000 	C:\Program Files\Java\jdk1.8.0_102\bin\java.exe
0x00007ffcbf9c0000 - 0x00007ffcbfba1000 	C:\WINDOWS\SYSTEM32\ntdll.dll
0x00007ffcbd4e0000 - 0x00007ffcbd591000 	C:\WINDOWS\System32\KERNEL32.DLL
0x00007ffcbc610000 - 0x00007ffcbc883000 	C:\WINDOWS\System32\KERNELBASE.dll
0x0000000076350000 - 0x00000000763e5000 	C:\WINDOWS\System32\SYSFER.DLL
0x00007ffcbd740000 - 0x00007ffcbd7e1000 	C:\WINDOWS\System32\ADVAPI32.dll
0x00007ffcbd660000 - 0x00007ffcbd6fe000 	C:\WINDOWS\System32\msvcrt.dll
0x00007ffcbd600000 - 0x00007ffcbd65b000 	C:\WINDOWS\System32\sechost.dll
0x00007ffcbd250000 - 0x00007ffcbd374000 	C:\WINDOWS\System32\RPCRT4.dll
0x00007ffcbd7f0000 - 0x00007ffcbd980000 	C:\WINDOWS\System32\USER32.dll
0x00007ffcbbdf0000 - 0x00007ffcbbe10000 	C:\WINDOWS\System32\win32u.dll
0x00007ffcbd700000 - 0x00007ffcbd728000 	C:\WINDOWS\System32\GDI32.dll
0x00007ffcbccb0000 - 0x00007ffcbce42000 	C:\WINDOWS\System32\gdi32full.dll
0x00007ffcbc520000 - 0x00007ffcbc5bf000 	C:\WINDOWS\System32\msvcp_win.dll
0x00007ffcbc940000 - 0x00007ffcbca38000 	C:\WINDOWS\System32\ucrtbase.dll
0x00007ffcafdb0000 - 0x00007ffcb0019000 	C:\WINDOWS\WinSxS\amd64_microsoft.windows.common-controls_6595b64144ccf1df_6.0.17134.706_none_fb43a2cb30647007\COMCTL32.dll
0x00007ffcbf660000 - 0x00007ffcbf982000 	C:\WINDOWS\System32\combase.dll
0x00007ffcbcc30000 - 0x00007ffcbccaa000 	C:\WINDOWS\System32\bcryptPrimitives.dll
0x00007ffcbda00000 - 0x00007ffcbda2d000 	C:\WINDOWS\System32\IMM32.DLL
0x0000000074bf0000 - 0x0000000074cc1000 	C:\Program Files\Java\jdk1.8.0_102\jre\bin\msvcr100.dll
0x0000000072fc0000 - 0x000000007385a000 	C:\Program Files\Java\jdk1.8.0_102\jre\bin\server\jvm.dll
0x00007ffcbd730000 - 0x00007ffcbd738000 	C:\WINDOWS\System32\PSAPI.DLL
0x00007ffcbabf0000 - 0x00007ffcbabf9000 	C:\WINDOWS\SYSTEM32\WSOCK32.dll
0x00007ffcbf5d0000 - 0x00007ffcbf63c000 	C:\WINDOWS\System32\WS2_32.dll
0x00007ffcb9bd0000 - 0x00007ffcb9bf3000 	C:\WINDOWS\SYSTEM32\WINMM.dll
0x00007ffcad380000 - 0x00007ffcad38a000 	C:\WINDOWS\SYSTEM32\VERSION.dll
0x00007ffcb9ba0000 - 0x00007ffcb9bca000 	C:\WINDOWS\SYSTEM32\WINMMBASE.dll
0x00007ffcbc5c0000 - 0x00007ffcbc609000 	C:\WINDOWS\System32\cfgmgr32.dll
0x0000000074be0000 - 0x0000000074bef000 	C:\Program Files\Java\jdk1.8.0_102\jre\bin\verify.dll
0x0000000074bb0000 - 0x0000000074bd9000 	C:\Program Files\Java\jdk1.8.0_102\jre\bin\java.dll
0x0000000074760000 - 0x0000000074783000 	C:\Program Files\Java\jdk1.8.0_102\jre\bin\instrument.dll
0x0000000074740000 - 0x0000000074756000 	C:\Program Files\Java\jdk1.8.0_102\jre\bin\zip.dll
0x00007ffcbda30000 - 0x00007ffcbee70000 	C:\WINDOWS\System32\SHELL32.dll
0x00007ffcbd1a0000 - 0x00007ffcbd249000 	C:\WINDOWS\System32\shcore.dll
0x00007ffcbbe10000 - 0x00007ffcbc51d000 	C:\WINDOWS\System32\windows.storage.dll
0x00007ffcbce50000 - 0x00007ffcbcea1000 	C:\WINDOWS\System32\shlwapi.dll
0x00007ffcbbd70000 - 0x00007ffcbbd81000 	C:\WINDOWS\System32\kernel.appcore.dll
0x00007ffcbbd30000 - 0x00007ffcbbd4f000 	C:\WINDOWS\System32\profapi.dll
0x00007ffcbbcd0000 - 0x00007ffcbbd1c000 	C:\WINDOWS\System32\powrprof.dll
0x00007ffcbbd20000 - 0x00007ffcbbd2a000 	C:\WINDOWS\System32\FLTLIB.DLL
0x00007ffca5620000 - 0x00007ffca563a000 	C:\Program Files\JetBrains\IntelliJ IDEA Community Edition 2018.3.4\bin\breakgen64.dll
0x0000000074720000 - 0x000000007473a000 	C:\Program Files\Java\jdk1.8.0_102\jre\bin\net.dll
0x00007ffcbb550000 - 0x00007ffcbb5b6000 	C:\WINDOWS\system32\mswsock.dll
0x00007ffc81f50000 - 0x00007ffc8203f000 	C:\Program Files\Java\jdk1.8.0_102\jre\bin\msvcr120.dll
0x00007ffc830d0000 - 0x00007ffc83176000 	C:\Program Files\Java\jdk1.8.0_102\jre\bin\msvcp120.dll
0x00000000746f0000 - 0x0000000074712000 	C:\Program Files\Java\jdk1.8.0_102\jre\bin\prism_d3d.dll
0x00007ffc80050000 - 0x00007ffc801e7000 	C:\WINDOWS\system32\d3d9.dll
0x00007ffcba0c0000 - 0x00007ffcba0e9000 	C:\WINDOWS\SYSTEM32\dwmapi.dll
0x00007ffcb9f40000 - 0x00007ffcb9fd8000 	C:\WINDOWS\system32\uxtheme.dll
0x00007ffc4a5c0000 - 0x00007ffc4cafd000 	C:\WINDOWS\SYSTEM32\igdumdim64.dll
0x00007ffcbcf50000 - 0x00007ffcbd012000 	C:\WINDOWS\System32\OLEAUT32.dll
0x00007ffcbd380000 - 0x00007ffcbd4d1000 	C:\WINDOWS\System32\ole32.dll
0x00007ffcbefe0000 - 0x00007ffcbf42b000 	C:\WINDOWS\System32\SETUPAPI.dll
0x00000000746a0000 - 0x00000000746e3000 	C:\Program Files\Java\jdk1.8.0_102\jre\bin\glass.dll
0x00007ffcbee80000 - 0x00007ffcbef6d000 	C:\WINDOWS\System32\COMDLG32.dll
0x00007ffcbd020000 - 0x00007ffcbd193000 	C:\WINDOWS\System32\MSCTF.dll
0x00007ffcb3230000 - 0x00007ffcb3c6f000 	C:\WINDOWS\SYSTEM32\igdusc64.dll
0x0000000074660000 - 0x0000000074674000 	C:\Program Files\Java\jdk1.8.0_102\jre\bin\javafx_font.dll
0x00007ffcb0a00000 - 0x00007ffcb0d1c000 	C:\WINDOWS\SYSTEM32\dwrite.dll
0x0000000074600000 - 0x0000000074623000 	C:\Program Files\Java\jdk1.8.0_102\jre\bin\javafx_iio.dll
0x0000000074580000 - 0x00000000745f3000 	C:\Program Files\Java\jdk1.8.0_102\jre\bin\glib-lite.dll
0x00000000744e0000 - 0x000000007457c000 	C:\Program Files\Java\jdk1.8.0_102\jre\bin\gstreamer-lite.dll
0x00007ffc943e0000 - 0x00007ffc9446f000 	C:\WINDOWS\SYSTEM32\DSOUND.dll
0x00000000744b0000 - 0x00000000744d5000 	C:\Program Files\Java\jdk1.8.0_102\jre\bin\jfxmedia.dll
0x00007ffcbceb0000 - 0x00007ffcbcf50000 	C:\WINDOWS\System32\clbcatq.dll
0x00007ffcb61d0000 - 0x00007ffcb637e000 	C:\WINDOWS\SYSTEM32\WindowsCodecs.dll
0x00007ffc8c8f0000 - 0x00007ffc8c948000 	C:\WINDOWS\system32\dataexchange.dll
0x00007ffcb8bb0000 - 0x00007ffcb8ebb000 	C:\WINDOWS\system32\d3d11.dll
0x00007ffcb9630000 - 0x00007ffcb97cc000 	C:\WINDOWS\system32\dcomp.dll
0x00007ffcba6f0000 - 0x00007ffcba7ab000 	C:\WINDOWS\system32\dxgi.dll
0x00007ffcba250000 - 0x00007ffcba408000 	C:\WINDOWS\system32\twinapi.appcore.dll
0x00007ffcba1a0000 - 0x00007ffcba1c9000 	C:\WINDOWS\system32\RMCLIENT.dll
0x00007ffca26e0000 - 0x00007ffca2714000 	C:\Program Files\Common Files\Microsoft Shared\Ink\rtscom.dll
0x00007ffcb4da0000 - 0x00007ffcb4e36000 	C:\WINDOWS\System32\TextInputFramework.dll
0x00007ffcb5d40000 - 0x00007ffcb605e000 	C:\WINDOWS\System32\CoreUIComponents.dll
0x00007ffcb97d0000 - 0x00007ffcb98aa000 	C:\WINDOWS\System32\CoreMessaging.dll
0x00007ffcbadc0000 - 0x00007ffcbadf1000 	C:\WINDOWS\SYSTEM32\ntmarta.dll
0x00007ffcb7540000 - 0x00007ffcb768d000 	C:\WINDOWS\SYSTEM32\wintypes.dll
0x0000000074640000 - 0x0000000074651000 	C:\Program Files\Java\jdk1.8.0_102\jre\bin\prism_common.dll
0x00007ffcb8520000 - 0x00007ffcb8ae7000 	C:\WINDOWS\SYSTEM32\d2d1.dll
0x00007ffc6b190000 - 0x00007ffc6b90e000 	C:\WINDOWS\SYSTEM32\D3D10Warp.dll
0x00007ffcbaa00000 - 0x00007ffcbabc9000 	C:\WINDOWS\SYSTEM32\dbghelp.dll

VM Arguments:
jvm_args: -javaagent:C:\Program Files\JetBrains\IntelliJ IDEA Community Edition 2018.3.4\lib\idea_rt.jar=58629:C:\Program Files\JetBrains\IntelliJ IDEA Community Edition 2018.3.4\bin -Dfile.encoding=UTF-8 
java_command: ClientFX
java_class_path (initial): C:\Program Files\Java\jdk1.8.0_102\jre\lib\charsets.jar;C:\Program Files\Java\jdk1.8.0_102\jre\lib\deploy.jar;C:\Program Files\Java\jdk1.8.0_102\jre\lib\ext\access-bridge-64.jar;C:\Program Files\Java\jdk1.8.0_102\jre\lib\ext\cldrdata.jar;C:\Program Files\Java\jdk1.8.0_102\jre\lib\ext\dnsns.jar;C:\Program Files\Java\jdk1.8.0_102\jre\lib\ext\jaccess.jar;C:\Program Files\Java\jdk1.8.0_102\jre\lib\ext\jfxrt.jar;C:\Program Files\Java\jdk1.8.0_102\jre\lib\ext\localedata.jar;C:\Program Files\Java\jdk1.8.0_102\jre\lib\ext\nashorn.jar;C:\Program Files\Java\jdk1.8.0_102\jre\lib\ext\sunec.jar;C:\Program Files\Java\jdk1.8.0_102\jre\lib\ext\sunjce_provider.jar;C:\Program Files\Java\jdk1.8.0_102\jre\lib\ext\sunmscapi.jar;C:\Program Files\Java\jdk1.8.0_102\jre\lib\ext\sunpkcs11.jar;C:\Program Files\Java\jdk1.8.0_102\jre\lib\ext\zipfs.jar;C:\Program Files\Java\jdk1.8.0_102\jre\lib\javaws.jar;C:\Program Files\Java\jdk1.8.0_102\jre\lib\jce.jar;C:\Program Files\Java\jdk1.8.0_102\jre\lib\jfr.jar;C:\Program Files\Java\jdk1.8.0_102\jre\lib\jfxswt.jar;C:\Program Files\Java\jdk1.8.0_102\jre\lib\jsse.jar;C:\Program Files\Java\jdk1.8.0_102\jre\lib\management-agent.jar;C:\Program Files\Java\jdk1.8.0_102\jre\lib\plugin.jar;C:\Program Files\Java\jdk1.8.0_102\jre\lib\resources.jar;C:\Program Files\Java\jdk1.8.0_102\jre\lib\rt.jar;C:\Users\Don\Documents\GitHub\Project5\Client\out\production\Client;C:\Program Files\JetBrains\IntelliJ IDEA Community Edition 2018.3.4\lib\idea_rt.jar
Launcher Type: SUN_STANDARD

Environment Variables:
JAVA_HOME=C:\Program Files\Java\jdk1.8.0_172
CLASSPATH=.;
PATH=C:\Python27\;C:\Python27\Scripts;C:\Program Files (x86)\Common Files\Oracle\Java\javapath;C:\ProgramData\Oracle\Java\javapath;C:\Program Files (x86)\Intel\iCLS Client\;C:\Program Files\Intel\iCLS Client\;C:\WINDOWS\system32;C:\WINDOWS;C:\WINDOWS\System32\Wbem;C:\WINDOWS\System32\WindowsPowerShell\v1.0\;C:\Program Files\Hewlett-Packard\SimplePass\;C:\Program Files (x86)\Windows Live\Shared;C:\Program Files\Novell\iPrint;C:\WINDOWS\System32\OpenSSH\;C:\ProgramData\chocolatey\bin;C:\Program Files\Java\jdk1.8.0_172\bin;C:\TDM-GCC-64\bin;C:\Program Files\PuTTY\;C:\Program Files\Intel\Intel(R) Management Engine Components\DAL;C:\Program Files\Intel\Intel(R) Management Engine Components\IPT;C:\Program Files\dotnet\;C:\Program Files\Git\cmd;C:\Program Files\nodejs\;C:\Users\Don\AppData\Local\Microsoft\WindowsApps;C:\Users\Don\AndroidAppData\platform-tools;C:\Users\Don\AppData\Local\Programs\Microsoft VS Code\bin;C:\Users\Don\.dotnet\tools;C:\Program Files (x86)\Java\jdk1.8.0_102\bin;;C:\Users\Don\AppData\Local\Programs\Azure Data Studio\bin;C:\Users\Don\AppData\Roaming\npm
USERNAME=Don
OS=Windows_NT
PROCESSOR_IDENTIFIER=Intel64 Family 6 Model 61 Stepping 4, GenuineIntel



---------------  S Y S T E M  ---------------

OS: Windows 10.0 , 64 bit Build 17134 (10.0.17134.706)

CPU:total 4 (2 cores per cpu, 2 threads per core) family 6 model 61 stepping 4, cmov, cx8, fxsr, mmx, sse, sse2, sse3, ssse3, sse4.1, sse4.2, popcnt, avx, avx2, aes, clmul, erms, 3dnowpref, lzcnt, ht, tsc, tscinvbit, bmi1, bmi2, adx

Memory: 4k page, physical 6211852k(394124k free), swap 12951904k(1325608k free)

vm_info: Java HotSpot(TM) 64-Bit Server VM (25.102-b14) for windows-amd64 JRE (1.8.0_102-b14), built on Jun 22 2016 13:15:21 by "java_re" with MS VC++ 10.0 (VS2010)

time: Sat May 04 22:13:18 2019
elapsed time: 25 seconds (0d 0h 0m 25s)

