#
# A fatal error has been detected by the Java Runtime Environment:
#
#  EXCEPTION_ACCESS_VIOLATION (0xc0000005) at pc=0x00000000746c584a, pid=82884, tid=0x00000000000156b0
#
# JRE version: Java(TM) SE Runtime Environment (8.0_102-b14) (build 1.8.0_102-b14)
# Java VM: Java HotSpot(TM) 64-Bit Server VM (25.102-b14 mixed mode windows-amd64 compressed oops)
# Problematic frame:
# C  [glass.dll+0x2584a]
#
# Failed to write core dump. Minidumps are not enabled by default on client versions of Windows
#
# If you would like to submit a bug report, please visit:
#   http://bugreport.java.com/bugreport/crash.jsp
#

---------------  T H R E A D  ---------------

Current thread (0x0000000016987800):  VMThread [stack: 0x0000000017a30000,0x0000000017b30000] [id=87728]

siginfo: ExceptionCode=0xc0000005, reading address 0x0000000000000000

Registers:
RAX=0x0000000000000000, RBX=0x0000000018ab1a10, RCX=0x0000000016987800, RDX=0x0000000018ab1a10
RSP=0x0000000017b2f5a0, RBP=0x00000000010843b0, RSI=0x0000000000000001, RDI=0x0000000000000000
R8 =0x0000000000010002, R9 =0x00000000010843b0, R10=0x0000000000000000, R11=0x0000000000000246
R12=0x00000000010843e0, R13=0x00000000010843b0, R14=0x00000000010843c0, R15=0x0000000000000000
RIP=0x00000000746c584a, EFLAGS=0x0000000000010202

Top of Stack: (sp=0x0000000017b2f5a0)
0x0000000017b2f5a0:   0000000000000000 00000000746c5900
0x0000000017b2f5b0:   0000000000000000 00000000746d91b0
0x0000000017b2f5c0:   00000000746c5830 00000000746c3224
0x0000000017b2f5d0:   00000000746c5a60 00007ffcfd126538
0x0000000017b2f5e0:   0000000000000000 00007ffcbadc71a4
0x0000000017b2f5f0:   0000000000000001 00000000746a0000
0x0000000017b2f600:   0000000002fe1638 00000000746c34a6
0x0000000017b2f610:   0000000000000001 0000000016895400
0x0000000017b2f620:   0000000000000000 00000000746c3384
0x0000000017b2f630:   c000000500000001 0000000017b2e710
0x0000000017b2f640:   00000000746a0000 00007ffcbf9fb583
0x0000000017b2f650:   000000007ffe0385 0000000000000000
0x0000000017b2f660:   000000007ffe0384 000000007ffe0385
0x0000000017b2f670:   000000000000000f 00007ffcbfa0813a
0x0000000017b2f680:   0000856e6e5af000 0000000001047990
0x0000000017b2f690:   0000000000000000 0000000000000000 

Instructions: (pc=0x00000000746c584a)
0x00000000746c582a:   83 c4 20 5d c3 cc 40 53 48 83 ec 20 48 8b 1d cb
0x00000000746c583a:   5b 01 00 48 85 db 74 1a e8 19 93 ff ff 48 8b d3
0x00000000746c584a:   4c 8b 00 48 8b c8 48 83 c4 20 5b 49 ff a0 b0 00
0x00000000746c585a:   00 00 48 83 c4 20 5b c3 cc cc cc cc cc cc cc cc 


Register to memory mapping:

RAX=0x0000000000000000 is an unknown value
RBX=0x0000000018ab1a10 is a global jni handle
RCX=0x0000000016987800 is an unknown value
RDX=0x0000000018ab1a10 is a global jni handle
RSP=0x0000000017b2f5a0 is an unknown value
RBP=0x00000000010843b0 is an unknown value
RSI=0x0000000000000001 is an unknown value
RDI=0x0000000000000000 is an unknown value
R8 =0x0000000000010002 is an unknown value
R9 =0x00000000010843b0 is an unknown value
R10=0x0000000000000000 is an unknown value
R11=0x0000000000000246 is an unknown value
R12=0x00000000010843e0 is an unknown value
R13=0x00000000010843b0 is an unknown value
R14=0x00000000010843c0 is an unknown value
R15=0x0000000000000000 is an unknown value


Stack: [0x0000000017a30000,0x0000000017b30000],  sp=0x0000000017b2f5a0,  free space=1021k
Native frames: (J=compiled Java code, j=interpreted, Vv=VM code, C=native code)
C  [glass.dll+0x2584a]
C  [glass.dll+0x23224]
C  [glass.dll+0x234a6]
C  [ntdll.dll+0x3b583]
C  [ntdll.dll+0x47f85]
C  [ntdll.dll+0x47e48]
C  [KERNEL32.DLL+0x1ca7a]
C  [msvcr100.dll+0x20cb9]
V  [jvm.dll+0x212a05]
V  [jvm.dll+0x24b647]
V  [jvm.dll+0x24a8e6]
V  [jvm.dll+0x24ad81]
V  [jvm.dll+0x24af9e]
V  [jvm.dll+0x29c03a]
C  [msvcr100.dll+0x21d7b]
C  [msvcr100.dll+0x21e17]
C  [KERNEL32.DLL+0x14034]
C  [ntdll.dll+0x73691]

VM_Operation (0x000000001968a850): Exit, mode: safepoint, requested by thread 0x0000000018aa9800


---------------  P R O C E S S  ---------------

Java Threads: ( => current thread )
  0x00000000214b1800 JavaThread "Glass/Prism Shutdown Hook" [_thread_blocked, id=20016, stack(0x00000000233e0000,0x00000000234e0000)]
  0x00000000214b2800 JavaThread "Thread-6" [_thread_blocked, id=11916, stack(0x0000000022ce0000,0x0000000022de0000)]
  0x00000000214b0000 JavaThread "Thread-4" daemon [_thread_in_native, id=81368, stack(0x0000000022be0000,0x0000000022ce0000)]
  0x0000000018ce3800 JavaThread "Media Resource Disposer" daemon [_thread_blocked, id=73580, stack(0x000000001f920000,0x000000001fa20000)]
  0x0000000018b2e000 JavaThread "Prism Font Disposer" daemon [_thread_blocked, id=56088, stack(0x000000001f260000,0x000000001f360000)]
  0x0000000018ae5800 JavaThread "JavaFX-Launcher" [_thread_blocked, id=27948, stack(0x000000001e060000,0x000000001e160000)]
  0x0000000018ae7000 JavaThread "Thread-2" daemon [_thread_in_native, id=32188, stack(0x000000001df60000,0x000000001e060000)]
  0x0000000018aa9800 JavaThread "JavaFX Application Thread" [_thread_blocked, id=31748, stack(0x0000000019590000,0x0000000019690000)]
  0x0000000018a47000 JavaThread "Thread-1" daemon [_thread_blocked, id=90652, stack(0x0000000019490000,0x0000000019590000)]
  0x0000000018a33000 JavaThread "QuantumRenderer-0" daemon [_thread_blocked, id=28192, stack(0x0000000019220000,0x0000000019320000)]
  0x00000000180c5000 JavaThread "Service Thread" daemon [_thread_blocked, id=17024, stack(0x0000000018820000,0x0000000018920000)]
  0x00000000180ad000 JavaThread "C1 CompilerThread2" daemon [_thread_blocked, id=79444, stack(0x0000000018720000,0x0000000018820000)]
  0x0000000016a0a800 JavaThread "C2 CompilerThread1" daemon [_thread_blocked, id=46768, stack(0x0000000018620000,0x0000000018720000)]
  0x0000000016a04800 JavaThread "C2 CompilerThread0" daemon [_thread_blocked, id=14760, stack(0x0000000018520000,0x0000000018620000)]
  0x0000000016a11800 JavaThread "Monitor Ctrl-Break" daemon [_thread_in_native, id=70128, stack(0x0000000018420000,0x0000000018520000)]
  0x00000000169bc800 JavaThread "Attach Listener" daemon [_thread_blocked, id=73764, stack(0x0000000017f20000,0x0000000018020000)]
  0x00000000169bb000 JavaThread "Signal Dispatcher" daemon [_thread_blocked, id=2820, stack(0x0000000017e20000,0x0000000017f20000)]
  0x00000000030ed800 JavaThread "Finalizer" daemon [_thread_blocked, id=59040, stack(0x0000000017c30000,0x0000000017d30000)]
  0x00000000030e2000 JavaThread "Reference Handler" daemon [_thread_blocked, id=62336, stack(0x0000000017b30000,0x0000000017c30000)]
  0x0000000002ff2800 JavaThread "main" [_thread_blocked, id=9412, stack(0x0000000002c60000,0x0000000002d60000)]

Other Threads:
=>0x0000000016987800 VMThread [stack: 0x0000000017a30000,0x0000000017b30000] [id=87728]

VM state:at safepoint (shutting down)

VM Mutex/Monitor currently owned by a thread:  ([mutex/lock_event])
[0x0000000002fed9f0] Threads_lock - owner thread: 0x0000000016987800

Heap:
 PSYoungGen      total 107520K, used 49783K [0x00000000e0600000, 0x00000000eed00000, 0x0000000100000000)
  eden space 67072K, 74% used [0x00000000e0600000,0x00000000e369df38,0x00000000e4780000)
  from space 40448K, 0% used [0x00000000e4780000,0x00000000e4780000,0x00000000e6f00000)
  to   space 71168K, 0% used [0x00000000ea780000,0x00000000ea780000,0x00000000eed00000)
 ParOldGen       total 313344K, used 179769K [0x00000000a1200000, 0x00000000b4400000, 0x00000000e0600000)
  object space 313344K, 57% used [0x00000000a1200000,0x00000000ac18e568,0x00000000b4400000)
 Metaspace       used 17908K, capacity 19070K, committed 19328K, reserved 1064960K
  class space    used 2575K, capacity 2847K, committed 2944K, reserved 1048576K

Card table byte_map: [0x00000000124b0000,0x00000000127b0000] byte_map_base: 0x0000000011fa7000

Marking Bits: (ParMarkBitMap*) 0x00000000737da6c0
 Begin Bits: [0x0000000012db0000, 0x0000000014568000)
 End Bits:   [0x0000000014568000, 0x0000000015d20000)

Polling page: 0x0000000002d60000

CodeCache: size=245760Kb used=7989Kb max_used=7989Kb free=237770Kb
 bounds [0x00000000030f0000, 0x00000000038d0000, 0x00000000120f0000]
 total_blobs=3329 nmethods=2648 adapters=592
 compilation: enabled

Compilation events (10 events):
Event: 257.568 Thread 0x0000000016a0a800 nmethod 2670 0x00000000038ba690 code [0x00000000038ba880, 0x00000000038bb4d0]
Event: 257.600 Thread 0x00000000180ad000 2675       3       java.lang.invoke.DirectMethodHandle::shouldBeInitialized (123 bytes)
Event: 257.601 Thread 0x00000000180ad000 nmethod 2675 0x00000000038bcc50 code [0x00000000038bce20, 0x00000000038bd568]
Event: 257.601 Thread 0x00000000180ad000 2676       3       jdk.internal.org.objectweb.asm.MethodVisitor::visitFieldInsn (20 bytes)
Event: 257.601 Thread 0x00000000180ad000 nmethod 2676 0x00000000038ba110 code [0x00000000038ba280, 0x00000000038ba4e8]
Event: 257.614 Thread 0x00000000180ad000 2677       3       java.lang.invoke.MethodHandles$Lookup::resolveOrFail (39 bytes)
Event: 257.615 Thread 0x00000000180ad000 nmethod 2677 0x00000000038bfa10 code [0x00000000038bfc20, 0x00000000038c0a48]
Event: 257.615 Thread 0x00000000180ad000 2678       3       java.lang.invoke.MethodHandles$Lookup::getDirectMethodForConstant (70 bytes)
Event: 257.617 Thread 0x00000000180ad000 nmethod 2678 0x00000000038c0e50 code [0x00000000038c10c0, 0x00000000038c1fc8]
Event: 257.617 Thread 0x00000000180ad000 2679   !   3       java.lang.invoke.MethodHandles$Lookup::canBeCached (146 bytes)

GC Heap History (10 events):
Event: 2.370 GC heap before
{Heap before GC invocations=6 (full 1):
 PSYoungGen      total 53248K, used 47095K [0x00000000e0600000, 0x00000000e3e00000, 0x0000000100000000)
  eden space 49152K, 95% used [0x00000000e0600000,0x00000000e33fdef8,0x00000000e3600000)
  from space 4096K, 0% used [0x00000000e3a00000,0x00000000e3a00000,0x00000000e3e00000)
  to   space 4096K, 0% used [0x00000000e3600000,0x00000000e3600000,0x00000000e3a00000)
 ParOldGen       total 119808K, used 55402K [0x00000000a1200000, 0x00000000a8700000, 0x00000000e0600000)
  object space 119808K, 46% used [0x00000000a1200000,0x00000000a481ab78,0x00000000a8700000)
 Metaspace       used 12716K, capacity 13344K, committed 13568K, reserved 1060864K
  class space    used 1781K, capacity 1928K, committed 2048K, reserved 1048576K
Event: 2.385 GC heap after
Heap after GC invocations=6 (full 1):
 PSYoungGen      total 53248K, used 4017K [0x00000000e0600000, 0x00000000e9000000, 0x0000000100000000)
  eden space 49152K, 0% used [0x00000000e0600000,0x00000000e0600000,0x00000000e3600000)
  from space 4096K, 98% used [0x00000000e3600000,0x00000000e39ec5d0,0x00000000e3a00000)
  to   space 32768K, 0% used [0x00000000e7000000,0x00000000e7000000,0x00000000e9000000)
 ParOldGen       total 119808K, used 90708K [0x00000000a1200000, 0x00000000a8700000, 0x00000000e0600000)
  object space 119808K, 75% used [0x00000000a1200000,0x00000000a6a951e8,0x00000000a8700000)
 Metaspace       used 12716K, capacity 13344K, committed 13568K, reserved 1060864K
  class space    used 1781K, capacity 1928K, committed 2048K, reserved 1048576K
}
Event: 2.385 GC heap before
{Heap before GC invocations=7 (full 2):
 PSYoungGen      total 53248K, used 4017K [0x00000000e0600000, 0x00000000e9000000, 0x0000000100000000)
  eden space 49152K, 0% used [0x00000000e0600000,0x00000000e0600000,0x00000000e3600000)
  from space 4096K, 98% used [0x00000000e3600000,0x00000000e39ec5d0,0x00000000e3a00000)
  to   space 32768K, 0% used [0x00000000e7000000,0x00000000e7000000,0x00000000e9000000)
 ParOldGen       total 119808K, used 90708K [0x00000000a1200000, 0x00000000a8700000, 0x00000000e0600000)
  object space 119808K, 75% used [0x00000000a1200000,0x00000000a6a951e8,0x00000000a8700000)
 Metaspace       used 12716K, capacity 13344K, committed 13568K, reserved 1060864K
  class space    used 1781K, capacity 1928K, committed 2048K, reserved 1048576K
Event: 2.422 GC heap after
Heap after GC invocations=7 (full 2):
 PSYoungGen      total 53248K, used 0K [0x00000000e0600000, 0x00000000e9000000, 0x0000000100000000)
  eden space 49152K, 0% used [0x00000000e0600000,0x00000000e0600000,0x00000000e3600000)
  from space 4096K, 0% used [0x00000000e3600000,0x00000000e3600000,0x00000000e3a00000)
  to   space 32768K, 0% used [0x00000000e7000000,0x00000000e7000000,0x00000000e9000000)
 ParOldGen       total 192512K, used 92124K [0x00000000a1200000, 0x00000000ace00000, 0x00000000e0600000)
  object space 192512K, 47% used [0x00000000a1200000,0x00000000a6bf7060,0x00000000ace00000)
 Metaspace       used 12716K, capacity 13344K, committed 13568K, reserved 1060864K
  class space    used 1781K, capacity 1928K, committed 2048K, reserved 1048576K
}
Event: 2.632 GC heap before
{Heap before GC invocations=8 (full 2):
 PSYoungGen      total 53248K, used 49152K [0x00000000e0600000, 0x00000000e9000000, 0x0000000100000000)
  eden space 49152K, 100% used [0x00000000e0600000,0x00000000e3600000,0x00000000e3600000)
  from space 4096K, 0% used [0x00000000e3600000,0x00000000e3600000,0x00000000e3a00000)
  to   space 32768K, 0% used [0x00000000e7000000,0x00000000e7000000,0x00000000e9000000)
 ParOldGen       total 192512K, used 92124K [0x00000000a1200000, 0x00000000ace00000, 0x00000000e0600000)
  object space 192512K, 47% used [0x00000000a1200000,0x00000000a6bf7060,0x00000000ace00000)
 Metaspace       used 12736K, capacity 13348K, committed 13568K, reserved 1060864K
  class space    used 1781K, capacity 1928K, committed 2048K, reserved 1048576K
Event: 2.643 GC heap after
Heap after GC invocations=8 (full 2):
 PSYoungGen      total 99840K, used 32720K [0x00000000e0600000, 0x00000000e9680000, 0x0000000100000000)
  eden space 67072K, 0% used [0x00000000e0600000,0x00000000e0600000,0x00000000e4780000)
  from space 32768K, 99% used [0x00000000e7000000,0x00000000e8ff4108,0x00000000e9000000)
  to   space 40448K, 0% used [0x00000000e4780000,0x00000000e4780000,0x00000000e6f00000)
 ParOldGen       total 192512K, used 98770K [0x00000000a1200000, 0x00000000ace00000, 0x00000000e0600000)
  object space 192512K, 51% used [0x00000000a1200000,0x00000000a7274a60,0x00000000ace00000)
 Metaspace       used 12736K, capacity 13348K, committed 13568K, reserved 1060864K
  class space    used 1781K, capacity 1928K, committed 2048K, reserved 1048576K
}
Event: 2.981 GC heap before
{Heap before GC invocations=9 (full 2):
 PSYoungGen      total 99840K, used 99769K [0x00000000e0600000, 0x00000000e9680000, 0x0000000100000000)
  eden space 67072K, 99% used [0x00000000e0600000,0x00000000e477a6e8,0x00000000e4780000)
  from space 32768K, 99% used [0x00000000e7000000,0x00000000e8ff4108,0x00000000e9000000)
  to   space 40448K, 0% used [0x00000000e4780000,0x00000000e4780000,0x00000000e6f00000)
 ParOldGen       total 192512K, used 98770K [0x00000000a1200000, 0x00000000ace00000, 0x00000000e0600000)
  object space 192512K, 51% used [0x00000000a1200000,0x00000000a7274a60,0x00000000ace00000)
 Metaspace       used 12772K, capacity 13360K, committed 13568K, reserved 1060864K
  class space    used 1783K, capacity 1930K, committed 2048K, reserved 1048576K
Event: 3.005 GC heap after
Heap after GC invocations=9 (full 2):
 PSYoungGen      total 107520K, used 40441K [0x00000000e0600000, 0x00000000eed00000, 0x0000000100000000)
  eden space 67072K, 0% used [0x00000000e0600000,0x00000000e0600000,0x00000000e4780000)
  from space 40448K, 99% used [0x00000000e4780000,0x00000000e6efe7d0,0x00000000e6f00000)
  to   space 71168K, 0% used [0x00000000ea780000,0x00000000ea780000,0x00000000eed00000)
 ParOldGen       total 192512K, used 142881K [0x00000000a1200000, 0x00000000ace00000, 0x00000000e0600000)
  object space 192512K, 74% used [0x00000000a1200000,0x00000000a9d88480,0x00000000ace00000)
 Metaspace       used 12772K, capacity 13360K, committed 13568K, reserved 1060864K
  class space    used 1783K, capacity 1930K, committed 2048K, reserved 1048576K
}
Event: 3.006 GC heap before
{Heap before GC invocations=10 (full 3):
 PSYoungGen      total 107520K, used 40441K [0x00000000e0600000, 0x00000000eed00000, 0x0000000100000000)
  eden space 67072K, 0% used [0x00000000e0600000,0x00000000e0600000,0x00000000e4780000)
  from space 40448K, 99% used [0x00000000e4780000,0x00000000e6efe7d0,0x00000000e6f00000)
  to   space 71168K, 0% used [0x00000000ea780000,0x00000000ea780000,0x00000000eed00000)
 ParOldGen       total 192512K, used 142881K [0x00000000a1200000, 0x00000000ace00000, 0x00000000e0600000)
  object space 192512K, 74% used [0x00000000a1200000,0x00000000a9d88480,0x00000000ace00000)
 Metaspace       used 12772K, capacity 13360K, committed 13568K, reserved 1060864K
  class space    used 1783K, capacity 1930K, committed 2048K, reserved 1048576K
Event: 3.060 GC heap after
Heap after GC invocations=10 (full 3):
 PSYoungGen      total 107520K, used 0K [0x00000000e0600000, 0x00000000eed00000, 0x0000000100000000)
  eden space 67072K, 0% used [0x00000000e0600000,0x00000000e0600000,0x00000000e4780000)
  from space 40448K, 0% used [0x00000000e4780000,0x00000000e4780000,0x00000000e6f00000)
  to   space 71168K, 0% used [0x00000000ea780000,0x00000000ea780000,0x00000000eed00000)
 ParOldGen       total 313344K, used 179769K [0x00000000a1200000, 0x00000000b4400000, 0x00000000e0600000)
  object space 313344K, 57% used [0x00000000a1200000,0x00000000ac18e568,0x00000000b4400000)
 Metaspace       used 12772K, capacity 13360K, committed 13568K, reserved 1060864K
  class space    used 1783K, capacity 1930K, committed 2048K, reserved 1048576K
}

Deoptimization events (10 events):
Event: 78.397 Thread 0x0000000018a33000 Uncommon trap: reason=unstable_if action=reinterpret pc=0x0000000003831a10 method=java.lang.Math.round(F)I @ 36
Event: 78.437 Thread 0x0000000018a33000 Uncommon trap: reason=class_check action=maybe_recompile pc=0x000000000380b49c method=sun.reflect.DelegatingMethodAccessorImpl.invoke(Ljava/lang/Object;[Ljava/lang/Object;)Ljava/lang/Object; @ 6
Event: 78.437 Thread 0x0000000018a33000 Uncommon trap: reason=class_check action=maybe_recompile pc=0x000000000380b49c method=sun.reflect.DelegatingMethodAccessorImpl.invoke(Ljava/lang/Object;[Ljava/lang/Object;)Ljava/lang/Object; @ 6
Event: 78.445 Thread 0x0000000018a33000 Uncommon trap: reason=class_check action=maybe_recompile pc=0x000000000380b49c method=sun.reflect.DelegatingMethodAccessorImpl.invoke(Ljava/lang/Object;[Ljava/lang/Object;)Ljava/lang/Object; @ 6
Event: 78.455 Thread 0x0000000018a33000 Uncommon trap: reason=class_check action=maybe_recompile pc=0x000000000380b49c method=sun.reflect.DelegatingMethodAccessorImpl.invoke(Ljava/lang/Object;[Ljava/lang/Object;)Ljava/lang/Object; @ 6
Event: 79.537 Thread 0x0000000018aa9800 Uncommon trap: reason=array_check action=maybe_recompile pc=0x00000000036531a4 method=com.sun.javafx.css.SimpleSelector.applies(Ljavafx/css/Styleable;[Ljava/util/Set;I)Z @ 37
Event: 257.616 Thread 0x00000000214b1800 Uncommon trap: reason=unstable_if action=reinterpret pc=0x00000000037cb208 method=java.util.concurrent.locks.ReentrantLock$NonfairSync.lock()V @ 6
Event: 257.616 Thread 0x00000000214b1800 Uncommon trap: reason=unstable_if action=reinterpret pc=0x00000000032217d4 method=java.util.concurrent.locks.ReentrantLock$Sync.nonfairTryAcquire(I)Z @ 10
Event: 257.616 Thread 0x00000000214b1800 Uncommon trap: reason=unstable_if action=reinterpret pc=0x0000000003848634 method=java.util.concurrent.locks.ReentrantLock$Sync.tryRelease(I)Z @ 28
Event: 257.616 Thread 0x0000000018a33000 Uncommon trap: reason=unstable_if action=reinterpret pc=0x000000000389e228 method=java.util.concurrent.locks.AbstractQueuedSynchronizer$ConditionObject.checkInterruptWhileWaiting(Ljava/util/concurrent/locks/AbstractQueuedSynchronizer$Node;)I @ 3

Internal exceptions (10 events):
Event: 0.305 Thread 0x0000000002ff2800 Exception <a 'java/lang/NullPointerException'> (0x00000000e0a6c848) thrown at [C:\re\workspace\8-2-build-windows-amd64-cygwin\jdk8u102\7268\hotspot\src\share\vm\interpreter\linkResolver.cpp, line 1178]
Event: 0.337 Thread 0x0000000002ff2800 Implicit null exception at 0x000000000320b295 to 0x000000000320b461
Event: 0.790 Thread 0x0000000018aa9800 Exception <a 'java/lang/NullPointerException'> (0x00000000e1641e28) thrown at [C:\re\workspace\8-2-build-windows-amd64-cygwin\jdk8u102\7268\hotspot\src\share\vm\interpreter\linkResolver.cpp, line 1178]
Event: 0.790 Thread 0x0000000018aa9800 Exception <a 'java/lang/NullPointerException'> (0x00000000e1641e28) thrown at [C:\re\workspace\8-2-build-windows-amd64-cygwin\jdk8u102\7268\hotspot\src\share\vm\prims\jvm.cpp, line 1390]
Event: 0.990 Thread 0x0000000018aa9800 Implicit null exception at 0x0000000003367c75 to 0x0000000003367f89
Event: 1.853 Thread 0x0000000018aa9800 Exception <a 'java/lang/UnsatisfiedLinkError': com.sun.media.jfxmediaimpl.NativeAudioClip.nacInit()Z> (0x00000000e178c9c0) thrown at [C:\re\workspace\8-2-build-windows-amd64-cygwin\jdk8u102\7268\hotspot\src\share\vm\prims\nativeLookup.cpp, line 378]
Event: 1.854 Thread 0x0000000018aa9800 Exception <a 'java/lang/UnsatisfiedLinkError': com.sun.media.jfxmedia.logging.Logger.nativeSetNativeLevel(I)V> (0x00000000e17910c0) thrown at [C:\re\workspace\8-2-build-windows-amd64-cygwin\jdk8u102\7268\hotspot\src\share\vm\prims\nativeLookup.cpp, line 37BÕjóþ?
Event: 1.880 Thread 0x0000000018aa9800 Implicit null exception at 0x0000000003320659 to 0x0000000003320a15
Event: 3.580 Thread 0x0000000018aa9800 Implicit null exception at 0x000000000341500e to 0x000000000341616d
Event: 257.617 Thread 0x00000000214b1800 Exception <a 'java/lang/IllegalStateException'> (0x00000000e35fcde8) thrown at [C:\re\workspace\8-2-build-windows-amd64-cygwin\jdk8u102\7268\hotspot\src\share\vm\prims\jvm.cpp, line 1390]

Events (10 events):
Event: 257.616 Thread 0x0000000018a33000 Uncommon trap: trap_request=0xffffff65 fr.pc=0x000000000389e228
Event: 257.616 Thread 0x00000000214b1800 DEOPT PACKING pc=0x0000000003848634 sp=0x00000000234de440
Event: 257.616 Thread 0x0000000018a33000 DEOPT PACKING pc=0x000000000389e228 sp=0x000000001931ed30
Event: 257.616 Thread 0x0000000018a33000 DEOPT UNPACKING pc=0x000000000313582a sp=0x000000001931ec90 mode 2
Event: 257.616 Thread 0x00000000214b1800 DEOPT UNPACKING pc=0x000000000313582a sp=0x00000000234de310 mode 2
Event: 257.616 loading class com/sun/javafx/tk/quantum/QuantumToolkit
Event: 257.616 loading class com/sun/javafx/tk/quantum/QuantumToolkit done
Event: 257.616 loading class java/util/LinkedList$ListItr
Event: 257.616 loading class java/util/LinkedList$ListItr done
Event: 257.617 Executing VM operation: Exit


Dynamic libraries:
0x00007ff6c6490000 - 0x00007ff6c64c7000 	C:\Program Files\Java\jdk1.8.0_102\bin\java.exe
0x00007ffcbf9c0000 - 0x00007ffcbfba1000 	C:\WINDOWS\SYSTEM32\ntdll.dll
0x00007ffcbd4e0000 - 0x00007ffcbd591000 	C:\WINDOWS\System32\KERNEL32.DLL
0x00007ffcbc610000 - 0x00007ffcbc883000 	C:\WINDOWS\System32\KERNELBASE.dll
0x0000000076350000 - 0x00000000763e5000 	C:\WINDOWS\System32\SYSFER.DLL
0x00007ffcbd740000 - 0x00007ffcbd7e1000 	C:\WINDOWS\System32\ADVAPI32.dll
0x00007ffcbd660000 - 0x00007ffcbd6fe000 	C:\WINDOWS\System32\msvcrt.dll
0x00007ffcbd600000 - 0x00007ffcbd65b000 	C:\WINDOWS\System32\sechost.dll
0x00007ffcbd250000 - 0x00007ffcbd374000 	C:\WINDOWS\System32\RPCRT4.dll
0x00007ffcbd7f0000 - 0x00007ffcbd980000 	C:\WINDOWS\System32\USER32.dll
0x00007ffcbbdf0000 - 0x00007ffcbbe10000 	C:\WINDOWS\System32\win32u.dll
0x00007ffcbd700000 - 0x00007ffcbd728000 	C:\WINDOWS\System32\GDI32.dll
0x00007ffcbccb0000 - 0x00007ffcbce42000 	C:\WINDOWS\System32\gdi32full.dll
0x00007ffcbc520000 - 0x00007ffcbc5bf000 	C:\WINDOWS\System32\msvcp_win.dll
0x00007ffcbc940000 - 0x00007ffcbca38000 	C:\WINDOWS\System32\ucrtbase.dll
0x00007ffcafdb0000 - 0x00007ffcb0019000 	C:\WINDOWS\WinSxS\amd64_microsoft.windows.common-controls_6595b64144ccf1df_6.0.17134.706_none_fb43a2cb30647007\COMCTL32.dll
0x00007ffcbf660000 - 0x00007ffcbf982000 	C:\WINDOWS\System32\combase.dll
0x00007ffcbcc30000 - 0x00007ffcbccaa000 	C:\WINDOWS\System32\bcryptPrimitives.dll
0x00007ffcbda00000 - 0x00007ffcbda2d000 	C:\WINDOWS\System32\IMM32.DLL
0x0000000074bf0000 - 0x0000000074cc1000 	C:\Program Files\Java\jdk1.8.0_102\jre\bin\msvcr100.dll
0x0000000072fc0000 - 0x000000007385a000 	C:\Program Files\Java\jdk1.8.0_102\jre\bin\server\jvm.dll
0x00007ffcbd730000 - 0x00007ffcbd738000 	C:\WINDOWS\System32\PSAPI.DLL
0x00007ffcbabf0000 - 0x00007ffcbabf9000 	C:\WINDOWS\SYSTEM32\WSOCK32.dll
0x00007ffcbf5d0000 - 0x00007ffcbf63c000 	C:\WINDOWS\System32\WS2_32.dll
0x00007ffcb9bd0000 - 0x00007ffcb9bf3000 	C:\WINDOWS\SYSTEM32\WINMM.dll
0x00007ffcad380000 - 0x00007ffcad38a000 	C:\WINDOWS\SYSTEM32\VERSION.dll
0x00007ffcb9ba0000 - 0x00007ffcb9bca000 	C:\WINDOWS\SYSTEM32\WINMMBASE.dll
0x00007ffcbc5c0000 - 0x00007ffcbc609000 	C:\WINDOWS\System32\cfgmgr32.dll
0x0000000074be0000 - 0x0000000074bef000 	C:\Program Files\Java\jdk1.8.0_102\jre\bin\verify.dll
0x0000000074bb0000 - 0x0000000074bd9000 	C:\Program Files\Java\jdk1.8.0_102\jre\bin\java.dll
0x0000000074760000 - 0x0000000074783000 	C:\Program Files\Java\jdk1.8.0_102\jre\bin\instrument.dll
0x0000000074740000 - 0x0000000074756000 	C:\Program Files\Java\jdk1.8.0_102\jre\bin\zip.dll
0x00007ffcbda30000 - 0x00007ffcbee70000 	C:\WINDOWS\System32\SHELL32.dll
0x00007ffcbd1a0000 - 0x00007ffcbd249000 	C:\WINDOWS\System32\shcore.dll
0x00007ffcbbe10000 - 0x00007ffcbc51d000 	C:\WINDOWS\System32\windows.storage.dll
0x00007ffcbce50000 - 0x00007ffcbcea1000 	C:\WINDOWS\System32\shlwapi.dll
0x00007ffcbbd70000 - 0x00007ffcbbd81000 	C:\WINDOWS\System32\kernel.appcore.dll
0x00007ffcbbd30000 - 0x00007ffcbbd4f000 	C:\WINDOWS\System32\profapi.dll
0x00007ffcbbcd0000 - 0x00007ffcbbd1c000 	C:\WINDOWS\System32\powrprof.dll
0x00007ffcbbd20000 - 0x00007ffcbbd2a000 	C:\WINDOWS\System32\FLTLIB.DLL
0x00007ffca5620000 - 0x00007ffca563a000 	C:\Program Files\JetBrains\IntelliJ IDEA Community Edition 2018.3.4\bin\breakgen64.dll
0x0000000074720000 - 0x000000007473a000 	C:\Program Files\Java\jdk1.8.0_102\jre\bin\net.dll
0x00007ffcbb550000 - 0x00007ffcbb5b6000 	C:\WINDOWS\system32\mswsock.dll
0x00007ffc81f50000 - 0x00007ffc8203f000 	C:\Program Files\Java\jdk1.8.0_102\jre\bin\msvcr120.dll
0x00007ffc830d0000 - 0x00007ffc83176000 	C:\Program Files\Java\jdk1.8.0_102\jre\bin\msvcp120.dll
0x00000000746f0000 - 0x0000000074712000 	C:\Program Files\Java\jdk1.8.0_102\jre\bin\prism_d3d.dll
0x00007ffc80050000 - 0x00007ffc801e7000 	C:\WINDOWS\system32\d3d9.dll
0x00007ffcba0c0000 - 0x00007ffcba0e9000 	C:\WINDOWS\SYSTEM32\dwmapi.dll
0x00007ffcb9f40000 - 0x00007ffcb9fd8000 	C:\WINDOWS\system32\uxtheme.dll
0x00007ffc4a5c0000 - 0x00007ffc4cafd000 	C:\WINDOWS\SYSTEM32\igdumdim64.dll
0x00007ffcbcf50000 - 0x00007ffcbd012000 	C:\WINDOWS\System32\OLEAUT32.dll
0x00007ffcbd380000 - 0x00007ffcbd4d1000 	C:\WINDOWS\System32\ole32.dll
0x00007ffcbefe0000 - 0x00007ffcbf42b000 	C:\WINDOWS\System32\SETUPAPI.dll
0x00000000746a0000 - 0x00000000746e3000 	C:\Program Files\Java\jdk1.8.0_102\jre\bin\glass.dll
0x00007ffcbee80000 - 0x00007ffcbef6d000 	C:\WINDOWS\System32\COMDLG32.dll
0x00007ffcbd020000 - 0x00007ffcbd193000 	C:\WINDOWS\System32\MSCTF.dll
0x00007ffcb3230000 - 0x00007ffcb3c6f000 	C:\WINDOWS\SYSTEM32\igdusc64.dll
0x0000000074660000 - 0x0000000074674000 	C:\Program Files\Java\jdk1.8.0_102\jre\bin\javafx_font.dll
0x00007ffcb0a00000 - 0x00007ffcb0d1c000 	C:\WINDOWS\SYSTEM32\dwrite.dll
0x0000000074600000 - 0x0000000074623000 	C:\Program Files\Java\jdk1.8.0_102\jre\bin\javafx_iio.dll
0x0000000074580000 - 0x00000000745f3000 	C:\Program Files\Java\jdk1.8.0_102\jre\bin\glib-lite.dll
0x00000000744e0000 - 0x000000007457c000 	C:\Program Files\Java\jdk1.8.0_102\jre\bin\gstreamer-lite.dll
0x00007ffc943e0000 - 0x00007ffc9446f000 	C:\WINDOWS\SYSTEM32\DSOUND.dll
0x00000000744b0000 - 0x00000000744d5000 	C:\Program Files\Java\jdk1.8.0_102\jre\bin\jfxmedia.dll
0x00007ffcbceb0000 - 0x00007ffcbcf50000 	C:\WINDOWS\System32\clbcatq.dll
0x00007ffcb61d0000 - 0x00007ffcb637e000 	C:\WINDOWS\SYSTEM32\WindowsCodecs.dll
0x00007ffc8c8f0000 - 0x00007ffc8c948000 	C:\WINDOWS\system32\dataexchange.dll
0x00007ffcb8bb0000 - 0x00007ffcb8ebb000 	C:\WINDOWS\system32\d3d11.dll
0x00007ffcb9630000 - 0x00007ffcb97cc000 	C:\WINDOWS\system32\dcomp.dll
0x00007ffcba6f0000 - 0x00007ffcba7ab000 	C:\WINDOWS\system32\dxgi.dll
0x00007ffcba250000 - 0x00007ffcba408000 	C:\WINDOWS\system32\twinapi.appcore.dll
0x00007ffcba1a0000 - 0x00007ffcba1c9000 	C:\WINDOWS\system32\RMCLIENT.dll
0x00007ffca26e0000 - 0x00007ffca2714000 	C:\Program Files\Common Files\Microsoft Shared\Ink\rtscom.dll
0x00007ffcb4da0000 - 0x00007ffcb4e36000 	C:\WINDOWS\System32\TextInputFramework.dll
0x00007ffcb5d40000 - 0x00007ffcb605e000 	C:\WINDOWS\System32\CoreUIComponents.dll
0x00007ffcb97d0000 - 0x00007ffcb98aa000 	C:\WINDOWS\System32\CoreMessaging.dll
0x00007ffcbadc0000 - 0x00007ffcbadf1000 	C:\WINDOWS\SYSTEM32\ntmarta.dll
0x00007ffcb7540000 - 0x00007ffcb768d000 	C:\WINDOWS\SYSTEM32\wintypes.dll
0x0000000074640000 - 0x0000000074651000 	C:\Program Files\Java\jdk1.8.0_102\jre\bin\prism_common.dll
0x00007ffcb8520000 - 0x00007ffcb8ae7000 	C:\WINDOWS\SYSTEM32\d2d1.dll
0x00007ffc6b190000 - 0x00007ffc6b90e000 	C:\WINDOWS\SYSTEM32\D3D10Warp.dll
0x00007ffcbaa00000 - 0x00007ffcbabc9000 	C:\WINDOWS\SYSTEM32\dbghelp.dll

VM Arguments:
jvm_args: -javaagent:C:\Program Files\JetBrains\IntelliJ IDEA Community Edition 2018.3.4\lib\idea_rt.jar=58694:C:\Program Files\JetBrains\IntelliJ IDEA Community Edition 2018.3.4\bin -Dfile.encoding=UTF-8 
java_command: ClientFX
java_class_path (initial): C:\Program Files\Java\jdk1.8.0_102\jre\lib\charsets.jar;C:\Program Files\Java\jdk1.8.0_102\jre\lib\deploy.jar;C:\Program Files\Java\jdk1.8.0_102\jre\lib\ext\access-bridge-64.jar;C:\Program Files\Java\jdk1.8.0_102\jre\lib\ext\cldrdata.jar;C:\Program Files\Java\jdk1.8.0_102\jre\lib\ext\dnsns.jar;C:\Program Files\Java\jdk1.8.0_102\jre\lib\ext\jaccess.jar;C:\Program Files\Java\jdk1.8.0_102\jre\lib\ext\jfxrt.jar;C:\Program Files\Java\jdk1.8.0_102\jre\lib\ext\localedata.jar;C:\Program Files\Java\jdk1.8.0_102\jre\lib\ext\nashorn.jar;C:\Program Files\Java\jdk1.8.0_102\jre\lib\ext\sunec.jar;C:\Program Files\Java\jdk1.8.0_102\jre\lib\ext\sunjce_provider.jar;C:\Program Files\Java\jdk1.8.0_102\jre\lib\ext\sunmscapi.jar;C:\Program Files\Java\jdk1.8.0_102\jre\lib\ext\sunpkcs11.jar;C:\Program Files\Java\jdk1.8.0_102\jre\lib\ext\zipfs.jar;C:\Program Files\Java\jdk1.8.0_102\jre\lib\javaws.jar;C:\Program Files\Java\jdk1.8.0_102\jre\lib\jce.jar;C:\Program Files\Java\jdk1.8.0_102\jre\lib\jfr.jar;C:\Program Files\Java\jdk1.8.0_102\jre\lib\jfxswt.jar;C:\Program Files\Java\jdk1.8.0_102\jre\lib\jsse.jar;C:\Program Files\Java\jdk1.8.0_102\jre\lib\management-agent.jar;C:\Program Files\Java\jdk1.8.0_102\jre\lib\plugin.jar;C:\Program Files\Java\jdk1.8.0_102\jre\lib\resources.jar;C:\Program Files\Java\jdk1.8.0_102\jre\lib\rt.jar;C:\Users\Don\Documents\GitHub\Project5\Client\out\production\Client;C:\Program Files\JetBrains\IntelliJ IDEA Community Edition 2018.3.4\lib\idea_rt.jar
Launcher Type: SUN_STANDARD

Environment Variables:
JAVA_HOME=C:\Program Files\Java\jdk1.8.0_172
CLASSPATH=.;
PATH=C:\Python27\;C:\Python27\Scripts;C:\Program Files (x86)\Common Files\Oracle\Java\javapath;C:\ProgramData\Oracle\Java\javapath;C:\Program Files (x86)\Intel\iCLS Client\;C:\Program Files\Intel\iCLS Client\;C:\WINDOWS\system32;C:\WINDOWS;C:\WINDOWS\System32\Wbem;C:\WINDOWS\System32\WindowsPowerShell\v1.0\;C:\Program Files\Hewlett-Packard\SimplePass\;C:\Program Files (x86)\Windows Live\Shared;C:\Program Files\Novell\iPrint;C:\WINDOWS\System32\OpenSSH\;C:\ProgramData\chocolatey\bin;C:\Program Files\Java\jdk1.8.0_172\bin;C:\TDM-GCC-64\bin;C:\Program Files\PuTTY\;C:\Program Files\Intel\Intel(R) Management Engine Components\DAL;C:\Program Files\Intel\Intel(R) Management Engine Components\IPT;C:\Program Files\dotnet\;C:\Program Files\Git\cmd;C:\Program Files\nodejs\;C:\Users\Don\AppData\Local\Microsoft\WindowsApps;C:\Users\Don\AndroidAppData\platform-tools;C:\Users\Don\AppData\Local\Programs\Microsoft VS Code\bin;C:\Users\Don\.dotnet\tools;C:\Program Files (x86)\Java\jdk1.8.0_102\bin;;C:\Users\Don\AppData\Local\Programs\Azure Data Studio\bin;C:\Users\Don\AppData\Roaming\npm
USERNAME=Don
OS=Windows_NT
PROCESSOR_IDENTIFIER=Intel64 Family 6 Model 61 Stepping 4, GenuineIntel



---------------  S Y S T E M  ---------------

OS: Windows 10.0 , 64 bit Build 17134 (10.0.17134.706)

CPU:total 4 (2 cores per cpu, 2 threads per core) family 6 model 61 stepping 4, cmov, cx8, fxsr, mmx, sse, sse2, sse3, ssse3, sse4.1, sse4.2, popcnt, avx, avx2, aes, clmul, erms, 3dnowpref, lzcnt, ht, tsc, tscinvbit, bmi1, bmi2, adx

Memory: 4k page, physical 6211852k(1946296k free), swap 13996536k(4258416k free)

vm_info: Java HotSpot(TM) 64-Bit Server VM (25.102-b14) for windows-amd64 JRE (1.8.0_102-b14), built on Jun 22 2016 13:15:21 by "java_re" with MS VC++ 10.0 (VS2010)

time: Sat May 04 22:23:01 2019
elapsed time: 258 seconds (0d 0h 4m 18s)

