#
# A fatal error has been detected by the Java Runtime Environment:
#
#  EXCEPTION_ACCESS_VIOLATION (0xc0000005) at pc=0x00007ffd69f778b0, pid=16264, tid=0x0000000000005520
#
# JRE version: Java(TM) SE Runtime Environment (8.0_201-b09) (build 1.8.0_201-b09)
# Java VM: Java HotSpot(TM) 64-Bit Server VM (25.201-b09 mixed mode windows-amd64 compressed oops)
# Problematic frame:
# C  [glass.dll+0x278b0]
#
# Failed to write core dump. Minidumps are not enabled by default on client versions of Windows
#
# If you would like to submit a bug report, please visit:
#   http://bugreport.java.com/bugreport/crash.jsp
#

---------------  T H R E A D  ---------------

Current thread (0x000000001cf09000):  VMThread [stack: 0x000000001ec20000,0x000000001ed20000] [id=21792]

siginfo: ExceptionCode=0xc0000005, reading address 0x0000000000000000

Registers:
RAX=0x0000000000000000, RBX=0x000000001fe26038, RCX=0x000000001cf09000, RDX=0x00000000725214d8
RSP=0x000000001ed1f4f0, RBP=0x00000000012ed038, RSI=0x00000000012ed010, RDI=0x0000b31f40e8ee10
R8 =0x0000000000010002, R9 =0x0000000000000010, R10=0x0000b31f40e8ee10, R11=0x000000001ed1f290
R12=0x0000000000000000, R13=0x0000000000000040, R14=0x000000001ed1f608, R15=0x00000000012ed010
RIP=0x00007ffd69f778b0, EFLAGS=0x0000000000010206

Top of Stack: (sp=0x000000001ed1f4f0)
0x000000001ed1f4f0:   0000000000000000 00007ffd89d788db
0x000000001ed1f500:   00000000012ed020 00000000012ed020
0x000000001ed1f510:   fffffffffffffffe 00007ffd69f8c1b0
0x000000001ed1f520:   00000000012ed018 00007ffd89d7fcb3
0x000000001ed1f530:   00000000012ed030 00007ffd00000000
0x000000001ed1f540:   00007e622a1c1127 0000000025970b10
0x000000001ed1f550:   fffffffffffffffe 00007ffd89d7fb5d
0x000000001ed1f560:   0000000000000001 00007ffd69f50000
0x000000001ed1f570:   0000000001781638 00007ffd69f748dc
0x000000001ed1f580:   000000001ed1f5f8 00007ffd89d7f967
0x000000001ed1f590:   0000000000000000 000000001ed1f608
0x000000001ed1f5a0:   000000000341a8d0 00007ffd89e5a080
0x000000001ed1f5b0:   0000000000000000 00007ffd89d7f924
0x000000001ed1f5c0:   0000000000000000 0000000000000001
0x000000001ed1f5d0:   0000000025970b10 000000001ed1f5f8
0x000000001ed1f5e0:   0000000000000001 00007ffd69f74752 

Instructions: (pc=0x00007ffd69f778b0)
0x00007ffd69f77890:   40 53 48 83 ec 30 48 c7 44 24 20 fe ff ff ff 48
0x00007ffd69f778a0:   8b 1d 7a 72 01 00 48 85 db 74 16 e8 00 81 ff ff
0x00007ffd69f778b0:   4c 8b 00 48 8b d3 48 8b c8 41 ff 90 b0 00 00 00
0x00007ffd69f778c0:   90 48 83 c4 30 5b c3 cc cc cc cc cc cc cc cc cc 


Register to memory mapping:

RAX=0x0000000000000000 is an unknown value
RBX=0x000000001fe26038 is a global jni handle
RCX=0x000000001cf09000 is an unknown value
RDX=0x00000000725214d8 is an unknown value
RSP=0x000000001ed1f4f0 is an unknown value
RBP=0x00000000012ed038 is an unknown value
RSI=0x00000000012ed010 is an unknown value
RDI=0x0000b31f40e8ee10 is an unknown value
R8 =0x0000000000010002 is an unknown value
R9 =0x0000000000000010 is an unknown value
R10=0x0000b31f40e8ee10 is an unknown value
R11=0x000000001ed1f290 is an unknown value
R12=0x0000000000000000 is an unknown value
R13=0x0000000000000040 is an unknown value
R14=0x000000001ed1f608 is an unknown value
R15=0x00000000012ed010 is an unknown value


Stack: [0x000000001ec20000,0x000000001ed20000],  sp=0x000000001ed1f4f0,  free space=1021k
Native frames: (J=compiled Java code, j=interpreted, Vv=VM code, C=native code)
C  [glass.dll+0x278b0]
C  [ucrtbase.dll+0xfcb3]
C  [ucrtbase.dll+0xf967]
C  [ucrtbase.dll+0xf924]
C  [glass.dll+0x24752]
C  [glass.dll+0x24850]
C  [ntdll.dll+0x3b583]
C  [ntdll.dll+0x47f85]
C  [ntdll.dll+0x47e48]
C  [KERNEL32.DLL+0x1ca7a]
C  [msvcr100.dll+0x20cf5]
V  [jvm.dll+0x213ed5]
V  [jvm.dll+0x24d407]
V  [jvm.dll+0x24c6a6]
V  [jvm.dll+0x24cb41]
V  [jvm.dll+0x24cd5e]
V  [jvm.dll+0x29fb6a]
C  [msvcr100.dll+0x21db7]
C  [msvcr100.dll+0x21e53]
C  [KERNEL32.DLL+0x14034]
C  [ntdll.dll+0x73691]

VM_Operation (0x000000002137ae90): Exit, mode: safepoint, requested by thread 0x000000001fe34000


---------------  P R O C E S S  ---------------

Java Threads: ( => current thread )
  0x000000001ff98000 JavaThread "Thread-6" [_thread_blocked, id=9304, stack(0x000000002ef30000,0x000000002f030000)]
  0x000000001ff99800 JavaThread "Thread-4" daemon [_thread_in_native, id=18548, stack(0x000000002ee30000,0x000000002ef30000)]
  0x000000002be23800 JavaThread "Media Resource Disposer" daemon [_thread_blocked, id=20960, stack(0x000000002c540000,0x000000002c640000)]
  0x000000001fe93000 JavaThread "Prism Font Disposer" daemon [_thread_blocked, id=16564, stack(0x000000002b070000,0x000000002b170000)]
  0x000000001fed4800 JavaThread "JavaFX-Launcher" [_thread_blocked, id=21644, stack(0x0000000029dd0000,0x0000000029ed0000)]
  0x000000001fe64000 JavaThread "Thread-2" daemon [_thread_in_native, id=20424, stack(0x0000000029cd0000,0x0000000029dd0000)]
  0x000000001fe34000 JavaThread "JavaFX Application Thread" [_thread_blocked, id=21416, stack(0x0000000021280000,0x0000000021380000)]
  0x000000001fe2b800 JavaThread "Thread-1" daemon [_thread_blocked, id=18500, stack(0x0000000021180000,0x0000000021280000)]
  0x000000001fe06000 JavaThread "QuantumRenderer-0" daemon [_thread_blocked, id=17560, stack(0x0000000020770000,0x0000000020870000)]
  0x000000001ee2e800 JavaThread "Service Thread" daemon [_thread_blocked, id=7384, stack(0x000000001fb10000,0x000000001fc10000)]
  0x000000001ede8000 JavaThread "C1 CompilerThread3" daemon [_thread_blocked, id=21660, stack(0x000000001fa10000,0x000000001fb10000)]
  0x000000001ed95000 JavaThread "C2 CompilerThread2" daemon [_thread_blocked, id=21968, stack(0x000000001f910000,0x000000001fa10000)]
  0x000000001ed76000 JavaThread "C2 CompilerThread1" daemon [_thread_blocked, id=20776, stack(0x000000001f810000,0x000000001f910000)]
  0x000000001ede3000 JavaThread "C2 CompilerThread0" daemon [_thread_blocked, id=10396, stack(0x000000001f710000,0x000000001f810000)]
  0x000000001ed80800 JavaThread "Monitor Ctrl-Break" daemon [_thread_in_native, id=21780, stack(0x000000001f610000,0x000000001f710000)]
  0x000000001ed50800 JavaThread "Attach Listener" daemon [_thread_blocked, id=14292, stack(0x000000001f510000,0x000000001f610000)]
  0x000000001cf1e800 JavaThread "Signal Dispatcher" daemon [_thread_blocked, id=21452, stack(0x000000001f410000,0x000000001f510000)]
  0x000000001ed41000 JavaThread "Finalizer" daemon [_thread_blocked, id=12040, stack(0x000000001f220000,0x000000001f320000)]
  0x000000001ed40800 JavaThread "Reference Handler" daemon [_thread_blocked, id=22344, stack(0x000000001f120000,0x000000001f220000)]
  0x0000000003373000 JavaThread "main" [_thread_blocked, id=21032, stack(0x0000000003080000,0x0000000003180000)]

Other Threads:
=>0x000000001cf09000 VMThread [stack: 0x000000001ec20000,0x000000001ed20000] [id=21792]

VM state:at safepoint (shutting down)

VM Mutex/Monitor currently owned by a thread:  ([mutex/lock_event])
[0x000000000178dd50] Threads_lock - owner thread: 0x000000001cf09000

heap address: 0x00000006c0e00000, size: 4082 MB, Compressed Oops mode: Zero based, Oop shift amount: 3
Narrow klass base: 0x0000000000000000, Narrow klass shift: 3
Compressed class space size: 1073741824 Address: 0x00000007c0000000

Heap:
 PSYoungGen      total 125440K, used 80320K [0x000000076af80000, 0x0000000774480000, 0x00000007c0000000)
  eden space 114688K, 60% used [0x000000076af80000,0x000000076f376d60,0x0000000771f80000)
  from space 10752K, 99% used [0x0000000773a00000,0x00000007744793d8,0x0000000774480000)
  to   space 10752K, 0% used [0x0000000772f80000,0x0000000772f80000,0x0000000773a00000)
 ParOldGen       total 272384K, used 164348K [0x00000006c0e00000, 0x00000006d1800000, 0x000000076af80000)
  object space 272384K, 60% used [0x00000006c0e00000,0x00000006cae7f060,0x00000006d1800000)
 Metaspace       used 18373K, capacity 19550K, committed 19840K, reserved 1067008K
  class space    used 2577K, capacity 2839K, committed 2944K, reserved 1048576K

Card table byte_map: [0x0000000012830000,0x0000000013030000] byte_map_base: 0x000000000f229000

Marking Bits: (ParMarkBitMap*) 0x0000000072714ce0
 Begin Bits: [0x0000000013d90000, 0x0000000017d58000)
 End Bits:   [0x0000000017d58000, 0x000000001bd20000)

Polling page: 0x0000000001750000

CodeCache: size=245760Kb used=9564Kb max_used=9578Kb free=236195Kb
 bounds [0x0000000003470000, 0x0000000003de0000, 0x0000000012470000]
 total_blobs=3686 nmethods=3007 adapters=589
 compilation: enabled

Compilation events (10 events):
Event: 296.493 Thread 0x000000001ede8000 3325       3       javafx.scene.Parent::prefWidth (89 bytes)
Event: 296.494 Thread 0x000000001ede8000 nmethod 3325 0x0000000003dcb890 code [0x0000000003dcba60, 0x0000000003dcc138]
Event: 296.494 Thread 0x000000001ede8000 3327       1       javafx.scene.layout.CornerRadii::getTopLeftHorizontalRadius (5 bytes)
Event: 296.494 Thread 0x000000001ede8000 nmethod 3327 0x0000000003dcb5d0 code [0x0000000003dcb720, 0x0000000003dcb830]
Event: 296.494 Thread 0x000000001ede8000 3326       3       javafx.scene.layout.Region::normalize (420 bytes)
Event: 296.496 Thread 0x000000001ede8000 nmethod 3326 0x0000000003dc79d0 code [0x0000000003dc7c40, 0x0000000003dc9588]
Event: 296.496 Thread 0x000000001ede8000 3322       1       javafx.scene.layout.BackgroundFill::hashCode (5 bytes)
Event: 296.497 Thread 0x000000001ede8000 nmethod 3322 0x0000000003dcb310 code [0x0000000003dcb460, 0x0000000003dcb570]
Event: 296.514 Thread 0x000000001ede3000 nmethod 3319 0x0000000003dd29d0 code [0x0000000003dd2b60, 0x0000000003dd34f8]
Event: 296.519 Thread 0x000000001ed95000 nmethod 3324 0x0000000003dcf990 code [0x0000000003dcfb80, 0x0000000003dd07f0]

GC Heap History (10 events):
Event: 3.225 GC heap before
{Heap before GC invocations=1 (full 0):
 PSYoungGen      total 76288K, used 65298K [0x000000076af80000, 0x0000000770480000, 0x00000007c0000000)
  eden space 65536K, 99% used [0x000000076af80000,0x000000076ef44b68,0x000000076ef80000)
  from space 10752K, 0% used [0x000000076fa00000,0x000000076fa00000,0x0000000770480000)
  to   space 10752K, 0% used [0x000000076ef80000,0x000000076ef80000,0x000000076fa00000)
 ParOldGen       total 175104K, used 0K [0x00000006c0e00000, 0x00000006cb900000, 0x000000076af80000)
  object space 175104K, 0% used [0x00000006c0e00000,0x00000006c0e00000,0x00000006cb900000)
 Metaspace       used 11186K, capacity 11690K, committed 12032K, reserved 1058816K
  class space    used 1555K, capacity 1690K, committed 1792K, reserved 1048576K
Event: 3.233 GC heap after
Heap after GC invocations=1 (full 0):
 PSYoungGen      total 76288K, used 10730K [0x000000076af80000, 0x0000000770480000, 0x00000007c0000000)
  eden space 65536K, 0% used [0x000000076af80000,0x000000076af80000,0x000000076ef80000)
  from space 10752K, 99% used [0x000000076ef80000,0x000000076f9fabe8,0x000000076fa00000)
  to   space 10752K, 0% used [0x000000076fa00000,0x000000076fa00000,0x0000000770480000)
 ParOldGen       total 175104K, used 17135K [0x00000006c0e00000, 0x00000006cb900000, 0x000000076af80000)
  object space 175104K, 9% used [0x00000006c0e00000,0x00000006c1ebbcb0,0x00000006cb900000)
 Metaspace       used 11186K, capacity 11690K, committed 12032K, reserved 1058816K
  class space    used 1555K, capacity 1690K, committed 1792K, reserved 1048576K
}
Event: 3.976 GC heap before
{Heap before GC invocations=2 (full 0):
 PSYoungGen      total 76288K, used 74867K [0x000000076af80000, 0x0000000770480000, 0x00000007c0000000)
  eden space 65536K, 97% used [0x000000076af80000,0x000000076ee22120,0x000000076ef80000)
  from space 10752K, 99% used [0x000000076ef80000,0x000000076f9fabe8,0x000000076fa00000)
  to   space 10752K, 0% used [0x000000076fa00000,0x000000076fa00000,0x0000000770480000)
 ParOldGen       total 175104K, used 17135K [0x00000006c0e00000, 0x00000006cb900000, 0x000000076af80000)
  object space 175104K, 9% used [0x00000006c0e00000,0x00000006c1ebbcb0,0x00000006cb900000)
 Metaspace       used 12810K, capacity 13394K, committed 13568K, reserved 1060864K
  class space    used 1778K, capacity 1925K, committed 2048K, reserved 1048576K
Event: 4.004 GC heap after
Heap after GC invocations=2 (full 0):
 PSYoungGen      total 76288K, used 10740K [0x000000076af80000, 0x0000000774480000, 0x00000007c0000000)
  eden space 65536K, 0% used [0x000000076af80000,0x000000076af80000,0x000000076ef80000)
  from space 10752K, 99% used [0x000000076fa00000,0x000000077047d0a0,0x0000000770480000)
  to   space 10752K, 0% used [0x000000076ef80000,0x000000076ef80000,0x000000076fa00000)
 ParOldGen       total 175104K, used 64354K [0x00000006c0e00000, 0x00000006cb900000, 0x000000076af80000)
  object space 175104K, 36% used [0x00000006c0e00000,0x00000006c4cd8a00,0x00000006cb900000)
 Metaspace       used 12810K, capacity 13394K, committed 13568K, reserved 1060864K
  class space    used 1778K, capacity 1925K, committed 2048K, reserved 1048576K
}
Event: 4.267 GC heap before
{Heap before GC invocations=3 (full 0):
 PSYoungGen      total 76288K, used 76276K [0x000000076af80000, 0x0000000774480000, 0x00000007c0000000)
  eden space 65536K, 100% used [0x000000076af80000,0x000000076ef80000,0x000000076ef80000)
  from space 10752K, 99% used [0x000000076fa00000,0x000000077047d0a0,0x0000000770480000)
  to   space 10752K, 0% used [0x000000076ef80000,0x000000076ef80000,0x000000076fa00000)
 ParOldGen       total 175104K, used 64354K [0x00000006c0e00000, 0x00000006cb900000, 0x000000076af80000)
  object space 175104K, 36% used [0x00000006c0e00000,0x00000006c4cd8a00,0x00000006cb900000)
 Metaspace       used 12834K, capacity 13398K, committed 13568K, reserved 1060864K
  class space    used 1778K, capacity 1925K, committed 2048K, reserved 1048576K
Event: 4.282 GC heap after
Heap after GC invocations=3 (full 0):
 PSYoungGen      total 76288K, used 10465K [0x000000076af80000, 0x0000000774480000, 0x00000007c0000000)
  eden space 65536K, 0% used [0x000000076af80000,0x000000076af80000,0x000000076ef80000)
  from space 10752K, 97% used [0x000000076ef80000,0x000000076f9b84a8,0x000000076fa00000)
  to   space 10752K, 0% used [0x0000000773a00000,0x0000000773a00000,0x0000000774480000)
 ParOldGen       total 175104K, used 114087K [0x00000006c0e00000, 0x00000006cb900000, 0x000000076af80000)
  object space 175104K, 65% used [0x00000006c0e00000,0x00000006c7d69f40,0x00000006cb900000)
 Metaspace       used 12834K, capacity 13398K, committed 13568K, reserved 1060864K
  class space    used 1778K, capacity 1925K, committed 2048K, reserved 1048576K
}
Event: 4.282 GC heap before
{Heap before GC invocations=4 (full 1):
 PSYoungGen      total 76288K, used 10465K [0x000000076af80000, 0x0000000774480000, 0x00000007c0000000)
  eden space 65536K, 0% used [0x000000076af80000,0x000000076af80000,0x000000076ef80000)
  from space 10752K, 97% used [0x000000076ef80000,0x000000076f9b84a8,0x000000076fa00000)
  to   space 10752K, 0% used [0x0000000773a00000,0x0000000773a00000,0x0000000774480000)
 ParOldGen       total 175104K, used 114087K [0x00000006c0e00000, 0x00000006cb900000, 0x000000076af80000)
  object space 175104K, 65% used [0x00000006c0e00000,0x00000006c7d69f40,0x00000006cb900000)
 Metaspace       used 12834K, capacity 13398K, committed 13568K, reserved 1060864K
  class space    used 1778K, capacity 1925K, committed 2048K, reserved 1048576K
Event: 4.331 GC heap after
Heap after GC invocations=4 (full 1):
 PSYoungGen      total 76288K, used 0K [0x000000076af80000, 0x0000000774480000, 0x00000007c0000000)
  eden space 65536K, 0% used [0x000000076af80000,0x000000076af80000,0x000000076ef80000)
  from space 10752K, 0% used [0x000000076ef80000,0x000000076ef80000,0x000000076fa00000)
  to   space 10752K, 0% used [0x0000000773a00000,0x0000000773a00000,0x0000000774480000)
 ParOldGen       total 272384K, used 124186K [0x00000006c0e00000, 0x00000006d1800000, 0x000000076af80000)
  object space 272384K, 45% used [0x00000006c0e00000,0x00000006c8746a28,0x00000006d1800000)
 Metaspace       used 12834K, capacity 13398K, committed 13568K, reserved 1060864K
  class space    used 1778K, capacity 1925K, committed 2048K, reserved 1048576K
}
Event: 4.744 GC heap before
{Heap before GC invocations=5 (full 1):
 PSYoungGen      total 76288K, used 65319K [0x000000076af80000, 0x0000000774480000, 0x00000007c0000000)
  eden space 65536K, 99% used [0x000000076af80000,0x000000076ef49f60,0x000000076ef80000)
  from space 10752K, 0% used [0x000000076ef80000,0x000000076ef80000,0x000000076fa00000)
  to   space 10752K, 0% used [0x0000000773a00000,0x0000000773a00000,0x0000000774480000)
 ParOldGen       total 272384K, used 124186K [0x00000006c0e00000, 0x00000006d1800000, 0x000000076af80000)
  object space 272384K, 45% used [0x00000006c0e00000,0x00000006c8746a28,0x00000006d1800000)
 Metaspace       used 12841K, capacity 13410K, committed 13568K, reserved 1060864K
  class space    used 1779K, capacity 1927K, committed 2048K, reserved 1048576K
Event: 4.764 GC heap after
Heap after GC invocations=5 (full 1):
 PSYoungGen      total 125440K, used 10724K [0x000000076af80000, 0x0000000774480000, 0x00000007c0000000)
  eden space 114688K, 0% used [0x000000076af80000,0x000000076af80000,0x0000000771f80000)
  from space 10752K, 99% used [0x0000000773a00000,0x00000007744793d8,0x0000000774480000)
  to   space 10752K, 0% used [0x0000000772f80000,0x0000000772f80000,0x0000000773a00000)
 ParOldGen       total 272384K, used 164348K [0x00000006c0e00000, 0x00000006d1800000, 0x000000076af80000)
  object space 272384K, 60% used [0x00000006c0e00000,0x00000006cae7f060,0x00000006d1800000)
 Metaspace       used 12841K, capacity 13410K, committed 13568K, reserved 1060864K
  class space    used 1779K, capacity 1927K, committed 2048K, reserved 1048576K
}

Deoptimization events (10 events):
Event: 254.122 Thread 0x000000001fe06000 Uncommon trap: reason=unstable_if action=reinterpret pc=0x0000000003c228b8 method=com.sun.javafx.geom.transform.AffineBase.translate(DD)V @ 492
Event: 254.131 Thread 0x000000001fe06000 Uncommon trap: reason=class_check action=maybe_recompile pc=0x0000000003cdab20 method=sun.reflect.DelegatingMethodAccessorImpl.invoke(Ljava/lang/Object;[Ljava/lang/Object;)Ljava/lang/Object; @ 6
Event: 254.131 Thread 0x000000001fe06000 Uncommon trap: reason=class_check action=maybe_recompile pc=0x0000000003cdab20 method=sun.reflect.DelegatingMethodAccessorImpl.invoke(Ljava/lang/Object;[Ljava/lang/Object;)Ljava/lang/Object; @ 6
Event: 254.132 Thread 0x000000001fe06000 Uncommon trap: reason=class_check action=maybe_recompile pc=0x0000000003cdab20 method=sun.reflect.DelegatingMethodAccessorImpl.invoke(Ljava/lang/Object;[Ljava/lang/Object;)Ljava/lang/Object; @ 6
Event: 254.135 Thread 0x000000001fe06000 Uncommon trap: reason=class_check action=maybe_recompile pc=0x0000000003cdab20 method=sun.reflect.DelegatingMethodAccessorImpl.invoke(Ljava/lang/Object;[Ljava/lang/Object;)Ljava/lang/Object; @ 6
Event: 265.250 Thread 0x000000001fe34000 Uncommon trap: reason=unstable_if action=reinterpret pc=0x0000000003d848ec method=javafx.scene.Scene$ScenePulseListener.pulse()V @ 24
Event: 296.597 Thread 0x000000001ff9a000 Uncommon trap: reason=unstable_if action=reinterpret pc=0x0000000003b3124c method=java.util.concurrent.locks.ReentrantLock$NonfairSync.lock()V @ 6
Event: 296.597 Thread 0x000000001ff9a000 Uncommon trap: reason=unstable_if action=reinterpret pc=0x0000000003574258 method=java.util.concurrent.locks.ReentrantLock$Sync.nonfairTryAcquire(I)Z @ 10
Event: 296.597 Thread 0x000000001ff9a000 Uncommon trap: reason=unstable_if action=reinterpret pc=0x0000000003b45d04 method=java.util.concurrent.locks.ReentrantLock$Sync.tryRelease(I)Z @ 28
Event: 296.597 Thread 0x000000001fe06000 Uncommon trap: reason=unstable_if action=reinterpret pc=0x00000000035a9d4c method=java.util.concurrent.locks.AbstractQueuedSynchronizer$ConditionObject.checkInterruptWhileWaiting(Ljava/util/concurrent/locks/AbstractQueuedSynchronizer$Node;)I @ 3

Classes redefined (0 events):
No events

Internal exceptions (10 events):
Event: 2.338 Thread 0x0000000003373000 Exception <a 'java/lang/NoSuchFieldError': method resolution failed> (0x000000076b606c08) thrown at [C:\re\workspace\8-2-build-windows-amd64-cygwin\jdk8u201\12322\hotspot\src\share\vm\prims\methodHandles.cpp, line 1167]
Event: 2.353 Thread 0x0000000003373000 Exception <a 'java/lang/NullPointerException'> (0x000000076b6a2920) thrown at [C:\re\workspace\8-2-build-windows-amd64-cygwin\jdk8u201\12322\hotspot\src\share\vm\interpreter\linkResolver.cpp, line 1185]
Event: 2.381 Thread 0x0000000003373000 Implicit null exception at 0x00000000035a8c55 to 0x00000000035a8e25
Event: 2.862 Thread 0x000000001fe34000 Exception <a 'java/lang/NullPointerException'> (0x000000076c5cf1d8) thrown at [C:\re\workspace\8-2-build-windows-amd64-cygwin\jdk8u201\12322\hotspot\src\share\vm\interpreter\linkResolver.cpp, line 1185]
Event: 2.862 Thread 0x000000001fe34000 Exception <a 'java/lang/NullPointerException'> (0x000000076c5cf1d8) thrown at [C:\re\workspace\8-2-build-windows-amd64-cygwin\jdk8u201\12322\hotspot\src\share\vm\prims\jvm.cpp, line 1506]
Event: 3.665 Thread 0x000000001fe34000 Exception <a 'java/lang/UnsatisfiedLinkError': com.sun.media.jfxmediaimpl.NativeAudioClip.nacInit()Z> (0x000000076cf13bd8) thrown at [C:\re\workspace\8-2-build-windows-amd64-cygwin\jdk8u201\12322\hotspot\src\share\vm\prims\nativeLookup.cpp, line 378]
Event: 3.666 Thread 0x000000001fe34000 Exception <a 'java/lang/UnsatisfiedLinkError': com.sun.media.jfxmedia.logging.Logger.nativeSetNativeLevel(I)V> (0x000000076cf18400) thrown at [C:\re\workspace\8-2-build-windows-amd64-cygwin\jdk8u201\12322\hotspot\src\share\vm\prims\nativeLookup.cpp, line 
Event: 3.705 Thread 0x000000001fe34000 Implicit null exception at 0x0000000003693999 to 0x0000000003693d6d
Event: 5.423 Thread 0x000000001fe34000 Implicit null exception at 0x00000000037b5cb6 to 0x00000000037b6e4d
Event: 296.598 Thread 0x000000001ff9a000 Exception <a 'java/lang/IllegalStateException'> (0x000000076f25eb70) thrown at [C:\re\workspace\8-2-build-windows-amd64-cygwin\jdk8u201\12322\hotspot\src\share\vm\prims\jvm.cpp, line 1506]

Events (10 events):
Event: 296.597 Thread 0x000000001ff9a000 DEOPT PACKING pc=0x0000000003b45d04 sp=0x000000002f32e500
Event: 296.597 Thread 0x000000001fe06000 DEOPT PACKING pc=0x00000000035a9d4c sp=0x000000002086f010
Event: 296.597 Thread 0x000000001ff9a000 DEOPT UNPACKING pc=0x00000000034b583b sp=0x000000002f32e488 mode 2
Event: 296.597 Thread 0x000000001fe06000 DEOPT UNPACKING pc=0x00000000034b583b sp=0x000000002086ef68 mode 2
Event: 296.597 loading class com/sun/javafx/tk/quantum/QuantumToolkit
Event: 296.597 loading class com/sun/javafx/tk/quantum/QuantumToolkit done
Event: 296.597 loading class java/util/LinkedList$ListItr
Event: 296.598 loading class java/util/LinkedList$ListItr done
Event: 296.598 Thread 0x000000001ff9a000 Thread exited: 0x000000001ff9a000
Event: 296.598 Executing VM operation: Exit


Dynamic libraries:
0x00007ff628700000 - 0x00007ff628737000 	C:\Program Files\Java\jdk1.8.0_201\bin\java.exe
0x00007ffd8d5b0000 - 0x00007ffd8d791000 	C:\WINDOWS\SYSTEM32\ntdll.dll
0x00007ffd8cd70000 - 0x00007ffd8ce21000 	C:\WINDOWS\System32\KERNEL32.DLL
0x00007ffd8a7c0000 - 0x00007ffd8aa33000 	C:\WINDOWS\System32\KERNELBASE.dll
0x00007ffd8bea0000 - 0x00007ffd8bf41000 	C:\WINDOWS\System32\ADVAPI32.dll
0x00007ffd8c850000 - 0x00007ffd8c8ee000 	C:\WINDOWS\System32\msvcrt.dll
0x00007ffd8d4c0000 - 0x00007ffd8d51b000 	C:\WINDOWS\System32\sechost.dll
0x00007ffd8ce60000 - 0x00007ffd8cf84000 	C:\WINDOWS\System32\RPCRT4.dll
0x00007ffd8bf60000 - 0x00007ffd8c0f0000 	C:\WINDOWS\System32\USER32.dll
0x00007ffd8a580000 - 0x00007ffd8a5a0000 	C:\WINDOWS\System32\win32u.dll
0x00007ffd8cd30000 - 0x00007ffd8cd58000 	C:\WINDOWS\System32\GDI32.dll
0x00007ffd8a620000 - 0x00007ffd8a7b2000 	C:\WINDOWS\System32\gdi32full.dll
0x00007ffd89980000 - 0x00007ffd89a1f000 	C:\WINDOWS\System32\msvcp_win.dll
0x00007ffd89d70000 - 0x00007ffd89e68000 	C:\WINDOWS\System32\ucrtbase.dll
0x00007ffd7df40000 - 0x00007ffd7e1a9000 	C:\WINDOWS\WinSxS\amd64_microsoft.windows.common-controls_6595b64144ccf1df_6.0.17134.706_none_fb43a2cb30647007\COMCTL32.dll
0x00007ffd8c0f0000 - 0x00007ffd8c412000 	C:\WINDOWS\System32\combase.dll
0x00007ffd8a5a0000 - 0x00007ffd8a61a000 	C:\WINDOWS\System32\bcryptPrimitives.dll
0x00007ffd8ce30000 - 0x00007ffd8ce5d000 	C:\WINDOWS\System32\IMM32.DLL
0x00000000727a0000 - 0x0000000072871000 	C:\Program Files\Java\jdk1.8.0_201\jre\bin\msvcr100.dll
0x0000000071ef0000 - 0x0000000072794000 	C:\Program Files\Java\jdk1.8.0_201\jre\bin\server\jvm.dll
0x00007ffd8bf50000 - 0x00007ffd8bf58000 	C:\WINDOWS\System32\PSAPI.DLL
0x00007ffd7fd70000 - 0x00007ffd7fd93000 	C:\WINDOWS\SYSTEM32\WINMM.dll
0x00007ffd85ea0000 - 0x00007ffd85ea9000 	C:\WINDOWS\SYSTEM32\WSOCK32.dll
0x00007ffd84d20000 - 0x00007ffd84d2a000 	C:\WINDOWS\SYSTEM32\VERSION.dll
0x00007ffd8c970000 - 0x00007ffd8c9dc000 	C:\WINDOWS\System32\WS2_32.dll
0x00007ffd7f680000 - 0x00007ffd7f6aa000 	C:\WINDOWS\SYSTEM32\WINMMBASE.dll
0x00007ffd89c70000 - 0x00007ffd89cb9000 	C:\WINDOWS\System32\cfgmgr32.dll
0x00007ffd86740000 - 0x00007ffd8674f000 	C:\Program Files\Java\jdk1.8.0_201\jre\bin\verify.dll
0x00007ffd7aad0000 - 0x00007ffd7aaf9000 	C:\Program Files\Java\jdk1.8.0_201\jre\bin\java.dll
0x00007ffd7a710000 - 0x00007ffd7a733000 	C:\Program Files\Java\jdk1.8.0_201\jre\bin\instrument.dll
0x00007ffd7f2c0000 - 0x00007ffd7f2d6000 	C:\Program Files\Java\jdk1.8.0_201\jre\bin\zip.dll
0x00007ffd8aa60000 - 0x00007ffd8bea0000 	C:\WINDOWS\System32\SHELL32.dll
0x00007ffd8cc20000 - 0x00007ffd8ccc9000 	C:\WINDOWS\System32\shcore.dll
0x00007ffd89e70000 - 0x00007ffd8a57d000 	C:\WINDOWS\System32\windows.storage.dll
0x00007ffd8c670000 - 0x00007ffd8c6c1000 	C:\WINDOWS\System32\shlwapi.dll
0x00007ffd89940000 - 0x00007ffd89951000 	C:\WINDOWS\System32\kernel.appcore.dll
0x00007ffd89960000 - 0x00007ffd8997f000 	C:\WINDOWS\System32\profapi.dll
0x00007ffd898f0000 - 0x00007ffd8993c000 	C:\WINDOWS\System32\powrprof.dll
0x00007ffd898c0000 - 0x00007ffd898ca000 	C:\WINDOWS\System32\FLTLIB.DLL
0x00007ffd7b350000 - 0x00007ffd7b36a000 	C:\Program Files\JetBrains\IntelliJ IDEA Community Edition 2018.3.4\bin\breakgen64.dll
0x00007ffd7aab0000 - 0x00007ffd7aaca000 	C:\Program Files\Java\jdk1.8.0_201\jre\bin\net.dll
0x00007ffd80990000 - 0x00007ffd80b58000 	C:\WINDOWS\SYSTEM32\urlmon.dll
0x00007ffd80230000 - 0x00007ffd804d6000 	C:\WINDOWS\SYSTEM32\iertutil.dll
0x00007ffd892b0000 - 0x00007ffd892bb000 	C:\WINDOWS\SYSTEM32\CRYPTBASE.DLL
0x00007ffd890e0000 - 0x00007ffd89146000 	C:\WINDOWS\system32\mswsock.dll
0x0000000003340000 - 0x0000000003343000 	C:\Program Files\Java\jdk1.8.0_201\jre\bin\api-ms-win-core-console-l1-1-0.dll
0x0000000003350000 - 0x0000000003353000 	C:\Program Files\Java\jdk1.8.0_201\jre\bin\api-ms-win-core-datetime-l1-1-0.dll
0x0000000020510000 - 0x0000000020513000 	C:\Program Files\Java\jdk1.8.0_201\jre\bin\api-ms-win-core-debug-l1-1-0.dll
0x0000000020520000 - 0x0000000020523000 	C:\Program Files\Java\jdk1.8.0_201\jre\bin\api-ms-win-core-errorhandling-l1-1-0.dll
0x0000000020530000 - 0x0000000020534000 	C:\Program Files\Java\jdk1.8.0_201\jre\bin\api-ms-win-core-file-l1-1-0.dll
0x0000000020540000 - 0x0000000020543000 	C:\Program Files\Java\jdk1.8.0_201\jre\bin\api-ms-win-core-file-l1-2-0.dll
0x0000000020550000 - 0x0000000020553000 	C:\Program Files\Java\jdk1.8.0_201\jre\bin\api-ms-win-core-file-l2-1-0.dll
0x0000000020560000 - 0x0000000020563000 	C:\Program Files\Java\jdk1.8.0_201\jre\bin\api-ms-win-core-handle-l1-1-0.dll
0x0000000020570000 - 0x0000000020573000 	C:\Program Files\Java\jdk1.8.0_201\jre\bin\api-ms-win-core-heap-l1-1-0.dll
0x0000000020580000 - 0x0000000020583000 	C:\Program Files\Java\jdk1.8.0_201\jre\bin\api-ms-win-core-interlocked-l1-1-0.dll
0x0000000020590000 - 0x0000000020593000 	C:\Program Files\Java\jdk1.8.0_201\jre\bin\api-ms-win-core-libraryloader-l1-1-0.dll
0x00000000205a0000 - 0x00000000205a3000 	C:\Program Files\Java\jdk1.8.0_201\jre\bin\api-ms-win-core-localization-l1-2-0.dll
0x00000000205b0000 - 0x00000000205b3000 	C:\Program Files\Java\jdk1.8.0_201\jre\bin\api-ms-win-core-memory-l1-1-0.dll
0x00000000205c0000 - 0x00000000205c3000 	C:\Program Files\Java\jdk1.8.0_201\jre\bin\api-ms-win-core-namedpipe-l1-1-0.dll
0x00000000205d0000 - 0x00000000205d3000 	C:\Program Files\Java\jdk1.8.0_201\jre\bin\api-ms-win-core-processenvironment-l1-1-0.dll
0x00000000205e0000 - 0x00000000205e3000 	C:\Program Files\Java\jdk1.8.0_201\jre\bin\api-ms-win-core-processthreads-l1-1-0.dll
0x00000000205f0000 - 0x00000000205f3000 	C:\Program Files\Java\jdk1.8.0_201\jre\bin\api-ms-win-core-processthreads-l1-1-1.dll
0x0000000020600000 - 0x0000000020603000 	C:\Program Files\Java\jdk1.8.0_201\jre\bin\api-ms-win-core-profile-l1-1-0.dll
0x0000000020610000 - 0x0000000020613000 	C:\Program Files\Java\jdk1.8.0_201\jre\bin\api-ms-win-core-rtlsupport-l1-1-0.dll
0x0000000020620000 - 0x0000000020623000 	C:\Program Files\Java\jdk1.8.0_201\jre\bin\api-ms-win-core-string-l1-1-0.dll
0x0000000020630000 - 0x0000000020633000 	C:\Program Files\Java\jdk1.8.0_201\jre\bin\api-ms-win-core-synch-l1-1-0.dll
0x0000000020640000 - 0x0000000020643000 	C:\Program Files\Java\jdk1.8.0_201\jre\bin\api-ms-win-core-synch-l1-2-0.dll
0x0000000020650000 - 0x0000000020653000 	C:\Program Files\Java\jdk1.8.0_201\jre\bin\api-ms-win-core-sysinfo-l1-1-0.dll
0x0000000020660000 - 0x0000000020663000 	C:\Program Files\Java\jdk1.8.0_201\jre\bin\api-ms-win-core-timezone-l1-1-0.dll
0x0000000020670000 - 0x0000000020673000 	C:\Program Files\Java\jdk1.8.0_201\jre\bin\api-ms-win-core-util-l1-1-0.dll
0x0000000020680000 - 0x0000000020683000 	C:\Program Files\Java\jdk1.8.0_201\jre\bin\api-ms-win-crt-conio-l1-1-0.dll
0x0000000020690000 - 0x0000000020694000 	C:\Program Files\Java\jdk1.8.0_201\jre\bin\api-ms-win-crt-convert-l1-1-0.dll
0x00000000206a0000 - 0x00000000206a3000 	C:\Program Files\Java\jdk1.8.0_201\jre\bin\api-ms-win-crt-environment-l1-1-0.dll
0x00000000206b0000 - 0x00000000206b3000 	C:\Program Files\Java\jdk1.8.0_201\jre\bin\api-ms-win-crt-filesystem-l1-1-0.dll
0x00000000206c0000 - 0x00000000206c3000 	C:\Program Files\Java\jdk1.8.0_201\jre\bin\api-ms-win-crt-heap-l1-1-0.dll
0x00000000206d0000 - 0x00000000206d3000 	C:\Program Files\Java\jdk1.8.0_201\jre\bin\api-ms-win-crt-locale-l1-1-0.dll
0x00000000206e0000 - 0x00000000206e5000 	C:\Program Files\Java\jdk1.8.0_201\jre\bin\api-ms-win-crt-math-l1-1-0.dll
0x00000000206f0000 - 0x00000000206f5000 	C:\Program Files\Java\jdk1.8.0_201\jre\bin\api-ms-win-crt-multibyte-l1-1-0.dll
0x0000000020700000 - 0x0000000020710000 	C:\Program Files\Java\jdk1.8.0_201\jre\bin\api-ms-win-crt-private-l1-1-0.dll
0x0000000020710000 - 0x0000000020713000 	C:\Program Files\Java\jdk1.8.0_201\jre\bin\api-ms-win-crt-process-l1-1-0.dll
0x0000000020720000 - 0x0000000020724000 	C:\Program Files\Java\jdk1.8.0_201\jre\bin\api-ms-win-crt-runtime-l1-1-0.dll
0x0000000020730000 - 0x0000000020734000 	C:\Program Files\Java\jdk1.8.0_201\jre\bin\api-ms-win-crt-stdio-l1-1-0.dll
0x0000000020740000 - 0x0000000020744000 	C:\Program Files\Java\jdk1.8.0_201\jre\bin\api-ms-win-crt-string-l1-1-0.dll
0x0000000020750000 - 0x0000000020753000 	C:\Program Files\Java\jdk1.8.0_201\jre\bin\api-ms-win-crt-time-l1-1-0.dll
0x0000000020760000 - 0x0000000020763000 	C:\Program Files\Java\jdk1.8.0_201\jre\bin\api-ms-win-crt-utility-l1-1-0.dll
0x00007ffd57e70000 - 0x00007ffd57f66000 	C:\Program Files\Java\jdk1.8.0_201\jre\bin\ucrtbase.dll
0x00007ffd7a680000 - 0x00007ffd7a696000 	C:\Program Files\Java\jdk1.8.0_201\jre\bin\vcruntime140.dll
0x00007ffd583b0000 - 0x00007ffd5844c000 	C:\Program Files\Java\jdk1.8.0_201\jre\bin\msvcp140.dll
0x00007ffd6a270000 - 0x00007ffd6a2c1000 	C:\Program Files\Java\jdk1.8.0_201\jre\bin\concrt140.dll
0x00007ffd70630000 - 0x00007ffd70653000 	C:\Program Files\Java\jdk1.8.0_201\jre\bin\prism_d3d.dll
0x00007ffd51730000 - 0x00007ffd518c7000 	C:\WINDOWS\system32\d3d9.dll
0x00007ffd88050000 - 0x00007ffd88079000 	C:\WINDOWS\SYSTEM32\dwmapi.dll
0x00007ffd87f80000 - 0x00007ffd88018000 	C:\WINDOWS\system32\uxtheme.dll
0x00007ffd6f0e0000 - 0x00007ffd6f1ca000 	C:\WINDOWS\System32\DriverStore\FileRepository\nv_ref_pubwu.inf_amd64_2e7fa54192fe16d0\nvldumdx.dll
0x00007ffd89a20000 - 0x00007ffd89c02000 	C:\WINDOWS\System32\crypt32.dll
0x00007ffd898d0000 - 0x00007ffd898e2000 	C:\WINDOWS\System32\MSASN1.dll
0x00007ffd89c10000 - 0x00007ffd89c67000 	C:\WINDOWS\System32\WINTRUST.DLL
0x00007ffd8aa40000 - 0x00007ffd8aa5d000 	C:\WINDOWS\System32\imagehlp.dll
0x00007ffd89290000 - 0x00007ffd892a7000 	C:\WINDOWS\SYSTEM32\CRYPTSP.dll
0x00007ffd88cc0000 - 0x00007ffd88cf3000 	C:\WINDOWS\system32\rsaenh.dll
0x00007ffd89420000 - 0x00007ffd89445000 	C:\WINDOWS\SYSTEM32\bcrypt.dll
0x00007ffd15980000 - 0x00007ffd16b56000 	C:\WINDOWS\System32\DriverStore\FileRepository\nv_ref_pubwu.inf_amd64_2e7fa54192fe16d0\nvd3dumx.dll
0x00007ffd7c5c0000 - 0x00007ffd7c791000 	C:\WINDOWS\system32\nvspcap64.dll
0x00007ffd8c420000 - 0x00007ffd8c571000 	C:\WINDOWS\System32\ole32.dll
0x00007ffd8cf90000 - 0x00007ffd8d052000 	C:\WINDOWS\System32\OLEAUT32.dll
0x00007ffd8d060000 - 0x00007ffd8d4ab000 	C:\WINDOWS\System32\SETUPAPI.dll
0x00007ffd85ee0000 - 0x00007ffd85ef3000 	C:\WINDOWS\SYSTEM32\WTSAPI32.dll
0x00007ffd83f30000 - 0x00007ffd8400d000 	C:\WINDOWS\SYSTEM32\WINHTTP.dll
0x00007ffd7c810000 - 0x00007ffd7cc90000 	C:\WINDOWS\system32\nvapi64.dll
0x00007ffd88680000 - 0x00007ffd8873b000 	C:\WINDOWS\SYSTEM32\dxgi.dll
0x00007ffd896d0000 - 0x00007ffd896f7000 	C:\WINDOWS\SYSTEM32\DEVOBJ.dll
0x00007ffd69f50000 - 0x00007ffd69f99000 	C:\Program Files\Java\jdk1.8.0_201\jre\bin\glass.dll
0x00007ffd8c580000 - 0x00007ffd8c66d000 	C:\WINDOWS\System32\COMDLG32.dll
0x00007ffd8c6d0000 - 0x00007ffd8c843000 	C:\WINDOWS\System32\MSCTF.dll
0x00007ffd6a420000 - 0x00007ffd6a50b000 	C:\Program Files (x86)\NVIDIA Corporation\3D Vision\nvSCPAPI64.dll
0x00007ffd8cb80000 - 0x00007ffd8cc20000 	C:\WINDOWS\System32\clbcatq.dll
0x00007ffd89720000 - 0x00007ffd897ba000 	C:\WINDOWS\SYSTEM32\sxs.dll
0x00007ffd753c0000 - 0x00007ffd753d4000 	C:\Program Files\Java\jdk1.8.0_201\jre\bin\javafx_font.dll
0x00007ffd69c00000 - 0x00007ffd69f1c000 	C:\WINDOWS\SYSTEM32\dwrite.dll
0x00007ffd6ec40000 - 0x00007ffd6ec66000 	C:\Program Files\Java\jdk1.8.0_201\jre\bin\javafx_iio.dll
0x00007ffd57c70000 - 0x00007ffd57d13000 	C:\Program Files\Java\jdk1.8.0_201\jre\bin\glib-lite.dll
0x00007ffd57b90000 - 0x00007ffd57c70000 	C:\Program Files\Java\jdk1.8.0_201\jre\bin\gstreamer-lite.dll
0x00007ffd57b00000 - 0x00007ffd57b8f000 	C:\WINDOWS\SYSTEM32\DSOUND.dll
0x00007ffd6a1e0000 - 0x00007ffd6a207000 	C:\Program Files\Java\jdk1.8.0_201\jre\bin\jfxmedia.dll
0x00007ffd70ae0000 - 0x00007ffd70c8e000 	C:\WINDOWS\SYSTEM32\WindowsCodecs.dll
0x00007ffd62fc0000 - 0x00007ffd63018000 	C:\WINDOWS\system32\dataexchange.dll
0x00007ffd86cb0000 - 0x00007ffd86fbb000 	C:\WINDOWS\system32\d3d11.dll
0x00007ffd87590000 - 0x00007ffd8772c000 	C:\WINDOWS\system32\dcomp.dll

VM Arguments:
jvm_args: -javaagent:C:\Program Files\JetBrains\IntelliJ IDEA Community Edition 2018.3.4\lib\idea_rt.jar=55519:C:\Program Files\JetBrains\IntelliJ IDEA Community Edition 2018.3.4\bin -Dfile.encoding=UTF-8 
java_command: ClientFX
java_class_path (initial): C:\Program Files\Java\jdk1.8.0_201\jre\lib\charsets.jar;C:\Program Files\Java\jdk1.8.0_201\jre\lib\deploy.jar;C:\Program Files\Java\jdk1.8.0_201\jre\lib\ext\access-bridge-64.jar;C:\Program Files\Java\jdk1.8.0_201\jre\lib\ext\cldrdata.jar;C:\Program Files\Java\jdk1.8.0_201\jre\lib\ext\dnsns.jar;C:\Program Files\Java\jdk1.8.0_201\jre\lib\ext\jaccess.jar;C:\Program Files\Java\jdk1.8.0_201\jre\lib\ext\jfxrt.jar;C:\Program Files\Java\jdk1.8.0_201\jre\lib\ext\localedata.jar;C:\Program Files\Java\jdk1.8.0_201\jre\lib\ext\nashorn.jar;C:\Program Files\Java\jdk1.8.0_201\jre\lib\ext\sunec.jar;C:\Program Files\Java\jdk1.8.0_201\jre\lib\ext\sunjce_provider.jar;C:\Program Files\Java\jdk1.8.0_201\jre\lib\ext\sunmscapi.jar;C:\Program Files\Java\jdk1.8.0_201\jre\lib\ext\sunpkcs11.jar;C:\Program Files\Java\jdk1.8.0_201\jre\lib\ext\zipfs.jar;C:\Program Files\Java\jdk1.8.0_201\jre\lib\javaws.jar;C:\Program Files\Java\jdk1.8.0_201\jre\lib\jce.jar;C:\Program Files\Java\jdk1.8.0_201\jre\lib\jfr.jar;C:\Program Files\Java\jdk1.8.0_201\jre\lib\jfxswt.jar;C:\Program Files\Java\jdk1.8.0_201\jre\lib\jsse.jar;C:\Program Files\Java\jdk1.8.0_201\jre\lib\management-agent.jar;C:\Program Files\Java\jdk1.8.0_201\jre\lib\plugin.jar;C:\Program Files\Java\jdk1.8.0_201\jre\lib\resources.jar;C:\Program Files\Java\jdk1.8.0_201\jre\lib\rt.jar;D:\documents\GitHub\Project5\Client\out\production\Client;C:\Program Files\JetBrains\IntelliJ IDEA Community Edition 2018.3.4\lib\idea_rt.jar
Launcher Type: SUN_STANDARD

Environment Variables:
PATH=C:\Program Files (x86)\Common Files\Oracle\Java\javapath;C:\ProgramData\Oracle\Java\javapath;C:\Windows\system32;C:\Windows;C:\Windows\System32\Wbem;C:\Windows\System32\WindowsPowerShell\v1.0\;C:\Program Files (x86)\NVIDIA Corporation\PhysX\Common;C:\WINDOWS\system32;C:\WINDOWS;C:\WINDOWS\System32\Wbem;C:\WINDOWS\System32\WindowsPowerShell\v1.0\;C:\WINDOWS\System32\OpenSSH\;C:\Program Files\PuTTY\;D:\Program Files\Git\cmd;C:\Program Files\nodejs\;C:\Users\Eugenio\AppData\Local\Microsoft\WindowsApps;C:\Users\Eugenio\AppData\Local\Programs\Microsoft VS Code\bin;C:\Users\Eugenio\AppData\Local\GitHubDesktop\bin;C:\Users\Eugenio\AppData\Roaming\npm
USERNAME=Eugenio
OS=Windows_NT
PROCESSOR_IDENTIFIER=Intel64 Family 6 Model 58 Stepping 9, GenuineIntel



---------------  S Y S T E M  ---------------

OS: Windows 10.0 , 64 bit Build 17134 (10.0.17134.706)

CPU:total 8 (initial active 8) (4 cores per cpu, 2 threads per core) family 6 model 58 stepping 9, cmov, cx8, fxsr, mmx, sse, sse2, sse3, ssse3, sse4.1, sse4.2, popcnt, avx, clmul, erms, ht, tsc, tscinvbit, tscinv

Memory: 4k page, physical 16712684k(6495704k free), swap 25625580k(7047236k free)

vm_info: Java HotSpot(TM) 64-Bit Server VM (25.201-b09) for windows-amd64 JRE (1.8.0_201-b09), built on Dec 15 2018 18:36:39 by "java_re" with MS VC++ 10.0 (VS2010)

time: Mon May 06 21:39:22 2019
timezone: Central Daylight Time
elapsed time: 297 seconds (0d 0h 4m 57s)

