#
# A fatal error has been detected by the Java Runtime Environment:
#
#  EXCEPTION_ACCESS_VIOLATION (0xc0000005) at pc=0x000000006204584a, pid=8668, tid=0x00000000000081d0
#
# JRE version: Java(TM) SE Runtime Environment (8.0_102-b14) (build 1.8.0_102-b14)
# Java VM: Java HotSpot(TM) 64-Bit Server VM (25.102-b14 mixed mode windows-amd64 compressed oops)
# Problematic frame:
# C  [glass.dll+0x2584a]
#
# Failed to write core dump. Minidumps are not enabled by default on client versions of Windows
#
# If you would like to submit a bug report, please visit:
#   http://bugreport.java.com/bugreport/crash.jsp
#

---------------  T H R E A D  ---------------

Current thread (0x0000000016dc7800):  VMThread [stack: 0x0000000017e50000,0x0000000017f50000] [id=33232]

siginfo: ExceptionCode=0xc0000005, reading address 0x0000000000000000

Registers:
RAX=0x0000000000000000, RBX=0x0000000019548e90, RCX=0x0000000016dc7800, RDX=0x0000000019548e90
RSP=0x0000000017f4f780, RBP=0x000000000148efb0, RSI=0x0000000000000001, RDI=0x0000000000000000
R8 =0x0000000000010002, R9 =0x000000000148efb0, R10=0x0000000000000000, R11=0x0000000000000246
R12=0x000000000148efe0, R13=0x000000000148efb0, R14=0x000000000148efc0, R15=0x0000000000000000
RIP=0x000000006204584a, EFLAGS=0x0000000000010206

Top of Stack: (sp=0x0000000017f4f780)
0x0000000017f4f780:   0000000000000000 0000000062045900
0x0000000017f4f790:   0000000000000000 00000000620591b0
0x0000000017f4f7a0:   0000000062045830 0000000062043224
0x0000000017f4f7b0:   0000000062045a60 00007ffd09ec4b27
0x0000000017f4f7c0:   0000000000000000 00007ffd982bc2c4
0x0000000017f4f7d0:   0000000000000001 0000000062020000
0x0000000017f4f7e0:   0000000000ff1638 00000000620434a6
0x0000000017f4f7f0:   0000000000000001 0000000016cd5400
0x0000000017f4f800:   0000000000000000 0000000062043384
0x0000000017f4f810:   c000000500000001 0000000017f4e910
0x0000000017f4f820:   0000000062020000 00007ffdcbb9b583
0x0000000017f4f830:   000000007ffe0385 0000000000000000
0x0000000017f4f840:   000000007ffe0384 000000007ffe0385
0x0000000017f4f850:   000000000000000f 00007ffdcbba813a
0x0000000017f4f860:   00009199bed79300 0000000001455510
0x0000000017f4f870:   0000000000000000 0000000000000000 

Instructions: (pc=0x000000006204584a)
0x000000006204582a:   83 c4 20 5d c3 cc 40 53 48 83 ec 20 48 8b 1d cb
0x000000006204583a:   5b 01 00 48 85 db 74 1a e8 19 93 ff ff 48 8b d3
0x000000006204584a:   4c 8b 00 48 8b c8 48 83 c4 20 5b 49 ff a0 b0 00
0x000000006204585a:   00 00 48 83 c4 20 5b c3 cc cc cc cc cc cc cc cc 


Register to memory mapping:

RAX=0x0000000000000000 is an unknown value
RBX=0x0000000019548e90 is a global jni handle
RCX=0x0000000016dc7800 is an unknown value
RDX=0x0000000019548e90 is a global jni handle
RSP=0x0000000017f4f780 is an unknown value
RBP=0x000000000148efb0 is an unknown value
RSI=0x0000000000000001 is an unknown value
RDI=0x0000000000000000 is an unknown value
R8 =0x0000000000010002 is an unknown value
R9 =0x000000000148efb0 is an unknown value
R10=0x0000000000000000 is an unknown value
R11=0x0000000000000246 is an unknown value
R12=0x000000000148efe0 is an unknown value
R13=0x000000000148efb0 is an unknown value
R14=0x000000000148efc0 is an unknown value
R15=0x0000000000000000 is an unknown value


Stack: [0x0000000017e50000,0x0000000017f50000],  sp=0x0000000017f4f780,  free space=1021k
Native frames: (J=compiled Java code, j=interpreted, Vv=VM code, C=native code)
C  [glass.dll+0x2584a]
C  [glass.dll+0x23224]
C  [glass.dll+0x234a6]
C  [ntdll.dll+0x3b583]
C  [ntdll.dll+0x47f85]
C  [ntdll.dll+0x47e48]
C  [KERNEL32.DLL+0x1ca7a]
C  [msvcr100.dll+0x20cb9]
V  [jvm.dll+0x212a05]
V  [jvm.dll+0x24b647]
V  [jvm.dll+0x24a8e6]
V  [jvm.dll+0x24ad81]
V  [jvm.dll+0x24af9e]
V  [jvm.dll+0x29c03a]
C  [msvcr100.dll+0x21d7b]
C  [msvcr100.dll+0x21e17]
C  [KERNEL32.DLL+0x14034]
C  [ntdll.dll+0x73691]

VM_Operation (0x00000000199cad00): Exit, mode: safepoint, requested by thread 0x0000000018dd4000


---------------  P R O C E S S  ---------------

Java Threads: ( => current thread )
  0x000000001fcb6800 JavaThread "Thread-6" [_thread_blocked, id=33700, stack(0x0000000022fe0000,0x00000000230e0000)]
  0x000000001fcb2800 JavaThread "Thread-4" daemon [_thread_in_native, id=25916, stack(0x0000000022ee0000,0x0000000022fe0000)]
  0x000000001917e000 JavaThread "Media Resource Disposer" daemon [_thread_blocked, id=15576, stack(0x000000001fbb0000,0x000000001fcb0000)]
  0x0000000018e3a800 JavaThread "Prism Font Disposer" daemon [_thread_blocked, id=32312, stack(0x000000001f5a0000,0x000000001f6a0000)]
  0x0000000018df5000 JavaThread "JavaFX-Launcher" [_thread_blocked, id=33432, stack(0x000000001e3a0000,0x000000001e4a0000)]
  0x0000000018e1f800 JavaThread "Thread-2" daemon [_thread_in_native, id=32684, stack(0x000000001e2a0000,0x000000001e3a0000)]
  0x0000000018dd4000 JavaThread "JavaFX Application Thread" [_thread_blocked, id=33032, stack(0x00000000198d0000,0x00000000199d0000)]
  0x0000000018d68800 JavaThread "Thread-1" daemon [_thread_blocked, id=25780, stack(0x00000000197d0000,0x00000000198d0000)]
  0x0000000018d57000 JavaThread "QuantumRenderer-0" daemon [_thread_blocked, id=32964, stack(0x0000000019550000,0x0000000019650000)]
  0x0000000018405000 JavaThread "Service Thread" daemon [_thread_blocked, id=33332, stack(0x0000000018b50000,0x0000000018c50000)]
  0x00000000183e5000 JavaThread "C1 CompilerThread2" daemon [_thread_blocked, id=30192, stack(0x0000000018a50000,0x0000000018b50000)]
  0x0000000016e48000 JavaThread "C2 CompilerThread1" daemon [_thread_blocked, id=33352, stack(0x0000000018950000,0x0000000018a50000)]
  0x0000000016e44000 JavaThread "C2 CompilerThread0" daemon [_thread_blocked, id=24408, stack(0x0000000018850000,0x0000000018950000)]
  0x0000000018393000 JavaThread "Monitor Ctrl-Break" daemon [_thread_in_native, id=33540, stack(0x0000000018750000,0x0000000018850000)]
  0x0000000016dfd800 JavaThread "Attach Listener" daemon [_thread_blocked, id=7864, stack(0x0000000018250000,0x0000000018350000)]
  0x0000000016dfc800 JavaThread "Signal Dispatcher" daemon [_thread_blocked, id=29024, stack(0x0000000018150000,0x0000000018250000)]
  0x0000000016de8800 JavaThread "Finalizer" daemon [_thread_blocked, id=24564, stack(0x0000000018050000,0x0000000018150000)]
  0x0000000003524000 JavaThread "Reference Handler" daemon [_thread_blocked, id=3052, stack(0x0000000017f50000,0x0000000018050000)]
  0x0000000003432800 JavaThread "main" [_thread_blocked, id=32732, stack(0x00000000030b0000,0x00000000031b0000)]

Other Threads:
=>0x0000000016dc7800 VMThread [stack: 0x0000000017e50000,0x0000000017f50000] [id=33232]

VM state:at safepoint (shutting down)

VM Mutex/Monitor currently owned by a thread:  ([mutex/lock_event])
[0x0000000000ffe850] Threads_lock - owner thread: 0x0000000016dc7800

Heap:
 PSYoungGen      total 122880K, used 25541K [0x00000000e0600000, 0x00000000ead00000, 0x0000000100000000)
  eden space 84992K, 4% used [0x00000000e0600000,0x00000000e099fee8,0x00000000e5900000)
  from space 37888K, 57% used [0x00000000e8800000,0x00000000e9d518e0,0x00000000ead00000)
  to   space 43008K, 0% used [0x00000000e5900000,0x00000000e5900000,0x00000000e8300000)
 ParOldGen       total 309248K, used 178753K [0x00000000a1200000, 0x00000000b4000000, 0x00000000e0600000)
  object space 309248K, 57% used [0x00000000a1200000,0x00000000ac090540,0x00000000b4000000)
 Metaspace       used 18572K, capacity 19850K, committed 20096K, reserved 1067008K
  class space    used 2634K, capacity 2895K, committed 2944K, reserved 1048576K

Card table byte_map: [0x00000000128f0000,0x0000000012bf0000] byte_map_base: 0x00000000123e7000

Marking Bits: (ParMarkBitMap*) 0x000000006127a6c0
 Begin Bits: [0x00000000131f0000, 0x00000000149a8000)
 End Bits:   [0x00000000149a8000, 0x0000000016160000)

Polling page: 0x0000000001730000

CodeCache: size=245760Kb used=9788Kb max_used=10255Kb free=235971Kb
 bounds [0x0000000003530000, 0x0000000003f40000, 0x0000000012530000]
 total_blobs=3833 nmethods=3150 adapters=594
 compilation: enabled

Compilation events (10 events):
Event: 207.584 Thread 0x0000000016e48000 nmethod 3351 0x00000000037e3dd0 code [0x00000000037e3f20, 0x00000000037e4018]
Event: 207.594 Thread 0x0000000016e44000 nmethod 3348 0x0000000003968110 code [0x00000000039685a0, 0x000000000396a8b0]
Event: 208.079 Thread 0x00000000183e5000 3352       3       com.sun.javafx.font.PrismFont::equals (52 bytes)
Event: 208.080 Thread 0x00000000183e5000 nmethod 3352 0x0000000003727910 code [0x0000000003727aa0, 0x0000000003727fe8]
Event: 208.080 Thread 0x00000000183e5000 3353       3       com.sun.javafx.scene.control.skin.LabeledSkinBase::isIgnoreGraphic (39 bytes)
Event: 208.081 Thread 0x00000000183e5000 nmethod 3353 0x0000000003872750 code [0x0000000003872920, 0x00000000038733d8]
Event: 208.130 Thread 0x00000000183e5000 3354       3       java.util.ArrayDeque::pollFirst (42 bytes)
Event: 208.130 Thread 0x00000000183e5000 nmethod 3354 0x00000000036a9390 code [0x00000000036a9500, 0x00000000036a9830]
Event: 208.139 Thread 0x00000000183e5000 3355       1       java.util.concurrent.ConcurrentHashMap::spread (10 bytes)
Event: 208.139 Thread 0x00000000183e5000 nmethod 3355 0x0000000003967e50 code [0x0000000003967fa0, 0x0000000003968090]

GC Heap History (10 events):
Event: 2.523 GC heap before
{Heap before GC invocations=7 (full 2):
 PSYoungGen      total 53248K, used 3985K [0x00000000e0600000, 0x00000000e8a00000, 0x0000000100000000)
  eden space 49152K, 0% used [0x00000000e0600000,0x00000000e0600000,0x00000000e3600000)
  from space 4096K, 97% used [0x00000000e3600000,0x00000000e39e45d0,0x00000000e3a00000)
  to   space 28672K, 0% used [0x00000000e6e00000,0x00000000e6e00000,0x00000000e8a00000)
 ParOldGen       total 118784K, used 88247K [0x00000000a1200000, 0x00000000a8600000, 0x00000000e0600000)
  object space 118784K, 74% used [0x00000000a1200000,0x00000000a682dcc0,0x00000000a8600000)
 Metaspace       used 12709K, capacity 13348K, committed 13568K, reserved 1060864K
  class space    used 1774K, capacity 1928K, committed 2048K, reserved 1048576K
Event: 2.570 GC heap after
Heap after GC invocations=7 (full 2):
 PSYoungGen      total 53248K, used 0K [0x00000000e0600000, 0x00000000e8a00000, 0x0000000100000000)
  eden space 49152K, 0% used [0x00000000e0600000,0x00000000e0600000,0x00000000e3600000)
  from space 4096K, 0% used [0x00000000e3600000,0x00000000e3600000,0x00000000e3a00000)
  to   space 28672K, 0% used [0x00000000e6e00000,0x00000000e6e00000,0x00000000e8a00000)
 ParOldGen       total 189952K, used 92123K [0x00000000a1200000, 0x00000000acb80000, 0x00000000e0600000)
  object space 189952K, 48% used [0x00000000a1200000,0x00000000a6bf6df8,0x00000000acb80000)
 Metaspace       used 12709K, capacity 13348K, committed 13568K, reserved 1060864K
  class space    used 1774K, capacity 1928K, committed 2048K, reserved 1048576K
}
Event: 2.795 GC heap before
{Heap before GC invocations=8 (full 2):
 PSYoungGen      total 53248K, used 49152K [0x00000000e0600000, 0x00000000e8a00000, 0x0000000100000000)
  eden space 49152K, 100% used [0x00000000e0600000,0x00000000e3600000,0x00000000e3600000)
  from space 4096K, 0% used [0x00000000e3600000,0x00000000e3600000,0x00000000e3a00000)
  to   space 28672K, 0% used [0x00000000e6e00000,0x00000000e6e00000,0x00000000e8a00000)
 ParOldGen       total 189952K, used 92123K [0x00000000a1200000, 0x00000000acb80000, 0x00000000e0600000)
  object space 189952K, 48% used [0x00000000a1200000,0x00000000a6bf6df8,0x00000000acb80000)
 Metaspace       used 12728K, capacity 13348K, committed 13568K, reserved 1060864K
  class space    used 1774K, capacity 1928K, committed 2048K, reserved 1048576K
Event: 2.806 GC heap after
Heap after GC invocations=8 (full 2):
 PSYoungGen      total 94208K, used 28532K [0x00000000e0600000, 0x00000000e8c00000, 0x0000000100000000)
  eden space 65536K, 0% used [0x00000000e0600000,0x00000000e0600000,0x00000000e4600000)
  from space 28672K, 99% used [0x00000000e6e00000,0x00000000e89dd0e0,0x00000000e8a00000)
  to   space 35840K, 0% used [0x00000000e4600000,0x00000000e4600000,0x00000000e6900000)
 ParOldGen       total 189952K, used 102885K [0x00000000a1200000, 0x00000000acb80000, 0x00000000e0600000)
  object space 189952K, 54% used [0x00000000a1200000,0x00000000a76796e8,0x00000000acb80000)
 Metaspace       used 12728K, capacity 13348K, committed 13568K, reserved 1060864K
  class space    used 1774K, capacity 1928K, committed 2048K, reserved 1048576K
}
Event: 3.142 GC heap before
{Heap before GC invocations=9 (full 2):
 PSYoungGen      total 94208K, used 94026K [0x00000000e0600000, 0x00000000e8c00000, 0x0000000100000000)
  eden space 65536K, 99% used [0x00000000e0600000,0x00000000e45f5760,0x00000000e4600000)
  from space 28672K, 99% used [0x00000000e6e00000,0x00000000e89dd0e0,0x00000000e8a00000)
  to   space 35840K, 0% used [0x00000000e4600000,0x00000000e4600000,0x00000000e6900000)
 ParOldGen       total 189952K, used 102885K [0x00000000a1200000, 0x00000000acb80000, 0x00000000e0600000)
  object space 189952K, 54% used [0x00000000a1200000,0x00000000a76796e8,0x00000000acb80000)
 Metaspace       used 12764K, capacity 13360K, committed 13568K, reserved 1060864K
  class space    used 1775K, capacity 1930K, committed 2048K, reserved 1048576K
Event: 3.165 GC heap after
Heap after GC invocations=9 (full 2):
 PSYoungGen      total 101376K, used 35807K [0x00000000e0600000, 0x00000000eb300000, 0x0000000100000000)
  eden space 65536K, 0% used [0x00000000e0600000,0x00000000e0600000,0x00000000e4600000)
  from space 35840K, 99% used [0x00000000e4600000,0x00000000e68f7e20,0x00000000e6900000)
  to   space 44032K, 0% used [0x00000000e8800000,0x00000000e8800000,0x00000000eb300000)
 ParOldGen       total 189952K, used 146538K [0x00000000a1200000, 0x00000000acb80000, 0x00000000e0600000)
  object space 189952K, 77% used [0x00000000a1200000,0x00000000aa11aba8,0x00000000acb80000)
 Metaspace       used 12764K, capacity 13360K, committed 13568K, reserved 1060864K
  class space    used 1775K, capacity 1930K, committed 2048K, reserved 1048576K
}
Event: 3.165 GC heap before
{Heap before GC invocations=10 (full 3):
 PSYoungGen      total 101376K, used 35807K [0x00000000e0600000, 0x00000000eb300000, 0x0000000100000000)
  eden space 65536K, 0% used [0x00000000e0600000,0x00000000e0600000,0x00000000e4600000)
  from space 35840K, 99% used [0x00000000e4600000,0x00000000e68f7e20,0x00000000e6900000)
  to   space 44032K, 0% used [0x00000000e8800000,0x00000000e8800000,0x00000000eb300000)
 ParOldGen       total 189952K, used 146538K [0x00000000a1200000, 0x00000000acb80000, 0x00000000e0600000)
  object space 189952K, 77% used [0x00000000a1200000,0x00000000aa11aba8,0x00000000acb80000)
 Metaspace       used 12764K, capacity 13360K, committed 13568K, reserved 1060864K
  class space    used 1775K, capacity 1930K, committed 2048K, reserved 1048576K
Event: 3.223 GC heap after
Heap after GC invocations=10 (full 3):
 PSYoungGen      total 101376K, used 0K [0x00000000e0600000, 0x00000000eb300000, 0x0000000100000000)
  eden space 65536K, 0% used [0x00000000e0600000,0x00000000e0600000,0x00000000e4600000)
  from space 35840K, 0% used [0x00000000e4600000,0x00000000e4600000,0x00000000e6900000)
  to   space 44032K, 0% used [0x00000000e8800000,0x00000000e8800000,0x00000000eb300000)
 ParOldGen       total 309248K, used 178745K [0x00000000a1200000, 0x00000000b4000000, 0x00000000e0600000)
  object space 309248K, 57% used [0x00000000a1200000,0x00000000ac08e540,0x00000000b4000000)
 Metaspace       used 12764K, capacity 13360K, committed 13568K, reserved 1060864K
  class space    used 1775K, capacity 1930K, committed 2048K, reserved 1048576K
}
Event: 206.414 GC heap before
{Heap before GC invocations=11 (full 3):
 PSYoungGen      total 101376K, used 65536K [0x00000000e0600000, 0x00000000eb300000, 0x0000000100000000)
  eden space 65536K, 100% used [0x00000000e0600000,0x00000000e4600000,0x00000000e4600000)
  from space 35840K, 0% used [0x00000000e4600000,0x00000000e4600000,0x00000000e6900000)
  to   space 44032K, 0% used [0x00000000e8800000,0x00000000e8800000,0x00000000eb300000)
 ParOldGen       total 309248K, used 178745K [0x00000000a1200000, 0x00000000b4000000, 0x00000000e0600000)
  object space 309248K, 57% used [0x00000000a1200000,0x00000000ac08e540,0x00000000b4000000)
 Metaspace       used 18544K, capacity 19838K, committed 20096K, reserved 1067008K
  class space    used 2630K, capacity 2893K, committed 2944K, reserved 1048576K
Event: 206.433 GC heap after
Heap after GC invocations=11 (full 3):
 PSYoungGen      total 122880K, used 21830K [0x00000000e0600000, 0x00000000ead00000, 0x0000000100000000)
  eden space 84992K, 0% used [0x00000000e0600000,0x00000000e0600000,0x00000000e5900000)
  from space 37888K, 57% used [0x00000000e8800000,0x00000000e9d518e0,0x00000000ead00000)
  to   space 43008K, 0% used [0x00000000e5900000,0x00000000e5900000,0x00000000e8300000)
 ParOldGen       total 309248K, used 178753K [0x00000000a1200000, 0x00000000b4000000, 0x00000000e0600000)
  object space 309248K, 57% used [0x00000000a1200000,0x00000000ac090540,0x00000000b4000000)
 Metaspace       used 18544K, capacity 19838K, committed 20096K, reserved 1067008K
  class space    used 2630K, capacity 2893K, committed 2944K, reserved 1048576K
}

Deoptimization events (10 events):
Event: 30.829 Thread 0x0000000018d57000 Uncommon trap: reason=null_assert action=make_not_entrant pc=0x0000000003df1090 method=com.sun.javafx.font.directwrite.DWFontStrike.getQuantizedPosition(Lcom/sun/javafx/geom/Point2D;)I @ 10
Event: 30.829 Thread 0x0000000018d57000 Uncommon trap: reason=null_check action=make_not_entrant pc=0x0000000003c7cda8 method=com.sun.prism.impl.GlyphCache.getCachedGlyph(II)Lcom/sun/prism/impl/GlyphCache$GlyphData; @ 28
Event: 34.391 Thread 0x0000000018dd4000 Uncommon trap: reason=unstable_if action=reinterpret pc=0x0000000003dbf094 method=com.sun.javafx.css.StyleManager$CacheContainer.getStyleMap(I)Lcom/sun/javafx/css/StyleMap; @ 22
Event: 37.289 Thread 0x0000000018dd4000 Uncommon trap: reason=unstable_if action=reinterpret pc=0x0000000003d64720 method=java.lang.StrictMath.floorOrCeil(DDDD)D @ 38
Event: 91.074 Thread 0x0000000018dd4000 Uncommon trap: reason=unstable_if action=reinterpret pc=0x0000000003f15374 method=com.sun.scenario.animation.shared.FiniteClipEnvelope.timePulse(J)V @ 85
Event: 207.489 Thread 0x0000000018dd4000 Uncommon trap: reason=unstable_if action=reinterpret pc=0x0000000003e175b0 method=java.util.WeakHashMap.expungeStaleEntries()V @ 9
Event: 208.139 Thread 0x000000001fcb5800 Uncommon trap: reason=unstable_if action=reinterpret pc=0x0000000003f03888 method=java.util.concurrent.locks.ReentrantLock$NonfairSync.lock()V @ 6
Event: 208.139 Thread 0x000000001fcb5800 Uncommon trap: reason=unstable_if action=reinterpret pc=0x0000000003f27c14 method=java.util.concurrent.locks.ReentrantLock$Sync.nonfairTryAcquire(I)Z @ 10
Event: 208.139 Thread 0x000000001fcb5800 Uncommon trap: reason=unstable_if action=reinterpret pc=0x0000000003d7aa40 method=java.util.concurrent.locks.ReentrantLock$Sync.tryRelease(I)Z @ 28
Event: 208.139 Thread 0x0000000018d57000 Uncommon trap: reason=unstable_if action=reinterpret pc=0x0000000003f2d1a8 method=java.util.concurrent.locks.AbstractQueuedSynchronizer$ConditionObject.checkInterruptWhileWaiting(Ljava/util/concurrent/locks/AbstractQueuedSynchronizer$Node;)I @ 3

Internal exceptions (10 events):
Event: 0.406 Thread 0x0000000003432800 Implicit null exception at 0x000000000364c2d5 to 0x000000000364c4a1
Event: 0.883 Thread 0x0000000018dd4000 Exception <a 'java/lang/NullPointerException'> (0x00000000e1642820) thrown at [C:\re\workspace\8-2-build-windows-amd64-cygwin\jdk8u102\7268\hotspot\src\share\vm\interpreter\linkResolver.cpp, line 1178]
Event: 0.883 Thread 0x0000000018dd4000 Exception <a 'java/lang/NullPointerException'> (0x00000000e1642820) thrown at [C:\re\workspace\8-2-build-windows-amd64-cygwin\jdk8u102\7268\hotspot\src\share\vm\prims\jvm.cpp, line 1390]
Event: 1.099 Thread 0x0000000018dd4000 Implicit null exception at 0x000000000379ad35 to 0x000000000379b049
Event: 1.965 Thread 0x0000000018dd4000 Exception <a 'java/lang/UnsatisfiedLinkError': com.sun.media.jfxmediaimpl.NativeAudioClip.nacInit()Z> (0x00000000e1736af8) thrown at [C:\re\workspace\8-2-build-windows-amd64-cygwin\jdk8u102\7268\hotspot\src\share\vm\prims\nativeLookup.cpp, line 378]
Event: 1.966 Thread 0x0000000018dd4000 Exception <a 'java/lang/UnsatisfiedLinkError': com.sun.media.jfxmedia.logging.Logger.nativeSetNativeLevel(I)V> (0x00000000e173b1f8) thrown at [C:\re\workspace\8-2-build-windows-amd64-cygwin\jdk8u102\7268\hotspot\src\share\vm\prims\nativeLookup.cpp, line 37'ตDคว
Event: 2.003 Thread 0x0000000018dd4000 Implicit null exception at 0x0000000003757756 to 0x0000000003757b01
Event: 3.628 Thread 0x0000000018dd4000 Implicit null exception at 0x0000000003878e8e to 0x0000000003879fed
Event: 30.829 Thread 0x0000000018d57000 Implicit null exception at 0x0000000003c7c547 to 0x0000000003c7cd7c
Event: 208.140 Thread 0x000000001fcb5800 Exception <a 'java/lang/IllegalStateException'> (0x00000000e093c4a8) thrown at [C:\re\workspace\8-2-build-windows-amd64-cygwin\jdk8u102\7268\hotspot\src\share\vm\prims\jvm.cpp, line 1390]

Events (10 events):
Event: 208.139 Thread 0x0000000018d57000 Uncommon trap: trap_request=0xffffff65 fr.pc=0x0000000003f2d1a8
Event: 208.139 Thread 0x000000001fcb5800 DEOPT UNPACKING pc=0x000000000357582a sp=0x00000000259ee428 mode 2
Event: 208.139 Thread 0x0000000018d57000 DEOPT PACKING pc=0x0000000003f2d1a8 sp=0x000000001964f2a0
Event: 208.139 Thread 0x0000000018d57000 DEOPT UNPACKING pc=0x000000000357582a sp=0x000000001964f200 mode 2
Event: 208.139 loading class com/sun/javafx/tk/quantum/QuantumToolkit
Event: 208.140 loading class com/sun/javafx/tk/quantum/QuantumToolkit done
Event: 208.140 loading class java/util/LinkedList$ListItr
Event: 208.140 loading class java/util/LinkedList$ListItr done
Event: 208.140 Thread 0x000000001fcb5800 Thread exited: 0x000000001fcb5800
Event: 208.140 Executing VM operation: Exit


Dynamic libraries:
0x00007ff72c5a0000 - 0x00007ff72c5d7000 	C:\Program Files\Java\jdk1.8.0_102\bin\java.exe
0x00007ffdcbb60000 - 0x00007ffdcbd41000 	C:\WINDOWS\SYSTEM32\ntdll.dll
0x00007ffdcaf80000 - 0x00007ffdcb031000 	C:\WINDOWS\System32\KERNEL32.DLL
0x00007ffdc7fb0000 - 0x00007ffdc8223000 	C:\WINDOWS\System32\KERNELBASE.dll
0x0000000063bd0000 - 0x0000000063c65000 	C:\WINDOWS\System32\SYSFER.DLL
0x00007ffdcae20000 - 0x00007ffdcaec1000 	C:\WINDOWS\System32\ADVAPI32.dll
0x00007ffdca810000 - 0x00007ffdca8ae000 	C:\WINDOWS\System32\msvcrt.dll
0x00007ffdcab80000 - 0x00007ffdcabdb000 	C:\WINDOWS\System32\sechost.dll
0x00007ffdca610000 - 0x00007ffdca734000 	C:\WINDOWS\System32\RPCRT4.dll
0x00007ffdcac90000 - 0x00007ffdcae20000 	C:\WINDOWS\System32\USER32.dll
0x00007ffdc7f30000 - 0x00007ffdc7f50000 	C:\WINDOWS\System32\win32u.dll
0x00007ffdcaf50000 - 0x00007ffdcaf78000 	C:\WINDOWS\System32\GDI32.dll
0x00007ffdc8c60000 - 0x00007ffdc8df2000 	C:\WINDOWS\System32\gdi32full.dll
0x00007ffdc8e00000 - 0x00007ffdc8e9f000 	C:\WINDOWS\System32\msvcp_win.dll
0x00007ffdc8ef0000 - 0x00007ffdc8fe8000 	C:\WINDOWS\System32\ucrtbase.dll
0x00007ffdbf820000 - 0x00007ffdbfa89000 	C:\WINDOWS\WinSxS\amd64_microsoft.windows.common-controls_6595b64144ccf1df_6.0.17134.706_none_fb43a2cb30647007\COMCTL32.dll
0x00007ffdcb7d0000 - 0x00007ffdcbaf2000 	C:\WINDOWS\System32\combase.dll
0x00007ffdc82e0000 - 0x00007ffdc835a000 	C:\WINDOWS\System32\bcryptPrimitives.dll
0x00007ffdcbb00000 - 0x00007ffdcbb2d000 	C:\WINDOWS\System32\IMM32.DLL
0x0000000061e40000 - 0x0000000061f11000 	C:\Program Files\Java\jdk1.8.0_102\jre\bin\msvcr100.dll
0x0000000060a60000 - 0x00000000612fa000 	C:\Program Files\Java\jdk1.8.0_102\jre\bin\server\jvm.dll
0x00007ffdca8b0000 - 0x00007ffdca8b8000 	C:\WINDOWS\System32\PSAPI.DLL
0x00007ffdc6d60000 - 0x00007ffdc6d69000 	C:\WINDOWS\SYSTEM32\WSOCK32.dll
0x00007ffdcaee0000 - 0x00007ffdcaf4c000 	C:\WINDOWS\System32\WS2_32.dll
0x00007ffdc5e20000 - 0x00007ffdc5e43000 	C:\WINDOWS\SYSTEM32\WINMM.dll
0x00007ffdb9020000 - 0x00007ffdb902a000 	C:\WINDOWS\SYSTEM32\VERSION.dll
0x00007ffdc5df0000 - 0x00007ffdc5e1a000 	C:\WINDOWS\SYSTEM32\WINMMBASE.dll
0x00007ffdc8ea0000 - 0x00007ffdc8ee9000 	C:\WINDOWS\System32\cfgmgr32.dll
0x0000000061e30000 - 0x0000000061e3f000 	C:\Program Files\Java\jdk1.8.0_102\jre\bin\verify.dll
0x0000000061e00000 - 0x0000000061e29000 	C:\Program Files\Java\jdk1.8.0_102\jre\bin\java.dll
0x00000000620a0000 - 0x00000000620c3000 	C:\Program Files\Java\jdk1.8.0_102\jre\bin\instrument.dll
0x0000000061de0000 - 0x0000000061df6000 	C:\Program Files\Java\jdk1.8.0_102\jre\bin\zip.dll
0x00007ffdc91d0000 - 0x00007ffdca610000 	C:\WINDOWS\System32\SHELL32.dll
0x00007ffdcabe0000 - 0x00007ffdcac89000 	C:\WINDOWS\System32\shcore.dll
0x00007ffdc8360000 - 0x00007ffdc8a6d000 	C:\WINDOWS\System32\windows.storage.dll
0x00007ffdc8ff0000 - 0x00007ffdc9041000 	C:\WINDOWS\System32\shlwapi.dll
0x00007ffdc7ea0000 - 0x00007ffdc7eb1000 	C:\WINDOWS\System32\kernel.appcore.dll
0x00007ffdc7f10000 - 0x00007ffdc7f2f000 	C:\WINDOWS\System32\profapi.dll
0x00007ffdc7ec0000 - 0x00007ffdc7f0c000 	C:\WINDOWS\System32\powrprof.dll
0x00007ffdc7e70000 - 0x00007ffdc7e7a000 	C:\WINDOWS\System32\FLTLIB.DLL
0x00007ffdb29a0000 - 0x00007ffdb29ba000 	C:\Program Files\JetBrains\IntelliJ IDEA Community Edition 2018.3.4\bin\breakgen64.dll
0x0000000061dc0000 - 0x0000000061dda000 	C:\Program Files\Java\jdk1.8.0_102\jre\bin\net.dll
0x00007ffdc7690000 - 0x00007ffdc76f6000 	C:\WINDOWS\system32\mswsock.dll
0x00007ffd9f330000 - 0x00007ffd9f41f000 	C:\Program Files\Java\jdk1.8.0_102\jre\bin\msvcr120.dll
0x00007ffd9f1c0000 - 0x00007ffd9f266000 	C:\Program Files\Java\jdk1.8.0_102\jre\bin\msvcp120.dll
0x0000000062070000 - 0x0000000062092000 	C:\Program Files\Java\jdk1.8.0_102\jre\bin\prism_d3d.dll
0x00007ffda5150000 - 0x00007ffda52e7000 	C:\WINDOWS\system32\d3d9.dll
0x00007ffdc62d0000 - 0x00007ffdc62f9000 	C:\WINDOWS\SYSTEM32\dwmapi.dll
0x00007ffdc61b0000 - 0x00007ffdc6248000 	C:\WINDOWS\system32\uxtheme.dll
0x00007ffd69260000 - 0x00007ffd6b79d000 	C:\WINDOWS\SYSTEM32\igdumdim64.dll
0x00007ffdca740000 - 0x00007ffdca802000 	C:\WINDOWS\System32\OLEAUT32.dll
0x00007ffdcb1b0000 - 0x00007ffdcb301000 	C:\WINDOWS\System32\ole32.dll
0x00007ffdcb380000 - 0x00007ffdcb7cb000 	C:\WINDOWS\System32\SETUPAPI.dll
0x0000000062020000 - 0x0000000062063000 	C:\Program Files\Java\jdk1.8.0_102\jre\bin\glass.dll
0x00007ffdcb0c0000 - 0x00007ffdcb1ad000 	C:\WINDOWS\System32\COMDLG32.dll
0x00007ffdc9050000 - 0x00007ffdc91c3000 	C:\WINDOWS\System32\MSCTF.dll
0x00007ffdc14a0000 - 0x00007ffdc1edf000 	C:\WINDOWS\SYSTEM32\igdusc64.dll
0x0000000062000000 - 0x0000000062014000 	C:\Program Files\Java\jdk1.8.0_102\jre\bin\javafx_font.dll
0x00007ffdbb450000 - 0x00007ffdbb76c000 	C:\WINDOWS\SYSTEM32\dwrite.dll
0x0000000061fb0000 - 0x0000000061fd3000 	C:\Program Files\Java\jdk1.8.0_102\jre\bin\javafx_iio.dll
0x0000000061f30000 - 0x0000000061fa3000 	C:\Program Files\Java\jdk1.8.0_102\jre\bin\glib-lite.dll
0x0000000061cf0000 - 0x0000000061d8c000 	C:\Program Files\Java\jdk1.8.0_102\jre\bin\gstreamer-lite.dll
0x00007ffda8c50000 - 0x00007ffda8cdf000 	C:\WINDOWS\SYSTEM32\DSOUND.dll
0x0000000061af0000 - 0x0000000061b15000 	C:\Program Files\Java\jdk1.8.0_102\jre\bin\jfxmedia.dll
0x00007ffdcaae0000 - 0x00007ffdcab80000 	C:\WINDOWS\System32\clbcatq.dll
0x00007ffdc42a0000 - 0x00007ffdc444e000 	C:\WINDOWS\SYSTEM32\WindowsCodecs.dll
0x00007ffda9f60000 - 0x00007ffda9fb8000 	C:\WINDOWS\system32\dataexchange.dll
0x00007ffdc4e00000 - 0x00007ffdc510b000 	C:\WINDOWS\system32\d3d11.dll
0x00007ffdc5570000 - 0x00007ffdc570c000 	C:\WINDOWS\system32\dcomp.dll
0x00007ffdc6890000 - 0x00007ffdc694b000 	C:\WINDOWS\system32\dxgi.dll
0x00007ffdc63b0000 - 0x00007ffdc6568000 	C:\WINDOWS\system32\twinapi.appcore.dll
0x00007ffdc6150000 - 0x00007ffdc6179000 	C:\WINDOWS\system32\RMCLIENT.dll
0x00007ffdac050000 - 0x00007ffdac084000 	C:\Program Files\Common Files\Microsoft Shared\Ink\rtscom.dll
0x0000000061fe0000 - 0x0000000061ff1000 	C:\Program Files\Java\jdk1.8.0_102\jre\bin\prism_common.dll
0x00007ffdc4640000 - 0x00007ffdc4c07000 	C:\WINDOWS\SYSTEM32\d2d1.dll
0x00007ffd97d50000 - 0x00007ffd984ce000 	C:\WINDOWS\SYSTEM32\D3D10Warp.dll
0x00007ffdbcf40000 - 0x00007ffdbcfd6000 	C:\WINDOWS\System32\TextInputFramework.dll
0x00007ffdc3df0000 - 0x00007ffdc410e000 	C:\WINDOWS\System32\CoreUIComponents.dll
0x00007ffdc5a90000 - 0x00007ffdc5b6a000 	C:\WINDOWS\System32\CoreMessaging.dll
0x00007ffdc6f60000 - 0x00007ffdc6f91000 	C:\WINDOWS\SYSTEM32\ntmarta.dll
0x00007ffdc3b50000 - 0x00007ffdc3c9d000 	C:\WINDOWS\SYSTEM32\wintypes.dll
0x00007ffdc6ae0000 - 0x00007ffdc6ca9000 	C:\WINDOWS\SYSTEM32\dbghelp.dll

VM Arguments:
jvm_args: -javaagent:C:\Program Files\JetBrains\IntelliJ IDEA Community Edition 2018.3.4\lib\idea_rt.jar=51707:C:\Program Files\JetBrains\IntelliJ IDEA Community Edition 2018.3.4\bin -Dfile.encoding=UTF-8 
java_command: ClientFX
java_class_path (initial): C:\Program Files\Java\jdk1.8.0_102\jre\lib\charsets.jar;C:\Program Files\Java\jdk1.8.0_102\jre\lib\deploy.jar;C:\Program Files\Java\jdk1.8.0_102\jre\lib\ext\access-bridge-64.jar;C:\Program Files\Java\jdk1.8.0_102\jre\lib\ext\cldrdata.jar;C:\Program Files\Java\jdk1.8.0_102\jre\lib\ext\dnsns.jar;C:\Program Files\Java\jdk1.8.0_102\jre\lib\ext\jaccess.jar;C:\Program Files\Java\jdk1.8.0_102\jre\lib\ext\jfxrt.jar;C:\Program Files\Java\jdk1.8.0_102\jre\lib\ext\localedata.jar;C:\Program Files\Java\jdk1.8.0_102\jre\lib\ext\nashorn.jar;C:\Program Files\Java\jdk1.8.0_102\jre\lib\ext\sunec.jar;C:\Program Files\Java\jdk1.8.0_102\jre\lib\ext\sunjce_provider.jar;C:\Program Files\Java\jdk1.8.0_102\jre\lib\ext\sunmscapi.jar;C:\Program Files\Java\jdk1.8.0_102\jre\lib\ext\sunpkcs11.jar;C:\Program Files\Java\jdk1.8.0_102\jre\lib\ext\zipfs.jar;C:\Program Files\Java\jdk1.8.0_102\jre\lib\javaws.jar;C:\Program Files\Java\jdk1.8.0_102\jre\lib\jce.jar;C:\Program Files\Java\jdk1.8.0_102\jre\lib\jfr.jar;C:\Program Files\Java\jdk1.8.0_102\jre\lib\jfxswt.jar;C:\Program Files\Java\jdk1.8.0_102\jre\lib\jsse.jar;C:\Program Files\Java\jdk1.8.0_102\jre\lib\management-agent.jar;C:\Program Files\Java\jdk1.8.0_102\jre\lib\plugin.jar;C:\Program Files\Java\jdk1.8.0_102\jre\lib\resources.jar;C:\Program Files\Java\jdk1.8.0_102\jre\lib\rt.jar;C:\Users\Don\Documents\GitHub\Project5\Client\out\production\Client;C:\Program Files\JetBrains\IntelliJ IDEA Community Edition 2018.3.4\lib\idea_rt.jar
Launcher Type: SUN_STANDARD

Environment Variables:
JAVA_HOME=C:\Program Files\Java\jdk1.8.0_172
CLASSPATH=.;
PATH=C:\Python27\;C:\Python27\Scripts;C:\Program Files (x86)\Common Files\Oracle\Java\javapath;C:\ProgramData\Oracle\Java\javapath;C:\Program Files (x86)\Intel\iCLS Client\;C:\Program Files\Intel\iCLS Client\;C:\WINDOWS\system32;C:\WINDOWS;C:\WINDOWS\System32\Wbem;C:\WINDOWS\System32\WindowsPowerShell\v1.0\;C:\Program Files\Hewlett-Packard\SimplePass\;C:\Program Files (x86)\Windows Live\Shared;C:\Program Files\Novell\iPrint;C:\WINDOWS\System32\OpenSSH\;C:\ProgramData\chocolatey\bin;C:\Program Files\Java\jdk1.8.0_172\bin;C:\TDM-GCC-64\bin;C:\Program Files\PuTTY\;C:\Program Files\Intel\Intel(R) Management Engine Components\DAL;C:\Program Files\Intel\Intel(R) Management Engine Components\IPT;C:\Program Files\dotnet\;C:\Program Files\Git\cmd;C:\Program Files\nodejs\;C:\Users\Don\AppData\Local\Microsoft\WindowsApps;C:\Users\Don\AndroidAppData\platform-tools;C:\Users\Don\AppData\Local\Programs\Microsoft VS Code\bin;C:\Users\Don\.dotnet\tools;C:\Program Files (x86)\Java\jdk1.8.0_102\bin;;C:\Users\Don\AppData\Local\Programs\Azure Data Studio\bin;C:\Users\Don\AppData\Roaming\npm
USERNAME=Don
OS=Windows_NT
PROCESSOR_IDENTIFIER=Intel64 Family 6 Model 61 Stepping 4, GenuineIntel



---------------  S Y S T E M  ---------------

OS: Windows 10.0 , 64 bit Build 17134 (10.0.17134.706)

CPU:total 4 (2 cores per cpu, 2 threads per core) family 6 model 61 stepping 4, cmov, cx8, fxsr, mmx, sse, sse2, sse3, ssse3, sse4.1, sse4.2, popcnt, avx, avx2, aes, clmul, erms, 3dnowpref, lzcnt, ht, tsc, tscinvbit, bmi1, bmi2, adx

Memory: 4k page, physical 6211852k(1103376k free), swap 11454732k(2247600k free)

vm_info: Java HotSpot(TM) 64-Bit Server VM (25.102-b14) for windows-amd64 JRE (1.8.0_102-b14), built on Jun 22 2016 13:15:21 by "java_re" with MS VC++ 10.0 (VS2010)

time: Sun May 05 16:22:26 2019
elapsed time: 208 seconds (0d 0h 3m 28s)

