#
# A fatal error has been detected by the Java Runtime Environment:
#
#  EXCEPTION_ACCESS_VIOLATION (0xc0000005) at pc=0x00007ffd69ab78b0, pid=17664, tid=0x0000000000004668
#
# JRE version: Java(TM) SE Runtime Environment (8.0_201-b09) (build 1.8.0_201-b09)
# Java VM: Java HotSpot(TM) 64-Bit Server VM (25.201-b09 mixed mode windows-amd64 compressed oops)
# Problematic frame:
# C  [glass.dll+0x278b0]
#
# Failed to write core dump. Minidumps are not enabled by default on client versions of Windows
#
# If you would like to submit a bug report, please visit:
#   http://bugreport.java.com/bugreport/crash.jsp
#

---------------  T H R E A D  ---------------

Current thread (0x000000001c358800):  VMThread [stack: 0x000000001e060000,0x000000001e160000] [id=18024]

siginfo: ExceptionCode=0xc0000005, reading address 0x0000000000000000

Registers:
RAX=0x0000000000000000, RBX=0x000000001f215b08, RCX=0x000000001c358800, RDX=0x00000000725214d8
RSP=0x000000001e15f520, RBP=0x00000000006bc158, RSI=0x00000000006bc130, RDI=0x000044466bca0cf3
R8 =0x0000000000010002, R9 =0x0000000000000033, R10=0x000044466bca0cf3, R11=0x000000001e15f430
R12=0x0000000000000000, R13=0x0000000000000040, R14=0x000000001e15f638, R15=0x00000000006bc130
RIP=0x00007ffd69ab78b0, EFLAGS=0x0000000000010206

Top of Stack: (sp=0x000000001e15f520)
0x000000001e15f520:   0000000000000000 00007ffd89d788db
0x000000001e15f530:   00000000006bc140 00000000006bc140
0x000000001e15f540:   fffffffffffffffe 00007ffd69acc1b0
0x000000001e15f550:   00000000006bc138 00007ffd89d7fcb3
0x000000001e15f560:   00000000006bc150 00007ffd00000000
0x000000001e15f570:   000030cda567684f 0000000024d40b10
0x000000001e15f580:   fffffffffffffffe 00007ffd89d7fb5d
0x000000001e15f590:   0000000000000001 00007ffd69a90000
0x000000001e15f5a0:   0000000000651638 00007ffd69ab48dc
0x000000001e15f5b0:   000000001e15f628 00007ffd89d7f967
0x000000001e15f5c0:   0000000000000000 000000001e15f638
0x000000001e15f5d0:   000000001c1e5400 00007ffd89e5a080
0x000000001e15f5e0:   0000000000000000 00007ffd89d7f924
0x000000001e15f5f0:   0000000000000000 0000000000000001
0x000000001e15f600:   0000000024d40b10 000000001e15f628
0x000000001e15f610:   0000000000000001 00007ffd69ab4752 

Instructions: (pc=0x00007ffd69ab78b0)
0x00007ffd69ab7890:   40 53 48 83 ec 30 48 c7 44 24 20 fe ff ff ff 48
0x00007ffd69ab78a0:   8b 1d 7a 72 01 00 48 85 db 74 16 e8 00 81 ff ff
0x00007ffd69ab78b0:   4c 8b 00 48 8b d3 48 8b c8 41 ff 90 b0 00 00 00
0x00007ffd69ab78c0:   90 48 83 c4 30 5b c3 cc cc cc cc cc cc cc cc cc 


Register to memory mapping:

RAX=0x0000000000000000 is an unknown value
RBX=0x000000001f215b08 is a global jni handle
RCX=0x000000001c358800 is an unknown value
RDX=0x00000000725214d8 is an unknown value
RSP=0x000000001e15f520 is an unknown value
RBP=0x00000000006bc158 is an unknown value
RSI=0x00000000006bc130 is an unknown value
RDI=0x000044466bca0cf3 is an unknown value
R8 =0x0000000000010002 is an unknown value
R9 =0x0000000000000033 is an unknown value
R10=0x000044466bca0cf3 is an unknown value
R11=0x000000001e15f430 is an unknown value
R12=0x0000000000000000 is an unknown value
R13=0x0000000000000040 is an unknown value
R14=0x000000001e15f638 is an unknown value
R15=0x00000000006bc130 is an unknown value


Stack: [0x000000001e060000,0x000000001e160000],  sp=0x000000001e15f520,  free space=1021k
Native frames: (J=compiled Java code, j=interpreted, Vv=VM code, C=native code)
C  [glass.dll+0x278b0]
C  [ucrtbase.dll+0xfcb3]
C  [ucrtbase.dll+0xf967]
C  [ucrtbase.dll+0xf924]
C  [glass.dll+0x24752]
C  [glass.dll+0x24850]
C  [ntdll.dll+0x3b583]
C  [ntdll.dll+0x47f85]
C  [ntdll.dll+0x47e48]
C  [KERNEL32.DLL+0x1ca7a]
C  [msvcr100.dll+0x20cf5]
V  [jvm.dll+0x213ed5]
V  [jvm.dll+0x24d407]
V  [jvm.dll+0x24c6a6]
V  [jvm.dll+0x24cb41]
V  [jvm.dll+0x24cd5e]
V  [jvm.dll+0x29fb6a]
C  [msvcr100.dll+0x21db7]
C  [msvcr100.dll+0x21e53]
C  [KERNEL32.DLL+0x14034]
C  [ntdll.dll+0x73691]

VM_Operation (0x000000002083aa40): Exit, mode: safepoint, requested by thread 0x000000001f20c000


---------------  P R O C E S S  ---------------

Java Threads: ( => current thread )
  0x000000001f840800 JavaThread "Thread-6" [_thread_blocked, id=948, stack(0x000000002e250000,0x000000002e350000)]
  0x000000002af39800 JavaThread "Media Resource Disposer" daemon [_thread_blocked, id=19212, stack(0x000000002b9a0000,0x000000002baa0000)]
  0x000000001f29b800 JavaThread "Prism Font Disposer" daemon [_thread_blocked, id=14660, stack(0x000000002a490000,0x000000002a590000)]
  0x000000001f2a5800 JavaThread "Thread-3" daemon [_thread_in_native, id=15708, stack(0x00000000290f0000,0x00000000291f0000)]
  0x000000001f2a3800 JavaThread "JavaFX-Launcher" [_thread_blocked, id=17792, stack(0x00000000291f0000,0x00000000292f0000)]
  0x000000001f20c000 JavaThread "JavaFX Application Thread" [_thread_blocked, id=6232, stack(0x0000000020740000,0x0000000020840000)]
  0x000000001f20a000 JavaThread "Thread-1" daemon [_thread_blocked, id=2044, stack(0x00000000203d0000,0x00000000204d0000)]
  0x000000001f1e3000 JavaThread "QuantumRenderer-0" daemon [_thread_blocked, id=19864, stack(0x000000001fb90000,0x000000001fc90000)]
  0x000000001e2d1000 JavaThread "Service Thread" daemon [_thread_blocked, id=18560, stack(0x000000001ef50000,0x000000001f050000)]
  0x000000001e1d4800 JavaThread "C1 CompilerThread3" daemon [_thread_blocked, id=9480, stack(0x000000001ee50000,0x000000001ef50000)]
  0x000000001e1d3800 JavaThread "C2 CompilerThread2" daemon [_thread_blocked, id=18460, stack(0x000000001ed50000,0x000000001ee50000)]
  0x000000001e1d3000 JavaThread "C2 CompilerThread1" daemon [_thread_blocked, id=19804, stack(0x000000001ec50000,0x000000001ed50000)]
  0x000000001e1d1000 JavaThread "C2 CompilerThread0" daemon [_thread_blocked, id=15176, stack(0x000000001eb50000,0x000000001ec50000)]
  0x000000001e225800 JavaThread "Monitor Ctrl-Break" daemon [_thread_in_native, id=10640, stack(0x000000001ea50000,0x000000001eb50000)]
  0x000000001e190800 JavaThread "Attach Listener" daemon [_thread_blocked, id=15776, stack(0x000000001e950000,0x000000001ea50000)]
  0x000000001c36e800 JavaThread "Signal Dispatcher" daemon [_thread_blocked, id=11972, stack(0x000000001e850000,0x000000001e950000)]
  0x000000001e180800 JavaThread "Finalizer" daemon [_thread_blocked, id=16432, stack(0x000000001e660000,0x000000001e760000)]
  0x000000001c35d000 JavaThread "Reference Handler" daemon [_thread_blocked, id=10144, stack(0x000000001e560000,0x000000001e660000)]
  0x00000000027c3000 JavaThread "main" [_thread_blocked, id=8452, stack(0x0000000002520000,0x0000000002620000)]

Other Threads:
=>0x000000001c358800 VMThread [stack: 0x000000001e060000,0x000000001e160000] [id=18024]

VM state:at safepoint (shutting down)

VM Mutex/Monitor currently owned by a thread:  ([mutex/lock_event])
[0x000000000065e380] Threads_lock - owner thread: 0x000000001c358800

heap address: 0x00000006c0e00000, size: 4082 MB, Compressed Oops mode: Zero based, Oop shift amount: 3
Narrow klass base: 0x0000000000000000, Narrow klass shift: 3
Compressed class space size: 1073741824 Address: 0x00000007c0000000

Heap:
 PSYoungGen      total 141824K, used 60090K [0x000000076af80000, 0x000000077d680000, 0x00000007c0000000)
  eden space 131072K, 37% used [0x000000076af80000,0x000000076dfb1988,0x0000000772f80000)
  from space 10752K, 99% used [0x0000000772f80000,0x00000007739fd140,0x0000000773a00000)
  to   space 71680K, 0% used [0x0000000779080000,0x0000000779080000,0x000000077d680000)
 ParOldGen       total 281600K, used 181294K [0x00000006c0e00000, 0x00000006d2100000, 0x000000076af80000)
  object space 281600K, 64% used [0x00000006c0e00000,0x00000006cbf0b8b8,0x00000006d2100000)
 Metaspace       used 18788K, capacity 19962K, committed 20096K, reserved 1067008K
  class space    used 2636K, capacity 2891K, committed 2944K, reserved 1048576K

Card table byte_map: [0x0000000011c80000,0x0000000012480000] byte_map_base: 0x000000000e679000

Marking Bits: (ParMarkBitMap*) 0x0000000072714ce0
 Begin Bits: [0x00000000131e0000, 0x00000000171a8000)
 End Bits:   [0x00000000171a8000, 0x000000001b170000)

Polling page: 0x0000000000690000

CodeCache: size=245760Kb used=10829Kb max_used=10839Kb free=234930Kb
 bounds [0x00000000028c0000, 0x0000000003370000, 0x00000000118c0000]
 total_blobs=4027 nmethods=3353 adapters=584
 compilation: enabled

Compilation events (10 events):
Event: 262.741 Thread 0x000000001e1d1000 3785       4       sun.reflect.ByteVectorImpl::add (38 bytes)
Event: 262.741 Thread 0x000000001e1d3800 3786       4       sun.reflect.ClassFileAssembler::emitByte (11 bytes)
Event: 262.741 Thread 0x000000001e1d4800 nmethod 3784 0x000000000334e7d0 code [0x000000000334e9c0, 0x000000000334f2c8]
Event: 262.742 Thread 0x000000001e1d4800 3787       3       java.lang.reflect.Executable::<init> (5 bytes)
Event: 262.742 Thread 0x000000001e1d4800 nmethod 3787 0x000000000334e390 code [0x000000000334e500, 0x000000000334e710]
Event: 262.742 Thread 0x000000001e1d1000 nmethod 3785 0x000000000334e010 code [0x000000000334e160, 0x000000000334e268]
Event: 262.742 Thread 0x000000001e1d3800 nmethod 3786 0x000000000334dc10 code [0x000000000334dd60, 0x000000000334de88]
Event: 262.743 Thread 0x000000001e1d3000 nmethod 3783 0x000000000335de50 code [0x000000000335dfa0, 0x000000000335e318]
Event: 262.747 Thread 0x000000001e1d4800 3788       3       javafx.beans.property.ReadOnlyDoubleWrapper::fireValueChangedEvent (19 bytes)
Event: 262.747 Thread 0x000000001e1d4800 nmethod 3788 0x000000000335d4d0 code [0x000000000335d680, 0x000000000335dc18]

GC Heap History (10 events):
Event: 1.488 GC heap before
{Heap before GC invocations=2 (full 0):
 PSYoungGen      total 76288K, used 74594K [0x000000076af80000, 0x0000000770480000, 0x00000007c0000000)
  eden space 65536K, 97% used [0x000000076af80000,0x000000076eddb280,0x000000076ef80000)
  from space 10752K, 99% used [0x000000076ef80000,0x000000076f9fd688,0x000000076fa00000)
  to   space 10752K, 0% used [0x000000076fa00000,0x000000076fa00000,0x0000000770480000)
 ParOldGen       total 175104K, used 17904K [0x00000006c0e00000, 0x00000006cb900000, 0x000000076af80000)
  object space 175104K, 10% used [0x00000006c0e00000,0x00000006c1f7c220,0x00000006cb900000)
 Metaspace       used 12801K, capacity 13398K, committed 13568K, reserved 1060864K
  class space    used 1783K, capacity 1925K, committed 2048K, reserved 1048576K
Event: 1.509 GC heap after
Heap after GC invocations=2 (full 0):
 PSYoungGen      total 76288K, used 10745K [0x000000076af80000, 0x0000000774480000, 0x00000007c0000000)
  eden space 65536K, 0% used [0x000000076af80000,0x000000076af80000,0x000000076ef80000)
  from space 10752K, 99% used [0x000000076fa00000,0x000000077047e6c0,0x0000000770480000)
  to   space 10752K, 0% used [0x000000076ef80000,0x000000076ef80000,0x000000076fa00000)
 ParOldGen       total 175104K, used 64344K [0x00000006c0e00000, 0x00000006cb900000, 0x000000076af80000)
  object space 175104K, 36% used [0x00000006c0e00000,0x00000006c4cd63d0,0x00000006cb900000)
 Metaspace       used 12801K, capacity 13398K, committed 13568K, reserved 1060864K
  class space    used 1783K, capacity 1925K, committed 2048K, reserved 1048576K
}
Event: 1.701 GC heap before
{Heap before GC invocations=3 (full 0):
 PSYoungGen      total 76288K, used 76281K [0x000000076af80000, 0x0000000774480000, 0x00000007c0000000)
  eden space 65536K, 100% used [0x000000076af80000,0x000000076ef80000,0x000000076ef80000)
  from space 10752K, 99% used [0x000000076fa00000,0x000000077047e6c0,0x0000000770480000)
  to   space 10752K, 0% used [0x000000076ef80000,0x000000076ef80000,0x000000076fa00000)
 ParOldGen       total 175104K, used 64344K [0x00000006c0e00000, 0x00000006cb900000, 0x000000076af80000)
  object space 175104K, 36% used [0x00000006c0e00000,0x00000006c4cd63d0,0x00000006cb900000)
 Metaspace       used 12820K, capacity 13398K, committed 13568K, reserved 1060864K
  class space    used 1783K, capacity 1925K, committed 2048K, reserved 1048576K
Event: 1.715 GC heap after
Heap after GC invocations=3 (full 0):
 PSYoungGen      total 76288K, used 10734K [0x000000076af80000, 0x0000000774480000, 0x00000007c0000000)
  eden space 65536K, 0% used [0x000000076af80000,0x000000076af80000,0x000000076ef80000)
  from space 10752K, 99% used [0x000000076ef80000,0x000000076f9fb8f0,0x000000076fa00000)
  to   space 10752K, 0% used [0x0000000773a00000,0x0000000773a00000,0x0000000774480000)
 ParOldGen       total 175104K, used 113718K [0x00000006c0e00000, 0x00000006cb900000, 0x000000076af80000)
  object space 175104K, 64% used [0x00000006c0e00000,0x00000006c7d0dac8,0x00000006cb900000)
 Metaspace       used 12820K, capacity 13398K, committed 13568K, reserved 1060864K
  class space    used 1783K, capacity 1925K, committed 2048K, reserved 1048576K
}
Event: 1.715 GC heap before
{Heap before GC invocations=4 (full 1):
 PSYoungGen      total 76288K, used 10734K [0x000000076af80000, 0x0000000774480000, 0x00000007c0000000)
  eden space 65536K, 0% used [0x000000076af80000,0x000000076af80000,0x000000076ef80000)
  from space 10752K, 99% used [0x000000076ef80000,0x000000076f9fb8f0,0x000000076fa00000)
  to   space 10752K, 0% used [0x0000000773a00000,0x0000000773a00000,0x0000000774480000)
 ParOldGen       total 175104K, used 113718K [0x00000006c0e00000, 0x00000006cb900000, 0x000000076af80000)
  object space 175104K, 64% used [0x00000006c0e00000,0x00000006c7d0dac8,0x00000006cb900000)
 Metaspace       used 12820K, capacity 13398K, committed 13568K, reserved 1060864K
  class space    used 1783K, capacity 1925K, committed 2048K, reserved 1048576K
Event: 1.765 GC heap after
Heap after GC invocations=4 (full 1):
 PSYoungGen      total 76288K, used 0K [0x000000076af80000, 0x0000000774480000, 0x00000007c0000000)
  eden space 65536K, 0% used [0x000000076af80000,0x000000076af80000,0x000000076ef80000)
  from space 10752K, 0% used [0x000000076ef80000,0x000000076ef80000,0x000000076fa00000)
  to   space 10752K, 0% used [0x0000000773a00000,0x0000000773a00000,0x0000000774480000)
 ParOldGen       total 281600K, used 124183K [0x00000006c0e00000, 0x00000006d2100000, 0x000000076af80000)
  object space 281600K, 44% used [0x00000006c0e00000,0x00000006c8745e38,0x00000006d2100000)
 Metaspace       used 12820K, capacity 13398K, committed 13568K, reserved 1060864K
  class space    used 1783K, capacity 1925K, committed 2048K, reserved 1048576K
}
Event: 2.043 GC heap before
{Heap before GC invocations=5 (full 1):
 PSYoungGen      total 76288K, used 65199K [0x000000076af80000, 0x0000000774480000, 0x00000007c0000000)
  eden space 65536K, 99% used [0x000000076af80000,0x000000076ef2be78,0x000000076ef80000)
  from space 10752K, 0% used [0x000000076ef80000,0x000000076ef80000,0x000000076fa00000)
  to   space 10752K, 0% used [0x0000000773a00000,0x0000000773a00000,0x0000000774480000)
 ParOldGen       total 281600K, used 124183K [0x00000006c0e00000, 0x00000006d2100000, 0x000000076af80000)
  object space 281600K, 44% used [0x00000006c0e00000,0x00000006c8745e38,0x00000006d2100000)
 Metaspace       used 12833K, capacity 13410K, committed 13568K, reserved 1060864K
  class space    used 1784K, capacity 1927K, committed 2048K, reserved 1048576K
Event: 2.060 GC heap after
Heap after GC invocations=5 (full 1):
 PSYoungGen      total 115200K, used 10731K [0x000000076af80000, 0x0000000774480000, 0x00000007c0000000)
  eden space 104448K, 0% used [0x000000076af80000,0x000000076af80000,0x0000000771580000)
  from space 10752K, 99% used [0x0000000773a00000,0x000000077447ac58,0x0000000774480000)
  to   space 10752K, 0% used [0x0000000772f80000,0x0000000772f80000,0x0000000773a00000)
 ParOldGen       total 281600K, used 164322K [0x00000006c0e00000, 0x00000006d2100000, 0x000000076af80000)
  object space 281600K, 58% used [0x00000006c0e00000,0x00000006cae78bf0,0x00000006d2100000)
 Metaspace       used 12833K, capacity 13410K, committed 13568K, reserved 1060864K
  class space    used 1784K, capacity 1927K, committed 2048K, reserved 1048576K
}
Event: 139.088 GC heap before
{Heap before GC invocations=6 (full 1):
 PSYoungGen      total 115200K, used 115179K [0x000000076af80000, 0x0000000774480000, 0x00000007c0000000)
  eden space 104448K, 100% used [0x000000076af80000,0x0000000771580000,0x0000000771580000)
  from space 10752K, 99% used [0x0000000773a00000,0x000000077447ac58,0x0000000774480000)
  to   space 10752K, 0% used [0x0000000772f80000,0x0000000772f80000,0x0000000773a00000)
 ParOldGen       total 281600K, used 164322K [0x00000006c0e00000, 0x00000006d2100000, 0x000000076af80000)
  object space 281600K, 58% used [0x00000006c0e00000,0x00000006cae78bf0,0x00000006d2100000)
 Metaspace       used 18624K, capacity 19826K, committed 20096K, reserved 1067008K
  class space    used 2621K, capacity 2879K, committed 2944K, reserved 1048576K
Event: 139.111 GC heap after
Heap after GC invocations=6 (full 1):
 PSYoungGen      total 141824K, used 10740K [0x000000076af80000, 0x000000077d680000, 0x00000007c0000000)
  eden space 131072K, 0% used [0x000000076af80000,0x000000076af80000,0x0000000772f80000)
  from space 10752K, 99% used [0x0000000772f80000,0x00000007739fd140,0x0000000773a00000)
  to   space 71680K, 0% used [0x0000000779080000,0x0000000779080000,0x000000077d680000)
 ParOldGen       total 281600K, used 181294K [0x00000006c0e00000, 0x00000006d2100000, 0x000000076af80000)
  object space 281600K, 64% used [0x00000006c0e00000,0x00000006cbf0b8b8,0x00000006d2100000)
 Metaspace       used 18624K, capacity 19826K, committed 20096K, reserved 1067008K
  class space    used 2621K, capacity 2879K, committed 2944K, reserved 1048576K
}

Deoptimization events (10 events):
Event: 15.035 Thread 0x000000001f1e3000 Uncommon trap: reason=unstable_if action=reinterpret pc=0x000000000310b320 method=java.lang.Math.round(F)I @ 36
Event: 142.086 Thread 0x000000001f83c000 Uncommon trap: reason=unstable_if action=reinterpret pc=0x000000000300e8b0 method=java.util.concurrent.LinkedBlockingDeque.linkLast(Ljava/util/concurrent/LinkedBlockingDeque$Node;)Z @ 32
Event: 186.135 Thread 0x000000001f20c000 Uncommon trap: reason=unstable_if action=reinterpret pc=0x00000000031f4fe0 method=java.lang.StrictMath.floorOrCeil(DDDD)D @ 38
Event: 186.138 Thread 0x000000001f20c000 Uncommon trap: reason=unstable_if action=reinterpret pc=0x0000000003022ff8 method=java.util.WeakHashMap.expungeStaleEntries()V @ 9
Event: 186.138 Thread 0x000000001f20c000 Uncommon trap: reason=unstable_if action=reinterpret pc=0x0000000003268354 method=com.sun.javafx.text.GlyphLayout.breakRuns(Lcom/sun/javafx/text/PrismTextLayout;[CI)I @ 854
Event: 186.148 Thread 0x000000001f20c000 Uncommon trap: reason=unstable_if action=reinterpret pc=0x0000000002c3bc8c method=javafx.scene.Scene$ScenePulseListener.pulse()V @ 24
Event: 262.749 Thread 0x000000001f83c800 Uncommon trap: reason=unstable_if action=reinterpret pc=0x0000000002d3c79c method=java.util.concurrent.locks.ReentrantLock$NonfairSync.lock()V @ 6
Event: 262.749 Thread 0x000000001f83c800 Uncommon trap: reason=unstable_if action=reinterpret pc=0x0000000002cadbd8 method=java.util.concurrent.locks.ReentrantLock$Sync.nonfairTryAcquire(I)Z @ 10
Event: 262.749 Thread 0x000000001f83c800 Uncommon trap: reason=unstable_if action=reinterpret pc=0x000000000320d1c4 method=java.util.concurrent.locks.ReentrantLock$Sync.tryRelease(I)Z @ 28
Event: 262.749 Thread 0x000000001f1e3000 Uncommon trap: reason=unstable_if action=reinterpret pc=0x0000000002bb1d8c method=java.util.concurrent.locks.AbstractQueuedSynchronizer$ConditionObject.checkInterruptWhileWaiting(Ljava/util/concurrent/locks/AbstractQueuedSynchronizer$Node;)I @ 3

Classes redefined (0 events):
No events

Internal exceptions (10 events):
Event: 0.723 Thread 0x000000001f20c000 Implicit null exception at 0x0000000002b44bb5 to 0x0000000002b44dad
Event: 1.306 Thread 0x000000001f20c000 Exception <a 'java/lang/UnsatisfiedLinkError': com.sun.media.jfxmediaimpl.NativeAudioClip.nacInit()Z> (0x000000076cef74f8) thrown at [C:\re\workspace\8-2-build-windows-amd64-cygwin\jdk8u201\12322\hotspot\src\share\vm\prims\nativeLookup.cpp, line 378]
Event: 1.307 Thread 0x000000001f20c000 Exception <a 'java/lang/UnsatisfiedLinkError': com.sun.media.jfxmedia.logging.Logger.nativeSetNativeLevel(I)V> (0x000000076cefbd20) thrown at [C:\re\workspace\8-2-build-windows-amd64-cygwin\jdk8u201\12322\hotspot\src\share\vm\prims\nativeLookup.cpp, line 
Event: 1.320 Thread 0x000000001f20c000 Implicit null exception at 0x0000000002ae3056 to 0x0000000002ae33f9
Event: 2.443 Thread 0x000000001f20c000 Implicit null exception at 0x0000000002c24b76 to 0x0000000002c25d0d
Event: 253.192 Thread 0x000000001f83c800 Exception <a 'sun/net/ConnectionResetException': > (0x000000076dc32488) thrown at [C:\re\workspace\8-2-build-windows-amd64-cygwin\jdk8u201\12322\hotspot\src\share\vm\prims\jni.cpp, line 735]
Event: 253.192 Thread 0x000000001f83c800 Exception <a 'sun/net/ConnectionResetException': > (0x000000076dc326b8) thrown at [C:\re\workspace\8-2-build-windows-amd64-cygwin\jdk8u201\12322\hotspot\src\share\vm\prims\jni.cpp, line 735]
Event: 262.740 Thread 0x000000001f20c000 Exception <a 'java/net/SocketException': Socket closed> (0x000000076de4b300) thrown at [C:\re\workspace\8-2-build-windows-amd64-cygwin\jdk8u201\12322\hotspot\src\share\vm\prims\jni.cpp, line 735]
Event: 262.742 Thread 0x000000001f20c000 Exception <a 'java/net/SocketException': Socket closed> (0x000000076de726d8) thrown at [C:\re\workspace\8-2-build-windows-amd64-cygwin\jdk8u201\12322\hotspot\src\share\vm\prims\jni.cpp, line 735]
Event: 262.750 Thread 0x000000001f83c800 Exception <a 'java/lang/IllegalStateException'> (0x000000076df351f8) thrown at [C:\re\workspace\8-2-build-windows-amd64-cygwin\jdk8u201\12322\hotspot\src\share\vm\prims\jvm.cpp, line 1506]

Events (10 events):
Event: 262.749 Thread 0x000000001f83c800 DEOPT UNPACKING pc=0x000000000290583b sp=0x000000002e85e578 mode 2
Event: 262.749 Thread 0x000000001f1e3000 Uncommon trap: trap_request=0xffffff65 fr.pc=0x0000000002bb1d8c
Event: 262.749 Thread 0x000000001f1e3000 DEOPT PACKING pc=0x0000000002bb1d8c sp=0x000000001fc8f270
Event: 262.749 Thread 0x000000001f1e3000 DEOPT UNPACKING pc=0x000000000290583b sp=0x000000001fc8f1d0 mode 2
Event: 262.749 loading class com/sun/javafx/tk/quantum/QuantumToolkit
Event: 262.749 loading class com/sun/javafx/tk/quantum/QuantumToolkit done
Event: 262.749 loading class java/util/LinkedList$ListItr
Event: 262.750 loading class java/util/LinkedList$ListItr done
Event: 262.750 Thread 0x000000001f83c800 Thread exited: 0x000000001f83c800
Event: 262.750 Executing VM operation: Exit


Dynamic libraries:
0x00007ff628700000 - 0x00007ff628737000 	C:\Program Files\Java\jdk1.8.0_201\bin\java.exe
0x00007ffd8d5b0000 - 0x00007ffd8d791000 	C:\WINDOWS\SYSTEM32\ntdll.dll
0x00007ffd8cd70000 - 0x00007ffd8ce21000 	C:\WINDOWS\System32\KERNEL32.DLL
0x00007ffd8a7c0000 - 0x00007ffd8aa33000 	C:\WINDOWS\System32\KERNELBASE.dll
0x00007ffd8bea0000 - 0x00007ffd8bf41000 	C:\WINDOWS\System32\ADVAPI32.dll
0x00007ffd8c850000 - 0x00007ffd8c8ee000 	C:\WINDOWS\System32\msvcrt.dll
0x00007ffd8d4c0000 - 0x00007ffd8d51b000 	C:\WINDOWS\System32\sechost.dll
0x00007ffd8ce60000 - 0x00007ffd8cf84000 	C:\WINDOWS\System32\RPCRT4.dll
0x00007ffd8bf60000 - 0x00007ffd8c0f0000 	C:\WINDOWS\System32\USER32.dll
0x00007ffd8a580000 - 0x00007ffd8a5a0000 	C:\WINDOWS\System32\win32u.dll
0x00007ffd8cd30000 - 0x00007ffd8cd58000 	C:\WINDOWS\System32\GDI32.dll
0x00007ffd8a620000 - 0x00007ffd8a7b2000 	C:\WINDOWS\System32\gdi32full.dll
0x00007ffd89980000 - 0x00007ffd89a1f000 	C:\WINDOWS\System32\msvcp_win.dll
0x00007ffd89d70000 - 0x00007ffd89e68000 	C:\WINDOWS\System32\ucrtbase.dll
0x00007ffd7df40000 - 0x00007ffd7e1a9000 	C:\WINDOWS\WinSxS\amd64_microsoft.windows.common-controls_6595b64144ccf1df_6.0.17134.706_none_fb43a2cb30647007\COMCTL32.dll
0x00007ffd8c0f0000 - 0x00007ffd8c412000 	C:\WINDOWS\System32\combase.dll
0x00007ffd8a5a0000 - 0x00007ffd8a61a000 	C:\WINDOWS\System32\bcryptPrimitives.dll
0x00007ffd8ce30000 - 0x00007ffd8ce5d000 	C:\WINDOWS\System32\IMM32.DLL
0x00000000727a0000 - 0x0000000072871000 	C:\Program Files\Java\jdk1.8.0_201\jre\bin\msvcr100.dll
0x0000000071ef0000 - 0x0000000072794000 	C:\Program Files\Java\jdk1.8.0_201\jre\bin\server\jvm.dll
0x00007ffd8bf50000 - 0x00007ffd8bf58000 	C:\WINDOWS\System32\PSAPI.DLL
0x00007ffd84d20000 - 0x00007ffd84d2a000 	C:\WINDOWS\SYSTEM32\VERSION.dll
0x00007ffd7fd70000 - 0x00007ffd7fd93000 	C:\WINDOWS\SYSTEM32\WINMM.dll
0x00007ffd85ea0000 - 0x00007ffd85ea9000 	C:\WINDOWS\SYSTEM32\WSOCK32.dll
0x00007ffd8c970000 - 0x00007ffd8c9dc000 	C:\WINDOWS\System32\WS2_32.dll
0x00007ffd7f680000 - 0x00007ffd7f6aa000 	C:\WINDOWS\SYSTEM32\WINMMBASE.dll
0x00007ffd89c70000 - 0x00007ffd89cb9000 	C:\WINDOWS\System32\cfgmgr32.dll
0x00007ffd86740000 - 0x00007ffd8674f000 	C:\Program Files\Java\jdk1.8.0_201\jre\bin\verify.dll
0x00007ffd7f310000 - 0x00007ffd7f339000 	C:\Program Files\Java\jdk1.8.0_201\jre\bin\java.dll
0x00007ffd7a740000 - 0x00007ffd7a763000 	C:\Program Files\Java\jdk1.8.0_201\jre\bin\instrument.dll
0x00007ffd7f2f0000 - 0x00007ffd7f306000 	C:\Program Files\Java\jdk1.8.0_201\jre\bin\zip.dll
0x00007ffd8aa60000 - 0x00007ffd8bea0000 	C:\WINDOWS\System32\SHELL32.dll
0x00007ffd8cc20000 - 0x00007ffd8ccc9000 	C:\WINDOWS\System32\shcore.dll
0x00007ffd89e70000 - 0x00007ffd8a57d000 	C:\WINDOWS\System32\windows.storage.dll
0x00007ffd8c670000 - 0x00007ffd8c6c1000 	C:\WINDOWS\System32\shlwapi.dll
0x00007ffd89940000 - 0x00007ffd89951000 	C:\WINDOWS\System32\kernel.appcore.dll
0x00007ffd89960000 - 0x00007ffd8997f000 	C:\WINDOWS\System32\profapi.dll
0x00007ffd898f0000 - 0x00007ffd8993c000 	C:\WINDOWS\System32\powrprof.dll
0x00007ffd898c0000 - 0x00007ffd898ca000 	C:\WINDOWS\System32\FLTLIB.DLL
0x00007ffd7b380000 - 0x00007ffd7b39a000 	C:\Program Files\JetBrains\IntelliJ IDEA Community Edition 2018.3.4\bin\breakgen64.dll
0x00007ffd7f2c0000 - 0x00007ffd7f2da000 	C:\Program Files\Java\jdk1.8.0_201\jre\bin\net.dll
0x00007ffd80990000 - 0x00007ffd80b58000 	C:\WINDOWS\SYSTEM32\urlmon.dll
0x00007ffd80230000 - 0x00007ffd804d6000 	C:\WINDOWS\SYSTEM32\iertutil.dll
0x00007ffd892b0000 - 0x00007ffd892bb000 	C:\WINDOWS\SYSTEM32\CRYPTBASE.DLL
0x00007ffd890e0000 - 0x00007ffd89146000 	C:\WINDOWS\system32\mswsock.dll
0x0000000002670000 - 0x0000000002673000 	C:\Program Files\Java\jdk1.8.0_201\jre\bin\api-ms-win-core-console-l1-1-0.dll
0x0000000002680000 - 0x0000000002683000 	C:\Program Files\Java\jdk1.8.0_201\jre\bin\api-ms-win-core-datetime-l1-1-0.dll
0x0000000002690000 - 0x0000000002693000 	C:\Program Files\Java\jdk1.8.0_201\jre\bin\api-ms-win-core-debug-l1-1-0.dll
0x00000000026a0000 - 0x00000000026a3000 	C:\Program Files\Java\jdk1.8.0_201\jre\bin\api-ms-win-core-errorhandling-l1-1-0.dll
0x000000001f950000 - 0x000000001f954000 	C:\Program Files\Java\jdk1.8.0_201\jre\bin\api-ms-win-core-file-l1-1-0.dll
0x000000001f960000 - 0x000000001f963000 	C:\Program Files\Java\jdk1.8.0_201\jre\bin\api-ms-win-core-file-l1-2-0.dll
0x000000001f970000 - 0x000000001f973000 	C:\Program Files\Java\jdk1.8.0_201\jre\bin\api-ms-win-core-file-l2-1-0.dll
0x000000001f980000 - 0x000000001f983000 	C:\Program Files\Java\jdk1.8.0_201\jre\bin\api-ms-win-core-handle-l1-1-0.dll
0x000000001f990000 - 0x000000001f993000 	C:\Program Files\Java\jdk1.8.0_201\jre\bin\api-ms-win-core-heap-l1-1-0.dll
0x000000001f9a0000 - 0x000000001f9a3000 	C:\Program Files\Java\jdk1.8.0_201\jre\bin\api-ms-win-core-interlocked-l1-1-0.dll
0x000000001f9b0000 - 0x000000001f9b3000 	C:\Program Files\Java\jdk1.8.0_201\jre\bin\api-ms-win-core-libraryloader-l1-1-0.dll
0x000000001f9c0000 - 0x000000001f9c3000 	C:\Program Files\Java\jdk1.8.0_201\jre\bin\api-ms-win-core-localization-l1-2-0.dll
0x000000001f9d0000 - 0x000000001f9d3000 	C:\Program Files\Java\jdk1.8.0_201\jre\bin\api-ms-win-core-memory-l1-1-0.dll
0x000000001f9e0000 - 0x000000001f9e3000 	C:\Program Files\Java\jdk1.8.0_201\jre\bin\api-ms-win-core-namedpipe-l1-1-0.dll
0x000000001f9f0000 - 0x000000001f9f3000 	C:\Program Files\Java\jdk1.8.0_201\jre\bin\api-ms-win-core-processenvironment-l1-1-0.dll
0x000000001fa00000 - 0x000000001fa03000 	C:\Program Files\Java\jdk1.8.0_201\jre\bin\api-ms-win-core-processthreads-l1-1-0.dll
0x000000001fa10000 - 0x000000001fa13000 	C:\Program Files\Java\jdk1.8.0_201\jre\bin\api-ms-win-core-processthreads-l1-1-1.dll
0x000000001fa20000 - 0x000000001fa23000 	C:\Program Files\Java\jdk1.8.0_201\jre\bin\api-ms-win-core-profile-l1-1-0.dll
0x000000001fa30000 - 0x000000001fa33000 	C:\Program Files\Java\jdk1.8.0_201\jre\bin\api-ms-win-core-rtlsupport-l1-1-0.dll
0x000000001fa40000 - 0x000000001fa43000 	C:\Program Files\Java\jdk1.8.0_201\jre\bin\api-ms-win-core-string-l1-1-0.dll
0x000000001fa50000 - 0x000000001fa53000 	C:\Program Files\Java\jdk1.8.0_201\jre\bin\api-ms-win-core-synch-l1-1-0.dll
0x000000001fa60000 - 0x000000001fa63000 	C:\Program Files\Java\jdk1.8.0_201\jre\bin\api-ms-win-core-synch-l1-2-0.dll
0x000000001fa70000 - 0x000000001fa73000 	C:\Program Files\Java\jdk1.8.0_201\jre\bin\api-ms-win-core-sysinfo-l1-1-0.dll
0x000000001fa80000 - 0x000000001fa83000 	C:\Program Files\Java\jdk1.8.0_201\jre\bin\api-ms-win-core-timezone-l1-1-0.dll
0x000000001fa90000 - 0x000000001fa93000 	C:\Program Files\Java\jdk1.8.0_201\jre\bin\api-ms-win-core-util-l1-1-0.dll
0x000000001faa0000 - 0x000000001faa3000 	C:\Program Files\Java\jdk1.8.0_201\jre\bin\api-ms-win-crt-conio-l1-1-0.dll
0x000000001fab0000 - 0x000000001fab4000 	C:\Program Files\Java\jdk1.8.0_201\jre\bin\api-ms-win-crt-convert-l1-1-0.dll
0x000000001fac0000 - 0x000000001fac3000 	C:\Program Files\Java\jdk1.8.0_201\jre\bin\api-ms-win-crt-environment-l1-1-0.dll
0x000000001fad0000 - 0x000000001fad3000 	C:\Program Files\Java\jdk1.8.0_201\jre\bin\api-ms-win-crt-filesystem-l1-1-0.dll
0x000000001fae0000 - 0x000000001fae3000 	C:\Program Files\Java\jdk1.8.0_201\jre\bin\api-ms-win-crt-heap-l1-1-0.dll
0x000000001faf0000 - 0x000000001faf3000 	C:\Program Files\Java\jdk1.8.0_201\jre\bin\api-ms-win-crt-locale-l1-1-0.dll
0x000000001fb00000 - 0x000000001fb05000 	C:\Program Files\Java\jdk1.8.0_201\jre\bin\api-ms-win-crt-math-l1-1-0.dll
0x000000001fb10000 - 0x000000001fb15000 	C:\Program Files\Java\jdk1.8.0_201\jre\bin\api-ms-win-crt-multibyte-l1-1-0.dll
0x000000001fb20000 - 0x000000001fb30000 	C:\Program Files\Java\jdk1.8.0_201\jre\bin\api-ms-win-crt-private-l1-1-0.dll
0x000000001fb30000 - 0x000000001fb33000 	C:\Program Files\Java\jdk1.8.0_201\jre\bin\api-ms-win-crt-process-l1-1-0.dll
0x000000001fb40000 - 0x000000001fb44000 	C:\Program Files\Java\jdk1.8.0_201\jre\bin\api-ms-win-crt-runtime-l1-1-0.dll
0x000000001fb50000 - 0x000000001fb54000 	C:\Program Files\Java\jdk1.8.0_201\jre\bin\api-ms-win-crt-stdio-l1-1-0.dll
0x000000001fb60000 - 0x000000001fb64000 	C:\Program Files\Java\jdk1.8.0_201\jre\bin\api-ms-win-crt-string-l1-1-0.dll
0x000000001fb70000 - 0x000000001fb73000 	C:\Program Files\Java\jdk1.8.0_201\jre\bin\api-ms-win-crt-time-l1-1-0.dll
0x000000001fb80000 - 0x000000001fb83000 	C:\Program Files\Java\jdk1.8.0_201\jre\bin\api-ms-win-crt-utility-l1-1-0.dll
0x00007ffd6a2e0000 - 0x00007ffd6a3d6000 	C:\Program Files\Java\jdk1.8.0_201\jre\bin\ucrtbase.dll
0x00007ffd714b0000 - 0x00007ffd714c6000 	C:\Program Files\Java\jdk1.8.0_201\jre\bin\vcruntime140.dll
0x00007ffd70580000 - 0x00007ffd7061c000 	C:\Program Files\Java\jdk1.8.0_201\jre\bin\msvcp140.dll
0x00007ffd5aca0000 - 0x00007ffd5acf1000 	C:\Program Files\Java\jdk1.8.0_201\jre\bin\concrt140.dll
0x00007ffd70fc0000 - 0x00007ffd70fe3000 	C:\Program Files\Java\jdk1.8.0_201\jre\bin\prism_d3d.dll
0x00007ffd51730000 - 0x00007ffd518c7000 	C:\WINDOWS\system32\d3d9.dll
0x00007ffd88050000 - 0x00007ffd88079000 	C:\WINDOWS\SYSTEM32\dwmapi.dll
0x00007ffd87f80000 - 0x00007ffd88018000 	C:\WINDOWS\system32\uxtheme.dll
0x00007ffd6f0e0000 - 0x00007ffd6f1ca000 	C:\WINDOWS\System32\DriverStore\FileRepository\nv_ref_pubwu.inf_amd64_2e7fa54192fe16d0\nvldumdx.dll
0x00007ffd89a20000 - 0x00007ffd89c02000 	C:\WINDOWS\System32\crypt32.dll
0x00007ffd898d0000 - 0x00007ffd898e2000 	C:\WINDOWS\System32\MSASN1.dll
0x00007ffd89c10000 - 0x00007ffd89c67000 	C:\WINDOWS\System32\WINTRUST.DLL
0x00007ffd8aa40000 - 0x00007ffd8aa5d000 	C:\WINDOWS\System32\imagehlp.dll
0x00007ffd89290000 - 0x00007ffd892a7000 	C:\WINDOWS\SYSTEM32\CRYPTSP.dll
0x00007ffd88cc0000 - 0x00007ffd88cf3000 	C:\WINDOWS\system32\rsaenh.dll
0x00007ffd89420000 - 0x00007ffd89445000 	C:\WINDOWS\SYSTEM32\bcrypt.dll
0x00007ffd26fb0000 - 0x00007ffd28186000 	C:\WINDOWS\System32\DriverStore\FileRepository\nv_ref_pubwu.inf_amd64_2e7fa54192fe16d0\nvd3dumx.dll
0x00007ffd7c5c0000 - 0x00007ffd7c791000 	C:\WINDOWS\system32\nvspcap64.dll
0x00007ffd8c420000 - 0x00007ffd8c571000 	C:\WINDOWS\System32\ole32.dll
0x00007ffd8cf90000 - 0x00007ffd8d052000 	C:\WINDOWS\System32\OLEAUT32.dll
0x00007ffd8d060000 - 0x00007ffd8d4ab000 	C:\WINDOWS\System32\SETUPAPI.dll
0x00007ffd83f30000 - 0x00007ffd8400d000 	C:\WINDOWS\SYSTEM32\WINHTTP.dll
0x00007ffd85ee0000 - 0x00007ffd85ef3000 	C:\WINDOWS\SYSTEM32\WTSAPI32.dll
0x00007ffd7c810000 - 0x00007ffd7cc90000 	C:\WINDOWS\system32\nvapi64.dll
0x00007ffd88680000 - 0x00007ffd8873b000 	C:\WINDOWS\SYSTEM32\dxgi.dll
0x00007ffd896d0000 - 0x00007ffd896f7000 	C:\WINDOWS\SYSTEM32\DEVOBJ.dll
0x00007ffd69a90000 - 0x00007ffd69ad9000 	C:\Program Files\Java\jdk1.8.0_201\jre\bin\glass.dll
0x00007ffd8c580000 - 0x00007ffd8c66d000 	C:\WINDOWS\System32\COMDLG32.dll
0x00007ffd8c6d0000 - 0x00007ffd8c843000 	C:\WINDOWS\System32\MSCTF.dll
0x00007ffd6a420000 - 0x00007ffd6a50b000 	C:\Program Files (x86)\NVIDIA Corporation\3D Vision\nvSCPAPI64.dll
0x00007ffd8cb80000 - 0x00007ffd8cc20000 	C:\WINDOWS\System32\clbcatq.dll
0x00007ffd89720000 - 0x00007ffd897ba000 	C:\WINDOWS\SYSTEM32\sxs.dll
0x00007ffd70f50000 - 0x00007ffd70f64000 	C:\Program Files\Java\jdk1.8.0_201\jre\bin\javafx_font.dll
0x00007ffd69c00000 - 0x00007ffd69f1c000 	C:\WINDOWS\SYSTEM32\dwrite.dll
0x00007ffd64b10000 - 0x00007ffd64b36000 	C:\Program Files\Java\jdk1.8.0_201\jre\bin\javafx_iio.dll
0x00007ffd5a0e0000 - 0x00007ffd5a183000 	C:\Program Files\Java\jdk1.8.0_201\jre\bin\glib-lite.dll
0x00007ffd59990000 - 0x00007ffd59a70000 	C:\Program Files\Java\jdk1.8.0_201\jre\bin\gstreamer-lite.dll
0x00007ffd59690000 - 0x00007ffd5971f000 	C:\WINDOWS\SYSTEM32\DSOUND.dll
0x00007ffd5aa50000 - 0x00007ffd5aa77000 	C:\Program Files\Java\jdk1.8.0_201\jre\bin\jfxmedia.dll
0x00007ffd70ae0000 - 0x00007ffd70c8e000 	C:\WINDOWS\SYSTEM32\WindowsCodecs.dll
0x00007ffd62fc0000 - 0x00007ffd63018000 	C:\WINDOWS\system32\dataexchange.dll
0x00007ffd87590000 - 0x00007ffd8772c000 	C:\WINDOWS\system32\dcomp.dll
0x00007ffd86cb0000 - 0x00007ffd86fbb000 	C:\WINDOWS\system32\d3d11.dll

VM Arguments:
jvm_args: -javaagent:C:\Program Files\JetBrains\IntelliJ IDEA Community Edition 2018.3.4\lib\idea_rt.jar=53960:C:\Program Files\JetBrains\IntelliJ IDEA Community Edition 2018.3.4\bin -Dfile.encoding=UTF-8 
java_command: ClientFX
java_class_path (initial): C:\Program Files\Java\jdk1.8.0_201\jre\lib\charsets.jar;C:\Program Files\Java\jdk1.8.0_201\jre\lib\deploy.jar;C:\Program Files\Java\jdk1.8.0_201\jre\lib\ext\access-bridge-64.jar;C:\Program Files\Java\jdk1.8.0_201\jre\lib\ext\cldrdata.jar;C:\Program Files\Java\jdk1.8.0_201\jre\lib\ext\dnsns.jar;C:\Program Files\Java\jdk1.8.0_201\jre\lib\ext\jaccess.jar;C:\Program Files\Java\jdk1.8.0_201\jre\lib\ext\jfxrt.jar;C:\Program Files\Java\jdk1.8.0_201\jre\lib\ext\localedata.jar;C:\Program Files\Java\jdk1.8.0_201\jre\lib\ext\nashorn.jar;C:\Program Files\Java\jdk1.8.0_201\jre\lib\ext\sunec.jar;C:\Program Files\Java\jdk1.8.0_201\jre\lib\ext\sunjce_provider.jar;C:\Program Files\Java\jdk1.8.0_201\jre\lib\ext\sunmscapi.jar;C:\Program Files\Java\jdk1.8.0_201\jre\lib\ext\sunpkcs11.jar;C:\Program Files\Java\jdk1.8.0_201\jre\lib\ext\zipfs.jar;C:\Program Files\Java\jdk1.8.0_201\jre\lib\javaws.jar;C:\Program Files\Java\jdk1.8.0_201\jre\lib\jce.jar;C:\Program Files\Java\jdk1.8.0_201\jre\lib\jfr.jar;C:\Program Files\Java\jdk1.8.0_201\jre\lib\jfxswt.jar;C:\Program Files\Java\jdk1.8.0_201\jre\lib\jsse.jar;C:\Program Files\Java\jdk1.8.0_201\jre\lib\management-agent.jar;C:\Program Files\Java\jdk1.8.0_201\jre\lib\plugin.jar;C:\Program Files\Java\jdk1.8.0_201\jre\lib\resources.jar;C:\Program Files\Java\jdk1.8.0_201\jre\lib\rt.jar;D:\documents\GitHub\Project5\Client\out\production\Client;C:\Program Files\JetBrains\IntelliJ IDEA Community Edition 2018.3.4\lib\idea_rt.jar
Launcher Type: SUN_STANDARD

Environment Variables:
PATH=C:\Program Files (x86)\Common Files\Oracle\Java\javapath;C:\ProgramData\Oracle\Java\javapath;C:\Windows\system32;C:\Windows;C:\Windows\System32\Wbem;C:\Windows\System32\WindowsPowerShell\v1.0\;C:\Program Files (x86)\NVIDIA Corporation\PhysX\Common;C:\WINDOWS\system32;C:\WINDOWS;C:\WINDOWS\System32\Wbem;C:\WINDOWS\System32\WindowsPowerShell\v1.0\;C:\WINDOWS\System32\OpenSSH\;C:\Program Files\PuTTY\;D:\Program Files\Git\cmd;C:\Program Files\nodejs\;C:\Users\Eugenio\AppData\Local\Microsoft\WindowsApps;C:\Users\Eugenio\AppData\Local\Programs\Microsoft VS Code\bin;C:\Users\Eugenio\AppData\Local\GitHubDesktop\bin;C:\Users\Eugenio\AppData\Roaming\npm
USERNAME=Eugenio
OS=Windows_NT
PROCESSOR_IDENTIFIER=Intel64 Family 6 Model 58 Stepping 9, GenuineIntel



---------------  S Y S T E M  ---------------

OS: Windows 10.0 , 64 bit Build 17134 (10.0.17134.706)

CPU:total 8 (initial active 8) (4 cores per cpu, 2 threads per core) family 6 model 58 stepping 9, cmov, cx8, fxsr, mmx, sse, sse2, sse3, ssse3, sse4.1, sse4.2, popcnt, avx, clmul, erms, ht, tsc, tscinvbit, tscinv

Memory: 4k page, physical 16712684k(9823236k free), swap 25625580k(13563452k free)

vm_info: Java HotSpot(TM) 64-Bit Server VM (25.201-b09) for windows-amd64 JRE (1.8.0_201-b09), built on Dec 15 2018 18:36:39 by "java_re" with MS VC++ 10.0 (VS2010)

time: Sun May 05 03:17:12 2019
timezone: Central Daylight Time
elapsed time: 263 seconds (0d 0h 4m 23s)

