#
# A fatal error has been detected by the Java Runtime Environment:
#
#  EXCEPTION_ACCESS_VIOLATION (0xc0000005) at pc=0x000000006204584a, pid=30536, tid=0x0000000000007160
#
# JRE version: Java(TM) SE Runtime Environment (8.0_102-b14) (build 1.8.0_102-b14)
# Java VM: Java HotSpot(TM) 64-Bit Server VM (25.102-b14 mixed mode windows-amd64 compressed oops)
# Problematic frame:
# C  [glass.dll+0x2584a]
#
# Failed to write core dump. Minidumps are not enabled by default on client versions of Windows
#
# If you would like to submit a bug report, please visit:
#   http://bugreport.java.com/bugreport/crash.jsp
#

---------------  T H R E A D  ---------------

Current thread (0x0000000016d17800):  VMThread [stack: 0x0000000017da0000,0x0000000017ea0000] [id=29024]

siginfo: ExceptionCode=0xc0000005, reading address 0x0000000000000000

Registers:
RAX=0x0000000000000000, RBX=0x0000000018788f48, RCX=0x0000000016d17800, RDX=0x0000000018788f48
RSP=0x0000000017e9f0c0, RBP=0x000000000127fd70, RSI=0x0000000000000001, RDI=0x0000000000000000
R8 =0x0000000000010002, R9 =0x000000000127fd70, R10=0x0000000000000000, R11=0x0000000000000246
R12=0x000000000127fda0, R13=0x000000000127fd70, R14=0x000000000127fd80, R15=0x0000000000000000
RIP=0x000000006204584a, EFLAGS=0x0000000000010206

Top of Stack: (sp=0x0000000017e9f0c0)
0x0000000017e9f0c0:   0000000000000000 0000000062045900
0x0000000017e9f0d0:   0000000000000000 00000000620591b0
0x0000000017e9f0e0:   0000000062045830 0000000062043224
0x0000000017e9f0f0:   0000000062045a60 00007ffd232d5633
0x0000000017e9f100:   0000000000000000 00007ffd982bc2c4
0x0000000017e9f110:   0000000000000001 0000000062020000
0x0000000017e9f120:   0000000003271638 00000000620434a6
0x0000000017e9f130:   0000000000000001 0000000016c25500
0x0000000017e9f140:   0000000000000000 0000000062043384
0x0000000017e9f150:   c000000500000001 0000000017e9e250
0x0000000017e9f160:   0000000062020000 00007ffdcbb9b583
0x0000000017e9f170:   000000007ffe0385 0000000000000000
0x0000000017e9f180:   000000007ffe0384 000000007ffe0385
0x0000000017e9f190:   000000000000000f 00007ffdcbba813a
0x0000000017e9f1a0:   000040d462c67900 0000000001246e60
0x0000000017e9f1b0:   0000000000000000 0000000000000000 

Instructions: (pc=0x000000006204584a)
0x000000006204582a:   83 c4 20 5d c3 cc 40 53 48 83 ec 20 48 8b 1d cb
0x000000006204583a:   5b 01 00 48 85 db 74 1a e8 19 93 ff ff 48 8b d3
0x000000006204584a:   4c 8b 00 48 8b c8 48 83 c4 20 5b 49 ff a0 b0 00
0x000000006204585a:   00 00 48 83 c4 20 5b c3 cc cc cc cc cc cc cc cc 


Register to memory mapping:

RAX=0x0000000000000000 is an unknown value
RBX=0x0000000018788f48 is a global jni handle
RCX=0x0000000016d17800 is an unknown value
RDX=0x0000000018788f48 is a global jni handle
RSP=0x0000000017e9f0c0 is an unknown value
RBP=0x000000000127fd70 is an unknown value
RSI=0x0000000000000001 is an unknown value
RDI=0x0000000000000000 is an unknown value
R8 =0x0000000000010002 is an unknown value
R9 =0x000000000127fd70 is an unknown value
R10=0x0000000000000000 is an unknown value
R11=0x0000000000000246 is an unknown value
R12=0x000000000127fda0 is an unknown value
R13=0x000000000127fd70 is an unknown value
R14=0x000000000127fd80 is an unknown value
R15=0x0000000000000000 is an unknown value


Stack: [0x0000000017da0000,0x0000000017ea0000],  sp=0x0000000017e9f0c0,  free space=1020k
Native frames: (J=compiled Java code, j=interpreted, Vv=VM code, C=native code)
C  [glass.dll+0x2584a]
C  [glass.dll+0x23224]
C  [glass.dll+0x234a6]
C  [ntdll.dll+0x3b583]
C  [ntdll.dll+0x47f85]
C  [ntdll.dll+0x47e48]
C  [KERNEL32.DLL+0x1ca7a]
C  [msvcr100.dll+0x20cb9]
V  [jvm.dll+0x212a05]
V  [jvm.dll+0x24b647]
V  [jvm.dll+0x24a8e6]
V  [jvm.dll+0x24ad81]
V  [jvm.dll+0x24af9e]
V  [jvm.dll+0x29c03a]
C  [msvcr100.dll+0x21d7b]
C  [msvcr100.dll+0x21e17]
C  [KERNEL32.DLL+0x14034]
C  [ntdll.dll+0x73691]

VM_Operation (0x000000001994aa80): Exit, mode: safepoint, requested by thread 0x000000001873e800


---------------  P R O C E S S  ---------------

Java Threads: ( => current thread )
  0x0000000020f13800 JavaThread "Thread-6" [_thread_blocked, id=23400, stack(0x0000000022ae0000,0x0000000022be0000)]
  0x0000000020f12800 JavaThread "Thread-4" daemon [_thread_in_native, id=30600, stack(0x00000000229e0000,0x0000000022ae0000)]
  0x00000000192c3000 JavaThread "Media Resource Disposer" daemon [_thread_blocked, id=19688, stack(0x000000001fb50000,0x000000001fc50000)]
  0x00000000190dc000 JavaThread "Prism Font Disposer" daemon [_thread_blocked, id=31540, stack(0x000000001f5a0000,0x000000001f6a0000)]
  0x0000000019088000 JavaThread "JavaFX-Launcher" [_thread_blocked, id=25484, stack(0x000000001e320000,0x000000001e420000)]
  0x000000001907f800 JavaThread "Thread-2" daemon [_thread_in_native, id=31188, stack(0x000000001e220000,0x000000001e320000)]
  0x000000001873e800 JavaThread "JavaFX Application Thread" [_thread_blocked, id=26652, stack(0x0000000019850000,0x0000000019950000)]
  0x0000000019054800 JavaThread "Thread-1" daemon [_thread_blocked, id=31988, stack(0x0000000018e90000,0x0000000018f90000)]
  0x0000000018724800 JavaThread "QuantumRenderer-0" daemon [_thread_blocked, id=31368, stack(0x0000000018d90000,0x0000000018e90000)]
  0x0000000016dae000 JavaThread "Service Thread" daemon [_thread_blocked, id=18928, stack(0x0000000018b90000,0x0000000018c90000)]
  0x0000000016d9e800 JavaThread "C1 CompilerThread2" daemon [_thread_blocked, id=10784, stack(0x0000000018a90000,0x0000000018b90000)]
  0x0000000016d9b000 JavaThread "C2 CompilerThread1" daemon [_thread_blocked, id=31504, stack(0x0000000018990000,0x0000000018a90000)]
  0x0000000016d95000 JavaThread "C2 CompilerThread0" daemon [_thread_blocked, id=27764, stack(0x0000000018890000,0x0000000018990000)]
  0x0000000016d85000 JavaThread "Monitor Ctrl-Break" daemon [_thread_in_native, id=32020, stack(0x0000000018790000,0x0000000018890000)]
  0x0000000016d4d800 JavaThread "Attach Listener" daemon [_thread_blocked, id=3052, stack(0x0000000018290000,0x0000000018390000)]
  0x0000000016d4c000 JavaThread "Signal Dispatcher" daemon [_thread_blocked, id=23360, stack(0x0000000018190000,0x0000000018290000)]
  0x0000000016d39000 JavaThread "Finalizer" daemon [_thread_blocked, id=29788, stack(0x0000000017fa0000,0x00000000180a0000)]
  0x0000000003472000 JavaThread "Reference Handler" daemon [_thread_blocked, id=29792, stack(0x0000000017ea0000,0x0000000017fa0000)]
  0x0000000003382800 JavaThread "main" [_thread_blocked, id=31008, stack(0x0000000002ff0000,0x00000000030f0000)]

Other Threads:
=>0x0000000016d17800 VMThread [stack: 0x0000000017da0000,0x0000000017ea0000] [id=29024]

VM state:at safepoint (shutting down)

VM Mutex/Monitor currently owned by a thread:  ([mutex/lock_event])
[0x000000000327dbd0] Threads_lock - owner thread: 0x0000000016d17800

Heap:
 PSYoungGen      total 113152K, used 45021K [0x00000000e0600000, 0x00000000ee800000, 0x0000000100000000)
  eden space 72192K, 62% used [0x00000000e0600000,0x00000000e31f7788,0x00000000e4c80000)
  from space 40960K, 0% used [0x00000000e4c80000,0x00000000e4c80000,0x00000000e7480000)
  to   space 70656K, 0% used [0x00000000ea300000,0x00000000ea300000,0x00000000ee800000)
 ParOldGen       total 300544K, used 178403K [0x00000000a1200000, 0x00000000b3780000, 0x00000000e0600000)
  object space 300544K, 59% used [0x00000000a1200000,0x00000000ac038eb0,0x00000000b3780000)
 Metaspace       used 17952K, capacity 19112K, committed 19200K, reserved 1064960K
  class space    used 2569K, capacity 2816K, committed 2816K, reserved 1048576K

Card table byte_map: [0x0000000012840000,0x0000000012b40000] byte_map_base: 0x0000000012337000

Marking Bits: (ParMarkBitMap*) 0x000000006127a6c0
 Begin Bits: [0x0000000013140000, 0x00000000148f8000)
 End Bits:   [0x00000000148f8000, 0x00000000160b0000)

Polling page: 0x0000000001200000

CodeCache: size=245760Kb used=8098Kb max_used=8107Kb free=237661Kb
 bounds [0x0000000003480000, 0x0000000003c70000, 0x0000000012480000]
 total_blobs=3386 nmethods=2705 adapters=592
 compilation: enabled

Compilation events (10 events):
Event: 84.745 Thread 0x0000000016d9e800 nmethod 2731 0x0000000003c68350 code [0x0000000003c684a0, 0x0000000003c685b0]
Event: 84.761 Thread 0x0000000016d95000 nmethod 2728 0x0000000003c6bbd0 code [0x0000000003c6bd60, 0x0000000003c6c6e8]
Event: 84.766 Thread 0x0000000016d9b000 nmethod 2732 0x0000000003c68b90 code [0x0000000003c68d80, 0x0000000003c699d0]
Event: 84.814 Thread 0x0000000016d9e800 2734       3       java.lang.invoke.DirectMethodHandle::shouldBeInitialized (123 bytes)
Event: 84.815 Thread 0x0000000016d9e800 nmethod 2734 0x0000000003c6b150 code [0x0000000003c6b320, 0x0000000003c6ba68]
Event: 84.815 Thread 0x0000000016d9e800 2735       1       java.util.concurrent.locks.AbstractQueuedSynchronizer::setState (6 bytes)
Event: 84.815 Thread 0x0000000016d9e800 nmethod 2735 0x0000000003c688d0 code [0x0000000003c68a20, 0x0000000003c68b30]
Event: 84.815 Thread 0x0000000016d9e800 2736       3       jdk.internal.org.objectweb.asm.MethodVisitor::visitFieldInsn (20 bytes)
Event: 84.815 Thread 0x0000000016d9e800 nmethod 2736 0x0000000003c6ac90 code [0x0000000003c6ae00, 0x0000000003c6b068]
Event: 84.835 Thread 0x0000000016d9e800 2737       3       java.lang.invoke.MethodHandles$Lookup::resolveOrFail (39 bytes)

GC Heap History (10 events):
Event: 3.377 GC heap before
{Heap before GC invocations=6 (full 1):
 PSYoungGen      total 53248K, used 47086K [0x00000000e0600000, 0x00000000e3e00000, 0x0000000100000000)
  eden space 49152K, 95% used [0x00000000e0600000,0x00000000e33fb8b0,0x00000000e3600000)
  from space 4096K, 0% used [0x00000000e3a00000,0x00000000e3a00000,0x00000000e3e00000)
  to   space 4096K, 0% used [0x00000000e3600000,0x00000000e3600000,0x00000000e3a00000)
 ParOldGen       total 114176K, used 55422K [0x00000000a1200000, 0x00000000a8180000, 0x00000000e0600000)
  object space 114176K, 48% used [0x00000000a1200000,0x00000000a481f918,0x00000000a8180000)
 Metaspace       used 12705K, capacity 13348K, committed 13568K, reserved 1060864K
  class space    used 1770K, capacity 1928K, committed 2048K, reserved 1048576K
Event: 3.393 GC heap after
Heap after GC invocations=6 (full 1):
 PSYoungGen      total 53248K, used 4017K [0x00000000e0600000, 0x00000000e9c80000, 0x0000000100000000)
  eden space 49152K, 0% used [0x00000000e0600000,0x00000000e0600000,0x00000000e3600000)
  from space 4096K, 98% used [0x00000000e3600000,0x00000000e39ec5d0,0x00000000e3a00000)
  to   space 33280K, 0% used [0x00000000e7c00000,0x00000000e7c00000,0x00000000e9c80000)
 ParOldGen       total 114176K, used 90735K [0x00000000a1200000, 0x00000000a8180000, 0x00000000e0600000)
  object space 114176K, 79% used [0x00000000a1200000,0x00000000a6a9bf88,0x00000000a8180000)
 Metaspace       used 12705K, capacity 13348K, committed 13568K, reserved 1060864K
  class space    used 1770K, capacity 1928K, committed 2048K, reserved 1048576K
}
Event: 3.393 GC heap before
{Heap before GC invocations=7 (full 2):
 PSYoungGen      total 53248K, used 4017K [0x00000000e0600000, 0x00000000e9c80000, 0x0000000100000000)
  eden space 49152K, 0% used [0x00000000e0600000,0x00000000e0600000,0x00000000e3600000)
  from space 4096K, 98% used [0x00000000e3600000,0x00000000e39ec5d0,0x00000000e3a00000)
  to   space 33280K, 0% used [0x00000000e7c00000,0x00000000e7c00000,0x00000000e9c80000)
 ParOldGen       total 114176K, used 90735K [0x00000000a1200000, 0x00000000a8180000, 0x00000000e0600000)
  object space 114176K, 79% used [0x00000000a1200000,0x00000000a6a9bf88,0x00000000a8180000)
 Metaspace       used 12705K, capacity 13348K, committed 13568K, reserved 1060864K
  class space    used 1770K, capacity 1928K, committed 2048K, reserved 1048576K
Event: 3.435 GC heap after
Heap after GC invocations=7 (full 2):
 PSYoungGen      total 53248K, used 0K [0x00000000e0600000, 0x00000000e9c80000, 0x0000000100000000)
  eden space 49152K, 0% used [0x00000000e0600000,0x00000000e0600000,0x00000000e3600000)
  from space 4096K, 0% used [0x00000000e3600000,0x00000000e3600000,0x00000000e3a00000)
  to   space 33280K, 0% used [0x00000000e7c00000,0x00000000e7c00000,0x00000000e9c80000)
 ParOldGen       total 184320K, used 92143K [0x00000000a1200000, 0x00000000ac600000, 0x00000000e0600000)
  object space 184320K, 49% used [0x00000000a1200000,0x00000000a6bfbd88,0x00000000ac600000)
 Metaspace       used 12705K, capacity 13348K, committed 13568K, reserved 1060864K
  class space    used 1770K, capacity 1928K, committed 2048K, reserved 1048576K
}
Event: 3.732 GC heap before
{Heap before GC invocations=8 (full 2):
 PSYoungGen      total 53248K, used 49152K [0x00000000e0600000, 0x00000000e9c80000, 0x0000000100000000)
  eden space 49152K, 100% used [0x00000000e0600000,0x00000000e3600000,0x00000000e3600000)
  from space 4096K, 0% used [0x00000000e3600000,0x00000000e3600000,0x00000000e3a00000)
  to   space 33280K, 0% used [0x00000000e7c00000,0x00000000e7c00000,0x00000000e9c80000)
 ParOldGen       total 184320K, used 92143K [0x00000000a1200000, 0x00000000ac600000, 0x00000000e0600000)
  object space 184320K, 49% used [0x00000000a1200000,0x00000000a6bfbd88,0x00000000ac600000)
 Metaspace       used 12725K, capacity 13348K, committed 13568K, reserved 1060864K
  class space    used 1771K, capacity 1928K, committed 2048K, reserved 1048576K
Event: 3.743 GC heap after
Heap after GC invocations=8 (full 2):
 PSYoungGen      total 98816K, used 33137K [0x00000000e0600000, 0x00000000e9c80000, 0x0000000100000000)
  eden space 65536K, 0% used [0x00000000e0600000,0x00000000e0600000,0x00000000e4600000)
  from space 33280K, 99% used [0x00000000e7c00000,0x00000000e9c5c5a0,0x00000000e9c80000)
  to   space 40960K, 0% used [0x00000000e4c80000,0x00000000e4c80000,0x00000000e7480000)
 ParOldGen       total 184320K, used 98372K [0x00000000a1200000, 0x00000000ac600000, 0x00000000e0600000)
  object space 184320K, 53% used [0x00000000a1200000,0x00000000a72112f0,0x00000000ac600000)
 Metaspace       used 12725K, capacity 13348K, committed 13568K, reserved 1060864K
  class space    used 1771K, capacity 1928K, committed 2048K, reserved 1048576K
}
Event: 4.095 GC heap before
{Heap before GC invocations=9 (full 2):
 PSYoungGen      total 98816K, used 98443K [0x00000000e0600000, 0x00000000e9c80000, 0x0000000100000000)
  eden space 65536K, 99% used [0x00000000e0600000,0x00000000e45c6660,0x00000000e4600000)
  from space 33280K, 99% used [0x00000000e7c00000,0x00000000e9c5c5a0,0x00000000e9c80000)
  to   space 40960K, 0% used [0x00000000e4c80000,0x00000000e4c80000,0x00000000e7480000)
 ParOldGen       total 184320K, used 98372K [0x00000000a1200000, 0x00000000ac600000, 0x00000000e0600000)
  object space 184320K, 53% used [0x00000000a1200000,0x00000000a72112f0,0x00000000ac600000)
 Metaspace       used 12766K, capacity 13360K, committed 13568K, reserved 1060864K
  class space    used 1772K, capacity 1930K, committed 2048K, reserved 1048576K
Event: 4.121 GC heap after
Heap after GC invocations=9 (full 2):
 PSYoungGen      total 113152K, used 40957K [0x00000000e0600000, 0x00000000ee800000, 0x0000000100000000)
  eden space 72192K, 0% used [0x00000000e0600000,0x00000000e0600000,0x00000000e4c80000)
  from space 40960K, 99% used [0x00000000e4c80000,0x00000000e747f500,0x00000000e7480000)
  to   space 70656K, 0% used [0x00000000ea300000,0x00000000ea300000,0x00000000ee800000)
 ParOldGen       total 184320K, used 141043K [0x00000000a1200000, 0x00000000ac600000, 0x00000000e0600000)
  object space 184320K, 76% used [0x00000000a1200000,0x00000000a9bbcef8,0x00000000ac600000)
 Metaspace       used 12766K, capacity 13360K, committed 13568K, reserved 1060864K
  class space    used 1772K, capacity 1930K, committed 2048K, reserved 1048576K
}
Event: 4.121 GC heap before
{Heap before GC invocations=10 (full 3):
 PSYoungGen      total 113152K, used 40957K [0x00000000e0600000, 0x00000000ee800000, 0x0000000100000000)
  eden space 72192K, 0% used [0x00000000e0600000,0x00000000e0600000,0x00000000e4c80000)
  from space 40960K, 99% used [0x00000000e4c80000,0x00000000e747f500,0x00000000e7480000)
  to   space 70656K, 0% used [0x00000000ea300000,0x00000000ea300000,0x00000000ee800000)
 ParOldGen       total 184320K, used 141043K [0x00000000a1200000, 0x00000000ac600000, 0x00000000e0600000)
  object space 184320K, 76% used [0x00000000a1200000,0x00000000a9bbcef8,0x00000000ac600000)
 Metaspace       used 12766K, capacity 13360K, committed 13568K, reserved 1060864K
  class space    used 1772K, capacity 1930K, committed 2048K, reserved 1048576K
Event: 4.189 GC heap after
Heap after GC invocations=10 (full 3):
 PSYoungGen      total 113152K, used 0K [0x00000000e0600000, 0x00000000ee800000, 0x0000000100000000)
  eden space 72192K, 0% used [0x00000000e0600000,0x00000000e0600000,0x00000000e4c80000)
  from space 40960K, 0% used [0x00000000e4c80000,0x00000000e4c80000,0x00000000e7480000)
  to   space 70656K, 0% used [0x00000000ea300000,0x00000000ea300000,0x00000000ee800000)
 ParOldGen       total 300544K, used 178403K [0x00000000a1200000, 0x00000000b3780000, 0x00000000e0600000)
  object space 300544K, 59% used [0x00000000a1200000,0x00000000ac038eb0,0x00000000b3780000)
 Metaspace       used 12766K, capacity 13360K, committed 13568K, reserved 1060864K
  class space    used 1772K, capacity 1930K, committed 2048K, reserved 1048576K
}

Deoptimization events (10 events):
Event: 51.563 Thread 0x000000001873e800 Uncommon trap: reason=class_check action=maybe_recompile pc=0x0000000003ab3028 method=javafx.scene.Node.updateLocalToParentTransform()V @ 11
Event: 51.563 Thread 0x000000001873e800 Uncommon trap: reason=class_check action=maybe_recompile pc=0x0000000003ab3028 method=javafx.scene.Node.updateLocalToParentTransform()V @ 11
Event: 51.563 Thread 0x000000001873e800 Uncommon trap: reason=class_check action=maybe_recompile pc=0x0000000003ab3028 method=javafx.scene.Node.updateLocalToParentTransform()V @ 11
Event: 51.640 Thread 0x0000000018724800 Uncommon trap: reason=unstable_if action=reinterpret pc=0x0000000003b4404c method=java.lang.Math.round(F)I @ 36
Event: 51.640 Thread 0x0000000018724800 Uncommon trap: reason=unstable_if action=reinterpret pc=0x0000000003b7e230 method=java.lang.Math.round(F)I @ 36
Event: 51.640 Thread 0x0000000018724800 Uncommon trap: reason=unstable_if action=reinterpret pc=0x0000000003ba0e50 method=java.lang.Math.round(F)I @ 36
Event: 51.640 Thread 0x0000000018724800 Uncommon trap: reason=unstable_if action=reinterpret pc=0x0000000003b81810 method=java.lang.Math.round(F)I @ 36
Event: 63.354 Thread 0x000000001873e800 Uncommon trap: reason=array_check action=maybe_recompile pc=0x00000000039d35a4 method=com.sun.javafx.css.SimpleSelector.applies(Ljavafx/css/Styleable;[Ljava/util/Set;I)Z @ 37
Event: 71.550 Thread 0x000000001907f800 Uncommon trap: reason=unstable_if action=reinterpret pc=0x0000000003b73048 method=java.util.concurrent.locks.ReentrantLock$NonfairSync.lock()V @ 6
Event: 84.835 Thread 0x0000000020f0c800 Uncommon trap: reason=unstable_if action=reinterpret pc=0x0000000003b328c0 method=java.util.concurrent.locks.ReentrantLock$Sync.tryRelease(I)Z @ 28

Internal exceptions (10 events):
Event: 0.452 Thread 0x0000000003382800 Exception <a 'java/lang/NullPointerException'> (0x00000000e0a6c7a8) thrown at [C:\re\workspace\8-2-build-windows-amd64-cygwin\jdk8u102\7268\hotspot\src\share\vm\interpreter\linkResolver.cpp, line 1178]
Event: 0.489 Thread 0x0000000003382800 Implicit null exception at 0x00000000035a6c95 to 0x00000000035a6e61
Event: 1.017 Thread 0x000000001873e800 Exception <a 'java/lang/NullPointerException'> (0x00000000e1738238) thrown at [C:\re\workspace\8-2-build-windows-amd64-cygwin\jdk8u102\7268\hotspot\src\share\vm\interpreter\linkResolver.cpp, line 1178]
Event: 1.017 Thread 0x000000001873e800 Exception <a 'java/lang/NullPointerException'> (0x00000000e1738238) thrown at [C:\re\workspace\8-2-build-windows-amd64-cygwin\jdk8u102\7268\hotspot\src\share\vm\prims\jvm.cpp, line 1390]
Event: 1.233 Thread 0x000000001873e800 Implicit null exception at 0x0000000003713975 to 0x0000000003713c89
Event: 2.606 Thread 0x000000001873e800 Exception <a 'java/lang/UnsatisfiedLinkError': com.sun.media.jfxmediaimpl.NativeAudioClip.nacInit()Z> (0x00000000e16d32c8) thrown at [C:\re\workspace\8-2-build-windows-amd64-cygwin\jdk8u102\7268\hotspot\src\share\vm\prims\nativeLookup.cpp, line 378]
Event: 2.607 Thread 0x000000001873e800 Exception <a 'java/lang/UnsatisfiedLinkError': com.sun.media.jfxmedia.logging.Logger.nativeSetNativeLevel(I)V> (0x00000000e16d79c8) thrown at [C:\re\workspace\8-2-build-windows-amd64-cygwin\jdk8u102\7268\hotspot\src\share\vm\prims\nativeLookup.cpp, line 37¬´ÝŒ_Ö@
Event: 2.855 Thread 0x000000001873e800 Implicit null exception at 0x00000000036c4196 to 0x00000000036c4541
Event: 4.706 Thread 0x000000001873e800 Implicit null exception at 0x00000000037a4e8e to 0x00000000037a5ff9
Event: 84.836 Thread 0x0000000020f0c800 Exception <a 'java/lang/IllegalStateException'> (0x00000000e3149970) thrown at [C:\re\workspace\8-2-build-windows-amd64-cygwin\jdk8u102\7268\hotspot\src\share\vm\prims\jvm.cpp, line 1390]

Events (10 events):
Event: 84.834 Executing VM operation: RevokeBias done
Event: 84.835 Thread 0x0000000020f0c800 Uncommon trap: trap_request=0xffffff65 fr.pc=0x0000000003b328c0
Event: 84.835 Thread 0x0000000020f0c800 DEOPT PACKING pc=0x0000000003b328c0 sp=0x00000000232de6c0
Event: 84.835 Thread 0x0000000020f0c800 DEOPT UNPACKING pc=0x00000000034c582a sp=0x00000000232de648 mode 2
Event: 84.835 loading class java/util/LinkedList$ListItr
Event: 84.835 loading class com/sun/javafx/tk/quantum/QuantumToolkit
Event: 84.835 loading class com/sun/javafx/tk/quantum/QuantumToolkit done
Event: 84.835 loading class java/util/LinkedList$ListItr done
Event: 84.836 Thread 0x0000000020f0c800 Thread exited: 0x0000000020f0c800
Event: 84.836 Executing VM operation: Exit


Dynamic libraries:
0x00007ff72c5a0000 - 0x00007ff72c5d7000 	C:\Program Files\Java\jdk1.8.0_102\bin\java.exe
0x00007ffdcbb60000 - 0x00007ffdcbd41000 	C:\WINDOWS\SYSTEM32\ntdll.dll
0x00007ffdcaf80000 - 0x00007ffdcb031000 	C:\WINDOWS\System32\KERNEL32.DLL
0x00007ffdc7fb0000 - 0x00007ffdc8223000 	C:\WINDOWS\System32\KERNELBASE.dll
0x0000000063bd0000 - 0x0000000063c65000 	C:\WINDOWS\System32\SYSFER.DLL
0x00007ffdcae20000 - 0x00007ffdcaec1000 	C:\WINDOWS\System32\ADVAPI32.dll
0x00007ffdca810000 - 0x00007ffdca8ae000 	C:\WINDOWS\System32\msvcrt.dll
0x00007ffdcab80000 - 0x00007ffdcabdb000 	C:\WINDOWS\System32\sechost.dll
0x00007ffdca610000 - 0x00007ffdca734000 	C:\WINDOWS\System32\RPCRT4.dll
0x00007ffdcac90000 - 0x00007ffdcae20000 	C:\WINDOWS\System32\USER32.dll
0x00007ffdc7f30000 - 0x00007ffdc7f50000 	C:\WINDOWS\System32\win32u.dll
0x00007ffdcaf50000 - 0x00007ffdcaf78000 	C:\WINDOWS\System32\GDI32.dll
0x00007ffdc8c60000 - 0x00007ffdc8df2000 	C:\WINDOWS\System32\gdi32full.dll
0x00007ffdc8e00000 - 0x00007ffdc8e9f000 	C:\WINDOWS\System32\msvcp_win.dll
0x00007ffdc8ef0000 - 0x00007ffdc8fe8000 	C:\WINDOWS\System32\ucrtbase.dll
0x00007ffdbf820000 - 0x00007ffdbfa89000 	C:\WINDOWS\WinSxS\amd64_microsoft.windows.common-controls_6595b64144ccf1df_6.0.17134.706_none_fb43a2cb30647007\COMCTL32.dll
0x00007ffdcb7d0000 - 0x00007ffdcbaf2000 	C:\WINDOWS\System32\combase.dll
0x00007ffdc82e0000 - 0x00007ffdc835a000 	C:\WINDOWS\System32\bcryptPrimitives.dll
0x00007ffdcbb00000 - 0x00007ffdcbb2d000 	C:\WINDOWS\System32\IMM32.DLL
0x0000000061e40000 - 0x0000000061f11000 	C:\Program Files\Java\jdk1.8.0_102\jre\bin\msvcr100.dll
0x0000000060a60000 - 0x00000000612fa000 	C:\Program Files\Java\jdk1.8.0_102\jre\bin\server\jvm.dll
0x00007ffdca8b0000 - 0x00007ffdca8b8000 	C:\WINDOWS\System32\PSAPI.DLL
0x00007ffdc6d60000 - 0x00007ffdc6d69000 	C:\WINDOWS\SYSTEM32\WSOCK32.dll
0x00007ffdcaee0000 - 0x00007ffdcaf4c000 	C:\WINDOWS\System32\WS2_32.dll
0x00007ffdc5e20000 - 0x00007ffdc5e43000 	C:\WINDOWS\SYSTEM32\WINMM.dll
0x00007ffdb9020000 - 0x00007ffdb902a000 	C:\WINDOWS\SYSTEM32\VERSION.dll
0x00007ffdc5df0000 - 0x00007ffdc5e1a000 	C:\WINDOWS\SYSTEM32\WINMMBASE.dll
0x00007ffdc8ea0000 - 0x00007ffdc8ee9000 	C:\WINDOWS\System32\cfgmgr32.dll
0x0000000061e30000 - 0x0000000061e3f000 	C:\Program Files\Java\jdk1.8.0_102\jre\bin\verify.dll
0x0000000061e00000 - 0x0000000061e29000 	C:\Program Files\Java\jdk1.8.0_102\jre\bin\java.dll
0x00000000620a0000 - 0x00000000620c3000 	C:\Program Files\Java\jdk1.8.0_102\jre\bin\instrument.dll
0x0000000061de0000 - 0x0000000061df6000 	C:\Program Files\Java\jdk1.8.0_102\jre\bin\zip.dll
0x00007ffdc91d0000 - 0x00007ffdca610000 	C:\WINDOWS\System32\SHELL32.dll
0x00007ffdcabe0000 - 0x00007ffdcac89000 	C:\WINDOWS\System32\shcore.dll
0x00007ffdc8360000 - 0x00007ffdc8a6d000 	C:\WINDOWS\System32\windows.storage.dll
0x00007ffdc8ff0000 - 0x00007ffdc9041000 	C:\WINDOWS\System32\shlwapi.dll
0x00007ffdc7ea0000 - 0x00007ffdc7eb1000 	C:\WINDOWS\System32\kernel.appcore.dll
0x00007ffdc7f10000 - 0x00007ffdc7f2f000 	C:\WINDOWS\System32\profapi.dll
0x00007ffdc7ec0000 - 0x00007ffdc7f0c000 	C:\WINDOWS\System32\powrprof.dll
0x00007ffdc7e70000 - 0x00007ffdc7e7a000 	C:\WINDOWS\System32\FLTLIB.DLL
0x00007ffdb2980000 - 0x00007ffdb299a000 	C:\Program Files\JetBrains\IntelliJ IDEA Community Edition 2018.3.4\bin\breakgen64.dll
0x0000000061dc0000 - 0x0000000061dda000 	C:\Program Files\Java\jdk1.8.0_102\jre\bin\net.dll
0x00007ffdc7690000 - 0x00007ffdc76f6000 	C:\WINDOWS\system32\mswsock.dll
0x00007ffd9f330000 - 0x00007ffd9f41f000 	C:\Program Files\Java\jdk1.8.0_102\jre\bin\msvcr120.dll
0x00007ffd9f1c0000 - 0x00007ffd9f266000 	C:\Program Files\Java\jdk1.8.0_102\jre\bin\msvcp120.dll
0x0000000062070000 - 0x0000000062092000 	C:\Program Files\Java\jdk1.8.0_102\jre\bin\prism_d3d.dll
0x00007ffda5150000 - 0x00007ffda52e7000 	C:\WINDOWS\system32\d3d9.dll
0x00007ffdc62d0000 - 0x00007ffdc62f9000 	C:\WINDOWS\SYSTEM32\dwmapi.dll
0x00007ffdc61b0000 - 0x00007ffdc6248000 	C:\WINDOWS\system32\uxtheme.dll
0x00007ffd69260000 - 0x00007ffd6b79d000 	C:\WINDOWS\SYSTEM32\igdumdim64.dll
0x00007ffdca740000 - 0x00007ffdca802000 	C:\WINDOWS\System32\OLEAUT32.dll
0x00007ffdcb1b0000 - 0x00007ffdcb301000 	C:\WINDOWS\System32\ole32.dll
0x00007ffdcb380000 - 0x00007ffdcb7cb000 	C:\WINDOWS\System32\SETUPAPI.dll
0x0000000062020000 - 0x0000000062063000 	C:\Program Files\Java\jdk1.8.0_102\jre\bin\glass.dll
0x00007ffdcb0c0000 - 0x00007ffdcb1ad000 	C:\WINDOWS\System32\COMDLG32.dll
0x00007ffdc9050000 - 0x00007ffdc91c3000 	C:\WINDOWS\System32\MSCTF.dll
0x00007ffdc14a0000 - 0x00007ffdc1edf000 	C:\WINDOWS\SYSTEM32\igdusc64.dll
0x0000000062000000 - 0x0000000062014000 	C:\Program Files\Java\jdk1.8.0_102\jre\bin\javafx_font.dll
0x00007ffdbb450000 - 0x00007ffdbb76c000 	C:\WINDOWS\SYSTEM32\dwrite.dll
0x0000000061fb0000 - 0x0000000061fd3000 	C:\Program Files\Java\jdk1.8.0_102\jre\bin\javafx_iio.dll
0x0000000061f30000 - 0x0000000061fa3000 	C:\Program Files\Java\jdk1.8.0_102\jre\bin\glib-lite.dll
0x0000000061cf0000 - 0x0000000061d8c000 	C:\Program Files\Java\jdk1.8.0_102\jre\bin\gstreamer-lite.dll
0x00007ffda8c50000 - 0x00007ffda8cdf000 	C:\WINDOWS\SYSTEM32\DSOUND.dll
0x0000000061af0000 - 0x0000000061b15000 	C:\Program Files\Java\jdk1.8.0_102\jre\bin\jfxmedia.dll
0x00007ffdcaae0000 - 0x00007ffdcab80000 	C:\WINDOWS\System32\clbcatq.dll
0x00007ffdc42a0000 - 0x00007ffdc444e000 	C:\WINDOWS\SYSTEM32\WindowsCodecs.dll
0x00007ffda9f60000 - 0x00007ffda9fb8000 	C:\WINDOWS\system32\dataexchange.dll
0x00007ffdc4e00000 - 0x00007ffdc510b000 	C:\WINDOWS\system32\d3d11.dll
0x00007ffdc5570000 - 0x00007ffdc570c000 	C:\WINDOWS\system32\dcomp.dll
0x00007ffdc6890000 - 0x00007ffdc694b000 	C:\WINDOWS\system32\dxgi.dll
0x00007ffdc63b0000 - 0x00007ffdc6568000 	C:\WINDOWS\system32\twinapi.appcore.dll
0x00007ffdc6150000 - 0x00007ffdc6179000 	C:\WINDOWS\system32\RMCLIENT.dll
0x00007ffdac050000 - 0x00007ffdac084000 	C:\Program Files\Common Files\Microsoft Shared\Ink\rtscom.dll
0x0000000061fe0000 - 0x0000000061ff1000 	C:\Program Files\Java\jdk1.8.0_102\jre\bin\prism_common.dll
0x00007ffdc4640000 - 0x00007ffdc4c07000 	C:\WINDOWS\SYSTEM32\d2d1.dll
0x00007ffd97d50000 - 0x00007ffd984ce000 	C:\WINDOWS\SYSTEM32\D3D10Warp.dll
0x00007ffdbcf40000 - 0x00007ffdbcfd6000 	C:\WINDOWS\System32\TextInputFramework.dll
0x00007ffdc3df0000 - 0x00007ffdc410e000 	C:\WINDOWS\System32\CoreUIComponents.dll
0x00007ffdc5a90000 - 0x00007ffdc5b6a000 	C:\WINDOWS\System32\CoreMessaging.dll
0x00007ffdc6f60000 - 0x00007ffdc6f91000 	C:\WINDOWS\SYSTEM32\ntmarta.dll
0x00007ffdc3b50000 - 0x00007ffdc3c9d000 	C:\WINDOWS\SYSTEM32\wintypes.dll
0x00007ffdc6ae0000 - 0x00007ffdc6ca9000 	C:\WINDOWS\SYSTEM32\dbghelp.dll

VM Arguments:
jvm_args: -javaagent:C:\Program Files\JetBrains\IntelliJ IDEA Community Edition 2018.3.4\lib\idea_rt.jar=51601:C:\Program Files\JetBrains\IntelliJ IDEA Community Edition 2018.3.4\bin -Dfile.encoding=UTF-8 
java_command: ClientFX
java_class_path (initial): C:\Program Files\Java\jdk1.8.0_102\jre\lib\charsets.jar;C:\Program Files\Java\jdk1.8.0_102\jre\lib\deploy.jar;C:\Program Files\Java\jdk1.8.0_102\jre\lib\ext\access-bridge-64.jar;C:\Program Files\Java\jdk1.8.0_102\jre\lib\ext\cldrdata.jar;C:\Program Files\Java\jdk1.8.0_102\jre\lib\ext\dnsns.jar;C:\Program Files\Java\jdk1.8.0_102\jre\lib\ext\jaccess.jar;C:\Program Files\Java\jdk1.8.0_102\jre\lib\ext\jfxrt.jar;C:\Program Files\Java\jdk1.8.0_102\jre\lib\ext\localedata.jar;C:\Program Files\Java\jdk1.8.0_102\jre\lib\ext\nashorn.jar;C:\Program Files\Java\jdk1.8.0_102\jre\lib\ext\sunec.jar;C:\Program Files\Java\jdk1.8.0_102\jre\lib\ext\sunjce_provider.jar;C:\Program Files\Java\jdk1.8.0_102\jre\lib\ext\sunmscapi.jar;C:\Program Files\Java\jdk1.8.0_102\jre\lib\ext\sunpkcs11.jar;C:\Program Files\Java\jdk1.8.0_102\jre\lib\ext\zipfs.jar;C:\Program Files\Java\jdk1.8.0_102\jre\lib\javaws.jar;C:\Program Files\Java\jdk1.8.0_102\jre\lib\jce.jar;C:\Program Files\Java\jdk1.8.0_102\jre\lib\jfr.jar;C:\Program Files\Java\jdk1.8.0_102\jre\lib\jfxswt.jar;C:\Program Files\Java\jdk1.8.0_102\jre\lib\jsse.jar;C:\Program Files\Java\jdk1.8.0_102\jre\lib\management-agent.jar;C:\Program Files\Java\jdk1.8.0_102\jre\lib\plugin.jar;C:\Program Files\Java\jdk1.8.0_102\jre\lib\resources.jar;C:\Program Files\Java\jdk1.8.0_102\jre\lib\rt.jar;C:\Users\Don\Documents\GitHub\Project5\Client\out\production\Client;C:\Program Files\JetBrains\IntelliJ IDEA Community Edition 2018.3.4\lib\idea_rt.jar
Launcher Type: SUN_STANDARD

Environment Variables:
JAVA_HOME=C:\Program Files\Java\jdk1.8.0_172
CLASSPATH=.;
PATH=C:\Python27\;C:\Python27\Scripts;C:\Program Files (x86)\Common Files\Oracle\Java\javapath;C:\ProgramData\Oracle\Java\javapath;C:\Program Files (x86)\Intel\iCLS Client\;C:\Program Files\Intel\iCLS Client\;C:\WINDOWS\system32;C:\WINDOWS;C:\WINDOWS\System32\Wbem;C:\WINDOWS\System32\WindowsPowerShell\v1.0\;C:\Program Files\Hewlett-Packard\SimplePass\;C:\Program Files (x86)\Windows Live\Shared;C:\Program Files\Novell\iPrint;C:\WINDOWS\System32\OpenSSH\;C:\ProgramData\chocolatey\bin;C:\Program Files\Java\jdk1.8.0_172\bin;C:\TDM-GCC-64\bin;C:\Program Files\PuTTY\;C:\Program Files\Intel\Intel(R) Management Engine Components\DAL;C:\Program Files\Intel\Intel(R) Management Engine Components\IPT;C:\Program Files\dotnet\;C:\Program Files\Git\cmd;C:\Program Files\nodejs\;C:\Users\Don\AppData\Local\Microsoft\WindowsApps;C:\Users\Don\AndroidAppData\platform-tools;C:\Users\Don\AppData\Local\Programs\Microsoft VS Code\bin;C:\Users\Don\.dotnet\tools;C:\Program Files (x86)\Java\jdk1.8.0_102\bin;;C:\Users\Don\AppData\Local\Programs\Azure Data Studio\bin;C:\Users\Don\AppData\Roaming\npm
USERNAME=Don
OS=Windows_NT
PROCESSOR_IDENTIFIER=Intel64 Family 6 Model 61 Stepping 4, GenuineIntel



---------------  S Y S T E M  ---------------

OS: Windows 10.0 , 64 bit Build 17134 (10.0.17134.706)

CPU:total 4 (2 cores per cpu, 2 threads per core) family 6 model 61 stepping 4, cmov, cx8, fxsr, mmx, sse, sse2, sse3, ssse3, sse4.1, sse4.2, popcnt, avx, avx2, aes, clmul, erms, 3dnowpref, lzcnt, ht, tsc, tscinvbit, bmi1, bmi2, adx

Memory: 4k page, physical 6211852k(1256672k free), swap 11454732k(2879972k free)

vm_info: Java HotSpot(TM) 64-Bit Server VM (25.102-b14) for windows-amd64 JRE (1.8.0_102-b14), built on Jun 22 2016 13:15:21 by "java_re" with MS VC++ 10.0 (VS2010)

time: Sun May 05 16:13:46 2019
elapsed time: 85 seconds (0d 0h 1m 25s)

