#
# A fatal error has been detected by the Java Runtime Environment:
#
#  EXCEPTION_ACCESS_VIOLATION (0xc0000005) at pc=0x00000000746c584a, pid=84840, tid=0x000000000000c988
#
# JRE version: Java(TM) SE Runtime Environment (8.0_102-b14) (build 1.8.0_102-b14)
# Java VM: Java HotSpot(TM) 64-Bit Server VM (25.102-b14 mixed mode windows-amd64 compressed oops)
# Problematic frame:
# C  [glass.dll+0x2584a]
#
# Failed to write core dump. Minidumps are not enabled by default on client versions of Windows
#
# If you would like to submit a bug report, please visit:
#   http://bugreport.java.com/bugreport/crash.jsp
#

---------------  T H R E A D  ---------------

Current thread (0x0000000016af7800):  VMThread [stack: 0x0000000017bb0000,0x0000000017cb0000] [id=51592]

siginfo: ExceptionCode=0xc0000005, reading address 0x0000000000000000

Registers:
RAX=0x0000000000000000, RBX=0x0000000018c3b5f8, RCX=0x0000000016af7800, RDX=0x0000000018c3b5f8
RSP=0x0000000017caf1a0, RBP=0x00000000010b5030, RSI=0x0000000000000001, RDI=0x0000000000000000
R8 =0x0000000000010002, R9 =0x00000000010b5030, R10=0x0000000000000000, R11=0x0000000000000246
R12=0x00000000010b5060, R13=0x00000000010b5030, R14=0x00000000010b5040, R15=0x0000000000000000
RIP=0x00000000746c584a, EFLAGS=0x0000000000010202

Top of Stack: (sp=0x0000000017caf1a0)
0x0000000017caf1a0:   0000000000000000 00000000746c5900
0x0000000017caf1b0:   0000000000000000 00000000746d91b0
0x0000000017caf1c0:   00000000746c5830 00000000746c3224
0x0000000017caf1d0:   00000000746c5a60 00007ffc928d49da
0x0000000017caf1e0:   0000000000000000 00007ffc6b6fc2c4
0x0000000017caf1f0:   0000000000000001 00000000746a0000
0x0000000017caf200:   0000000002fc1638 00000000746c34a6
0x0000000017caf210:   0000000000000001 0000000016a05400
0x0000000017caf220:   0000000000000000 00000000746c3384
0x0000000017caf230:   c000000500000001 0000000017cae310
0x0000000017caf240:   00000000746a0000 00007ffcbf9fb583
0x0000000017caf250:   000000007ffe0385 0000000000000000
0x0000000017caf260:   000000007ffe0384 000000007ffe0385
0x0000000017caf270:   000000000000000f 00007ffcbfa0813a
0x0000000017caf280:   0000dbdfb7202800 0000000001085ca0
0x0000000017caf290:   0000000000000000 0000000000000000 

Instructions: (pc=0x00000000746c584a)
0x00000000746c582a:   83 c4 20 5d c3 cc 40 53 48 83 ec 20 48 8b 1d cb
0x00000000746c583a:   5b 01 00 48 85 db 74 1a e8 19 93 ff ff 48 8b d3
0x00000000746c584a:   4c 8b 00 48 8b c8 48 83 c4 20 5b 49 ff a0 b0 00
0x00000000746c585a:   00 00 48 83 c4 20 5b c3 cc cc cc cc cc cc cc cc 


Register to memory mapping:

RAX=0x0000000000000000 is an unknown value
RBX=0x0000000018c3b5f8 is a global jni handle
RCX=0x0000000016af7800 is an unknown value
RDX=0x0000000018c3b5f8 is a global jni handle
RSP=0x0000000017caf1a0 is an unknown value
RBP=0x00000000010b5030 is an unknown value
RSI=0x0000000000000001 is an unknown value
RDI=0x0000000000000000 is an unknown value
R8 =0x0000000000010002 is an unknown value
R9 =0x00000000010b5030 is an unknown value
R10=0x0000000000000000 is an unknown value
R11=0x0000000000000246 is an unknown value
R12=0x00000000010b5060 is an unknown value
R13=0x00000000010b5030 is an unknown value
R14=0x00000000010b5040 is an unknown value
R15=0x0000000000000000 is an unknown value


Stack: [0x0000000017bb0000,0x0000000017cb0000],  sp=0x0000000017caf1a0,  free space=1020k
Native frames: (J=compiled Java code, j=interpreted, Vv=VM code, C=native code)
C  [glass.dll+0x2584a]
C  [glass.dll+0x23224]
C  [glass.dll+0x234a6]
C  [ntdll.dll+0x3b583]
C  [ntdll.dll+0x47f85]
C  [ntdll.dll+0x47e48]
C  [KERNEL32.DLL+0x1ca7a]
C  [msvcr100.dll+0x20cb9]
V  [jvm.dll+0x212a05]
V  [jvm.dll+0x24b647]
V  [jvm.dll+0x24a8e6]
V  [jvm.dll+0x24ad81]
V  [jvm.dll+0x24af9e]
V  [jvm.dll+0x29c03a]
C  [msvcr100.dll+0x21d7b]
C  [msvcr100.dll+0x21e17]
C  [KERNEL32.DLL+0x14034]
C  [ntdll.dll+0x73691]

VM_Operation (0x00000000197a9850): Exit, mode: safepoint, requested by thread 0x0000000018c22800


---------------  P R O C E S S  ---------------

Java Threads: ( => current thread )
  0x0000000018367800 JavaThread "Glass/Prism Shutdown Hook" [_thread_blocked, id=83560, stack(0x0000000028ca0000,0x0000000028da0000)]
  0x0000000018369000 JavaThread "Thread-5" [_thread_blocked, id=43440, stack(0x0000000022720000,0x0000000022820000)]
  0x0000000018368800 JavaThread "Thread-4" daemon [_thread_in_native, id=19888, stack(0x0000000022620000,0x0000000022720000)]
  0x0000000018f22000 JavaThread "Media Resource Disposer" daemon [_thread_blocked, id=65512, stack(0x000000001f900000,0x000000001fa00000)]
  0x0000000018c8d800 JavaThread "Prism Font Disposer" daemon [_thread_blocked, id=18800, stack(0x000000001f400000,0x000000001f500000)]
  0x0000000018c49800 JavaThread "JavaFX-Launcher" [_thread_blocked, id=80972, stack(0x000000001e180000,0x000000001e280000)]
  0x0000000018c46000 JavaThread "Thread-2" daemon [_thread_in_native, id=4672, stack(0x000000001e080000,0x000000001e180000)]
  0x0000000018c22800 JavaThread "JavaFX Application Thread" [_thread_blocked, id=71020, stack(0x00000000196b0000,0x00000000197b0000)]
  0x0000000018bbf800 JavaThread "Thread-1" daemon [_thread_blocked, id=44408, stack(0x00000000195b0000,0x00000000196b0000)]
  0x0000000018bb0000 JavaThread "QuantumRenderer-0" daemon [_thread_blocked, id=65340, stack(0x00000000193a0000,0x00000000194a0000)]
  0x0000000016b79000 JavaThread "Service Thread" daemon [_thread_blocked, id=17636, stack(0x00000000189a0000,0x0000000018aa0000)]
  0x000000001822e800 JavaThread "C1 CompilerThread2" daemon [_thread_blocked, id=49240, stack(0x00000000188a0000,0x00000000189a0000)]
  0x0000000016b74000 JavaThread "C2 CompilerThread1" daemon [_thread_blocked, id=42944, stack(0x00000000187a0000,0x00000000188a0000)]
  0x0000000016b70000 JavaThread "C2 CompilerThread0" daemon [_thread_blocked, id=45240, stack(0x00000000186a0000,0x00000000187a0000)]
  0x0000000016b7a800 JavaThread "Monitor Ctrl-Break" daemon [_thread_in_native, id=11948, stack(0x00000000185a0000,0x00000000186a0000)]
  0x0000000016b39800 JavaThread "Attach Listener" daemon [_thread_blocked, id=92972, stack(0x00000000180a0000,0x00000000181a0000)]
  0x0000000016b38000 JavaThread "Signal Dispatcher" daemon [_thread_blocked, id=23136, stack(0x0000000017fa0000,0x00000000180a0000)]
  0x0000000016b19000 JavaThread "Finalizer" daemon [_thread_blocked, id=12164, stack(0x0000000017db0000,0x0000000017eb0000)]
  0x0000000003252000 JavaThread "Reference Handler" daemon [_thread_blocked, id=35684, stack(0x0000000017cb0000,0x0000000017db0000)]
  0x0000000003162800 JavaThread "main" [_thread_blocked, id=59236, stack(0x0000000002e90000,0x0000000002f90000)]

Other Threads:
=>0x0000000016af7800 VMThread [stack: 0x0000000017bb0000,0x0000000017cb0000] [id=51592]

VM state:at safepoint (shutting down)

VM Mutex/Monitor currently owned by a thread:  ([mutex/lock_event])
[0x0000000002fcd370] Threads_lock - owner thread: 0x0000000016af7800

Heap:
 PSYoungGen      total 154624K, used 63357K [0x00000000e0600000, 0x00000000f0900000, 0x0000000100000000)
  eden space 81408K, 46% used [0x00000000e0600000,0x00000000e2adfde0,0x00000000e5580000)
  from space 73216K, 34% used [0x00000000eaa80000,0x00000000ec37f8c8,0x00000000ef200000)
  to   space 87040K, 0% used [0x00000000e5580000,0x00000000e5580000,0x00000000eaa80000)
 ParOldGen       total 314368K, used 190261K [0x00000000a1200000, 0x00000000b4500000, 0x00000000e0600000)
  object space 314368K, 60% used [0x00000000a1200000,0x00000000acbcd708,0x00000000b4500000)
 Metaspace       used 18294K, capacity 19578K, committed 19840K, reserved 1067008K
  class space    used 2631K, capacity 2895K, committed 2944K, reserved 1048576K

Card table byte_map: [0x0000000012620000,0x0000000012920000] byte_map_base: 0x0000000012117000

Marking Bits: (ParMarkBitMap*) 0x00000000737da6c0
 Begin Bits: [0x0000000012f20000, 0x00000000146d8000)
 End Bits:   [0x00000000146d8000, 0x0000000015e90000)

Polling page: 0x0000000001040000

CodeCache: size=245760Kb used=8762Kb max_used=8774Kb free=236997Kb
 bounds [0x0000000003260000, 0x0000000003b00000, 0x0000000012260000]
 total_blobs=3491 nmethods=2816 adapters=586
 compilation: enabled

Compilation events (10 events):
Event: 23.592 Thread 0x000000001822e800 nmethod 2842 0x0000000003ae6450 code [0x0000000003ae6620, 0x0000000003ae6e48]
Event: 23.592 Thread 0x000000001822e800 2843       3       com.sun.javafx.css.SizeUnits::access$300 (5 bytes)
Event: 23.594 Thread 0x000000001822e800 nmethod 2843 0x0000000003ae7350 code [0x0000000003ae7560, 0x0000000003ae7ed8]
Event: 23.594 Thread 0x000000001822e800 2845       3       javafx.scene.layout.Region::impl_updatePeer (540 bytes)
Event: 23.606 Thread 0x0000000016b70000 nmethod 2844 0x0000000003aeb290 code [0x0000000003aeb400, 0x0000000003aeb6e8]
Event: 23.613 Thread 0x000000001822e800 nmethod 2845 0x0000000003aebb10 code [0x0000000003aec1e0, 0x0000000003af2768]
Event: 23.613 Thread 0x000000001822e800 2846       3       com.sun.javafx.sg.prism.NGRegion::updateFillCorners (6 bytes)
Event: 23.613 Thread 0x000000001822e800 nmethod 2846 0x0000000003ae07d0 code [0x0000000003ae0920, 0x0000000003ae0a90]
Event: 23.644 Thread 0x0000000016b74000 2847       4       java.lang.invoke.LambdaForm$DMH/1670675563::invokeStatic_L_L (14 bytes)
Event: 23.645 Thread 0x0000000016b74000 nmethod 2847 0x0000000003af4f90 code [0x0000000003af50e0, 0x0000000003af5188]

GC Heap History (10 events):
Event: 4.365 GC heap before
{Heap before GC invocations=7 (full 2):
 PSYoungGen      total 53248K, used 4049K [0x00000000e0600000, 0x00000000e9180000, 0x0000000100000000)
  eden space 49152K, 0% used [0x00000000e0600000,0x00000000e0600000,0x00000000e3600000)
  from space 4096K, 98% used [0x00000000e3600000,0x00000000e39f45d0,0x00000000e3a00000)
  to   space 32768K, 0% used [0x00000000e7180000,0x00000000e7180000,0x00000000e9180000)
 ParOldGen       total 119808K, used 90715K [0x00000000a1200000, 0x00000000a8700000, 0x00000000e0600000)
  object space 119808K, 75% used [0x00000000a1200000,0x00000000a6a96f48,0x00000000a8700000)
 Metaspace       used 12727K, capacity 13350K, committed 13568K, reserved 1060864K
  class space    used 1777K, capacity 1929K, committed 2048K, reserved 1048576K
Event: 4.403 GC heap after
Heap after GC invocations=7 (full 2):
 PSYoungGen      total 53248K, used 0K [0x00000000e0600000, 0x00000000e9180000, 0x0000000100000000)
  eden space 49152K, 0% used [0x00000000e0600000,0x00000000e0600000,0x00000000e3600000)
  from space 4096K, 0% used [0x00000000e3600000,0x00000000e3600000,0x00000000e3a00000)
  to   space 32768K, 0% used [0x00000000e7180000,0x00000000e7180000,0x00000000e9180000)
 ParOldGen       total 190464K, used 92127K [0x00000000a1200000, 0x00000000acc00000, 0x00000000e0600000)
  object space 190464K, 48% used [0x00000000a1200000,0x00000000a6bf7d60,0x00000000acc00000)
 Metaspace       used 12727K, capacity 13350K, committed 13568K, reserved 1060864K
  class space    used 1777K, capacity 1929K, committed 2048K, reserved 1048576K
}
Event: 4.890 GC heap before
{Heap before GC invocations=8 (full 2):
 PSYoungGen      total 53248K, used 48953K [0x00000000e0600000, 0x00000000e9180000, 0x0000000100000000)
  eden space 49152K, 99% used [0x00000000e0600000,0x00000000e35ce420,0x00000000e3600000)
  from space 4096K, 0% used [0x00000000e3600000,0x00000000e3600000,0x00000000e3a00000)
  to   space 32768K, 0% used [0x00000000e7180000,0x00000000e7180000,0x00000000e9180000)
 ParOldGen       total 190464K, used 92127K [0x00000000a1200000, 0x00000000acc00000, 0x00000000e0600000)
  object space 190464K, 48% used [0x00000000a1200000,0x00000000a6bf7d60,0x00000000acc00000)
 Metaspace       used 12748K, capacity 13354K, committed 13568K, reserved 1060864K
  class space    used 1778K, capacity 1929K, committed 2048K, reserved 1048576K
Event: 4.907 GC heap after
Heap after GC invocations=8 (full 2):
 PSYoungGen      total 98816K, used 32748K [0x00000000e0600000, 0x00000000e9f00000, 0x0000000100000000)
  eden space 66048K, 0% used [0x00000000e0600000,0x00000000e0600000,0x00000000e4680000)
  from space 32768K, 99% used [0x00000000e7180000,0x00000000e917b088,0x00000000e9180000)
  to   space 44032K, 0% used [0x00000000e4680000,0x00000000e4680000,0x00000000e7180000)
 ParOldGen       total 190464K, used 98336K [0x00000000a1200000, 0x00000000acc00000, 0x00000000e0600000)
  object space 190464K, 51% used [0x00000000a1200000,0x00000000a7208348,0x00000000acc00000)
 Metaspace       used 12748K, capacity 13354K, committed 13568K, reserved 1060864K
  class space    used 1778K, capacity 1929K, committed 2048K, reserved 1048576K
}
Event: 5.603 GC heap before
{Heap before GC invocations=9 (full 2):
 PSYoungGen      total 98816K, used 98796K [0x00000000e0600000, 0x00000000e9f00000, 0x0000000100000000)
  eden space 66048K, 100% used [0x00000000e0600000,0x00000000e4680000,0x00000000e4680000)
  from space 32768K, 99% used [0x00000000e7180000,0x00000000e917b088,0x00000000e9180000)
  to   space 44032K, 0% used [0x00000000e4680000,0x00000000e4680000,0x00000000e7180000)
 ParOldGen       total 190464K, used 98336K [0x00000000a1200000, 0x00000000acc00000, 0x00000000e0600000)
  object space 190464K, 51% used [0x00000000a1200000,0x00000000a7208348,0x00000000acc00000)
 Metaspace       used 12793K, capacity 13430K, committed 13568K, reserved 1060864K
  class space    used 1779K, capacity 1931K, committed 2048K, reserved 1048576K
Event: 5.654 GC heap after
Heap after GC invocations=9 (full 2):
 PSYoungGen      total 110080K, used 44027K [0x00000000e0600000, 0x00000000ef200000, 0x0000000100000000)
  eden space 66048K, 0% used [0x00000000e0600000,0x00000000e0600000,0x00000000e4680000)
  from space 44032K, 99% used [0x00000000e4680000,0x00000000e717eee0,0x00000000e7180000)
  to   space 73216K, 0% used [0x00000000eaa80000,0x00000000eaa80000,0x00000000ef200000)
 ParOldGen       total 190464K, used 137873K [0x00000000a1200000, 0x00000000acc00000, 0x00000000e0600000)
  object space 190464K, 72% used [0x00000000a1200000,0x00000000a98a45b8,0x00000000acc00000)
 Metaspace       used 12793K, capacity 13430K, committed 13568K, reserved 1060864K
  class space    used 1779K, capacity 1931K, committed 2048K, reserved 1048576K
}
Event: 20.320 GC heap before
{Heap before GC invocations=10 (full 2):
 PSYoungGen      total 110080K, used 109451K [0x00000000e0600000, 0x00000000ef200000, 0x0000000100000000)
  eden space 66048K, 99% used [0x00000000e0600000,0x00000000e45e40d8,0x00000000e4680000)
  from space 44032K, 99% used [0x00000000e4680000,0x00000000e717eee0,0x00000000e7180000)
  to   space 73216K, 0% used [0x00000000eaa80000,0x00000000eaa80000,0x00000000ef200000)
 ParOldGen       total 190464K, used 137873K [0x00000000a1200000, 0x00000000acc00000, 0x00000000e0600000)
  object space 190464K, 72% used [0x00000000a1200000,0x00000000a98a45b8,0x00000000acc00000)
 Metaspace       used 18030K, capacity 19266K, committed 19328K, reserved 1064960K
  class space    used 2619K, capacity 2885K, committed 2944K, reserved 1048576K
Event: 20.366 GC heap after
Heap after GC invocations=10 (full 2):
 PSYoungGen      total 154624K, used 71358K [0x00000000e0600000, 0x00000000f0900000, 0x0000000100000000)
  eden space 81408K, 0% used [0x00000000e0600000,0x00000000e0600000,0x00000000e5580000)
  from space 73216K, 97% used [0x00000000eaa80000,0x00000000ef02fa30,0x00000000ef200000)
  to   space 87040K, 0% used [0x00000000e5580000,0x00000000e5580000,0x00000000eaa80000)
 ParOldGen       total 190464K, used 147773K [0x00000000a1200000, 0x00000000acc00000, 0x00000000e0600000)
  object space 190464K, 77% used [0x00000000a1200000,0x00000000aa24f5f8,0x00000000acc00000)
 Metaspace       used 18030K, capacity 19266K, committed 19328K, reserved 1064960K
  class space    used 2619K, capacity 2885K, committed 2944K, reserved 1048576K
}
Event: 20.366 GC heap before
{Heap before GC invocations=11 (full 3):
 PSYoungGen      total 154624K, used 71358K [0x00000000e0600000, 0x00000000f0900000, 0x0000000100000000)
  eden space 81408K, 0% used [0x00000000e0600000,0x00000000e0600000,0x00000000e5580000)
  from space 73216K, 97% used [0x00000000eaa80000,0x00000000ef02fa30,0x00000000ef200000)
  to   space 87040K, 0% used [0x00000000e5580000,0x00000000e5580000,0x00000000eaa80000)
 ParOldGen       total 190464K, used 147773K [0x00000000a1200000, 0x00000000acc00000, 0x00000000e0600000)
  object space 190464K, 77% used [0x00000000a1200000,0x00000000aa24f5f8,0x00000000acc00000)
 Metaspace       used 18030K, capacity 19266K, committed 19328K, reserved 1064960K
  class space    used 2619K, capacity 2885K, committed 2944K, reserved 1048576K
Event: 20.470 GC heap after
Heap after GC invocations=11 (full 3):
 PSYoungGen      total 154624K, used 25598K [0x00000000e0600000, 0x00000000f0900000, 0x0000000100000000)
  eden space 81408K, 0% used [0x00000000e0600000,0x00000000e0600000,0x00000000e5580000)
  from space 73216K, 34% used [0x00000000eaa80000,0x00000000ec37f8c8,0x00000000ef200000)
  to   space 87040K, 0% used [0x00000000e5580000,0x00000000e5580000,0x00000000eaa80000)
 ParOldGen       total 314368K, used 190261K [0x00000000a1200000, 0x00000000b4500000, 0x00000000e0600000)
  object space 314368K, 60% used [0x00000000a1200000,0x00000000acbcd708,0x00000000b4500000)
 Metaspace       used 18030K, capacity 19266K, committed 19328K, reserved 1064960K
  class space    used 2619K, capacity 2885K, committed 2944K, reserved 1048576K
}

Deoptimization events (10 events):
Event: 6.886 Thread 0x0000000018bb0000 Uncommon trap: reason=class_check action=maybe_recompile pc=0x00000000036528e8 method=java.io.BufferedInputStream.read1([BII)I @ 39
Event: 6.886 Thread 0x0000000018bb0000 Uncommon trap: reason=unstable_if action=reinterpret pc=0x000000000365285c method=java.io.BufferedInputStream.fill()V @ 219
Event: 19.190 Thread 0x0000000018c22800 Uncommon trap: reason=class_check action=maybe_recompile pc=0x0000000003953228 method=javafx.scene.Node.updateLocalToParentTransform()V @ 11
Event: 19.193 Thread 0x0000000018c22800 Uncommon trap: reason=class_check action=maybe_recompile pc=0x0000000003953228 method=javafx.scene.Node.updateLocalToParentTransform()V @ 11
Event: 19.193 Thread 0x0000000018c22800 Uncommon trap: reason=class_check action=maybe_recompile pc=0x0000000003953228 method=javafx.scene.Node.updateLocalToParentTransform()V @ 11
Event: 19.194 Thread 0x0000000018c22800 Uncommon trap: reason=class_check action=maybe_recompile pc=0x0000000003953228 method=javafx.scene.Node.updateLocalToParentTransform()V @ 11
Event: 19.201 Thread 0x0000000018c22800 Uncommon trap: reason=unstable_if action=reinterpret pc=0x0000000003580d7c method=java.lang.Math.round(D)J @ 48
Event: 19.590 Thread 0x0000000018bb0000 Uncommon trap: reason=unstable_if action=reinterpret pc=0x00000000038189cc method=java.lang.Math.round(F)I @ 36
Event: 20.622 Thread 0x0000000018c22800 Uncommon trap: reason=unstable_if action=reinterpret pc=0x000000000399dde0 method=javafx.scene.CssStyleHelper.lookup(Ljavafx/css/Styleable;Ljavafx/css/CssMetaData;Lcom/sun/javafx/css/StyleMap;Ljava/util/Set;Ljavafx/css/Styleable;Lcom/sun/javafx/css/Calculaéwý¬ÓŸ4@
Event: 20.624 Thread 0x0000000018c22800 Uncommon trap: reason=unstable_if action=reinterpret pc=0x0000000003999b34 method=java.util.WeakHashMap.expungeStaleEntries()V @ 9

Internal exceptions (10 events):
Event: 0.485 Thread 0x0000000003162800 Exception <a 'java/security/PrivilegedActionException'> (0x00000000e0a6be40) thrown at [C:\re\workspace\8-2-build-windows-amd64-cygwin\jdk8u102\7268\hotspot\src\share\vm\prims\jvm.cpp, line 1386]
Event: 0.485 Thread 0x0000000003162800 Exception <a 'java/lang/NullPointerException'> (0x00000000e0a6c848) thrown at [C:\re\workspace\8-2-build-windows-amd64-cygwin\jdk8u102\7268\hotspot\src\share\vm\interpreter\linkResolver.cpp, line 1178]
Event: 0.513 Thread 0x0000000003162800 Implicit null exception at 0x0000000003382955 to 0x0000000003382b21
Event: 1.244 Thread 0x0000000018c22800 Exception <a 'java/lang/NullPointerException'> (0x00000000e1738710) thrown at [C:\re\workspace\8-2-build-windows-amd64-cygwin\jdk8u102\7268\hotspot\src\share\vm\interpreter\linkResolver.cpp, line 1178]
Event: 1.244 Thread 0x0000000018c22800 Exception <a 'java/lang/NullPointerException'> (0x00000000e1738710) thrown at [C:\re\workspace\8-2-build-windows-amd64-cygwin\jdk8u102\7268\hotspot\src\share\vm\prims\jvm.cpp, line 1390]
Event: 3.342 Thread 0x0000000018c22800 Exception <a 'java/lang/UnsatisfiedLinkError': com.sun.media.jfxmediaimpl.NativeAudioClip.nacInit()Z> (0x00000000e178b510) thrown at [C:\re\workspace\8-2-build-windows-amd64-cygwin\jdk8u102\7268\hotspot\src\share\vm\prims\nativeLookup.cpp, line 378]
Event: 3.343 Thread 0x0000000018c22800 Exception <a 'java/lang/UnsatisfiedLinkError': com.sun.media.jfxmedia.logging.Logger.nativeSetNativeLevel(I)V> (0x00000000e178fc10) thrown at [C:\re\workspace\8-2-build-windows-amd64-cygwin\jdk8u102\7268\hotspot\src\share\vm\prims\nativeLookup.cpp, line 37Ø&òŽ@
Event: 3.388 Thread 0x0000000018c22800 Implicit null exception at 0x0000000003490e96 to 0x0000000003491241
Event: 6.564 Thread 0x0000000018c22800 Implicit null exception at 0x000000000358bbce to 0x000000000358cd2d
Event: 23.650 Thread 0x0000000018367800 Exception <a 'java/lang/IllegalStateException'> (0x00000000e2a5ec90) thrown at [C:\re\workspace\8-2-build-windows-amd64-cygwin\jdk8u102\7268\hotspot\src\share\vm\prims\jvm.cpp, line 1390]

Events (10 events):
Event: 23.646 loading class java/util/IdentityHashMap$IdentityHashMapIterator done
Event: 23.646 loading class java/util/IdentityHashMap$KeyIterator done
Event: 23.647 Thread 0x0000000018367800 Thread added: 0x0000000018367800
Event: 23.648 loading class com/sun/javafx/tk/quantum/QuantumRenderer
Event: 23.648 loading class com/sun/javafx/tk/quantum/QuantumRenderer done
Event: 23.650 loading class java/util/LinkedList$ListItr
Event: 23.650 loading class com/sun/javafx/tk/quantum/QuantumToolkit
Event: 23.650 loading class com/sun/javafx/tk/quantum/QuantumToolkit done
Event: 23.650 loading class java/util/LinkedList$ListItr done
Event: 23.650 Executing VM operation: Exit


Dynamic libraries:
0x00007ff6c6490000 - 0x00007ff6c64c7000 	C:\Program Files\Java\jdk1.8.0_102\bin\java.exe
0x00007ffcbf9c0000 - 0x00007ffcbfba1000 	C:\WINDOWS\SYSTEM32\ntdll.dll
0x00007ffcbd4e0000 - 0x00007ffcbd591000 	C:\WINDOWS\System32\KERNEL32.DLL
0x00007ffcbc610000 - 0x00007ffcbc883000 	C:\WINDOWS\System32\KERNELBASE.dll
0x0000000076350000 - 0x00000000763e5000 	C:\WINDOWS\System32\SYSFER.DLL
0x00007ffcbd740000 - 0x00007ffcbd7e1000 	C:\WINDOWS\System32\ADVAPI32.dll
0x00007ffcbd660000 - 0x00007ffcbd6fe000 	C:\WINDOWS\System32\msvcrt.dll
0x00007ffcbd600000 - 0x00007ffcbd65b000 	C:\WINDOWS\System32\sechost.dll
0x00007ffcbd250000 - 0x00007ffcbd374000 	C:\WINDOWS\System32\RPCRT4.dll
0x00007ffcbd7f0000 - 0x00007ffcbd980000 	C:\WINDOWS\System32\USER32.dll
0x00007ffcbbdf0000 - 0x00007ffcbbe10000 	C:\WINDOWS\System32\win32u.dll
0x00007ffcbd700000 - 0x00007ffcbd728000 	C:\WINDOWS\System32\GDI32.dll
0x00007ffcbccb0000 - 0x00007ffcbce42000 	C:\WINDOWS\System32\gdi32full.dll
0x00007ffcbc520000 - 0x00007ffcbc5bf000 	C:\WINDOWS\System32\msvcp_win.dll
0x00007ffcbc940000 - 0x00007ffcbca38000 	C:\WINDOWS\System32\ucrtbase.dll
0x00007ffcafdb0000 - 0x00007ffcb0019000 	C:\WINDOWS\WinSxS\amd64_microsoft.windows.common-controls_6595b64144ccf1df_6.0.17134.706_none_fb43a2cb30647007\COMCTL32.dll
0x00007ffcbf660000 - 0x00007ffcbf982000 	C:\WINDOWS\System32\combase.dll
0x00007ffcbcc30000 - 0x00007ffcbccaa000 	C:\WINDOWS\System32\bcryptPrimitives.dll
0x00007ffcbda00000 - 0x00007ffcbda2d000 	C:\WINDOWS\System32\IMM32.DLL
0x0000000074bf0000 - 0x0000000074cc1000 	C:\Program Files\Java\jdk1.8.0_102\jre\bin\msvcr100.dll
0x0000000072fc0000 - 0x000000007385a000 	C:\Program Files\Java\jdk1.8.0_102\jre\bin\server\jvm.dll
0x00007ffcbd730000 - 0x00007ffcbd738000 	C:\WINDOWS\System32\PSAPI.DLL
0x00007ffcbabf0000 - 0x00007ffcbabf9000 	C:\WINDOWS\SYSTEM32\WSOCK32.dll
0x00007ffcbf5d0000 - 0x00007ffcbf63c000 	C:\WINDOWS\System32\WS2_32.dll
0x00007ffcb9bd0000 - 0x00007ffcb9bf3000 	C:\WINDOWS\SYSTEM32\WINMM.dll
0x00007ffcad380000 - 0x00007ffcad38a000 	C:\WINDOWS\SYSTEM32\VERSION.dll
0x00007ffcb9ba0000 - 0x00007ffcb9bca000 	C:\WINDOWS\SYSTEM32\WINMMBASE.dll
0x00007ffcbc5c0000 - 0x00007ffcbc609000 	C:\WINDOWS\System32\cfgmgr32.dll
0x0000000074be0000 - 0x0000000074bef000 	C:\Program Files\Java\jdk1.8.0_102\jre\bin\verify.dll
0x0000000074bb0000 - 0x0000000074bd9000 	C:\Program Files\Java\jdk1.8.0_102\jre\bin\java.dll
0x0000000074760000 - 0x0000000074783000 	C:\Program Files\Java\jdk1.8.0_102\jre\bin\instrument.dll
0x0000000074740000 - 0x0000000074756000 	C:\Program Files\Java\jdk1.8.0_102\jre\bin\zip.dll
0x00007ffcbda30000 - 0x00007ffcbee70000 	C:\WINDOWS\System32\SHELL32.dll
0x00007ffcbd1a0000 - 0x00007ffcbd249000 	C:\WINDOWS\System32\shcore.dll
0x00007ffcbbe10000 - 0x00007ffcbc51d000 	C:\WINDOWS\System32\windows.storage.dll
0x00007ffcbce50000 - 0x00007ffcbcea1000 	C:\WINDOWS\System32\shlwapi.dll
0x00007ffcbbd70000 - 0x00007ffcbbd81000 	C:\WINDOWS\System32\kernel.appcore.dll
0x00007ffcbbd30000 - 0x00007ffcbbd4f000 	C:\WINDOWS\System32\profapi.dll
0x00007ffcbbcd0000 - 0x00007ffcbbd1c000 	C:\WINDOWS\System32\powrprof.dll
0x00007ffcbbd20000 - 0x00007ffcbbd2a000 	C:\WINDOWS\System32\FLTLIB.DLL
0x00007ffcb6880000 - 0x00007ffcb689a000 	C:\Program Files\JetBrains\IntelliJ IDEA Community Edition 2018.3.4\bin\breakgen64.dll
0x0000000074720000 - 0x000000007473a000 	C:\Program Files\Java\jdk1.8.0_102\jre\bin\net.dll
0x00007ffcbb550000 - 0x00007ffcbb5b6000 	C:\WINDOWS\system32\mswsock.dll
0x00007ffc84870000 - 0x00007ffc8495f000 	C:\Program Files\Java\jdk1.8.0_102\jre\bin\msvcr120.dll
0x00007ffca1e40000 - 0x00007ffca1ee6000 	C:\Program Files\Java\jdk1.8.0_102\jre\bin\msvcp120.dll
0x00000000746f0000 - 0x0000000074712000 	C:\Program Files\Java\jdk1.8.0_102\jre\bin\prism_d3d.dll
0x00007ffc80050000 - 0x00007ffc801e7000 	C:\WINDOWS\system32\d3d9.dll
0x00007ffcba0c0000 - 0x00007ffcba0e9000 	C:\WINDOWS\SYSTEM32\dwmapi.dll
0x00007ffcb9f40000 - 0x00007ffcb9fd8000 	C:\WINDOWS\system32\uxtheme.dll
0x00007ffc4c440000 - 0x00007ffc4e97d000 	C:\WINDOWS\SYSTEM32\igdumdim64.dll
0x00007ffcbcf50000 - 0x00007ffcbd012000 	C:\WINDOWS\System32\OLEAUT32.dll
0x00007ffcbd380000 - 0x00007ffcbd4d1000 	C:\WINDOWS\System32\ole32.dll
0x00007ffcbefe0000 - 0x00007ffcbf42b000 	C:\WINDOWS\System32\SETUPAPI.dll
0x00000000746a0000 - 0x00000000746e3000 	C:\Program Files\Java\jdk1.8.0_102\jre\bin\glass.dll
0x00007ffcbee80000 - 0x00007ffcbef6d000 	C:\WINDOWS\System32\COMDLG32.dll
0x00007ffcbd020000 - 0x00007ffcbd193000 	C:\WINDOWS\System32\MSCTF.dll
0x00007ffcb3230000 - 0x00007ffcb3c6f000 	C:\WINDOWS\SYSTEM32\igdusc64.dll
0x0000000074660000 - 0x0000000074674000 	C:\Program Files\Java\jdk1.8.0_102\jre\bin\javafx_font.dll
0x00007ffcb0a00000 - 0x00007ffcb0d1c000 	C:\WINDOWS\SYSTEM32\dwrite.dll
0x0000000074600000 - 0x0000000074623000 	C:\Program Files\Java\jdk1.8.0_102\jre\bin\javafx_iio.dll
0x0000000074580000 - 0x00000000745f3000 	C:\Program Files\Java\jdk1.8.0_102\jre\bin\glib-lite.dll
0x00000000744e0000 - 0x000000007457c000 	C:\Program Files\Java\jdk1.8.0_102\jre\bin\gstreamer-lite.dll
0x00007ffc94fd0000 - 0x00007ffc9505f000 	C:\WINDOWS\SYSTEM32\DSOUND.dll
0x00000000744b0000 - 0x00000000744d5000 	C:\Program Files\Java\jdk1.8.0_102\jre\bin\jfxmedia.dll
0x00007ffcbceb0000 - 0x00007ffcbcf50000 	C:\WINDOWS\System32\clbcatq.dll
0x00007ffcb61d0000 - 0x00007ffcb637e000 	C:\WINDOWS\SYSTEM32\WindowsCodecs.dll
0x00007ffc8c8f0000 - 0x00007ffc8c948000 	C:\WINDOWS\system32\dataexchange.dll
0x00007ffcb8bb0000 - 0x00007ffcb8ebb000 	C:\WINDOWS\system32\d3d11.dll
0x00007ffcb9630000 - 0x00007ffcb97cc000 	C:\WINDOWS\system32\dcomp.dll
0x00007ffcba6f0000 - 0x00007ffcba7ab000 	C:\WINDOWS\system32\dxgi.dll
0x00007ffcba250000 - 0x00007ffcba408000 	C:\WINDOWS\system32\twinapi.appcore.dll
0x00007ffcba1a0000 - 0x00007ffcba1c9000 	C:\WINDOWS\system32\RMCLIENT.dll
0x00007ffcac080000 - 0x00007ffcac0b4000 	C:\Program Files\Common Files\Microsoft Shared\Ink\rtscom.dll
0x0000000074640000 - 0x0000000074651000 	C:\Program Files\Java\jdk1.8.0_102\jre\bin\prism_common.dll
0x00007ffcb8520000 - 0x00007ffcb8ae7000 	C:\WINDOWS\SYSTEM32\d2d1.dll
0x00007ffc6b190000 - 0x00007ffc6b90e000 	C:\WINDOWS\SYSTEM32\D3D10Warp.dll
0x00007ffcb4da0000 - 0x00007ffcb4e36000 	C:\WINDOWS\System32\TextInputFramework.dll
0x00007ffcb5d40000 - 0x00007ffcb605e000 	C:\WINDOWS\System32\CoreUIComponents.dll
0x00007ffcb97d0000 - 0x00007ffcb98aa000 	C:\WINDOWS\System32\CoreMessaging.dll
0x00007ffcbadc0000 - 0x00007ffcbadf1000 	C:\WINDOWS\SYSTEM32\ntmarta.dll
0x00007ffcb7540000 - 0x00007ffcb768d000 	C:\WINDOWS\SYSTEM32\wintypes.dll
0x00007ffcbaa00000 - 0x00007ffcbabc9000 	C:\WINDOWS\SYSTEM32\dbghelp.dll

VM Arguments:
jvm_args: -javaagent:C:\Program Files\JetBrains\IntelliJ IDEA Community Edition 2018.3.4\lib\idea_rt.jar=57056:C:\Program Files\JetBrains\IntelliJ IDEA Community Edition 2018.3.4\bin -Dfile.encoding=UTF-8 
java_command: ClientFX
java_class_path (initial): C:\Program Files\Java\jdk1.8.0_102\jre\lib\charsets.jar;C:\Program Files\Java\jdk1.8.0_102\jre\lib\deploy.jar;C:\Program Files\Java\jdk1.8.0_102\jre\lib\ext\access-bridge-64.jar;C:\Program Files\Java\jdk1.8.0_102\jre\lib\ext\cldrdata.jar;C:\Program Files\Java\jdk1.8.0_102\jre\lib\ext\dnsns.jar;C:\Program Files\Java\jdk1.8.0_102\jre\lib\ext\jaccess.jar;C:\Program Files\Java\jdk1.8.0_102\jre\lib\ext\jfxrt.jar;C:\Program Files\Java\jdk1.8.0_102\jre\lib\ext\localedata.jar;C:\Program Files\Java\jdk1.8.0_102\jre\lib\ext\nashorn.jar;C:\Program Files\Java\jdk1.8.0_102\jre\lib\ext\sunec.jar;C:\Program Files\Java\jdk1.8.0_102\jre\lib\ext\sunjce_provider.jar;C:\Program Files\Java\jdk1.8.0_102\jre\lib\ext\sunmscapi.jar;C:\Program Files\Java\jdk1.8.0_102\jre\lib\ext\sunpkcs11.jar;C:\Program Files\Java\jdk1.8.0_102\jre\lib\ext\zipfs.jar;C:\Program Files\Java\jdk1.8.0_102\jre\lib\javaws.jar;C:\Program Files\Java\jdk1.8.0_102\jre\lib\jce.jar;C:\Program Files\Java\jdk1.8.0_102\jre\lib\jfr.jar;C:\Program Files\Java\jdk1.8.0_102\jre\lib\jfxswt.jar;C:\Program Files\Java\jdk1.8.0_102\jre\lib\jsse.jar;C:\Program Files\Java\jdk1.8.0_102\jre\lib\management-agent.jar;C:\Program Files\Java\jdk1.8.0_102\jre\lib\plugin.jar;C:\Program Files\Java\jdk1.8.0_102\jre\lib\resources.jar;C:\Program Files\Java\jdk1.8.0_102\jre\lib\rt.jar;C:\Users\Don\Documents\GitHub\Project5\Client\out\production\Client;C:\Program Files\JetBrains\IntelliJ IDEA Community Edition 2018.3.4\lib\idea_rt.jar
Launcher Type: SUN_STANDARD

Environment Variables:
JAVA_HOME=C:\Program Files\Java\jdk1.8.0_172
CLASSPATH=.;
PATH=C:\Python27\;C:\Python27\Scripts;C:\Program Files (x86)\Common Files\Oracle\Java\javapath;C:\ProgramData\Oracle\Java\javapath;C:\Program Files (x86)\Intel\iCLS Client\;C:\Program Files\Intel\iCLS Client\;C:\WINDOWS\system32;C:\WINDOWS;C:\WINDOWS\System32\Wbem;C:\WINDOWS\System32\WindowsPowerShell\v1.0\;C:\Program Files\Hewlett-Packard\SimplePass\;C:\Program Files (x86)\Windows Live\Shared;C:\Program Files\Novell\iPrint;C:\WINDOWS\System32\OpenSSH\;C:\ProgramData\chocolatey\bin;C:\Program Files\Java\jdk1.8.0_172\bin;C:\TDM-GCC-64\bin;C:\Program Files\PuTTY\;C:\Program Files\Intel\Intel(R) Management Engine Components\DAL;C:\Program Files\Intel\Intel(R) Management Engine Components\IPT;C:\Program Files\dotnet\;C:\Program Files\Git\cmd;C:\Program Files\nodejs\;C:\Users\Don\AppData\Local\Microsoft\WindowsApps;C:\Users\Don\AndroidAppData\platform-tools;C:\Users\Don\AppData\Local\Programs\Microsoft VS Code\bin;C:\Users\Don\.dotnet\tools;C:\Program Files (x86)\Java\jdk1.8.0_102\bin;;C:\Users\Don\AppData\Local\Programs\Azure Data Studio\bin;C:\Users\Don\AppData\Roaming\npm
USERNAME=Don
OS=Windows_NT
PROCESSOR_IDENTIFIER=Intel64 Family 6 Model 61 Stepping 4, GenuineIntel



---------------  S Y S T E M  ---------------

OS: Windows 10.0 , 64 bit Build 17134 (10.0.17134.706)

CPU:total 4 (2 cores per cpu, 2 threads per core) family 6 model 61 stepping 4, cmov, cx8, fxsr, mmx, sse, sse2, sse3, ssse3, sse4.1, sse4.2, popcnt, avx, avx2, aes, clmul, erms, 3dnowpref, lzcnt, ht, tsc, tscinvbit, bmi1, bmi2, adx

Memory: 4k page, physical 6211852k(673184k free), swap 12951904k(2016164k free)

vm_info: Java HotSpot(TM) 64-Bit Server VM (25.102-b14) for windows-amd64 JRE (1.8.0_102-b14), built on Jun 22 2016 13:15:21 by "java_re" with MS VC++ 10.0 (VS2010)

time: Sat May 04 18:38:54 2019
elapsed time: 24 seconds (0d 0h 0m 24s)

