#
# A fatal error has been detected by the Java Runtime Environment:
#
#  EXCEPTION_ACCESS_VIOLATION (0xc0000005) at pc=0x00000000746c584a, pid=13100, tid=0x0000000000012180
#
# JRE version: Java(TM) SE Runtime Environment (8.0_102-b14) (build 1.8.0_102-b14)
# Java VM: Java HotSpot(TM) 64-Bit Server VM (25.102-b14 mixed mode windows-amd64 compressed oops)
# Problematic frame:
# C  [glass.dll+0x2584a]
#
# Failed to write core dump. Minidumps are not enabled by default on client versions of Windows
#
# If you would like to submit a bug report, please visit:
#   http://bugreport.java.com/bugreport/crash.jsp
#

---------------  T H R E A D  ---------------

Current thread (0x0000000015f87800):  VMThread [stack: 0x0000000017010000,0x0000000017110000] [id=74112]

siginfo: ExceptionCode=0xc0000005, reading address 0x0000000000000000

Registers:
RAX=0x0000000000000000, RBX=0x00000000179b3378, RCX=0x0000000015f87800, RDX=0x00000000179b3378
RSP=0x000000001710f200, RBP=0x000000000074f350, RSI=0x0000000000000001, RDI=0x0000000000000000
R8 =0x0000000000010002, R9 =0x000000000074f350, R10=0x0000000000000000, R11=0x0000000000000246
R12=0x000000000074f380, R13=0x000000000074f350, R14=0x000000000074f360, R15=0x0000000000000000
RIP=0x00000000746c584a, EFLAGS=0x0000000000010202

Top of Stack: (sp=0x000000001710f200)
0x000000001710f200:   0000000000000000 00000000746c5900
0x000000001710f210:   0000000000000000 00000000746d91b0
0x000000001710f220:   00000000746c5830 00000000746c3224
0x000000001710f230:   00000000746c5a60 00007ffcf07af8bf
0x000000001710f240:   0000000000000000 00007ffc6b6fc2c4
0x000000001710f250:   0000000000000001 00000000746a0000
0x000000001710f260:   00000000024e1638 00000000746c34a6
0x000000001710f270:   0000000000000001 0000000015e95500
0x000000001710f280:   0000000000000000 00000000746c3384
0x000000001710f290:   c000000500000001 000000001710e390
0x000000001710f2a0:   00000000746a0000 00007ffcbf9fb583
0x000000001710f2b0:   000000007ffe0385 0000000000000000
0x000000001710f2c0:   000000007ffe0384 000000007ffe0385
0x000000001710f2d0:   000000000000000f 00007ffcbfa0813a
0x000000001710f2e0:   0000abf44ebcc800 0000000000714c30
0x000000001710f2f0:   0000000000000000 0000000000000000 

Instructions: (pc=0x00000000746c584a)
0x00000000746c582a:   83 c4 20 5d c3 cc 40 53 48 83 ec 20 48 8b 1d cb
0x00000000746c583a:   5b 01 00 48 85 db 74 1a e8 19 93 ff ff 48 8b d3
0x00000000746c584a:   4c 8b 00 48 8b c8 48 83 c4 20 5b 49 ff a0 b0 00
0x00000000746c585a:   00 00 48 83 c4 20 5b c3 cc cc cc cc cc cc cc cc 


Register to memory mapping:

RAX=0x0000000000000000 is an unknown value
RBX=0x00000000179b3378 is a global jni handle
RCX=0x0000000015f87800 is an unknown value
RDX=0x00000000179b3378 is a global jni handle
RSP=0x000000001710f200 is an unknown value
RBP=0x000000000074f350 is an unknown value
RSI=0x0000000000000001 is an unknown value
RDI=0x0000000000000000 is an unknown value
R8 =0x0000000000010002 is an unknown value
R9 =0x000000000074f350 is an unknown value
R10=0x0000000000000000 is an unknown value
R11=0x0000000000000246 is an unknown value
R12=0x000000000074f380 is an unknown value
R13=0x000000000074f350 is an unknown value
R14=0x000000000074f360 is an unknown value
R15=0x0000000000000000 is an unknown value


Stack: [0x0000000017010000,0x0000000017110000],  sp=0x000000001710f200,  free space=1020k
Native frames: (J=compiled Java code, j=interpreted, Vv=VM code, C=native code)
C  [glass.dll+0x2584a]
C  [glass.dll+0x23224]
C  [glass.dll+0x234a6]
C  [ntdll.dll+0x3b583]
C  [ntdll.dll+0x47f85]
C  [ntdll.dll+0x47e48]
C  [KERNEL32.DLL+0x1ca7a]
C  [msvcr100.dll+0x20cb9]
V  [jvm.dll+0x212a05]
V  [jvm.dll+0x24b647]
V  [jvm.dll+0x24a8e6]
V  [jvm.dll+0x24ad81]
V  [jvm.dll+0x24af9e]
V  [jvm.dll+0x29c03a]
C  [msvcr100.dll+0x21d7b]
C  [msvcr100.dll+0x21e17]
C  [KERNEL32.DLL+0x14034]
C  [ntdll.dll+0x73691]

VM_Operation (0x0000000018bd9870): Exit, mode: safepoint, requested by thread 0x00000000179ad800


---------------  P R O C E S S  ---------------

Java Threads: ( => current thread )
  0x000000001897e000 JavaThread "Glass/Prism Shutdown Hook" [_thread_blocked, id=55728, stack(0x0000000026510000,0x0000000026610000)]
  0x0000000018981800 JavaThread "Thread-5" [_thread_blocked, id=59656, stack(0x0000000020e40000,0x0000000020f40000)]
  0x000000001897e800 JavaThread "Thread-4" daemon [_thread_in_native, id=86300, stack(0x0000000020d40000,0x0000000020e40000)]
  0x0000000018589800 JavaThread "Media Resource Disposer" daemon [_thread_blocked, id=84340, stack(0x000000001edb0000,0x000000001eeb0000)]
  0x0000000018279800 JavaThread "Prism Font Disposer" daemon [_thread_blocked, id=57364, stack(0x000000001e8b0000,0x000000001e9b0000)]
  0x0000000018232000 JavaThread "JavaFX-Launcher" [_thread_blocked, id=28008, stack(0x000000001d5b0000,0x000000001d6b0000)]
  0x00000000179d1000 JavaThread "Thread-2" daemon [_thread_in_native, id=88288, stack(0x000000001d4b0000,0x000000001d5b0000)]
  0x00000000179ad800 JavaThread "JavaFX Application Thread" [_thread_blocked, id=47804, stack(0x0000000018ae0000,0x0000000018be0000)]
  0x0000000018223800 JavaThread "Thread-1" daemon [_thread_blocked, id=30488, stack(0x00000000189e0000,0x0000000018ae0000)]
  0x0000000017993000 JavaThread "QuantumRenderer-0" daemon [_thread_blocked, id=45260, stack(0x0000000018000000,0x0000000018100000)]
  0x000000001601d000 JavaThread "Service Thread" daemon [_thread_blocked, id=31216, stack(0x0000000017e00000,0x0000000017f00000)]
  0x000000001601a000 JavaThread "C1 CompilerThread2" daemon [_thread_blocked, id=26972, stack(0x0000000017d00000,0x0000000017e00000)]
  0x0000000016008000 JavaThread "C2 CompilerThread1" daemon [_thread_blocked, id=57544, stack(0x0000000017c00000,0x0000000017d00000)]
  0x0000000015ff6000 JavaThread "C2 CompilerThread0" daemon [_thread_blocked, id=8080, stack(0x0000000017b00000,0x0000000017c00000)]
  0x0000000017643000 JavaThread "Monitor Ctrl-Break" daemon [_thread_in_native, id=21644, stack(0x0000000017a00000,0x0000000017b00000)]
  0x0000000015fbc800 JavaThread "Attach Listener" daemon [_thread_blocked, id=39776, stack(0x0000000017500000,0x0000000017600000)]
  0x0000000015fbb000 JavaThread "Signal Dispatcher" daemon [_thread_blocked, id=40828, stack(0x0000000017400000,0x0000000017500000)]
  0x00000000026ed800 JavaThread "Finalizer" daemon [_thread_blocked, id=30780, stack(0x0000000017210000,0x0000000017310000)]
  0x00000000026e2000 JavaThread "Reference Handler" daemon [_thread_blocked, id=21084, stack(0x0000000017110000,0x0000000017210000)]
  0x00000000025f2800 JavaThread "main" [_thread_blocked, id=64568, stack(0x00000000022f0000,0x00000000023f0000)]

Other Threads:
=>0x0000000015f87800 VMThread [stack: 0x0000000017010000,0x0000000017110000] [id=74112]

VM state:at safepoint (shutting down)

VM Mutex/Monitor currently owned by a thread:  ([mutex/lock_event])
[0x00000000024ede40] Threads_lock - owner thread: 0x0000000015f87800

Heap:
 PSYoungGen      total 104448K, used 60356K [0x00000000e0600000, 0x00000000ebc80000, 0x0000000100000000)
  eden space 68096K, 88% used [0x00000000e0600000,0x00000000e40f13d8,0x00000000e4880000)
  from space 36352K, 0% used [0x00000000e4880000,0x00000000e4880000,0x00000000e6c00000)
  to   space 44544K, 0% used [0x00000000e9100000,0x00000000e9100000,0x00000000ebc80000)
 ParOldGen       total 303104K, used 182276K [0x00000000a1200000, 0x00000000b3a00000, 0x00000000e0600000)
  object space 303104K, 60% used [0x00000000a1200000,0x00000000ac401238,0x00000000b3a00000)
 Metaspace       used 18418K, capacity 19686K, committed 19840K, reserved 1067008K
  class space    used 2624K, capacity 2885K, committed 2944K, reserved 1048576K

Card table byte_map: [0x0000000011ab0000,0x0000000011db0000] byte_map_base: 0x00000000115a7000

Marking Bits: (ParMarkBitMap*) 0x00000000737da6c0
 Begin Bits: [0x00000000123b0000, 0x0000000013b68000)
 End Bits:   [0x0000000013b68000, 0x0000000015320000)

Polling page: 0x00000000006d0000

CodeCache: size=245760Kb used=9638Kb max_used=9645Kb free=236121Kb
 bounds [0x00000000026f0000, 0x0000000003070000, 0x00000000116f0000]
 total_blobs=3811 nmethods=3139 adapters=583
 compilation: enabled

Compilation events (10 events):
Event: 33.404 Thread 0x0000000016008000 3164       4       com.sun.glass.ui.Application::checkEventThread (48 bytes)
Event: 33.405 Thread 0x0000000016008000 nmethod 3164 0x000000000305a1d0 code [0x000000000305a300, 0x000000000305a378]
Event: 33.626 Thread 0x000000001601a000 3165       1       javafx.scene.Scene::access$2000 (5 bytes)
Event: 33.627 Thread 0x000000001601a000 nmethod 3165 0x0000000003059f10 code [0x000000000305a060, 0x000000000305a150]
Event: 33.635 Thread 0x000000001601a000 3166       3       javafx.scene.layout.Region::access$700 (5 bytes)
Event: 33.635 Thread 0x000000001601a000 nmethod 3166 0x0000000003059ad0 code [0x0000000003059c40, 0x0000000003059e28]
Event: 33.636 Thread 0x000000001601a000 3167       3       com.sun.javafx.text.PrismTextLayout::setBoundsType (46 bytes)
Event: 33.637 Thread 0x000000001601a000 nmethod 3167 0x000000000305f210 code [0x000000000305f380, 0x000000000305f608]
Event: 33.682 Thread 0x000000001601a000 3168       1       com.sun.javafx.tk.quantum.QuantumToolkit::getPerformanceTracker (5 bytes)
Event: 33.683 Thread 0x000000001601a000 nmethod 3168 0x000000000305ef50 code [0x000000000305f0a0, 0x000000000305f1b0]

GC Heap History (10 events):
Event: 3.027 GC heap before
{Heap before GC invocations=6 (full 1):
 PSYoungGen      total 53248K, used 49018K [0x00000000e0600000, 0x00000000e3e00000, 0x0000000100000000)
  eden space 49152K, 99% used [0x00000000e0600000,0x00000000e35de8c0,0x00000000e3600000)
  from space 4096K, 0% used [0x00000000e3a00000,0x00000000e3a00000,0x00000000e3e00000)
  to   space 4096K, 0% used [0x00000000e3600000,0x00000000e3600000,0x00000000e3a00000)
 ParOldGen       total 116736K, used 55940K [0x00000000a1200000, 0x00000000a8400000, 0x00000000e0600000)
  object space 116736K, 47% used [0x00000000a1200000,0x00000000a48a12f0,0x00000000a8400000)
 Metaspace       used 12714K, capacity 13350K, committed 13568K, reserved 1060864K
  class space    used 1772K, capacity 1929K, committed 2048K, reserved 1048576K
Event: 3.046 GC heap after
Heap after GC invocations=6 (full 1):
 PSYoungGen      total 53248K, used 3951K [0x00000000e0600000, 0x00000000e8e80000, 0x0000000100000000)
  eden space 49152K, 0% used [0x00000000e0600000,0x00000000e0600000,0x00000000e3600000)
  from space 4096K, 96% used [0x00000000e3600000,0x00000000e39dbc10,0x00000000e3a00000)
  to   space 28672K, 0% used [0x00000000e7280000,0x00000000e7280000,0x00000000e8e80000)
 ParOldGen       total 116736K, used 90183K [0x00000000a1200000, 0x00000000a8400000, 0x00000000e0600000)
  object space 116736K, 77% used [0x00000000a1200000,0x00000000a6a11c90,0x00000000a8400000)
 Metaspace       used 12714K, capacity 13350K, committed 13568K, reserved 1060864K
  class space    used 1772K, capacity 1929K, committed 2048K, reserved 1048576K
}
Event: 3.046 GC heap before
{Heap before GC invocations=7 (full 2):
 PSYoungGen      total 53248K, used 3951K [0x00000000e0600000, 0x00000000e8e80000, 0x0000000100000000)
  eden space 49152K, 0% used [0x00000000e0600000,0x00000000e0600000,0x00000000e3600000)
  from space 4096K, 96% used [0x00000000e3600000,0x00000000e39dbc10,0x00000000e3a00000)
  to   space 28672K, 0% used [0x00000000e7280000,0x00000000e7280000,0x00000000e8e80000)
 ParOldGen       total 116736K, used 90183K [0x00000000a1200000, 0x00000000a8400000, 0x00000000e0600000)
  object space 116736K, 77% used [0x00000000a1200000,0x00000000a6a11c90,0x00000000a8400000)
 Metaspace       used 12714K, capacity 13350K, committed 13568K, reserved 1060864K
  class space    used 1772K, capacity 1929K, committed 2048K, reserved 1048576K
Event: 3.091 GC heap after
Heap after GC invocations=7 (full 2):
 PSYoungGen      total 53248K, used 0K [0x00000000e0600000, 0x00000000e8e80000, 0x0000000100000000)
  eden space 49152K, 0% used [0x00000000e0600000,0x00000000e0600000,0x00000000e3600000)
  from space 4096K, 0% used [0x00000000e3600000,0x00000000e3600000,0x00000000e3a00000)
  to   space 28672K, 0% used [0x00000000e7280000,0x00000000e7280000,0x00000000e8e80000)
 ParOldGen       total 186368K, used 93990K [0x00000000a1200000, 0x00000000ac800000, 0x00000000e0600000)
  object space 186368K, 50% used [0x00000000a1200000,0x00000000a6dc9b50,0x00000000ac800000)
 Metaspace       used 12714K, capacity 13350K, committed 13568K, reserved 1060864K
  class space    used 1772K, capacity 1929K, committed 2048K, reserved 1048576K
}
Event: 3.468 GC heap before
{Heap before GC invocations=8 (full 2):
 PSYoungGen      total 53248K, used 49152K [0x00000000e0600000, 0x00000000e8e80000, 0x0000000100000000)
  eden space 49152K, 100% used [0x00000000e0600000,0x00000000e3600000,0x00000000e3600000)
  from space 4096K, 0% used [0x00000000e3600000,0x00000000e3600000,0x00000000e3a00000)
  to   space 28672K, 0% used [0x00000000e7280000,0x00000000e7280000,0x00000000e8e80000)
 ParOldGen       total 186368K, used 93990K [0x00000000a1200000, 0x00000000ac800000, 0x00000000e0600000)
  object space 186368K, 50% used [0x00000000a1200000,0x00000000a6dc9b50,0x00000000ac800000)
 Metaspace       used 12734K, capacity 13354K, committed 13568K, reserved 1060864K
  class space    used 1773K, capacity 1929K, committed 2048K, reserved 1048576K
Event: 3.484 GC heap after
Heap after GC invocations=8 (full 2):
 PSYoungGen      total 96768K, used 28604K [0x00000000e0600000, 0x00000000e8f80000, 0x0000000100000000)
  eden space 68096K, 0% used [0x00000000e0600000,0x00000000e0600000,0x00000000e4880000)
  from space 28672K, 99% used [0x00000000e7280000,0x00000000e8e6f218,0x00000000e8e80000)
  to   space 36352K, 0% used [0x00000000e4880000,0x00000000e4880000,0x00000000e6c00000)
 ParOldGen       total 186368K, used 103946K [0x00000000a1200000, 0x00000000ac800000, 0x00000000e0600000)
  object space 186368K, 55% used [0x00000000a1200000,0x00000000a7782a90,0x00000000ac800000)
 Metaspace       used 12734K, capacity 13354K, committed 13568K, reserved 1060864K
  class space    used 1773K, capacity 1929K, committed 2048K, reserved 1048576K
}
Event: 4.014 GC heap before
{Heap before GC invocations=9 (full 2):
 PSYoungGen      total 96768K, used 96700K [0x00000000e0600000, 0x00000000e8f80000, 0x0000000100000000)
  eden space 68096K, 100% used [0x00000000e0600000,0x00000000e4880000,0x00000000e4880000)
  from space 28672K, 99% used [0x00000000e7280000,0x00000000e8e6f218,0x00000000e8e80000)
  to   space 36352K, 0% used [0x00000000e4880000,0x00000000e4880000,0x00000000e6c00000)
 ParOldGen       total 186368K, used 103946K [0x00000000a1200000, 0x00000000ac800000, 0x00000000e0600000)
  object space 186368K, 55% used [0x00000000a1200000,0x00000000a7782a90,0x00000000ac800000)
 Metaspace       used 12782K, capacity 13430K, committed 13568K, reserved 1060864K
  class space    used 1774K, capacity 1931K, committed 2048K, reserved 1048576K
Event: 4.059 GC heap after
Heap after GC invocations=9 (full 2):
 PSYoungGen      total 104448K, used 36282K [0x00000000e0600000, 0x00000000ebc80000, 0x0000000100000000)
  eden space 68096K, 0% used [0x00000000e0600000,0x00000000e0600000,0x00000000e4880000)
  from space 36352K, 99% used [0x00000000e4880000,0x00000000e6bee8f8,0x00000000e6c00000)
  to   space 44544K, 0% used [0x00000000e9100000,0x00000000e9100000,0x00000000ebc80000)
 ParOldGen       total 186368K, used 148586K [0x00000000a1200000, 0x00000000ac800000, 0x00000000e0600000)
  object space 186368K, 79% used [0x00000000a1200000,0x00000000aa31a8b8,0x00000000ac800000)
 Metaspace       used 12782K, capacity 13430K, committed 13568K, reserved 1060864K
  class space    used 1774K, capacity 1931K, committed 2048K, reserved 1048576K
}
Event: 4.059 GC heap before
{Heap before GC invocations=10 (full 3):
 PSYoungGen      total 104448K, used 36282K [0x00000000e0600000, 0x00000000ebc80000, 0x0000000100000000)
  eden space 68096K, 0% used [0x00000000e0600000,0x00000000e0600000,0x00000000e4880000)
  from space 36352K, 99% used [0x00000000e4880000,0x00000000e6bee8f8,0x00000000e6c00000)
  to   space 44544K, 0% used [0x00000000e9100000,0x00000000e9100000,0x00000000ebc80000)
 ParOldGen       total 186368K, used 148586K [0x00000000a1200000, 0x00000000ac800000, 0x00000000e0600000)
  object space 186368K, 79% used [0x00000000a1200000,0x00000000aa31a8b8,0x00000000ac800000)
 Metaspace       used 12782K, capacity 13430K, committed 13568K, reserved 1060864K
  class space    used 1774K, capacity 1931K, committed 2048K, reserved 1048576K
Event: 4.153 GC heap after
Heap after GC invocations=10 (full 3):
 PSYoungGen      total 104448K, used 0K [0x00000000e0600000, 0x00000000ebc80000, 0x0000000100000000)
  eden space 68096K, 0% used [0x00000000e0600000,0x00000000e0600000,0x00000000e4880000)
  from space 36352K, 0% used [0x00000000e4880000,0x00000000e4880000,0x00000000e6c00000)
  to   space 44544K, 0% used [0x00000000e9100000,0x00000000e9100000,0x00000000ebc80000)
 ParOldGen       total 303104K, used 182276K [0x00000000a1200000, 0x00000000b3a00000, 0x00000000e0600000)
  object space 303104K, 60% used [0x00000000a1200000,0x00000000ac401238,0x00000000b3a00000)
 Metaspace       used 12782K, capacity 13430K, committed 13568K, reserved 1060864K
  class space    used 1774K, capacity 1931K, committed 2048K, reserved 1048576K
}

Deoptimization events (10 events):
Event: 12.354 Thread 0x00000000179ad800 Uncommon trap: reason=class_check action=maybe_recompile pc=0x0000000002d7d09c method=javafx.scene.Node.updateLocalToParentTransform()V @ 11
Event: 12.354 Thread 0x00000000179ad800 Uncommon trap: reason=class_check action=maybe_recompile pc=0x0000000002d7d09c method=javafx.scene.Node.updateLocalToParentTransform()V @ 11
Event: 12.355 Thread 0x00000000179ad800 Uncommon trap: reason=class_check action=maybe_recompile pc=0x0000000002d7d09c method=javafx.scene.Node.updateLocalToParentTransform()V @ 11
Event: 12.358 Thread 0x00000000179ad800 Uncommon trap: reason=unstable_if action=reinterpret pc=0x0000000002ac4ebc method=java.lang.Math.round(D)J @ 48
Event: 13.406 Thread 0x0000000017993000 Uncommon trap: reason=unstable_if action=reinterpret pc=0x0000000002da2a0c method=java.lang.Math.round(F)I @ 36
Event: 13.803 Thread 0x00000000179ad800 Uncommon trap: reason=unstable_if action=reinterpret pc=0x0000000002e3cbe4 method=javafx.scene.CssStyleHelper.lookup(Ljavafx/css/Styleable;Ljavafx/css/CssMetaData;Lcom/sun/javafx/css/StyleMap;Ljava/util/Set;Ljavafx/css/Styleable;Lcom/sun/javafx/css/CalculaB€xT9u9@
Event: 25.458 Thread 0x00000000179ad800 Uncommon trap: reason=unstable_if action=reinterpret pc=0x0000000002f5aaa8 method=com.sun.javafx.css.StyleManager$CacheContainer.getStyleMap(I)Lcom/sun/javafx/css/StyleMap; @ 22
Event: 25.458 Thread 0x00000000179ad800 Uncommon trap: reason=unstable_if action=reinterpret pc=0x0000000002e60814 method=com.sun.javafx.css.StyleManager$CacheContainer.getStyleMap(I)Lcom/sun/javafx/css/StyleMap; @ 22
Event: 31.393 Thread 0x00000000179ad800 Uncommon trap: reason=unstable_if action=reinterpret pc=0x0000000002e9e4d0 method=javafx.scene.Node.updateLocalToParentTransform()V @ 125
Event: 33.693 Thread 0x000000001897e000 Uncommon trap: reason=unstable_if action=reinterpret pc=0x0000000002f86180 method=java.util.concurrent.locks.ReentrantLock$Sync.tryRelease(I)Z @ 28

Internal exceptions (10 events):
Event: 0.472 Thread 0x00000000025f2800 Exception <a 'java/security/PrivilegedActionException'> (0x00000000e0a6b9c0) thrown at [C:\re\workspace\8-2-build-windows-amd64-cygwin\jdk8u102\7268\hotspot\src\share\vm\prims\jvm.cpp, line 1386]
Event: 0.472 Thread 0x00000000025f2800 Exception <a 'java/lang/NullPointerException'> (0x00000000e0a6c3c8) thrown at [C:\re\workspace\8-2-build-windows-amd64-cygwin\jdk8u102\7268\hotspot\src\share\vm\interpreter\linkResolver.cpp, line 1178]
Event: 0.518 Thread 0x00000000025f2800 Implicit null exception at 0x0000000002813295 to 0x0000000002813461
Event: 1.076 Thread 0x00000000179ad800 Exception <a 'java/lang/NullPointerException'> (0x00000000e173c4d0) thrown at [C:\re\workspace\8-2-build-windows-amd64-cygwin\jdk8u102\7268\hotspot\src\share\vm\interpreter\linkResolver.cpp, line 1178]
Event: 1.076 Thread 0x00000000179ad800 Exception <a 'java/lang/NullPointerException'> (0x00000000e173c4d0) thrown at [C:\re\workspace\8-2-build-windows-amd64-cygwin\jdk8u102\7268\hotspot\src\share\vm\prims\jvm.cpp, line 1390]
Event: 2.429 Thread 0x00000000179ad800 Exception <a 'java/lang/UnsatisfiedLinkError': com.sun.media.jfxmediaimpl.NativeAudioClip.nacInit()Z> (0x00000000e1713fd8) thrown at [C:\re\workspace\8-2-build-windows-amd64-cygwin\jdk8u102\7268\hotspot\src\share\vm\prims\nativeLookup.cpp, line 378]
Event: 2.430 Thread 0x00000000179ad800 Exception <a 'java/lang/UnsatisfiedLinkError': com.sun.media.jfxmedia.logging.Logger.nativeSetNativeLevel(I)V> (0x00000000e17186d8) thrown at [C:\re\workspace\8-2-build-windows-amd64-cygwin\jdk8u102\7268\hotspot\src\share\vm\prims\nativeLookup.cpp, line 37∑OTp‰–@
Event: 2.477 Thread 0x00000000179ad800 Implicit null exception at 0x0000000002928756 to 0x0000000002928b01
Event: 4.851 Thread 0x00000000179ad800 Implicit null exception at 0x0000000002a2008e to 0x0000000002a211f1
Event: 33.694 Thread 0x000000001897e000 Exception <a 'java/lang/IllegalStateException'> (0x00000000e404d998) thrown at [C:\re\workspace\8-2-build-windows-amd64-cygwin\jdk8u102\7268\hotspot\src\share\vm\prims\jvm.cpp, line 1390]

Events (10 events):
Event: 33.693 loading class com/sun/javafx/tk/quantum/QuantumRenderer
Event: 33.693 loading class com/sun/javafx/tk/quantum/QuantumRenderer done
Event: 33.693 Thread 0x000000001897e000 Uncommon trap: trap_request=0xffffff65 fr.pc=0x0000000002f86180
Event: 33.693 Thread 0x000000001897e000 DEOPT PACKING pc=0x0000000002f86180 sp=0x000000002660e170
Event: 33.693 Thread 0x000000001897e000 DEOPT UNPACKING pc=0x000000000273582a sp=0x000000002660e0f8 mode 2
Event: 33.693 loading class com/sun/javafx/tk/quantum/QuantumToolkit
Event: 33.693 loading class com/sun/javafx/tk/quantum/QuantumToolkit done
Event: 33.694 loading class java/util/LinkedList$ListItr
Event: 33.694 loading class java/util/LinkedList$ListItr done
Event: 33.694 Executing VM operation: Exit


Dynamic libraries:
0x00007ff6c6490000 - 0x00007ff6c64c7000 	C:\Program Files\Java\jdk1.8.0_102\bin\java.exe
0x00007ffcbf9c0000 - 0x00007ffcbfba1000 	C:\WINDOWS\SYSTEM32\ntdll.dll
0x00007ffcbd4e0000 - 0x00007ffcbd591000 	C:\WINDOWS\System32\KERNEL32.DLL
0x00007ffcbc610000 - 0x00007ffcbc883000 	C:\WINDOWS\System32\KERNELBASE.dll
0x0000000076350000 - 0x00000000763e5000 	C:\WINDOWS\System32\SYSFER.DLL
0x00007ffcbd740000 - 0x00007ffcbd7e1000 	C:\WINDOWS\System32\ADVAPI32.dll
0x00007ffcbd660000 - 0x00007ffcbd6fe000 	C:\WINDOWS\System32\msvcrt.dll
0x00007ffcbd600000 - 0x00007ffcbd65b000 	C:\WINDOWS\System32\sechost.dll
0x00007ffcbd250000 - 0x00007ffcbd374000 	C:\WINDOWS\System32\RPCRT4.dll
0x00007ffcbd7f0000 - 0x00007ffcbd980000 	C:\WINDOWS\System32\USER32.dll
0x00007ffcbbdf0000 - 0x00007ffcbbe10000 	C:\WINDOWS\System32\win32u.dll
0x00007ffcbd700000 - 0x00007ffcbd728000 	C:\WINDOWS\System32\GDI32.dll
0x00007ffcbccb0000 - 0x00007ffcbce42000 	C:\WINDOWS\System32\gdi32full.dll
0x00007ffcbc520000 - 0x00007ffcbc5bf000 	C:\WINDOWS\System32\msvcp_win.dll
0x00007ffcbc940000 - 0x00007ffcbca38000 	C:\WINDOWS\System32\ucrtbase.dll
0x00007ffcafdb0000 - 0x00007ffcb0019000 	C:\WINDOWS\WinSxS\amd64_microsoft.windows.common-controls_6595b64144ccf1df_6.0.17134.706_none_fb43a2cb30647007\COMCTL32.dll
0x00007ffcbf660000 - 0x00007ffcbf982000 	C:\WINDOWS\System32\combase.dll
0x00007ffcbcc30000 - 0x00007ffcbccaa000 	C:\WINDOWS\System32\bcryptPrimitives.dll
0x00007ffcbda00000 - 0x00007ffcbda2d000 	C:\WINDOWS\System32\IMM32.DLL
0x0000000074bf0000 - 0x0000000074cc1000 	C:\Program Files\Java\jdk1.8.0_102\jre\bin\msvcr100.dll
0x0000000072fc0000 - 0x000000007385a000 	C:\Program Files\Java\jdk1.8.0_102\jre\bin\server\jvm.dll
0x00007ffcbd730000 - 0x00007ffcbd738000 	C:\WINDOWS\System32\PSAPI.DLL
0x00007ffcbabf0000 - 0x00007ffcbabf9000 	C:\WINDOWS\SYSTEM32\WSOCK32.dll
0x00007ffcbf5d0000 - 0x00007ffcbf63c000 	C:\WINDOWS\System32\WS2_32.dll
0x00007ffcb9bd0000 - 0x00007ffcb9bf3000 	C:\WINDOWS\SYSTEM32\WINMM.dll
0x00007ffcad380000 - 0x00007ffcad38a000 	C:\WINDOWS\SYSTEM32\VERSION.dll
0x00007ffcb9ba0000 - 0x00007ffcb9bca000 	C:\WINDOWS\SYSTEM32\WINMMBASE.dll
0x00007ffcbc5c0000 - 0x00007ffcbc609000 	C:\WINDOWS\System32\cfgmgr32.dll
0x0000000074be0000 - 0x0000000074bef000 	C:\Program Files\Java\jdk1.8.0_102\jre\bin\verify.dll
0x0000000074bb0000 - 0x0000000074bd9000 	C:\Program Files\Java\jdk1.8.0_102\jre\bin\java.dll
0x0000000074760000 - 0x0000000074783000 	C:\Program Files\Java\jdk1.8.0_102\jre\bin\instrument.dll
0x0000000074740000 - 0x0000000074756000 	C:\Program Files\Java\jdk1.8.0_102\jre\bin\zip.dll
0x00007ffcbda30000 - 0x00007ffcbee70000 	C:\WINDOWS\System32\SHELL32.dll
0x00007ffcbd1a0000 - 0x00007ffcbd249000 	C:\WINDOWS\System32\shcore.dll
0x00007ffcbbe10000 - 0x00007ffcbc51d000 	C:\WINDOWS\System32\windows.storage.dll
0x00007ffcbce50000 - 0x00007ffcbcea1000 	C:\WINDOWS\System32\shlwapi.dll
0x00007ffcbbd70000 - 0x00007ffcbbd81000 	C:\WINDOWS\System32\kernel.appcore.dll
0x00007ffcbbd30000 - 0x00007ffcbbd4f000 	C:\WINDOWS\System32\profapi.dll
0x00007ffcbbcd0000 - 0x00007ffcbbd1c000 	C:\WINDOWS\System32\powrprof.dll
0x00007ffcbbd20000 - 0x00007ffcbbd2a000 	C:\WINDOWS\System32\FLTLIB.DLL
0x00007ffca9370000 - 0x00007ffca938a000 	C:\Program Files\JetBrains\IntelliJ IDEA Community Edition 2018.3.4\bin\breakgen64.dll
0x0000000074720000 - 0x000000007473a000 	C:\Program Files\Java\jdk1.8.0_102\jre\bin\net.dll
0x00007ffcbb550000 - 0x00007ffcbb5b6000 	C:\WINDOWS\system32\mswsock.dll
0x00007ffc82100000 - 0x00007ffc821ef000 	C:\Program Files\Java\jdk1.8.0_102\jre\bin\msvcr120.dll
0x00007ffca1e40000 - 0x00007ffca1ee6000 	C:\Program Files\Java\jdk1.8.0_102\jre\bin\msvcp120.dll
0x00000000746f0000 - 0x0000000074712000 	C:\Program Files\Java\jdk1.8.0_102\jre\bin\prism_d3d.dll
0x00007ffc80050000 - 0x00007ffc801e7000 	C:\WINDOWS\system32\d3d9.dll
0x00007ffcba0c0000 - 0x00007ffcba0e9000 	C:\WINDOWS\SYSTEM32\dwmapi.dll
0x00007ffcb9f40000 - 0x00007ffcb9fd8000 	C:\WINDOWS\system32\uxtheme.dll
0x00007ffc4c440000 - 0x00007ffc4e97d000 	C:\WINDOWS\SYSTEM32\igdumdim64.dll
0x00007ffcbcf50000 - 0x00007ffcbd012000 	C:\WINDOWS\System32\OLEAUT32.dll
0x00007ffcbd380000 - 0x00007ffcbd4d1000 	C:\WINDOWS\System32\ole32.dll
0x00007ffcbefe0000 - 0x00007ffcbf42b000 	C:\WINDOWS\System32\SETUPAPI.dll
0x00000000746a0000 - 0x00000000746e3000 	C:\Program Files\Java\jdk1.8.0_102\jre\bin\glass.dll
0x00007ffcbee80000 - 0x00007ffcbef6d000 	C:\WINDOWS\System32\COMDLG32.dll
0x00007ffcbd020000 - 0x00007ffcbd193000 	C:\WINDOWS\System32\MSCTF.dll
0x00007ffcb3230000 - 0x00007ffcb3c6f000 	C:\WINDOWS\SYSTEM32\igdusc64.dll
0x0000000074660000 - 0x0000000074674000 	C:\Program Files\Java\jdk1.8.0_102\jre\bin\javafx_font.dll
0x00007ffcb0a00000 - 0x00007ffcb0d1c000 	C:\WINDOWS\SYSTEM32\dwrite.dll
0x0000000074600000 - 0x0000000074623000 	C:\Program Files\Java\jdk1.8.0_102\jre\bin\javafx_iio.dll
0x0000000074580000 - 0x00000000745f3000 	C:\Program Files\Java\jdk1.8.0_102\jre\bin\glib-lite.dll
0x00000000744e0000 - 0x000000007457c000 	C:\Program Files\Java\jdk1.8.0_102\jre\bin\gstreamer-lite.dll
0x00007ffc94fd0000 - 0x00007ffc9505f000 	C:\WINDOWS\SYSTEM32\DSOUND.dll
0x00000000744b0000 - 0x00000000744d5000 	C:\Program Files\Java\jdk1.8.0_102\jre\bin\jfxmedia.dll
0x00007ffcbceb0000 - 0x00007ffcbcf50000 	C:\WINDOWS\System32\clbcatq.dll
0x00007ffcb61d0000 - 0x00007ffcb637e000 	C:\WINDOWS\SYSTEM32\WindowsCodecs.dll
0x00007ffc8c8f0000 - 0x00007ffc8c948000 	C:\WINDOWS\system32\dataexchange.dll
0x00007ffcb8bb0000 - 0x00007ffcb8ebb000 	C:\WINDOWS\system32\d3d11.dll
0x00007ffcb9630000 - 0x00007ffcb97cc000 	C:\WINDOWS\system32\dcomp.dll
0x00007ffcba6f0000 - 0x00007ffcba7ab000 	C:\WINDOWS\system32\dxgi.dll
0x00007ffcba250000 - 0x00007ffcba408000 	C:\WINDOWS\system32\twinapi.appcore.dll
0x00007ffcba1a0000 - 0x00007ffcba1c9000 	C:\WINDOWS\system32\RMCLIENT.dll
0x00007ffca3a60000 - 0x00007ffca3a94000 	C:\Program Files\Common Files\Microsoft Shared\Ink\rtscom.dll
0x0000000074640000 - 0x0000000074651000 	C:\Program Files\Java\jdk1.8.0_102\jre\bin\prism_common.dll
0x00007ffcb8520000 - 0x00007ffcb8ae7000 	C:\WINDOWS\SYSTEM32\d2d1.dll
0x00007ffc6b190000 - 0x00007ffc6b90e000 	C:\WINDOWS\SYSTEM32\D3D10Warp.dll
0x00007ffcb4da0000 - 0x00007ffcb4e36000 	C:\WINDOWS\System32\TextInputFramework.dll
0x00007ffcb5d40000 - 0x00007ffcb605e000 	C:\WINDOWS\System32\CoreUIComponents.dll
0x00007ffcb97d0000 - 0x00007ffcb98aa000 	C:\WINDOWS\System32\CoreMessaging.dll
0x00007ffcbadc0000 - 0x00007ffcbadf1000 	C:\WINDOWS\SYSTEM32\ntmarta.dll
0x00007ffcb7540000 - 0x00007ffcb768d000 	C:\WINDOWS\SYSTEM32\wintypes.dll
0x00007ffcbaa00000 - 0x00007ffcbabc9000 	C:\WINDOWS\SYSTEM32\dbghelp.dll

VM Arguments:
jvm_args: -javaagent:C:\Program Files\JetBrains\IntelliJ IDEA Community Edition 2018.3.4\lib\idea_rt.jar=57029:C:\Program Files\JetBrains\IntelliJ IDEA Community Edition 2018.3.4\bin -Dfile.encoding=UTF-8 
java_command: ClientFX
java_class_path (initial): C:\Program Files\Java\jdk1.8.0_102\jre\lib\charsets.jar;C:\Program Files\Java\jdk1.8.0_102\jre\lib\deploy.jar;C:\Program Files\Java\jdk1.8.0_102\jre\lib\ext\access-bridge-64.jar;C:\Program Files\Java\jdk1.8.0_102\jre\lib\ext\cldrdata.jar;C:\Program Files\Java\jdk1.8.0_102\jre\lib\ext\dnsns.jar;C:\Program Files\Java\jdk1.8.0_102\jre\lib\ext\jaccess.jar;C:\Program Files\Java\jdk1.8.0_102\jre\lib\ext\jfxrt.jar;C:\Program Files\Java\jdk1.8.0_102\jre\lib\ext\localedata.jar;C:\Program Files\Java\jdk1.8.0_102\jre\lib\ext\nashorn.jar;C:\Program Files\Java\jdk1.8.0_102\jre\lib\ext\sunec.jar;C:\Program Files\Java\jdk1.8.0_102\jre\lib\ext\sunjce_provider.jar;C:\Program Files\Java\jdk1.8.0_102\jre\lib\ext\sunmscapi.jar;C:\Program Files\Java\jdk1.8.0_102\jre\lib\ext\sunpkcs11.jar;C:\Program Files\Java\jdk1.8.0_102\jre\lib\ext\zipfs.jar;C:\Program Files\Java\jdk1.8.0_102\jre\lib\javaws.jar;C:\Program Files\Java\jdk1.8.0_102\jre\lib\jce.jar;C:\Program Files\Java\jdk1.8.0_102\jre\lib\jfr.jar;C:\Program Files\Java\jdk1.8.0_102\jre\lib\jfxswt.jar;C:\Program Files\Java\jdk1.8.0_102\jre\lib\jsse.jar;C:\Program Files\Java\jdk1.8.0_102\jre\lib\management-agent.jar;C:\Program Files\Java\jdk1.8.0_102\jre\lib\plugin.jar;C:\Program Files\Java\jdk1.8.0_102\jre\lib\resources.jar;C:\Program Files\Java\jdk1.8.0_102\jre\lib\rt.jar;C:\Users\Don\Documents\GitHub\Project5\Client\out\production\Client;C:\Program Files\JetBrains\IntelliJ IDEA Community Edition 2018.3.4\lib\idea_rt.jar
Launcher Type: SUN_STANDARD

Environment Variables:
JAVA_HOME=C:\Program Files\Java\jdk1.8.0_172
CLASSPATH=.;
PATH=C:\Python27\;C:\Python27\Scripts;C:\Program Files (x86)\Common Files\Oracle\Java\javapath;C:\ProgramData\Oracle\Java\javapath;C:\Program Files (x86)\Intel\iCLS Client\;C:\Program Files\Intel\iCLS Client\;C:\WINDOWS\system32;C:\WINDOWS;C:\WINDOWS\System32\Wbem;C:\WINDOWS\System32\WindowsPowerShell\v1.0\;C:\Program Files\Hewlett-Packard\SimplePass\;C:\Program Files (x86)\Windows Live\Shared;C:\Program Files\Novell\iPrint;C:\WINDOWS\System32\OpenSSH\;C:\ProgramData\chocolatey\bin;C:\Program Files\Java\jdk1.8.0_172\bin;C:\TDM-GCC-64\bin;C:\Program Files\PuTTY\;C:\Program Files\Intel\Intel(R) Management Engine Components\DAL;C:\Program Files\Intel\Intel(R) Management Engine Components\IPT;C:\Program Files\dotnet\;C:\Program Files\Git\cmd;C:\Program Files\nodejs\;C:\Users\Don\AppData\Local\Microsoft\WindowsApps;C:\Users\Don\AndroidAppData\platform-tools;C:\Users\Don\AppData\Local\Programs\Microsoft VS Code\bin;C:\Users\Don\.dotnet\tools;C:\Program Files (x86)\Java\jdk1.8.0_102\bin;;C:\Users\Don\AppData\Local\Programs\Azure Data Studio\bin;C:\Users\Don\AppData\Roaming\npm
USERNAME=Don
OS=Windows_NT
PROCESSOR_IDENTIFIER=Intel64 Family 6 Model 61 Stepping 4, GenuineIntel



---------------  S Y S T E M  ---------------

OS: Windows 10.0 , 64 bit Build 17134 (10.0.17134.706)

CPU:total 4 (2 cores per cpu, 2 threads per core) family 6 model 61 stepping 4, cmov, cx8, fxsr, mmx, sse, sse2, sse3, ssse3, sse4.1, sse4.2, popcnt, avx, avx2, aes, clmul, erms, 3dnowpref, lzcnt, ht, tsc, tscinvbit, bmi1, bmi2, adx

Memory: 4k page, physical 6211852k(990480k free), swap 12951904k(2168488k free)

vm_info: Java HotSpot(TM) 64-Bit Server VM (25.102-b14) for windows-amd64 JRE (1.8.0_102-b14), built on Jun 22 2016 13:15:21 by "java_re" with MS VC++ 10.0 (VS2010)

time: Sat May 04 18:36:30 2019
elapsed time: 34 seconds (0d 0h 0m 34s)

