#
# A fatal error has been detected by the Java Runtime Environment:
#
#  EXCEPTION_ACCESS_VIOLATION (0xc0000005) at pc=0x00000000746c584a, pid=51012, tid=0x000000000000f8d8
#
# JRE version: Java(TM) SE Runtime Environment (8.0_102-b14) (build 1.8.0_102-b14)
# Java VM: Java HotSpot(TM) 64-Bit Server VM (25.102-b14 mixed mode windows-amd64 compressed oops)
# Problematic frame:
# C  [glass.dll+0x2584a]
#
# Failed to write core dump. Minidumps are not enabled by default on client versions of Windows
#
# If you would like to submit a bug report, please visit:
#   http://bugreport.java.com/bugreport/crash.jsp
#

---------------  T H R E A D  ---------------

Current thread (0x0000000016477800):  VMThread [stack: 0x0000000017510000,0x0000000017610000] [id=63704]

siginfo: ExceptionCode=0xc0000005, reading address 0x0000000000000000

Registers:
RAX=0x0000000000000000, RBX=0x0000000018523b50, RCX=0x0000000016477800, RDX=0x0000000018523b50
RSP=0x000000001760f630, RBP=0x0000000000b53060, RSI=0x0000000000000001, RDI=0x0000000000000000
R8 =0x0000000000010002, R9 =0x0000000000b53060, R10=0x0000000000000000, R11=0x0000000000000246
R12=0x0000000000b53090, R13=0x0000000000b53060, R14=0x0000000000b53070, R15=0x0000000000000000
RIP=0x00000000746c584a, EFLAGS=0x0000000000010206

Top of Stack: (sp=0x000000001760f630)
0x000000001760f630:   0000000000000000 00000000746c5900
0x000000001760f640:   0000000000000000 00000000746d91b0
0x000000001760f650:   00000000746c5830 00000000746c3224
0x000000001760f660:   00000000746c5a60 00007ffcd9d4218b
0x000000001760f670:   0000000000000000 00007ffcbadc71a4
0x000000001760f680:   0000000000000001 00000000746a0000
0x000000001760f690:   0000000002881638 00000000746c34a6
0x000000001760f6a0:   0000000000000001 0000000016385400
0x000000001760f6b0:   0000000000000000 00000000746c3384
0x000000001760f6c0:   c000000500000001 000000001760e790
0x000000001760f6d0:   00000000746a0000 00007ffcbf9fb583
0x000000001760f6e0:   000000007ffe0385 0000000000000000
0x000000001760f6f0:   000000007ffe0384 000000007ffe0385
0x000000001760f700:   000000000000000f 00007ffcbfa0813a
0x000000001760f710:   0000af6923762100 0000000000b14660
0x000000001760f720:   0000000000000000 0000000000000000 

Instructions: (pc=0x00000000746c584a)
0x00000000746c582a:   83 c4 20 5d c3 cc 40 53 48 83 ec 20 48 8b 1d cb
0x00000000746c583a:   5b 01 00 48 85 db 74 1a e8 19 93 ff ff 48 8b d3
0x00000000746c584a:   4c 8b 00 48 8b c8 48 83 c4 20 5b 49 ff a0 b0 00
0x00000000746c585a:   00 00 48 83 c4 20 5b c3 cc cc cc cc cc cc cc cc 


Register to memory mapping:

RAX=0x0000000000000000 is an unknown value
RBX=0x0000000018523b50 is a global jni handle
RCX=0x0000000016477800 is an unknown value
RDX=0x0000000018523b50 is a global jni handle
RSP=0x000000001760f630 is an unknown value
RBP=0x0000000000b53060 is an unknown value
RSI=0x0000000000000001 is an unknown value
RDI=0x0000000000000000 is an unknown value
R8 =0x0000000000010002 is an unknown value
R9 =0x0000000000b53060 is an unknown value
R10=0x0000000000000000 is an unknown value
R11=0x0000000000000246 is an unknown value
R12=0x0000000000b53090 is an unknown value
R13=0x0000000000b53060 is an unknown value
R14=0x0000000000b53070 is an unknown value
R15=0x0000000000000000 is an unknown value


Stack: [0x0000000017510000,0x0000000017610000],  sp=0x000000001760f630,  free space=1021k
Native frames: (J=compiled Java code, j=interpreted, Vv=VM code, C=native code)
C  [glass.dll+0x2584a]
C  [glass.dll+0x23224]
C  [glass.dll+0x234a6]
C  [ntdll.dll+0x3b583]
C  [ntdll.dll+0x47f85]
C  [ntdll.dll+0x47e48]
C  [KERNEL32.DLL+0x1ca7a]
C  [msvcr100.dll+0x20cb9]
V  [jvm.dll+0x212a05]
V  [jvm.dll+0x24b647]
V  [jvm.dll+0x24a8e6]
V  [jvm.dll+0x24ad81]
V  [jvm.dll+0x24af9e]
V  [jvm.dll+0x29c03a]
C  [msvcr100.dll+0x21d7b]
C  [msvcr100.dll+0x21e17]
C  [KERNEL32.DLL+0x14034]
C  [ntdll.dll+0x73691]

VM_Operation (0x000000001918acb0): Exit, mode: safepoint, requested by thread 0x000000001851e000


---------------  P R O C E S S  ---------------

Java Threads: ( => current thread )
  0x0000000017b47000 JavaThread "Glass/Prism Shutdown Hook" [_thread_blocked, id=12240, stack(0x0000000022680000,0x0000000022780000)]
  0x0000000017b45800 JavaThread "Thread-6" [_thread_blocked, id=40128, stack(0x0000000022380000,0x0000000022480000)]
  0x0000000017b44800 JavaThread "Thread-4" daemon [_thread_in_native, id=41512, stack(0x0000000022280000,0x0000000022380000)]
  0x000000001895d800 JavaThread "Media Resource Disposer" daemon [_thread_blocked, id=59308, stack(0x000000001f260000,0x000000001f360000)]
  0x00000000185ed800 JavaThread "Prism Font Disposer" daemon [_thread_blocked, id=8564, stack(0x000000001ed60000,0x000000001ee60000)]
  0x000000001856f800 JavaThread "JavaFX-Launcher" [_thread_blocked, id=37448, stack(0x000000001db60000,0x000000001dc60000)]
  0x000000001855a000 JavaThread "Thread-2" daemon [_thread_in_native, id=66016, stack(0x000000001da60000,0x000000001db60000)]
  0x000000001851e000 JavaThread "JavaFX Application Thread" [_thread_blocked, id=28256, stack(0x0000000019090000,0x0000000019190000)]
  0x0000000018517000 JavaThread "Thread-1" daemon [_thread_blocked, id=29388, stack(0x0000000018f90000,0x0000000019090000)]
  0x0000000017ee4800 JavaThread "QuantumRenderer-0" daemon [_thread_blocked, id=44076, stack(0x0000000018d00000,0x0000000018e00000)]
  0x0000000017bdc800 JavaThread "Service Thread" daemon [_thread_blocked, id=24056, stack(0x0000000018300000,0x0000000018400000)]
  0x0000000017b4a800 JavaThread "C1 CompilerThread2" daemon [_thread_blocked, id=74896, stack(0x0000000018200000,0x0000000018300000)]
  0x0000000017b4a000 JavaThread "C2 CompilerThread1" daemon [_thread_blocked, id=90104, stack(0x0000000018100000,0x0000000018200000)]
  0x00000000164fc000 JavaThread "C2 CompilerThread0" daemon [_thread_blocked, id=77940, stack(0x0000000018000000,0x0000000018100000)]
  0x00000000164ec000 JavaThread "Monitor Ctrl-Break" daemon [_thread_in_native, id=95004, stack(0x0000000017f00000,0x0000000018000000)]
  0x00000000164ac800 JavaThread "Attach Listener" daemon [_thread_blocked, id=59964, stack(0x0000000017a00000,0x0000000017b00000)]
  0x0000000002bdd000 JavaThread "Finalizer" daemon [_thread_blocked, id=33632, stack(0x0000000017710000,0x0000000017810000)]
  0x0000000002bd2000 JavaThread "Reference Handler" daemon [_thread_blocked, id=89940, stack(0x0000000017610000,0x0000000017710000)]
  0x0000000002ae2800 JavaThread "main" [_thread_blocked, id=75028, stack(0x00000000028e0000,0x00000000029e0000)]

Other Threads:
=>0x0000000016477800 VMThread [stack: 0x0000000017510000,0x0000000017610000] [id=63704]

VM state:at safepoint (shutting down)

VM Mutex/Monitor currently owned by a thread:  ([mutex/lock_event])
[0x000000000288da70] Threads_lock - owner thread: 0x0000000016477800

Heap:
 PSYoungGen      total 107008K, used 82063K [0x00000000e0600000, 0x00000000ebe80000, 0x0000000100000000)
  eden space 66048K, 62% used [0x00000000e0600000,0x00000000e2e40190,0x00000000e4680000)
  from space 40960K, 99% used [0x00000000e4680000,0x00000000e6e63d30,0x00000000e6e80000)
  to   space 49152K, 0% used [0x00000000e8e80000,0x00000000e8e80000,0x00000000ebe80000)
 ParOldGen       total 191488K, used 140739K [0x00000000a1200000, 0x00000000acd00000, 0x00000000e0600000)
  object space 191488K, 73% used [0x00000000a1200000,0x00000000a9b70f98,0x00000000acd00000)
 Metaspace       used 17696K, capacity 18888K, committed 18944K, reserved 1064960K
  class space    used 2556K, capacity 2812K, committed 2816K, reserved 1048576K

Card table byte_map: [0x0000000011fa0000,0x00000000122a0000] byte_map_base: 0x0000000011a97000

Marking Bits: (ParMarkBitMap*) 0x00000000737da6c0
 Begin Bits: [0x00000000128a0000, 0x0000000014058000)
 End Bits:   [0x0000000014058000, 0x0000000015810000)

Polling page: 0x0000000000ab0000

CodeCache: size=245760Kb used=7590Kb max_used=7601Kb free=238169Kb
 bounds [0x0000000002be0000, 0x0000000003360000, 0x0000000011be0000]
 total_blobs=3225 nmethods=2555 adapters=582
 compilation: enabled

Compilation events (10 events):
Event: 98.451 Thread 0x0000000017b4a800 nmethod 2582 0x0000000002dca610 code [0x0000000002dca760, 0x0000000002dca870]
Event: 98.465 Thread 0x00000000164fc000 nmethod 2577 0x0000000003352a90 code [0x0000000003352c20, 0x00000000033535a8]
Event: 98.468 Thread 0x0000000017b4a000 nmethod 2580 0x00000000033543d0 code [0x00000000033545c0, 0x0000000003355210]
Event: 98.514 Thread 0x0000000017b4a800 2583       1       com.sun.javafx.scene.SceneEventDispatcher::getLastDispatcher (5 bytes)
Event: 98.514 Thread 0x0000000017b4a800 nmethod 2583 0x0000000003352710 code [0x0000000003352860, 0x0000000003352970]
Event: 98.518 Thread 0x0000000017b4a800 2584       3       java.lang.String::toString (2 bytes)
Event: 98.518 Thread 0x0000000017b4a800 nmethod 2584 0x0000000002dca310 code [0x0000000002dca460, 0x0000000002dca5b0]
Event: 98.531 Thread 0x0000000017b4a800 2585       3       jdk.internal.org.objectweb.asm.MethodVisitor::visitFieldInsn (20 bytes)
Event: 98.532 Thread 0x0000000017b4a800 nmethod 2585 0x0000000003353e50 code [0x0000000003353fc0, 0x0000000003354228]
Event: 98.533 Thread 0x0000000017b4a800 2586       3       java.lang.invoke.DirectMethodHandle::shouldBeInitialized (123 bytes)

GC Heap History (10 events):
Event: 2.054 GC heap before
{Heap before GC invocations=5 (full 1):
 PSYoungGen      total 53248K, used 4084K [0x00000000e0600000, 0x00000000e3e00000, 0x0000000100000000)
  eden space 49152K, 0% used [0x00000000e0600000,0x00000000e0600000,0x00000000e3600000)
  from space 4096K, 99% used [0x00000000e3a00000,0x00000000e3dfd2a8,0x00000000e3e00000)
  to   space 4096K, 0% used [0x00000000e3600000,0x00000000e3600000,0x00000000e3a00000)
 ParOldGen       total 65536K, used 51718K [0x00000000a1200000, 0x00000000a5200000, 0x00000000e0600000)
  object space 65536K, 78% used [0x00000000a1200000,0x00000000a4481bb0,0x00000000a5200000)
 Metaspace       used 12661K, capacity 13236K, committed 13440K, reserved 1060864K
  class space    used 1769K, capacity 1917K, committed 1920K, reserved 1048576K
Event: 2.101 GC heap after
Heap after GC invocations=5 (full 1):
 PSYoungGen      total 53248K, used 0K [0x00000000e0600000, 0x00000000e3e00000, 0x0000000100000000)
  eden space 49152K, 0% used [0x00000000e0600000,0x00000000e0600000,0x00000000e3600000)
  from space 4096K, 0% used [0x00000000e3a00000,0x00000000e3a00000,0x00000000e3e00000)
  to   space 4096K, 0% used [0x00000000e3600000,0x00000000e3600000,0x00000000e3a00000)
 ParOldGen       total 118784K, used 55671K [0x00000000a1200000, 0x00000000a8600000, 0x00000000e0600000)
  object space 118784K, 46% used [0x00000000a1200000,0x00000000a485deb0,0x00000000a8600000)
 Metaspace       used 12661K, capacity 13236K, committed 13440K, reserved 1060864K
  class space    used 1769K, capacity 1917K, committed 1920K, reserved 1048576K
}
Event: 2.265 GC heap before
{Heap before GC invocations=6 (full 1):
 PSYoungGen      total 53248K, used 46718K [0x00000000e0600000, 0x00000000e3e00000, 0x0000000100000000)
  eden space 49152K, 95% used [0x00000000e0600000,0x00000000e339f920,0x00000000e3600000)
  from space 4096K, 0% used [0x00000000e3a00000,0x00000000e3a00000,0x00000000e3e00000)
  to   space 4096K, 0% used [0x00000000e3600000,0x00000000e3600000,0x00000000e3a00000)
 ParOldGen       total 118784K, used 55671K [0x00000000a1200000, 0x00000000a8600000, 0x00000000e0600000)
  object space 118784K, 46% used [0x00000000a1200000,0x00000000a485deb0,0x00000000a8600000)
 Metaspace       used 12696K, capacity 13264K, committed 13568K, reserved 1060864K
  class space    used 1777K, capacity 1928K, committed 2048K, reserved 1048576K
Event: 2.277 GC heap after
Heap after GC invocations=6 (full 1):
 PSYoungGen      total 53248K, used 3985K [0x00000000e0600000, 0x00000000e9500000, 0x0000000100000000)
  eden space 49152K, 0% used [0x00000000e0600000,0x00000000e0600000,0x00000000e3600000)
  from space 4096K, 97% used [0x00000000e3600000,0x00000000e39e45d0,0x00000000e3a00000)
  to   space 33280K, 0% used [0x00000000e7480000,0x00000000e7480000,0x00000000e9500000)
 ParOldGen       total 118784K, used 90721K [0x00000000a1200000, 0x00000000a8600000, 0x00000000e0600000)
  object space 118784K, 76% used [0x00000000a1200000,0x00000000a6a98660,0x00000000a8600000)
 Metaspace       used 12696K, capacity 13264K, committed 13568K, reserved 1060864K
  class space    used 1777K, capacity 1928K, committed 2048K, reserved 1048576K
}
Event: 2.277 GC heap before
{Heap before GC invocations=7 (full 2):
 PSYoungGen      total 53248K, used 3985K [0x00000000e0600000, 0x00000000e9500000, 0x0000000100000000)
  eden space 49152K, 0% used [0x00000000e0600000,0x00000000e0600000,0x00000000e3600000)
  from space 4096K, 97% used [0x00000000e3600000,0x00000000e39e45d0,0x00000000e3a00000)
  to   space 33280K, 0% used [0x00000000e7480000,0x00000000e7480000,0x00000000e9500000)
 ParOldGen       total 118784K, used 90721K [0x00000000a1200000, 0x00000000a8600000, 0x00000000e0600000)
  object space 118784K, 76% used [0x00000000a1200000,0x00000000a6a98660,0x00000000a8600000)
 Metaspace       used 12696K, capacity 13264K, committed 13568K, reserved 1060864K
  class space    used 1777K, capacity 1928K, committed 2048K, reserved 1048576K
Event: 2.304 GC heap after
Heap after GC invocations=7 (full 2):
 PSYoungGen      total 53248K, used 0K [0x00000000e0600000, 0x00000000e9500000, 0x0000000100000000)
  eden space 49152K, 0% used [0x00000000e0600000,0x00000000e0600000,0x00000000e3600000)
  from space 4096K, 0% used [0x00000000e3600000,0x00000000e3600000,0x00000000e3a00000)
  to   space 33280K, 0% used [0x00000000e7480000,0x00000000e7480000,0x00000000e9500000)
 ParOldGen       total 191488K, used 92122K [0x00000000a1200000, 0x00000000acd00000, 0x00000000e0600000)
  object space 191488K, 48% used [0x00000000a1200000,0x00000000a6bf6af0,0x00000000acd00000)
 Metaspace       used 12696K, capacity 13264K, committed 13568K, reserved 1060864K
  class space    used 1777K, capacity 1928K, committed 2048K, reserved 1048576K
}
Event: 2.514 GC heap before
{Heap before GC invocations=8 (full 2):
 PSYoungGen      total 53248K, used 48806K [0x00000000e0600000, 0x00000000e9500000, 0x0000000100000000)
  eden space 49152K, 99% used [0x00000000e0600000,0x00000000e35a9908,0x00000000e3600000)
  from space 4096K, 0% used [0x00000000e3600000,0x00000000e3600000,0x00000000e3a00000)
  to   space 33280K, 0% used [0x00000000e7480000,0x00000000e7480000,0x00000000e9500000)
 ParOldGen       total 191488K, used 92122K [0x00000000a1200000, 0x00000000acd00000, 0x00000000e0600000)
  object space 191488K, 48% used [0x00000000a1200000,0x00000000a6bf6af0,0x00000000acd00000)
 Metaspace       used 12715K, capacity 13332K, committed 13568K, reserved 1060864K
  class space    used 1777K, capacity 1928K, committed 2048K, reserved 1048576K
Event: 2.526 GC heap after
Heap after GC invocations=8 (full 2):
 PSYoungGen      total 99328K, used 33169K [0x00000000e0600000, 0x00000000e9680000, 0x0000000100000000)
  eden space 66048K, 0% used [0x00000000e0600000,0x00000000e0600000,0x00000000e4680000)
  from space 33280K, 99% used [0x00000000e7480000,0x00000000e94e45a0,0x00000000e9500000)
  to   space 40960K, 0% used [0x00000000e4680000,0x00000000e4680000,0x00000000e6e80000)
 ParOldGen       total 191488K, used 97934K [0x00000000a1200000, 0x00000000acd00000, 0x00000000e0600000)
  object space 191488K, 51% used [0x00000000a1200000,0x00000000a71a3bc0,0x00000000acd00000)
 Metaspace       used 12715K, capacity 13332K, committed 13568K, reserved 1060864K
  class space    used 1777K, capacity 1928K, committed 2048K, reserved 1048576K
}
Event: 2.887 GC heap before
{Heap before GC invocations=9 (full 2):
 PSYoungGen      total 99328K, used 99217K [0x00000000e0600000, 0x00000000e9680000, 0x0000000100000000)
  eden space 66048K, 100% used [0x00000000e0600000,0x00000000e4680000,0x00000000e4680000)
  from space 33280K, 99% used [0x00000000e7480000,0x00000000e94e45a0,0x00000000e9500000)
  to   space 40960K, 0% used [0x00000000e4680000,0x00000000e4680000,0x00000000e6e80000)
 ParOldGen       total 191488K, used 97934K [0x00000000a1200000, 0x00000000acd00000, 0x00000000e0600000)
  object space 191488K, 51% used [0x00000000a1200000,0x00000000a71a3bc0,0x00000000acd00000)
 Metaspace       used 12758K, capacity 13344K, committed 13568K, reserved 1060864K
  class space    used 1778K, capacity 1930K, committed 2048K, reserved 1048576K
Event: 2.911 GC heap after
Heap after GC invocations=9 (full 2):
 PSYoungGen      total 107008K, used 40847K [0x00000000e0600000, 0x00000000ebe80000, 0x0000000100000000)
  eden space 66048K, 0% used [0x00000000e0600000,0x00000000e0600000,0x00000000e4680000)
  from space 40960K, 99% used [0x00000000e4680000,0x00000000e6e63d30,0x00000000e6e80000)
  to   space 49152K, 0% used [0x00000000e8e80000,0x00000000e8e80000,0x00000000ebe80000)
 ParOldGen       total 191488K, used 140739K [0x00000000a1200000, 0x00000000acd00000, 0x00000000e0600000)
  object space 191488K, 73% used [0x00000000a1200000,0x00000000a9b70f98,0x00000000acd00000)
 Metaspace       used 12758K, capacity 13344K, committed 13568K, reserved 1060864K
  class space    used 1778K, capacity 1930K, committed 2048K, reserved 1048576K
}

Deoptimization events (10 events):
Event: 3.404 Thread 0x000000001851e000 Uncommon trap: reason=unstable_if action=reinterpret pc=0x000000000303e6d0 method=java.util.HashMap.isEmpty()Z @ 4
Event: 3.466 Thread 0x000000001851e000 Uncommon trap: reason=unstable_if action=reinterpret pc=0x0000000002f54968 method=jdk.internal.org.objectweb.asm.Type.getArgumentsAndReturnSizes(Ljava/lang/String;)I @ 47
Event: 3.567 Thread 0x0000000017ee4800 Uncommon trap: reason=class_check action=maybe_recompile pc=0x0000000002fae7b0 method=java.io.BufferedInputStream.read1([BII)I @ 39
Event: 3.567 Thread 0x0000000017ee4800 Uncommon trap: reason=unstable_if action=reinterpret pc=0x0000000002fae5f0 method=java.io.BufferedInputStream.fill()V @ 219
Event: 3.579 Thread 0x0000000017ee4800 Uncommon trap: reason=class_check action=maybe_recompile pc=0x0000000002faa468 method=java.io.BufferedInputStream.read1([BII)I @ 39
Event: 3.580 Thread 0x0000000017ee4800 Uncommon trap: reason=unstable_if action=reinterpret pc=0x0000000002faa3dc method=java.io.BufferedInputStream.fill()V @ 219
Event: 98.532 Thread 0x0000000017b47000 Uncommon trap: reason=unstable_if action=reinterpret pc=0x00000000032aa3c8 method=java.util.concurrent.locks.ReentrantLock$NonfairSync.lock()V @ 6
Event: 98.532 Thread 0x0000000017b47000 Uncommon trap: reason=unstable_if action=reinterpret pc=0x0000000003332a54 method=java.util.concurrent.locks.ReentrantLock$Sync.nonfairTryAcquire(I)Z @ 10
Event: 98.532 Thread 0x0000000017b47000 Uncommon trap: reason=unstable_if action=reinterpret pc=0x000000000329b000 method=java.util.concurrent.locks.ReentrantLock$Sync.tryRelease(I)Z @ 28
Event: 98.532 Thread 0x0000000017ee4800 Uncommon trap: reason=unstable_if action=reinterpret pc=0x00000000033425e8 method=java.util.concurrent.locks.AbstractQueuedSynchronizer$ConditionObject.checkInterruptWhileWaiting(Ljava/util/concurrent/locks/AbstractQueuedSynchronizer$Node;)I @ 3

Internal exceptions (10 events):
Event: 0.275 Thread 0x0000000002ae2800 Exception <a 'java/lang/NullPointerException'> (0x00000000e0a6c3c8) thrown at [C:\re\workspace\8-2-build-windows-amd64-cygwin\jdk8u102\7268\hotspot\src\share\vm\interpreter\linkResolver.cpp, line 1178]
Event: 0.322 Thread 0x0000000002ae2800 Implicit null exception at 0x0000000002d06e15 to 0x0000000002d06fe1
Event: 0.746 Thread 0x000000001851e000 Exception <a 'java/lang/NullPointerException'> (0x00000000e1736c60) thrown at [C:\re\workspace\8-2-build-windows-amd64-cygwin\jdk8u102\7268\hotspot\src\share\vm\interpreter\linkResolver.cpp, line 1178]
Event: 0.746 Thread 0x000000001851e000 Exception <a 'java/lang/NullPointerException'> (0x00000000e1736c60) thrown at [C:\re\workspace\8-2-build-windows-amd64-cygwin\jdk8u102\7268\hotspot\src\share\vm\prims\jvm.cpp, line 1390]
Event: 0.963 Thread 0x000000001851e000 Implicit null exception at 0x0000000002e58155 to 0x0000000002e5854d
Event: 1.946 Thread 0x000000001851e000 Exception <a 'java/lang/UnsatisfiedLinkError': com.sun.media.jfxmediaimpl.NativeAudioClip.nacInit()Z> (0x00000000e17150d8) thrown at [C:\re\workspace\8-2-build-windows-amd64-cygwin\jdk8u102\7268\hotspot\src\share\vm\prims\nativeLookup.cpp, line 378]
Event: 1.947 Thread 0x000000001851e000 Exception <a 'java/lang/UnsatisfiedLinkError': com.sun.media.jfxmedia.logging.Logger.nativeSetNativeLevel(I)V> (0x00000000e17197d8) thrown at [C:\re\workspace\8-2-build-windows-amd64-cygwin\jdk8u102\7268\hotspot\src\share\vm\prims\nativeLookup.cpp, line 37ŽA@íÍgÿ?
Event: 1.963 Thread 0x000000001851e000 Implicit null exception at 0x0000000002e0ed16 to 0x0000000002e0f0c1
Event: 3.393 Thread 0x000000001851e000 Implicit null exception at 0x0000000002eee98e to 0x0000000002eefaed
Event: 98.533 Thread 0x0000000017b47000 Exception <a 'java/lang/IllegalStateException'> (0x00000000e2da1938) thrown at [C:\re\workspace\8-2-build-windows-amd64-cygwin\jdk8u102\7268\hotspot\src\share\vm\prims\jvm.cpp, line 1390]

Events (10 events):
Event: 98.532 Thread 0x0000000017b47000 DEOPT PACKING pc=0x000000000329b000 sp=0x000000002277e210
Event: 98.532 Thread 0x0000000017ee4800 DEOPT PACKING pc=0x00000000033425e8 sp=0x0000000018dff250
Event: 98.532 Thread 0x0000000017b47000 DEOPT UNPACKING pc=0x0000000002c2582a sp=0x000000002277e198 mode 2
Event: 98.532 Thread 0x0000000017ee4800 DEOPT UNPACKING pc=0x0000000002c2582a sp=0x0000000018dff1b0 mode 2
Event: 98.532 loading class com/sun/javafx/tk/quantum/QuantumToolkit
Event: 98.532 loading class java/util/LinkedList$ListItr
Event: 98.532 loading class com/sun/javafx/tk/quantum/QuantumToolkit done
Event: 98.532 loading class java/util/LinkedList$ListItr done
Event: 98.533 Thread 0x00000000164ab000 Thread exited: 0x00000000164ab000
Event: 98.533 Executing VM operation: Exit


Dynamic libraries:
0x00007ff6c6490000 - 0x00007ff6c64c7000 	C:\Program Files\Java\jdk1.8.0_102\bin\java.exe
0x00007ffcbf9c0000 - 0x00007ffcbfba1000 	C:\WINDOWS\SYSTEM32\ntdll.dll
0x00007ffcbd4e0000 - 0x00007ffcbd591000 	C:\WINDOWS\System32\KERNEL32.DLL
0x00007ffcbc610000 - 0x00007ffcbc883000 	C:\WINDOWS\System32\KERNELBASE.dll
0x0000000076350000 - 0x00000000763e5000 	C:\WINDOWS\System32\SYSFER.DLL
0x00007ffcbd740000 - 0x00007ffcbd7e1000 	C:\WINDOWS\System32\ADVAPI32.dll
0x00007ffcbd660000 - 0x00007ffcbd6fe000 	C:\WINDOWS\System32\msvcrt.dll
0x00007ffcbd600000 - 0x00007ffcbd65b000 	C:\WINDOWS\System32\sechost.dll
0x00007ffcbd250000 - 0x00007ffcbd374000 	C:\WINDOWS\System32\RPCRT4.dll
0x00007ffcbd7f0000 - 0x00007ffcbd980000 	C:\WINDOWS\System32\USER32.dll
0x00007ffcbbdf0000 - 0x00007ffcbbe10000 	C:\WINDOWS\System32\win32u.dll
0x00007ffcbd700000 - 0x00007ffcbd728000 	C:\WINDOWS\System32\GDI32.dll
0x00007ffcbccb0000 - 0x00007ffcbce42000 	C:\WINDOWS\System32\gdi32full.dll
0x00007ffcbc520000 - 0x00007ffcbc5bf000 	C:\WINDOWS\System32\msvcp_win.dll
0x00007ffcbc940000 - 0x00007ffcbca38000 	C:\WINDOWS\System32\ucrtbase.dll
0x00007ffcafdb0000 - 0x00007ffcb0019000 	C:\WINDOWS\WinSxS\amd64_microsoft.windows.common-controls_6595b64144ccf1df_6.0.17134.706_none_fb43a2cb30647007\COMCTL32.dll
0x00007ffcbf660000 - 0x00007ffcbf982000 	C:\WINDOWS\System32\combase.dll
0x00007ffcbcc30000 - 0x00007ffcbccaa000 	C:\WINDOWS\System32\bcryptPrimitives.dll
0x00007ffcbda00000 - 0x00007ffcbda2d000 	C:\WINDOWS\System32\IMM32.DLL
0x0000000074bf0000 - 0x0000000074cc1000 	C:\Program Files\Java\jdk1.8.0_102\jre\bin\msvcr100.dll
0x0000000072fc0000 - 0x000000007385a000 	C:\Program Files\Java\jdk1.8.0_102\jre\bin\server\jvm.dll
0x00007ffcbd730000 - 0x00007ffcbd738000 	C:\WINDOWS\System32\PSAPI.DLL
0x00007ffcbabf0000 - 0x00007ffcbabf9000 	C:\WINDOWS\SYSTEM32\WSOCK32.dll
0x00007ffcbf5d0000 - 0x00007ffcbf63c000 	C:\WINDOWS\System32\WS2_32.dll
0x00007ffcb9bd0000 - 0x00007ffcb9bf3000 	C:\WINDOWS\SYSTEM32\WINMM.dll
0x00007ffcad380000 - 0x00007ffcad38a000 	C:\WINDOWS\SYSTEM32\VERSION.dll
0x00007ffcb9ba0000 - 0x00007ffcb9bca000 	C:\WINDOWS\SYSTEM32\WINMMBASE.dll
0x00007ffcbc5c0000 - 0x00007ffcbc609000 	C:\WINDOWS\System32\cfgmgr32.dll
0x0000000074be0000 - 0x0000000074bef000 	C:\Program Files\Java\jdk1.8.0_102\jre\bin\verify.dll
0x0000000074bb0000 - 0x0000000074bd9000 	C:\Program Files\Java\jdk1.8.0_102\jre\bin\java.dll
0x0000000074760000 - 0x0000000074783000 	C:\Program Files\Java\jdk1.8.0_102\jre\bin\instrument.dll
0x0000000074740000 - 0x0000000074756000 	C:\Program Files\Java\jdk1.8.0_102\jre\bin\zip.dll
0x00007ffcbda30000 - 0x00007ffcbee70000 	C:\WINDOWS\System32\SHELL32.dll
0x00007ffcbd1a0000 - 0x00007ffcbd249000 	C:\WINDOWS\System32\shcore.dll
0x00007ffcbbe10000 - 0x00007ffcbc51d000 	C:\WINDOWS\System32\windows.storage.dll
0x00007ffcbce50000 - 0x00007ffcbcea1000 	C:\WINDOWS\System32\shlwapi.dll
0x00007ffcbbd70000 - 0x00007ffcbbd81000 	C:\WINDOWS\System32\kernel.appcore.dll
0x00007ffcbbd30000 - 0x00007ffcbbd4f000 	C:\WINDOWS\System32\profapi.dll
0x00007ffcbbcd0000 - 0x00007ffcbbd1c000 	C:\WINDOWS\System32\powrprof.dll
0x00007ffcbbd20000 - 0x00007ffcbbd2a000 	C:\WINDOWS\System32\FLTLIB.DLL
0x00007ffca5620000 - 0x00007ffca563a000 	C:\Program Files\JetBrains\IntelliJ IDEA Community Edition 2018.3.4\bin\breakgen64.dll
0x0000000074720000 - 0x000000007473a000 	C:\Program Files\Java\jdk1.8.0_102\jre\bin\net.dll
0x00007ffcbb550000 - 0x00007ffcbb5b6000 	C:\WINDOWS\system32\mswsock.dll
0x00007ffc81f50000 - 0x00007ffc8203f000 	C:\Program Files\Java\jdk1.8.0_102\jre\bin\msvcr120.dll
0x00007ffc830d0000 - 0x00007ffc83176000 	C:\Program Files\Java\jdk1.8.0_102\jre\bin\msvcp120.dll
0x00000000746f0000 - 0x0000000074712000 	C:\Program Files\Java\jdk1.8.0_102\jre\bin\prism_d3d.dll
0x00007ffc80050000 - 0x00007ffc801e7000 	C:\WINDOWS\system32\d3d9.dll
0x00007ffcba0c0000 - 0x00007ffcba0e9000 	C:\WINDOWS\SYSTEM32\dwmapi.dll
0x00007ffcb9f40000 - 0x00007ffcb9fd8000 	C:\WINDOWS\system32\uxtheme.dll
0x00007ffcbcf50000 - 0x00007ffcbd012000 	C:\WINDOWS\System32\OLEAUT32.dll
0x00007ffcbd380000 - 0x00007ffcbd4d1000 	C:\WINDOWS\System32\ole32.dll
0x00000000746a0000 - 0x00000000746e3000 	C:\Program Files\Java\jdk1.8.0_102\jre\bin\glass.dll
0x00007ffcbee80000 - 0x00007ffcbef6d000 	C:\WINDOWS\System32\COMDLG32.dll
0x00007ffcbd020000 - 0x00007ffcbd193000 	C:\WINDOWS\System32\MSCTF.dll
0x0000000074660000 - 0x0000000074674000 	C:\Program Files\Java\jdk1.8.0_102\jre\bin\javafx_font.dll
0x00007ffcb0a00000 - 0x00007ffcb0d1c000 	C:\WINDOWS\SYSTEM32\dwrite.dll
0x0000000074600000 - 0x0000000074623000 	C:\Program Files\Java\jdk1.8.0_102\jre\bin\javafx_iio.dll
0x0000000074580000 - 0x00000000745f3000 	C:\Program Files\Java\jdk1.8.0_102\jre\bin\glib-lite.dll
0x00000000744e0000 - 0x000000007457c000 	C:\Program Files\Java\jdk1.8.0_102\jre\bin\gstreamer-lite.dll
0x00007ffc943e0000 - 0x00007ffc9446f000 	C:\WINDOWS\SYSTEM32\DSOUND.dll
0x00000000744b0000 - 0x00000000744d5000 	C:\Program Files\Java\jdk1.8.0_102\jre\bin\jfxmedia.dll
0x00007ffcbceb0000 - 0x00007ffcbcf50000 	C:\WINDOWS\System32\clbcatq.dll
0x00007ffcb61d0000 - 0x00007ffcb637e000 	C:\WINDOWS\SYSTEM32\WindowsCodecs.dll
0x00007ffc8c8f0000 - 0x00007ffc8c948000 	C:\WINDOWS\system32\dataexchange.dll
0x00007ffcb8bb0000 - 0x00007ffcb8ebb000 	C:\WINDOWS\system32\d3d11.dll
0x00007ffcb9630000 - 0x00007ffcb97cc000 	C:\WINDOWS\system32\dcomp.dll
0x00007ffcba6f0000 - 0x00007ffcba7ab000 	C:\WINDOWS\system32\dxgi.dll
0x00007ffcba250000 - 0x00007ffcba408000 	C:\WINDOWS\system32\twinapi.appcore.dll
0x00007ffcba1a0000 - 0x00007ffcba1c9000 	C:\WINDOWS\system32\RMCLIENT.dll
0x00007ffca26e0000 - 0x00007ffca2714000 	C:\Program Files\Common Files\Microsoft Shared\Ink\rtscom.dll
0x00007ffcb4da0000 - 0x00007ffcb4e36000 	C:\WINDOWS\System32\TextInputFramework.dll
0x00007ffcb5d40000 - 0x00007ffcb605e000 	C:\WINDOWS\System32\CoreUIComponents.dll
0x00007ffcb97d0000 - 0x00007ffcb98aa000 	C:\WINDOWS\System32\CoreMessaging.dll
0x00007ffcbadc0000 - 0x00007ffcbadf1000 	C:\WINDOWS\SYSTEM32\ntmarta.dll
0x00007ffcb7540000 - 0x00007ffcb768d000 	C:\WINDOWS\SYSTEM32\wintypes.dll
0x0000000074640000 - 0x0000000074651000 	C:\Program Files\Java\jdk1.8.0_102\jre\bin\prism_common.dll
0x00007ffcb8520000 - 0x00007ffcb8ae7000 	C:\WINDOWS\SYSTEM32\d2d1.dll
0x00007ffc6b190000 - 0x00007ffc6b90e000 	C:\WINDOWS\SYSTEM32\D3D10Warp.dll
0x00007ffcbaa00000 - 0x00007ffcbabc9000 	C:\WINDOWS\SYSTEM32\dbghelp.dll

VM Arguments:
jvm_args: -javaagent:C:\Program Files\JetBrains\IntelliJ IDEA Community Edition 2018.3.4\lib\idea_rt.jar=58658:C:\Program Files\JetBrains\IntelliJ IDEA Community Edition 2018.3.4\bin -Dfile.encoding=UTF-8 
java_command: ClientFX
java_class_path (initial): C:\Program Files\Java\jdk1.8.0_102\jre\lib\charsets.jar;C:\Program Files\Java\jdk1.8.0_102\jre\lib\deploy.jar;C:\Program Files\Java\jdk1.8.0_102\jre\lib\ext\access-bridge-64.jar;C:\Program Files\Java\jdk1.8.0_102\jre\lib\ext\cldrdata.jar;C:\Program Files\Java\jdk1.8.0_102\jre\lib\ext\dnsns.jar;C:\Program Files\Java\jdk1.8.0_102\jre\lib\ext\jaccess.jar;C:\Program Files\Java\jdk1.8.0_102\jre\lib\ext\jfxrt.jar;C:\Program Files\Java\jdk1.8.0_102\jre\lib\ext\localedata.jar;C:\Program Files\Java\jdk1.8.0_102\jre\lib\ext\nashorn.jar;C:\Program Files\Java\jdk1.8.0_102\jre\lib\ext\sunec.jar;C:\Program Files\Java\jdk1.8.0_102\jre\lib\ext\sunjce_provider.jar;C:\Program Files\Java\jdk1.8.0_102\jre\lib\ext\sunmscapi.jar;C:\Program Files\Java\jdk1.8.0_102\jre\lib\ext\sunpkcs11.jar;C:\Program Files\Java\jdk1.8.0_102\jre\lib\ext\zipfs.jar;C:\Program Files\Java\jdk1.8.0_102\jre\lib\javaws.jar;C:\Program Files\Java\jdk1.8.0_102\jre\lib\jce.jar;C:\Program Files\Java\jdk1.8.0_102\jre\lib\jfr.jar;C:\Program Files\Java\jdk1.8.0_102\jre\lib\jfxswt.jar;C:\Program Files\Java\jdk1.8.0_102\jre\lib\jsse.jar;C:\Program Files\Java\jdk1.8.0_102\jre\lib\management-agent.jar;C:\Program Files\Java\jdk1.8.0_102\jre\lib\plugin.jar;C:\Program Files\Java\jdk1.8.0_102\jre\lib\resources.jar;C:\Program Files\Java\jdk1.8.0_102\jre\lib\rt.jar;C:\Users\Don\Documents\GitHub\Project5\Client\out\production\Client;C:\Program Files\JetBrains\IntelliJ IDEA Community Edition 2018.3.4\lib\idea_rt.jar
Launcher Type: SUN_STANDARD

Environment Variables:
JAVA_HOME=C:\Program Files\Java\jdk1.8.0_172
CLASSPATH=.;
PATH=C:\Python27\;C:\Python27\Scripts;C:\Program Files (x86)\Common Files\Oracle\Java\javapath;C:\ProgramData\Oracle\Java\javapath;C:\Program Files (x86)\Intel\iCLS Client\;C:\Program Files\Intel\iCLS Client\;C:\WINDOWS\system32;C:\WINDOWS;C:\WINDOWS\System32\Wbem;C:\WINDOWS\System32\WindowsPowerShell\v1.0\;C:\Program Files\Hewlett-Packard\SimplePass\;C:\Program Files (x86)\Windows Live\Shared;C:\Program Files\Novell\iPrint;C:\WINDOWS\System32\OpenSSH\;C:\ProgramData\chocolatey\bin;C:\Program Files\Java\jdk1.8.0_172\bin;C:\TDM-GCC-64\bin;C:\Program Files\PuTTY\;C:\Program Files\Intel\Intel(R) Management Engine Components\DAL;C:\Program Files\Intel\Intel(R) Management Engine Components\IPT;C:\Program Files\dotnet\;C:\Program Files\Git\cmd;C:\Program Files\nodejs\;C:\Users\Don\AppData\Local\Microsoft\WindowsApps;C:\Users\Don\AndroidAppData\platform-tools;C:\Users\Don\AppData\Local\Programs\Microsoft VS Code\bin;C:\Users\Don\.dotnet\tools;C:\Program Files (x86)\Java\jdk1.8.0_102\bin;;C:\Users\Don\AppData\Local\Programs\Azure Data Studio\bin;C:\Users\Don\AppData\Roaming\npm
USERNAME=Don
OS=Windows_NT
PROCESSOR_IDENTIFIER=Intel64 Family 6 Model 61 Stepping 4, GenuineIntel



---------------  S Y S T E M  ---------------

OS: Windows 10.0 , 64 bit Build 17134 (10.0.17134.706)

CPU:total 4 (2 cores per cpu, 2 threads per core) family 6 model 61 stepping 4, cmov, cx8, fxsr, mmx, sse, sse2, sse3, ssse3, sse4.1, sse4.2, popcnt, avx, avx2, aes, clmul, erms, 3dnowpref, lzcnt, ht, tsc, tscinvbit, bmi1, bmi2, adx

Memory: 4k page, physical 6211852k(1539056k free), swap 12951904k(2764248k free)

vm_info: Java HotSpot(TM) 64-Bit Server VM (25.102-b14) for windows-amd64 JRE (1.8.0_102-b14), built on Jun 22 2016 13:15:21 by "java_re" with MS VC++ 10.0 (VS2010)

time: Sat May 04 22:17:39 2019
elapsed time: 98 seconds (0d 0h 1m 38s)

