#
# A fatal error has been detected by the Java Runtime Environment:
#
#  EXCEPTION_ACCESS_VIOLATION (0xc0000005) at pc=0x00000000746c584a, pid=46348, tid=0x000000000000c8f8
#
# JRE version: Java(TM) SE Runtime Environment (8.0_102-b14) (build 1.8.0_102-b14)
# Java VM: Java HotSpot(TM) 64-Bit Server VM (25.102-b14 mixed mode windows-amd64 compressed oops)
# Problematic frame:
# C  [glass.dll+0x2584a]
#
# Failed to write core dump. Minidumps are not enabled by default on client versions of Windows
#
# If you would like to submit a bug report, please visit:
#   http://bugreport.java.com/bugreport/crash.jsp
#

---------------  T H R E A D  ---------------

Current thread (0x0000000016017800):  VMThread [stack: 0x00000000170a0000,0x00000000171a0000] [id=51448]

siginfo: ExceptionCode=0xc0000005, reading address 0x0000000000000000

Registers:
RAX=0x0000000000000000, RBX=0x000000000274d698, RCX=0x0000000016017800, RDX=0x000000000274d698
RSP=0x000000001719f250, RBP=0x000000000063c4b0, RSI=0x0000000000000001, RDI=0x0000000000000000
R8 =0x0000000000010002, R9 =0x000000000063c4b0, R10=0x0000000000000000, R11=0x0000000000000246
R12=0x000000000063c4e0, R13=0x000000000063c4b0, R14=0x000000000063c4c0, R15=0x0000000000000000
RIP=0x00000000746c584a, EFLAGS=0x0000000000010206

Top of Stack: (sp=0x000000001719f250)
0x000000001719f250:   0000000000000000 00000000746c5900
0x000000001719f260:   0000000000000000 00000000746d91b0
0x000000001719f270:   00000000746c5830 00000000746c3224
0x000000001719f280:   00000000746c5a60 00007ffcd399594e
0x000000001719f290:   0000000000000000 00007ffc6b6fc2c4
0x000000001719f2a0:   0000000000000001 00000000746a0000
0x000000001719f2b0:   0000000002331638 00000000746c34a6
0x000000001719f2c0:   0000000000000001 0000000015f25400
0x000000001719f2d0:   0000000000000000 00000000746c3384
0x000000001719f2e0:   c000000500000001 000000001719e3d0
0x000000001719f2f0:   00000000746a0000 00007ffcbf9fb583
0x000000001719f300:   000000007ffe0385 0000000000000000
0x000000001719f310:   000000007ffe0384 000000007ffe0385
0x000000001719f320:   000000000000000f 00007ffcbfa0813a
0x000000001719f330:   0000cca9d9198000 00000000005b4050
0x000000001719f340:   0000000000000000 0000000000000000 

Instructions: (pc=0x00000000746c584a)
0x00000000746c582a:   83 c4 20 5d c3 cc 40 53 48 83 ec 20 48 8b 1d cb
0x00000000746c583a:   5b 01 00 48 85 db 74 1a e8 19 93 ff ff 48 8b d3
0x00000000746c584a:   4c 8b 00 48 8b c8 48 83 c4 20 5b 49 ff a0 b0 00
0x00000000746c585a:   00 00 48 83 c4 20 5b c3 cc cc cc cc cc cc cc cc 


Register to memory mapping:

RAX=0x0000000000000000 is an unknown value
RBX=0x000000000274d698 is a global jni handle
RCX=0x0000000016017800 is an unknown value
RDX=0x000000000274d698 is a global jni handle
RSP=0x000000001719f250 is an unknown value
RBP=0x000000000063c4b0 is an unknown value
RSI=0x0000000000000001 is an unknown value
RDI=0x0000000000000000 is an unknown value
R8 =0x0000000000010002 is an unknown value
R9 =0x000000000063c4b0 is an unknown value
R10=0x0000000000000000 is an unknown value
R11=0x0000000000000246 is an unknown value
R12=0x000000000063c4e0 is an unknown value
R13=0x000000000063c4b0 is an unknown value
R14=0x000000000063c4c0 is an unknown value
R15=0x0000000000000000 is an unknown value


Stack: [0x00000000170a0000,0x00000000171a0000],  sp=0x000000001719f250,  free space=1020k
Native frames: (J=compiled Java code, j=interpreted, Vv=VM code, C=native code)
C  [glass.dll+0x2584a]
C  [glass.dll+0x23224]
C  [glass.dll+0x234a6]
C  [ntdll.dll+0x3b583]
C  [ntdll.dll+0x47f85]
C  [ntdll.dll+0x47e48]
C  [KERNEL32.DLL+0x1ca7a]
C  [msvcr100.dll+0x20cb9]
V  [jvm.dll+0x212a05]
V  [jvm.dll+0x24b647]
V  [jvm.dll+0x24a8e6]
V  [jvm.dll+0x24ad81]
V  [jvm.dll+0x24af9e]
V  [jvm.dll+0x29c03a]
C  [msvcr100.dll+0x21d7b]
C  [msvcr100.dll+0x21e17]
C  [KERNEL32.DLL+0x14034]
C  [ntdll.dll+0x73691]

VM_Operation (0x0000000018c4adb0): Exit, mode: safepoint, requested by thread 0x00000000180c5000


---------------  P R O C E S S  ---------------

Java Threads: ( => current thread )
  0x000000001f028800 JavaThread "Thread-6" [_thread_blocked, id=65560, stack(0x0000000022210000,0x0000000022310000)]
  0x000000001f02f000 JavaThread "Thread-4" daemon [_thread_in_native, id=53592, stack(0x0000000022110000,0x0000000022210000)]
  0x0000000018536000 JavaThread "Media Resource Disposer" daemon [_thread_blocked, id=94012, stack(0x000000001eef0000,0x000000001eff0000)]
  0x000000001819a800 JavaThread "Prism Font Disposer" daemon [_thread_blocked, id=15764, stack(0x000000001e8a0000,0x000000001e9a0000)]
  0x0000000018162000 JavaThread "JavaFX-Launcher" [_thread_blocked, id=80580, stack(0x000000001d620000,0x000000001d720000)]
  0x0000000018138000 JavaThread "Thread-2" daemon [_thread_in_native, id=35376, stack(0x000000001d520000,0x000000001d620000)]
  0x00000000180c5000 JavaThread "JavaFX Application Thread" [_thread_blocked, id=58936, stack(0x0000000018b50000,0x0000000018c50000)]
  0x00000000180c4800 JavaThread "Thread-1" daemon [_thread_blocked, id=61108, stack(0x0000000018a50000,0x0000000018b50000)]
  0x00000000180a7800 JavaThread "QuantumRenderer-0" daemon [_thread_blocked, id=43540, stack(0x0000000018890000,0x0000000018990000)]
  0x000000001776b800 JavaThread "Service Thread" daemon [_thread_blocked, id=60448, stack(0x0000000017e90000,0x0000000017f90000)]
  0x000000001609e800 JavaThread "C1 CompilerThread2" daemon [_thread_blocked, id=44812, stack(0x0000000017d90000,0x0000000017e90000)]
  0x000000001609b800 JavaThread "C2 CompilerThread1" daemon [_thread_blocked, id=79940, stack(0x0000000017c90000,0x0000000017d90000)]
  0x0000000016097800 JavaThread "C2 CompilerThread0" daemon [_thread_blocked, id=39172, stack(0x0000000017b90000,0x0000000017c90000)]
  0x00000000176d2800 JavaThread "Monitor Ctrl-Break" daemon [_thread_in_native, id=68036, stack(0x0000000017a90000,0x0000000017b90000)]
  0x000000001604f000 JavaThread "Attach Listener" daemon [_thread_blocked, id=24084, stack(0x0000000017590000,0x0000000017690000)]
  0x000000001604c000 JavaThread "Signal Dispatcher" daemon [_thread_blocked, id=74400, stack(0x0000000017490000,0x0000000017590000)]
  0x000000000277d800 JavaThread "Finalizer" daemon [_thread_blocked, id=91668, stack(0x00000000172a0000,0x00000000173a0000)]
  0x0000000002772000 JavaThread "Reference Handler" daemon [_thread_blocked, id=12428, stack(0x00000000171a0000,0x00000000172a0000)]
  0x0000000002682800 JavaThread "main" [_thread_blocked, id=92332, stack(0x0000000002340000,0x0000000002440000)]

Other Threads:
=>0x0000000016017800 VMThread [stack: 0x00000000170a0000,0x00000000171a0000] [id=51448]

VM state:at safepoint (shutting down)

VM Mutex/Monitor currently owned by a thread:  ([mutex/lock_event])
[0x000000000233d8f0] Threads_lock - owner thread: 0x0000000016017800

Heap:
 PSYoungGen      total 107008K, used 91314K [0x00000000e0600000, 0x00000000eec80000, 0x0000000100000000)
  eden space 67072K, 76% used [0x00000000e0600000,0x00000000e382e290,0x00000000e4780000)
  from space 39936K, 99% used [0x00000000e4780000,0x00000000e6e7e590,0x00000000e6e80000)
  to   space 70144K, 0% used [0x00000000ea800000,0x00000000ea800000,0x00000000eec80000)
 ParOldGen       total 193536K, used 142984K [0x00000000a1200000, 0x00000000acf00000, 0x00000000e0600000)
  object space 193536K, 73% used [0x00000000a1200000,0x00000000a9da2378,0x00000000acf00000)
 Metaspace       used 18080K, capacity 19236K, committed 19456K, reserved 1067008K
  class space    used 2569K, capacity 2816K, committed 2816K, reserved 1048576K

Card table byte_map: [0x0000000011b40000,0x0000000011e40000] byte_map_base: 0x0000000011637000

Marking Bits: (ParMarkBitMap*) 0x00000000737da6c0
 Begin Bits: [0x0000000012440000, 0x0000000013bf8000)
 End Bits:   [0x0000000013bf8000, 0x00000000153b0000)

Polling page: 0x0000000000560000

CodeCache: size=245760Kb used=8919Kb max_used=8926Kb free=236840Kb
 bounds [0x0000000002780000, 0x0000000003040000, 0x0000000011780000]
 total_blobs=3614 nmethods=2932 adapters=592
 compilation: enabled

Compilation events (10 events):
Event: 239.873 Thread 0x000000001609b800 2986       4       javafx.beans.property.BooleanPropertyBase::get (29 bytes)
Event: 239.875 Thread 0x000000001609b800 nmethod 2986 0x0000000003037510 code [0x0000000003037680, 0x00000000030377d8]
Event: 239.877 Thread 0x0000000016097800 nmethod 2983 0x000000000303de50 code [0x000000000303e040, 0x000000000303ec90]
Event: 239.901 Thread 0x000000001609e800 2991       3       com.sun.glass.ui.Window::getPlatformScale (5 bytes)
Event: 239.902 Thread 0x000000001609e800 nmethod 2991 0x0000000003037110 code [0x0000000003037260, 0x00000000030373b0]
Event: 239.913 Thread 0x000000001609e800 2992       3       jdk.internal.org.objectweb.asm.MethodVisitor::visitFieldInsn (20 bytes)
Event: 239.913 Thread 0x000000001609e800 nmethod 2992 0x000000000303d990 code [0x000000000303db00, 0x000000000303dd68]
Event: 239.936 Thread 0x000000001609e800 2993       3       java.lang.invoke.MethodHandles$Lookup::resolveOrFail (39 bytes)
Event: 239.938 Thread 0x000000001609e800 nmethod 2993 0x000000000303c550 code [0x000000000303c760, 0x000000000303d588]
Event: 239.938 Thread 0x000000001609e800 2994       3       java.lang.invoke.MethodHandles$Lookup::getDirectMethodForConstant (70 bytes)

GC Heap History (10 events):
Event: 2.077 GC heap before
{Heap before GC invocations=5 (full 1):
 PSYoungGen      total 53248K, used 4065K [0x00000000e0600000, 0x00000000e3e00000, 0x0000000100000000)
  eden space 49152K, 0% used [0x00000000e0600000,0x00000000e0600000,0x00000000e3600000)
  from space 4096K, 99% used [0x00000000e3a00000,0x00000000e3df8710,0x00000000e3e00000)
  to   space 4096K, 0% used [0x00000000e3600000,0x00000000e3600000,0x00000000e3a00000)
 ParOldGen       total 65536K, used 50941K [0x00000000a1200000, 0x00000000a5200000, 0x00000000e0600000)
  object space 65536K, 77% used [0x00000000a1200000,0x00000000a43bf710,0x00000000a5200000)
 Metaspace       used 12642K, capacity 13188K, committed 13440K, reserved 1060864K
  class space    used 1766K, capacity 1917K, committed 1920K, reserved 1048576K
Event: 2.147 GC heap after
Heap after GC invocations=5 (full 1):
 PSYoungGen      total 53248K, used 0K [0x00000000e0600000, 0x00000000e3e00000, 0x0000000100000000)
  eden space 49152K, 0% used [0x00000000e0600000,0x00000000e0600000,0x00000000e3600000)
  from space 4096K, 0% used [0x00000000e3a00000,0x00000000e3a00000,0x00000000e3e00000)
  to   space 4096K, 0% used [0x00000000e3600000,0x00000000e3600000,0x00000000e3a00000)
 ParOldGen       total 119296K, used 54861K [0x00000000a1200000, 0x00000000a8680000, 0x00000000e0600000)
  object space 119296K, 45% used [0x00000000a1200000,0x00000000a4793770,0x00000000a8680000)
 Metaspace       used 12642K, capacity 13188K, committed 13440K, reserved 1060864K
  class space    used 1766K, capacity 1917K, committed 1920K, reserved 1048576K
}
Event: 2.476 GC heap before
{Heap before GC invocations=6 (full 1):
 PSYoungGen      total 53248K, used 47663K [0x00000000e0600000, 0x00000000e3e00000, 0x0000000100000000)
  eden space 49152K, 96% used [0x00000000e0600000,0x00000000e348bfe8,0x00000000e3600000)
  from space 4096K, 0% used [0x00000000e3a00000,0x00000000e3a00000,0x00000000e3e00000)
  to   space 4096K, 0% used [0x00000000e3600000,0x00000000e3600000,0x00000000e3a00000)
 ParOldGen       total 119296K, used 54861K [0x00000000a1200000, 0x00000000a8680000, 0x00000000e0600000)
  object space 119296K, 45% used [0x00000000a1200000,0x00000000a4793770,0x00000000a8680000)
 Metaspace       used 12699K, capacity 13348K, committed 13568K, reserved 1060864K
  class space    used 1774K, capacity 1928K, committed 2048K, reserved 1048576K
Event: 2.496 GC heap after
Heap after GC invocations=6 (full 1):
 PSYoungGen      total 53248K, used 4017K [0x00000000e0600000, 0x00000000e8f80000, 0x0000000100000000)
  eden space 49152K, 0% used [0x00000000e0600000,0x00000000e0600000,0x00000000e3600000)
  from space 4096K, 98% used [0x00000000e3600000,0x00000000e39ec5d0,0x00000000e3a00000)
  to   space 32768K, 0% used [0x00000000e6f80000,0x00000000e6f80000,0x00000000e8f80000)
 ParOldGen       total 119296K, used 90702K [0x00000000a1200000, 0x00000000a8680000, 0x00000000e0600000)
  object space 119296K, 76% used [0x00000000a1200000,0x00000000a6a93b60,0x00000000a8680000)
 Metaspace       used 12699K, capacity 13348K, committed 13568K, reserved 1060864K
  class space    used 1774K, capacity 1928K, committed 2048K, reserved 1048576K
}
Event: 2.496 GC heap before
{Heap before GC invocations=7 (full 2):
 PSYoungGen      total 53248K, used 4017K [0x00000000e0600000, 0x00000000e8f80000, 0x0000000100000000)
  eden space 49152K, 0% used [0x00000000e0600000,0x00000000e0600000,0x00000000e3600000)
  from space 4096K, 98% used [0x00000000e3600000,0x00000000e39ec5d0,0x00000000e3a00000)
  to   space 32768K, 0% used [0x00000000e6f80000,0x00000000e6f80000,0x00000000e8f80000)
 ParOldGen       total 119296K, used 90702K [0x00000000a1200000, 0x00000000a8680000, 0x00000000e0600000)
  object space 119296K, 76% used [0x00000000a1200000,0x00000000a6a93b60,0x00000000a8680000)
 Metaspace       used 12699K, capacity 13348K, committed 13568K, reserved 1060864K
  class space    used 1774K, capacity 1928K, committed 2048K, reserved 1048576K
Event: 2.536 GC heap after
Heap after GC invocations=7 (full 2):
 PSYoungGen      total 53248K, used 0K [0x00000000e0600000, 0x00000000e8f80000, 0x0000000100000000)
  eden space 49152K, 0% used [0x00000000e0600000,0x00000000e0600000,0x00000000e3600000)
  from space 4096K, 0% used [0x00000000e3600000,0x00000000e3600000,0x00000000e3a00000)
  to   space 32768K, 0% used [0x00000000e6f80000,0x00000000e6f80000,0x00000000e8f80000)
 ParOldGen       total 193536K, used 92124K [0x00000000a1200000, 0x00000000acf00000, 0x00000000e0600000)
  object space 193536K, 47% used [0x00000000a1200000,0x00000000a6bf71b0,0x00000000acf00000)
 Metaspace       used 12699K, capacity 13348K, committed 13568K, reserved 1060864K
  class space    used 1774K, capacity 1928K, committed 2048K, reserved 1048576K
}
Event: 3.006 GC heap before
{Heap before GC invocations=8 (full 2):
 PSYoungGen      total 53248K, used 49152K [0x00000000e0600000, 0x00000000e8f80000, 0x0000000100000000)
  eden space 49152K, 100% used [0x00000000e0600000,0x00000000e3600000,0x00000000e3600000)
  from space 4096K, 0% used [0x00000000e3600000,0x00000000e3600000,0x00000000e3a00000)
  to   space 32768K, 0% used [0x00000000e6f80000,0x00000000e6f80000,0x00000000e8f80000)
 ParOldGen       total 193536K, used 92124K [0x00000000a1200000, 0x00000000acf00000, 0x00000000e0600000)
  object space 193536K, 47% used [0x00000000a1200000,0x00000000a6bf71b0,0x00000000acf00000)
 Metaspace       used 12717K, capacity 13348K, committed 13568K, reserved 1060864K
  class space    used 1774K, capacity 1928K, committed 2048K, reserved 1048576K
Event: 3.027 GC heap after
Heap after GC invocations=8 (full 2):
 PSYoungGen      total 99840K, used 31957K [0x00000000e0600000, 0x00000000e9580000, 0x0000000100000000)
  eden space 67072K, 0% used [0x00000000e0600000,0x00000000e0600000,0x00000000e4780000)
  from space 32768K, 97% used [0x00000000e6f80000,0x00000000e8eb56e8,0x00000000e8f80000)
  to   space 39936K, 0% used [0x00000000e4780000,0x00000000e4780000,0x00000000e6e80000)
 ParOldGen       total 193536K, used 99549K [0x00000000a1200000, 0x00000000acf00000, 0x00000000e0600000)
  object space 193536K, 51% used [0x00000000a1200000,0x00000000a73375e0,0x00000000acf00000)
 Metaspace       used 12717K, capacity 13348K, committed 13568K, reserved 1060864K
  class space    used 1774K, capacity 1928K, committed 2048K, reserved 1048576K
}
Event: 3.448 GC heap before
{Heap before GC invocations=9 (full 2):
 PSYoungGen      total 99840K, used 99029K [0x00000000e0600000, 0x00000000e9580000, 0x0000000100000000)
  eden space 67072K, 100% used [0x00000000e0600000,0x00000000e4780000,0x00000000e4780000)
  from space 32768K, 97% used [0x00000000e6f80000,0x00000000e8eb56e8,0x00000000e8f80000)
  to   space 39936K, 0% used [0x00000000e4780000,0x00000000e4780000,0x00000000e6e80000)
 ParOldGen       total 193536K, used 99549K [0x00000000a1200000, 0x00000000acf00000, 0x00000000e0600000)
  object space 193536K, 51% used [0x00000000a1200000,0x00000000a73375e0,0x00000000acf00000)
 Metaspace       used 12742K, capacity 13360K, committed 13568K, reserved 1060864K
  class space    used 1775K, capacity 1930K, committed 2048K, reserved 1048576K
Event: 3.488 GC heap after
Heap after GC invocations=9 (full 2):
 PSYoungGen      total 107008K, used 39929K [0x00000000e0600000, 0x00000000eec80000, 0x0000000100000000)
  eden space 67072K, 0% used [0x00000000e0600000,0x00000000e0600000,0x00000000e4780000)
  from space 39936K, 99% used [0x00000000e4780000,0x00000000e6e7e590,0x00000000e6e80000)
  to   space 70144K, 0% used [0x00000000ea800000,0x00000000ea800000,0x00000000eec80000)
 ParOldGen       total 193536K, used 142984K [0x00000000a1200000, 0x00000000acf00000, 0x00000000e0600000)
  object space 193536K, 73% used [0x00000000a1200000,0x00000000a9da2378,0x00000000acf00000)
 Metaspace       used 12742K, capacity 13360K, committed 13568K, reserved 1060864K
  class space    used 1775K, capacity 1930K, committed 2048K, reserved 1048576K
}

Deoptimization events (10 events):
Event: 51.513 Thread 0x00000000180a7800 Uncommon trap: reason=class_check action=maybe_recompile pc=0x0000000002ee61dc method=sun.reflect.DelegatingMethodAccessorImpl.invoke(Ljava/lang/Object;[Ljava/lang/Object;)Ljava/lang/Object; @ 6
Event: 73.003 Thread 0x00000000180c5000 Uncommon trap: reason=array_check action=maybe_recompile pc=0x0000000002cd07cc method=com.sun.javafx.css.SimpleSelector.applies(Ljavafx/css/Styleable;[Ljava/util/Set;I)Z @ 37
Event: 73.003 Thread 0x00000000180c5000 Uncommon trap: reason=array_check action=maybe_recompile pc=0x0000000002cd07cc method=com.sun.javafx.css.SimpleSelector.applies(Ljavafx/css/Styleable;[Ljava/util/Set;I)Z @ 37
Event: 73.003 Thread 0x00000000180c5000 Uncommon trap: reason=array_check action=maybe_recompile pc=0x0000000002cd07cc method=com.sun.javafx.css.SimpleSelector.applies(Ljavafx/css/Styleable;[Ljava/util/Set;I)Z @ 37
Event: 73.003 Thread 0x00000000180c5000 Uncommon trap: reason=array_check action=maybe_recompile pc=0x0000000002cd07cc method=com.sun.javafx.css.SimpleSelector.applies(Ljavafx/css/Styleable;[Ljava/util/Set;I)Z @ 37
Event: 73.006 Thread 0x00000000180c5000 Uncommon trap: reason=unstable_if action=reinterpret pc=0x0000000002fa3ea0 method=java.lang.StrictMath.floorOrCeil(DDDD)D @ 38
Event: 239.937 Thread 0x000000001f02c000 Uncommon trap: reason=unstable_if action=reinterpret pc=0x0000000002f23814 method=java.util.concurrent.locks.ReentrantLock$NonfairSync.lock()V @ 6
Event: 239.937 Thread 0x000000001f02c000 Uncommon trap: reason=unstable_if action=reinterpret pc=0x000000000293b6d4 method=java.util.concurrent.locks.ReentrantLock$Sync.nonfairTryAcquire(I)Z @ 10
Event: 239.937 Thread 0x000000001f02c000 Uncommon trap: reason=unstable_if action=reinterpret pc=0x0000000002ea2680 method=java.util.concurrent.locks.ReentrantLock$Sync.tryRelease(I)Z @ 28
Event: 239.937 Thread 0x00000000180a7800 Uncommon trap: reason=unstable_if action=reinterpret pc=0x0000000003011728 method=java.util.concurrent.locks.AbstractQueuedSynchronizer$ConditionObject.checkInterruptWhileWaiting(Ljava/util/concurrent/locks/AbstractQueuedSynchronizer$Node;)I @ 3

Internal exceptions (10 events):
Event: 0.304 Thread 0x0000000002682800 Exception <a 'java/security/PrivilegedActionException'> (0x00000000e0a6bff0) thrown at [C:\re\workspace\8-2-build-windows-amd64-cygwin\jdk8u102\7268\hotspot\src\share\vm\prims\jvm.cpp, line 1386]
Event: 0.305 Thread 0x0000000002682800 Exception <a 'java/lang/NullPointerException'> (0x00000000e0a6c9f8) thrown at [C:\re\workspace\8-2-build-windows-amd64-cygwin\jdk8u102\7268\hotspot\src\share\vm\interpreter\linkResolver.cpp, line 1178]
Event: 0.339 Thread 0x0000000002682800 Implicit null exception at 0x000000000289d1d5 to 0x000000000289d3a1
Event: 0.787 Thread 0x00000000180c5000 Exception <a 'java/lang/NullPointerException'> (0x00000000e1641638) thrown at [C:\re\workspace\8-2-build-windows-amd64-cygwin\jdk8u102\7268\hotspot\src\share\vm\interpreter\linkResolver.cpp, line 1178]
Event: 0.787 Thread 0x00000000180c5000 Exception <a 'java/lang/NullPointerException'> (0x00000000e1641638) thrown at [C:\re\workspace\8-2-build-windows-amd64-cygwin\jdk8u102\7268\hotspot\src\share\vm\prims\jvm.cpp, line 1390]
Event: 1.884 Thread 0x00000000180c5000 Exception <a 'java/lang/UnsatisfiedLinkError': com.sun.media.jfxmediaimpl.NativeAudioClip.nacInit()Z> (0x00000000e17fe570) thrown at [C:\re\workspace\8-2-build-windows-amd64-cygwin\jdk8u102\7268\hotspot\src\share\vm\prims\nativeLookup.cpp, line 378]
Event: 1.885 Thread 0x00000000180c5000 Exception <a 'java/lang/UnsatisfiedLinkError': com.sun.media.jfxmedia.logging.Logger.nativeSetNativeLevel(I)V> (0x00000000e1802c70) thrown at [C:\re\workspace\8-2-build-windows-amd64-cygwin\jdk8u102\7268\hotspot\src\share\vm\prims\nativeLookup.cpp, line 3762gú‡ç˛?
Event: 1.910 Thread 0x00000000180c5000 Implicit null exception at 0x00000000029b1a56 to 0x00000000029b1e01
Event: 3.959 Thread 0x00000000180c5000 Implicit null exception at 0x0000000002ab82ce to 0x0000000002ab942d
Event: 239.938 Thread 0x000000001f02c000 Exception <a 'java/lang/IllegalStateException'> (0x00000000e378d140) thrown at [C:\re\workspace\8-2-build-windows-amd64-cygwin\jdk8u102\7268\hotspot\src\share\vm\prims\jvm.cpp, line 1390]

Events (10 events):
Event: 239.937 Thread 0x000000001f02c000 DEOPT UNPACKING pc=0x00000000027c582a sp=0x000000002320e188 mode 2
Event: 239.937 Thread 0x00000000180a7800 Uncommon trap: trap_request=0xffffff65 fr.pc=0x0000000003011728
Event: 239.937 Thread 0x00000000180a7800 DEOPT PACKING pc=0x0000000003011728 sp=0x000000001898f040
Event: 239.937 Thread 0x00000000180a7800 DEOPT UNPACKING pc=0x00000000027c582a sp=0x000000001898efa0 mode 2
Event: 239.937 loading class com/sun/javafx/tk/quantum/QuantumToolkit
Event: 239.937 loading class com/sun/javafx/tk/quantum/QuantumToolkit done
Event: 239.938 loading class java/util/LinkedList$ListItr
Event: 239.938 loading class java/util/LinkedList$ListItr done
Event: 239.938 Thread 0x000000001f02c000 Thread exited: 0x000000001f02c000
Event: 239.938 Executing VM operation: Exit


Dynamic libraries:
0x00007ff6c6490000 - 0x00007ff6c64c7000 	C:\Program Files\Java\jdk1.8.0_102\bin\java.exe
0x00007ffcbf9c0000 - 0x00007ffcbfba1000 	C:\WINDOWS\SYSTEM32\ntdll.dll
0x00007ffcbd4e0000 - 0x00007ffcbd591000 	C:\WINDOWS\System32\KERNEL32.DLL
0x00007ffcbc610000 - 0x00007ffcbc883000 	C:\WINDOWS\System32\KERNELBASE.dll
0x0000000076350000 - 0x00000000763e5000 	C:\WINDOWS\System32\SYSFER.DLL
0x00007ffcbd740000 - 0x00007ffcbd7e1000 	C:\WINDOWS\System32\ADVAPI32.dll
0x00007ffcbd660000 - 0x00007ffcbd6fe000 	C:\WINDOWS\System32\msvcrt.dll
0x00007ffcbd600000 - 0x00007ffcbd65b000 	C:\WINDOWS\System32\sechost.dll
0x00007ffcbd250000 - 0x00007ffcbd374000 	C:\WINDOWS\System32\RPCRT4.dll
0x00007ffcbd7f0000 - 0x00007ffcbd980000 	C:\WINDOWS\System32\USER32.dll
0x00007ffcbbdf0000 - 0x00007ffcbbe10000 	C:\WINDOWS\System32\win32u.dll
0x00007ffcbd700000 - 0x00007ffcbd728000 	C:\WINDOWS\System32\GDI32.dll
0x00007ffcbccb0000 - 0x00007ffcbce42000 	C:\WINDOWS\System32\gdi32full.dll
0x00007ffcbc520000 - 0x00007ffcbc5bf000 	C:\WINDOWS\System32\msvcp_win.dll
0x00007ffcbc940000 - 0x00007ffcbca38000 	C:\WINDOWS\System32\ucrtbase.dll
0x00007ffcafdb0000 - 0x00007ffcb0019000 	C:\WINDOWS\WinSxS\amd64_microsoft.windows.common-controls_6595b64144ccf1df_6.0.17134.706_none_fb43a2cb30647007\COMCTL32.dll
0x00007ffcbf660000 - 0x00007ffcbf982000 	C:\WINDOWS\System32\combase.dll
0x00007ffcbcc30000 - 0x00007ffcbccaa000 	C:\WINDOWS\System32\bcryptPrimitives.dll
0x00007ffcbda00000 - 0x00007ffcbda2d000 	C:\WINDOWS\System32\IMM32.DLL
0x0000000074bf0000 - 0x0000000074cc1000 	C:\Program Files\Java\jdk1.8.0_102\jre\bin\msvcr100.dll
0x0000000072fc0000 - 0x000000007385a000 	C:\Program Files\Java\jdk1.8.0_102\jre\bin\server\jvm.dll
0x00007ffcbd730000 - 0x00007ffcbd738000 	C:\WINDOWS\System32\PSAPI.DLL
0x00007ffcbabf0000 - 0x00007ffcbabf9000 	C:\WINDOWS\SYSTEM32\WSOCK32.dll
0x00007ffcbf5d0000 - 0x00007ffcbf63c000 	C:\WINDOWS\System32\WS2_32.dll
0x00007ffcb9bd0000 - 0x00007ffcb9bf3000 	C:\WINDOWS\SYSTEM32\WINMM.dll
0x00007ffcad380000 - 0x00007ffcad38a000 	C:\WINDOWS\SYSTEM32\VERSION.dll
0x00007ffcb9ba0000 - 0x00007ffcb9bca000 	C:\WINDOWS\SYSTEM32\WINMMBASE.dll
0x00007ffcbc5c0000 - 0x00007ffcbc609000 	C:\WINDOWS\System32\cfgmgr32.dll
0x0000000074be0000 - 0x0000000074bef000 	C:\Program Files\Java\jdk1.8.0_102\jre\bin\verify.dll
0x0000000074bb0000 - 0x0000000074bd9000 	C:\Program Files\Java\jdk1.8.0_102\jre\bin\java.dll
0x0000000074760000 - 0x0000000074783000 	C:\Program Files\Java\jdk1.8.0_102\jre\bin\instrument.dll
0x0000000074740000 - 0x0000000074756000 	C:\Program Files\Java\jdk1.8.0_102\jre\bin\zip.dll
0x00007ffcbda30000 - 0x00007ffcbee70000 	C:\WINDOWS\System32\SHELL32.dll
0x00007ffcbd1a0000 - 0x00007ffcbd249000 	C:\WINDOWS\System32\shcore.dll
0x00007ffcbbe10000 - 0x00007ffcbc51d000 	C:\WINDOWS\System32\windows.storage.dll
0x00007ffcbce50000 - 0x00007ffcbcea1000 	C:\WINDOWS\System32\shlwapi.dll
0x00007ffcbbd70000 - 0x00007ffcbbd81000 	C:\WINDOWS\System32\kernel.appcore.dll
0x00007ffcbbd30000 - 0x00007ffcbbd4f000 	C:\WINDOWS\System32\profapi.dll
0x00007ffcbbcd0000 - 0x00007ffcbbd1c000 	C:\WINDOWS\System32\powrprof.dll
0x00007ffcbbd20000 - 0x00007ffcbbd2a000 	C:\WINDOWS\System32\FLTLIB.DLL
0x00007ffcabf10000 - 0x00007ffcabf2a000 	C:\Program Files\JetBrains\IntelliJ IDEA Community Edition 2018.3.4\bin\breakgen64.dll
0x0000000074720000 - 0x000000007473a000 	C:\Program Files\Java\jdk1.8.0_102\jre\bin\net.dll
0x00007ffcbb550000 - 0x00007ffcbb5b6000 	C:\WINDOWS\system32\mswsock.dll
0x00007ffc81f50000 - 0x00007ffc8203f000 	C:\Program Files\Java\jdk1.8.0_102\jre\bin\msvcr120.dll
0x00007ffc82f90000 - 0x00007ffc83036000 	C:\Program Files\Java\jdk1.8.0_102\jre\bin\msvcp120.dll
0x00000000746f0000 - 0x0000000074712000 	C:\Program Files\Java\jdk1.8.0_102\jre\bin\prism_d3d.dll
0x00007ffc80050000 - 0x00007ffc801e7000 	C:\WINDOWS\system32\d3d9.dll
0x00007ffcba0c0000 - 0x00007ffcba0e9000 	C:\WINDOWS\SYSTEM32\dwmapi.dll
0x00007ffcb9f40000 - 0x00007ffcb9fd8000 	C:\WINDOWS\system32\uxtheme.dll
0x00007ffc4c440000 - 0x00007ffc4e97d000 	C:\WINDOWS\SYSTEM32\igdumdim64.dll
0x00007ffcbcf50000 - 0x00007ffcbd012000 	C:\WINDOWS\System32\OLEAUT32.dll
0x00007ffcbd380000 - 0x00007ffcbd4d1000 	C:\WINDOWS\System32\ole32.dll
0x00007ffcbefe0000 - 0x00007ffcbf42b000 	C:\WINDOWS\System32\SETUPAPI.dll
0x00000000746a0000 - 0x00000000746e3000 	C:\Program Files\Java\jdk1.8.0_102\jre\bin\glass.dll
0x00007ffcbee80000 - 0x00007ffcbef6d000 	C:\WINDOWS\System32\COMDLG32.dll
0x00007ffcbd020000 - 0x00007ffcbd193000 	C:\WINDOWS\System32\MSCTF.dll
0x00007ffcb3230000 - 0x00007ffcb3c6f000 	C:\WINDOWS\SYSTEM32\igdusc64.dll
0x0000000074660000 - 0x0000000074674000 	C:\Program Files\Java\jdk1.8.0_102\jre\bin\javafx_font.dll
0x00007ffcb0a00000 - 0x00007ffcb0d1c000 	C:\WINDOWS\SYSTEM32\dwrite.dll
0x0000000074600000 - 0x0000000074623000 	C:\Program Files\Java\jdk1.8.0_102\jre\bin\javafx_iio.dll
0x0000000074580000 - 0x00000000745f3000 	C:\Program Files\Java\jdk1.8.0_102\jre\bin\glib-lite.dll
0x00000000744e0000 - 0x000000007457c000 	C:\Program Files\Java\jdk1.8.0_102\jre\bin\gstreamer-lite.dll
0x00007ffc943e0000 - 0x00007ffc9446f000 	C:\WINDOWS\SYSTEM32\DSOUND.dll
0x00000000744b0000 - 0x00000000744d5000 	C:\Program Files\Java\jdk1.8.0_102\jre\bin\jfxmedia.dll
0x00007ffcbceb0000 - 0x00007ffcbcf50000 	C:\WINDOWS\System32\clbcatq.dll
0x00007ffcb61d0000 - 0x00007ffcb637e000 	C:\WINDOWS\SYSTEM32\WindowsCodecs.dll
0x00007ffc8c8f0000 - 0x00007ffc8c948000 	C:\WINDOWS\system32\dataexchange.dll
0x00007ffcb8bb0000 - 0x00007ffcb8ebb000 	C:\WINDOWS\system32\d3d11.dll
0x00007ffcb9630000 - 0x00007ffcb97cc000 	C:\WINDOWS\system32\dcomp.dll
0x00007ffcba6f0000 - 0x00007ffcba7ab000 	C:\WINDOWS\system32\dxgi.dll
0x00007ffcba250000 - 0x00007ffcba408000 	C:\WINDOWS\system32\twinapi.appcore.dll
0x00007ffcba1a0000 - 0x00007ffcba1c9000 	C:\WINDOWS\system32\RMCLIENT.dll
0x00007ffca3a60000 - 0x00007ffca3a94000 	C:\Program Files\Common Files\Microsoft Shared\Ink\rtscom.dll
0x0000000074640000 - 0x0000000074651000 	C:\Program Files\Java\jdk1.8.0_102\jre\bin\prism_common.dll
0x00007ffcb8520000 - 0x00007ffcb8ae7000 	C:\WINDOWS\SYSTEM32\d2d1.dll
0x00007ffc6b190000 - 0x00007ffc6b90e000 	C:\WINDOWS\SYSTEM32\D3D10Warp.dll
0x00007ffcb4da0000 - 0x00007ffcb4e36000 	C:\WINDOWS\System32\TextInputFramework.dll
0x00007ffcb5d40000 - 0x00007ffcb605e000 	C:\WINDOWS\System32\CoreUIComponents.dll
0x00007ffcb97d0000 - 0x00007ffcb98aa000 	C:\WINDOWS\System32\CoreMessaging.dll
0x00007ffcbadc0000 - 0x00007ffcbadf1000 	C:\WINDOWS\SYSTEM32\ntmarta.dll
0x00007ffcb7540000 - 0x00007ffcb768d000 	C:\WINDOWS\SYSTEM32\wintypes.dll
0x00007ffcbaa00000 - 0x00007ffcbabc9000 	C:\WINDOWS\SYSTEM32\dbghelp.dll

VM Arguments:
jvm_args: -javaagent:C:\Program Files\JetBrains\IntelliJ IDEA Community Edition 2018.3.4\lib\idea_rt.jar=58807:C:\Program Files\JetBrains\IntelliJ IDEA Community Edition 2018.3.4\bin -Dfile.encoding=UTF-8 
java_command: ClientFX
java_class_path (initial): C:\Program Files\Java\jdk1.8.0_102\jre\lib\charsets.jar;C:\Program Files\Java\jdk1.8.0_102\jre\lib\deploy.jar;C:\Program Files\Java\jdk1.8.0_102\jre\lib\ext\access-bridge-64.jar;C:\Program Files\Java\jdk1.8.0_102\jre\lib\ext\cldrdata.jar;C:\Program Files\Java\jdk1.8.0_102\jre\lib\ext\dnsns.jar;C:\Program Files\Java\jdk1.8.0_102\jre\lib\ext\jaccess.jar;C:\Program Files\Java\jdk1.8.0_102\jre\lib\ext\jfxrt.jar;C:\Program Files\Java\jdk1.8.0_102\jre\lib\ext\localedata.jar;C:\Program Files\Java\jdk1.8.0_102\jre\lib\ext\nashorn.jar;C:\Program Files\Java\jdk1.8.0_102\jre\lib\ext\sunec.jar;C:\Program Files\Java\jdk1.8.0_102\jre\lib\ext\sunjce_provider.jar;C:\Program Files\Java\jdk1.8.0_102\jre\lib\ext\sunmscapi.jar;C:\Program Files\Java\jdk1.8.0_102\jre\lib\ext\sunpkcs11.jar;C:\Program Files\Java\jdk1.8.0_102\jre\lib\ext\zipfs.jar;C:\Program Files\Java\jdk1.8.0_102\jre\lib\javaws.jar;C:\Program Files\Java\jdk1.8.0_102\jre\lib\jce.jar;C:\Program Files\Java\jdk1.8.0_102\jre\lib\jfr.jar;C:\Program Files\Java\jdk1.8.0_102\jre\lib\jfxswt.jar;C:\Program Files\Java\jdk1.8.0_102\jre\lib\jsse.jar;C:\Program Files\Java\jdk1.8.0_102\jre\lib\management-agent.jar;C:\Program Files\Java\jdk1.8.0_102\jre\lib\plugin.jar;C:\Program Files\Java\jdk1.8.0_102\jre\lib\resources.jar;C:\Program Files\Java\jdk1.8.0_102\jre\lib\rt.jar;C:\Users\Don\Documents\GitHub\Project5\Client\out\production\Client;C:\Program Files\JetBrains\IntelliJ IDEA Community Edition 2018.3.4\lib\idea_rt.jar
Launcher Type: SUN_STANDARD

Environment Variables:
JAVA_HOME=C:\Program Files\Java\jdk1.8.0_172
CLASSPATH=.;
PATH=C:\Python27\;C:\Python27\Scripts;C:\Program Files (x86)\Common Files\Oracle\Java\javapath;C:\ProgramData\Oracle\Java\javapath;C:\Program Files (x86)\Intel\iCLS Client\;C:\Program Files\Intel\iCLS Client\;C:\WINDOWS\system32;C:\WINDOWS;C:\WINDOWS\System32\Wbem;C:\WINDOWS\System32\WindowsPowerShell\v1.0\;C:\Program Files\Hewlett-Packard\SimplePass\;C:\Program Files (x86)\Windows Live\Shared;C:\Program Files\Novell\iPrint;C:\WINDOWS\System32\OpenSSH\;C:\ProgramData\chocolatey\bin;C:\Program Files\Java\jdk1.8.0_172\bin;C:\TDM-GCC-64\bin;C:\Program Files\PuTTY\;C:\Program Files\Intel\Intel(R) Management Engine Components\DAL;C:\Program Files\Intel\Intel(R) Management Engine Components\IPT;C:\Program Files\dotnet\;C:\Program Files\Git\cmd;C:\Program Files\nodejs\;C:\Users\Don\AppData\Local\Microsoft\WindowsApps;C:\Users\Don\AndroidAppData\platform-tools;C:\Users\Don\AppData\Local\Programs\Microsoft VS Code\bin;C:\Users\Don\.dotnet\tools;C:\Program Files (x86)\Java\jdk1.8.0_102\bin;;C:\Users\Don\AppData\Local\Programs\Azure Data Studio\bin;C:\Users\Don\AppData\Roaming\npm
USERNAME=Don
OS=Windows_NT
PROCESSOR_IDENTIFIER=Intel64 Family 6 Model 61 Stepping 4, GenuineIntel



---------------  S Y S T E M  ---------------

OS: Windows 10.0 , 64 bit Build 17134 (10.0.17134.706)

CPU:total 4 (2 cores per cpu, 2 threads per core) family 6 model 61 stepping 4, cmov, cx8, fxsr, mmx, sse, sse2, sse3, ssse3, sse4.1, sse4.2, popcnt, avx, avx2, aes, clmul, erms, 3dnowpref, lzcnt, ht, tsc, tscinvbit, bmi1, bmi2, adx

Memory: 4k page, physical 6211852k(1983288k free), swap 13959304k(3660980k free)

vm_info: Java HotSpot(TM) 64-Bit Server VM (25.102-b14) for windows-amd64 JRE (1.8.0_102-b14), built on Jun 22 2016 13:15:21 by "java_re" with MS VC++ 10.0 (VS2010)

time: Sat May 04 22:52:52 2019
elapsed time: 240 seconds (0d 0h 4m 0s)

