#
# A fatal error has been detected by the Java Runtime Environment:
#
#  EXCEPTION_ACCESS_VIOLATION (0xc0000005) at pc=0x00007ffd706378b0, pid=468, tid=0x0000000000002064
#
# JRE version: Java(TM) SE Runtime Environment (8.0_201-b09) (build 1.8.0_201-b09)
# Java VM: Java HotSpot(TM) 64-Bit Server VM (25.201-b09 mixed mode windows-amd64 compressed oops)
# Problematic frame:
# C  [glass.dll+0x278b0]
#
# Failed to write core dump. Minidumps are not enabled by default on client versions of Windows
#
# If you would like to submit a bug report, please visit:
#   http://bugreport.java.com/bugreport/crash.jsp
#

---------------  T H R E A D  ---------------

Current thread (0x000000001c498800):  VMThread [stack: 0x000000001e180000,0x000000001e280000] [id=8292]

siginfo: ExceptionCode=0xc0000005, reading address 0x0000000000000000

Registers:
RAX=0x0000000000000000, RBX=0x000000001f57dd20, RCX=0x000000001c498800, RDX=0x00000000725214d8
RSP=0x000000001e27ee40, RBP=0x000000000086c6a8, RSI=0x000000000086c680, RDI=0x0000d06e8fd35469
R8 =0x0000000000010002, R9 =0x0000000000000029, R10=0x0000d06e8fd35469, R11=0x000000001e27ed50
R12=0x0000000000000000, R13=0x0000000000000040, R14=0x000000001e27ef58, R15=0x000000000086c680
RIP=0x00007ffd706378b0, EFLAGS=0x0000000000010202

Top of Stack: (sp=0x000000001e27ee40)
0x000000001e27ee40:   0000000000000000 00007ffd89d788db
0x000000001e27ee50:   000000000086c690 000000000086c690
0x000000001e27ee60:   fffffffffffffffe 00007ffd7064c1b0
0x000000001e27ee70:   000000000086c688 00007ffd89d7fcb3
0x000000001e27ee80:   000000000086c6a0 00007ffd00000000
0x000000001e27ee90:   0000aaea345bae9c 0000000024eb0b10
0x000000001e27eea0:   fffffffffffffffe 00007ffd89d7fb5d
0x000000001e27eeb0:   0000000000000001 00007ffd70610000
0x000000001e27eec0:   0000000000de1638 00007ffd706348dc
0x000000001e27eed0:   000000001e27ef48 00007ffd89d7f967
0x000000001e27eee0:   0000000000000000 000000001e27ef58
0x000000001e27eef0:   000000000295b540 00007ffd89e5a080
0x000000001e27ef00:   0000000000000000 00007ffd89d7f924
0x000000001e27ef10:   0000000000000000 0000000000000001
0x000000001e27ef20:   0000000024eb0b10 000000001e27ef48
0x000000001e27ef30:   0000000000000001 00007ffd70634752 

Instructions: (pc=0x00007ffd706378b0)
0x00007ffd70637890:   40 53 48 83 ec 30 48 c7 44 24 20 fe ff ff ff 48
0x00007ffd706378a0:   8b 1d 7a 72 01 00 48 85 db 74 16 e8 00 81 ff ff
0x00007ffd706378b0:   4c 8b 00 48 8b d3 48 8b c8 41 ff 90 b0 00 00 00
0x00007ffd706378c0:   90 48 83 c4 30 5b c3 cc cc cc cc cc cc cc cc cc 


Register to memory mapping:

RAX=0x0000000000000000 is an unknown value
RBX=0x000000001f57dd20 is a global jni handle
RCX=0x000000001c498800 is an unknown value
RDX=0x00000000725214d8 is an unknown value
RSP=0x000000001e27ee40 is an unknown value
RBP=0x000000000086c6a8 is an unknown value
RSI=0x000000000086c680 is an unknown value
RDI=0x0000d06e8fd35469 is an unknown value
R8 =0x0000000000010002 is an unknown value
R9 =0x0000000000000029 is an unknown value
R10=0x0000d06e8fd35469 is an unknown value
R11=0x000000001e27ed50 is an unknown value
R12=0x0000000000000000 is an unknown value
R13=0x0000000000000040 is an unknown value
R14=0x000000001e27ef58 is an unknown value
R15=0x000000000086c680 is an unknown value


Stack: [0x000000001e180000,0x000000001e280000],  sp=0x000000001e27ee40,  free space=1019k
Native frames: (J=compiled Java code, j=interpreted, Vv=VM code, C=native code)
C  [glass.dll+0x278b0]
C  [ucrtbase.dll+0xfcb3]
C  [ucrtbase.dll+0xf967]
C  [ucrtbase.dll+0xf924]
C  [glass.dll+0x24752]
C  [glass.dll+0x24850]
C  [ntdll.dll+0x3b583]
C  [ntdll.dll+0x47f85]
C  [ntdll.dll+0x47e48]
C  [KERNEL32.DLL+0x1ca7a]
C  [msvcr100.dll+0x20cf5]
V  [jvm.dll+0x213ed5]
V  [jvm.dll+0x24d407]
V  [jvm.dll+0x24c6a6]
V  [jvm.dll+0x24cb41]
V  [jvm.dll+0x24cd5e]
V  [jvm.dll+0x29fb6a]
C  [msvcr100.dll+0x21db7]
C  [msvcr100.dll+0x21e53]
C  [KERNEL32.DLL+0x14034]
C  [ntdll.dll+0x73691]

VM_Operation (0x00000000209eae50): Exit, mode: safepoint, requested by thread 0x000000001f524000


---------------  P R O C E S S  ---------------

Java Threads: ( => current thread )
  0x000000002b0a7800 JavaThread "Thread-6" [_thread_blocked, id=15748, stack(0x000000002d9b0000,0x000000002dab0000)]
  0x000000002b0a4800 JavaThread "Thread-4" daemon [_thread_in_native, id=20188, stack(0x000000002d8b0000,0x000000002d9b0000)]
  0x000000002abcb000 JavaThread "Media Resource Disposer" daemon [_thread_blocked, id=18808, stack(0x000000002bb90000,0x000000002bc90000)]
  0x000000001f5ab000 JavaThread "Prism Font Disposer" daemon [_thread_blocked, id=11980, stack(0x000000002a650000,0x000000002a750000)]
  0x000000001f5ac000 JavaThread "JavaFX-Launcher" [_thread_blocked, id=14700, stack(0x00000000293c0000,0x00000000294c0000)]
  0x000000001f5b8000 JavaThread "Thread-2" daemon [_thread_in_native, id=14988, stack(0x00000000292c0000,0x00000000293c0000)]
  0x000000001f524000 JavaThread "JavaFX Application Thread" [_thread_blocked, id=16836, stack(0x00000000208f0000,0x00000000209f0000)]
  0x000000001f519000 JavaThread "Thread-1" daemon [_thread_blocked, id=17864, stack(0x0000000020520000,0x0000000020620000)]
  0x000000001e67c000 JavaThread "QuantumRenderer-0" daemon [_thread_blocked, id=19020, stack(0x000000001fcf0000,0x000000001fdf0000)]
  0x000000001e3e8800 JavaThread "Service Thread" daemon [_thread_blocked, id=20512, stack(0x000000001f070000,0x000000001f170000)]
  0x000000001e347000 JavaThread "C1 CompilerThread3" daemon [_thread_blocked, id=21256, stack(0x000000001ef70000,0x000000001f070000)]
  0x000000001e343000 JavaThread "C2 CompilerThread2" daemon [_thread_blocked, id=20468, stack(0x000000001ee70000,0x000000001ef70000)]
  0x000000001e2f2800 JavaThread "C2 CompilerThread1" daemon [_thread_blocked, id=8444, stack(0x000000001ed70000,0x000000001ee70000)]
  0x000000001e2f1000 JavaThread "C2 CompilerThread0" daemon [_thread_blocked, id=20364, stack(0x000000001ec70000,0x000000001ed70000)]
  0x000000001e2d4800 JavaThread "Monitor Ctrl-Break" daemon [_thread_in_native, id=18676, stack(0x000000001eb70000,0x000000001ec70000)]
  0x000000001e2b1800 JavaThread "Attach Listener" daemon [_thread_blocked, id=17124, stack(0x000000001ea70000,0x000000001eb70000)]
  0x000000001c4ae800 JavaThread "Signal Dispatcher" daemon [_thread_blocked, id=8048, stack(0x000000001e970000,0x000000001ea70000)]
  0x000000001e2a1800 JavaThread "Finalizer" daemon [_thread_blocked, id=10836, stack(0x000000001e780000,0x000000001e880000)]
  0x000000001c49d000 JavaThread "Reference Handler" daemon [_thread_blocked, id=14536, stack(0x000000001e680000,0x000000001e780000)]
  0x00000000028b3000 JavaThread "main" [_thread_blocked, id=15908, stack(0x00000000026a0000,0x00000000027a0000)]

Other Threads:
=>0x000000001c498800 VMThread [stack: 0x000000001e180000,0x000000001e280000] [id=8292]

VM state:at safepoint (shutting down)

VM Mutex/Monitor currently owned by a thread:  ([mutex/lock_event])
[0x0000000000deda00] Threads_lock - owner thread: 0x000000001c498800

heap address: 0x00000006c0e00000, size: 4082 MB, Compressed Oops mode: Zero based, Oop shift amount: 3
Narrow klass base: 0x0000000000000000, Narrow klass shift: 3
Compressed class space size: 1073741824 Address: 0x00000007c0000000

Heap:
 PSYoungGen      total 141824K, used 54595K [0x000000076af80000, 0x000000077d780000, 0x00000007c0000000)
  eden space 131072K, 33% used [0x000000076af80000,0x000000076da52f70,0x0000000772f80000)
  from space 10752K, 99% used [0x0000000772f80000,0x00000007739fde48,0x0000000773a00000)
  to   space 75264K, 0% used [0x0000000778e00000,0x0000000778e00000,0x000000077d780000)
 ParOldGen       total 284160K, used 183098K [0x00000006c0e00000, 0x00000006d2380000, 0x000000076af80000)
  object space 284160K, 64% used [0x00000006c0e00000,0x00000006cc0ceb70,0x00000006d2380000)
 Metaspace       used 18535K, capacity 19742K, committed 20096K, reserved 1067008K
  class space    used 2572K, capacity 2839K, committed 2944K, reserved 1048576K

Card table byte_map: [0x0000000011d70000,0x0000000012570000] byte_map_base: 0x000000000e769000

Marking Bits: (ParMarkBitMap*) 0x0000000072714ce0
 Begin Bits: [0x00000000132d0000, 0x0000000017298000)
 End Bits:   [0x0000000017298000, 0x000000001b260000)

Polling page: 0x00000000005f0000

CodeCache: size=245760Kb used=10645Kb max_used=10670Kb free=235114Kb
 bounds [0x00000000029b0000, 0x0000000003430000, 0x00000000119b0000]
 total_blobs=3969 nmethods=3299 adapters=582
 compilation: enabled

Compilation events (10 events):
Event: 289.008 Thread 0x000000001e2f2800 3756       4       com.sun.javafx.css.ParsedValueImpl::convert (24 bytes)
Event: 289.008 Thread 0x000000001e347000 3757       3       javafx.css.StyleConverter::getInsetsConverter (4 bytes)
Event: 289.008 Thread 0x000000001e347000 nmethod 3757 0x0000000003405690 code [0x00000000034057e0, 0x0000000003405970]
Event: 289.008 Thread 0x000000001e347000 3758       3       com.sun.javafx.css.CssError::setCurrentScene (55 bytes)
Event: 289.009 Thread 0x000000001e2f2800 nmethod 3756 0x0000000002fb0010 code [0x0000000002fb0140, 0x0000000002fb01d8]
Event: 289.009 Thread 0x000000001e347000 nmethod 3758 0x0000000003414e90 code [0x0000000003415060, 0x00000000034157a8]
Event: 289.098 Thread 0x000000001e347000 3759       3       javafx.scene.Node::sceneToLocal0 (46 bytes)
Event: 289.099 Thread 0x000000001e347000 nmethod 3759 0x0000000003412790 code [0x0000000003412a40, 0x0000000003414318]
Event: 289.102 Thread 0x000000001e347000 3760       3       javafx.event.Event::consume (6 bytes)
Event: 289.102 Thread 0x000000001e347000 nmethod 3760 0x0000000003405350 code [0x00000000034054a0, 0x00000000034055f0]

GC Heap History (10 events):
Event: 1.627 GC heap before
{Heap before GC invocations=2 (full 0):
 PSYoungGen      total 76288K, used 75403K [0x000000076af80000, 0x0000000770480000, 0x00000007c0000000)
  eden space 65536K, 98% used [0x000000076af80000,0x000000076eea8238,0x000000076ef80000)
  from space 10752K, 99% used [0x000000076ef80000,0x000000076f9fabc8,0x000000076fa00000)
  to   space 10752K, 0% used [0x000000076fa00000,0x000000076fa00000,0x0000000770480000)
 ParOldGen       total 175104K, used 17147K [0x00000006c0e00000, 0x00000006cb900000, 0x000000076af80000)
  object space 175104K, 9% used [0x00000006c0e00000,0x00000006c1ebecc0,0x00000006cb900000)
 Metaspace       used 12796K, capacity 13398K, committed 13568K, reserved 1060864K
  class space    used 1778K, capacity 1925K, committed 2048K, reserved 1048576K
Event: 1.643 GC heap after
Heap after GC invocations=2 (full 0):
 PSYoungGen      total 76288K, used 10740K [0x000000076af80000, 0x0000000774480000, 0x00000007c0000000)
  eden space 65536K, 0% used [0x000000076af80000,0x000000076af80000,0x000000076ef80000)
  from space 10752K, 99% used [0x000000076fa00000,0x000000077047d130,0x0000000770480000)
  to   space 10752K, 0% used [0x000000076ef80000,0x000000076ef80000,0x000000076fa00000)
 ParOldGen       total 175104K, used 64326K [0x00000006c0e00000, 0x00000006cb900000, 0x000000076af80000)
  object space 175104K, 36% used [0x00000006c0e00000,0x00000006c4cd1930,0x00000006cb900000)
 Metaspace       used 12796K, capacity 13398K, committed 13568K, reserved 1060864K
  class space    used 1778K, capacity 1925K, committed 2048K, reserved 1048576K
}
Event: 1.830 GC heap before
{Heap before GC invocations=3 (full 0):
 PSYoungGen      total 76288K, used 76276K [0x000000076af80000, 0x0000000774480000, 0x00000007c0000000)
  eden space 65536K, 100% used [0x000000076af80000,0x000000076ef80000,0x000000076ef80000)
  from space 10752K, 99% used [0x000000076fa00000,0x000000077047d130,0x0000000770480000)
  to   space 10752K, 0% used [0x000000076ef80000,0x000000076ef80000,0x000000076fa00000)
 ParOldGen       total 175104K, used 64326K [0x00000006c0e00000, 0x00000006cb900000, 0x000000076af80000)
  object space 175104K, 36% used [0x00000006c0e00000,0x00000006c4cd1930,0x00000006cb900000)
 Metaspace       used 12816K, capacity 13398K, committed 13568K, reserved 1060864K
  class space    used 1778K, capacity 1925K, committed 2048K, reserved 1048576K
Event: 1.841 GC heap after
Heap after GC invocations=3 (full 0):
 PSYoungGen      total 76288K, used 10739K [0x000000076af80000, 0x0000000774480000, 0x00000007c0000000)
  eden space 65536K, 0% used [0x000000076af80000,0x000000076af80000,0x000000076ef80000)
  from space 10752K, 99% used [0x000000076ef80000,0x000000076f9fce40,0x000000076fa00000)
  to   space 10752K, 0% used [0x0000000773a00000,0x0000000773a00000,0x0000000774480000)
 ParOldGen       total 175104K, used 113721K [0x00000006c0e00000, 0x00000006cb900000, 0x000000076af80000)
  object space 175104K, 64% used [0x00000006c0e00000,0x00000006c7d0e588,0x00000006cb900000)
 Metaspace       used 12816K, capacity 13398K, committed 13568K, reserved 1060864K
  class space    used 1778K, capacity 1925K, committed 2048K, reserved 1048576K
}
Event: 1.841 GC heap before
{Heap before GC invocations=4 (full 1):
 PSYoungGen      total 76288K, used 10739K [0x000000076af80000, 0x0000000774480000, 0x00000007c0000000)
  eden space 65536K, 0% used [0x000000076af80000,0x000000076af80000,0x000000076ef80000)
  from space 10752K, 99% used [0x000000076ef80000,0x000000076f9fce40,0x000000076fa00000)
  to   space 10752K, 0% used [0x0000000773a00000,0x0000000773a00000,0x0000000774480000)
 ParOldGen       total 175104K, used 113721K [0x00000006c0e00000, 0x00000006cb900000, 0x000000076af80000)
  object space 175104K, 64% used [0x00000006c0e00000,0x00000006c7d0e588,0x00000006cb900000)
 Metaspace       used 12816K, capacity 13398K, committed 13568K, reserved 1060864K
  class space    used 1778K, capacity 1925K, committed 2048K, reserved 1048576K
Event: 1.886 GC heap after
Heap after GC invocations=4 (full 1):
 PSYoungGen      total 76288K, used 0K [0x000000076af80000, 0x0000000774480000, 0x00000007c0000000)
  eden space 65536K, 0% used [0x000000076af80000,0x000000076af80000,0x000000076ef80000)
  from space 10752K, 0% used [0x000000076ef80000,0x000000076ef80000,0x000000076fa00000)
  to   space 10752K, 0% used [0x0000000773a00000,0x0000000773a00000,0x0000000774480000)
 ParOldGen       total 284160K, used 124182K [0x00000006c0e00000, 0x00000006d2380000, 0x000000076af80000)
  object space 284160K, 43% used [0x00000006c0e00000,0x00000006c8745928,0x00000006d2380000)
 Metaspace       used 12816K, capacity 13398K, committed 13568K, reserved 1060864K
  class space    used 1778K, capacity 1925K, committed 2048K, reserved 1048576K
}
Event: 2.163 GC heap before
{Heap before GC invocations=5 (full 1):
 PSYoungGen      total 76288K, used 65212K [0x000000076af80000, 0x0000000774480000, 0x00000007c0000000)
  eden space 65536K, 99% used [0x000000076af80000,0x000000076ef2f3c8,0x000000076ef80000)
  from space 10752K, 0% used [0x000000076ef80000,0x000000076ef80000,0x000000076fa00000)
  to   space 10752K, 0% used [0x0000000773a00000,0x0000000773a00000,0x0000000774480000)
 ParOldGen       total 284160K, used 124182K [0x00000006c0e00000, 0x00000006d2380000, 0x000000076af80000)
  object space 284160K, 43% used [0x00000006c0e00000,0x00000006c8745928,0x00000006d2380000)
 Metaspace       used 12824K, capacity 13410K, committed 13568K, reserved 1060864K
  class space    used 1779K, capacity 1927K, committed 2048K, reserved 1048576K
Event: 2.174 GC heap after
Heap after GC invocations=5 (full 1):
 PSYoungGen      total 113152K, used 10553K [0x000000076af80000, 0x0000000774480000, 0x00000007c0000000)
  eden space 102400K, 0% used [0x000000076af80000,0x000000076af80000,0x0000000771380000)
  from space 10752K, 98% used [0x0000000773a00000,0x000000077444e530,0x0000000774480000)
  to   space 10752K, 0% used [0x0000000772f80000,0x0000000772f80000,0x0000000773a00000)
 ParOldGen       total 284160K, used 164547K [0x00000006c0e00000, 0x00000006d2380000, 0x000000076af80000)
  object space 284160K, 57% used [0x00000006c0e00000,0x00000006caeb0e08,0x00000006d2380000)
 Metaspace       used 12824K, capacity 13410K, committed 13568K, reserved 1060864K
  class space    used 1779K, capacity 1927K, committed 2048K, reserved 1048576K
}
Event: 196.784 GC heap before
{Heap before GC invocations=6 (full 1):
 PSYoungGen      total 113152K, used 112953K [0x000000076af80000, 0x0000000774480000, 0x00000007c0000000)
  eden space 102400K, 100% used [0x000000076af80000,0x0000000771380000,0x0000000771380000)
  from space 10752K, 98% used [0x0000000773a00000,0x000000077444e530,0x0000000774480000)
  to   space 10752K, 0% used [0x0000000772f80000,0x0000000772f80000,0x0000000773a00000)
 ParOldGen       total 284160K, used 164547K [0x00000006c0e00000, 0x00000006d2380000, 0x000000076af80000)
  object space 284160K, 57% used [0x00000006c0e00000,0x00000006caeb0e08,0x00000006d2380000)
 Metaspace       used 18362K, capacity 19484K, committed 19840K, reserved 1067008K
  class space    used 2561K, capacity 2828K, committed 2944K, reserved 1048576K
Event: 196.794 GC heap after
Heap after GC invocations=6 (full 1):
 PSYoungGen      total 141824K, used 10743K [0x000000076af80000, 0x000000077d780000, 0x00000007c0000000)
  eden space 131072K, 0% used [0x000000076af80000,0x000000076af80000,0x0000000772f80000)
  from space 10752K, 99% used [0x0000000772f80000,0x00000007739fde48,0x0000000773a00000)
  to   space 75264K, 0% used [0x0000000778e00000,0x0000000778e00000,0x000000077d780000)
 ParOldGen       total 284160K, used 183098K [0x00000006c0e00000, 0x00000006d2380000, 0x000000076af80000)
  object space 284160K, 64% used [0x00000006c0e00000,0x00000006cc0ceb70,0x00000006d2380000)
 Metaspace       used 18362K, capacity 19484K, committed 19840K, reserved 1067008K
  class space    used 2561K, capacity 2828K, committed 2944K, reserved 1048576K
}

Deoptimization events (10 events):
Event: 188.768 Thread 0x000000001f519000 Uncommon trap: reason=unstable_if action=reinterpret pc=0x00000000030d2238 method=java.util.concurrent.LinkedBlockingDeque.unlinkFirst()Ljava/lang/Object; @ 37
Event: 241.451 Thread 0x000000001f524000 Uncommon trap: reason=unstable_if action=reinterpret pc=0x0000000002d94f60 method=java.lang.StrictMath.floorOrCeil(DDDD)D @ 38
Event: 241.451 Thread 0x000000001f524000 Uncommon trap: reason=unstable_if action=reinterpret pc=0x0000000002d2fd1c method=javafx.scene.Node.impl_getPeer()Lcom/sun/javafx/sg/prism/NGNode; @ 41
Event: 241.454 Thread 0x000000001f524000 Uncommon trap: reason=unstable_if action=reinterpret pc=0x0000000003250078 method=java.util.WeakHashMap.expungeStaleEntries()V @ 9
Event: 241.463 Thread 0x000000001f524000 Uncommon trap: reason=unstable_if action=reinterpret pc=0x0000000002ebab30 method=javafx.scene.Scene$ScenePulseListener.pulse()V @ 24
Event: 241.467 Thread 0x000000001e67c000 Uncommon trap: reason=unstable_if action=reinterpret pc=0x0000000003302a9c method=com.sun.prism.impl.ps.BaseShaderGraphics.initLCDSampleRT()V @ 34
Event: 289.108 Thread 0x000000002b0a5800 Uncommon trap: reason=unstable_if action=reinterpret pc=0x00000000030c15dc method=java.util.concurrent.locks.ReentrantLock$NonfairSync.lock()V @ 6
Event: 289.108 Thread 0x000000002b0a5800 Uncommon trap: reason=unstable_if action=reinterpret pc=0x0000000002de5c98 method=java.util.concurrent.locks.ReentrantLock$Sync.nonfairTryAcquire(I)Z @ 10
Event: 289.108 Thread 0x000000002b0a5800 Uncommon trap: reason=unstable_if action=reinterpret pc=0x0000000002d75308 method=java.util.concurrent.locks.ReentrantLock$Sync.tryRelease(I)Z @ 28
Event: 289.108 Thread 0x000000001e67c000 Uncommon trap: reason=unstable_if action=reinterpret pc=0x0000000002b8fcd8 method=java.util.concurrent.locks.AbstractQueuedSynchronizer$ConditionObject.checkInterruptWhileWaiting(Ljava/util/concurrent/locks/AbstractQueuedSynchronizer$Node;)I @ 3

Classes redefined (0 events):
No events

Internal exceptions (10 events):
Event: 0.209 Thread 0x00000000028b3000 Exception <a 'java/lang/NullPointerException'> (0x000000076b571da8) thrown at [C:\re\workspace\8-2-build-windows-amd64-cygwin\jdk8u201\12322\hotspot\src\share\vm\interpreter\linkResolver.cpp, line 1185]
Event: 0.227 Thread 0x00000000028b3000 Implicit null exception at 0x0000000002ad5a95 to 0x0000000002ad5c65
Event: 0.635 Thread 0x000000001f524000 Exception <a 'java/lang/NullPointerException'> (0x000000076c4861e0) thrown at [C:\re\workspace\8-2-build-windows-amd64-cygwin\jdk8u201\12322\hotspot\src\share\vm\interpreter\linkResolver.cpp, line 1185]
Event: 0.635 Thread 0x000000001f524000 Exception <a 'java/lang/NullPointerException'> (0x000000076c4861e0) thrown at [C:\re\workspace\8-2-build-windows-amd64-cygwin\jdk8u201\12322\hotspot\src\share\vm\prims\jvm.cpp, line 1506]
Event: 1.463 Thread 0x000000001f524000 Exception <a 'java/lang/UnsatisfiedLinkError': com.sun.media.jfxmediaimpl.NativeAudioClip.nacInit()Z> (0x000000076cfbbc40) thrown at [C:\re\workspace\8-2-build-windows-amd64-cygwin\jdk8u201\12322\hotspot\src\share\vm\prims\nativeLookup.cpp, line 378]
Event: 1.463 Thread 0x000000001f524000 Exception <a 'java/lang/UnsatisfiedLinkError': com.sun.media.jfxmedia.logging.Logger.nativeSetNativeLevel(I)V> (0x000000076cfc0468) thrown at [C:\re\workspace\8-2-build-windows-amd64-cygwin\jdk8u201\12322\hotspot\src\share\vm\prims\nativeLookup.cpp, line 
Event: 1.476 Thread 0x000000001f524000 Implicit null exception at 0x0000000002bd8596 to 0x0000000002bd8939
Event: 2.542 Thread 0x000000001f524000 Implicit null exception at 0x0000000002ce4936 to 0x0000000002ce5acd
Event: 241.467 Thread 0x000000001e67c000 Implicit null exception at 0x0000000003300851 to 0x0000000003302a2d
Event: 289.108 Thread 0x000000002b0a5800 Exception <a 'java/lang/IllegalStateException'> (0x000000076d9d67e0) thrown at [C:\re\workspace\8-2-build-windows-amd64-cygwin\jdk8u201\12322\hotspot\src\share\vm\prims\jvm.cpp, line 1506]

Events (10 events):
Event: 289.108 Thread 0x000000002b0a5800 DEOPT UNPACKING pc=0x00000000029f583b sp=0x000000002e5ae110 mode 2
Event: 289.108 Thread 0x000000001e67c000 Uncommon trap: trap_request=0xffffff65 fr.pc=0x0000000002b8fcd8
Event: 289.108 Thread 0x000000001e67c000 DEOPT PACKING pc=0x0000000002b8fcd8 sp=0x000000001fdeefb0
Event: 289.108 Thread 0x000000001e67c000 DEOPT UNPACKING pc=0x00000000029f583b sp=0x000000001fdeef10 mode 2
Event: 289.108 loading class com/sun/javafx/tk/quantum/QuantumToolkit
Event: 289.108 loading class com/sun/javafx/tk/quantum/QuantumToolkit done
Event: 289.108 loading class java/util/LinkedList$ListItr
Event: 289.108 loading class java/util/LinkedList$ListItr done
Event: 289.108 Thread 0x000000002b0a5800 Thread exited: 0x000000002b0a5800
Event: 289.108 Executing VM operation: Exit


Dynamic libraries:
0x00007ff628700000 - 0x00007ff628737000 	C:\Program Files\Java\jdk1.8.0_201\bin\java.exe
0x00007ffd8d5b0000 - 0x00007ffd8d791000 	C:\WINDOWS\SYSTEM32\ntdll.dll
0x00007ffd8cd70000 - 0x00007ffd8ce21000 	C:\WINDOWS\System32\KERNEL32.DLL
0x00007ffd8a7c0000 - 0x00007ffd8aa33000 	C:\WINDOWS\System32\KERNELBASE.dll
0x00007ffd8bea0000 - 0x00007ffd8bf41000 	C:\WINDOWS\System32\ADVAPI32.dll
0x00007ffd8c850000 - 0x00007ffd8c8ee000 	C:\WINDOWS\System32\msvcrt.dll
0x00007ffd8d4c0000 - 0x00007ffd8d51b000 	C:\WINDOWS\System32\sechost.dll
0x00007ffd8ce60000 - 0x00007ffd8cf84000 	C:\WINDOWS\System32\RPCRT4.dll
0x00007ffd8bf60000 - 0x00007ffd8c0f0000 	C:\WINDOWS\System32\USER32.dll
0x00007ffd8a580000 - 0x00007ffd8a5a0000 	C:\WINDOWS\System32\win32u.dll
0x00007ffd8cd30000 - 0x00007ffd8cd58000 	C:\WINDOWS\System32\GDI32.dll
0x00007ffd8a620000 - 0x00007ffd8a7b2000 	C:\WINDOWS\System32\gdi32full.dll
0x00007ffd89980000 - 0x00007ffd89a1f000 	C:\WINDOWS\System32\msvcp_win.dll
0x00007ffd89d70000 - 0x00007ffd89e68000 	C:\WINDOWS\System32\ucrtbase.dll
0x00007ffd7df40000 - 0x00007ffd7e1a9000 	C:\WINDOWS\WinSxS\amd64_microsoft.windows.common-controls_6595b64144ccf1df_6.0.17134.706_none_fb43a2cb30647007\COMCTL32.dll
0x00007ffd8c0f0000 - 0x00007ffd8c412000 	C:\WINDOWS\System32\combase.dll
0x00007ffd8a5a0000 - 0x00007ffd8a61a000 	C:\WINDOWS\System32\bcryptPrimitives.dll
0x00007ffd8ce30000 - 0x00007ffd8ce5d000 	C:\WINDOWS\System32\IMM32.DLL
0x00000000727a0000 - 0x0000000072871000 	C:\Program Files\Java\jdk1.8.0_201\jre\bin\msvcr100.dll
0x0000000071ef0000 - 0x0000000072794000 	C:\Program Files\Java\jdk1.8.0_201\jre\bin\server\jvm.dll
0x00007ffd8bf50000 - 0x00007ffd8bf58000 	C:\WINDOWS\System32\PSAPI.DLL
0x00007ffd85ea0000 - 0x00007ffd85ea9000 	C:\WINDOWS\SYSTEM32\WSOCK32.dll
0x00007ffd7fd70000 - 0x00007ffd7fd93000 	C:\WINDOWS\SYSTEM32\WINMM.dll
0x00007ffd84d20000 - 0x00007ffd84d2a000 	C:\WINDOWS\SYSTEM32\VERSION.dll
0x00007ffd8c970000 - 0x00007ffd8c9dc000 	C:\WINDOWS\System32\WS2_32.dll
0x00007ffd7f680000 - 0x00007ffd7f6aa000 	C:\WINDOWS\SYSTEM32\WINMMBASE.dll
0x00007ffd89c70000 - 0x00007ffd89cb9000 	C:\WINDOWS\System32\cfgmgr32.dll
0x00007ffd86740000 - 0x00007ffd8674f000 	C:\Program Files\Java\jdk1.8.0_201\jre\bin\verify.dll
0x00007ffd7f310000 - 0x00007ffd7f339000 	C:\Program Files\Java\jdk1.8.0_201\jre\bin\java.dll
0x00007ffd7f260000 - 0x00007ffd7f283000 	C:\Program Files\Java\jdk1.8.0_201\jre\bin\instrument.dll
0x00007ffd7f2f0000 - 0x00007ffd7f306000 	C:\Program Files\Java\jdk1.8.0_201\jre\bin\zip.dll
0x00007ffd8aa60000 - 0x00007ffd8bea0000 	C:\WINDOWS\System32\SHELL32.dll
0x00007ffd8cc20000 - 0x00007ffd8ccc9000 	C:\WINDOWS\System32\shcore.dll
0x00007ffd89e70000 - 0x00007ffd8a57d000 	C:\WINDOWS\System32\windows.storage.dll
0x00007ffd8c670000 - 0x00007ffd8c6c1000 	C:\WINDOWS\System32\shlwapi.dll
0x00007ffd89940000 - 0x00007ffd89951000 	C:\WINDOWS\System32\kernel.appcore.dll
0x00007ffd89960000 - 0x00007ffd8997f000 	C:\WINDOWS\System32\profapi.dll
0x00007ffd898f0000 - 0x00007ffd8993c000 	C:\WINDOWS\System32\powrprof.dll
0x00007ffd898c0000 - 0x00007ffd898ca000 	C:\WINDOWS\System32\FLTLIB.DLL
0x00007ffd7b380000 - 0x00007ffd7b39a000 	C:\Program Files\JetBrains\IntelliJ IDEA Community Edition 2018.3.4\bin\breakgen64.dll
0x00007ffd7f2c0000 - 0x00007ffd7f2da000 	C:\Program Files\Java\jdk1.8.0_201\jre\bin\net.dll
0x00007ffd80990000 - 0x00007ffd80b58000 	C:\WINDOWS\SYSTEM32\urlmon.dll
0x00007ffd80230000 - 0x00007ffd804d6000 	C:\WINDOWS\SYSTEM32\iertutil.dll
0x00007ffd892b0000 - 0x00007ffd892bb000 	C:\WINDOWS\SYSTEM32\CRYPTBASE.DLL
0x00007ffd890e0000 - 0x00007ffd89146000 	C:\WINDOWS\system32\mswsock.dll
0x000000001f270000 - 0x000000001f273000 	C:\Program Files\Java\jdk1.8.0_201\jre\bin\api-ms-win-core-console-l1-1-0.dll
0x000000001f280000 - 0x000000001f283000 	C:\Program Files\Java\jdk1.8.0_201\jre\bin\api-ms-win-core-datetime-l1-1-0.dll
0x000000001f290000 - 0x000000001f293000 	C:\Program Files\Java\jdk1.8.0_201\jre\bin\api-ms-win-core-debug-l1-1-0.dll
0x000000001f2a0000 - 0x000000001f2a3000 	C:\Program Files\Java\jdk1.8.0_201\jre\bin\api-ms-win-core-errorhandling-l1-1-0.dll
0x000000001f2b0000 - 0x000000001f2b4000 	C:\Program Files\Java\jdk1.8.0_201\jre\bin\api-ms-win-core-file-l1-1-0.dll
0x000000001f2c0000 - 0x000000001f2c3000 	C:\Program Files\Java\jdk1.8.0_201\jre\bin\api-ms-win-core-file-l1-2-0.dll
0x000000001f2d0000 - 0x000000001f2d3000 	C:\Program Files\Java\jdk1.8.0_201\jre\bin\api-ms-win-core-file-l2-1-0.dll
0x000000001f2e0000 - 0x000000001f2e3000 	C:\Program Files\Java\jdk1.8.0_201\jre\bin\api-ms-win-core-handle-l1-1-0.dll
0x000000001f2f0000 - 0x000000001f2f3000 	C:\Program Files\Java\jdk1.8.0_201\jre\bin\api-ms-win-core-heap-l1-1-0.dll
0x000000001f300000 - 0x000000001f303000 	C:\Program Files\Java\jdk1.8.0_201\jre\bin\api-ms-win-core-interlocked-l1-1-0.dll
0x000000001f310000 - 0x000000001f313000 	C:\Program Files\Java\jdk1.8.0_201\jre\bin\api-ms-win-core-libraryloader-l1-1-0.dll
0x000000001f320000 - 0x000000001f323000 	C:\Program Files\Java\jdk1.8.0_201\jre\bin\api-ms-win-core-localization-l1-2-0.dll
0x000000001f330000 - 0x000000001f333000 	C:\Program Files\Java\jdk1.8.0_201\jre\bin\api-ms-win-core-memory-l1-1-0.dll
0x000000001f340000 - 0x000000001f343000 	C:\Program Files\Java\jdk1.8.0_201\jre\bin\api-ms-win-core-namedpipe-l1-1-0.dll
0x000000001f350000 - 0x000000001f353000 	C:\Program Files\Java\jdk1.8.0_201\jre\bin\api-ms-win-core-processenvironment-l1-1-0.dll
0x000000001f360000 - 0x000000001f363000 	C:\Program Files\Java\jdk1.8.0_201\jre\bin\api-ms-win-core-processthreads-l1-1-0.dll
0x000000001f370000 - 0x000000001f373000 	C:\Program Files\Java\jdk1.8.0_201\jre\bin\api-ms-win-core-processthreads-l1-1-1.dll
0x000000001f380000 - 0x000000001f383000 	C:\Program Files\Java\jdk1.8.0_201\jre\bin\api-ms-win-core-profile-l1-1-0.dll
0x000000001f390000 - 0x000000001f393000 	C:\Program Files\Java\jdk1.8.0_201\jre\bin\api-ms-win-core-rtlsupport-l1-1-0.dll
0x000000001f3a0000 - 0x000000001f3a3000 	C:\Program Files\Java\jdk1.8.0_201\jre\bin\api-ms-win-core-string-l1-1-0.dll
0x000000001f3b0000 - 0x000000001f3b3000 	C:\Program Files\Java\jdk1.8.0_201\jre\bin\api-ms-win-core-synch-l1-1-0.dll
0x000000001f3c0000 - 0x000000001f3c3000 	C:\Program Files\Java\jdk1.8.0_201\jre\bin\api-ms-win-core-synch-l1-2-0.dll
0x000000001f3d0000 - 0x000000001f3d3000 	C:\Program Files\Java\jdk1.8.0_201\jre\bin\api-ms-win-core-sysinfo-l1-1-0.dll
0x000000001f3e0000 - 0x000000001f3e3000 	C:\Program Files\Java\jdk1.8.0_201\jre\bin\api-ms-win-core-timezone-l1-1-0.dll
0x000000001f3f0000 - 0x000000001f3f3000 	C:\Program Files\Java\jdk1.8.0_201\jre\bin\api-ms-win-core-util-l1-1-0.dll
0x000000001f400000 - 0x000000001f403000 	C:\Program Files\Java\jdk1.8.0_201\jre\bin\api-ms-win-crt-conio-l1-1-0.dll
0x000000001f410000 - 0x000000001f414000 	C:\Program Files\Java\jdk1.8.0_201\jre\bin\api-ms-win-crt-convert-l1-1-0.dll
0x000000001f420000 - 0x000000001f423000 	C:\Program Files\Java\jdk1.8.0_201\jre\bin\api-ms-win-crt-environment-l1-1-0.dll
0x000000001f430000 - 0x000000001f433000 	C:\Program Files\Java\jdk1.8.0_201\jre\bin\api-ms-win-crt-filesystem-l1-1-0.dll
0x000000001f440000 - 0x000000001f443000 	C:\Program Files\Java\jdk1.8.0_201\jre\bin\api-ms-win-crt-heap-l1-1-0.dll
0x000000001f450000 - 0x000000001f453000 	C:\Program Files\Java\jdk1.8.0_201\jre\bin\api-ms-win-crt-locale-l1-1-0.dll
0x000000001f460000 - 0x000000001f465000 	C:\Program Files\Java\jdk1.8.0_201\jre\bin\api-ms-win-crt-math-l1-1-0.dll
0x000000001f470000 - 0x000000001f475000 	C:\Program Files\Java\jdk1.8.0_201\jre\bin\api-ms-win-crt-multibyte-l1-1-0.dll
0x000000001f480000 - 0x000000001f490000 	C:\Program Files\Java\jdk1.8.0_201\jre\bin\api-ms-win-crt-private-l1-1-0.dll
0x000000001f490000 - 0x000000001f493000 	C:\Program Files\Java\jdk1.8.0_201\jre\bin\api-ms-win-crt-process-l1-1-0.dll
0x000000001f4a0000 - 0x000000001f4a4000 	C:\Program Files\Java\jdk1.8.0_201\jre\bin\api-ms-win-crt-runtime-l1-1-0.dll
0x000000001f4b0000 - 0x000000001f4b4000 	C:\Program Files\Java\jdk1.8.0_201\jre\bin\api-ms-win-crt-stdio-l1-1-0.dll
0x000000001f4c0000 - 0x000000001f4c4000 	C:\Program Files\Java\jdk1.8.0_201\jre\bin\api-ms-win-crt-string-l1-1-0.dll
0x000000001f4d0000 - 0x000000001f4d3000 	C:\Program Files\Java\jdk1.8.0_201\jre\bin\api-ms-win-crt-time-l1-1-0.dll
0x000000001f4e0000 - 0x000000001f4e3000 	C:\Program Files\Java\jdk1.8.0_201\jre\bin\api-ms-win-crt-utility-l1-1-0.dll
0x00007ffd7a9c0000 - 0x00007ffd7aab6000 	C:\Program Files\Java\jdk1.8.0_201\jre\bin\ucrtbase.dll
0x00007ffd7a9a0000 - 0x00007ffd7a9b6000 	C:\Program Files\Java\jdk1.8.0_201\jre\bin\vcruntime140.dll
0x00007ffd714a0000 - 0x00007ffd7153c000 	C:\Program Files\Java\jdk1.8.0_201\jre\bin\msvcp140.dll
0x00007ffd7a940000 - 0x00007ffd7a991000 	C:\Program Files\Java\jdk1.8.0_201\jre\bin\concrt140.dll
0x00007ffd7a740000 - 0x00007ffd7a763000 	C:\Program Files\Java\jdk1.8.0_201\jre\bin\prism_d3d.dll
0x00007ffd51730000 - 0x00007ffd518c7000 	C:\WINDOWS\system32\d3d9.dll
0x00007ffd88050000 - 0x00007ffd88079000 	C:\WINDOWS\SYSTEM32\dwmapi.dll
0x00007ffd87f80000 - 0x00007ffd88018000 	C:\WINDOWS\system32\uxtheme.dll
0x00007ffd6f0e0000 - 0x00007ffd6f1ca000 	C:\WINDOWS\System32\DriverStore\FileRepository\nv_ref_pubwu.inf_amd64_2e7fa54192fe16d0\nvldumdx.dll
0x00007ffd89a20000 - 0x00007ffd89c02000 	C:\WINDOWS\System32\crypt32.dll
0x00007ffd898d0000 - 0x00007ffd898e2000 	C:\WINDOWS\System32\MSASN1.dll
0x00007ffd89c10000 - 0x00007ffd89c67000 	C:\WINDOWS\System32\WINTRUST.DLL
0x00007ffd8aa40000 - 0x00007ffd8aa5d000 	C:\WINDOWS\System32\imagehlp.dll
0x00007ffd89290000 - 0x00007ffd892a7000 	C:\WINDOWS\SYSTEM32\CRYPTSP.dll
0x00007ffd88cc0000 - 0x00007ffd88cf3000 	C:\WINDOWS\system32\rsaenh.dll
0x00007ffd89420000 - 0x00007ffd89445000 	C:\WINDOWS\SYSTEM32\bcrypt.dll
0x00007ffd1ae40000 - 0x00007ffd1c016000 	C:\WINDOWS\System32\DriverStore\FileRepository\nv_ref_pubwu.inf_amd64_2e7fa54192fe16d0\nvd3dumx.dll
0x00007ffd7c5c0000 - 0x00007ffd7c791000 	C:\WINDOWS\system32\nvspcap64.dll
0x00007ffd8c420000 - 0x00007ffd8c571000 	C:\WINDOWS\System32\ole32.dll
0x00007ffd8cf90000 - 0x00007ffd8d052000 	C:\WINDOWS\System32\OLEAUT32.dll
0x00007ffd8d060000 - 0x00007ffd8d4ab000 	C:\WINDOWS\System32\SETUPAPI.dll
0x00007ffd83f30000 - 0x00007ffd8400d000 	C:\WINDOWS\SYSTEM32\WINHTTP.dll
0x00007ffd85ee0000 - 0x00007ffd85ef3000 	C:\WINDOWS\SYSTEM32\WTSAPI32.dll
0x00007ffd7c810000 - 0x00007ffd7cc90000 	C:\WINDOWS\system32\nvapi64.dll
0x00007ffd88680000 - 0x00007ffd8873b000 	C:\WINDOWS\SYSTEM32\dxgi.dll
0x00007ffd896d0000 - 0x00007ffd896f7000 	C:\WINDOWS\SYSTEM32\DEVOBJ.dll
0x00007ffd70610000 - 0x00007ffd70659000 	C:\Program Files\Java\jdk1.8.0_201\jre\bin\glass.dll
0x00007ffd8c580000 - 0x00007ffd8c66d000 	C:\WINDOWS\System32\COMDLG32.dll
0x00007ffd8c6d0000 - 0x00007ffd8c843000 	C:\WINDOWS\System32\MSCTF.dll
0x00007ffd6a420000 - 0x00007ffd6a50b000 	C:\Program Files (x86)\NVIDIA Corporation\3D Vision\nvSCPAPI64.dll
0x00007ffd8cb80000 - 0x00007ffd8cc20000 	C:\WINDOWS\System32\clbcatq.dll
0x00007ffd89720000 - 0x00007ffd897ba000 	C:\WINDOWS\SYSTEM32\sxs.dll
0x00007ffd70fd0000 - 0x00007ffd70fe4000 	C:\Program Files\Java\jdk1.8.0_201\jre\bin\javafx_font.dll
0x00007ffd69c00000 - 0x00007ffd69f1c000 	C:\WINDOWS\SYSTEM32\dwrite.dll
0x00007ffd705a0000 - 0x00007ffd705c6000 	C:\Program Files\Java\jdk1.8.0_201\jre\bin\javafx_iio.dll
0x00007ffd6a370000 - 0x00007ffd6a413000 	C:\Program Files\Java\jdk1.8.0_201\jre\bin\glib-lite.dll
0x00007ffd5a0b0000 - 0x00007ffd5a190000 	C:\Program Files\Java\jdk1.8.0_201\jre\bin\gstreamer-lite.dll
0x00007ffd6a2e0000 - 0x00007ffd6a36f000 	C:\WINDOWS\SYSTEM32\DSOUND.dll
0x00007ffd69ab0000 - 0x00007ffd69ad7000 	C:\Program Files\Java\jdk1.8.0_201\jre\bin\jfxmedia.dll
0x00007ffd70ae0000 - 0x00007ffd70c8e000 	C:\WINDOWS\SYSTEM32\WindowsCodecs.dll
0x00007ffd62fc0000 - 0x00007ffd63018000 	C:\WINDOWS\system32\dataexchange.dll
0x00007ffd86cb0000 - 0x00007ffd86fbb000 	C:\WINDOWS\system32\d3d11.dll
0x00007ffd87590000 - 0x00007ffd8772c000 	C:\WINDOWS\system32\dcomp.dll

VM Arguments:
jvm_args: -javaagent:C:\Program Files\JetBrains\IntelliJ IDEA Community Edition 2018.3.4\lib\idea_rt.jar=57331:C:\Program Files\JetBrains\IntelliJ IDEA Community Edition 2018.3.4\bin -Dfile.encoding=UTF-8 
java_command: ClientFX
java_class_path (initial): C:\Program Files\Java\jdk1.8.0_201\jre\lib\charsets.jar;C:\Program Files\Java\jdk1.8.0_201\jre\lib\deploy.jar;C:\Program Files\Java\jdk1.8.0_201\jre\lib\ext\access-bridge-64.jar;C:\Program Files\Java\jdk1.8.0_201\jre\lib\ext\cldrdata.jar;C:\Program Files\Java\jdk1.8.0_201\jre\lib\ext\dnsns.jar;C:\Program Files\Java\jdk1.8.0_201\jre\lib\ext\jaccess.jar;C:\Program Files\Java\jdk1.8.0_201\jre\lib\ext\jfxrt.jar;C:\Program Files\Java\jdk1.8.0_201\jre\lib\ext\localedata.jar;C:\Program Files\Java\jdk1.8.0_201\jre\lib\ext\nashorn.jar;C:\Program Files\Java\jdk1.8.0_201\jre\lib\ext\sunec.jar;C:\Program Files\Java\jdk1.8.0_201\jre\lib\ext\sunjce_provider.jar;C:\Program Files\Java\jdk1.8.0_201\jre\lib\ext\sunmscapi.jar;C:\Program Files\Java\jdk1.8.0_201\jre\lib\ext\sunpkcs11.jar;C:\Program Files\Java\jdk1.8.0_201\jre\lib\ext\zipfs.jar;C:\Program Files\Java\jdk1.8.0_201\jre\lib\javaws.jar;C:\Program Files\Java\jdk1.8.0_201\jre\lib\jce.jar;C:\Program Files\Java\jdk1.8.0_201\jre\lib\jfr.jar;C:\Program Files\Java\jdk1.8.0_201\jre\lib\jfxswt.jar;C:\Program Files\Java\jdk1.8.0_201\jre\lib\jsse.jar;C:\Program Files\Java\jdk1.8.0_201\jre\lib\management-agent.jar;C:\Program Files\Java\jdk1.8.0_201\jre\lib\plugin.jar;C:\Program Files\Java\jdk1.8.0_201\jre\lib\resources.jar;C:\Program Files\Java\jdk1.8.0_201\jre\lib\rt.jar;D:\documents\GitHub\Project5\Client\out\production\Client;C:\Program Files\JetBrains\IntelliJ IDEA Community Edition 2018.3.4\lib\idea_rt.jar
Launcher Type: SUN_STANDARD

Environment Variables:
PATH=C:\Program Files (x86)\Common Files\Oracle\Java\javapath;C:\ProgramData\Oracle\Java\javapath;C:\Windows\system32;C:\Windows;C:\Windows\System32\Wbem;C:\Windows\System32\WindowsPowerShell\v1.0\;C:\Program Files (x86)\NVIDIA Corporation\PhysX\Common;C:\WINDOWS\system32;C:\WINDOWS;C:\WINDOWS\System32\Wbem;C:\WINDOWS\System32\WindowsPowerShell\v1.0\;C:\WINDOWS\System32\OpenSSH\;C:\Program Files\PuTTY\;D:\Program Files\Git\cmd;C:\Program Files\nodejs\;C:\Users\Eugenio\AppData\Local\Microsoft\WindowsApps;C:\Users\Eugenio\AppData\Local\Programs\Microsoft VS Code\bin;C:\Users\Eugenio\AppData\Local\GitHubDesktop\bin;C:\Users\Eugenio\AppData\Roaming\npm
USERNAME=Eugenio
OS=Windows_NT
PROCESSOR_IDENTIFIER=Intel64 Family 6 Model 58 Stepping 9, GenuineIntel



---------------  S Y S T E M  ---------------

OS: Windows 10.0 , 64 bit Build 17134 (10.0.17134.706)

CPU:total 8 (initial active 8) (4 cores per cpu, 2 threads per core) family 6 model 58 stepping 9, cmov, cx8, fxsr, mmx, sse, sse2, sse3, ssse3, sse4.1, sse4.2, popcnt, avx, clmul, erms, ht, tsc, tscinvbit, tscinv

Memory: 4k page, physical 16712684k(8213516k free), swap 25625580k(8946556k free)

vm_info: Java HotSpot(TM) 64-Bit Server VM (25.201-b09) for windows-amd64 JRE (1.8.0_201-b09), built on Dec 15 2018 18:36:39 by "java_re" with MS VC++ 10.0 (VS2010)

time: Sun May 05 14:14:29 2019
timezone: Central Daylight Time
elapsed time: 289 seconds (0d 0h 4m 49s)

