#
# A fatal error has been detected by the Java Runtime Environment:
#
#  EXCEPTION_ACCESS_VIOLATION (0xc0000005) at pc=0x00007ffd69ab78b0, pid=15368, tid=0x0000000000002104
#
# JRE version: Java(TM) SE Runtime Environment (8.0_201-b09) (build 1.8.0_201-b09)
# Java VM: Java HotSpot(TM) 64-Bit Server VM (25.201-b09 mixed mode windows-amd64 compressed oops)
# Problematic frame:
# C  [glass.dll+0x278b0]
#
# Failed to write core dump. Minidumps are not enabled by default on client versions of Windows
#
# If you would like to submit a bug report, please visit:
#   http://bugreport.java.com/bugreport/crash.jsp
#

---------------  T H R E A D  ---------------

Current thread (0x000000001ccf8800):  VMThread [stack: 0x000000001e9e0000,0x000000001eae0000] [id=8452]

siginfo: ExceptionCode=0xc0000005, reading address 0x0000000000000000

Registers:
RAX=0x0000000000000000, RBX=0x000000001fbb1660, RCX=0x000000001ccf8800, RDX=0x00000000725214d8
RSP=0x000000001eadf460, RBP=0x0000000001100a48, RSI=0x0000000001100a20, RDI=0x0000203e1dd9a951
R8 =0x0000000000010002, R9 =0x0000000000000011, R10=0x0000203e1dd9a951, R11=0x0000000020c33880
R12=0x0000000000000000, R13=0x0000000000000040, R14=0x000000001eadf578, R15=0x0000000001100a20
RIP=0x00007ffd69ab78b0, EFLAGS=0x0000000000010202

Top of Stack: (sp=0x000000001eadf460)
0x000000001eadf460:   0000000000000000 00007ffd89d788db
0x000000001eadf470:   0000000001100a30 0000000001100a30
0x000000001eadf480:   fffffffffffffffe 00007ffd69acc1b0
0x000000001eadf490:   0000000001100a28 00007ffd89d7fcb3
0x000000001eadf4a0:   0000000001100a40 00007ffd00000000
0x000000001eadf4b0:   0000b52e8551ae7f 00000000256c0b10
0x000000001eadf4c0:   fffffffffffffffe 00007ffd89d7fb5d
0x000000001eadf4d0:   0000000000000001 00007ffd69a90000
0x000000001eadf4e0:   0000000002e41638 00007ffd69ab48dc
0x000000001eadf4f0:   000000001eadf568 00007ffd89d7f967
0x000000001eadf500:   0000000000000000 000000001eadf578
0x000000001eadf510:   00000000031bb540 00007ffd89e5a080
0x000000001eadf520:   0000000000000000 00007ffd89d7f924
0x000000001eadf530:   0000000000000000 0000000000000001
0x000000001eadf540:   00000000256c0b10 000000001eadf568
0x000000001eadf550:   0000000000000001 00007ffd69ab4752 

Instructions: (pc=0x00007ffd69ab78b0)
0x00007ffd69ab7890:   40 53 48 83 ec 30 48 c7 44 24 20 fe ff ff ff 48
0x00007ffd69ab78a0:   8b 1d 7a 72 01 00 48 85 db 74 16 e8 00 81 ff ff
0x00007ffd69ab78b0:   4c 8b 00 48 8b d3 48 8b c8 41 ff 90 b0 00 00 00
0x00007ffd69ab78c0:   90 48 83 c4 30 5b c3 cc cc cc cc cc cc cc cc cc 


Register to memory mapping:

RAX=0x0000000000000000 is an unknown value
RBX=0x000000001fbb1660 is a global jni handle
RCX=0x000000001ccf8800 is an unknown value
RDX=0x00000000725214d8 is an unknown value
RSP=0x000000001eadf460 is an unknown value
RBP=0x0000000001100a48 is an unknown value
RSI=0x0000000001100a20 is an unknown value
RDI=0x0000203e1dd9a951 is an unknown value
R8 =0x0000000000010002 is an unknown value
R9 =0x0000000000000011 is an unknown value
R10=0x0000203e1dd9a951 is an unknown value
R11=0x0000000020c33880 is an unknown value
R12=0x0000000000000000 is an unknown value
R13=0x0000000000000040 is an unknown value
R14=0x000000001eadf578 is an unknown value
R15=0x0000000001100a20 is an unknown value


Stack: [0x000000001e9e0000,0x000000001eae0000],  sp=0x000000001eadf460,  free space=1021k
Native frames: (J=compiled Java code, j=interpreted, Vv=VM code, C=native code)
C  [glass.dll+0x278b0]
C  [ucrtbase.dll+0xfcb3]
C  [ucrtbase.dll+0xf967]
C  [ucrtbase.dll+0xf924]
C  [glass.dll+0x24752]
C  [glass.dll+0x24850]
C  [ntdll.dll+0x3b583]
C  [ntdll.dll+0x47f85]
C  [ntdll.dll+0x47e48]
C  [KERNEL32.DLL+0x1ca7a]
C  [msvcr100.dll+0x20cf5]
V  [jvm.dll+0x213ed5]
V  [jvm.dll+0x24d407]
V  [jvm.dll+0x24c6a6]
V  [jvm.dll+0x24cb41]
V  [jvm.dll+0x24cd5e]
V  [jvm.dll+0x29fb6a]
C  [msvcr100.dll+0x21db7]
C  [msvcr100.dll+0x21e53]
C  [KERNEL32.DLL+0x14034]
C  [ntdll.dll+0x73691]

VM_Operation (0x000000002118ae10): Exit, mode: safepoint, requested by thread 0x000000001fc0c000


---------------  P R O C E S S  ---------------

Java Threads: ( => current thread )
  0x000000002b9d0800 JavaThread "Thread-6" [_thread_blocked, id=16708, stack(0x000000002f9f0000,0x000000002faf0000)]
  0x000000002b9d6800 JavaThread "Thread-4" daemon [_thread_in_native, id=15980, stack(0x000000002f8f0000,0x000000002f9f0000)]
  0x000000002b54d000 JavaThread "Media Resource Disposer" daemon [_thread_blocked, id=14608, stack(0x000000002c330000,0x000000002c430000)]
  0x000000001fc8f000 JavaThread "Prism Font Disposer" daemon [_thread_blocked, id=19312, stack(0x000000002ae60000,0x000000002af60000)]
  0x000000001fc37800 JavaThread "Thread-3" daemon [_thread_in_native, id=18004, stack(0x0000000029ad0000,0x0000000029bd0000)]
  0x000000001fc9c000 JavaThread "JavaFX-Launcher" [_thread_blocked, id=9488, stack(0x0000000029bd0000,0x0000000029cd0000)]
  0x000000001fc0c000 JavaThread "JavaFX Application Thread" [_thread_blocked, id=11040, stack(0x0000000021090000,0x0000000021190000)]
  0x000000001fbad000 JavaThread "Thread-1" daemon [_thread_blocked, id=17372, stack(0x0000000020d60000,0x0000000020e60000)]
  0x000000001fb97000 JavaThread "QuantumRenderer-0" daemon [_thread_blocked, id=19308, stack(0x0000000020560000,0x0000000020660000)]
  0x000000001eb5c800 JavaThread "Service Thread" daemon [_thread_blocked, id=19084, stack(0x000000001f8e0000,0x000000001f9e0000)]
  0x000000001eb55800 JavaThread "C1 CompilerThread3" daemon [_thread_blocked, id=19656, stack(0x000000001f7e0000,0x000000001f8e0000)]
  0x000000001eba9000 JavaThread "C2 CompilerThread2" daemon [_thread_blocked, id=17664, stack(0x000000001f6e0000,0x000000001f7e0000)]
  0x000000001eb54000 JavaThread "C2 CompilerThread1" daemon [_thread_blocked, id=14612, stack(0x000000001f5e0000,0x000000001f6e0000)]
  0x000000001eba3800 JavaThread "C2 CompilerThread0" daemon [_thread_blocked, id=8628, stack(0x000000001f4e0000,0x000000001f5e0000)]
  0x000000001eb36800 JavaThread "Monitor Ctrl-Break" daemon [_thread_in_native, id=19936, stack(0x000000001f3e0000,0x000000001f4e0000)]
  0x000000001eb13000 JavaThread "Attach Listener" daemon [_thread_blocked, id=19696, stack(0x000000001f2d0000,0x000000001f3d0000)]
  0x000000001eb12000 JavaThread "Signal Dispatcher" daemon [_thread_blocked, id=13292, stack(0x000000001f1d0000,0x000000001f2d0000)]
  0x000000001eb00800 JavaThread "Finalizer" daemon [_thread_blocked, id=16308, stack(0x000000001efe0000,0x000000001f0e0000)]
  0x000000001ccfd000 JavaThread "Reference Handler" daemon [_thread_blocked, id=14828, stack(0x000000001eee0000,0x000000001efe0000)]
  0x0000000003113000 JavaThread "main" [_thread_blocked, id=2232, stack(0x0000000002e90000,0x0000000002f90000)]

Other Threads:
=>0x000000001ccf8800 VMThread [stack: 0x000000001e9e0000,0x000000001eae0000] [id=8452]

VM state:at safepoint (shutting down)

VM Mutex/Monitor currently owned by a thread:  ([mutex/lock_event])
[0x0000000002e4e180] Threads_lock - owner thread: 0x000000001ccf8800

heap address: 0x00000006c0e00000, size: 4082 MB, Compressed Oops mode: Zero based, Oop shift amount: 3
Narrow klass base: 0x0000000000000000, Narrow klass shift: 3
Compressed class space size: 1073741824 Address: 0x00000007c0000000

Heap:
 PSYoungGen      total 147968K, used 145053K [0x000000076af80000, 0x000000077be80000, 0x00000007c0000000)
  eden space 136192K, 98% used [0x000000076af80000,0x0000000773214e78,0x0000000773480000)
  from space 11776K, 96% used [0x0000000773880000,0x00000007743927d0,0x0000000774400000)
  to   space 70656K, 0% used [0x0000000777980000,0x0000000777980000,0x000000077be80000)
 ParOldGen       total 285184K, used 183279K [0x00000006c0e00000, 0x00000006d2480000, 0x000000076af80000)
  object space 285184K, 64% used [0x00000006c0e00000,0x00000006cc0fbd30,0x00000006d2480000)
 Metaspace       used 18856K, capacity 19990K, committed 20224K, reserved 1067008K
  class space    used 2567K, capacity 2809K, committed 2816K, reserved 1048576K

Card table byte_map: [0x00000000125d0000,0x0000000012dd0000] byte_map_base: 0x000000000efc9000

Marking Bits: (ParMarkBitMap*) 0x0000000072714ce0
 Begin Bits: [0x0000000013b30000, 0x0000000017af8000)
 End Bits:   [0x0000000017af8000, 0x000000001bac0000)

Polling page: 0x0000000001570000

CodeCache: size=245760Kb used=12707Kb max_used=12717Kb free=233052Kb
 bounds [0x0000000003210000, 0x0000000003e90000, 0x0000000012210000]
 total_blobs=4366 nmethods=3696 adapters=582
 compilation: enabled

Compilation events (10 events):
Event: 1101.822 Thread 0x000000001eb55800 nmethod 4287 0x0000000003e732d0 code [0x0000000003e73420, 0x0000000003e73570]
Event: 1101.822 Thread 0x000000001eba9000 nmethod 4286 0x0000000003892f90 code [0x00000000038930c0, 0x0000000003893118]
Event: 1101.904 Thread 0x000000001eb55800 4288       1       com.sun.glass.ui.Application::GetApplication (4 bytes)
Event: 1101.904 Thread 0x000000001eb55800 nmethod 4288 0x0000000003e72f90 code [0x0000000003e730e0, 0x0000000003e731d0]
Event: 1101.915 Thread 0x000000001eb54000 4289       4       java.lang.Double::doubleToLongBits (33 bytes)
Event: 1101.915 Thread 0x000000001eb55800 4290       3       javafx.scene.paint.Color::hashCode (66 bytes)
Event: 1101.915 Thread 0x000000001eb55800 nmethod 4290 0x0000000003e7b550 code [0x0000000003e7b720, 0x0000000003e7b9c8]
Event: 1101.915 Thread 0x000000001eb55800 4291       3       javafx.scene.paint.Color::to32BitInteger (45 bytes)
Event: 1101.916 Thread 0x000000001eb54000 nmethod 4289 0x00000000038fcd90 code [0x00000000038fcec0, 0x00000000038fcf38]
Event: 1101.916 Thread 0x000000001eb55800 nmethod 4291 0x0000000003e7b210 code [0x0000000003e7b360, 0x0000000003e7b4b0]

GC Heap History (10 events):
Event: 172.733 GC heap before
{Heap before GC invocations=6 (full 1):
 PSYoungGen      total 110592K, used 110564K [0x000000076af80000, 0x0000000774480000, 0x00000007c0000000)
  eden space 99840K, 100% used [0x000000076af80000,0x0000000771100000,0x0000000771100000)
  from space 10752K, 99% used [0x0000000773a00000,0x00000007744793d8,0x0000000774480000)
  to   space 10752K, 0% used [0x0000000772f80000,0x0000000772f80000,0x0000000773a00000)
 ParOldGen       total 285184K, used 164343K [0x00000006c0e00000, 0x00000006d2480000, 0x000000076af80000)
  object space 285184K, 57% used [0x00000006c0e00000,0x00000006cae7df38,0x00000006d2480000)
 Metaspace       used 18465K, capacity 19532K, committed 19712K, reserved 1067008K
  class space    used 2554K, capacity 2798K, committed 2816K, reserved 1048576K
Event: 172.751 GC heap after
Heap after GC invocations=6 (full 1):
 PSYoungGen      total 141824K, used 10723K [0x000000076af80000, 0x000000077cf00000, 0x00000007c0000000)
  eden space 131072K, 0% used [0x000000076af80000,0x000000076af80000,0x0000000772f80000)
  from space 10752K, 99% used [0x0000000772f80000,0x00000007739f8ec0,0x0000000773a00000)
  to   space 74752K, 0% used [0x0000000778600000,0x0000000778600000,0x000000077cf00000)
 ParOldGen       total 285184K, used 183247K [0x00000006c0e00000, 0x00000006d2480000, 0x000000076af80000)
  object space 285184K, 64% used [0x00000006c0e00000,0x00000006cc0f3d30,0x00000006d2480000)
 Metaspace       used 18465K, capacity 19532K, committed 19712K, reserved 1067008K
  class space    used 2554K, capacity 2798K, committed 2816K, reserved 1048576K
}
Event: 695.996 GC heap before
{Heap before GC invocations=7 (full 1):
 PSYoungGen      total 141824K, used 141795K [0x000000076af80000, 0x000000077cf00000, 0x00000007c0000000)
  eden space 131072K, 100% used [0x000000076af80000,0x0000000772f80000,0x0000000772f80000)
  from space 10752K, 99% used [0x0000000772f80000,0x00000007739f8ec0,0x0000000773a00000)
  to   space 74752K, 0% used [0x0000000778600000,0x0000000778600000,0x000000077cf00000)
 ParOldGen       total 285184K, used 183247K [0x00000006c0e00000, 0x00000006d2480000, 0x000000076af80000)
  object space 285184K, 64% used [0x00000006c0e00000,0x00000006cc0f3d30,0x00000006d2480000)
 Metaspace       used 18693K, capacity 19850K, committed 19968K, reserved 1067008K
  class space    used 2562K, capacity 2807K, committed 2816K, reserved 1048576K
Event: 696.002 GC heap after
Heap after GC invocations=7 (full 1):
 PSYoungGen      total 219136K, used 10850K [0x000000076af80000, 0x000000077f300000, 0x00000007c0000000)
  eden space 144384K, 0% used [0x000000076af80000,0x000000076af80000,0x0000000773c80000)
  from space 74752K, 14% used [0x0000000778600000,0x0000000779098af0,0x000000077cf00000)
  to   space 75264K, 0% used [0x0000000773c80000,0x0000000773c80000,0x0000000778600000)
 ParOldGen       total 285184K, used 183255K [0x00000006c0e00000, 0x00000006d2480000, 0x000000076af80000)
  object space 285184K, 64% used [0x00000006c0e00000,0x00000006cc0f5d30,0x00000006d2480000)
 Metaspace       used 18693K, capacity 19850K, committed 19968K, reserved 1067008K
  class space    used 2562K, capacity 2807K, committed 2816K, reserved 1048576K
}
Event: 802.571 GC heap before
{Heap before GC invocations=8 (full 1):
 PSYoungGen      total 219136K, used 155234K [0x000000076af80000, 0x000000077f300000, 0x00000007c0000000)
  eden space 144384K, 100% used [0x000000076af80000,0x0000000773c80000,0x0000000773c80000)
  from space 74752K, 14% used [0x0000000778600000,0x0000000779098af0,0x000000077cf00000)
  to   space 75264K, 0% used [0x0000000773c80000,0x0000000773c80000,0x0000000778600000)
 ParOldGen       total 285184K, used 183255K [0x00000006c0e00000, 0x00000006d2480000, 0x000000076af80000)
  object space 285184K, 64% used [0x00000006c0e00000,0x00000006cc0f5d30,0x00000006d2480000)
 Metaspace       used 18787K, capacity 19914K, committed 19968K, reserved 1067008K
  class space    used 2562K, capacity 2807K, committed 2816K, reserved 1048576K
Event: 802.578 GC heap after
Heap after GC invocations=8 (full 1):
 PSYoungGen      total 219648K, used 10939K [0x000000076af80000, 0x000000077fa00000, 0x00000007c0000000)
  eden space 144384K, 0% used [0x000000076af80000,0x000000076af80000,0x0000000773c80000)
  from space 75264K, 14% used [0x0000000773c80000,0x000000077472efb0,0x0000000778600000)
  to   space 74240K, 0% used [0x000000077b180000,0x000000077b180000,0x000000077fa00000)
 ParOldGen       total 285184K, used 183263K [0x00000006c0e00000, 0x00000006d2480000, 0x000000076af80000)
  object space 285184K, 64% used [0x00000006c0e00000,0x00000006cc0f7d30,0x00000006d2480000)
 Metaspace       used 18787K, capacity 19914K, committed 19968K, reserved 1067008K
  class space    used 2562K, capacity 2807K, committed 2816K, reserved 1048576K
}
Event: 962.606 GC heap before
{Heap before GC invocations=9 (full 1):
 PSYoungGen      total 219648K, used 155323K [0x000000076af80000, 0x000000077fa00000, 0x00000007c0000000)
  eden space 144384K, 100% used [0x000000076af80000,0x0000000773c80000,0x0000000773c80000)
  from space 75264K, 14% used [0x0000000773c80000,0x000000077472efb0,0x0000000778600000)
  to   space 74240K, 0% used [0x000000077b180000,0x000000077b180000,0x000000077fa00000)
 ParOldGen       total 285184K, used 183263K [0x00000006c0e00000, 0x00000006d2480000, 0x000000076af80000)
  object space 285184K, 64% used [0x00000006c0e00000,0x00000006cc0f7d30,0x00000006d2480000)
 Metaspace       used 18828K, capacity 19978K, committed 20224K, reserved 1067008K
  class space    used 2562K, capacity 2807K, committed 2816K, reserved 1048576K
Event: 962.619 GC heap after
Heap after GC invocations=9 (full 1):
 PSYoungGen      total 161792K, used 11222K [0x000000076af80000, 0x000000077c680000, 0x00000007c0000000)
  eden space 140288K, 0% used [0x000000076af80000,0x000000076af80000,0x0000000773880000)
  from space 21504K, 52% used [0x000000077b180000,0x000000077bc758f0,0x000000077c680000)
  to   space 72704K, 0% used [0x0000000773880000,0x0000000773880000,0x0000000777f80000)
 ParOldGen       total 285184K, used 183271K [0x00000006c0e00000, 0x00000006d2480000, 0x000000076af80000)
  object space 285184K, 64% used [0x00000006c0e00000,0x00000006cc0f9d30,0x00000006d2480000)
 Metaspace       used 18828K, capacity 19978K, committed 20224K, reserved 1067008K
  class space    used 2562K, capacity 2807K, committed 2816K, reserved 1048576K
}
Event: 1030.635 GC heap before
{Heap before GC invocations=10 (full 1):
 PSYoungGen      total 161792K, used 151510K [0x000000076af80000, 0x000000077c680000, 0x00000007c0000000)
  eden space 140288K, 100% used [0x000000076af80000,0x0000000773880000,0x0000000773880000)
  from space 21504K, 52% used [0x000000077b180000,0x000000077bc758f0,0x000000077c680000)
  to   space 72704K, 0% used [0x0000000773880000,0x0000000773880000,0x0000000777f80000)
 ParOldGen       total 285184K, used 183271K [0x00000006c0e00000, 0x00000006d2480000, 0x000000076af80000)
  object space 285184K, 64% used [0x00000006c0e00000,0x00000006cc0f9d30,0x00000006d2480000)
 Metaspace       used 18828K, capacity 19978K, committed 20224K, reserved 1067008K
  class space    used 2562K, capacity 2807K, committed 2816K, reserved 1048576K
Event: 1030.640 GC heap after
Heap after GC invocations=10 (full 1):
 PSYoungGen      total 147968K, used 11337K [0x000000076af80000, 0x000000077be80000, 0x00000007c0000000)
  eden space 136192K, 0% used [0x000000076af80000,0x000000076af80000,0x0000000773480000)
  from space 11776K, 96% used [0x0000000773880000,0x00000007743927d0,0x0000000774400000)
  to   space 70656K, 0% used [0x0000000777980000,0x0000000777980000,0x000000077be80000)
 ParOldGen       total 285184K, used 183279K [0x00000006c0e00000, 0x00000006d2480000, 0x000000076af80000)
  object space 285184K, 64% used [0x00000006c0e00000,0x00000006cc0fbd30,0x00000006d2480000)
 Metaspace       used 18828K, capacity 19978K, committed 20224K, reserved 1067008K
  class space    used 2562K, capacity 2807K, committed 2816K, reserved 1048576K
}

Deoptimization events (10 events):
Event: 225.385 Thread 0x000000001fc0c000 Uncommon trap: reason=unstable_if action=reinterpret pc=0x00000000038cc594 method=java.lang.StrictMath.floorOrCeil(DDDD)D @ 38
Event: 225.385 Thread 0x000000001fc0c000 Uncommon trap: reason=class_check action=maybe_recompile pc=0x00000000038ff23c method=javafx.scene.Node.impl_getPeer()Lcom/sun/javafx/sg/prism/NGNode; @ 46
Event: 225.385 Thread 0x000000001fc0c000 Uncommon trap: reason=class_check action=maybe_recompile pc=0x00000000038ff23c method=javafx.scene.Node.impl_getPeer()Lcom/sun/javafx/sg/prism/NGNode; @ 46
Event: 225.402 Thread 0x000000001fc0c000 Uncommon trap: reason=unstable_if action=reinterpret pc=0x0000000003456b08 method=javafx.scene.Scene$ScenePulseListener.pulse()V @ 24
Event: 225.403 Thread 0x000000001fc0c000 Uncommon trap: reason=class_check action=maybe_recompile pc=0x00000000038ff23c method=javafx.scene.Node.impl_getPeer()Lcom/sun/javafx/sg/prism/NGNode; @ 46
Event: 225.403 Thread 0x000000001fc0c000 Uncommon trap: reason=class_check action=maybe_recompile pc=0x00000000038ff23c method=javafx.scene.Node.impl_getPeer()Lcom/sun/javafx/sg/prism/NGNode; @ 46
Event: 642.975 Thread 0x000000001fb97000 Uncommon trap: reason=unstable_if action=reinterpret pc=0x0000000003a779f8 method=com.sun.prism.impl.VertexBuffer.ensureCapacityForQuad()V @ 10
Event: 643.968 Thread 0x000000001fb97000 Uncommon trap: reason=unstable_if action=reinterpret pc=0x00000000039ef89c method=com.sun.prism.impl.VertexBuffer.ensureCapacityForQuad()V @ 10
Event: 1102.052 Thread 0x000000002b9d6000 Uncommon trap: reason=unstable_if action=reinterpret pc=0x0000000003adbc48 method=java.util.concurrent.locks.ReentrantLock$Sync.tryRelease(I)Z @ 28
Event: 1102.052 Thread 0x000000001fb97000 Uncommon trap: reason=unstable_if action=reinterpret pc=0x00000000033a1a58 method=java.util.concurrent.locks.AbstractQueuedSynchronizer$ConditionObject.checkInterruptWhileWaiting(Ljava/util/concurrent/locks/AbstractQueuedSynchronizer$Node;)I @ 3

Classes redefined (0 events):
No events

Internal exceptions (10 events):
Event: 0.196 Thread 0x0000000003113000 Exception <a 'java/lang/NullPointerException'> (0x000000076b571ce8) thrown at [C:\re\workspace\8-2-build-windows-amd64-cygwin\jdk8u201\12322\hotspot\src\share\vm\interpreter\linkResolver.cpp, line 1185]
Event: 0.214 Thread 0x0000000003113000 Implicit null exception at 0x0000000003334895 to 0x0000000003334a65
Event: 0.573 Thread 0x000000001fc0c000 Exception <a 'java/lang/NullPointerException'> (0x000000076c4874c0) thrown at [C:\re\workspace\8-2-build-windows-amd64-cygwin\jdk8u201\12322\hotspot\src\share\vm\interpreter\linkResolver.cpp, line 1185]
Event: 0.573 Thread 0x000000001fc0c000 Exception <a 'java/lang/NullPointerException'> (0x000000076c4874c0) thrown at [C:\re\workspace\8-2-build-windows-amd64-cygwin\jdk8u201\12322\hotspot\src\share\vm\prims\jvm.cpp, line 1506]
Event: 1.258 Thread 0x000000001fc0c000 Exception <a 'java/lang/UnsatisfiedLinkError': com.sun.media.jfxmediaimpl.NativeAudioClip.nacInit()Z> (0x000000076ce5fbc0) thrown at [C:\re\workspace\8-2-build-windows-amd64-cygwin\jdk8u201\12322\hotspot\src\share\vm\prims\nativeLookup.cpp, line 378]
Event: 1.259 Thread 0x000000001fc0c000 Exception <a 'java/lang/UnsatisfiedLinkError': com.sun.media.jfxmedia.logging.Logger.nativeSetNativeLevel(I)V> (0x000000076ce643e8) thrown at [C:\re\workspace\8-2-build-windows-amd64-cygwin\jdk8u201\12322\hotspot\src\share\vm\prims\nativeLookup.cpp, line 
Event: 1.271 Thread 0x000000001fc0c000 Implicit null exception at 0x0000000003527e16 to 0x00000000035281c1
Event: 1.271 Thread 0x000000001fc0c000 Implicit null exception at 0x0000000003433556 to 0x00000000034338f9
Event: 2.372 Thread 0x000000001fc0c000 Implicit null exception at 0x000000000355d936 to 0x000000000355eacd
Event: 1102.052 Thread 0x000000002b9d6000 Exception <a 'java/lang/IllegalStateException'> (0x00000007731ba390) thrown at [C:\re\workspace\8-2-build-windows-amd64-cygwin\jdk8u201\12322\hotspot\src\share\vm\prims\jvm.cpp, line 1506]

Events (10 events):
Event: 1102.052 Thread 0x000000002b9d6000 DEOPT UNPACKING pc=0x000000000325583b sp=0x00000000302fe3c0 mode 2
Event: 1102.052 Thread 0x000000001fb97000 Uncommon trap: trap_request=0xffffff65 fr.pc=0x00000000033a1a58
Event: 1102.052 Thread 0x000000001fb97000 DEOPT PACKING pc=0x00000000033a1a58 sp=0x000000002065ec30
Event: 1102.052 Thread 0x000000001fb97000 DEOPT UNPACKING pc=0x000000000325583b sp=0x000000002065eb88 mode 2
Event: 1102.052 loading class com/sun/javafx/tk/quantum/QuantumToolkit
Event: 1102.052 loading class com/sun/javafx/tk/quantum/QuantumToolkit done
Event: 1102.052 loading class java/util/LinkedList$ListItr
Event: 1102.052 loading class java/util/LinkedList$ListItr done
Event: 1102.052 Thread 0x000000002b9d6000 Thread exited: 0x000000002b9d6000
Event: 1102.052 Executing VM operation: Exit


Dynamic libraries:
0x00007ff628700000 - 0x00007ff628737000 	C:\Program Files\Java\jdk1.8.0_201\bin\java.exe
0x00007ffd8d5b0000 - 0x00007ffd8d791000 	C:\WINDOWS\SYSTEM32\ntdll.dll
0x00007ffd8cd70000 - 0x00007ffd8ce21000 	C:\WINDOWS\System32\KERNEL32.DLL
0x00007ffd8a7c0000 - 0x00007ffd8aa33000 	C:\WINDOWS\System32\KERNELBASE.dll
0x00007ffd8bea0000 - 0x00007ffd8bf41000 	C:\WINDOWS\System32\ADVAPI32.dll
0x00007ffd8c850000 - 0x00007ffd8c8ee000 	C:\WINDOWS\System32\msvcrt.dll
0x00007ffd8d4c0000 - 0x00007ffd8d51b000 	C:\WINDOWS\System32\sechost.dll
0x00007ffd8ce60000 - 0x00007ffd8cf84000 	C:\WINDOWS\System32\RPCRT4.dll
0x00007ffd8bf60000 - 0x00007ffd8c0f0000 	C:\WINDOWS\System32\USER32.dll
0x00007ffd8a580000 - 0x00007ffd8a5a0000 	C:\WINDOWS\System32\win32u.dll
0x00007ffd8cd30000 - 0x00007ffd8cd58000 	C:\WINDOWS\System32\GDI32.dll
0x00007ffd8a620000 - 0x00007ffd8a7b2000 	C:\WINDOWS\System32\gdi32full.dll
0x00007ffd89980000 - 0x00007ffd89a1f000 	C:\WINDOWS\System32\msvcp_win.dll
0x00007ffd89d70000 - 0x00007ffd89e68000 	C:\WINDOWS\System32\ucrtbase.dll
0x00007ffd7df40000 - 0x00007ffd7e1a9000 	C:\WINDOWS\WinSxS\amd64_microsoft.windows.common-controls_6595b64144ccf1df_6.0.17134.706_none_fb43a2cb30647007\COMCTL32.dll
0x00007ffd8c0f0000 - 0x00007ffd8c412000 	C:\WINDOWS\System32\combase.dll
0x00007ffd8a5a0000 - 0x00007ffd8a61a000 	C:\WINDOWS\System32\bcryptPrimitives.dll
0x00007ffd8ce30000 - 0x00007ffd8ce5d000 	C:\WINDOWS\System32\IMM32.DLL
0x00000000727a0000 - 0x0000000072871000 	C:\Program Files\Java\jdk1.8.0_201\jre\bin\msvcr100.dll
0x0000000071ef0000 - 0x0000000072794000 	C:\Program Files\Java\jdk1.8.0_201\jre\bin\server\jvm.dll
0x00007ffd8bf50000 - 0x00007ffd8bf58000 	C:\WINDOWS\System32\PSAPI.DLL
0x00007ffd85ea0000 - 0x00007ffd85ea9000 	C:\WINDOWS\SYSTEM32\WSOCK32.dll
0x00007ffd7fd70000 - 0x00007ffd7fd93000 	C:\WINDOWS\SYSTEM32\WINMM.dll
0x00007ffd84d20000 - 0x00007ffd84d2a000 	C:\WINDOWS\SYSTEM32\VERSION.dll
0x00007ffd8c970000 - 0x00007ffd8c9dc000 	C:\WINDOWS\System32\WS2_32.dll
0x00007ffd7f680000 - 0x00007ffd7f6aa000 	C:\WINDOWS\SYSTEM32\WINMMBASE.dll
0x00007ffd89c70000 - 0x00007ffd89cb9000 	C:\WINDOWS\System32\cfgmgr32.dll
0x00007ffd86740000 - 0x00007ffd8674f000 	C:\Program Files\Java\jdk1.8.0_201\jre\bin\verify.dll
0x00007ffd7f310000 - 0x00007ffd7f339000 	C:\Program Files\Java\jdk1.8.0_201\jre\bin\java.dll
0x00007ffd7a740000 - 0x00007ffd7a763000 	C:\Program Files\Java\jdk1.8.0_201\jre\bin\instrument.dll
0x00007ffd7f2f0000 - 0x00007ffd7f306000 	C:\Program Files\Java\jdk1.8.0_201\jre\bin\zip.dll
0x00007ffd8aa60000 - 0x00007ffd8bea0000 	C:\WINDOWS\System32\SHELL32.dll
0x00007ffd8cc20000 - 0x00007ffd8ccc9000 	C:\WINDOWS\System32\shcore.dll
0x00007ffd89e70000 - 0x00007ffd8a57d000 	C:\WINDOWS\System32\windows.storage.dll
0x00007ffd8c670000 - 0x00007ffd8c6c1000 	C:\WINDOWS\System32\shlwapi.dll
0x00007ffd89940000 - 0x00007ffd89951000 	C:\WINDOWS\System32\kernel.appcore.dll
0x00007ffd89960000 - 0x00007ffd8997f000 	C:\WINDOWS\System32\profapi.dll
0x00007ffd898f0000 - 0x00007ffd8993c000 	C:\WINDOWS\System32\powrprof.dll
0x00007ffd898c0000 - 0x00007ffd898ca000 	C:\WINDOWS\System32\FLTLIB.DLL
0x00007ffd7b380000 - 0x00007ffd7b39a000 	C:\Program Files\JetBrains\IntelliJ IDEA Community Edition 2018.3.4\bin\breakgen64.dll
0x00007ffd7f2c0000 - 0x00007ffd7f2da000 	C:\Program Files\Java\jdk1.8.0_201\jre\bin\net.dll
0x00007ffd80990000 - 0x00007ffd80b58000 	C:\WINDOWS\SYSTEM32\urlmon.dll
0x00007ffd80230000 - 0x00007ffd804d6000 	C:\WINDOWS\SYSTEM32\iertutil.dll
0x00007ffd892b0000 - 0x00007ffd892bb000 	C:\WINDOWS\SYSTEM32\CRYPTBASE.DLL
0x00007ffd890e0000 - 0x00007ffd89146000 	C:\WINDOWS\system32\mswsock.dll
0x00000000202e0000 - 0x00000000202e3000 	C:\Program Files\Java\jdk1.8.0_201\jre\bin\api-ms-win-core-console-l1-1-0.dll
0x00000000202f0000 - 0x00000000202f3000 	C:\Program Files\Java\jdk1.8.0_201\jre\bin\api-ms-win-core-datetime-l1-1-0.dll
0x0000000020300000 - 0x0000000020303000 	C:\Program Files\Java\jdk1.8.0_201\jre\bin\api-ms-win-core-debug-l1-1-0.dll
0x0000000020310000 - 0x0000000020313000 	C:\Program Files\Java\jdk1.8.0_201\jre\bin\api-ms-win-core-errorhandling-l1-1-0.dll
0x0000000020320000 - 0x0000000020324000 	C:\Program Files\Java\jdk1.8.0_201\jre\bin\api-ms-win-core-file-l1-1-0.dll
0x0000000020330000 - 0x0000000020333000 	C:\Program Files\Java\jdk1.8.0_201\jre\bin\api-ms-win-core-file-l1-2-0.dll
0x0000000020340000 - 0x0000000020343000 	C:\Program Files\Java\jdk1.8.0_201\jre\bin\api-ms-win-core-file-l2-1-0.dll
0x0000000020350000 - 0x0000000020353000 	C:\Program Files\Java\jdk1.8.0_201\jre\bin\api-ms-win-core-handle-l1-1-0.dll
0x0000000020360000 - 0x0000000020363000 	C:\Program Files\Java\jdk1.8.0_201\jre\bin\api-ms-win-core-heap-l1-1-0.dll
0x0000000020370000 - 0x0000000020373000 	C:\Program Files\Java\jdk1.8.0_201\jre\bin\api-ms-win-core-interlocked-l1-1-0.dll
0x0000000020380000 - 0x0000000020383000 	C:\Program Files\Java\jdk1.8.0_201\jre\bin\api-ms-win-core-libraryloader-l1-1-0.dll
0x0000000020390000 - 0x0000000020393000 	C:\Program Files\Java\jdk1.8.0_201\jre\bin\api-ms-win-core-localization-l1-2-0.dll
0x00000000203a0000 - 0x00000000203a3000 	C:\Program Files\Java\jdk1.8.0_201\jre\bin\api-ms-win-core-memory-l1-1-0.dll
0x00000000203b0000 - 0x00000000203b3000 	C:\Program Files\Java\jdk1.8.0_201\jre\bin\api-ms-win-core-namedpipe-l1-1-0.dll
0x00000000203c0000 - 0x00000000203c3000 	C:\Program Files\Java\jdk1.8.0_201\jre\bin\api-ms-win-core-processenvironment-l1-1-0.dll
0x00000000203d0000 - 0x00000000203d3000 	C:\Program Files\Java\jdk1.8.0_201\jre\bin\api-ms-win-core-processthreads-l1-1-0.dll
0x00000000203e0000 - 0x00000000203e3000 	C:\Program Files\Java\jdk1.8.0_201\jre\bin\api-ms-win-core-processthreads-l1-1-1.dll
0x00000000203f0000 - 0x00000000203f3000 	C:\Program Files\Java\jdk1.8.0_201\jre\bin\api-ms-win-core-profile-l1-1-0.dll
0x0000000020400000 - 0x0000000020403000 	C:\Program Files\Java\jdk1.8.0_201\jre\bin\api-ms-win-core-rtlsupport-l1-1-0.dll
0x0000000020410000 - 0x0000000020413000 	C:\Program Files\Java\jdk1.8.0_201\jre\bin\api-ms-win-core-string-l1-1-0.dll
0x0000000020420000 - 0x0000000020423000 	C:\Program Files\Java\jdk1.8.0_201\jre\bin\api-ms-win-core-synch-l1-1-0.dll
0x0000000020430000 - 0x0000000020433000 	C:\Program Files\Java\jdk1.8.0_201\jre\bin\api-ms-win-core-synch-l1-2-0.dll
0x0000000020440000 - 0x0000000020443000 	C:\Program Files\Java\jdk1.8.0_201\jre\bin\api-ms-win-core-sysinfo-l1-1-0.dll
0x0000000020450000 - 0x0000000020453000 	C:\Program Files\Java\jdk1.8.0_201\jre\bin\api-ms-win-core-timezone-l1-1-0.dll
0x0000000020460000 - 0x0000000020463000 	C:\Program Files\Java\jdk1.8.0_201\jre\bin\api-ms-win-core-util-l1-1-0.dll
0x0000000020470000 - 0x0000000020473000 	C:\Program Files\Java\jdk1.8.0_201\jre\bin\api-ms-win-crt-conio-l1-1-0.dll
0x0000000020480000 - 0x0000000020484000 	C:\Program Files\Java\jdk1.8.0_201\jre\bin\api-ms-win-crt-convert-l1-1-0.dll
0x0000000020490000 - 0x0000000020493000 	C:\Program Files\Java\jdk1.8.0_201\jre\bin\api-ms-win-crt-environment-l1-1-0.dll
0x00000000204a0000 - 0x00000000204a3000 	C:\Program Files\Java\jdk1.8.0_201\jre\bin\api-ms-win-crt-filesystem-l1-1-0.dll
0x00000000204b0000 - 0x00000000204b3000 	C:\Program Files\Java\jdk1.8.0_201\jre\bin\api-ms-win-crt-heap-l1-1-0.dll
0x00000000204c0000 - 0x00000000204c3000 	C:\Program Files\Java\jdk1.8.0_201\jre\bin\api-ms-win-crt-locale-l1-1-0.dll
0x00000000204d0000 - 0x00000000204d5000 	C:\Program Files\Java\jdk1.8.0_201\jre\bin\api-ms-win-crt-math-l1-1-0.dll
0x00000000204e0000 - 0x00000000204e5000 	C:\Program Files\Java\jdk1.8.0_201\jre\bin\api-ms-win-crt-multibyte-l1-1-0.dll
0x00000000204f0000 - 0x0000000020500000 	C:\Program Files\Java\jdk1.8.0_201\jre\bin\api-ms-win-crt-private-l1-1-0.dll
0x0000000020500000 - 0x0000000020503000 	C:\Program Files\Java\jdk1.8.0_201\jre\bin\api-ms-win-crt-process-l1-1-0.dll
0x0000000020510000 - 0x0000000020514000 	C:\Program Files\Java\jdk1.8.0_201\jre\bin\api-ms-win-crt-runtime-l1-1-0.dll
0x0000000020520000 - 0x0000000020524000 	C:\Program Files\Java\jdk1.8.0_201\jre\bin\api-ms-win-crt-stdio-l1-1-0.dll
0x0000000020530000 - 0x0000000020534000 	C:\Program Files\Java\jdk1.8.0_201\jre\bin\api-ms-win-crt-string-l1-1-0.dll
0x0000000020540000 - 0x0000000020543000 	C:\Program Files\Java\jdk1.8.0_201\jre\bin\api-ms-win-crt-time-l1-1-0.dll
0x0000000020550000 - 0x0000000020553000 	C:\Program Files\Java\jdk1.8.0_201\jre\bin\api-ms-win-crt-utility-l1-1-0.dll
0x00007ffd6a2e0000 - 0x00007ffd6a3d6000 	C:\Program Files\Java\jdk1.8.0_201\jre\bin\ucrtbase.dll
0x00007ffd714b0000 - 0x00007ffd714c6000 	C:\Program Files\Java\jdk1.8.0_201\jre\bin\vcruntime140.dll
0x00007ffd70580000 - 0x00007ffd7061c000 	C:\Program Files\Java\jdk1.8.0_201\jre\bin\msvcp140.dll
0x00007ffd5aca0000 - 0x00007ffd5acf1000 	C:\Program Files\Java\jdk1.8.0_201\jre\bin\concrt140.dll
0x00007ffd70fc0000 - 0x00007ffd70fe3000 	C:\Program Files\Java\jdk1.8.0_201\jre\bin\prism_d3d.dll
0x00007ffd51730000 - 0x00007ffd518c7000 	C:\WINDOWS\system32\d3d9.dll
0x00007ffd88050000 - 0x00007ffd88079000 	C:\WINDOWS\SYSTEM32\dwmapi.dll
0x00007ffd87f80000 - 0x00007ffd88018000 	C:\WINDOWS\system32\uxtheme.dll
0x00007ffd6f0e0000 - 0x00007ffd6f1ca000 	C:\WINDOWS\System32\DriverStore\FileRepository\nv_ref_pubwu.inf_amd64_2e7fa54192fe16d0\nvldumdx.dll
0x00007ffd89a20000 - 0x00007ffd89c02000 	C:\WINDOWS\System32\crypt32.dll
0x00007ffd898d0000 - 0x00007ffd898e2000 	C:\WINDOWS\System32\MSASN1.dll
0x00007ffd89c10000 - 0x00007ffd89c67000 	C:\WINDOWS\System32\WINTRUST.DLL
0x00007ffd8aa40000 - 0x00007ffd8aa5d000 	C:\WINDOWS\System32\imagehlp.dll
0x00007ffd89290000 - 0x00007ffd892a7000 	C:\WINDOWS\SYSTEM32\CRYPTSP.dll
0x00007ffd88cc0000 - 0x00007ffd88cf3000 	C:\WINDOWS\system32\rsaenh.dll
0x00007ffd89420000 - 0x00007ffd89445000 	C:\WINDOWS\SYSTEM32\bcrypt.dll
0x00007ffd26fb0000 - 0x00007ffd28186000 	C:\WINDOWS\System32\DriverStore\FileRepository\nv_ref_pubwu.inf_amd64_2e7fa54192fe16d0\nvd3dumx.dll
0x00007ffd7c5c0000 - 0x00007ffd7c791000 	C:\WINDOWS\system32\nvspcap64.dll
0x00007ffd8c420000 - 0x00007ffd8c571000 	C:\WINDOWS\System32\ole32.dll
0x00007ffd8cf90000 - 0x00007ffd8d052000 	C:\WINDOWS\System32\OLEAUT32.dll
0x00007ffd8d060000 - 0x00007ffd8d4ab000 	C:\WINDOWS\System32\SETUPAPI.dll
0x00007ffd85ee0000 - 0x00007ffd85ef3000 	C:\WINDOWS\SYSTEM32\WTSAPI32.dll
0x00007ffd83f30000 - 0x00007ffd8400d000 	C:\WINDOWS\SYSTEM32\WINHTTP.dll
0x00007ffd7c810000 - 0x00007ffd7cc90000 	C:\WINDOWS\system32\nvapi64.dll
0x00007ffd88680000 - 0x00007ffd8873b000 	C:\WINDOWS\SYSTEM32\dxgi.dll
0x00007ffd896d0000 - 0x00007ffd896f7000 	C:\WINDOWS\SYSTEM32\DEVOBJ.dll
0x00007ffd69a90000 - 0x00007ffd69ad9000 	C:\Program Files\Java\jdk1.8.0_201\jre\bin\glass.dll
0x00007ffd8c580000 - 0x00007ffd8c66d000 	C:\WINDOWS\System32\COMDLG32.dll
0x00007ffd8c6d0000 - 0x00007ffd8c843000 	C:\WINDOWS\System32\MSCTF.dll
0x00007ffd6a420000 - 0x00007ffd6a50b000 	C:\Program Files (x86)\NVIDIA Corporation\3D Vision\nvSCPAPI64.dll
0x00007ffd8cb80000 - 0x00007ffd8cc20000 	C:\WINDOWS\System32\clbcatq.dll
0x00007ffd89720000 - 0x00007ffd897ba000 	C:\WINDOWS\SYSTEM32\sxs.dll
0x00007ffd70f50000 - 0x00007ffd70f64000 	C:\Program Files\Java\jdk1.8.0_201\jre\bin\javafx_font.dll
0x00007ffd69c00000 - 0x00007ffd69f1c000 	C:\WINDOWS\SYSTEM32\dwrite.dll
0x00007ffd64b10000 - 0x00007ffd64b36000 	C:\Program Files\Java\jdk1.8.0_201\jre\bin\javafx_iio.dll
0x00007ffd5a0e0000 - 0x00007ffd5a183000 	C:\Program Files\Java\jdk1.8.0_201\jre\bin\glib-lite.dll
0x00007ffd59990000 - 0x00007ffd59a70000 	C:\Program Files\Java\jdk1.8.0_201\jre\bin\gstreamer-lite.dll
0x00007ffd59690000 - 0x00007ffd5971f000 	C:\WINDOWS\SYSTEM32\DSOUND.dll
0x00007ffd5aa50000 - 0x00007ffd5aa77000 	C:\Program Files\Java\jdk1.8.0_201\jre\bin\jfxmedia.dll
0x00007ffd70ae0000 - 0x00007ffd70c8e000 	C:\WINDOWS\SYSTEM32\WindowsCodecs.dll
0x00007ffd62fc0000 - 0x00007ffd63018000 	C:\WINDOWS\system32\dataexchange.dll
0x00007ffd86cb0000 - 0x00007ffd86fbb000 	C:\WINDOWS\system32\d3d11.dll
0x00007ffd87590000 - 0x00007ffd8772c000 	C:\WINDOWS\system32\dcomp.dll

VM Arguments:
jvm_args: -javaagent:C:\Program Files\JetBrains\IntelliJ IDEA Community Edition 2018.3.4\lib\idea_rt.jar=53871:C:\Program Files\JetBrains\IntelliJ IDEA Community Edition 2018.3.4\bin -Dfile.encoding=UTF-8 
java_command: ClientFX
java_class_path (initial): C:\Program Files\Java\jdk1.8.0_201\jre\lib\charsets.jar;C:\Program Files\Java\jdk1.8.0_201\jre\lib\deploy.jar;C:\Program Files\Java\jdk1.8.0_201\jre\lib\ext\access-bridge-64.jar;C:\Program Files\Java\jdk1.8.0_201\jre\lib\ext\cldrdata.jar;C:\Program Files\Java\jdk1.8.0_201\jre\lib\ext\dnsns.jar;C:\Program Files\Java\jdk1.8.0_201\jre\lib\ext\jaccess.jar;C:\Program Files\Java\jdk1.8.0_201\jre\lib\ext\jfxrt.jar;C:\Program Files\Java\jdk1.8.0_201\jre\lib\ext\localedata.jar;C:\Program Files\Java\jdk1.8.0_201\jre\lib\ext\nashorn.jar;C:\Program Files\Java\jdk1.8.0_201\jre\lib\ext\sunec.jar;C:\Program Files\Java\jdk1.8.0_201\jre\lib\ext\sunjce_provider.jar;C:\Program Files\Java\jdk1.8.0_201\jre\lib\ext\sunmscapi.jar;C:\Program Files\Java\jdk1.8.0_201\jre\lib\ext\sunpkcs11.jar;C:\Program Files\Java\jdk1.8.0_201\jre\lib\ext\zipfs.jar;C:\Program Files\Java\jdk1.8.0_201\jre\lib\javaws.jar;C:\Program Files\Java\jdk1.8.0_201\jre\lib\jce.jar;C:\Program Files\Java\jdk1.8.0_201\jre\lib\jfr.jar;C:\Program Files\Java\jdk1.8.0_201\jre\lib\jfxswt.jar;C:\Program Files\Java\jdk1.8.0_201\jre\lib\jsse.jar;C:\Program Files\Java\jdk1.8.0_201\jre\lib\management-agent.jar;C:\Program Files\Java\jdk1.8.0_201\jre\lib\plugin.jar;C:\Program Files\Java\jdk1.8.0_201\jre\lib\resources.jar;C:\Program Files\Java\jdk1.8.0_201\jre\lib\rt.jar;D:\documents\GitHub\Project5\Client\out\production\Client;C:\Program Files\JetBrains\IntelliJ IDEA Community Edition 2018.3.4\lib\idea_rt.jar
Launcher Type: SUN_STANDARD

Environment Variables:
PATH=C:\Program Files (x86)\Common Files\Oracle\Java\javapath;C:\ProgramData\Oracle\Java\javapath;C:\Windows\system32;C:\Windows;C:\Windows\System32\Wbem;C:\Windows\System32\WindowsPowerShell\v1.0\;C:\Program Files (x86)\NVIDIA Corporation\PhysX\Common;C:\WINDOWS\system32;C:\WINDOWS;C:\WINDOWS\System32\Wbem;C:\WINDOWS\System32\WindowsPowerShell\v1.0\;C:\WINDOWS\System32\OpenSSH\;C:\Program Files\PuTTY\;D:\Program Files\Git\cmd;C:\Program Files\nodejs\;C:\Users\Eugenio\AppData\Local\Microsoft\WindowsApps;C:\Users\Eugenio\AppData\Local\Programs\Microsoft VS Code\bin;C:\Users\Eugenio\AppData\Local\GitHubDesktop\bin;C:\Users\Eugenio\AppData\Roaming\npm
USERNAME=Eugenio
OS=Windows_NT
PROCESSOR_IDENTIFIER=Intel64 Family 6 Model 58 Stepping 9, GenuineIntel



---------------  S Y S T E M  ---------------

OS: Windows 10.0 , 64 bit Build 17134 (10.0.17134.706)

CPU:total 8 (initial active 8) (4 cores per cpu, 2 threads per core) family 6 model 58 stepping 9, cmov, cx8, fxsr, mmx, sse, sse2, sse3, ssse3, sse4.1, sse4.2, popcnt, avx, clmul, erms, ht, tsc, tscinvbit, tscinv

Memory: 4k page, physical 16712684k(8022444k free), swap 25625580k(10537284k free)

vm_info: Java HotSpot(TM) 64-Bit Server VM (25.201-b09) for windows-amd64 JRE (1.8.0_201-b09), built on Dec 15 2018 18:36:39 by "java_re" with MS VC++ 10.0 (VS2010)

time: Sun May 05 03:08:24 2019
timezone: Central Daylight Time
elapsed time: 1102 seconds (0d 0h 18m 22s)

