#
# A fatal error has been detected by the Java Runtime Environment:
#
#  EXCEPTION_ACCESS_VIOLATION (0xc0000005) at pc=0x00000000746c584a, pid=19660, tid=0x0000000000013a40
#
# JRE version: Java(TM) SE Runtime Environment (8.0_102-b14) (build 1.8.0_102-b14)
# Java VM: Java HotSpot(TM) 64-Bit Server VM (25.102-b14 mixed mode windows-amd64 compressed oops)
# Problematic frame:
# C  [glass.dll+0x2584a]
#
# Failed to write core dump. Minidumps are not enabled by default on client versions of Windows
#
# If you would like to submit a bug report, please visit:
#   http://bugreport.java.com/bugreport/crash.jsp
#

---------------  T H R E A D  ---------------

Current thread (0x0000000015fd7800):  VMThread [stack: 0x0000000017070000,0x0000000017170000] [id=80448]

siginfo: ExceptionCode=0xc0000005, reading address 0x0000000000000000

Registers:
RAX=0x0000000000000000, RBX=0x0000000018780e80, RCX=0x0000000015fd7800, RDX=0x0000000018780e80
RSP=0x000000001716f200, RBP=0x000000000072ef50, RSI=0x0000000000000001, RDI=0x0000000000000000
R8 =0x0000000000010002, R9 =0x000000000072ef50, R10=0x0000000000000000, R11=0x0000000000000246
R12=0x000000000072ef80, R13=0x000000000072ef50, R14=0x000000000072ef60, R15=0x0000000000000000
RIP=0x00000000746c584a, EFLAGS=0x0000000000010202

Top of Stack: (sp=0x000000001716f200)
0x000000001716f200:   0000000000000000 00000000746c5900
0x000000001716f210:   0000000000000000 00000000746d91b0
0x000000001716f220:   00000000746c5830 00000000746c3224
0x000000001716f230:   00000000746c5a60 00007ffc7b1947a7
0x000000001716f240:   0000000000000000 00007ffc6b6fc2c4
0x000000001716f250:   0000000000000001 00000000746a0000
0x000000001716f260:   0000000002441638 00000000746c34a6
0x000000001716f270:   0000000000000001 0000000015ee5400
0x000000001716f280:   0000000000000000 00000000746c3384
0x000000001716f290:   c000000500000001 000000001716e390
0x000000001716f2a0:   00000000746a0000 00007ffcbf9fb583
0x000000001716f2b0:   000000007ffe0385 0000000000000000
0x000000001716f2c0:   000000007ffe0384 000000007ffe0385
0x000000001716f2d0:   000000000000000f 00007ffcbfa0813a
0x000000001716f2e0:   00008f65f77df700 00000000006f43f0
0x000000001716f2f0:   0000000000000000 0000000000000000 

Instructions: (pc=0x00000000746c584a)
0x00000000746c582a:   83 c4 20 5d c3 cc 40 53 48 83 ec 20 48 8b 1d cb
0x00000000746c583a:   5b 01 00 48 85 db 74 1a e8 19 93 ff ff 48 8b d3
0x00000000746c584a:   4c 8b 00 48 8b c8 48 83 c4 20 5b 49 ff a0 b0 00
0x00000000746c585a:   00 00 48 83 c4 20 5b c3 cc cc cc cc cc cc cc cc 


Register to memory mapping:

RAX=0x0000000000000000 is an unknown value
RBX=0x0000000018780e80 is a global jni handle
RCX=0x0000000015fd7800 is an unknown value
RDX=0x0000000018780e80 is a global jni handle
RSP=0x000000001716f200 is an unknown value
RBP=0x000000000072ef50 is an unknown value
RSI=0x0000000000000001 is an unknown value
RDI=0x0000000000000000 is an unknown value
R8 =0x0000000000010002 is an unknown value
R9 =0x000000000072ef50 is an unknown value
R10=0x0000000000000000 is an unknown value
R11=0x0000000000000246 is an unknown value
R12=0x000000000072ef80 is an unknown value
R13=0x000000000072ef50 is an unknown value
R14=0x000000000072ef60 is an unknown value
R15=0x0000000000000000 is an unknown value


Stack: [0x0000000017070000,0x0000000017170000],  sp=0x000000001716f200,  free space=1020k
Native frames: (J=compiled Java code, j=interpreted, Vv=VM code, C=native code)
C  [glass.dll+0x2584a]
C  [glass.dll+0x23224]
C  [glass.dll+0x234a6]
C  [ntdll.dll+0x3b583]
C  [ntdll.dll+0x47f85]
C  [ntdll.dll+0x47e48]
C  [KERNEL32.DLL+0x1ca7a]
C  [msvcr100.dll+0x20cb9]
V  [jvm.dll+0x212a05]
V  [jvm.dll+0x24b647]
V  [jvm.dll+0x24a8e6]
V  [jvm.dll+0x24ad81]
V  [jvm.dll+0x24af9e]
V  [jvm.dll+0x29c03a]
C  [msvcr100.dll+0x21d7b]
C  [msvcr100.dll+0x21e17]
C  [KERNEL32.DLL+0x14034]
C  [ntdll.dll+0x73691]

VM_Operation (0x0000000018bbae10): Exit, mode: safepoint, requested by thread 0x0000000018103800


---------------  P R O C E S S  ---------------

Java Threads: ( => current thread )
  0x000000001832b000 JavaThread "Thread-6" [_thread_blocked, id=20400, stack(0x0000000021d60000,0x0000000021e60000)]
  0x000000001832b800 JavaThread "Thread-4" daemon [_thread_in_native, id=20520, stack(0x0000000021c60000,0x0000000021d60000)]
  0x00000000183aa800 JavaThread "Media Resource Disposer" daemon [_thread_blocked, id=18152, stack(0x000000001ee10000,0x000000001ef10000)]
  0x0000000018186800 JavaThread "Prism Font Disposer" daemon [_thread_blocked, id=30876, stack(0x000000001e810000,0x000000001e910000)]
  0x0000000018151800 JavaThread "JavaFX-Launcher" [_thread_blocked, id=19668, stack(0x000000001d590000,0x000000001d690000)]
  0x0000000018151000 JavaThread "Thread-2" daemon [_thread_in_native, id=79364, stack(0x000000001d490000,0x000000001d590000)]
  0x0000000018103800 JavaThread "JavaFX Application Thread" [_thread_blocked, id=84372, stack(0x0000000018ac0000,0x0000000018bc0000)]
  0x00000000180a0800 JavaThread "Thread-1" daemon [_thread_blocked, id=61736, stack(0x0000000018960000,0x0000000018a60000)]
  0x000000001808d800 JavaThread "QuantumRenderer-0" daemon [_thread_blocked, id=72128, stack(0x0000000018860000,0x0000000018960000)]
  0x000000001772e000 JavaThread "Service Thread" daemon [_thread_blocked, id=12324, stack(0x0000000017e60000,0x0000000017f60000)]
  0x000000001606c000 JavaThread "C1 CompilerThread2" daemon [_thread_blocked, id=57164, stack(0x0000000017d60000,0x0000000017e60000)]
  0x0000000016059800 JavaThread "C2 CompilerThread1" daemon [_thread_blocked, id=81672, stack(0x0000000017c60000,0x0000000017d60000)]
  0x0000000016056000 JavaThread "C2 CompilerThread0" daemon [_thread_blocked, id=10388, stack(0x0000000017b60000,0x0000000017c60000)]
  0x00000000176a3000 JavaThread "Monitor Ctrl-Break" daemon [_thread_in_native, id=17160, stack(0x0000000017a60000,0x0000000017b60000)]
  0x000000001600e000 JavaThread "Attach Listener" daemon [_thread_blocked, id=54168, stack(0x0000000017560000,0x0000000017660000)]
  0x000000001600b000 JavaThread "Signal Dispatcher" daemon [_thread_blocked, id=3432, stack(0x0000000017460000,0x0000000017560000)]
  0x000000000273d800 JavaThread "Finalizer" daemon [_thread_blocked, id=68648, stack(0x0000000017270000,0x0000000017370000)]
  0x0000000002732000 JavaThread "Reference Handler" daemon [_thread_blocked, id=77528, stack(0x0000000017170000,0x0000000017270000)]
  0x0000000002642800 JavaThread "main" [_thread_blocked, id=14912, stack(0x00000000022c0000,0x00000000023c0000)]

Other Threads:
=>0x0000000015fd7800 VMThread [stack: 0x0000000017070000,0x0000000017170000] [id=80448]

VM state:at safepoint (shutting down)

VM Mutex/Monitor currently owned by a thread:  ([mutex/lock_event])
[0x000000000244d9f0] Threads_lock - owner thread: 0x0000000015fd7800

Heap:
 PSYoungGen      total 108032K, used 37851K [0x00000000e0600000, 0x00000000ef200000, 0x0000000100000000)
  eden space 67584K, 56% used [0x00000000e0600000,0x00000000e2af6c50,0x00000000e4800000)
  from space 40448K, 0% used [0x00000000e4800000,0x00000000e4800000,0x00000000e6f80000)
  to   space 71168K, 0% used [0x00000000eac80000,0x00000000eac80000,0x00000000ef200000)
 ParOldGen       total 307200K, used 180196K [0x00000000a1200000, 0x00000000b3e00000, 0x00000000e0600000)
  object space 307200K, 58% used [0x00000000a1200000,0x00000000ac1f91d0,0x00000000b3e00000)
 Metaspace       used 17787K, capacity 18968K, committed 19200K, reserved 1064960K
  class space    used 2557K, capacity 2812K, committed 2816K, reserved 1048576K

Card table byte_map: [0x0000000011b00000,0x0000000011e00000] byte_map_base: 0x00000000115f7000

Marking Bits: (ParMarkBitMap*) 0x00000000737da6c0
 Begin Bits: [0x0000000012400000, 0x0000000013bb8000)
 End Bits:   [0x0000000013bb8000, 0x0000000015370000)

Polling page: 0x0000000000640000

CodeCache: size=245760Kb used=7656Kb max_used=7689Kb free=238103Kb
 bounds [0x0000000002740000, 0x0000000002ed0000, 0x0000000011740000]
 total_blobs=3233 nmethods=2555 adapters=590
 compilation: enabled

Compilation events (10 events):
Event: 76.757 Thread 0x000000001606c000 2584       1       javafx.scene.layout.CornerRadii::isUniform (5 bytes)
Event: 76.757 Thread 0x000000001606c000 nmethod 2584 0x000000000288a890 code [0x000000000288a9e0, 0x000000000288aaf0]
Event: 76.765 Thread 0x0000000016056000 nmethod 2572 0x0000000002871010 code [0x00000000028711a0, 0x0000000002871b28]
Event: 76.766 Thread 0x0000000016056000 2582       4       java.lang.Double::compare (54 bytes)
Event: 76.766 Thread 0x0000000016056000 nmethod 2582 0x000000000285dc10 code [0x000000000285dd40, 0x000000000285de38]
Event: 76.772 Thread 0x0000000016059800 nmethod 2573 0x0000000002ec6390 code [0x0000000002ec6580, 0x0000000002ec71d0]
Event: 76.809 Thread 0x000000001606c000 2585       1       com.sun.javafx.scene.SceneEventDispatcher::getLastDispatcher (5 bytes)
Event: 76.809 Thread 0x000000001606c000 nmethod 2585 0x00000000028ce990 code [0x00000000028ceae0, 0x00000000028cebf0]
Event: 76.818 Thread 0x000000001606c000 2586       3       jdk.internal.org.objectweb.asm.MethodVisitor::visitFieldInsn (20 bytes)
Event: 76.818 Thread 0x000000001606c000 nmethod 2586 0x0000000002845e10 code [0x0000000002845f80, 0x00000000028461e8]

GC Heap History (10 events):
Event: 2.705 GC heap before
{Heap before GC invocations=6 (full 1):
 PSYoungGen      total 53248K, used 47131K [0x00000000e0600000, 0x00000000e3e00000, 0x0000000100000000)
  eden space 49152K, 95% used [0x00000000e0600000,0x00000000e3406f60,0x00000000e3600000)
  from space 4096K, 0% used [0x00000000e3a00000,0x00000000e3a00000,0x00000000e3e00000)
  to   space 4096K, 0% used [0x00000000e3600000,0x00000000e3600000,0x00000000e3a00000)
 ParOldGen       total 118784K, used 55402K [0x00000000a1200000, 0x00000000a8600000, 0x00000000e0600000)
  object space 118784K, 46% used [0x00000000a1200000,0x00000000a481a9d0,0x00000000a8600000)
 Metaspace       used 12725K, capacity 13344K, committed 13568K, reserved 1060864K
  class space    used 1773K, capacity 1928K, committed 2048K, reserved 1048576K
Event: 2.724 GC heap after
Heap after GC invocations=6 (full 1):
 PSYoungGen      total 53248K, used 4017K [0x00000000e0600000, 0x00000000e9200000, 0x0000000100000000)
  eden space 49152K, 0% used [0x00000000e0600000,0x00000000e0600000,0x00000000e3600000)
  from space 4096K, 98% used [0x00000000e3600000,0x00000000e39ec5d0,0x00000000e3a00000)
  to   space 32768K, 0% used [0x00000000e7200000,0x00000000e7200000,0x00000000e9200000)
 ParOldGen       total 118784K, used 90716K [0x00000000a1200000, 0x00000000a8600000, 0x00000000e0600000)
  object space 118784K, 76% used [0x00000000a1200000,0x00000000a6a97040,0x00000000a8600000)
 Metaspace       used 12725K, capacity 13344K, committed 13568K, reserved 1060864K
  class space    used 1773K, capacity 1928K, committed 2048K, reserved 1048576K
}
Event: 2.724 GC heap before
{Heap before GC invocations=7 (full 2):
 PSYoungGen      total 53248K, used 4017K [0x00000000e0600000, 0x00000000e9200000, 0x0000000100000000)
  eden space 49152K, 0% used [0x00000000e0600000,0x00000000e0600000,0x00000000e3600000)
  from space 4096K, 98% used [0x00000000e3600000,0x00000000e39ec5d0,0x00000000e3a00000)
  to   space 32768K, 0% used [0x00000000e7200000,0x00000000e7200000,0x00000000e9200000)
 ParOldGen       total 118784K, used 90716K [0x00000000a1200000, 0x00000000a8600000, 0x00000000e0600000)
  object space 118784K, 76% used [0x00000000a1200000,0x00000000a6a97040,0x00000000a8600000)
 Metaspace       used 12725K, capacity 13344K, committed 13568K, reserved 1060864K
  class space    used 1773K, capacity 1928K, committed 2048K, reserved 1048576K
Event: 2.764 GC heap after
Heap after GC invocations=7 (full 2):
 PSYoungGen      total 53248K, used 0K [0x00000000e0600000, 0x00000000e9200000, 0x0000000100000000)
  eden space 49152K, 0% used [0x00000000e0600000,0x00000000e0600000,0x00000000e3600000)
  from space 4096K, 0% used [0x00000000e3600000,0x00000000e3600000,0x00000000e3a00000)
  to   space 32768K, 0% used [0x00000000e7200000,0x00000000e7200000,0x00000000e9200000)
 ParOldGen       total 189440K, used 92123K [0x00000000a1200000, 0x00000000acb00000, 0x00000000e0600000)
  object space 189440K, 48% used [0x00000000a1200000,0x00000000a6bf6e40,0x00000000acb00000)
 Metaspace       used 12725K, capacity 13344K, committed 13568K, reserved 1060864K
  class space    used 1773K, capacity 1928K, committed 2048K, reserved 1048576K
}
Event: 3.154 GC heap before
{Heap before GC invocations=8 (full 2):
 PSYoungGen      total 53248K, used 49152K [0x00000000e0600000, 0x00000000e9200000, 0x0000000100000000)
  eden space 49152K, 100% used [0x00000000e0600000,0x00000000e3600000,0x00000000e3600000)
  from space 4096K, 0% used [0x00000000e3600000,0x00000000e3600000,0x00000000e3a00000)
  to   space 32768K, 0% used [0x00000000e7200000,0x00000000e7200000,0x00000000e9200000)
 ParOldGen       total 189440K, used 92123K [0x00000000a1200000, 0x00000000acb00000, 0x00000000e0600000)
  object space 189440K, 48% used [0x00000000a1200000,0x00000000a6bf6e40,0x00000000acb00000)
 Metaspace       used 12745K, capacity 13348K, committed 13568K, reserved 1060864K
  class space    used 1774K, capacity 1928K, committed 2048K, reserved 1048576K
Event: 3.169 GC heap after
Heap after GC invocations=8 (full 2):
 PSYoungGen      total 100352K, used 32615K [0x00000000e0600000, 0x00000000e9700000, 0x0000000100000000)
  eden space 67584K, 0% used [0x00000000e0600000,0x00000000e0600000,0x00000000e4800000)
  from space 32768K, 99% used [0x00000000e7200000,0x00000000e91d9fd0,0x00000000e9200000)
  to   space 40448K, 0% used [0x00000000e4800000,0x00000000e4800000,0x00000000e6f80000)
 ParOldGen       total 189440K, used 98770K [0x00000000a1200000, 0x00000000acb00000, 0x00000000e0600000)
  object space 189440K, 52% used [0x00000000a1200000,0x00000000a7274840,0x00000000acb00000)
 Metaspace       used 12745K, capacity 13348K, committed 13568K, reserved 1060864K
  class space    used 1774K, capacity 1928K, committed 2048K, reserved 1048576K
}
Event: 3.547 GC heap before
{Heap before GC invocations=9 (full 2):
 PSYoungGen      total 100352K, used 100199K [0x00000000e0600000, 0x00000000e9700000, 0x0000000100000000)
  eden space 67584K, 100% used [0x00000000e0600000,0x00000000e4800000,0x00000000e4800000)
  from space 32768K, 99% used [0x00000000e7200000,0x00000000e91d9fd0,0x00000000e9200000)
  to   space 40448K, 0% used [0x00000000e4800000,0x00000000e4800000,0x00000000e6f80000)
 ParOldGen       total 189440K, used 98770K [0x00000000a1200000, 0x00000000acb00000, 0x00000000e0600000)
  object space 189440K, 52% used [0x00000000a1200000,0x00000000a7274840,0x00000000acb00000)
 Metaspace       used 12765K, capacity 13360K, committed 13568K, reserved 1060864K
  class space    used 1775K, capacity 1930K, committed 2048K, reserved 1048576K
Event: 3.589 GC heap after
Heap after GC invocations=9 (full 2):
 PSYoungGen      total 108032K, used 40417K [0x00000000e0600000, 0x00000000ef200000, 0x0000000100000000)
  eden space 67584K, 0% used [0x00000000e0600000,0x00000000e0600000,0x00000000e4800000)
  from space 40448K, 99% used [0x00000000e4800000,0x00000000e6f78698,0x00000000e6f80000)
  to   space 71168K, 0% used [0x00000000eac80000,0x00000000eac80000,0x00000000ef200000)
 ParOldGen       total 189440K, used 143339K [0x00000000a1200000, 0x00000000acb00000, 0x00000000e0600000)
  object space 189440K, 75% used [0x00000000a1200000,0x00000000a9dfae60,0x00000000acb00000)
 Metaspace       used 12765K, capacity 13360K, committed 13568K, reserved 1060864K
  class space    used 1775K, capacity 1930K, committed 2048K, reserved 1048576K
}
Event: 3.589 GC heap before
{Heap before GC invocations=10 (full 3):
 PSYoungGen      total 108032K, used 40417K [0x00000000e0600000, 0x00000000ef200000, 0x0000000100000000)
  eden space 67584K, 0% used [0x00000000e0600000,0x00000000e0600000,0x00000000e4800000)
  from space 40448K, 99% used [0x00000000e4800000,0x00000000e6f78698,0x00000000e6f80000)
  to   space 71168K, 0% used [0x00000000eac80000,0x00000000eac80000,0x00000000ef200000)
 ParOldGen       total 189440K, used 143339K [0x00000000a1200000, 0x00000000acb00000, 0x00000000e0600000)
  object space 189440K, 75% used [0x00000000a1200000,0x00000000a9dfae60,0x00000000acb00000)
 Metaspace       used 12765K, capacity 13360K, committed 13568K, reserved 1060864K
  class space    used 1775K, capacity 1930K, committed 2048K, reserved 1048576K
Event: 3.655 GC heap after
Heap after GC invocations=10 (full 3):
 PSYoungGen      total 108032K, used 0K [0x00000000e0600000, 0x00000000ef200000, 0x0000000100000000)
  eden space 67584K, 0% used [0x00000000e0600000,0x00000000e0600000,0x00000000e4800000)
  from space 40448K, 0% used [0x00000000e4800000,0x00000000e4800000,0x00000000e6f80000)
  to   space 71168K, 0% used [0x00000000eac80000,0x00000000eac80000,0x00000000ef200000)
 ParOldGen       total 307200K, used 180196K [0x00000000a1200000, 0x00000000b3e00000, 0x00000000e0600000)
  object space 307200K, 58% used [0x00000000a1200000,0x00000000ac1f91d0,0x00000000b3e00000)
 Metaspace       used 12765K, capacity 13360K, committed 13568K, reserved 1060864K
  class space    used 1775K, capacity 1930K, committed 2048K, reserved 1048576K
}

Deoptimization events (10 events):
Event: 4.241 Thread 0x000000001808d800 Uncommon trap: reason=unstable_if action=reinterpret pc=0x0000000002b446b4 method=java.io.BufferedInputStream.fill()V @ 219
Event: 4.253 Thread 0x000000001808d800 Uncommon trap: reason=class_check action=maybe_recompile pc=0x0000000002b40554 method=java.io.BufferedInputStream.read1([BII)I @ 39
Event: 4.253 Thread 0x000000001808d800 Uncommon trap: reason=unstable_if action=reinterpret pc=0x0000000002b404bc method=java.io.BufferedInputStream.fill()V @ 219
Event: 29.227 Thread 0x0000000018103800 Uncommon trap: reason=array_check action=maybe_recompile pc=0x0000000002c9068c method=com.sun.javafx.css.SimpleSelector.applies(Ljavafx/css/Styleable;[Ljava/util/Set;I)Z @ 37
Event: 29.227 Thread 0x0000000018103800 Uncommon trap: reason=array_check action=maybe_recompile pc=0x0000000002c9068c method=com.sun.javafx.css.SimpleSelector.applies(Ljavafx/css/Styleable;[Ljava/util/Set;I)Z @ 37
Event: 29.227 Thread 0x0000000018103800 Uncommon trap: reason=array_check action=maybe_recompile pc=0x0000000002c9068c method=com.sun.javafx.css.SimpleSelector.applies(Ljavafx/css/Styleable;[Ljava/util/Set;I)Z @ 37
Event: 29.227 Thread 0x0000000018103800 Uncommon trap: reason=array_check action=maybe_recompile pc=0x0000000002c9068c method=com.sun.javafx.css.SimpleSelector.applies(Ljavafx/css/Styleable;[Ljava/util/Set;I)Z @ 37
Event: 56.557 Thread 0x0000000018103800 Uncommon trap: reason=unstable_if action=reinterpret pc=0x0000000002eabd00 method=com.sun.scenario.animation.shared.FiniteClipEnvelope.timePulse(J)V @ 279
Event: 76.818 Thread 0x000000001832c800 Uncommon trap: reason=unstable_if action=reinterpret pc=0x0000000002ea43c8 method=java.util.concurrent.locks.ReentrantLock$NonfairSync.lock()V @ 6
Event: 76.818 Thread 0x000000001832c800 Uncommon trap: reason=unstable_if action=reinterpret pc=0x0000000002e89dc0 method=java.util.concurrent.locks.ReentrantLock$Sync.tryRelease(I)Z @ 28

Internal exceptions (10 events):
Event: 0.307 Thread 0x0000000002642800 Exception <a 'java/security/PrivilegedActionException'> (0x00000000e0a6b8d0) thrown at [C:\re\workspace\8-2-build-windows-amd64-cygwin\jdk8u102\7268\hotspot\src\share\vm\prims\jvm.cpp, line 1386]
Event: 0.307 Thread 0x0000000002642800 Exception <a 'java/lang/NullPointerException'> (0x00000000e0a6c2d8) thrown at [C:\re\workspace\8-2-build-windows-amd64-cygwin\jdk8u102\7268\hotspot\src\share\vm\interpreter\linkResolver.cpp, line 1178]
Event: 0.340 Thread 0x0000000002642800 Implicit null exception at 0x0000000002865255 to 0x0000000002865421
Event: 0.788 Thread 0x0000000018103800 Exception <a 'java/lang/NullPointerException'> (0x00000000e1642e68) thrown at [C:\re\workspace\8-2-build-windows-amd64-cygwin\jdk8u102\7268\hotspot\src\share\vm\interpreter\linkResolver.cpp, line 1178]
Event: 0.788 Thread 0x0000000018103800 Exception <a 'java/lang/NullPointerException'> (0x00000000e1642e68) thrown at [C:\re\workspace\8-2-build-windows-amd64-cygwin\jdk8u102\7268\hotspot\src\share\vm\prims\jvm.cpp, line 1390]
Event: 2.024 Thread 0x0000000018103800 Exception <a 'java/lang/UnsatisfiedLinkError': com.sun.media.jfxmediaimpl.NativeAudioClip.nacInit()Z> (0x00000000e178b380) thrown at [C:\re\workspace\8-2-build-windows-amd64-cygwin\jdk8u102\7268\hotspot\src\share\vm\prims\nativeLookup.cpp, line 378]
Event: 2.025 Thread 0x0000000018103800 Exception <a 'java/lang/UnsatisfiedLinkError': com.sun.media.jfxmedia.logging.Logger.nativeSetNativeLevel(I)V> (0x00000000e178fa80) thrown at [C:\re\workspace\8-2-build-windows-amd64-cygwin\jdk8u102\7268\hotspot\src\share\vm\prims\nativeLookup.cpp, line 37rÊ·Å
Event: 2.063 Thread 0x0000000018103800 Implicit null exception at 0x00000000029703d6 to 0x0000000002970781
Event: 4.116 Thread 0x0000000018103800 Implicit null exception at 0x0000000002a70c4e to 0x0000000002a71db9
Event: 76.818 Thread 0x000000001832c800 Exception <a 'java/lang/IllegalStateException'> (0x00000000e2a54688) thrown at [C:\re\workspace\8-2-build-windows-amd64-cygwin\jdk8u102\7268\hotspot\src\share\vm\prims\jvm.cpp, line 1390]

Events (10 events):
Event: 76.818 Thread 0x000000001832c800 DEOPT UNPACKING pc=0x000000000278582a sp=0x000000002215e550 mode 2
Event: 76.818 Thread 0x000000001832c800 Uncommon trap: trap_request=0xffffff65 fr.pc=0x0000000002e89dc0
Event: 76.818 Thread 0x000000001832c800 DEOPT PACKING pc=0x0000000002e89dc0 sp=0x000000002215e5a0
Event: 76.818 Thread 0x000000001832c800 DEOPT UNPACKING pc=0x000000000278582a sp=0x000000002215e528 mode 2
Event: 76.818 loading class com/sun/javafx/tk/quantum/QuantumToolkit
Event: 76.818 loading class com/sun/javafx/tk/quantum/QuantumToolkit done
Event: 76.818 loading class java/util/LinkedList$ListItr
Event: 76.818 loading class java/util/LinkedList$ListItr done
Event: 76.818 Thread 0x000000001832c800 Thread exited: 0x000000001832c800
Event: 76.819 Executing VM operation: Exit


Dynamic libraries:
0x00007ff6c6490000 - 0x00007ff6c64c7000 	C:\Program Files\Java\jdk1.8.0_102\bin\java.exe
0x00007ffcbf9c0000 - 0x00007ffcbfba1000 	C:\WINDOWS\SYSTEM32\ntdll.dll
0x00007ffcbd4e0000 - 0x00007ffcbd591000 	C:\WINDOWS\System32\KERNEL32.DLL
0x00007ffcbc610000 - 0x00007ffcbc883000 	C:\WINDOWS\System32\KERNELBASE.dll
0x0000000076350000 - 0x00000000763e5000 	C:\WINDOWS\System32\SYSFER.DLL
0x00007ffcbd740000 - 0x00007ffcbd7e1000 	C:\WINDOWS\System32\ADVAPI32.dll
0x00007ffcbd660000 - 0x00007ffcbd6fe000 	C:\WINDOWS\System32\msvcrt.dll
0x00007ffcbd600000 - 0x00007ffcbd65b000 	C:\WINDOWS\System32\sechost.dll
0x00007ffcbd250000 - 0x00007ffcbd374000 	C:\WINDOWS\System32\RPCRT4.dll
0x00007ffcbd7f0000 - 0x00007ffcbd980000 	C:\WINDOWS\System32\USER32.dll
0x00007ffcbbdf0000 - 0x00007ffcbbe10000 	C:\WINDOWS\System32\win32u.dll
0x00007ffcbd700000 - 0x00007ffcbd728000 	C:\WINDOWS\System32\GDI32.dll
0x00007ffcbccb0000 - 0x00007ffcbce42000 	C:\WINDOWS\System32\gdi32full.dll
0x00007ffcbc520000 - 0x00007ffcbc5bf000 	C:\WINDOWS\System32\msvcp_win.dll
0x00007ffcbc940000 - 0x00007ffcbca38000 	C:\WINDOWS\System32\ucrtbase.dll
0x00007ffcafdb0000 - 0x00007ffcb0019000 	C:\WINDOWS\WinSxS\amd64_microsoft.windows.common-controls_6595b64144ccf1df_6.0.17134.706_none_fb43a2cb30647007\COMCTL32.dll
0x00007ffcbf660000 - 0x00007ffcbf982000 	C:\WINDOWS\System32\combase.dll
0x00007ffcbcc30000 - 0x00007ffcbccaa000 	C:\WINDOWS\System32\bcryptPrimitives.dll
0x00007ffcbda00000 - 0x00007ffcbda2d000 	C:\WINDOWS\System32\IMM32.DLL
0x0000000074bf0000 - 0x0000000074cc1000 	C:\Program Files\Java\jdk1.8.0_102\jre\bin\msvcr100.dll
0x0000000072fc0000 - 0x000000007385a000 	C:\Program Files\Java\jdk1.8.0_102\jre\bin\server\jvm.dll
0x00007ffcbd730000 - 0x00007ffcbd738000 	C:\WINDOWS\System32\PSAPI.DLL
0x00007ffcbabf0000 - 0x00007ffcbabf9000 	C:\WINDOWS\SYSTEM32\WSOCK32.dll
0x00007ffcbf5d0000 - 0x00007ffcbf63c000 	C:\WINDOWS\System32\WS2_32.dll
0x00007ffcb9bd0000 - 0x00007ffcb9bf3000 	C:\WINDOWS\SYSTEM32\WINMM.dll
0x00007ffcad380000 - 0x00007ffcad38a000 	C:\WINDOWS\SYSTEM32\VERSION.dll
0x00007ffcb9ba0000 - 0x00007ffcb9bca000 	C:\WINDOWS\SYSTEM32\WINMMBASE.dll
0x00007ffcbc5c0000 - 0x00007ffcbc609000 	C:\WINDOWS\System32\cfgmgr32.dll
0x0000000074be0000 - 0x0000000074bef000 	C:\Program Files\Java\jdk1.8.0_102\jre\bin\verify.dll
0x0000000074bb0000 - 0x0000000074bd9000 	C:\Program Files\Java\jdk1.8.0_102\jre\bin\java.dll
0x0000000074760000 - 0x0000000074783000 	C:\Program Files\Java\jdk1.8.0_102\jre\bin\instrument.dll
0x0000000074740000 - 0x0000000074756000 	C:\Program Files\Java\jdk1.8.0_102\jre\bin\zip.dll
0x00007ffcbda30000 - 0x00007ffcbee70000 	C:\WINDOWS\System32\SHELL32.dll
0x00007ffcbd1a0000 - 0x00007ffcbd249000 	C:\WINDOWS\System32\shcore.dll
0x00007ffcbbe10000 - 0x00007ffcbc51d000 	C:\WINDOWS\System32\windows.storage.dll
0x00007ffcbce50000 - 0x00007ffcbcea1000 	C:\WINDOWS\System32\shlwapi.dll
0x00007ffcbbd70000 - 0x00007ffcbbd81000 	C:\WINDOWS\System32\kernel.appcore.dll
0x00007ffcbbd30000 - 0x00007ffcbbd4f000 	C:\WINDOWS\System32\profapi.dll
0x00007ffcbbcd0000 - 0x00007ffcbbd1c000 	C:\WINDOWS\System32\powrprof.dll
0x00007ffcbbd20000 - 0x00007ffcbbd2a000 	C:\WINDOWS\System32\FLTLIB.DLL
0x00007ffca5620000 - 0x00007ffca563a000 	C:\Program Files\JetBrains\IntelliJ IDEA Community Edition 2018.3.4\bin\breakgen64.dll
0x0000000074720000 - 0x000000007473a000 	C:\Program Files\Java\jdk1.8.0_102\jre\bin\net.dll
0x00007ffcbb550000 - 0x00007ffcbb5b6000 	C:\WINDOWS\system32\mswsock.dll
0x00007ffc81f50000 - 0x00007ffc8203f000 	C:\Program Files\Java\jdk1.8.0_102\jre\bin\msvcr120.dll
0x00007ffc830d0000 - 0x00007ffc83176000 	C:\Program Files\Java\jdk1.8.0_102\jre\bin\msvcp120.dll
0x00000000746f0000 - 0x0000000074712000 	C:\Program Files\Java\jdk1.8.0_102\jre\bin\prism_d3d.dll
0x00007ffc80050000 - 0x00007ffc801e7000 	C:\WINDOWS\system32\d3d9.dll
0x00007ffcba0c0000 - 0x00007ffcba0e9000 	C:\WINDOWS\SYSTEM32\dwmapi.dll
0x00007ffcb9f40000 - 0x00007ffcb9fd8000 	C:\WINDOWS\system32\uxtheme.dll
0x00007ffcbcf50000 - 0x00007ffcbd012000 	C:\WINDOWS\System32\OLEAUT32.dll
0x00007ffcbd380000 - 0x00007ffcbd4d1000 	C:\WINDOWS\System32\ole32.dll
0x00000000746a0000 - 0x00000000746e3000 	C:\Program Files\Java\jdk1.8.0_102\jre\bin\glass.dll
0x00007ffcbee80000 - 0x00007ffcbef6d000 	C:\WINDOWS\System32\COMDLG32.dll
0x00007ffcbd020000 - 0x00007ffcbd193000 	C:\WINDOWS\System32\MSCTF.dll
0x0000000074660000 - 0x0000000074674000 	C:\Program Files\Java\jdk1.8.0_102\jre\bin\javafx_font.dll
0x00007ffcb0a00000 - 0x00007ffcb0d1c000 	C:\WINDOWS\SYSTEM32\dwrite.dll
0x0000000074600000 - 0x0000000074623000 	C:\Program Files\Java\jdk1.8.0_102\jre\bin\javafx_iio.dll
0x0000000074580000 - 0x00000000745f3000 	C:\Program Files\Java\jdk1.8.0_102\jre\bin\glib-lite.dll
0x00000000744e0000 - 0x000000007457c000 	C:\Program Files\Java\jdk1.8.0_102\jre\bin\gstreamer-lite.dll
0x00007ffc943e0000 - 0x00007ffc9446f000 	C:\WINDOWS\SYSTEM32\DSOUND.dll
0x00000000744b0000 - 0x00000000744d5000 	C:\Program Files\Java\jdk1.8.0_102\jre\bin\jfxmedia.dll
0x00007ffcbceb0000 - 0x00007ffcbcf50000 	C:\WINDOWS\System32\clbcatq.dll
0x00007ffcb61d0000 - 0x00007ffcb637e000 	C:\WINDOWS\SYSTEM32\WindowsCodecs.dll
0x00007ffc8c8f0000 - 0x00007ffc8c948000 	C:\WINDOWS\system32\dataexchange.dll
0x00007ffcb8bb0000 - 0x00007ffcb8ebb000 	C:\WINDOWS\system32\d3d11.dll
0x00007ffcb9630000 - 0x00007ffcb97cc000 	C:\WINDOWS\system32\dcomp.dll
0x00007ffcba6f0000 - 0x00007ffcba7ab000 	C:\WINDOWS\system32\dxgi.dll
0x00007ffcba250000 - 0x00007ffcba408000 	C:\WINDOWS\system32\twinapi.appcore.dll
0x00007ffcba1a0000 - 0x00007ffcba1c9000 	C:\WINDOWS\system32\RMCLIENT.dll
0x00007ffca26e0000 - 0x00007ffca2714000 	C:\Program Files\Common Files\Microsoft Shared\Ink\rtscom.dll
0x0000000074640000 - 0x0000000074651000 	C:\Program Files\Java\jdk1.8.0_102\jre\bin\prism_common.dll
0x00007ffcb8520000 - 0x00007ffcb8ae7000 	C:\WINDOWS\SYSTEM32\d2d1.dll
0x00007ffc6b190000 - 0x00007ffc6b90e000 	C:\WINDOWS\SYSTEM32\D3D10Warp.dll
0x00007ffcb4da0000 - 0x00007ffcb4e36000 	C:\WINDOWS\System32\TextInputFramework.dll
0x00007ffcb5d40000 - 0x00007ffcb605e000 	C:\WINDOWS\System32\CoreUIComponents.dll
0x00007ffcb97d0000 - 0x00007ffcb98aa000 	C:\WINDOWS\System32\CoreMessaging.dll
0x00007ffcbadc0000 - 0x00007ffcbadf1000 	C:\WINDOWS\SYSTEM32\ntmarta.dll
0x00007ffcb7540000 - 0x00007ffcb768d000 	C:\WINDOWS\SYSTEM32\wintypes.dll
0x00007ffcbaa00000 - 0x00007ffcbabc9000 	C:\WINDOWS\SYSTEM32\dbghelp.dll

VM Arguments:
jvm_args: -javaagent:C:\Program Files\JetBrains\IntelliJ IDEA Community Edition 2018.3.4\lib\idea_rt.jar=58671:C:\Program Files\JetBrains\IntelliJ IDEA Community Edition 2018.3.4\bin -Dfile.encoding=UTF-8 
java_command: ClientFX
java_class_path (initial): C:\Program Files\Java\jdk1.8.0_102\jre\lib\charsets.jar;C:\Program Files\Java\jdk1.8.0_102\jre\lib\deploy.jar;C:\Program Files\Java\jdk1.8.0_102\jre\lib\ext\access-bridge-64.jar;C:\Program Files\Java\jdk1.8.0_102\jre\lib\ext\cldrdata.jar;C:\Program Files\Java\jdk1.8.0_102\jre\lib\ext\dnsns.jar;C:\Program Files\Java\jdk1.8.0_102\jre\lib\ext\jaccess.jar;C:\Program Files\Java\jdk1.8.0_102\jre\lib\ext\jfxrt.jar;C:\Program Files\Java\jdk1.8.0_102\jre\lib\ext\localedata.jar;C:\Program Files\Java\jdk1.8.0_102\jre\lib\ext\nashorn.jar;C:\Program Files\Java\jdk1.8.0_102\jre\lib\ext\sunec.jar;C:\Program Files\Java\jdk1.8.0_102\jre\lib\ext\sunjce_provider.jar;C:\Program Files\Java\jdk1.8.0_102\jre\lib\ext\sunmscapi.jar;C:\Program Files\Java\jdk1.8.0_102\jre\lib\ext\sunpkcs11.jar;C:\Program Files\Java\jdk1.8.0_102\jre\lib\ext\zipfs.jar;C:\Program Files\Java\jdk1.8.0_102\jre\lib\javaws.jar;C:\Program Files\Java\jdk1.8.0_102\jre\lib\jce.jar;C:\Program Files\Java\jdk1.8.0_102\jre\lib\jfr.jar;C:\Program Files\Java\jdk1.8.0_102\jre\lib\jfxswt.jar;C:\Program Files\Java\jdk1.8.0_102\jre\lib\jsse.jar;C:\Program Files\Java\jdk1.8.0_102\jre\lib\management-agent.jar;C:\Program Files\Java\jdk1.8.0_102\jre\lib\plugin.jar;C:\Program Files\Java\jdk1.8.0_102\jre\lib\resources.jar;C:\Program Files\Java\jdk1.8.0_102\jre\lib\rt.jar;C:\Users\Don\Documents\GitHub\Project5\Client\out\production\Client;C:\Program Files\JetBrains\IntelliJ IDEA Community Edition 2018.3.4\lib\idea_rt.jar
Launcher Type: SUN_STANDARD

Environment Variables:
JAVA_HOME=C:\Program Files\Java\jdk1.8.0_172
CLASSPATH=.;
PATH=C:\Python27\;C:\Python27\Scripts;C:\Program Files (x86)\Common Files\Oracle\Java\javapath;C:\ProgramData\Oracle\Java\javapath;C:\Program Files (x86)\Intel\iCLS Client\;C:\Program Files\Intel\iCLS Client\;C:\WINDOWS\system32;C:\WINDOWS;C:\WINDOWS\System32\Wbem;C:\WINDOWS\System32\WindowsPowerShell\v1.0\;C:\Program Files\Hewlett-Packard\SimplePass\;C:\Program Files (x86)\Windows Live\Shared;C:\Program Files\Novell\iPrint;C:\WINDOWS\System32\OpenSSH\;C:\ProgramData\chocolatey\bin;C:\Program Files\Java\jdk1.8.0_172\bin;C:\TDM-GCC-64\bin;C:\Program Files\PuTTY\;C:\Program Files\Intel\Intel(R) Management Engine Components\DAL;C:\Program Files\Intel\Intel(R) Management Engine Components\IPT;C:\Program Files\dotnet\;C:\Program Files\Git\cmd;C:\Program Files\nodejs\;C:\Users\Don\AppData\Local\Microsoft\WindowsApps;C:\Users\Don\AndroidAppData\platform-tools;C:\Users\Don\AppData\Local\Programs\Microsoft VS Code\bin;C:\Users\Don\.dotnet\tools;C:\Program Files (x86)\Java\jdk1.8.0_102\bin;;C:\Users\Don\AppData\Local\Programs\Azure Data Studio\bin;C:\Users\Don\AppData\Roaming\npm
USERNAME=Don
OS=Windows_NT
PROCESSOR_IDENTIFIER=Intel64 Family 6 Model 61 Stepping 4, GenuineIntel



---------------  S Y S T E M  ---------------

OS: Windows 10.0 , 64 bit Build 17134 (10.0.17134.706)

CPU:total 4 (2 cores per cpu, 2 threads per core) family 6 model 61 stepping 4, cmov, cx8, fxsr, mmx, sse, sse2, sse3, ssse3, sse4.1, sse4.2, popcnt, avx, avx2, aes, clmul, erms, 3dnowpref, lzcnt, ht, tsc, tscinvbit, bmi1, bmi2, adx

Memory: 4k page, physical 6211852k(1888220k free), swap 12951904k(3302764k free)

vm_info: Java HotSpot(TM) 64-Bit Server VM (25.102-b14) for windows-amd64 JRE (1.8.0_102-b14), built on Jun 22 2016 13:15:21 by "java_re" with MS VC++ 10.0 (VS2010)

time: Sat May 04 22:17:40 2019
elapsed time: 77 seconds (0d 0h 1m 17s)

