#
# A fatal error has been detected by the Java Runtime Environment:
#
#  EXCEPTION_ACCESS_VIOLATION (0xc0000005) at pc=0x00000000746c584a, pid=15264, tid=0x0000000000003bb4
#
# JRE version: Java(TM) SE Runtime Environment (8.0_102-b14) (build 1.8.0_102-b14)
# Java VM: Java HotSpot(TM) 64-Bit Server VM (25.102-b14 mixed mode windows-amd64 compressed oops)
# Problematic frame:
# C  [glass.dll+0x2584a]
#
# Failed to write core dump. Minidumps are not enabled by default on client versions of Windows
#
# If you would like to submit a bug report, please visit:
#   http://bugreport.java.com/bugreport/crash.jsp
#

---------------  T H R E A D  ---------------

Current thread (0x0000000016947800):  VMThread [stack: 0x00000000179e0000,0x0000000017ae0000] [id=15284]

siginfo: ExceptionCode=0xc0000005, reading address 0x0000000000000000

Registers:
RAX=0x0000000000000000, RBX=0x0000000018a46690, RCX=0x0000000016947800, RDX=0x0000000018a46690
RSP=0x0000000017adf3a0, RBP=0x00000000010d1360, RSI=0x0000000000000001, RDI=0x0000000000000000
R8 =0x0000000000010002, R9 =0x00000000010d1360, R10=0x0000000000000000, R11=0x0000000000000246
R12=0x00000000010d1390, R13=0x00000000010d1360, R14=0x00000000010d1370, R15=0x0000000000000000
RIP=0x00000000746c584a, EFLAGS=0x0000000000010202

Top of Stack: (sp=0x0000000017adf3a0)
0x0000000017adf3a0:   0000000000000000 00000000746c5900
0x0000000017adf3b0:   0000000000000000 00000000746d91b0
0x0000000017adf3c0:   00000000746c5830 00000000746c3224
0x0000000017adf3d0:   00000000746c5a60 00007ffc8e1ee688
0x0000000017adf3e0:   0000000000000000 00007ffcbadc71a4
0x0000000017adf3f0:   0000000000000001 00000000746a0000
0x0000000017adf400:   0000000001001638 00000000746c34a6
0x0000000017adf410:   0000000000000001 0000000016855400
0x0000000017adf420:   0000000000000000 00000000746c3384
0x0000000017adf430:   c000000500000001 0000000017ade510
0x0000000017adf440:   00000000746a0000 00007ffcbf9fb583
0x0000000017adf450:   000000007ffe0385 0000000000000000
0x0000000017adf460:   000000007ffe0384 000000007ffe0385
0x0000000017adf470:   000000000000000f 00007ffcbfa0813a
0x0000000017adf480:   00002b71a4d4a900 0000000001094860
0x0000000017adf490:   0000000000000000 0000000000000000 

Instructions: (pc=0x00000000746c584a)
0x00000000746c582a:   83 c4 20 5d c3 cc 40 53 48 83 ec 20 48 8b 1d cb
0x00000000746c583a:   5b 01 00 48 85 db 74 1a e8 19 93 ff ff 48 8b d3
0x00000000746c584a:   4c 8b 00 48 8b c8 48 83 c4 20 5b 49 ff a0 b0 00
0x00000000746c585a:   00 00 48 83 c4 20 5b c3 cc cc cc cc cc cc cc cc 


Register to memory mapping:

RAX=0x0000000000000000 is an unknown value
RBX=0x0000000018a46690 is a global jni handle
RCX=0x0000000016947800 is an unknown value
RDX=0x0000000018a46690 is a global jni handle
RSP=0x0000000017adf3a0 is an unknown value
RBP=0x00000000010d1360 is an unknown value
RSI=0x0000000000000001 is an unknown value
RDI=0x0000000000000000 is an unknown value
R8 =0x0000000000010002 is an unknown value
R9 =0x00000000010d1360 is an unknown value
R10=0x0000000000000000 is an unknown value
R11=0x0000000000000246 is an unknown value
R12=0x00000000010d1390 is an unknown value
R13=0x00000000010d1360 is an unknown value
R14=0x00000000010d1370 is an unknown value
R15=0x0000000000000000 is an unknown value


Stack: [0x00000000179e0000,0x0000000017ae0000],  sp=0x0000000017adf3a0,  free space=1020k
Native frames: (J=compiled Java code, j=interpreted, Vv=VM code, C=native code)
C  [glass.dll+0x2584a]
C  [glass.dll+0x23224]
C  [glass.dll+0x234a6]
C  [ntdll.dll+0x3b583]
C  [ntdll.dll+0x47f85]
C  [ntdll.dll+0x47e48]
C  [KERNEL32.DLL+0x1ca7a]
C  [msvcr100.dll+0x20cb9]
V  [jvm.dll+0x212a05]
V  [jvm.dll+0x24b647]
V  [jvm.dll+0x24a8e6]
V  [jvm.dll+0x24ad81]
V  [jvm.dll+0x24af9e]
V  [jvm.dll+0x29c03a]
C  [msvcr100.dll+0x21d7b]
C  [msvcr100.dll+0x21e17]
C  [KERNEL32.DLL+0x14034]
C  [ntdll.dll+0x73691]

VM_Operation (0x0000000019629ba0): Exit, mode: safepoint, requested by thread 0x00000000189d9800


---------------  P R O C E S S  ---------------

Java Threads: ( => current thread )
  0x0000000018fae800 JavaThread "Thread-5" [_thread_blocked, id=25988, stack(0x0000000022bf0000,0x0000000022cf0000)]
  0x0000000018faf000 JavaThread "Thread-4" daemon [_thread_in_native, id=78528, stack(0x0000000022af0000,0x0000000022bf0000)]
  0x0000000018f24800 JavaThread "Media Resource Disposer" daemon [_thread_blocked, id=19632, stack(0x000000001f880000,0x000000001f980000)]
  0x0000000018ac2800 JavaThread "Prism Font Disposer" daemon [_thread_blocked, id=2380, stack(0x000000001f280000,0x000000001f380000)]
  0x0000000018a77800 JavaThread "JavaFX-Launcher" [_thread_blocked, id=61776, stack(0x000000001e000000,0x000000001e100000)]
  0x0000000018a80800 JavaThread "Thread-2" daemon [_thread_in_native, id=83684, stack(0x000000001df00000,0x000000001e000000)]
  0x00000000189d9800 JavaThread "JavaFX Application Thread" [_thread_blocked, id=15140, stack(0x0000000019530000,0x0000000019630000)]
  0x00000000189e0000 JavaThread "Thread-1" daemon [_thread_blocked, id=46236, stack(0x0000000019430000,0x0000000019530000)]
  0x00000000183ce800 JavaThread "QuantumRenderer-0" daemon [_thread_blocked, id=78004, stack(0x00000000191d0000,0x00000000192d0000)]
  0x0000000018085800 JavaThread "Service Thread" daemon [_thread_blocked, id=11028, stack(0x00000000187d0000,0x00000000188d0000)]
  0x000000001805e800 JavaThread "C1 CompilerThread2" daemon [_thread_blocked, id=28804, stack(0x00000000186d0000,0x00000000187d0000)]
  0x00000000169c9800 JavaThread "C2 CompilerThread1" daemon [_thread_blocked, id=18280, stack(0x00000000185d0000,0x00000000186d0000)]
  0x00000000169c5800 JavaThread "C2 CompilerThread0" daemon [_thread_blocked, id=25984, stack(0x00000000184d0000,0x00000000185d0000)]
  0x00000000169a9000 JavaThread "Monitor Ctrl-Break" daemon [_thread_in_native, id=39776, stack(0x00000000183d0000,0x00000000184d0000)]
  0x000000001697d800 JavaThread "Attach Listener" daemon [_thread_blocked, id=77008, stack(0x0000000017ed0000,0x0000000017fd0000)]
  0x000000001697c800 JavaThread "Signal Dispatcher" daemon [_thread_blocked, id=31704, stack(0x0000000017dd0000,0x0000000017ed0000)]
  0x0000000016968800 JavaThread "Finalizer" daemon [_thread_blocked, id=21304, stack(0x0000000017be0000,0x0000000017ce0000)]
  0x00000000030a4000 JavaThread "Reference Handler" daemon [_thread_blocked, id=70952, stack(0x0000000017ae0000,0x0000000017be0000)]
  0x0000000002fb2800 JavaThread "main" [_thread_blocked, id=55696, stack(0x0000000002d20000,0x0000000002e20000)]

Other Threads:
=>0x0000000016947800 VMThread [stack: 0x00000000179e0000,0x0000000017ae0000] [id=15284]

VM state:at safepoint (shutting down)

VM Mutex/Monitor currently owned by a thread:  ([mutex/lock_event])
[0x000000000100d570] Threads_lock - owner thread: 0x0000000016947800

Heap:
 PSYoungGen      total 110592K, used 51943K [0x00000000e0600000, 0x00000000ef480000, 0x0000000100000000)
  eden space 69632K, 74% used [0x00000000e0600000,0x00000000e38b9c78,0x00000000e4a00000)
  from space 40960K, 0% used [0x00000000e4a00000,0x00000000e4a00000,0x00000000e7200000)
  to   space 72192K, 0% used [0x00000000eae00000,0x00000000eae00000,0x00000000ef480000)
 ParOldGen       total 309248K, used 183195K [0x00000000a1200000, 0x00000000b4000000, 0x00000000e0600000)
  object space 309248K, 59% used [0x00000000a1200000,0x00000000ac4e6e90,0x00000000b4000000)
 Metaspace       used 18314K, capacity 19572K, committed 19840K, reserved 1067008K
  class space    used 2628K, capacity 2894K, committed 2944K, reserved 1048576K

Card table byte_map: [0x0000000012470000,0x0000000012770000] byte_map_base: 0x0000000011f67000

Marking Bits: (ParMarkBitMap*) 0x00000000737da6c0
 Begin Bits: [0x0000000012d70000, 0x0000000014528000)
 End Bits:   [0x0000000014528000, 0x0000000015ce0000)

Polling page: 0x0000000000ff0000

CodeCache: size=245760Kb used=8977Kb max_used=8979Kb free=236782Kb
 bounds [0x00000000030b0000, 0x0000000003980000, 0x00000000120b0000]
 total_blobs=3618 nmethods=2943 adapters=586
 compilation: enabled

Compilation events (10 events):
Event: 18.633 Thread 0x000000001805e800 nmethod 2938 0x00000000039750d0 code [0x0000000003975580, 0x0000000003978768]
Event: 18.642 Thread 0x000000001805e800 2940       3       javafx.scene.paint.Color::color (14 bytes)
Event: 18.643 Thread 0x000000001805e800 nmethod 2940 0x0000000003956750 code [0x00000000039568c0, 0x0000000003956a88]
Event: 18.655 Thread 0x00000000169c9800 nmethod 2939 0x0000000003972d50 code [0x0000000003972f00, 0x0000000003973710]
Event: 18.690 Thread 0x000000001805e800 2941       3       com.sun.javafx.event.CompositeEventHandler$NormalEventHandlerRecord::handleCapturingEvent (1 bytes)
Event: 18.690 Thread 0x000000001805e800 nmethod 2941 0x0000000003956410 code [0x0000000003956560, 0x00000000039566b0]
Event: 18.690 Thread 0x000000001805e800 2942       3       com.sun.javafx.event.CompositeEventHandler$NormalEventHandlerRecord::handleBubblingEvent (11 bytes)
Event: 18.690 Thread 0x000000001805e800 nmethod 2942 0x00000000039728d0 code [0x0000000003972a40, 0x0000000003972c68]
Event: 18.693 Thread 0x000000001805e800 2943       3       javafx.scene.Scene::getUserAgentStylesheet (22 bytes)
Event: 18.693 Thread 0x000000001805e800 nmethod 2943 0x0000000003972310 code [0x0000000003972480, 0x00000000039727e8]

GC Heap History (10 events):
Event: 2.525 GC heap before
{Heap before GC invocations=6 (full 1):
 PSYoungGen      total 53248K, used 48988K [0x00000000e0600000, 0x00000000e3e00000, 0x0000000100000000)
  eden space 49152K, 99% used [0x00000000e0600000,0x00000000e35d72d0,0x00000000e3600000)
  from space 4096K, 0% used [0x00000000e3a00000,0x00000000e3a00000,0x00000000e3e00000)
  to   space 4096K, 0% used [0x00000000e3600000,0x00000000e3600000,0x00000000e3a00000)
 ParOldGen       total 118272K, used 55941K [0x00000000a1200000, 0x00000000a8580000, 0x00000000e0600000)
  object space 118272K, 47% used [0x00000000a1200000,0x00000000a48a14c0,0x00000000a8580000)
 Metaspace       used 12710K, capacity 13350K, committed 13568K, reserved 1060864K
  class space    used 1771K, capacity 1929K, committed 2048K, reserved 1048576K
Event: 2.537 GC heap after
Heap after GC invocations=6 (full 1):
 PSYoungGen      total 53248K, used 4029K [0x00000000e0600000, 0x00000000e9400000, 0x0000000100000000)
  eden space 49152K, 0% used [0x00000000e0600000,0x00000000e0600000,0x00000000e3600000)
  from space 4096K, 98% used [0x00000000e3600000,0x00000000e39ef500,0x00000000e3a00000)
  to   space 33280K, 0% used [0x00000000e7380000,0x00000000e7380000,0x00000000e9400000)
 ParOldGen       total 118272K, used 90105K [0x00000000a1200000, 0x00000000a8580000, 0x00000000e0600000)
  object space 118272K, 76% used [0x00000000a1200000,0x00000000a69fe570,0x00000000a8580000)
 Metaspace       used 12710K, capacity 13350K, committed 13568K, reserved 1060864K
  class space    used 1771K, capacity 1929K, committed 2048K, reserved 1048576K
}
Event: 2.537 GC heap before
{Heap before GC invocations=7 (full 2):
 PSYoungGen      total 53248K, used 4029K [0x00000000e0600000, 0x00000000e9400000, 0x0000000100000000)
  eden space 49152K, 0% used [0x00000000e0600000,0x00000000e0600000,0x00000000e3600000)
  from space 4096K, 98% used [0x00000000e3600000,0x00000000e39ef500,0x00000000e3a00000)
  to   space 33280K, 0% used [0x00000000e7380000,0x00000000e7380000,0x00000000e9400000)
 ParOldGen       total 118272K, used 90105K [0x00000000a1200000, 0x00000000a8580000, 0x00000000e0600000)
  object space 118272K, 76% used [0x00000000a1200000,0x00000000a69fe570,0x00000000a8580000)
 Metaspace       used 12710K, capacity 13350K, committed 13568K, reserved 1060864K
  class space    used 1771K, capacity 1929K, committed 2048K, reserved 1048576K
Event: 2.570 GC heap after
Heap after GC invocations=7 (full 2):
 PSYoungGen      total 53248K, used 0K [0x00000000e0600000, 0x00000000e9400000, 0x0000000100000000)
  eden space 49152K, 0% used [0x00000000e0600000,0x00000000e0600000,0x00000000e3600000)
  from space 4096K, 0% used [0x00000000e3600000,0x00000000e3600000,0x00000000e3a00000)
  to   space 33280K, 0% used [0x00000000e7380000,0x00000000e7380000,0x00000000e9400000)
 ParOldGen       total 188928K, used 93991K [0x00000000a1200000, 0x00000000aca80000, 0x00000000e0600000)
  object space 188928K, 49% used [0x00000000a1200000,0x00000000a6dc9dc8,0x00000000aca80000)
 Metaspace       used 12710K, capacity 13350K, committed 13568K, reserved 1060864K
  class space    used 1771K, capacity 1929K, committed 2048K, reserved 1048576K
}
Event: 2.831 GC heap before
{Heap before GC invocations=8 (full 2):
 PSYoungGen      total 53248K, used 49152K [0x00000000e0600000, 0x00000000e9400000, 0x0000000100000000)
  eden space 49152K, 100% used [0x00000000e0600000,0x00000000e3600000,0x00000000e3600000)
  from space 4096K, 0% used [0x00000000e3600000,0x00000000e3600000,0x00000000e3a00000)
  to   space 33280K, 0% used [0x00000000e7380000,0x00000000e7380000,0x00000000e9400000)
 ParOldGen       total 188928K, used 93991K [0x00000000a1200000, 0x00000000aca80000, 0x00000000e0600000)
  object space 188928K, 49% used [0x00000000a1200000,0x00000000a6dc9dc8,0x00000000aca80000)
 Metaspace       used 12731K, capacity 13354K, committed 13568K, reserved 1060864K
  class space    used 1771K, capacity 1929K, committed 2048K, reserved 1048576K
Event: 2.846 GC heap after
Heap after GC invocations=8 (full 2):
 PSYoungGen      total 102912K, used 33165K [0x00000000e0600000, 0x00000000e9a00000, 0x0000000100000000)
  eden space 69632K, 0% used [0x00000000e0600000,0x00000000e0600000,0x00000000e4a00000)
  from space 33280K, 99% used [0x00000000e7380000,0x00000000e93e3520,0x00000000e9400000)
  to   space 40960K, 0% used [0x00000000e4a00000,0x00000000e4a00000,0x00000000e7200000)
 ParOldGen       total 188928K, used 99386K [0x00000000a1200000, 0x00000000aca80000, 0x00000000e0600000)
  object space 188928K, 52% used [0x00000000a1200000,0x00000000a730ea00,0x00000000aca80000)
 Metaspace       used 12731K, capacity 13354K, committed 13568K, reserved 1060864K
  class space    used 1771K, capacity 1929K, committed 2048K, reserved 1048576K
}
Event: 3.239 GC heap before
{Heap before GC invocations=9 (full 2):
 PSYoungGen      total 102912K, used 102797K [0x00000000e0600000, 0x00000000e9a00000, 0x0000000100000000)
  eden space 69632K, 100% used [0x00000000e0600000,0x00000000e4a00000,0x00000000e4a00000)
  from space 33280K, 99% used [0x00000000e7380000,0x00000000e93e3520,0x00000000e9400000)
  to   space 40960K, 0% used [0x00000000e4a00000,0x00000000e4a00000,0x00000000e7200000)
 ParOldGen       total 188928K, used 99386K [0x00000000a1200000, 0x00000000aca80000, 0x00000000e0600000)
  object space 188928K, 52% used [0x00000000a1200000,0x00000000a730ea00,0x00000000aca80000)
 Metaspace       used 12766K, capacity 13366K, committed 13568K, reserved 1060864K
  class space    used 1773K, capacity 1931K, committed 2048K, reserved 1048576K
Event: 3.264 GC heap after
Heap after GC invocations=9 (full 2):
 PSYoungGen      total 110592K, used 40952K [0x00000000e0600000, 0x00000000ef480000, 0x0000000100000000)
  eden space 69632K, 0% used [0x00000000e0600000,0x00000000e0600000,0x00000000e4a00000)
  from space 40960K, 99% used [0x00000000e4a00000,0x00000000e71fe150,0x00000000e7200000)
  to   space 72192K, 0% used [0x00000000eae00000,0x00000000eae00000,0x00000000ef480000)
 ParOldGen       total 188928K, used 145116K [0x00000000a1200000, 0x00000000aca80000, 0x00000000e0600000)
  object space 188928K, 76% used [0x00000000a1200000,0x00000000a9fb72e0,0x00000000aca80000)
 Metaspace       used 12766K, capacity 13366K, committed 13568K, reserved 1060864K
  class space    used 1773K, capacity 1931K, committed 2048K, reserved 1048576K
}
Event: 3.264 GC heap before
{Heap before GC invocations=10 (full 3):
 PSYoungGen      total 110592K, used 40952K [0x00000000e0600000, 0x00000000ef480000, 0x0000000100000000)
  eden space 69632K, 0% used [0x00000000e0600000,0x00000000e0600000,0x00000000e4a00000)
  from space 40960K, 99% used [0x00000000e4a00000,0x00000000e71fe150,0x00000000e7200000)
  to   space 72192K, 0% used [0x00000000eae00000,0x00000000eae00000,0x00000000ef480000)
 ParOldGen       total 188928K, used 145116K [0x00000000a1200000, 0x00000000aca80000, 0x00000000e0600000)
  object space 188928K, 76% used [0x00000000a1200000,0x00000000a9fb72e0,0x00000000aca80000)
 Metaspace       used 12766K, capacity 13366K, committed 13568K, reserved 1060864K
  class space    used 1773K, capacity 1931K, committed 2048K, reserved 1048576K
Event: 3.325 GC heap after
Heap after GC invocations=10 (full 3):
 PSYoungGen      total 110592K, used 0K [0x00000000e0600000, 0x00000000ef480000, 0x0000000100000000)
  eden space 69632K, 0% used [0x00000000e0600000,0x00000000e0600000,0x00000000e4a00000)
  from space 40960K, 0% used [0x00000000e4a00000,0x00000000e4a00000,0x00000000e7200000)
  to   space 72192K, 0% used [0x00000000eae00000,0x00000000eae00000,0x00000000ef480000)
 ParOldGen       total 309248K, used 183195K [0x00000000a1200000, 0x00000000b4000000, 0x00000000e0600000)
  object space 309248K, 59% used [0x00000000a1200000,0x00000000ac4e6e90,0x00000000b4000000)
 Metaspace       used 12766K, capacity 13366K, committed 13568K, reserved 1060864K
  class space    used 1773K, capacity 1931K, committed 2048K, reserved 1048576K
}

Deoptimization events (10 events):
Event: 4.030 Thread 0x00000000183ce800 Uncommon trap: reason=unstable_if action=reinterpret pc=0x00000000034a6be0 method=java.io.BufferedInputStream.fill()V @ 219
Event: 4.044 Thread 0x00000000183ce800 Uncommon trap: reason=class_check action=maybe_recompile pc=0x00000000034a29a8 method=java.io.BufferedInputStream.read1([BII)I @ 39
Event: 4.044 Thread 0x00000000183ce800 Uncommon trap: reason=unstable_if action=reinterpret pc=0x00000000034a291c method=java.io.BufferedInputStream.fill()V @ 219
Event: 11.834 Thread 0x00000000189d9800 Uncommon trap: reason=class_check action=maybe_recompile pc=0x000000000377e95c method=javafx.scene.Node.updateLocalToParentTransform()V @ 11
Event: 11.837 Thread 0x00000000189d9800 Uncommon trap: reason=class_check action=maybe_recompile pc=0x000000000377e95c method=javafx.scene.Node.updateLocalToParentTransform()V @ 11
Event: 11.838 Thread 0x00000000189d9800 Uncommon trap: reason=class_check action=maybe_recompile pc=0x000000000377e95c method=javafx.scene.Node.updateLocalToParentTransform()V @ 11
Event: 11.838 Thread 0x00000000189d9800 Uncommon trap: reason=class_check action=maybe_recompile pc=0x000000000377e95c method=javafx.scene.Node.updateLocalToParentTransform()V @ 11
Event: 11.842 Thread 0x00000000189d9800 Uncommon trap: reason=unstable_if action=reinterpret pc=0x00000000033cfabc method=java.lang.Math.round(D)J @ 48
Event: 12.245 Thread 0x00000000183ce800 Uncommon trap: reason=unstable_if action=reinterpret pc=0x0000000003729a4c method=java.lang.Math.round(F)I @ 36
Event: 13.417 Thread 0x00000000189d9800 Uncommon trap: reason=unstable_if action=reinterpret pc=0x00000000037d9868 method=javafx.scene.CssStyleHelper.lookup(Ljavafx/css/Styleable;Ljavafx/css/CssMetaData;Lcom/sun/javafx/css/StyleMap;Ljava/util/Set;Ljavafx/css/Styleable;Lcom/sun/javafx/css/Calculaeïÿ@

Internal exceptions (10 events):
Event: 0.327 Thread 0x0000000002fb2800 Exception <a 'java/security/PrivilegedActionException'> (0x00000000e0a6bce0) thrown at [C:\re\workspace\8-2-build-windows-amd64-cygwin\jdk8u102\7268\hotspot\src\share\vm\prims\jvm.cpp, line 1386]
Event: 0.328 Thread 0x0000000002fb2800 Exception <a 'java/lang/NullPointerException'> (0x00000000e0a6c6e8) thrown at [C:\re\workspace\8-2-build-windows-amd64-cygwin\jdk8u102\7268\hotspot\src\share\vm\interpreter\linkResolver.cpp, line 1178]
Event: 0.359 Thread 0x0000000002fb2800 Implicit null exception at 0x00000000031cb455 to 0x00000000031cb621
Event: 0.847 Thread 0x00000000189d9800 Exception <a 'java/lang/NullPointerException'> (0x00000000e1645ca0) thrown at [C:\re\workspace\8-2-build-windows-amd64-cygwin\jdk8u102\7268\hotspot\src\share\vm\interpreter\linkResolver.cpp, line 1178]
Event: 0.847 Thread 0x00000000189d9800 Exception <a 'java/lang/NullPointerException'> (0x00000000e1645ca0) thrown at [C:\re\workspace\8-2-build-windows-amd64-cygwin\jdk8u102\7268\hotspot\src\share\vm\prims\jvm.cpp, line 1390]
Event: 1.977 Thread 0x00000000189d9800 Exception <a 'java/lang/UnsatisfiedLinkError': com.sun.media.jfxmediaimpl.NativeAudioClip.nacInit()Z> (0x00000000e1712f30) thrown at [C:\re\workspace\8-2-build-windows-amd64-cygwin\jdk8u102\7268\hotspot\src\share\vm\prims\nativeLookup.cpp, line 378]
Event: 1.977 Thread 0x00000000189d9800 Exception <a 'java/lang/UnsatisfiedLinkError': com.sun.media.jfxmedia.logging.Logger.nativeSetNativeLevel(I)V> (0x00000000e1717630) thrown at [C:\re\workspace\8-2-build-windows-amd64-cygwin\jdk8u102\7268\hotspot\src\share\vm\prims\nativeLookup.cpp, line 37"nudï
Event: 2.002 Thread 0x00000000189d9800 Implicit null exception at 0x00000000032dda56 to 0x00000000032dde01
Event: 3.892 Thread 0x00000000189d9800 Implicit null exception at 0x00000000033c3bce to 0x00000000033c4d2d
Event: 18.701 Thread 0x0000000018fb1800 Exception <a 'java/lang/IllegalStateException'> (0x00000000e38124c8) thrown at [C:\re\workspace\8-2-build-windows-amd64-cygwin\jdk8u102\7268\hotspot\src\share\vm\prims\jvm.cpp, line 1390]

Events (10 events):
Event: 18.695 loading class java/util/IdentityHashMap$KeyIterator done
Event: 18.696 Thread 0x0000000018fb1800 Thread added: 0x0000000018fb1800
Event: 18.699 loading class com/sun/javafx/tk/quantum/QuantumRenderer
Event: 18.699 loading class com/sun/javafx/tk/quantum/QuantumRenderer done
Event: 18.700 loading class com/sun/javafx/tk/quantum/QuantumToolkit
Event: 18.700 loading class com/sun/javafx/tk/quantum/QuantumToolkit done
Event: 18.700 loading class java/util/LinkedList$ListItr
Event: 18.701 loading class java/util/LinkedList$ListItr done
Event: 18.701 Thread 0x0000000018fb1800 Thread exited: 0x0000000018fb1800
Event: 18.701 Executing VM operation: Exit


Dynamic libraries:
0x00007ff6c6490000 - 0x00007ff6c64c7000 	C:\Program Files\Java\jdk1.8.0_102\bin\java.exe
0x00007ffcbf9c0000 - 0x00007ffcbfba1000 	C:\WINDOWS\SYSTEM32\ntdll.dll
0x00007ffcbd4e0000 - 0x00007ffcbd591000 	C:\WINDOWS\System32\KERNEL32.DLL
0x00007ffcbc610000 - 0x00007ffcbc883000 	C:\WINDOWS\System32\KERNELBASE.dll
0x0000000076350000 - 0x00000000763e5000 	C:\WINDOWS\System32\SYSFER.DLL
0x00007ffcbd740000 - 0x00007ffcbd7e1000 	C:\WINDOWS\System32\ADVAPI32.dll
0x00007ffcbd660000 - 0x00007ffcbd6fe000 	C:\WINDOWS\System32\msvcrt.dll
0x00007ffcbd600000 - 0x00007ffcbd65b000 	C:\WINDOWS\System32\sechost.dll
0x00007ffcbd250000 - 0x00007ffcbd374000 	C:\WINDOWS\System32\RPCRT4.dll
0x00007ffcbd7f0000 - 0x00007ffcbd980000 	C:\WINDOWS\System32\USER32.dll
0x00007ffcbbdf0000 - 0x00007ffcbbe10000 	C:\WINDOWS\System32\win32u.dll
0x00007ffcbd700000 - 0x00007ffcbd728000 	C:\WINDOWS\System32\GDI32.dll
0x00007ffcbccb0000 - 0x00007ffcbce42000 	C:\WINDOWS\System32\gdi32full.dll
0x00007ffcbc520000 - 0x00007ffcbc5bf000 	C:\WINDOWS\System32\msvcp_win.dll
0x00007ffcbc940000 - 0x00007ffcbca38000 	C:\WINDOWS\System32\ucrtbase.dll
0x00007ffcafdb0000 - 0x00007ffcb0019000 	C:\WINDOWS\WinSxS\amd64_microsoft.windows.common-controls_6595b64144ccf1df_6.0.17134.706_none_fb43a2cb30647007\COMCTL32.dll
0x00007ffcbf660000 - 0x00007ffcbf982000 	C:\WINDOWS\System32\combase.dll
0x00007ffcbcc30000 - 0x00007ffcbccaa000 	C:\WINDOWS\System32\bcryptPrimitives.dll
0x00007ffcbda00000 - 0x00007ffcbda2d000 	C:\WINDOWS\System32\IMM32.DLL
0x0000000074bf0000 - 0x0000000074cc1000 	C:\Program Files\Java\jdk1.8.0_102\jre\bin\msvcr100.dll
0x0000000072fc0000 - 0x000000007385a000 	C:\Program Files\Java\jdk1.8.0_102\jre\bin\server\jvm.dll
0x00007ffcbd730000 - 0x00007ffcbd738000 	C:\WINDOWS\System32\PSAPI.DLL
0x00007ffcbabf0000 - 0x00007ffcbabf9000 	C:\WINDOWS\SYSTEM32\WSOCK32.dll
0x00007ffcbf5d0000 - 0x00007ffcbf63c000 	C:\WINDOWS\System32\WS2_32.dll
0x00007ffcb9bd0000 - 0x00007ffcb9bf3000 	C:\WINDOWS\SYSTEM32\WINMM.dll
0x00007ffcad380000 - 0x00007ffcad38a000 	C:\WINDOWS\SYSTEM32\VERSION.dll
0x00007ffcb9ba0000 - 0x00007ffcb9bca000 	C:\WINDOWS\SYSTEM32\WINMMBASE.dll
0x00007ffcbc5c0000 - 0x00007ffcbc609000 	C:\WINDOWS\System32\cfgmgr32.dll
0x0000000074be0000 - 0x0000000074bef000 	C:\Program Files\Java\jdk1.8.0_102\jre\bin\verify.dll
0x0000000074bb0000 - 0x0000000074bd9000 	C:\Program Files\Java\jdk1.8.0_102\jre\bin\java.dll
0x0000000074760000 - 0x0000000074783000 	C:\Program Files\Java\jdk1.8.0_102\jre\bin\instrument.dll
0x0000000074740000 - 0x0000000074756000 	C:\Program Files\Java\jdk1.8.0_102\jre\bin\zip.dll
0x00007ffcbda30000 - 0x00007ffcbee70000 	C:\WINDOWS\System32\SHELL32.dll
0x00007ffcbd1a0000 - 0x00007ffcbd249000 	C:\WINDOWS\System32\shcore.dll
0x00007ffcbbe10000 - 0x00007ffcbc51d000 	C:\WINDOWS\System32\windows.storage.dll
0x00007ffcbce50000 - 0x00007ffcbcea1000 	C:\WINDOWS\System32\shlwapi.dll
0x00007ffcbbd70000 - 0x00007ffcbbd81000 	C:\WINDOWS\System32\kernel.appcore.dll
0x00007ffcbbd30000 - 0x00007ffcbbd4f000 	C:\WINDOWS\System32\profapi.dll
0x00007ffcbbcd0000 - 0x00007ffcbbd1c000 	C:\WINDOWS\System32\powrprof.dll
0x00007ffcbbd20000 - 0x00007ffcbbd2a000 	C:\WINDOWS\System32\FLTLIB.DLL
0x00007ffcb6880000 - 0x00007ffcb689a000 	C:\Program Files\JetBrains\IntelliJ IDEA Community Edition 2018.3.4\bin\breakgen64.dll
0x0000000074720000 - 0x000000007473a000 	C:\Program Files\Java\jdk1.8.0_102\jre\bin\net.dll
0x00007ffcbb550000 - 0x00007ffcbb5b6000 	C:\WINDOWS\system32\mswsock.dll
0x00007ffc84870000 - 0x00007ffc8495f000 	C:\Program Files\Java\jdk1.8.0_102\jre\bin\msvcr120.dll
0x00007ffca1e40000 - 0x00007ffca1ee6000 	C:\Program Files\Java\jdk1.8.0_102\jre\bin\msvcp120.dll
0x00000000746f0000 - 0x0000000074712000 	C:\Program Files\Java\jdk1.8.0_102\jre\bin\prism_d3d.dll
0x00007ffc80050000 - 0x00007ffc801e7000 	C:\WINDOWS\system32\d3d9.dll
0x00007ffcba0c0000 - 0x00007ffcba0e9000 	C:\WINDOWS\SYSTEM32\dwmapi.dll
0x00007ffcb9f40000 - 0x00007ffcb9fd8000 	C:\WINDOWS\system32\uxtheme.dll
0x00007ffc4c440000 - 0x00007ffc4e97d000 	C:\WINDOWS\SYSTEM32\igdumdim64.dll
0x00007ffcbcf50000 - 0x00007ffcbd012000 	C:\WINDOWS\System32\OLEAUT32.dll
0x00007ffcbd380000 - 0x00007ffcbd4d1000 	C:\WINDOWS\System32\ole32.dll
0x00007ffcbefe0000 - 0x00007ffcbf42b000 	C:\WINDOWS\System32\SETUPAPI.dll
0x00000000746a0000 - 0x00000000746e3000 	C:\Program Files\Java\jdk1.8.0_102\jre\bin\glass.dll
0x00007ffcbee80000 - 0x00007ffcbef6d000 	C:\WINDOWS\System32\COMDLG32.dll
0x00007ffcbd020000 - 0x00007ffcbd193000 	C:\WINDOWS\System32\MSCTF.dll
0x00007ffcb3230000 - 0x00007ffcb3c6f000 	C:\WINDOWS\SYSTEM32\igdusc64.dll
0x0000000074660000 - 0x0000000074674000 	C:\Program Files\Java\jdk1.8.0_102\jre\bin\javafx_font.dll
0x00007ffcb0a00000 - 0x00007ffcb0d1c000 	C:\WINDOWS\SYSTEM32\dwrite.dll
0x0000000074600000 - 0x0000000074623000 	C:\Program Files\Java\jdk1.8.0_102\jre\bin\javafx_iio.dll
0x0000000074580000 - 0x00000000745f3000 	C:\Program Files\Java\jdk1.8.0_102\jre\bin\glib-lite.dll
0x00000000744e0000 - 0x000000007457c000 	C:\Program Files\Java\jdk1.8.0_102\jre\bin\gstreamer-lite.dll
0x00007ffc94fd0000 - 0x00007ffc9505f000 	C:\WINDOWS\SYSTEM32\DSOUND.dll
0x00000000744b0000 - 0x00000000744d5000 	C:\Program Files\Java\jdk1.8.0_102\jre\bin\jfxmedia.dll
0x00007ffcbceb0000 - 0x00007ffcbcf50000 	C:\WINDOWS\System32\clbcatq.dll
0x00007ffcb61d0000 - 0x00007ffcb637e000 	C:\WINDOWS\SYSTEM32\WindowsCodecs.dll
0x00007ffc8c8f0000 - 0x00007ffc8c948000 	C:\WINDOWS\system32\dataexchange.dll
0x00007ffcb8bb0000 - 0x00007ffcb8ebb000 	C:\WINDOWS\system32\d3d11.dll
0x00007ffcb9630000 - 0x00007ffcb97cc000 	C:\WINDOWS\system32\dcomp.dll
0x00007ffcba6f0000 - 0x00007ffcba7ab000 	C:\WINDOWS\system32\dxgi.dll
0x00007ffcba250000 - 0x00007ffcba408000 	C:\WINDOWS\system32\twinapi.appcore.dll
0x00007ffcba1a0000 - 0x00007ffcba1c9000 	C:\WINDOWS\system32\RMCLIENT.dll
0x00007ffcac080000 - 0x00007ffcac0b4000 	C:\Program Files\Common Files\Microsoft Shared\Ink\rtscom.dll
0x00007ffcb4da0000 - 0x00007ffcb4e36000 	C:\WINDOWS\System32\TextInputFramework.dll
0x00007ffcb5d40000 - 0x00007ffcb605e000 	C:\WINDOWS\System32\CoreUIComponents.dll
0x00007ffcb97d0000 - 0x00007ffcb98aa000 	C:\WINDOWS\System32\CoreMessaging.dll
0x00007ffcbadc0000 - 0x00007ffcbadf1000 	C:\WINDOWS\SYSTEM32\ntmarta.dll
0x00007ffcb7540000 - 0x00007ffcb768d000 	C:\WINDOWS\SYSTEM32\wintypes.dll
0x0000000074640000 - 0x0000000074651000 	C:\Program Files\Java\jdk1.8.0_102\jre\bin\prism_common.dll
0x00007ffcb8520000 - 0x00007ffcb8ae7000 	C:\WINDOWS\SYSTEM32\d2d1.dll
0x00007ffc6b190000 - 0x00007ffc6b90e000 	C:\WINDOWS\SYSTEM32\D3D10Warp.dll
0x00007ffcbaa00000 - 0x00007ffcbabc9000 	C:\WINDOWS\SYSTEM32\dbghelp.dll

VM Arguments:
jvm_args: -javaagent:C:\Program Files\JetBrains\IntelliJ IDEA Community Edition 2018.3.4\lib\idea_rt.jar=57071:C:\Program Files\JetBrains\IntelliJ IDEA Community Edition 2018.3.4\bin -Dfile.encoding=UTF-8 
java_command: ClientFX
java_class_path (initial): C:\Program Files\Java\jdk1.8.0_102\jre\lib\charsets.jar;C:\Program Files\Java\jdk1.8.0_102\jre\lib\deploy.jar;C:\Program Files\Java\jdk1.8.0_102\jre\lib\ext\access-bridge-64.jar;C:\Program Files\Java\jdk1.8.0_102\jre\lib\ext\cldrdata.jar;C:\Program Files\Java\jdk1.8.0_102\jre\lib\ext\dnsns.jar;C:\Program Files\Java\jdk1.8.0_102\jre\lib\ext\jaccess.jar;C:\Program Files\Java\jdk1.8.0_102\jre\lib\ext\jfxrt.jar;C:\Program Files\Java\jdk1.8.0_102\jre\lib\ext\localedata.jar;C:\Program Files\Java\jdk1.8.0_102\jre\lib\ext\nashorn.jar;C:\Program Files\Java\jdk1.8.0_102\jre\lib\ext\sunec.jar;C:\Program Files\Java\jdk1.8.0_102\jre\lib\ext\sunjce_provider.jar;C:\Program Files\Java\jdk1.8.0_102\jre\lib\ext\sunmscapi.jar;C:\Program Files\Java\jdk1.8.0_102\jre\lib\ext\sunpkcs11.jar;C:\Program Files\Java\jdk1.8.0_102\jre\lib\ext\zipfs.jar;C:\Program Files\Java\jdk1.8.0_102\jre\lib\javaws.jar;C:\Program Files\Java\jdk1.8.0_102\jre\lib\jce.jar;C:\Program Files\Java\jdk1.8.0_102\jre\lib\jfr.jar;C:\Program Files\Java\jdk1.8.0_102\jre\lib\jfxswt.jar;C:\Program Files\Java\jdk1.8.0_102\jre\lib\jsse.jar;C:\Program Files\Java\jdk1.8.0_102\jre\lib\management-agent.jar;C:\Program Files\Java\jdk1.8.0_102\jre\lib\plugin.jar;C:\Program Files\Java\jdk1.8.0_102\jre\lib\resources.jar;C:\Program Files\Java\jdk1.8.0_102\jre\lib\rt.jar;C:\Users\Don\Documents\GitHub\Project5\Client\out\production\Client;C:\Program Files\JetBrains\IntelliJ IDEA Community Edition 2018.3.4\lib\idea_rt.jar
Launcher Type: SUN_STANDARD

Environment Variables:
JAVA_HOME=C:\Program Files\Java\jdk1.8.0_172
CLASSPATH=.;
PATH=C:\Python27\;C:\Python27\Scripts;C:\Program Files (x86)\Common Files\Oracle\Java\javapath;C:\ProgramData\Oracle\Java\javapath;C:\Program Files (x86)\Intel\iCLS Client\;C:\Program Files\Intel\iCLS Client\;C:\WINDOWS\system32;C:\WINDOWS;C:\WINDOWS\System32\Wbem;C:\WINDOWS\System32\WindowsPowerShell\v1.0\;C:\Program Files\Hewlett-Packard\SimplePass\;C:\Program Files (x86)\Windows Live\Shared;C:\Program Files\Novell\iPrint;C:\WINDOWS\System32\OpenSSH\;C:\ProgramData\chocolatey\bin;C:\Program Files\Java\jdk1.8.0_172\bin;C:\TDM-GCC-64\bin;C:\Program Files\PuTTY\;C:\Program Files\Intel\Intel(R) Management Engine Components\DAL;C:\Program Files\Intel\Intel(R) Management Engine Components\IPT;C:\Program Files\dotnet\;C:\Program Files\Git\cmd;C:\Program Files\nodejs\;C:\Users\Don\AppData\Local\Microsoft\WindowsApps;C:\Users\Don\AndroidAppData\platform-tools;C:\Users\Don\AppData\Local\Programs\Microsoft VS Code\bin;C:\Users\Don\.dotnet\tools;C:\Program Files (x86)\Java\jdk1.8.0_102\bin;;C:\Users\Don\AppData\Local\Programs\Azure Data Studio\bin;C:\Users\Don\AppData\Roaming\npm
USERNAME=Don
OS=Windows_NT
PROCESSOR_IDENTIFIER=Intel64 Family 6 Model 61 Stepping 4, GenuineIntel



---------------  S Y S T E M  ---------------

OS: Windows 10.0 , 64 bit Build 17134 (10.0.17134.706)

CPU:total 4 (2 cores per cpu, 2 threads per core) family 6 model 61 stepping 4, cmov, cx8, fxsr, mmx, sse, sse2, sse3, ssse3, sse4.1, sse4.2, popcnt, avx, avx2, aes, clmul, erms, 3dnowpref, lzcnt, ht, tsc, tscinvbit, bmi1, bmi2, adx

Memory: 4k page, physical 6211852k(772020k free), swap 12951904k(2087824k free)

vm_info: Java HotSpot(TM) 64-Bit Server VM (25.102-b14) for windows-amd64 JRE (1.8.0_102-b14), built on Jun 22 2016 13:15:21 by "java_re" with MS VC++ 10.0 (VS2010)

time: Sat May 04 18:39:21 2019
elapsed time: 19 seconds (0d 0h 0m 19s)

