#
# A fatal error has been detected by the Java Runtime Environment:
#
#  EXCEPTION_ACCESS_VIOLATION (0xc0000005) at pc=0x000000006204584a, pid=11044, tid=0x0000000000002c18
#
# JRE version: Java(TM) SE Runtime Environment (8.0_102-b14) (build 1.8.0_102-b14)
# Java VM: Java HotSpot(TM) 64-Bit Server VM (25.102-b14 mixed mode windows-amd64 compressed oops)
# Problematic frame:
# C  [glass.dll+0x2584a]
#
# Failed to write core dump. Minidumps are not enabled by default on client versions of Windows
#
# If you would like to submit a bug report, please visit:
#   http://bugreport.java.com/bugreport/crash.jsp
#

---------------  T H R E A D  ---------------

Current thread (0x0000000016287800):  VMThread [stack: 0x0000000017320000,0x0000000017420000] [id=11288]

siginfo: ExceptionCode=0xc0000005, reading address 0x0000000000000000

Registers:
RAX=0x0000000000000000, RBX=0x000000001d33ba68, RCX=0x0000000016287800, RDX=0x000000001d33ba68
RSP=0x000000001741f6d0, RBP=0x000000000092ea30, RSI=0x0000000000000001, RDI=0x0000000000000000
R8 =0x0000000000010002, R9 =0x000000000092ea30, R10=0x0000000000000000, R11=0x0000000000000246
R12=0x000000000092ea60, R13=0x000000000092ea30, R14=0x000000000092ea40, R15=0x0000000000000000
RIP=0x000000006204584a, EFLAGS=0x0000000000010202

Top of Stack: (sp=0x000000001741f6d0)
0x000000001741f6d0:   0000000000000000 0000000062045900
0x000000001741f6e0:   0000000000000000 00000000620591b0
0x000000001741f6f0:   0000000062045830 0000000062043224
0x000000001741f700:   0000000062045a60 00007ffd30236c77
0x000000001741f710:   0000000000000000 00007ffd982bc2c4
0x000000001741f720:   0000000000000001 0000000062020000
0x000000001741f730:   00000000025f1638 00000000620434a6
0x000000001741f740:   0000000000000001 0000000016195400
0x000000001741f750:   0000000000000000 0000000062043384
0x000000001741f760:   c000000500000001 000000001741e850
0x000000001741f770:   0000000062020000 00007ffdcbb9b583
0x000000001741f780:   000000007ffe0385 0000000000000000
0x000000001741f790:   000000007ffe0384 000000007ffe0385
0x000000001741f7a0:   000000000000000f 00007ffdcbba813a
0x000000001741f7b0:   0000e8705378de00 00000000008f6320
0x000000001741f7c0:   0000000000000000 0000000000000000 

Instructions: (pc=0x000000006204584a)
0x000000006204582a:   83 c4 20 5d c3 cc 40 53 48 83 ec 20 48 8b 1d cb
0x000000006204583a:   5b 01 00 48 85 db 74 1a e8 19 93 ff ff 48 8b d3
0x000000006204584a:   4c 8b 00 48 8b c8 48 83 c4 20 5b 49 ff a0 b0 00
0x000000006204585a:   00 00 48 83 c4 20 5b c3 cc cc cc cc cc cc cc cc 


Register to memory mapping:

RAX=0x0000000000000000 is an unknown value
RBX=0x000000001d33ba68 is a global jni handle
RCX=0x0000000016287800 is an unknown value
RDX=0x000000001d33ba68 is a global jni handle
RSP=0x000000001741f6d0 is an unknown value
RBP=0x000000000092ea30 is an unknown value
RSI=0x0000000000000001 is an unknown value
RDI=0x0000000000000000 is an unknown value
R8 =0x0000000000010002 is an unknown value
R9 =0x000000000092ea30 is an unknown value
R10=0x0000000000000000 is an unknown value
R11=0x0000000000000246 is an unknown value
R12=0x000000000092ea60 is an unknown value
R13=0x000000000092ea30 is an unknown value
R14=0x000000000092ea40 is an unknown value
R15=0x0000000000000000 is an unknown value


Stack: [0x0000000017320000,0x0000000017420000],  sp=0x000000001741f6d0,  free space=1021k
Native frames: (J=compiled Java code, j=interpreted, Vv=VM code, C=native code)
C  [glass.dll+0x2584a]
C  [glass.dll+0x23224]
C  [glass.dll+0x234a6]
C  [ntdll.dll+0x3b583]
C  [ntdll.dll+0x47f85]
C  [ntdll.dll+0x47e48]
C  [KERNEL32.DLL+0x1ca7a]
C  [msvcr100.dll+0x20cb9]
V  [jvm.dll+0x212a05]
V  [jvm.dll+0x24b647]
V  [jvm.dll+0x24a8e6]
V  [jvm.dll+0x24ad81]
V  [jvm.dll+0x24af9e]
V  [jvm.dll+0x29c03a]
C  [msvcr100.dll+0x21d7b]
C  [msvcr100.dll+0x21e17]
C  [KERNEL32.DLL+0x14034]
C  [ntdll.dll+0x73691]

VM_Operation (0x00000000186da980): Exit, mode: safepoint, requested by thread 0x0000000017cc0800


---------------  P R O C E S S  ---------------

Java Threads: ( => current thread )
  0x000000001f333000 JavaThread "Thread-6" [_thread_blocked, id=31484, stack(0x0000000022020000,0x0000000022120000)]
  0x000000001f33a000 JavaThread "Thread-4" daemon [_thread_in_native, id=33616, stack(0x0000000021f20000,0x0000000022020000)]
  0x000000001d42f000 JavaThread "Media Resource Disposer" daemon [_thread_blocked, id=33528, stack(0x000000001efb0000,0x000000001f0b0000)]
  0x000000001cf36800 JavaThread "Prism Font Disposer" daemon [_thread_blocked, id=23620, stack(0x000000001eab0000,0x000000001ebb0000)]
  0x000000001cf04000 JavaThread "JavaFX-Launcher" [_thread_blocked, id=22456, stack(0x000000001d8b0000,0x000000001d9b0000)]
  0x000000001cef8800 JavaThread "Thread-2" daemon [_thread_in_native, id=33772, stack(0x000000001d7b0000,0x000000001d8b0000)]
  0x0000000017cc0800 JavaThread "JavaFX Application Thread" [_thread_blocked, id=29068, stack(0x00000000185e0000,0x00000000186e0000)]
  0x0000000017d0d800 JavaThread "Thread-1" daemon [_thread_blocked, id=28824, stack(0x0000000018410000,0x0000000018510000)]
  0x0000000017cc8800 JavaThread "QuantumRenderer-0" daemon [_thread_blocked, id=32632, stack(0x0000000018310000,0x0000000018410000)]
  0x00000000179be000 JavaThread "Service Thread" daemon [_thread_blocked, id=33676, stack(0x0000000018110000,0x0000000018210000)]
  0x000000001631a000 JavaThread "C1 CompilerThread2" daemon [_thread_blocked, id=32776, stack(0x0000000018010000,0x0000000018110000)]
  0x0000000016307800 JavaThread "C2 CompilerThread1" daemon [_thread_blocked, id=32948, stack(0x0000000017f10000,0x0000000018010000)]
  0x0000000016304000 JavaThread "C2 CompilerThread0" daemon [_thread_blocked, id=33520, stack(0x0000000017e10000,0x0000000017f10000)]
  0x0000000017952800 JavaThread "Monitor Ctrl-Break" daemon [_thread_in_native, id=32056, stack(0x0000000017d10000,0x0000000017e10000)]
  0x00000000162bc800 JavaThread "Attach Listener" daemon [_thread_blocked, id=12368, stack(0x0000000017810000,0x0000000017910000)]
  0x00000000162bb000 JavaThread "Signal Dispatcher" daemon [_thread_blocked, id=33100, stack(0x0000000017710000,0x0000000017810000)]
  0x00000000029ed800 JavaThread "Finalizer" daemon [_thread_blocked, id=30736, stack(0x0000000017520000,0x0000000017620000)]
  0x00000000029e2000 JavaThread "Reference Handler" daemon [_thread_blocked, id=32048, stack(0x0000000017420000,0x0000000017520000)]
  0x00000000028f2800 JavaThread "main" [_thread_blocked, id=32896, stack(0x0000000002600000,0x0000000002700000)]

Other Threads:
=>0x0000000016287800 VMThread [stack: 0x0000000017320000,0x0000000017420000] [id=11288]

VM state:at safepoint (shutting down)

VM Mutex/Monitor currently owned by a thread:  ([mutex/lock_event])
[0x00000000025fdcd0] Threads_lock - owner thread: 0x0000000016287800

Heap:
 PSYoungGen      total 105472K, used 52095K [0x00000000e0600000, 0x00000000ebc00000, 0x0000000100000000)
  eden space 65536K, 79% used [0x00000000e0600000,0x00000000e38dfc40,0x00000000e4600000)
  from space 39936K, 0% used [0x00000000e4600000,0x00000000e4600000,0x00000000e6d00000)
  to   space 48640K, 0% used [0x00000000e8c80000,0x00000000e8c80000,0x00000000ebc00000)
 ParOldGen       total 309248K, used 178745K [0x00000000a1200000, 0x00000000b4000000, 0x00000000e0600000)
  object space 309248K, 57% used [0x00000000a1200000,0x00000000ac08e530,0x00000000b4000000)
 Metaspace       used 18021K, capacity 19176K, committed 19200K, reserved 1064960K
  class space    used 2563K, capacity 2816K, committed 2816K, reserved 1048576K

Card table byte_map: [0x0000000011db0000,0x00000000120b0000] byte_map_base: 0x00000000118a7000

Marking Bits: (ParMarkBitMap*) 0x000000006127a6c0
 Begin Bits: [0x00000000126b0000, 0x0000000013e68000)
 End Bits:   [0x0000000013e68000, 0x0000000015620000)

Polling page: 0x0000000000880000

CodeCache: size=245760Kb used=8851Kb max_used=8862Kb free=236908Kb
 bounds [0x00000000029f0000, 0x00000000032a0000, 0x00000000119f0000]
 total_blobs=3556 nmethods=2882 adapters=585
 compilation: enabled

Compilation events (10 events):
Event: 235.511 Thread 0x000000001631a000 nmethod 2911 0x00000000032924d0 code [0x0000000003292680, 0x0000000003292bd8]
Event: 235.511 Thread 0x000000001631a000 2910       3       javafx.application.Platform::isSupported (5 bytes)
Event: 235.512 Thread 0x000000001631a000 nmethod 2910 0x0000000003286910 code [0x0000000003286a80, 0x0000000003286be8]
Event: 235.514 Thread 0x000000001631a000 2912       3       javafx.scene.Node::preprocessMouseEvent (114 bytes)
Event: 235.516 Thread 0x000000001631a000 nmethod 2912 0x000000000328f190 code [0x000000000328f500, 0x0000000003291668]
Event: 235.517 Thread 0x000000001631a000 2913       3       java.lang.invoke.DirectMethodHandle::shouldBeInitialized (123 bytes)
Event: 235.518 Thread 0x000000001631a000 nmethod 2913 0x000000000328e710 code [0x000000000328e8e0, 0x000000000328f028]
Event: 235.518 Thread 0x000000001631a000 2914       3       jdk.internal.org.objectweb.asm.MethodVisitor::visitFieldInsn (20 bytes)
Event: 235.518 Thread 0x000000001631a000 nmethod 2914 0x000000000328e250 code [0x000000000328e3c0, 0x000000000328e628]
Event: 235.554 Thread 0x000000001631a000 2915       3       java.lang.invoke.MethodHandles$Lookup::resolveOrFail (39 bytes)

GC Heap History (10 events):
Event: 2.460 GC heap before
{Heap before GC invocations=6 (full 1):
 PSYoungGen      total 53248K, used 47645K [0x00000000e0600000, 0x00000000e3e00000, 0x0000000100000000)
  eden space 49152K, 96% used [0x00000000e0600000,0x00000000e34874a0,0x00000000e3600000)
  from space 4096K, 0% used [0x00000000e3a00000,0x00000000e3a00000,0x00000000e3e00000)
  to   space 4096K, 0% used [0x00000000e3600000,0x00000000e3600000,0x00000000e3a00000)
 ParOldGen       total 116736K, used 54863K [0x00000000a1200000, 0x00000000a8400000, 0x00000000e0600000)
  object space 116736K, 46% used [0x00000000a1200000,0x00000000a4793d00,0x00000000a8400000)
 Metaspace       used 12706K, capacity 13344K, committed 13568K, reserved 1060864K
  class space    used 1770K, capacity 1928K, committed 2048K, reserved 1048576K
Event: 2.475 GC heap after
Heap after GC invocations=6 (full 1):
 PSYoungGen      total 53248K, used 4049K [0x00000000e0600000, 0x00000000e9400000, 0x0000000100000000)
  eden space 49152K, 0% used [0x00000000e0600000,0x00000000e0600000,0x00000000e3600000)
  from space 4096K, 98% used [0x00000000e3600000,0x00000000e39f45d0,0x00000000e3a00000)
  to   space 32768K, 0% used [0x00000000e7400000,0x00000000e7400000,0x00000000e9400000)
 ParOldGen       total 116736K, used 90704K [0x00000000a1200000, 0x00000000a8400000, 0x00000000e0600000)
  object space 116736K, 77% used [0x00000000a1200000,0x00000000a6a940f0,0x00000000a8400000)
 Metaspace       used 12706K, capacity 13344K, committed 13568K, reserved 1060864K
  class space    used 1770K, capacity 1928K, committed 2048K, reserved 1048576K
}
Event: 2.476 GC heap before
{Heap before GC invocations=7 (full 2):
 PSYoungGen      total 53248K, used 4049K [0x00000000e0600000, 0x00000000e9400000, 0x0000000100000000)
  eden space 49152K, 0% used [0x00000000e0600000,0x00000000e0600000,0x00000000e3600000)
  from space 4096K, 98% used [0x00000000e3600000,0x00000000e39f45d0,0x00000000e3a00000)
  to   space 32768K, 0% used [0x00000000e7400000,0x00000000e7400000,0x00000000e9400000)
 ParOldGen       total 116736K, used 90704K [0x00000000a1200000, 0x00000000a8400000, 0x00000000e0600000)
  object space 116736K, 77% used [0x00000000a1200000,0x00000000a6a940f0,0x00000000a8400000)
 Metaspace       used 12706K, capacity 13344K, committed 13568K, reserved 1060864K
  class space    used 1770K, capacity 1928K, committed 2048K, reserved 1048576K
Event: 2.518 GC heap after
Heap after GC invocations=7 (full 2):
 PSYoungGen      total 53248K, used 0K [0x00000000e0600000, 0x00000000e9400000, 0x0000000100000000)
  eden space 49152K, 0% used [0x00000000e0600000,0x00000000e0600000,0x00000000e3600000)
  from space 4096K, 0% used [0x00000000e3600000,0x00000000e3600000,0x00000000e3a00000)
  to   space 32768K, 0% used [0x00000000e7400000,0x00000000e7400000,0x00000000e9400000)
 ParOldGen       total 190464K, used 92125K [0x00000000a1200000, 0x00000000acc00000, 0x00000000e0600000)
  object space 190464K, 48% used [0x00000000a1200000,0x00000000a6bf77e8,0x00000000acc00000)
 Metaspace       used 12706K, capacity 13344K, committed 13568K, reserved 1060864K
  class space    used 1770K, capacity 1928K, committed 2048K, reserved 1048576K
}
Event: 2.781 GC heap before
{Heap before GC invocations=8 (full 2):
 PSYoungGen      total 53248K, used 49152K [0x00000000e0600000, 0x00000000e9400000, 0x0000000100000000)
  eden space 49152K, 100% used [0x00000000e0600000,0x00000000e3600000,0x00000000e3600000)
  from space 4096K, 0% used [0x00000000e3600000,0x00000000e3600000,0x00000000e3a00000)
  to   space 32768K, 0% used [0x00000000e7400000,0x00000000e7400000,0x00000000e9400000)
 ParOldGen       total 190464K, used 92125K [0x00000000a1200000, 0x00000000acc00000, 0x00000000e0600000)
  object space 190464K, 48% used [0x00000000a1200000,0x00000000a6bf77e8,0x00000000acc00000)
 Metaspace       used 12728K, capacity 13348K, committed 13568K, reserved 1060864K
  class space    used 1771K, capacity 1928K, committed 2048K, reserved 1048576K
Event: 2.793 GC heap after
Heap after GC invocations=8 (full 2):
 PSYoungGen      total 98304K, used 32724K [0x00000000e0600000, 0x00000000e9400000, 0x0000000100000000)
  eden space 65536K, 0% used [0x00000000e0600000,0x00000000e0600000,0x00000000e4600000)
  from space 32768K, 99% used [0x00000000e7400000,0x00000000e93f5188,0x00000000e9400000)
  to   space 39936K, 0% used [0x00000000e4600000,0x00000000e4600000,0x00000000e6d00000)
 ParOldGen       total 190464K, used 98800K [0x00000000a1200000, 0x00000000acc00000, 0x00000000e0600000)
  object space 190464K, 51% used [0x00000000a1200000,0x00000000a727c168,0x00000000acc00000)
 Metaspace       used 12728K, capacity 13348K, committed 13568K, reserved 1060864K
  class space    used 1771K, capacity 1928K, committed 2048K, reserved 1048576K
}
Event: 3.126 GC heap before
{Heap before GC invocations=9 (full 2):
 PSYoungGen      total 98304K, used 98249K [0x00000000e0600000, 0x00000000e9400000, 0x0000000100000000)
  eden space 65536K, 99% used [0x00000000e0600000,0x00000000e45fd610,0x00000000e4600000)
  from space 32768K, 99% used [0x00000000e7400000,0x00000000e93f5188,0x00000000e9400000)
  to   space 39936K, 0% used [0x00000000e4600000,0x00000000e4600000,0x00000000e6d00000)
 ParOldGen       total 190464K, used 98800K [0x00000000a1200000, 0x00000000acc00000, 0x00000000e0600000)
  object space 190464K, 51% used [0x00000000a1200000,0x00000000a727c168,0x00000000acc00000)
 Metaspace       used 12761K, capacity 13360K, committed 13568K, reserved 1060864K
  class space    used 1772K, capacity 1930K, committed 2048K, reserved 1048576K
Event: 3.149 GC heap after
Heap after GC invocations=9 (full 2):
 PSYoungGen      total 105472K, used 39908K [0x00000000e0600000, 0x00000000ebc00000, 0x0000000100000000)
  eden space 65536K, 0% used [0x00000000e0600000,0x00000000e0600000,0x00000000e4600000)
  from space 39936K, 99% used [0x00000000e4600000,0x00000000e6cf9380,0x00000000e6d00000)
  to   space 48640K, 0% used [0x00000000e8c80000,0x00000000e8c80000,0x00000000ebc00000)
 ParOldGen       total 190464K, used 142440K [0x00000000a1200000, 0x00000000acc00000, 0x00000000e0600000)
  object space 190464K, 74% used [0x00000000a1200000,0x00000000a9d1a038,0x00000000acc00000)
 Metaspace       used 12761K, capacity 13360K, committed 13568K, reserved 1060864K
  class space    used 1772K, capacity 1930K, committed 2048K, reserved 1048576K
}
Event: 3.149 GC heap before
{Heap before GC invocations=10 (full 3):
 PSYoungGen      total 105472K, used 39908K [0x00000000e0600000, 0x00000000ebc00000, 0x0000000100000000)
  eden space 65536K, 0% used [0x00000000e0600000,0x00000000e0600000,0x00000000e4600000)
  from space 39936K, 99% used [0x00000000e4600000,0x00000000e6cf9380,0x00000000e6d00000)
  to   space 48640K, 0% used [0x00000000e8c80000,0x00000000e8c80000,0x00000000ebc00000)
 ParOldGen       total 190464K, used 142440K [0x00000000a1200000, 0x00000000acc00000, 0x00000000e0600000)
  object space 190464K, 74% used [0x00000000a1200000,0x00000000a9d1a038,0x00000000acc00000)
 Metaspace       used 12761K, capacity 13360K, committed 13568K, reserved 1060864K
  class space    used 1772K, capacity 1930K, committed 2048K, reserved 1048576K
Event: 3.207 GC heap after
Heap after GC invocations=10 (full 3):
 PSYoungGen      total 105472K, used 0K [0x00000000e0600000, 0x00000000ebc00000, 0x0000000100000000)
  eden space 65536K, 0% used [0x00000000e0600000,0x00000000e0600000,0x00000000e4600000)
  from space 39936K, 0% used [0x00000000e4600000,0x00000000e4600000,0x00000000e6d00000)
  to   space 48640K, 0% used [0x00000000e8c80000,0x00000000e8c80000,0x00000000ebc00000)
 ParOldGen       total 309248K, used 178745K [0x00000000a1200000, 0x00000000b4000000, 0x00000000e0600000)
  object space 309248K, 57% used [0x00000000a1200000,0x00000000ac08e530,0x00000000b4000000)
 Metaspace       used 12761K, capacity 13360K, committed 13568K, reserved 1060864K
  class space    used 1772K, capacity 1930K, committed 2048K, reserved 1048576K
}

Deoptimization events (10 events):
Event: 49.656 Thread 0x0000000017cc8800 Uncommon trap: reason=unstable_if action=reinterpret pc=0x000000000304d450 method=java.lang.Math.round(F)I @ 36
Event: 49.807 Thread 0x0000000017cc8800 Uncommon trap: reason=class_check action=maybe_recompile pc=0x000000000316ec1c method=sun.reflect.DelegatingMethodAccessorImpl.invoke(Ljava/lang/Object;[Ljava/lang/Object;)Ljava/lang/Object; @ 6
Event: 49.807 Thread 0x0000000017cc8800 Uncommon trap: reason=class_check action=maybe_recompile pc=0x000000000316ec1c method=sun.reflect.DelegatingMethodAccessorImpl.invoke(Ljava/lang/Object;[Ljava/lang/Object;)Ljava/lang/Object; @ 6
Event: 49.818 Thread 0x0000000017cc8800 Uncommon trap: reason=class_check action=maybe_recompile pc=0x000000000316ec1c method=sun.reflect.DelegatingMethodAccessorImpl.invoke(Ljava/lang/Object;[Ljava/lang/Object;)Ljava/lang/Object; @ 6
Event: 49.827 Thread 0x0000000017cc8800 Uncommon trap: reason=class_check action=maybe_recompile pc=0x000000000316ec1c method=sun.reflect.DelegatingMethodAccessorImpl.invoke(Ljava/lang/Object;[Ljava/lang/Object;)Ljava/lang/Object; @ 6
Event: 49.827 Thread 0x0000000017cc8800 Uncommon trap: reason=class_check action=maybe_recompile pc=0x000000000316cccc method=sun.reflect.DelegatingMethodAccessorImpl.invoke(Ljava/lang/Object;[Ljava/lang/Object;)Ljava/lang/Object; @ 6
Event: 60.943 Thread 0x0000000017cc0800 Uncommon trap: reason=unstable_if action=reinterpret pc=0x0000000003244de0 method=java.lang.StrictMath.floorOrCeil(DDDD)D @ 38
Event: 235.553 Thread 0x000000001f334800 Uncommon trap: reason=unstable_if action=reinterpret pc=0x0000000003258fd4 method=java.util.concurrent.locks.ReentrantLock$Sync.nonfairTryAcquire(I)Z @ 10
Event: 235.553 Thread 0x000000001f334800 Uncommon trap: reason=unstable_if action=reinterpret pc=0x000000000313fac0 method=java.util.concurrent.locks.ReentrantLock$Sync.tryRelease(I)Z @ 28
Event: 235.553 Thread 0x0000000017cc8800 Uncommon trap: reason=unstable_if action=reinterpret pc=0x0000000003267a20 method=java.util.concurrent.locks.AbstractQueuedSynchronizer$ConditionObject.checkInterruptWhileWaiting(Ljava/util/concurrent/locks/AbstractQueuedSynchronizer$Node;)I @ 3

Internal exceptions (10 events):
Event: 0.379 Thread 0x00000000028f2800 Exception <a 'java/security/PrivilegedActionException'> (0x00000000e0a6bda8) thrown at [C:\re\workspace\8-2-build-windows-amd64-cygwin\jdk8u102\7268\hotspot\src\share\vm\prims\jvm.cpp, line 1386]
Event: 0.379 Thread 0x00000000028f2800 Exception <a 'java/lang/NullPointerException'> (0x00000000e0a6c7b0) thrown at [C:\re\workspace\8-2-build-windows-amd64-cygwin\jdk8u102\7268\hotspot\src\share\vm\interpreter\linkResolver.cpp, line 1178]
Event: 0.406 Thread 0x00000000028f2800 Implicit null exception at 0x0000000002b17cd5 to 0x0000000002b17ea1
Event: 0.956 Thread 0x0000000017cc0800 Exception <a 'java/lang/NullPointerException'> (0x00000000e16bcb08) thrown at [C:\re\workspace\8-2-build-windows-amd64-cygwin\jdk8u102\7268\hotspot\src\share\vm\interpreter\linkResolver.cpp, line 1178]
Event: 0.956 Thread 0x0000000017cc0800 Exception <a 'java/lang/NullPointerException'> (0x00000000e16bcb08) thrown at [C:\re\workspace\8-2-build-windows-amd64-cygwin\jdk8u102\7268\hotspot\src\share\vm\prims\jvm.cpp, line 1390]
Event: 1.959 Thread 0x0000000017cc0800 Exception <a 'java/lang/UnsatisfiedLinkError': com.sun.media.jfxmediaimpl.NativeAudioClip.nacInit()Z> (0x00000000e17ff5f0) thrown at [C:\re\workspace\8-2-build-windows-amd64-cygwin\jdk8u102\7268\hotspot\src\share\vm\prims\nativeLookup.cpp, line 378]
Event: 1.960 Thread 0x0000000017cc0800 Exception <a 'java/lang/UnsatisfiedLinkError': com.sun.media.jfxmedia.logging.Logger.nativeSetNativeLevel(I)V> (0x00000000e1803cf0) thrown at [C:\re\workspace\8-2-build-windows-amd64-cygwin\jdk8u102\7268\hotspot\src\share\vm\prims\nativeLookup.cpp, line 37hzÄ=±àÿ?
Event: 1.992 Thread 0x0000000017cc0800 Implicit null exception at 0x0000000002c17ad6 to 0x0000000002c17e81
Event: 3.611 Thread 0x0000000017cc0800 Implicit null exception at 0x0000000002d2c4ce to 0x0000000002d2d62d
Event: 235.554 Thread 0x000000001f334800 Exception <a 'java/lang/IllegalStateException'> (0x00000000e3842860) thrown at [C:\re\workspace\8-2-build-windows-amd64-cygwin\jdk8u102\7268\hotspot\src\share\vm\prims\jvm.cpp, line 1390]

Events (10 events):
Event: 235.553 Thread 0x0000000017cc8800 Uncommon trap: trap_request=0xffffff65 fr.pc=0x0000000003267a20
Event: 235.553 Thread 0x0000000017cc8800 DEOPT PACKING pc=0x0000000003267a20 sp=0x000000001840f330
Event: 235.553 Thread 0x0000000017cc8800 DEOPT UNPACKING pc=0x0000000002a3582a sp=0x000000001840f290 mode 2
Event: 235.553 Thread 0x000000001f334800 DEOPT UNPACKING pc=0x0000000002a3582a sp=0x000000002281e598 mode 2
Event: 235.554 loading class java/util/LinkedList$ListItr
Event: 235.554 loading class com/sun/javafx/tk/quantum/QuantumToolkit
Event: 235.554 loading class com/sun/javafx/tk/quantum/QuantumToolkit done
Event: 235.554 loading class java/util/LinkedList$ListItr done
Event: 235.554 Thread 0x000000001f334800 Thread exited: 0x000000001f334800
Event: 235.554 Executing VM operation: Exit


Dynamic libraries:
0x00007ff72c5a0000 - 0x00007ff72c5d7000 	C:\Program Files\Java\jdk1.8.0_102\bin\java.exe
0x00007ffdcbb60000 - 0x00007ffdcbd41000 	C:\WINDOWS\SYSTEM32\ntdll.dll
0x00007ffdcaf80000 - 0x00007ffdcb031000 	C:\WINDOWS\System32\KERNEL32.DLL
0x00007ffdc7fb0000 - 0x00007ffdc8223000 	C:\WINDOWS\System32\KERNELBASE.dll
0x0000000063bd0000 - 0x0000000063c65000 	C:\WINDOWS\System32\SYSFER.DLL
0x00007ffdcae20000 - 0x00007ffdcaec1000 	C:\WINDOWS\System32\ADVAPI32.dll
0x00007ffdca810000 - 0x00007ffdca8ae000 	C:\WINDOWS\System32\msvcrt.dll
0x00007ffdcab80000 - 0x00007ffdcabdb000 	C:\WINDOWS\System32\sechost.dll
0x00007ffdca610000 - 0x00007ffdca734000 	C:\WINDOWS\System32\RPCRT4.dll
0x00007ffdcac90000 - 0x00007ffdcae20000 	C:\WINDOWS\System32\USER32.dll
0x00007ffdc7f30000 - 0x00007ffdc7f50000 	C:\WINDOWS\System32\win32u.dll
0x00007ffdcaf50000 - 0x00007ffdcaf78000 	C:\WINDOWS\System32\GDI32.dll
0x00007ffdc8c60000 - 0x00007ffdc8df2000 	C:\WINDOWS\System32\gdi32full.dll
0x00007ffdc8e00000 - 0x00007ffdc8e9f000 	C:\WINDOWS\System32\msvcp_win.dll
0x00007ffdc8ef0000 - 0x00007ffdc8fe8000 	C:\WINDOWS\System32\ucrtbase.dll
0x00007ffdbf820000 - 0x00007ffdbfa89000 	C:\WINDOWS\WinSxS\amd64_microsoft.windows.common-controls_6595b64144ccf1df_6.0.17134.706_none_fb43a2cb30647007\COMCTL32.dll
0x00007ffdcb7d0000 - 0x00007ffdcbaf2000 	C:\WINDOWS\System32\combase.dll
0x00007ffdc82e0000 - 0x00007ffdc835a000 	C:\WINDOWS\System32\bcryptPrimitives.dll
0x00007ffdcbb00000 - 0x00007ffdcbb2d000 	C:\WINDOWS\System32\IMM32.DLL
0x0000000061e40000 - 0x0000000061f11000 	C:\Program Files\Java\jdk1.8.0_102\jre\bin\msvcr100.dll
0x0000000060a60000 - 0x00000000612fa000 	C:\Program Files\Java\jdk1.8.0_102\jre\bin\server\jvm.dll
0x00007ffdca8b0000 - 0x00007ffdca8b8000 	C:\WINDOWS\System32\PSAPI.DLL
0x00007ffdc6d60000 - 0x00007ffdc6d69000 	C:\WINDOWS\SYSTEM32\WSOCK32.dll
0x00007ffdcaee0000 - 0x00007ffdcaf4c000 	C:\WINDOWS\System32\WS2_32.dll
0x00007ffdc5e20000 - 0x00007ffdc5e43000 	C:\WINDOWS\SYSTEM32\WINMM.dll
0x00007ffdb9020000 - 0x00007ffdb902a000 	C:\WINDOWS\SYSTEM32\VERSION.dll
0x00007ffdc5df0000 - 0x00007ffdc5e1a000 	C:\WINDOWS\SYSTEM32\WINMMBASE.dll
0x00007ffdc8ea0000 - 0x00007ffdc8ee9000 	C:\WINDOWS\System32\cfgmgr32.dll
0x0000000061e30000 - 0x0000000061e3f000 	C:\Program Files\Java\jdk1.8.0_102\jre\bin\verify.dll
0x0000000061e00000 - 0x0000000061e29000 	C:\Program Files\Java\jdk1.8.0_102\jre\bin\java.dll
0x00000000620a0000 - 0x00000000620c3000 	C:\Program Files\Java\jdk1.8.0_102\jre\bin\instrument.dll
0x0000000061de0000 - 0x0000000061df6000 	C:\Program Files\Java\jdk1.8.0_102\jre\bin\zip.dll
0x00007ffdc91d0000 - 0x00007ffdca610000 	C:\WINDOWS\System32\SHELL32.dll
0x00007ffdcabe0000 - 0x00007ffdcac89000 	C:\WINDOWS\System32\shcore.dll
0x00007ffdc8360000 - 0x00007ffdc8a6d000 	C:\WINDOWS\System32\windows.storage.dll
0x00007ffdc8ff0000 - 0x00007ffdc9041000 	C:\WINDOWS\System32\shlwapi.dll
0x00007ffdc7ea0000 - 0x00007ffdc7eb1000 	C:\WINDOWS\System32\kernel.appcore.dll
0x00007ffdc7f10000 - 0x00007ffdc7f2f000 	C:\WINDOWS\System32\profapi.dll
0x00007ffdc7ec0000 - 0x00007ffdc7f0c000 	C:\WINDOWS\System32\powrprof.dll
0x00007ffdc7e70000 - 0x00007ffdc7e7a000 	C:\WINDOWS\System32\FLTLIB.DLL
0x00007ffdb29a0000 - 0x00007ffdb29ba000 	C:\Program Files\JetBrains\IntelliJ IDEA Community Edition 2018.3.4\bin\breakgen64.dll
0x0000000061dc0000 - 0x0000000061dda000 	C:\Program Files\Java\jdk1.8.0_102\jre\bin\net.dll
0x00007ffdc7690000 - 0x00007ffdc76f6000 	C:\WINDOWS\system32\mswsock.dll
0x00007ffd9f330000 - 0x00007ffd9f41f000 	C:\Program Files\Java\jdk1.8.0_102\jre\bin\msvcr120.dll
0x00007ffd9f1c0000 - 0x00007ffd9f266000 	C:\Program Files\Java\jdk1.8.0_102\jre\bin\msvcp120.dll
0x0000000062070000 - 0x0000000062092000 	C:\Program Files\Java\jdk1.8.0_102\jre\bin\prism_d3d.dll
0x00007ffda5150000 - 0x00007ffda52e7000 	C:\WINDOWS\system32\d3d9.dll
0x00007ffdc62d0000 - 0x00007ffdc62f9000 	C:\WINDOWS\SYSTEM32\dwmapi.dll
0x00007ffdc61b0000 - 0x00007ffdc6248000 	C:\WINDOWS\system32\uxtheme.dll
0x00007ffdca740000 - 0x00007ffdca802000 	C:\WINDOWS\System32\OLEAUT32.dll
0x00007ffdcb1b0000 - 0x00007ffdcb301000 	C:\WINDOWS\System32\ole32.dll
0x0000000062020000 - 0x0000000062063000 	C:\Program Files\Java\jdk1.8.0_102\jre\bin\glass.dll
0x00007ffdcb0c0000 - 0x00007ffdcb1ad000 	C:\WINDOWS\System32\COMDLG32.dll
0x00007ffdc9050000 - 0x00007ffdc91c3000 	C:\WINDOWS\System32\MSCTF.dll
0x0000000062000000 - 0x0000000062014000 	C:\Program Files\Java\jdk1.8.0_102\jre\bin\javafx_font.dll
0x00007ffdbb450000 - 0x00007ffdbb76c000 	C:\WINDOWS\SYSTEM32\dwrite.dll
0x0000000061fb0000 - 0x0000000061fd3000 	C:\Program Files\Java\jdk1.8.0_102\jre\bin\javafx_iio.dll
0x0000000061f30000 - 0x0000000061fa3000 	C:\Program Files\Java\jdk1.8.0_102\jre\bin\glib-lite.dll
0x0000000061cf0000 - 0x0000000061d8c000 	C:\Program Files\Java\jdk1.8.0_102\jre\bin\gstreamer-lite.dll
0x00007ffda8c50000 - 0x00007ffda8cdf000 	C:\WINDOWS\SYSTEM32\DSOUND.dll
0x0000000061af0000 - 0x0000000061b15000 	C:\Program Files\Java\jdk1.8.0_102\jre\bin\jfxmedia.dll
0x00007ffdcaae0000 - 0x00007ffdcab80000 	C:\WINDOWS\System32\clbcatq.dll
0x00007ffdc42a0000 - 0x00007ffdc444e000 	C:\WINDOWS\SYSTEM32\WindowsCodecs.dll
0x00007ffda9f60000 - 0x00007ffda9fb8000 	C:\WINDOWS\system32\dataexchange.dll
0x00007ffdc4e00000 - 0x00007ffdc510b000 	C:\WINDOWS\system32\d3d11.dll
0x00007ffdc5570000 - 0x00007ffdc570c000 	C:\WINDOWS\system32\dcomp.dll
0x00007ffdc6890000 - 0x00007ffdc694b000 	C:\WINDOWS\system32\dxgi.dll
0x00007ffdc63b0000 - 0x00007ffdc6568000 	C:\WINDOWS\system32\twinapi.appcore.dll
0x00007ffdc6150000 - 0x00007ffdc6179000 	C:\WINDOWS\system32\RMCLIENT.dll
0x00007ffdac050000 - 0x00007ffdac084000 	C:\Program Files\Common Files\Microsoft Shared\Ink\rtscom.dll
0x0000000061fe0000 - 0x0000000061ff1000 	C:\Program Files\Java\jdk1.8.0_102\jre\bin\prism_common.dll
0x00007ffdc4640000 - 0x00007ffdc4c07000 	C:\WINDOWS\SYSTEM32\d2d1.dll
0x00007ffd97d50000 - 0x00007ffd984ce000 	C:\WINDOWS\SYSTEM32\D3D10Warp.dll
0x00007ffdbcf40000 - 0x00007ffdbcfd6000 	C:\WINDOWS\System32\TextInputFramework.dll
0x00007ffdc3df0000 - 0x00007ffdc410e000 	C:\WINDOWS\System32\CoreUIComponents.dll
0x00007ffdc5a90000 - 0x00007ffdc5b6a000 	C:\WINDOWS\System32\CoreMessaging.dll
0x00007ffdc6f60000 - 0x00007ffdc6f91000 	C:\WINDOWS\SYSTEM32\ntmarta.dll
0x00007ffdc3b50000 - 0x00007ffdc3c9d000 	C:\WINDOWS\SYSTEM32\wintypes.dll
0x00007ffdc6ae0000 - 0x00007ffdc6ca9000 	C:\WINDOWS\SYSTEM32\dbghelp.dll

VM Arguments:
jvm_args: -javaagent:C:\Program Files\JetBrains\IntelliJ IDEA Community Edition 2018.3.4\lib\idea_rt.jar=51694:C:\Program Files\JetBrains\IntelliJ IDEA Community Edition 2018.3.4\bin -Dfile.encoding=UTF-8 
java_command: ClientFX
java_class_path (initial): C:\Program Files\Java\jdk1.8.0_102\jre\lib\charsets.jar;C:\Program Files\Java\jdk1.8.0_102\jre\lib\deploy.jar;C:\Program Files\Java\jdk1.8.0_102\jre\lib\ext\access-bridge-64.jar;C:\Program Files\Java\jdk1.8.0_102\jre\lib\ext\cldrdata.jar;C:\Program Files\Java\jdk1.8.0_102\jre\lib\ext\dnsns.jar;C:\Program Files\Java\jdk1.8.0_102\jre\lib\ext\jaccess.jar;C:\Program Files\Java\jdk1.8.0_102\jre\lib\ext\jfxrt.jar;C:\Program Files\Java\jdk1.8.0_102\jre\lib\ext\localedata.jar;C:\Program Files\Java\jdk1.8.0_102\jre\lib\ext\nashorn.jar;C:\Program Files\Java\jdk1.8.0_102\jre\lib\ext\sunec.jar;C:\Program Files\Java\jdk1.8.0_102\jre\lib\ext\sunjce_provider.jar;C:\Program Files\Java\jdk1.8.0_102\jre\lib\ext\sunmscapi.jar;C:\Program Files\Java\jdk1.8.0_102\jre\lib\ext\sunpkcs11.jar;C:\Program Files\Java\jdk1.8.0_102\jre\lib\ext\zipfs.jar;C:\Program Files\Java\jdk1.8.0_102\jre\lib\javaws.jar;C:\Program Files\Java\jdk1.8.0_102\jre\lib\jce.jar;C:\Program Files\Java\jdk1.8.0_102\jre\lib\jfr.jar;C:\Program Files\Java\jdk1.8.0_102\jre\lib\jfxswt.jar;C:\Program Files\Java\jdk1.8.0_102\jre\lib\jsse.jar;C:\Program Files\Java\jdk1.8.0_102\jre\lib\management-agent.jar;C:\Program Files\Java\jdk1.8.0_102\jre\lib\plugin.jar;C:\Program Files\Java\jdk1.8.0_102\jre\lib\resources.jar;C:\Program Files\Java\jdk1.8.0_102\jre\lib\rt.jar;C:\Users\Don\Documents\GitHub\Project5\Client\out\production\Client;C:\Program Files\JetBrains\IntelliJ IDEA Community Edition 2018.3.4\lib\idea_rt.jar
Launcher Type: SUN_STANDARD

Environment Variables:
JAVA_HOME=C:\Program Files\Java\jdk1.8.0_172
CLASSPATH=.;
PATH=C:\Python27\;C:\Python27\Scripts;C:\Program Files (x86)\Common Files\Oracle\Java\javapath;C:\ProgramData\Oracle\Java\javapath;C:\Program Files (x86)\Intel\iCLS Client\;C:\Program Files\Intel\iCLS Client\;C:\WINDOWS\system32;C:\WINDOWS;C:\WINDOWS\System32\Wbem;C:\WINDOWS\System32\WindowsPowerShell\v1.0\;C:\Program Files\Hewlett-Packard\SimplePass\;C:\Program Files (x86)\Windows Live\Shared;C:\Program Files\Novell\iPrint;C:\WINDOWS\System32\OpenSSH\;C:\ProgramData\chocolatey\bin;C:\Program Files\Java\jdk1.8.0_172\bin;C:\TDM-GCC-64\bin;C:\Program Files\PuTTY\;C:\Program Files\Intel\Intel(R) Management Engine Components\DAL;C:\Program Files\Intel\Intel(R) Management Engine Components\IPT;C:\Program Files\dotnet\;C:\Program Files\Git\cmd;C:\Program Files\nodejs\;C:\Users\Don\AppData\Local\Microsoft\WindowsApps;C:\Users\Don\AndroidAppData\platform-tools;C:\Users\Don\AppData\Local\Programs\Microsoft VS Code\bin;C:\Users\Don\.dotnet\tools;C:\Program Files (x86)\Java\jdk1.8.0_102\bin;;C:\Users\Don\AppData\Local\Programs\Azure Data Studio\bin;C:\Users\Don\AppData\Roaming\npm
USERNAME=Don
OS=Windows_NT
PROCESSOR_IDENTIFIER=Intel64 Family 6 Model 61 Stepping 4, GenuineIntel



---------------  S Y S T E M  ---------------

OS: Windows 10.0 , 64 bit Build 17134 (10.0.17134.706)

CPU:total 4 (2 cores per cpu, 2 threads per core) family 6 model 61 stepping 4, cmov, cx8, fxsr, mmx, sse, sse2, sse3, ssse3, sse4.1, sse4.2, popcnt, avx, avx2, aes, clmul, erms, 3dnowpref, lzcnt, ht, tsc, tscinvbit, bmi1, bmi2, adx

Memory: 4k page, physical 6211852k(2070252k free), swap 11454732k(3741980k free)

vm_info: Java HotSpot(TM) 64-Bit Server VM (25.102-b14) for windows-amd64 JRE (1.8.0_102-b14), built on Jun 22 2016 13:15:21 by "java_re" with MS VC++ 10.0 (VS2010)

time: Sun May 05 16:22:30 2019
elapsed time: 236 seconds (0d 0h 3m 56s)

