#
# A fatal error has been detected by the Java Runtime Environment:
#
#  EXCEPTION_ACCESS_VIOLATION (0xc0000005) at pc=0x00000000746c584a, pid=75156, tid=0x0000000000010b68
#
# JRE version: Java(TM) SE Runtime Environment (8.0_102-b14) (build 1.8.0_102-b14)
# Java VM: Java HotSpot(TM) 64-Bit Server VM (25.102-b14 mixed mode windows-amd64 compressed oops)
# Problematic frame:
# C  [glass.dll+0x2584a]
#
# Failed to write core dump. Minidumps are not enabled by default on client versions of Windows
#
# If you would like to submit a bug report, please visit:
#   http://bugreport.java.com/bugreport/crash.jsp
#

---------------  T H R E A D  ---------------

Current thread (0x0000000016117800):  VMThread [stack: 0x00000000171b0000,0x00000000172b0000] [id=68456]

siginfo: ExceptionCode=0xc0000005, reading address 0x0000000000000000

Registers:
RAX=0x0000000000000000, RBX=0x0000000018224478, RCX=0x0000000016117800, RDX=0x0000000018224478
RSP=0x00000000172af4e0, RBP=0x0000000000920ae0, RSI=0x0000000000000001, RDI=0x0000000000000000
R8 =0x0000000000010002, R9 =0x0000000000920ae0, R10=0x0000000000000000, R11=0x0000000000000246
R12=0x0000000000920b10, R13=0x0000000000920ae0, R14=0x0000000000920af0, R15=0x0000000000000000
RIP=0x00000000746c584a, EFLAGS=0x0000000000010206

Top of Stack: (sp=0x00000000172af4e0)
0x00000000172af4e0:   0000000000000000 00000000746c5900
0x00000000172af4f0:   0000000000000000 00000000746d91b0
0x00000000172af500:   00000000746c5830 00000000746c3224
0x00000000172af510:   00000000746c5a60 00007ffcf8dc7880
0x00000000172af520:   0000000000000000 00007ffc6b6fc2c4
0x00000000172af530:   0000000000000001 00000000746a0000
0x00000000172af540:   00000000025e1638 00000000746c34a6
0x00000000172af550:   0000000000000001 0000000016025500
0x00000000172af560:   0000000000000000 00000000746c3384
0x00000000172af570:   c000000500000001 00000000172ae650
0x00000000172af580:   00000000746a0000 00007ffcbf9fb583
0x00000000172af590:   000000007ffe0385 0000000000000000
0x00000000172af5a0:   000000007ffe0384 000000007ffe0385
0x00000000172af5b0:   000000000000000f 00007ffcbfa0813a
0x00000000172af5c0:   0000d70a941bbd00 00000000008e3bb0
0x00000000172af5d0:   0000000000000000 0000000000000000 

Instructions: (pc=0x00000000746c584a)
0x00000000746c582a:   83 c4 20 5d c3 cc 40 53 48 83 ec 20 48 8b 1d cb
0x00000000746c583a:   5b 01 00 48 85 db 74 1a e8 19 93 ff ff 48 8b d3
0x00000000746c584a:   4c 8b 00 48 8b c8 48 83 c4 20 5b 49 ff a0 b0 00
0x00000000746c585a:   00 00 48 83 c4 20 5b c3 cc cc cc cc cc cc cc cc 


Register to memory mapping:

RAX=0x0000000000000000 is an unknown value
RBX=0x0000000018224478 is a global jni handle
RCX=0x0000000016117800 is an unknown value
RDX=0x0000000018224478 is a global jni handle
RSP=0x00000000172af4e0 is an unknown value
RBP=0x0000000000920ae0 is an unknown value
RSI=0x0000000000000001 is an unknown value
RDI=0x0000000000000000 is an unknown value
R8 =0x0000000000010002 is an unknown value
R9 =0x0000000000920ae0 is an unknown value
R10=0x0000000000000000 is an unknown value
R11=0x0000000000000246 is an unknown value
R12=0x0000000000920b10 is an unknown value
R13=0x0000000000920ae0 is an unknown value
R14=0x0000000000920af0 is an unknown value
R15=0x0000000000000000 is an unknown value


Stack: [0x00000000171b0000,0x00000000172b0000],  sp=0x00000000172af4e0,  free space=1021k
Native frames: (J=compiled Java code, j=interpreted, Vv=VM code, C=native code)
C  [glass.dll+0x2584a]
C  [glass.dll+0x23224]
C  [glass.dll+0x234a6]
C  [ntdll.dll+0x3b583]
C  [ntdll.dll+0x47f85]
C  [ntdll.dll+0x47e48]
C  [KERNEL32.DLL+0x1ca7a]
C  [msvcr100.dll+0x20cb9]
V  [jvm.dll+0x212a05]
V  [jvm.dll+0x24b647]
V  [jvm.dll+0x24a8e6]
V  [jvm.dll+0x24ad81]
V  [jvm.dll+0x24af9e]
V  [jvm.dll+0x29c03a]
C  [msvcr100.dll+0x21d7b]
C  [msvcr100.dll+0x21e17]
C  [KERNEL32.DLL+0x14034]
C  [ntdll.dll+0x73691]

VM_Operation (0x0000000018dd9ca0): Exit, mode: safepoint, requested by thread 0x00000000181dc800


---------------  P R O C E S S  ---------------

Java Threads: ( => current thread )
  0x000000001878c000 JavaThread "Thread-5" [_thread_blocked, id=81728, stack(0x0000000021ef0000,0x0000000021ff0000)]
  0x000000001878e000 JavaThread "Thread-4" daemon [_thread_in_native, id=69376, stack(0x0000000021df0000,0x0000000021ef0000)]
  0x00000000184f5000 JavaThread "Media Resource Disposer" daemon [_thread_blocked, id=90720, stack(0x000000001ef30000,0x000000001f030000)]
  0x00000000182fc800 JavaThread "Prism Font Disposer" daemon [_thread_blocked, id=47240, stack(0x000000001ea30000,0x000000001eb30000)]
  0x000000001826d800 JavaThread "JavaFX-Launcher" [_thread_blocked, id=24872, stack(0x000000001d7b0000,0x000000001d8b0000)]
  0x0000000018274000 JavaThread "Thread-2" daemon [_thread_in_native, id=54108, stack(0x000000001d6b0000,0x000000001d7b0000)]
  0x00000000181dc800 JavaThread "JavaFX Application Thread" [_thread_blocked, id=82596, stack(0x0000000018ce0000,0x0000000018de0000)]
  0x00000000181d5000 JavaThread "Thread-1" daemon [_thread_blocked, id=83600, stack(0x0000000018be0000,0x0000000018ce0000)]
  0x00000000181c1800 JavaThread "QuantumRenderer-0" daemon [_thread_blocked, id=12480, stack(0x00000000189a0000,0x0000000018aa0000)]
  0x000000001784d000 JavaThread "Service Thread" daemon [_thread_blocked, id=23556, stack(0x0000000017fa0000,0x00000000180a0000)]
  0x0000000017835000 JavaThread "C1 CompilerThread2" daemon [_thread_blocked, id=58864, stack(0x0000000017ea0000,0x0000000017fa0000)]
  0x0000000016197800 JavaThread "C2 CompilerThread1" daemon [_thread_blocked, id=22152, stack(0x0000000017da0000,0x0000000017ea0000)]
  0x0000000016194000 JavaThread "C2 CompilerThread0" daemon [_thread_blocked, id=56720, stack(0x0000000017ca0000,0x0000000017da0000)]
  0x0000000016185000 JavaThread "Monitor Ctrl-Break" daemon [_thread_in_native, id=90536, stack(0x0000000017ba0000,0x0000000017ca0000)]
  0x000000001614c000 JavaThread "Attach Listener" daemon [_thread_blocked, id=47412, stack(0x00000000176a0000,0x00000000177a0000)]
  0x000000001614b000 JavaThread "Signal Dispatcher" daemon [_thread_blocked, id=7272, stack(0x00000000175a0000,0x00000000176a0000)]
  0x000000000287d800 JavaThread "Finalizer" daemon [_thread_blocked, id=65224, stack(0x00000000173b0000,0x00000000174b0000)]
  0x0000000002872000 JavaThread "Reference Handler" daemon [_thread_blocked, id=53404, stack(0x00000000172b0000,0x00000000173b0000)]
  0x0000000002782800 JavaThread "main" [_thread_blocked, id=2844, stack(0x0000000002450000,0x0000000002550000)]

Other Threads:
=>0x0000000016117800 VMThread [stack: 0x00000000171b0000,0x00000000172b0000] [id=68456]

VM state:at safepoint (shutting down)

VM Mutex/Monitor currently owned by a thread:  ([mutex/lock_event])
[0x00000000025ed9f0] Threads_lock - owner thread: 0x0000000016117800

Heap:
 PSYoungGen      total 100352K, used 84930K [0x00000000e0600000, 0x00000000ee280000, 0x0000000100000000)
  eden space 64512K, 76% used [0x00000000e0600000,0x00000000e35f3680,0x00000000e4500000)
  from space 35840K, 99% used [0x00000000e4500000,0x00000000e67fd490,0x00000000e6800000)
  to   space 65024K, 0% used [0x00000000ea300000,0x00000000ea300000,0x00000000ee280000)
 ParOldGen       total 193536K, used 144737K [0x00000000a1200000, 0x00000000acf00000, 0x00000000e0600000)
  object space 193536K, 74% used [0x00000000a1200000,0x00000000a9f58768,0x00000000acf00000)
 Metaspace       used 18117K, capacity 19352K, committed 19584K, reserved 1067008K
  class space    used 2619K, capacity 2884K, committed 2944K, reserved 1048576K

Card table byte_map: [0x0000000011c40000,0x0000000011f40000] byte_map_base: 0x0000000011737000

Marking Bits: (ParMarkBitMap*) 0x00000000737da6c0
 Begin Bits: [0x0000000012540000, 0x0000000013cf8000)
 End Bits:   [0x0000000013cf8000, 0x00000000154b0000)

Polling page: 0x0000000000820000

CodeCache: size=245760Kb used=8254Kb max_used=8266Kb free=237505Kb
 bounds [0x0000000002880000, 0x00000000030a0000, 0x0000000011880000]
 total_blobs=3363 nmethods=2691 adapters=583
 compilation: enabled

Compilation events (10 events):
Event: 14.691 Thread 0x0000000017835000 nmethod 2687 0x0000000003091890 code [0x00000000030919e0, 0x0000000003091af0]
Event: 14.691 Thread 0x0000000017835000 2688       1       javafx.scene.layout.CornerRadii::isBottomRightHorizontalRadiusAsPercentage (5 bytes)
Event: 14.691 Thread 0x0000000017835000 nmethod 2688 0x0000000003091b50 code [0x0000000003091ca0, 0x0000000003091db0]
Event: 14.691 Thread 0x0000000017835000 2689       1       javafx.scene.layout.CornerRadii::isBottomRightVerticalRadiusAsPercentage (5 bytes)
Event: 14.691 Thread 0x0000000017835000 nmethod 2689 0x0000000003091e10 code [0x0000000003091f60, 0x0000000003092070]
Event: 14.691 Thread 0x0000000017835000 2690       1       javafx.scene.layout.CornerRadii::isBottomLeftVerticalRadiusAsPercentage (5 bytes)
Event: 14.692 Thread 0x0000000017835000 nmethod 2690 0x00000000030920d0 code [0x0000000003092220, 0x0000000003092330]
Event: 14.692 Thread 0x0000000017835000 2691       1       javafx.scene.layout.CornerRadii::isBottomLeftHorizontalRadiusAsPercentage (5 bytes)
Event: 14.692 Thread 0x0000000017835000 nmethod 2691 0x0000000003092390 code [0x00000000030924e0, 0x00000000030925f0]
Event: 14.702 Thread 0x0000000016197800 nmethod 2682 0x0000000003095610 code [0x0000000003095760, 0x0000000003095b18]

GC Heap History (10 events):
Event: 2.715 GC heap before
{Heap before GC invocations=5 (full 1):
 PSYoungGen      total 53248K, used 4071K [0x00000000e0600000, 0x00000000e3e00000, 0x0000000100000000)
  eden space 49152K, 0% used [0x00000000e0600000,0x00000000e0600000,0x00000000e3600000)
  from space 4096K, 99% used [0x00000000e3a00000,0x00000000e3df9cc0,0x00000000e3e00000)
  to   space 4096K, 0% used [0x00000000e3600000,0x00000000e3600000,0x00000000e3a00000)
 ParOldGen       total 65536K, used 51425K [0x00000000a1200000, 0x00000000a5200000, 0x00000000e0600000)
  object space 65536K, 78% used [0x00000000a1200000,0x00000000a44386a0,0x00000000a5200000)
 Metaspace       used 12654K, capacity 13252K, committed 13440K, reserved 1060864K
  class space    used 1765K, capacity 1917K, committed 1920K, reserved 1048576K
Event: 2.818 GC heap after
Heap after GC invocations=5 (full 1):
 PSYoungGen      total 53248K, used 0K [0x00000000e0600000, 0x00000000e3e00000, 0x0000000100000000)
  eden space 49152K, 0% used [0x00000000e0600000,0x00000000e0600000,0x00000000e3600000)
  from space 4096K, 0% used [0x00000000e3a00000,0x00000000e3a00000,0x00000000e3e00000)
  to   space 4096K, 0% used [0x00000000e3600000,0x00000000e3600000,0x00000000e3a00000)
 ParOldGen       total 120832K, used 55409K [0x00000000a1200000, 0x00000000a8800000, 0x00000000e0600000)
  object space 120832K, 45% used [0x00000000a1200000,0x00000000a481c590,0x00000000a8800000)
 Metaspace       used 12654K, capacity 13252K, committed 13440K, reserved 1060864K
  class space    used 1765K, capacity 1917K, committed 1920K, reserved 1048576K
}
Event: 3.437 GC heap before
{Heap before GC invocations=6 (full 1):
 PSYoungGen      total 53248K, used 47115K [0x00000000e0600000, 0x00000000e3e00000, 0x0000000100000000)
  eden space 49152K, 95% used [0x00000000e0600000,0x00000000e3402fb0,0x00000000e3600000)
  from space 4096K, 0% used [0x00000000e3a00000,0x00000000e3a00000,0x00000000e3e00000)
  to   space 4096K, 0% used [0x00000000e3600000,0x00000000e3600000,0x00000000e3a00000)
 ParOldGen       total 120832K, used 55409K [0x00000000a1200000, 0x00000000a8800000, 0x00000000e0600000)
  object space 120832K, 45% used [0x00000000a1200000,0x00000000a481c590,0x00000000a8800000)
 Metaspace       used 12697K, capacity 13350K, committed 13568K, reserved 1060864K
  class space    used 1773K, capacity 1929K, committed 2048K, reserved 1048576K
Event: 3.455 GC heap after
Heap after GC invocations=6 (full 1):
 PSYoungGen      total 53248K, used 4049K [0x00000000e0600000, 0x00000000e8400000, 0x0000000100000000)
  eden space 49152K, 0% used [0x00000000e0600000,0x00000000e0600000,0x00000000e3600000)
  from space 4096K, 98% used [0x00000000e3600000,0x00000000e39f45d0,0x00000000e3a00000)
  to   space 28672K, 0% used [0x00000000e6800000,0x00000000e6800000,0x00000000e8400000)
 ParOldGen       total 120832K, used 90715K [0x00000000a1200000, 0x00000000a8800000, 0x00000000e0600000)
  object space 120832K, 75% used [0x00000000a1200000,0x00000000a6a96c00,0x00000000a8800000)
 Metaspace       used 12697K, capacity 13350K, committed 13568K, reserved 1060864K
  class space    used 1773K, capacity 1929K, committed 2048K, reserved 1048576K
}
Event: 3.455 GC heap before
{Heap before GC invocations=7 (full 2):
 PSYoungGen      total 53248K, used 4049K [0x00000000e0600000, 0x00000000e8400000, 0x0000000100000000)
  eden space 49152K, 0% used [0x00000000e0600000,0x00000000e0600000,0x00000000e3600000)
  from space 4096K, 98% used [0x00000000e3600000,0x00000000e39f45d0,0x00000000e3a00000)
  to   space 28672K, 0% used [0x00000000e6800000,0x00000000e6800000,0x00000000e8400000)
 ParOldGen       total 120832K, used 90715K [0x00000000a1200000, 0x00000000a8800000, 0x00000000e0600000)
  object space 120832K, 75% used [0x00000000a1200000,0x00000000a6a96c00,0x00000000a8800000)
 Metaspace       used 12697K, capacity 13350K, committed 13568K, reserved 1060864K
  class space    used 1773K, capacity 1929K, committed 2048K, reserved 1048576K
Event: 3.498 GC heap after
Heap after GC invocations=7 (full 2):
 PSYoungGen      total 53248K, used 0K [0x00000000e0600000, 0x00000000e8400000, 0x0000000100000000)
  eden space 49152K, 0% used [0x00000000e0600000,0x00000000e0600000,0x00000000e3600000)
  from space 4096K, 0% used [0x00000000e3600000,0x00000000e3600000,0x00000000e3a00000)
  to   space 28672K, 0% used [0x00000000e6800000,0x00000000e6800000,0x00000000e8400000)
 ParOldGen       total 193536K, used 92134K [0x00000000a1200000, 0x00000000acf00000, 0x00000000e0600000)
  object space 193536K, 47% used [0x00000000a1200000,0x00000000a6bf9a40,0x00000000acf00000)
 Metaspace       used 12697K, capacity 13350K, committed 13568K, reserved 1060864K
  class space    used 1773K, capacity 1929K, committed 2048K, reserved 1048576K
}
Event: 3.925 GC heap before
{Heap before GC invocations=8 (full 2):
 PSYoungGen      total 53248K, used 48953K [0x00000000e0600000, 0x00000000e8400000, 0x0000000100000000)
  eden space 49152K, 99% used [0x00000000e0600000,0x00000000e35ce4a0,0x00000000e3600000)
  from space 4096K, 0% used [0x00000000e3600000,0x00000000e3600000,0x00000000e3a00000)
  to   space 28672K, 0% used [0x00000000e6800000,0x00000000e6800000,0x00000000e8400000)
 ParOldGen       total 193536K, used 92134K [0x00000000a1200000, 0x00000000acf00000, 0x00000000e0600000)
  object space 193536K, 47% used [0x00000000a1200000,0x00000000a6bf9a40,0x00000000acf00000)
 Metaspace       used 12720K, capacity 13354K, committed 13568K, reserved 1060864K
  class space    used 1774K, capacity 1929K, committed 2048K, reserved 1048576K
Event: 3.944 GC heap after
Heap after GC invocations=8 (full 2):
 PSYoungGen      total 93184K, used 28576K [0x00000000e0600000, 0x00000000e8f00000, 0x0000000100000000)
  eden space 64512K, 0% used [0x00000000e0600000,0x00000000e0600000,0x00000000e4500000)
  from space 28672K, 99% used [0x00000000e6800000,0x00000000e83e8298,0x00000000e8400000)
  to   space 35840K, 0% used [0x00000000e4500000,0x00000000e4500000,0x00000000e6800000)
 ParOldGen       total 193536K, used 102507K [0x00000000a1200000, 0x00000000acf00000, 0x00000000e0600000)
  object space 193536K, 52% used [0x00000000a1200000,0x00000000a761ae18,0x00000000acf00000)
 Metaspace       used 12720K, capacity 13354K, committed 13568K, reserved 1060864K
  class space    used 1774K, capacity 1929K, committed 2048K, reserved 1048576K
}
Event: 4.376 GC heap before
{Heap before GC invocations=9 (full 2):
 PSYoungGen      total 93184K, used 93075K [0x00000000e0600000, 0x00000000e8f00000, 0x0000000100000000)
  eden space 64512K, 99% used [0x00000000e0600000,0x00000000e44fcd08,0x00000000e4500000)
  from space 28672K, 99% used [0x00000000e6800000,0x00000000e83e8298,0x00000000e8400000)
  to   space 35840K, 0% used [0x00000000e4500000,0x00000000e4500000,0x00000000e6800000)
 ParOldGen       total 193536K, used 102507K [0x00000000a1200000, 0x00000000acf00000, 0x00000000e0600000)
  object space 193536K, 52% used [0x00000000a1200000,0x00000000a761ae18,0x00000000acf00000)
 Metaspace       used 12759K, capacity 13366K, committed 13568K, reserved 1060864K
  class space    used 1775K, capacity 1931K, committed 2048K, reserved 1048576K
Event: 4.416 GC heap after
Heap after GC invocations=9 (full 2):
 PSYoungGen      total 100352K, used 35829K [0x00000000e0600000, 0x00000000ee280000, 0x0000000100000000)
  eden space 64512K, 0% used [0x00000000e0600000,0x00000000e0600000,0x00000000e4500000)
  from space 35840K, 99% used [0x00000000e4500000,0x00000000e67fd490,0x00000000e6800000)
  to   space 65024K, 0% used [0x00000000ea300000,0x00000000ea300000,0x00000000ee280000)
 ParOldGen       total 193536K, used 144737K [0x00000000a1200000, 0x00000000acf00000, 0x00000000e0600000)
  object space 193536K, 74% used [0x00000000a1200000,0x00000000a9f58768,0x00000000acf00000)
 Metaspace       used 12759K, capacity 13366K, committed 13568K, reserved 1060864K
  class space    used 1775K, capacity 1931K, committed 2048K, reserved 1048576K
}

Deoptimization events (10 events):
Event: 5.045 Thread 0x00000000181c1800 Uncommon trap: reason=class_check action=maybe_recompile pc=0x0000000002c55168 method=java.io.BufferedInputStream.read1([BII)I @ 39
Event: 5.045 Thread 0x00000000181c1800 Uncommon trap: reason=unstable_if action=reinterpret pc=0x0000000002c550dc method=java.io.BufferedInputStream.fill()V @ 219
Event: 11.722 Thread 0x00000000181dc800 Uncommon trap: reason=class_check action=maybe_recompile pc=0x0000000002f05f5c method=javafx.scene.Node.updateLocalToParentTransform()V @ 11
Event: 11.724 Thread 0x00000000181dc800 Uncommon trap: reason=class_check action=maybe_recompile pc=0x0000000002f05f5c method=javafx.scene.Node.updateLocalToParentTransform()V @ 11
Event: 11.725 Thread 0x00000000181dc800 Uncommon trap: reason=class_check action=maybe_recompile pc=0x0000000002f05f5c method=javafx.scene.Node.updateLocalToParentTransform()V @ 11
Event: 11.725 Thread 0x00000000181dc800 Uncommon trap: reason=class_check action=maybe_recompile pc=0x0000000002f05f5c method=javafx.scene.Node.updateLocalToParentTransform()V @ 11
Event: 11.729 Thread 0x00000000181dc800 Uncommon trap: reason=unstable_if action=reinterpret pc=0x0000000002ba44bc method=java.lang.Math.round(D)J @ 48
Event: 12.162 Thread 0x00000000181c1800 Uncommon trap: reason=unstable_if action=reinterpret pc=0x0000000002e9e04c method=java.lang.Math.round(F)I @ 36
Event: 12.624 Thread 0x00000000181dc800 Uncommon trap: reason=unstable_if action=reinterpret pc=0x0000000002f88164 method=javafx.scene.CssStyleHelper.lookup(Ljavafx/css/Styleable;Ljavafx/css/CssMetaData;Lcom/sun/javafx/css/StyleMap;Ljava/util/Set;Ljavafx/css/Styleable;Lcom/sun/javafx/css/Calculaàç,fJC)@
Event: 12.631 Thread 0x00000000181dc800 Uncommon trap: reason=unstable_if action=reinterpret pc=0x0000000003007404 method=javafx.scene.Node.updateLocalToParentTransform()V @ 125

Internal exceptions (10 events):
Event: 0.431 Thread 0x0000000002782800 Exception <a 'java/security/PrivilegedActionException'> (0x00000000e0a6be40) thrown at [C:\re\workspace\8-2-build-windows-amd64-cygwin\jdk8u102\7268\hotspot\src\share\vm\prims\jvm.cpp, line 1386]
Event: 0.432 Thread 0x0000000002782800 Exception <a 'java/lang/NullPointerException'> (0x00000000e0a6c848) thrown at [C:\re\workspace\8-2-build-windows-amd64-cygwin\jdk8u102\7268\hotspot\src\share\vm\interpreter\linkResolver.cpp, line 1178]
Event: 0.470 Thread 0x0000000002782800 Implicit null exception at 0x00000000029a4395 to 0x00000000029a4561
Event: 0.955 Thread 0x00000000181dc800 Exception <a 'java/lang/NullPointerException'> (0x00000000e16454d0) thrown at [C:\re\workspace\8-2-build-windows-amd64-cygwin\jdk8u102\7268\hotspot\src\share\vm\interpreter\linkResolver.cpp, line 1178]
Event: 0.955 Thread 0x00000000181dc800 Exception <a 'java/lang/NullPointerException'> (0x00000000e16454d0) thrown at [C:\re\workspace\8-2-build-windows-amd64-cygwin\jdk8u102\7268\hotspot\src\share\vm\prims\jvm.cpp, line 1390]
Event: 2.441 Thread 0x00000000181dc800 Exception <a 'java/lang/UnsatisfiedLinkError': com.sun.media.jfxmediaimpl.NativeAudioClip.nacInit()Z> (0x00000000e178b610) thrown at [C:\re\workspace\8-2-build-windows-amd64-cygwin\jdk8u102\7268\hotspot\src\share\vm\prims\nativeLookup.cpp, line 378]
Event: 2.442 Thread 0x00000000181dc800 Exception <a 'java/lang/UnsatisfiedLinkError': com.sun.media.jfxmedia.logging.Logger.nativeSetNativeLevel(I)V> (0x00000000e178fd10) thrown at [C:\re\workspace\8-2-build-windows-amd64-cygwin\jdk8u102\7268\hotspot\src\share\vm\prims\nativeLookup.cpp, line 37√◊D”∏@
Event: 2.465 Thread 0x00000000181dc800 Implicit null exception at 0x0000000002aa8656 to 0x0000000002aa8a01
Event: 4.902 Thread 0x00000000181dc800 Implicit null exception at 0x0000000002bb1c8e to 0x0000000002bb2ded
Event: 14.719 Thread 0x000000001878b000 Exception <a 'java/lang/IllegalStateException'> (0x00000000e3558b98) thrown at [C:\re\workspace\8-2-build-windows-amd64-cygwin\jdk8u102\7268\hotspot\src\share\vm\prims\jvm.cpp, line 1390]

Events (10 events):
Event: 14.716 loading class java/util/IdentityHashMap$KeyIterator done
Event: 14.717 Thread 0x000000001878b000 Thread added: 0x000000001878b000
Event: 14.718 loading class com/sun/javafx/tk/quantum/QuantumRenderer
Event: 14.718 loading class com/sun/javafx/tk/quantum/QuantumRenderer done
Event: 14.719 loading class com/sun/javafx/tk/quantum/QuantumToolkit
Event: 14.719 loading class com/sun/javafx/tk/quantum/QuantumToolkit done
Event: 14.719 loading class java/util/LinkedList$ListItr
Event: 14.719 loading class java/util/LinkedList$ListItr done
Event: 14.719 Thread 0x000000001878b000 Thread exited: 0x000000001878b000
Event: 14.719 Executing VM operation: Exit


Dynamic libraries:
0x00007ff6c6490000 - 0x00007ff6c64c7000 	C:\Program Files\Java\jdk1.8.0_102\bin\java.exe
0x00007ffcbf9c0000 - 0x00007ffcbfba1000 	C:\WINDOWS\SYSTEM32\ntdll.dll
0x00007ffcbd4e0000 - 0x00007ffcbd591000 	C:\WINDOWS\System32\KERNEL32.DLL
0x00007ffcbc610000 - 0x00007ffcbc883000 	C:\WINDOWS\System32\KERNELBASE.dll
0x0000000076350000 - 0x00000000763e5000 	C:\WINDOWS\System32\SYSFER.DLL
0x00007ffcbd740000 - 0x00007ffcbd7e1000 	C:\WINDOWS\System32\ADVAPI32.dll
0x00007ffcbd660000 - 0x00007ffcbd6fe000 	C:\WINDOWS\System32\msvcrt.dll
0x00007ffcbd600000 - 0x00007ffcbd65b000 	C:\WINDOWS\System32\sechost.dll
0x00007ffcbd250000 - 0x00007ffcbd374000 	C:\WINDOWS\System32\RPCRT4.dll
0x00007ffcbd7f0000 - 0x00007ffcbd980000 	C:\WINDOWS\System32\USER32.dll
0x00007ffcbbdf0000 - 0x00007ffcbbe10000 	C:\WINDOWS\System32\win32u.dll
0x00007ffcbd700000 - 0x00007ffcbd728000 	C:\WINDOWS\System32\GDI32.dll
0x00007ffcbccb0000 - 0x00007ffcbce42000 	C:\WINDOWS\System32\gdi32full.dll
0x00007ffcbc520000 - 0x00007ffcbc5bf000 	C:\WINDOWS\System32\msvcp_win.dll
0x00007ffcbc940000 - 0x00007ffcbca38000 	C:\WINDOWS\System32\ucrtbase.dll
0x00007ffcafdb0000 - 0x00007ffcb0019000 	C:\WINDOWS\WinSxS\amd64_microsoft.windows.common-controls_6595b64144ccf1df_6.0.17134.706_none_fb43a2cb30647007\COMCTL32.dll
0x00007ffcbf660000 - 0x00007ffcbf982000 	C:\WINDOWS\System32\combase.dll
0x00007ffcbcc30000 - 0x00007ffcbccaa000 	C:\WINDOWS\System32\bcryptPrimitives.dll
0x00007ffcbda00000 - 0x00007ffcbda2d000 	C:\WINDOWS\System32\IMM32.DLL
0x0000000074bf0000 - 0x0000000074cc1000 	C:\Program Files\Java\jdk1.8.0_102\jre\bin\msvcr100.dll
0x0000000072fc0000 - 0x000000007385a000 	C:\Program Files\Java\jdk1.8.0_102\jre\bin\server\jvm.dll
0x00007ffcbd730000 - 0x00007ffcbd738000 	C:\WINDOWS\System32\PSAPI.DLL
0x00007ffcbabf0000 - 0x00007ffcbabf9000 	C:\WINDOWS\SYSTEM32\WSOCK32.dll
0x00007ffcbf5d0000 - 0x00007ffcbf63c000 	C:\WINDOWS\System32\WS2_32.dll
0x00007ffcb9bd0000 - 0x00007ffcb9bf3000 	C:\WINDOWS\SYSTEM32\WINMM.dll
0x00007ffcad380000 - 0x00007ffcad38a000 	C:\WINDOWS\SYSTEM32\VERSION.dll
0x00007ffcb9ba0000 - 0x00007ffcb9bca000 	C:\WINDOWS\SYSTEM32\WINMMBASE.dll
0x00007ffcbc5c0000 - 0x00007ffcbc609000 	C:\WINDOWS\System32\cfgmgr32.dll
0x0000000074be0000 - 0x0000000074bef000 	C:\Program Files\Java\jdk1.8.0_102\jre\bin\verify.dll
0x0000000074bb0000 - 0x0000000074bd9000 	C:\Program Files\Java\jdk1.8.0_102\jre\bin\java.dll
0x0000000074760000 - 0x0000000074783000 	C:\Program Files\Java\jdk1.8.0_102\jre\bin\instrument.dll
0x0000000074740000 - 0x0000000074756000 	C:\Program Files\Java\jdk1.8.0_102\jre\bin\zip.dll
0x00007ffcbda30000 - 0x00007ffcbee70000 	C:\WINDOWS\System32\SHELL32.dll
0x00007ffcbd1a0000 - 0x00007ffcbd249000 	C:\WINDOWS\System32\shcore.dll
0x00007ffcbbe10000 - 0x00007ffcbc51d000 	C:\WINDOWS\System32\windows.storage.dll
0x00007ffcbce50000 - 0x00007ffcbcea1000 	C:\WINDOWS\System32\shlwapi.dll
0x00007ffcbbd70000 - 0x00007ffcbbd81000 	C:\WINDOWS\System32\kernel.appcore.dll
0x00007ffcbbd30000 - 0x00007ffcbbd4f000 	C:\WINDOWS\System32\profapi.dll
0x00007ffcbbcd0000 - 0x00007ffcbbd1c000 	C:\WINDOWS\System32\powrprof.dll
0x00007ffcbbd20000 - 0x00007ffcbbd2a000 	C:\WINDOWS\System32\FLTLIB.DLL
0x00007ffcac0a0000 - 0x00007ffcac0ba000 	C:\Program Files\JetBrains\IntelliJ IDEA Community Edition 2018.3.4\bin\breakgen64.dll
0x0000000074720000 - 0x000000007473a000 	C:\Program Files\Java\jdk1.8.0_102\jre\bin\net.dll
0x00007ffcbb550000 - 0x00007ffcbb5b6000 	C:\WINDOWS\system32\mswsock.dll
0x00007ffc84870000 - 0x00007ffc8495f000 	C:\Program Files\Java\jdk1.8.0_102\jre\bin\msvcr120.dll
0x00007ffca1e40000 - 0x00007ffca1ee6000 	C:\Program Files\Java\jdk1.8.0_102\jre\bin\msvcp120.dll
0x00000000746f0000 - 0x0000000074712000 	C:\Program Files\Java\jdk1.8.0_102\jre\bin\prism_d3d.dll
0x00007ffc80050000 - 0x00007ffc801e7000 	C:\WINDOWS\system32\d3d9.dll
0x00007ffcba0c0000 - 0x00007ffcba0e9000 	C:\WINDOWS\SYSTEM32\dwmapi.dll
0x00007ffcb9f40000 - 0x00007ffcb9fd8000 	C:\WINDOWS\system32\uxtheme.dll
0x00007ffc4c440000 - 0x00007ffc4e97d000 	C:\WINDOWS\SYSTEM32\igdumdim64.dll
0x00007ffcbcf50000 - 0x00007ffcbd012000 	C:\WINDOWS\System32\OLEAUT32.dll
0x00007ffcbd380000 - 0x00007ffcbd4d1000 	C:\WINDOWS\System32\ole32.dll
0x00007ffcbefe0000 - 0x00007ffcbf42b000 	C:\WINDOWS\System32\SETUPAPI.dll
0x00000000746a0000 - 0x00000000746e3000 	C:\Program Files\Java\jdk1.8.0_102\jre\bin\glass.dll
0x00007ffcbee80000 - 0x00007ffcbef6d000 	C:\WINDOWS\System32\COMDLG32.dll
0x00007ffcbd020000 - 0x00007ffcbd193000 	C:\WINDOWS\System32\MSCTF.dll
0x00007ffcb3230000 - 0x00007ffcb3c6f000 	C:\WINDOWS\SYSTEM32\igdusc64.dll
0x0000000074660000 - 0x0000000074674000 	C:\Program Files\Java\jdk1.8.0_102\jre\bin\javafx_font.dll
0x00007ffcb0a00000 - 0x00007ffcb0d1c000 	C:\WINDOWS\SYSTEM32\dwrite.dll
0x0000000074600000 - 0x0000000074623000 	C:\Program Files\Java\jdk1.8.0_102\jre\bin\javafx_iio.dll
0x0000000074580000 - 0x00000000745f3000 	C:\Program Files\Java\jdk1.8.0_102\jre\bin\glib-lite.dll
0x00000000744e0000 - 0x000000007457c000 	C:\Program Files\Java\jdk1.8.0_102\jre\bin\gstreamer-lite.dll
0x00007ffc94fd0000 - 0x00007ffc9505f000 	C:\WINDOWS\SYSTEM32\DSOUND.dll
0x00000000744b0000 - 0x00000000744d5000 	C:\Program Files\Java\jdk1.8.0_102\jre\bin\jfxmedia.dll
0x00007ffcbceb0000 - 0x00007ffcbcf50000 	C:\WINDOWS\System32\clbcatq.dll
0x00007ffcb61d0000 - 0x00007ffcb637e000 	C:\WINDOWS\SYSTEM32\WindowsCodecs.dll
0x00007ffc8c8f0000 - 0x00007ffc8c948000 	C:\WINDOWS\system32\dataexchange.dll
0x00007ffcb8bb0000 - 0x00007ffcb8ebb000 	C:\WINDOWS\system32\d3d11.dll
0x00007ffcb9630000 - 0x00007ffcb97cc000 	C:\WINDOWS\system32\dcomp.dll
0x00007ffcba6f0000 - 0x00007ffcba7ab000 	C:\WINDOWS\system32\dxgi.dll
0x00007ffcba250000 - 0x00007ffcba408000 	C:\WINDOWS\system32\twinapi.appcore.dll
0x00007ffcba1a0000 - 0x00007ffcba1c9000 	C:\WINDOWS\system32\RMCLIENT.dll
0x00007ffca5660000 - 0x00007ffca5694000 	C:\Program Files\Common Files\Microsoft Shared\Ink\rtscom.dll
0x0000000074640000 - 0x0000000074651000 	C:\Program Files\Java\jdk1.8.0_102\jre\bin\prism_common.dll
0x00007ffcb8520000 - 0x00007ffcb8ae7000 	C:\WINDOWS\SYSTEM32\d2d1.dll
0x00007ffc6b190000 - 0x00007ffc6b90e000 	C:\WINDOWS\SYSTEM32\D3D10Warp.dll
0x00007ffcb4da0000 - 0x00007ffcb4e36000 	C:\WINDOWS\System32\TextInputFramework.dll
0x00007ffcb5d40000 - 0x00007ffcb605e000 	C:\WINDOWS\System32\CoreUIComponents.dll
0x00007ffcb97d0000 - 0x00007ffcb98aa000 	C:\WINDOWS\System32\CoreMessaging.dll
0x00007ffcbadc0000 - 0x00007ffcbadf1000 	C:\WINDOWS\SYSTEM32\ntmarta.dll
0x00007ffcb7540000 - 0x00007ffcb768d000 	C:\WINDOWS\SYSTEM32\wintypes.dll
0x00007ffcbaa00000 - 0x00007ffcbabc9000 	C:\WINDOWS\SYSTEM32\dbghelp.dll

VM Arguments:
jvm_args: -javaagent:C:\Program Files\JetBrains\IntelliJ IDEA Community Edition 2018.3.4\lib\idea_rt.jar=57048:C:\Program Files\JetBrains\IntelliJ IDEA Community Edition 2018.3.4\bin -Dfile.encoding=UTF-8 
java_command: ClientFX
java_class_path (initial): C:\Program Files\Java\jdk1.8.0_102\jre\lib\charsets.jar;C:\Program Files\Java\jdk1.8.0_102\jre\lib\deploy.jar;C:\Program Files\Java\jdk1.8.0_102\jre\lib\ext\access-bridge-64.jar;C:\Program Files\Java\jdk1.8.0_102\jre\lib\ext\cldrdata.jar;C:\Program Files\Java\jdk1.8.0_102\jre\lib\ext\dnsns.jar;C:\Program Files\Java\jdk1.8.0_102\jre\lib\ext\jaccess.jar;C:\Program Files\Java\jdk1.8.0_102\jre\lib\ext\jfxrt.jar;C:\Program Files\Java\jdk1.8.0_102\jre\lib\ext\localedata.jar;C:\Program Files\Java\jdk1.8.0_102\jre\lib\ext\nashorn.jar;C:\Program Files\Java\jdk1.8.0_102\jre\lib\ext\sunec.jar;C:\Program Files\Java\jdk1.8.0_102\jre\lib\ext\sunjce_provider.jar;C:\Program Files\Java\jdk1.8.0_102\jre\lib\ext\sunmscapi.jar;C:\Program Files\Java\jdk1.8.0_102\jre\lib\ext\sunpkcs11.jar;C:\Program Files\Java\jdk1.8.0_102\jre\lib\ext\zipfs.jar;C:\Program Files\Java\jdk1.8.0_102\jre\lib\javaws.jar;C:\Program Files\Java\jdk1.8.0_102\jre\lib\jce.jar;C:\Program Files\Java\jdk1.8.0_102\jre\lib\jfr.jar;C:\Program Files\Java\jdk1.8.0_102\jre\lib\jfxswt.jar;C:\Program Files\Java\jdk1.8.0_102\jre\lib\jsse.jar;C:\Program Files\Java\jdk1.8.0_102\jre\lib\management-agent.jar;C:\Program Files\Java\jdk1.8.0_102\jre\lib\plugin.jar;C:\Program Files\Java\jdk1.8.0_102\jre\lib\resources.jar;C:\Program Files\Java\jdk1.8.0_102\jre\lib\rt.jar;C:\Users\Don\Documents\GitHub\Project5\Client\out\production\Client;C:\Program Files\JetBrains\IntelliJ IDEA Community Edition 2018.3.4\lib\idea_rt.jar
Launcher Type: SUN_STANDARD

Environment Variables:
JAVA_HOME=C:\Program Files\Java\jdk1.8.0_172
CLASSPATH=.;
PATH=C:\Python27\;C:\Python27\Scripts;C:\Program Files (x86)\Common Files\Oracle\Java\javapath;C:\ProgramData\Oracle\Java\javapath;C:\Program Files (x86)\Intel\iCLS Client\;C:\Program Files\Intel\iCLS Client\;C:\WINDOWS\system32;C:\WINDOWS;C:\WINDOWS\System32\Wbem;C:\WINDOWS\System32\WindowsPowerShell\v1.0\;C:\Program Files\Hewlett-Packard\SimplePass\;C:\Program Files (x86)\Windows Live\Shared;C:\Program Files\Novell\iPrint;C:\WINDOWS\System32\OpenSSH\;C:\ProgramData\chocolatey\bin;C:\Program Files\Java\jdk1.8.0_172\bin;C:\TDM-GCC-64\bin;C:\Program Files\PuTTY\;C:\Program Files\Intel\Intel(R) Management Engine Components\DAL;C:\Program Files\Intel\Intel(R) Management Engine Components\IPT;C:\Program Files\dotnet\;C:\Program Files\Git\cmd;C:\Program Files\nodejs\;C:\Users\Don\AppData\Local\Microsoft\WindowsApps;C:\Users\Don\AndroidAppData\platform-tools;C:\Users\Don\AppData\Local\Programs\Microsoft VS Code\bin;C:\Users\Don\.dotnet\tools;C:\Program Files (x86)\Java\jdk1.8.0_102\bin;;C:\Users\Don\AppData\Local\Programs\Azure Data Studio\bin;C:\Users\Don\AppData\Roaming\npm
USERNAME=Don
OS=Windows_NT
PROCESSOR_IDENTIFIER=Intel64 Family 6 Model 61 Stepping 4, GenuineIntel



---------------  S Y S T E M  ---------------

OS: Windows 10.0 , 64 bit Build 17134 (10.0.17134.706)

CPU:total 4 (2 cores per cpu, 2 threads per core) family 6 model 61 stepping 4, cmov, cx8, fxsr, mmx, sse, sse2, sse3, ssse3, sse4.1, sse4.2, popcnt, avx, avx2, aes, clmul, erms, 3dnowpref, lzcnt, ht, tsc, tscinvbit, bmi1, bmi2, adx

Memory: 4k page, physical 6211852k(906580k free), swap 12951904k(2259432k free)

vm_info: Java HotSpot(TM) 64-Bit Server VM (25.102-b14) for windows-amd64 JRE (1.8.0_102-b14), built on Jun 22 2016 13:15:21 by "java_re" with MS VC++ 10.0 (VS2010)

time: Sat May 04 18:37:30 2019
elapsed time: 15 seconds (0d 0h 0m 15s)

