#
# A fatal error has been detected by the Java Runtime Environment:
#
#  EXCEPTION_ACCESS_VIOLATION (0xc0000005) at pc=0x000000006204584a, pid=36512, tid=0x00000000000080e8
#
# JRE version: Java(TM) SE Runtime Environment (8.0_102-b14) (build 1.8.0_102-b14)
# Java VM: Java HotSpot(TM) 64-Bit Server VM (25.102-b14 mixed mode windows-amd64 compressed oops)
# Problematic frame:
# C  [glass.dll+0x2584a]
#
# Failed to write core dump. Minidumps are not enabled by default on client versions of Windows
#
# If you would like to submit a bug report, please visit:
#   http://bugreport.java.com/bugreport/crash.jsp
#

---------------  T H R E A D  ---------------

Current thread (0x00000000161a9800):  VMThread [stack: 0x0000000017230000,0x0000000017330000] [id=33000]

siginfo: ExceptionCode=0xc0000005, reading address 0x0000000000000000

Registers:
RAX=0x0000000000000000, RBX=0x00000000182204f0, RCX=0x00000000161a9800, RDX=0x00000000182204f0
RSP=0x000000001732f5a0, RBP=0x0000000000974190, RSI=0x0000000000000001, RDI=0x0000000000000000
R8 =0x0000000000010002, R9 =0x0000000000974190, R10=0x0000000000000000, R11=0x0000000000000246
R12=0x00000000009741c0, R13=0x0000000000974190, R14=0x00000000009741a0, R15=0x0000000000000000
RIP=0x000000006204584a, EFLAGS=0x0000000000010202

Top of Stack: (sp=0x000000001732f5a0)
0x000000001732f5a0:   0000000000000000 0000000062045900
0x000000001732f5b0:   0000000000000000 00000000620591b0
0x000000001732f5c0:   0000000062045830 0000000062043224
0x000000001732f5d0:   0000000062045a60 00007ffdebef40eb
0x000000001732f5e0:   0000000000000000 00007ffd982bc2c4
0x000000001732f5f0:   0000000000000001 0000000062020000
0x000000001732f600:   0000000002561638 00000000620434a6
0x000000001732f610:   0000000000000001 00000000160b5500
0x000000001732f620:   0000000000000000 0000000062043384
0x000000001732f630:   c000000500000001 000000001732e710
0x000000001732f640:   0000000062020000 00007ffdcbb9b583
0x000000001732f650:   000000007ffe0385 0000000000000000
0x000000001732f660:   000000007ffe0384 000000007ffe0385
0x000000001732f670:   000000000000000f 00007ffdcbba813a
0x000000001732f680:   0000d951176b1c00 00000000009454e0
0x000000001732f690:   0000000000000000 0000000000000000 

Instructions: (pc=0x000000006204584a)
0x000000006204582a:   83 c4 20 5d c3 cc 40 53 48 83 ec 20 48 8b 1d cb
0x000000006204583a:   5b 01 00 48 85 db 74 1a e8 19 93 ff ff 48 8b d3
0x000000006204584a:   4c 8b 00 48 8b c8 48 83 c4 20 5b 49 ff a0 b0 00
0x000000006204585a:   00 00 48 83 c4 20 5b c3 cc cc cc cc cc cc cc cc 


Register to memory mapping:

RAX=0x0000000000000000 is an unknown value
RBX=0x00000000182204f0 is a global jni handle
RCX=0x00000000161a9800 is an unknown value
RDX=0x00000000182204f0 is a global jni handle
RSP=0x000000001732f5a0 is an unknown value
RBP=0x0000000000974190 is an unknown value
RSI=0x0000000000000001 is an unknown value
RDI=0x0000000000000000 is an unknown value
R8 =0x0000000000010002 is an unknown value
R9 =0x0000000000974190 is an unknown value
R10=0x0000000000000000 is an unknown value
R11=0x0000000000000246 is an unknown value
R12=0x00000000009741c0 is an unknown value
R13=0x0000000000974190 is an unknown value
R14=0x00000000009741a0 is an unknown value
R15=0x0000000000000000 is an unknown value


Stack: [0x0000000017230000,0x0000000017330000],  sp=0x000000001732f5a0,  free space=1021k
Native frames: (J=compiled Java code, j=interpreted, Vv=VM code, C=native code)
C  [glass.dll+0x2584a]
C  [glass.dll+0x23224]
C  [glass.dll+0x234a6]
C  [ntdll.dll+0x3b583]
C  [ntdll.dll+0x47f85]
C  [ntdll.dll+0x47e48]
C  [KERNEL32.DLL+0x1ca7a]
C  [msvcr100.dll+0x20cb9]
V  [jvm.dll+0x212a05]
V  [jvm.dll+0x24b647]
V  [jvm.dll+0x24a8e6]
V  [jvm.dll+0x24ad81]
V  [jvm.dll+0x24af9e]
V  [jvm.dll+0x29c03a]
C  [msvcr100.dll+0x21d7b]
C  [msvcr100.dll+0x21e17]
C  [KERNEL32.DLL+0x14034]
C  [ntdll.dll+0x73691]

VM_Operation (0x0000000018ddb240): Exit, mode: safepoint, requested by thread 0x00000000182af800


---------------  P R O C E S S  ---------------

Java Threads: ( => current thread )
  0x00000000179e1000 JavaThread "Thread-6" [_thread_blocked, id=32820, stack(0x0000000022000000,0x0000000022100000)]
  0x00000000179dd800 JavaThread "Thread-4" daemon [_thread_in_native, id=6316, stack(0x0000000021f00000,0x0000000022000000)]
  0x00000000186ca800 JavaThread "Media Resource Disposer" daemon [_thread_blocked, id=30536, stack(0x000000001f050000,0x000000001f150000)]
  0x000000001835f000 JavaThread "Prism Font Disposer" daemon [_thread_blocked, id=36796, stack(0x000000001ea30000,0x000000001eb30000)]
  0x0000000018355800 JavaThread "JavaFX-Launcher" [_thread_blocked, id=36644, stack(0x000000001d7b0000,0x000000001d8b0000)]
  0x00000000182d1000 JavaThread "Thread-2" daemon [_thread_in_native, id=36036, stack(0x000000001d6b0000,0x000000001d7b0000)]
  0x00000000182af800 JavaThread "JavaFX Application Thread" [_thread_blocked, id=31088, stack(0x0000000018ce0000,0x0000000018de0000)]
  0x0000000018243000 JavaThread "Thread-1" daemon [_thread_blocked, id=32452, stack(0x0000000018be0000,0x0000000018ce0000)]
  0x0000000017c1d000 JavaThread "QuantumRenderer-0" daemon [_thread_blocked, id=36804, stack(0x0000000018a20000,0x0000000018b20000)]
  0x00000000178cc800 JavaThread "Service Thread" daemon [_thread_blocked, id=33192, stack(0x0000000018020000,0x0000000018120000)]
  0x000000001622e000 JavaThread "C1 CompilerThread2" daemon [_thread_blocked, id=36548, stack(0x0000000017f20000,0x0000000018020000)]
  0x0000000016229000 JavaThread "C2 CompilerThread1" daemon [_thread_blocked, id=32724, stack(0x0000000017e20000,0x0000000017f20000)]
  0x0000000016225000 JavaThread "C2 CompilerThread0" daemon [_thread_blocked, id=27240, stack(0x0000000017d20000,0x0000000017e20000)]
  0x0000000017862800 JavaThread "Monitor Ctrl-Break" daemon [_thread_in_native, id=36008, stack(0x0000000017c20000,0x0000000017d20000)]
  0x00000000161de800 JavaThread "Attach Listener" daemon [_thread_blocked, id=22596, stack(0x0000000017720000,0x0000000017820000)]
  0x00000000161dd800 JavaThread "Signal Dispatcher" daemon [_thread_blocked, id=3624, stack(0x0000000017620000,0x0000000017720000)]
  0x000000000290e800 JavaThread "Finalizer" daemon [_thread_blocked, id=1680, stack(0x0000000017430000,0x0000000017530000)]
  0x0000000002903800 JavaThread "Reference Handler" daemon [_thread_blocked, id=26356, stack(0x0000000017330000,0x0000000017430000)]
  0x0000000002812800 JavaThread "main" [_thread_blocked, id=25852, stack(0x0000000002570000,0x0000000002670000)]

Other Threads:
=>0x00000000161a9800 VMThread [stack: 0x0000000017230000,0x0000000017330000] [id=33000]

VM state:at safepoint (shutting down)

VM Mutex/Monitor currently owned by a thread:  ([mutex/lock_event])
[0x000000000256db50] Threads_lock - owner thread: 0x00000000161a9800

Heap:
 PSYoungGen      total 159232K, used 75945K [0x00000000e0600000, 0x00000000f3400000, 0x0000000100000000)
  eden space 78336K, 20% used [0x00000000e0600000,0x00000000e156f948,0x00000000e5280000)
  from space 80896K, 74% used [0x00000000e5280000,0x00000000e8d3abb0,0x00000000ea180000)
  to   space 109056K, 0% used [0x00000000ec980000,0x00000000ec980000,0x00000000f3400000)
 ParOldGen       total 331264K, used 192021K [0x00000000a1200000, 0x00000000b5580000, 0x00000000e0600000)
  object space 331264K, 57% used [0x00000000a1200000,0x00000000acd856a0,0x00000000b5580000)
 Metaspace       used 19064K, capacity 20312K, committed 20608K, reserved 1067008K
  class space    used 2644K, capacity 2898K, committed 2944K, reserved 1048576K

Card table byte_map: [0x0000000011cd0000,0x0000000011fd0000] byte_map_base: 0x00000000117c7000

Marking Bits: (ParMarkBitMap*) 0x000000006127a6c0
 Begin Bits: [0x00000000125d0000, 0x0000000013d88000)
 End Bits:   [0x0000000013d88000, 0x0000000015540000)

Polling page: 0x0000000000900000

CodeCache: size=245760Kb used=11919Kb max_used=11930Kb free=233840Kb
 bounds [0x0000000002910000, 0x00000000034d0000, 0x0000000011910000]
 total_blobs=4428 nmethods=3743 adapters=595
 compilation: enabled

Compilation events (10 events):
Event: 80.127 Thread 0x0000000016225000 4153       4       javafx.beans.property.DoublePropertyBase::isBound (13 bytes)
Event: 80.127 Thread 0x000000001622e000 4154       3       com.sun.javafx.scene.control.skin.LabeledText::getCssMetaData (4 bytes)
Event: 80.128 Thread 0x000000001622e000 nmethod 4154 0x00000000034bae10 code [0x00000000034baf80, 0x00000000034bb130]
Event: 80.128 Thread 0x0000000016225000 nmethod 4153 0x0000000002f2f0d0 code [0x0000000002f2f200, 0x0000000002f2f278]
Event: 80.128 Thread 0x000000001622e000 4155       3       com.sun.javafx.scene.control.skin.Utils::computeTextHeight (92 bytes)
Event: 80.130 Thread 0x0000000016229000 4156       4       com.sun.javafx.geom.RectBounds::setBounds (33 bytes)
Event: 80.130 Thread 0x000000001622e000 nmethod 4155 0x00000000034c0bd0 code [0x00000000034c0de0, 0x00000000034c1508]
Event: 80.132 Thread 0x0000000016229000 nmethod 4156 0x0000000002bc8e90 code [0x0000000002bc8fc0, 0x0000000002bc9058]
Event: 80.142 Thread 0x0000000016225000 4157       4       java.lang.Object::wait (6 bytes)
Event: 80.143 Thread 0x0000000016225000 nmethod 4157 0x0000000002c2eb90 code [0x0000000002c2ece0, 0x0000000002c2ed68]

GC Heap History (10 events):
Event: 3.498 GC heap before
{Heap before GC invocations=8 (full 2):
 PSYoungGen      total 53248K, used 49152K [0x00000000e0600000, 0x00000000e9180000, 0x0000000100000000)
  eden space 49152K, 100% used [0x00000000e0600000,0x00000000e3600000,0x00000000e3600000)
  from space 4096K, 0% used [0x00000000e3600000,0x00000000e3600000,0x00000000e3a00000)
  to   space 32768K, 0% used [0x00000000e7180000,0x00000000e7180000,0x00000000e9180000)
 ParOldGen       total 194048K, used 92123K [0x00000000a1200000, 0x00000000acf80000, 0x00000000e0600000)
  object space 194048K, 47% used [0x00000000a1200000,0x00000000a6bf6c60,0x00000000acf80000)
 Metaspace       used 12734K, capacity 13348K, committed 13568K, reserved 1060864K
  class space    used 1772K, capacity 1928K, committed 2048K, reserved 1048576K
Event: 3.510 GC heap after
Heap after GC invocations=8 (full 2):
 PSYoungGen      total 97792K, used 32752K [0x00000000e0600000, 0x00000000e9480000, 0x0000000100000000)
  eden space 65024K, 0% used [0x00000000e0600000,0x00000000e0600000,0x00000000e4580000)
  from space 32768K, 99% used [0x00000000e7180000,0x00000000e917c108,0x00000000e9180000)
  to   space 40448K, 0% used [0x00000000e4580000,0x00000000e4580000,0x00000000e6d00000)
 ParOldGen       total 194048K, used 98769K [0x00000000a1200000, 0x00000000acf80000, 0x00000000e0600000)
  object space 194048K, 50% used [0x00000000a1200000,0x00000000a7274660,0x00000000acf80000)
 Metaspace       used 12734K, capacity 13348K, committed 13568K, reserved 1060864K
  class space    used 1772K, capacity 1928K, committed 2048K, reserved 1048576K
}
Event: 3.900 GC heap before
{Heap before GC invocations=9 (full 2):
 PSYoungGen      total 97792K, used 97776K [0x00000000e0600000, 0x00000000e9480000, 0x0000000100000000)
  eden space 65024K, 100% used [0x00000000e0600000,0x00000000e4580000,0x00000000e4580000)
  from space 32768K, 99% used [0x00000000e7180000,0x00000000e917c108,0x00000000e9180000)
  to   space 40448K, 0% used [0x00000000e4580000,0x00000000e4580000,0x00000000e6d00000)
 ParOldGen       total 194048K, used 98769K [0x00000000a1200000, 0x00000000acf80000, 0x00000000e0600000)
  object space 194048K, 50% used [0x00000000a1200000,0x00000000a7274660,0x00000000acf80000)
 Metaspace       used 12755K, capacity 13360K, committed 13568K, reserved 1060864K
  class space    used 1773K, capacity 1930K, committed 2048K, reserved 1048576K
Event: 3.926 GC heap after
Heap after GC invocations=9 (full 2):
 PSYoungGen      total 105472K, used 40441K [0x00000000e0600000, 0x00000000ee600000, 0x0000000100000000)
  eden space 65024K, 0% used [0x00000000e0600000,0x00000000e0600000,0x00000000e4580000)
  from space 40448K, 99% used [0x00000000e4580000,0x00000000e6cfe7d0,0x00000000e6d00000)
  to   space 70144K, 0% used [0x00000000ea180000,0x00000000ea180000,0x00000000ee600000)
 ParOldGen       total 194048K, used 141173K [0x00000000a1200000, 0x00000000acf80000, 0x00000000e0600000)
  object space 194048K, 72% used [0x00000000a1200000,0x00000000a9bdd5a0,0x00000000acf80000)
 Metaspace       used 12755K, capacity 13360K, committed 13568K, reserved 1060864K
  class space    used 1773K, capacity 1930K, committed 2048K, reserved 1048576K
}
Event: 65.485 GC heap before
{Heap before GC invocations=10 (full 2):
 PSYoungGen      total 105472K, used 104235K [0x00000000e0600000, 0x00000000ee600000, 0x0000000100000000)
  eden space 65024K, 98% used [0x00000000e0600000,0x00000000e444c7c0,0x00000000e4580000)
  from space 40448K, 99% used [0x00000000e4580000,0x00000000e6cfe7d0,0x00000000e6d00000)
  to   space 70144K, 0% used [0x00000000ea180000,0x00000000ea180000,0x00000000ee600000)
 ParOldGen       total 194048K, used 141173K [0x00000000a1200000, 0x00000000acf80000, 0x00000000e0600000)
  object space 194048K, 72% used [0x00000000a1200000,0x00000000a9bdd5a0,0x00000000acf80000)
 Metaspace       used 18667K, capacity 19902K, committed 20096K, reserved 1067008K
  class space    used 2630K, capacity 2893K, committed 2944K, reserved 1048576K
Event: 65.519 GC heap after
Heap after GC invocations=10 (full 2):
 PSYoungGen      total 148480K, used 62616K [0x00000000e0600000, 0x00000000ef700000, 0x0000000100000000)
  eden space 78336K, 0% used [0x00000000e0600000,0x00000000e0600000,0x00000000e5280000)
  from space 70144K, 89% used [0x00000000ea180000,0x00000000edea6080,0x00000000ee600000)
  to   space 80896K, 0% used [0x00000000e5280000,0x00000000e5280000,0x00000000ea180000)
 ParOldGen       total 194048K, used 141181K [0x00000000a1200000, 0x00000000acf80000, 0x00000000e0600000)
  object space 194048K, 72% used [0x00000000a1200000,0x00000000a9bdf5a0,0x00000000acf80000)
 Metaspace       used 18667K, capacity 19902K, committed 20096K, reserved 1067008K
  class space    used 2630K, capacity 2893K, committed 2944K, reserved 1048576K
}
Event: 70.797 GC heap before
{Heap before GC invocations=11 (full 2):
 PSYoungGen      total 148480K, used 140771K [0x00000000e0600000, 0x00000000ef700000, 0x0000000100000000)
  eden space 78336K, 99% used [0x00000000e0600000,0x00000000e5252f50,0x00000000e5280000)
  from space 70144K, 89% used [0x00000000ea180000,0x00000000edea6080,0x00000000ee600000)
  to   space 80896K, 0% used [0x00000000e5280000,0x00000000e5280000,0x00000000ea180000)
 ParOldGen       total 194048K, used 141181K [0x00000000a1200000, 0x00000000acf80000, 0x00000000e0600000)
  object space 194048K, 72% used [0x00000000a1200000,0x00000000a9bdf5a0,0x00000000acf80000)
 Metaspace       used 18911K, capacity 20158K, committed 20352K, reserved 1067008K
  class space    used 2638K, capacity 2893K, committed 2944K, reserved 1048576K
Event: 70.845 GC heap after
Heap after GC invocations=11 (full 2):
 PSYoungGen      total 159232K, used 80870K [0x00000000e0600000, 0x00000000f3400000, 0x0000000100000000)
  eden space 78336K, 0% used [0x00000000e0600000,0x00000000e0600000,0x00000000e5280000)
  from space 80896K, 99% used [0x00000000e5280000,0x00000000ea179a30,0x00000000ea180000)
  to   space 109056K, 0% used [0x00000000ec980000,0x00000000ec980000,0x00000000f3400000)
 ParOldGen       total 194048K, used 174969K [0x00000000a1200000, 0x00000000acf80000, 0x00000000e0600000)
  object space 194048K, 90% used [0x00000000a1200000,0x00000000abcde790,0x00000000acf80000)
 Metaspace       used 18911K, capacity 20158K, committed 20352K, reserved 1067008K
  class space    used 2638K, capacity 2893K, committed 2944K, reserved 1048576K
}
Event: 70.845 GC heap before
{Heap before GC invocations=12 (full 3):
 PSYoungGen      total 159232K, used 80870K [0x00000000e0600000, 0x00000000f3400000, 0x0000000100000000)
  eden space 78336K, 0% used [0x00000000e0600000,0x00000000e0600000,0x00000000e5280000)
  from space 80896K, 99% used [0x00000000e5280000,0x00000000ea179a30,0x00000000ea180000)
  to   space 109056K, 0% used [0x00000000ec980000,0x00000000ec980000,0x00000000f3400000)
 ParOldGen       total 194048K, used 174969K [0x00000000a1200000, 0x00000000acf80000, 0x00000000e0600000)
  object space 194048K, 90% used [0x00000000a1200000,0x00000000abcde790,0x00000000acf80000)
 Metaspace       used 18911K, capacity 20158K, committed 20352K, reserved 1067008K
  class space    used 2638K, capacity 2893K, committed 2944K, reserved 1048576K
Event: 70.982 GC heap after
Heap after GC invocations=12 (full 3):
 PSYoungGen      total 159232K, used 60138K [0x00000000e0600000, 0x00000000f3400000, 0x0000000100000000)
  eden space 78336K, 0% used [0x00000000e0600000,0x00000000e0600000,0x00000000e5280000)
  from space 80896K, 74% used [0x00000000e5280000,0x00000000e8d3abb0,0x00000000ea180000)
  to   space 109056K, 0% used [0x00000000ec980000,0x00000000ec980000,0x00000000f3400000)
 ParOldGen       total 331264K, used 192021K [0x00000000a1200000, 0x00000000b5580000, 0x00000000e0600000)
  object space 331264K, 57% used [0x00000000a1200000,0x00000000acd856a0,0x00000000b5580000)
 Metaspace       used 18911K, capacity 20158K, committed 20352K, reserved 1067008K
  class space    used 2638K, capacity 2893K, committed 2944K, reserved 1048576K
}

Deoptimization events (10 events):
Event: 69.832 Thread 0x0000000017c1d000 Uncommon trap: reason=unstable_if action=reinterpret pc=0x00000000033c81e4 method=com.sun.javafx.sg.prism.NGNode.doRender(Lcom/sun/prism/Graphics;)V @ 230
Event: 69.936 Thread 0x0000000017c1d000 Uncommon trap: reason=unstable_if action=reinterpret pc=0x00000000032bfc1c method=com.sun.prism.impl.GlyphCache.render(Lcom/sun/prism/impl/BaseContext;Lcom/sun/javafx/scene/text/GlyphList;FFIILcom/sun/prism/paint/Color;Lcom/sun/prism/paint/Color;Lcom/sun/jo0ofÙ}Q@
Event: 69.966 Thread 0x00000000182af800 Uncommon trap: reason=predicate action=maybe_recompile pc=0x000000000340fb7c method=java.util.AbstractCollection.toArray([Ljava/lang/Object;)[Ljava/lang/Object; @ 49
Event: 70.046 Thread 0x00000000182af800 Uncommon trap: reason=unstable_if action=reinterpret pc=0x0000000002a42d90 method=com.sun.scenario.animation.shared.FiniteClipEnvelope.timePulse(J)V @ 279
Event: 71.064 Thread 0x00000000182af800 Uncommon trap: reason=unstable_if action=reinterpret pc=0x0000000002c7093c method=com.sun.javafx.iio.png.PNGImageLoader2.decodePalette([BLcom/sun/javafx/iio/ImageMetadata;)Lcom/sun/javafx/iio/ImageFrame; @ 155
Event: 71.066 Thread 0x00000000182af800 Uncommon trap: reason=unstable_if action=reinterpret pc=0x000000000336f584 method=com.sun.javafx.css.StyleManager$Cache$Key.hashCode()I @ 19
Event: 71.067 Thread 0x00000000182af800 Uncommon trap: reason=class_check action=maybe_recompile pc=0x00000000031f9fb8 method=com.sun.javafx.event.CompositeEventHandler.dispatchCapturingEvent(Ljavafx/event/Event;)V @ 12
Event: 71.070 Thread 0x00000000182af800 Uncommon trap: reason=unstable_if action=reinterpret pc=0x0000000003323b8c method=javafx.scene.CssStyleHelper.lookup(Ljavafx/css/Styleable;Ljavafx/css/CssMetaData;Lcom/sun/javafx/css/StyleMap;Ljava/util/Set;Ljavafx/css/Styleable;Lcom/sun/javafx/css/CalculatK„ÄQ@
Event: 71.071 Thread 0x00000000182af800 Uncommon trap: reason=unstable_if action=reinterpret pc=0x0000000002e6a9e0 method=java.util.WeakHashMap.expungeStaleEntries()V @ 9
Event: 80.194 Thread 0x00000000179df000 Uncommon trap: reason=unstable_if action=reinterpret pc=0x00000000033d9df4 method=java.util.concurrent.locks.ReentrantLock$Sync.tryRelease(I)Z @ 28

Internal exceptions (10 events):
Event: 0.938 Thread 0x00000000182af800 Exception <a 'java/lang/NullPointerException'> (0x00000000e16424b0) thrown at [C:\re\workspace\8-2-build-windows-amd64-cygwin\jdk8u102\7268\hotspot\src\share\vm\interpreter\linkResolver.cpp, line 1178]
Event: 0.938 Thread 0x00000000182af800 Exception <a 'java/lang/NullPointerException'> (0x00000000e16424b0) thrown at [C:\re\workspace\8-2-build-windows-amd64-cygwin\jdk8u102\7268\hotspot\src\share\vm\prims\jvm.cpp, line 1390]
Event: 1.227 Thread 0x00000000182af800 Implicit null exception at 0x0000000002b7eff5 to 0x0000000002b7f309
Event: 2.395 Thread 0x00000000182af800 Exception <a 'java/lang/UnsatisfiedLinkError': com.sun.media.jfxmediaimpl.NativeAudioClip.nacInit()Z> (0x00000000e171a720) thrown at [C:\re\workspace\8-2-build-windows-amd64-cygwin\jdk8u102\7268\hotspot\src\share\vm\prims\nativeLookup.cpp, line 378]
Event: 2.395 Thread 0x00000000182af800 Exception <a 'java/lang/UnsatisfiedLinkError': com.sun.media.jfxmedia.logging.Logger.nativeSetNativeLevel(I)V> (0x00000000e171ee20) thrown at [C:\re\workspace\8-2-build-windows-amd64-cygwin\jdk8u102\7268\hotspot\src\share\vm\prims\nativeLookup.cpp, line 37}Ã÷žÀZ@
Event: 2.419 Thread 0x00000000182af800 Implicit null exception at 0x0000000002b377d4 to 0x0000000002b37b99
Event: 4.498 Thread 0x00000000182af800 Implicit null exception at 0x0000000002c3718e to 0x0000000002c382ed
Event: 35.964 Thread 0x0000000017c1d000 Implicit null exception at 0x00000000030b4547 to 0x00000000030b4d84
Event: 65.695 Thread 0x0000000017c1d000 Implicit null exception at 0x0000000002bbabec to 0x0000000002bbac61
Event: 80.198 Thread 0x00000000179df000 Exception <a 'java/lang/IllegalStateException'> (0x00000000e1534e38) thrown at [C:\re\workspace\8-2-build-windows-amd64-cygwin\jdk8u102\7268\hotspot\src\share\vm\prims\jvm.cpp, line 1390]

Events (10 events):
Event: 80.193 loading class com/sun/javafx/tk/quantum/QuantumRenderer done
Event: 80.194 Thread 0x00000000179df000 Uncommon trap: trap_request=0xffffff65 fr.pc=0x00000000033d9df4
Event: 80.194 Thread 0x00000000179df000 DEOPT PACKING pc=0x00000000033d9df4 sp=0x0000000024dfe2c0
Event: 80.194 Thread 0x00000000179df000 DEOPT UNPACKING pc=0x000000000295582a sp=0x0000000024dfe190 mode 2
Event: 80.194 loading class java/util/LinkedList$ListItr
Event: 80.195 loading class java/util/LinkedList$ListItr done
Event: 80.196 loading class com/sun/javafx/tk/quantum/QuantumToolkit
Event: 80.196 loading class com/sun/javafx/tk/quantum/QuantumToolkit done
Event: 80.198 Thread 0x00000000179df000 Thread exited: 0x00000000179df000
Event: 80.198 Executing VM operation: Exit


Dynamic libraries:
0x00007ff72c5a0000 - 0x00007ff72c5d7000 	C:\Program Files\Java\jdk1.8.0_102\bin\java.exe
0x00007ffdcbb60000 - 0x00007ffdcbd41000 	C:\WINDOWS\SYSTEM32\ntdll.dll
0x00007ffdcaf80000 - 0x00007ffdcb031000 	C:\WINDOWS\System32\KERNEL32.DLL
0x00007ffdc7fb0000 - 0x00007ffdc8223000 	C:\WINDOWS\System32\KERNELBASE.dll
0x0000000063bd0000 - 0x0000000063c65000 	C:\WINDOWS\System32\SYSFER.DLL
0x00007ffdcae20000 - 0x00007ffdcaec1000 	C:\WINDOWS\System32\ADVAPI32.dll
0x00007ffdca810000 - 0x00007ffdca8ae000 	C:\WINDOWS\System32\msvcrt.dll
0x00007ffdcab80000 - 0x00007ffdcabdb000 	C:\WINDOWS\System32\sechost.dll
0x00007ffdca610000 - 0x00007ffdca734000 	C:\WINDOWS\System32\RPCRT4.dll
0x00007ffdcac90000 - 0x00007ffdcae20000 	C:\WINDOWS\System32\USER32.dll
0x00007ffdc7f30000 - 0x00007ffdc7f50000 	C:\WINDOWS\System32\win32u.dll
0x00007ffdcaf50000 - 0x00007ffdcaf78000 	C:\WINDOWS\System32\GDI32.dll
0x00007ffdc8c60000 - 0x00007ffdc8df2000 	C:\WINDOWS\System32\gdi32full.dll
0x00007ffdc8e00000 - 0x00007ffdc8e9f000 	C:\WINDOWS\System32\msvcp_win.dll
0x00007ffdc8ef0000 - 0x00007ffdc8fe8000 	C:\WINDOWS\System32\ucrtbase.dll
0x00007ffdbf820000 - 0x00007ffdbfa89000 	C:\WINDOWS\WinSxS\amd64_microsoft.windows.common-controls_6595b64144ccf1df_6.0.17134.706_none_fb43a2cb30647007\COMCTL32.dll
0x00007ffdcb7d0000 - 0x00007ffdcbaf2000 	C:\WINDOWS\System32\combase.dll
0x00007ffdc82e0000 - 0x00007ffdc835a000 	C:\WINDOWS\System32\bcryptPrimitives.dll
0x00007ffdcbb00000 - 0x00007ffdcbb2d000 	C:\WINDOWS\System32\IMM32.DLL
0x0000000061e40000 - 0x0000000061f11000 	C:\Program Files\Java\jdk1.8.0_102\jre\bin\msvcr100.dll
0x0000000060a60000 - 0x00000000612fa000 	C:\Program Files\Java\jdk1.8.0_102\jre\bin\server\jvm.dll
0x00007ffdca8b0000 - 0x00007ffdca8b8000 	C:\WINDOWS\System32\PSAPI.DLL
0x00007ffdc6d60000 - 0x00007ffdc6d69000 	C:\WINDOWS\SYSTEM32\WSOCK32.dll
0x00007ffdcaee0000 - 0x00007ffdcaf4c000 	C:\WINDOWS\System32\WS2_32.dll
0x00007ffdc5e20000 - 0x00007ffdc5e43000 	C:\WINDOWS\SYSTEM32\WINMM.dll
0x00007ffdb9020000 - 0x00007ffdb902a000 	C:\WINDOWS\SYSTEM32\VERSION.dll
0x00007ffdc5df0000 - 0x00007ffdc5e1a000 	C:\WINDOWS\SYSTEM32\WINMMBASE.dll
0x00007ffdc8ea0000 - 0x00007ffdc8ee9000 	C:\WINDOWS\System32\cfgmgr32.dll
0x0000000061e30000 - 0x0000000061e3f000 	C:\Program Files\Java\jdk1.8.0_102\jre\bin\verify.dll
0x0000000061e00000 - 0x0000000061e29000 	C:\Program Files\Java\jdk1.8.0_102\jre\bin\java.dll
0x00000000620a0000 - 0x00000000620c3000 	C:\Program Files\Java\jdk1.8.0_102\jre\bin\instrument.dll
0x0000000061de0000 - 0x0000000061df6000 	C:\Program Files\Java\jdk1.8.0_102\jre\bin\zip.dll
0x00007ffdc91d0000 - 0x00007ffdca610000 	C:\WINDOWS\System32\SHELL32.dll
0x00007ffdcabe0000 - 0x00007ffdcac89000 	C:\WINDOWS\System32\shcore.dll
0x00007ffdc8360000 - 0x00007ffdc8a6d000 	C:\WINDOWS\System32\windows.storage.dll
0x00007ffdc8ff0000 - 0x00007ffdc9041000 	C:\WINDOWS\System32\shlwapi.dll
0x00007ffdc7ea0000 - 0x00007ffdc7eb1000 	C:\WINDOWS\System32\kernel.appcore.dll
0x00007ffdc7f10000 - 0x00007ffdc7f2f000 	C:\WINDOWS\System32\profapi.dll
0x00007ffdc7ec0000 - 0x00007ffdc7f0c000 	C:\WINDOWS\System32\powrprof.dll
0x00007ffdc7e70000 - 0x00007ffdc7e7a000 	C:\WINDOWS\System32\FLTLIB.DLL
0x00007ffdb52d0000 - 0x00007ffdb52ea000 	C:\Program Files\JetBrains\IntelliJ IDEA Community Edition 2018.3.4\bin\breakgen64.dll
0x0000000061dc0000 - 0x0000000061dda000 	C:\Program Files\Java\jdk1.8.0_102\jre\bin\net.dll
0x00007ffdc7690000 - 0x00007ffdc76f6000 	C:\WINDOWS\system32\mswsock.dll
0x00007ffd9f330000 - 0x00007ffd9f41f000 	C:\Program Files\Java\jdk1.8.0_102\jre\bin\msvcr120.dll
0x00007ffd9f280000 - 0x00007ffd9f326000 	C:\Program Files\Java\jdk1.8.0_102\jre\bin\msvcp120.dll
0x0000000062070000 - 0x0000000062092000 	C:\Program Files\Java\jdk1.8.0_102\jre\bin\prism_d3d.dll
0x00007ffda5150000 - 0x00007ffda52e7000 	C:\WINDOWS\system32\d3d9.dll
0x00007ffdc62d0000 - 0x00007ffdc62f9000 	C:\WINDOWS\SYSTEM32\dwmapi.dll
0x00007ffdc61b0000 - 0x00007ffdc6248000 	C:\WINDOWS\system32\uxtheme.dll
0x00007ffdca740000 - 0x00007ffdca802000 	C:\WINDOWS\System32\OLEAUT32.dll
0x00007ffdcb1b0000 - 0x00007ffdcb301000 	C:\WINDOWS\System32\ole32.dll
0x0000000062020000 - 0x0000000062063000 	C:\Program Files\Java\jdk1.8.0_102\jre\bin\glass.dll
0x00007ffdcb0c0000 - 0x00007ffdcb1ad000 	C:\WINDOWS\System32\COMDLG32.dll
0x00007ffdc9050000 - 0x00007ffdc91c3000 	C:\WINDOWS\System32\MSCTF.dll
0x0000000062000000 - 0x0000000062014000 	C:\Program Files\Java\jdk1.8.0_102\jre\bin\javafx_font.dll
0x00007ffdbb450000 - 0x00007ffdbb76c000 	C:\WINDOWS\SYSTEM32\dwrite.dll
0x0000000061fd0000 - 0x0000000061ff3000 	C:\Program Files\Java\jdk1.8.0_102\jre\bin\javafx_iio.dll
0x0000000061f50000 - 0x0000000061fc3000 	C:\Program Files\Java\jdk1.8.0_102\jre\bin\glib-lite.dll
0x0000000061cf0000 - 0x0000000061d8c000 	C:\Program Files\Java\jdk1.8.0_102\jre\bin\gstreamer-lite.dll
0x00007ffd9f1f0000 - 0x00007ffd9f27f000 	C:\WINDOWS\SYSTEM32\DSOUND.dll
0x0000000061f20000 - 0x0000000061f45000 	C:\Program Files\Java\jdk1.8.0_102\jre\bin\jfxmedia.dll
0x00007ffdcaae0000 - 0x00007ffdcab80000 	C:\WINDOWS\System32\clbcatq.dll
0x00007ffdc42a0000 - 0x00007ffdc444e000 	C:\WINDOWS\SYSTEM32\WindowsCodecs.dll
0x00007ffda9f60000 - 0x00007ffda9fb8000 	C:\WINDOWS\system32\dataexchange.dll
0x00007ffdc4e00000 - 0x00007ffdc510b000 	C:\WINDOWS\system32\d3d11.dll
0x00007ffdc5570000 - 0x00007ffdc570c000 	C:\WINDOWS\system32\dcomp.dll
0x00007ffdc6890000 - 0x00007ffdc694b000 	C:\WINDOWS\system32\dxgi.dll
0x00007ffdc63b0000 - 0x00007ffdc6568000 	C:\WINDOWS\system32\twinapi.appcore.dll
0x00007ffdc6150000 - 0x00007ffdc6179000 	C:\WINDOWS\system32\RMCLIENT.dll
0x00007ffdac050000 - 0x00007ffdac084000 	C:\Program Files\Common Files\Microsoft Shared\Ink\rtscom.dll
0x0000000061cd0000 - 0x0000000061ce1000 	C:\Program Files\Java\jdk1.8.0_102\jre\bin\prism_common.dll
0x00007ffdc4640000 - 0x00007ffdc4c07000 	C:\WINDOWS\SYSTEM32\d2d1.dll
0x00007ffd97d50000 - 0x00007ffd984ce000 	C:\WINDOWS\SYSTEM32\D3D10Warp.dll
0x00007ffdbcf40000 - 0x00007ffdbcfd6000 	C:\WINDOWS\System32\TextInputFramework.dll
0x00007ffdc3df0000 - 0x00007ffdc410e000 	C:\WINDOWS\System32\CoreUIComponents.dll
0x00007ffdc5a90000 - 0x00007ffdc5b6a000 	C:\WINDOWS\System32\CoreMessaging.dll
0x00007ffdc6f60000 - 0x00007ffdc6f91000 	C:\WINDOWS\SYSTEM32\ntmarta.dll
0x00007ffdc3b50000 - 0x00007ffdc3c9d000 	C:\WINDOWS\SYSTEM32\wintypes.dll
0x00007ffdc6ae0000 - 0x00007ffdc6ca9000 	C:\WINDOWS\SYSTEM32\dbghelp.dll

VM Arguments:
jvm_args: -javaagent:C:\Program Files\JetBrains\IntelliJ IDEA Community Edition 2018.3.4\lib\idea_rt.jar=51849:C:\Program Files\JetBrains\IntelliJ IDEA Community Edition 2018.3.4\bin -Dfile.encoding=UTF-8 
java_command: ClientFX
java_class_path (initial): C:\Program Files\Java\jdk1.8.0_102\jre\lib\charsets.jar;C:\Program Files\Java\jdk1.8.0_102\jre\lib\deploy.jar;C:\Program Files\Java\jdk1.8.0_102\jre\lib\ext\access-bridge-64.jar;C:\Program Files\Java\jdk1.8.0_102\jre\lib\ext\cldrdata.jar;C:\Program Files\Java\jdk1.8.0_102\jre\lib\ext\dnsns.jar;C:\Program Files\Java\jdk1.8.0_102\jre\lib\ext\jaccess.jar;C:\Program Files\Java\jdk1.8.0_102\jre\lib\ext\jfxrt.jar;C:\Program Files\Java\jdk1.8.0_102\jre\lib\ext\localedata.jar;C:\Program Files\Java\jdk1.8.0_102\jre\lib\ext\nashorn.jar;C:\Program Files\Java\jdk1.8.0_102\jre\lib\ext\sunec.jar;C:\Program Files\Java\jdk1.8.0_102\jre\lib\ext\sunjce_provider.jar;C:\Program Files\Java\jdk1.8.0_102\jre\lib\ext\sunmscapi.jar;C:\Program Files\Java\jdk1.8.0_102\jre\lib\ext\sunpkcs11.jar;C:\Program Files\Java\jdk1.8.0_102\jre\lib\ext\zipfs.jar;C:\Program Files\Java\jdk1.8.0_102\jre\lib\javaws.jar;C:\Program Files\Java\jdk1.8.0_102\jre\lib\jce.jar;C:\Program Files\Java\jdk1.8.0_102\jre\lib\jfr.jar;C:\Program Files\Java\jdk1.8.0_102\jre\lib\jfxswt.jar;C:\Program Files\Java\jdk1.8.0_102\jre\lib\jsse.jar;C:\Program Files\Java\jdk1.8.0_102\jre\lib\management-agent.jar;C:\Program Files\Java\jdk1.8.0_102\jre\lib\plugin.jar;C:\Program Files\Java\jdk1.8.0_102\jre\lib\resources.jar;C:\Program Files\Java\jdk1.8.0_102\jre\lib\rt.jar;C:\Users\Don\Documents\GitHub\Project5\Client\out\production\Client;C:\Program Files\JetBrains\IntelliJ IDEA Community Edition 2018.3.4\lib\idea_rt.jar
Launcher Type: SUN_STANDARD

Environment Variables:
JAVA_HOME=C:\Program Files\Java\jdk1.8.0_172
CLASSPATH=.;
PATH=C:\Python27\;C:\Python27\Scripts;C:\Program Files (x86)\Common Files\Oracle\Java\javapath;C:\ProgramData\Oracle\Java\javapath;C:\Program Files (x86)\Intel\iCLS Client\;C:\Program Files\Intel\iCLS Client\;C:\WINDOWS\system32;C:\WINDOWS;C:\WINDOWS\System32\Wbem;C:\WINDOWS\System32\WindowsPowerShell\v1.0\;C:\Program Files\Hewlett-Packard\SimplePass\;C:\Program Files (x86)\Windows Live\Shared;C:\Program Files\Novell\iPrint;C:\WINDOWS\System32\OpenSSH\;C:\ProgramData\chocolatey\bin;C:\Program Files\Java\jdk1.8.0_172\bin;C:\TDM-GCC-64\bin;C:\Program Files\PuTTY\;C:\Program Files\Intel\Intel(R) Management Engine Components\DAL;C:\Program Files\Intel\Intel(R) Management Engine Components\IPT;C:\Program Files\dotnet\;C:\Program Files\Git\cmd;C:\Program Files\nodejs\;C:\Users\Don\AppData\Local\Microsoft\WindowsApps;C:\Users\Don\AndroidAppData\platform-tools;C:\Users\Don\AppData\Local\Programs\Microsoft VS Code\bin;C:\Users\Don\.dotnet\tools;C:\Program Files (x86)\Java\jdk1.8.0_102\bin;;C:\Users\Don\AppData\Local\Programs\Azure Data Studio\bin;C:\Users\Don\AppData\Roaming\npm
USERNAME=Don
OS=Windows_NT
PROCESSOR_IDENTIFIER=Intel64 Family 6 Model 61 Stepping 4, GenuineIntel



---------------  S Y S T E M  ---------------

OS: Windows 10.0 , 64 bit Build 17134 (10.0.17134.706)

CPU:total 4 (2 cores per cpu, 2 threads per core) family 6 model 61 stepping 4, cmov, cx8, fxsr, mmx, sse, sse2, sse3, ssse3, sse4.1, sse4.2, popcnt, avx, avx2, aes, clmul, erms, 3dnowpref, lzcnt, ht, tsc, tscinvbit, bmi1, bmi2, adx

Memory: 4k page, physical 6211852k(852728k free), swap 12380704k(2629856k free)

vm_info: Java HotSpot(TM) 64-Bit Server VM (25.102-b14) for windows-amd64 JRE (1.8.0_102-b14), built on Jun 22 2016 13:15:21 by "java_re" with MS VC++ 10.0 (VS2010)

time: Sun May 05 16:46:33 2019
elapsed time: 80 seconds (0d 0h 1m 20s)

