#
# A fatal error has been detected by the Java Runtime Environment:
#
#  EXCEPTION_ACCESS_VIOLATION (0xc0000005) at pc=0x00000000746c584a, pid=2992, tid=0x000000000000d01c
#
# JRE version: Java(TM) SE Runtime Environment (8.0_102-b14) (build 1.8.0_102-b14)
# Java VM: Java HotSpot(TM) 64-Bit Server VM (25.102-b14 mixed mode windows-amd64 compressed oops)
# Problematic frame:
# C  [glass.dll+0x2584a]
#
# Failed to write core dump. Minidumps are not enabled by default on client versions of Windows
#
# If you would like to submit a bug report, please visit:
#   http://bugreport.java.com/bugreport/crash.jsp
#

---------------  T H R E A D  ---------------

Current thread (0x00000000168e7800):  VMThread [stack: 0x0000000017970000,0x0000000017a70000] [id=53276]

siginfo: ExceptionCode=0xc0000005, reading address 0x0000000000000000

Registers:
RAX=0x0000000000000000, RBX=0x00000000189fd028, RCX=0x00000000168e7800, RDX=0x00000000189fd028
RSP=0x0000000017a6f1b0, RBP=0x0000000000fef860, RSI=0x0000000000000001, RDI=0x0000000000000000
R8 =0x0000000000010002, R9 =0x0000000000fef860, R10=0x0000000000000000, R11=0x0000000000000246
R12=0x0000000000fef890, R13=0x0000000000fef860, R14=0x0000000000fef870, R15=0x0000000000000000
RIP=0x00000000746c584a, EFLAGS=0x0000000000010202

Top of Stack: (sp=0x0000000017a6f1b0)
0x0000000017a6f1b0:   0000000000000000 00000000746c5900
0x0000000017a6f1c0:   0000000000000000 00000000746d91b0
0x0000000017a6f1d0:   00000000746c5830 00000000746c3224
0x0000000017a6f1e0:   00000000746c5a60 00007ffce919df7c
0x0000000017a6f1f0:   0000000000000000 00007ffc6b6fc2c4
0x0000000017a6f200:   0000000000000001 00000000746a0000
0x0000000017a6f210:   0000000002ce1638 00000000746c34a6
0x0000000017a6f220:   0000000000000001 00000000167f5500
0x0000000017a6f230:   0000000000000000 00000000746c3384
0x0000000017a6f240:   c000000500000001 0000000017a6e310
0x0000000017a6f250:   00000000746a0000 00007ffcbf9fb583
0x0000000017a6f260:   000000007ffe0385 0000000000000000
0x0000000017a6f270:   000000007ffe0384 000000007ffe0385
0x0000000017a6f280:   000000000000000f 00007ffcbfa0813a
0x0000000017a6f290:   00007baeba067f00 0000000000fb4c30
0x0000000017a6f2a0:   0000000000000000 0000000000000000 

Instructions: (pc=0x00000000746c584a)
0x00000000746c582a:   83 c4 20 5d c3 cc 40 53 48 83 ec 20 48 8b 1d cb
0x00000000746c583a:   5b 01 00 48 85 db 74 1a e8 19 93 ff ff 48 8b d3
0x00000000746c584a:   4c 8b 00 48 8b c8 48 83 c4 20 5b 49 ff a0 b0 00
0x00000000746c585a:   00 00 48 83 c4 20 5b c3 cc cc cc cc cc cc cc cc 


Register to memory mapping:

RAX=0x0000000000000000 is an unknown value
RBX=0x00000000189fd028 is a global jni handle
RCX=0x00000000168e7800 is an unknown value
RDX=0x00000000189fd028 is a global jni handle
RSP=0x0000000017a6f1b0 is an unknown value
RBP=0x0000000000fef860 is an unknown value
RSI=0x0000000000000001 is an unknown value
RDI=0x0000000000000000 is an unknown value
R8 =0x0000000000010002 is an unknown value
R9 =0x0000000000fef860 is an unknown value
R10=0x0000000000000000 is an unknown value
R11=0x0000000000000246 is an unknown value
R12=0x0000000000fef890 is an unknown value
R13=0x0000000000fef860 is an unknown value
R14=0x0000000000fef870 is an unknown value
R15=0x0000000000000000 is an unknown value


Stack: [0x0000000017970000,0x0000000017a70000],  sp=0x0000000017a6f1b0,  free space=1020k
Native frames: (J=compiled Java code, j=interpreted, Vv=VM code, C=native code)
C  [glass.dll+0x2584a]
C  [glass.dll+0x23224]
C  [glass.dll+0x234a6]
C  [ntdll.dll+0x3b583]
C  [ntdll.dll+0x47f85]
C  [ntdll.dll+0x47e48]
C  [KERNEL32.DLL+0x1ca7a]
C  [msvcr100.dll+0x20cb9]
V  [jvm.dll+0x212a05]
V  [jvm.dll+0x24b647]
V  [jvm.dll+0x24a8e6]
V  [jvm.dll+0x24ad81]
V  [jvm.dll+0x24af9e]
V  [jvm.dll+0x29c03a]
C  [msvcr100.dll+0x21d7b]
C  [msvcr100.dll+0x21e17]
C  [KERNEL32.DLL+0x14034]
C  [ntdll.dll+0x73691]

VM_Operation (0x000000001975af80): Exit, mode: safepoint, requested by thread 0x00000000189ef000


---------------  P R O C E S S  ---------------

Java Threads: ( => current thread )
  0x0000000017fd4800 JavaThread "Thread-6" [_thread_blocked, id=79800, stack(0x0000000022710000,0x0000000022810000)]
  0x0000000017fd9800 JavaThread "Thread-4" daemon [_thread_in_native, id=37332, stack(0x0000000022610000,0x0000000022710000)]
  0x0000000018bc9800 JavaThread "Media Resource Disposer" daemon [_thread_blocked, id=7716, stack(0x000000001f6f0000,0x000000001f7f0000)]
  0x0000000018a77000 JavaThread "Prism Font Disposer" daemon [_thread_blocked, id=57832, stack(0x000000001f1b0000,0x000000001f2b0000)]
  0x0000000018a59800 JavaThread "JavaFX-Launcher" [_thread_blocked, id=6828, stack(0x000000001e030000,0x000000001e130000)]
  0x0000000018a41000 JavaThread "Thread-2" daemon [_thread_in_native, id=87116, stack(0x000000001df30000,0x000000001e030000)]
  0x00000000189ef000 JavaThread "JavaFX Application Thread" [_thread_blocked, id=50096, stack(0x0000000019660000,0x0000000019760000)]
  0x00000000189ed800 JavaThread "Thread-1" daemon [_thread_blocked, id=76760, stack(0x0000000019560000,0x0000000019660000)]
  0x0000000018986800 JavaThread "QuantumRenderer-0" daemon [_thread_blocked, id=91168, stack(0x0000000019260000,0x0000000019360000)]
  0x0000000018036800 JavaThread "Service Thread" daemon [_thread_blocked, id=12800, stack(0x0000000018760000,0x0000000018860000)]
  0x000000001696c000 JavaThread "C1 CompilerThread2" daemon [_thread_blocked, id=40548, stack(0x0000000018660000,0x0000000018760000)]
  0x0000000016968800 JavaThread "C2 CompilerThread1" daemon [_thread_blocked, id=71380, stack(0x0000000018560000,0x0000000018660000)]
  0x0000000016964800 JavaThread "C2 CompilerThread0" daemon [_thread_blocked, id=73596, stack(0x0000000018460000,0x0000000018560000)]
  0x0000000017fa3000 JavaThread "Monitor Ctrl-Break" daemon [_thread_in_native, id=46328, stack(0x0000000018360000,0x0000000018460000)]
  0x000000001691c800 JavaThread "Attach Listener" daemon [_thread_blocked, id=56532, stack(0x0000000017e60000,0x0000000017f60000)]
  0x000000001691b000 JavaThread "Signal Dispatcher" daemon [_thread_blocked, id=86564, stack(0x0000000017d60000,0x0000000017e60000)]
  0x000000000304d800 JavaThread "Finalizer" daemon [_thread_blocked, id=72768, stack(0x0000000017b70000,0x0000000017c70000)]
  0x0000000003042000 JavaThread "Reference Handler" daemon [_thread_blocked, id=63808, stack(0x0000000017a70000,0x0000000017b70000)]
  0x0000000002f52800 JavaThread "main" [_thread_blocked, id=78568, stack(0x0000000002d50000,0x0000000002e50000)]

Other Threads:
=>0x00000000168e7800 VMThread [stack: 0x0000000017970000,0x0000000017a70000] [id=53276]

VM state:at safepoint (shutting down)

VM Mutex/Monitor currently owned by a thread:  ([mutex/lock_event])
[0x0000000002cedfc0] Threads_lock - owner thread: 0x00000000168e7800

Heap:
 PSYoungGen      total 125952K, used 14799K [0x00000000e0600000, 0x00000000ec600000, 0x0000000100000000)
  eden space 77824K, 19% used [0x00000000e0600000,0x00000000e1473c00,0x00000000e5200000)
  from space 48128K, 0% used [0x00000000e8900000,0x00000000e8900000,0x00000000eb800000)
  to   space 56320K, 0% used [0x00000000e5200000,0x00000000e5200000,0x00000000e8900000)
 ParOldGen       total 323072K, used 190913K [0x00000000a1200000, 0x00000000b4d80000, 0x00000000e0600000)
  object space 323072K, 59% used [0x00000000a1200000,0x00000000acc704a0,0x00000000b4d80000)
 Metaspace       used 18055K, capacity 19212K, committed 19456K, reserved 1067008K
  class space    used 2562K, capacity 2806K, committed 2816K, reserved 1048576K

Card table byte_map: [0x0000000012410000,0x0000000012710000] byte_map_base: 0x0000000011f07000

Marking Bits: (ParMarkBitMap*) 0x00000000737da6c0
 Begin Bits: [0x0000000012d10000, 0x00000000144c8000)
 End Bits:   [0x00000000144c8000, 0x0000000015c80000)

Polling page: 0x00000000014e0000

CodeCache: size=245760Kb used=8139Kb max_used=8212Kb free=237620Kb
 bounds [0x0000000003050000, 0x0000000003880000, 0x0000000012050000]
 total_blobs=3349 nmethods=2671 adapters=589
 compilation: enabled

Compilation events (10 events):
Event: 704.435 Thread 0x000000001696c000 nmethod 2856 0x0000000003189a90 code [0x0000000003189c20, 0x000000000318a050]
Event: 704.435 Thread 0x000000001696c000 2857       1       javafx.scene.layout.CornerRadii::hashCode (5 bytes)
Event: 704.435 Thread 0x000000001696c000 nmethod 2857 0x00000000031897d0 code [0x0000000003189920, 0x0000000003189a30]
Event: 704.435 Thread 0x000000001696c000 2858       1       javafx.scene.layout.BackgroundFill::hashCode (5 bytes)
Event: 704.435 Thread 0x000000001696c000 nmethod 2858 0x0000000003189510 code [0x0000000003189660, 0x0000000003189770]
Event: 704.444 Thread 0x0000000016964800 nmethod 2855 0x00000000034e0110 code [0x00000000034e02a0, 0x00000000034e0c28]
Event: 705.061 Thread 0x000000001696c000 2860       3       jdk.internal.org.objectweb.asm.ClassWriter::visitField (16 bytes)
Event: 705.062 Thread 0x000000001696c000 nmethod 2860 0x00000000031dcd50 code [0x00000000031dcec0, 0x00000000031dd0e8]
Event: 705.088 Thread 0x000000001696c000 2861       3       jdk.internal.org.objectweb.asm.FieldWriter::<init> (97 bytes)
Event: 705.089 Thread 0x000000001696c000 nmethod 2861 0x00000000032c16d0 code [0x00000000032c1880, 0x00000000032c1d68]

GC Heap History (10 events):
Event: 3.406 GC heap before
{Heap before GC invocations=7 (full 2):
 PSYoungGen      total 53248K, used 4017K [0x00000000e0600000, 0x00000000e9400000, 0x0000000100000000)
  eden space 49152K, 0% used [0x00000000e0600000,0x00000000e0600000,0x00000000e3600000)
  from space 4096K, 98% used [0x00000000e3600000,0x00000000e39ec5d0,0x00000000e3a00000)
  to   space 32768K, 0% used [0x00000000e7400000,0x00000000e7400000,0x00000000e9400000)
 ParOldGen       total 118272K, used 88219K [0x00000000a1200000, 0x00000000a8580000, 0x00000000e0600000)
  object space 118272K, 74% used [0x00000000a1200000,0x00000000a6826fc8,0x00000000a8580000)
 Metaspace       used 12691K, capacity 13280K, committed 13568K, reserved 1060864K
  class space    used 1772K, capacity 1928K, committed 2048K, reserved 1048576K
Event: 3.455 GC heap after
Heap after GC invocations=7 (full 2):
 PSYoungGen      total 53248K, used 0K [0x00000000e0600000, 0x00000000e9400000, 0x0000000100000000)
  eden space 49152K, 0% used [0x00000000e0600000,0x00000000e0600000,0x00000000e3600000)
  from space 4096K, 0% used [0x00000000e3600000,0x00000000e3600000,0x00000000e3a00000)
  to   space 32768K, 0% used [0x00000000e7400000,0x00000000e7400000,0x00000000e9400000)
 ParOldGen       total 192000K, used 92124K [0x00000000a1200000, 0x00000000acd80000, 0x00000000e0600000)
  object space 192000K, 47% used [0x00000000a1200000,0x00000000a6bf7280,0x00000000acd80000)
 Metaspace       used 12691K, capacity 13280K, committed 13568K, reserved 1060864K
  class space    used 1772K, capacity 1928K, committed 2048K, reserved 1048576K
}
Event: 3.764 GC heap before
{Heap before GC invocations=8 (full 2):
 PSYoungGen      total 53248K, used 49152K [0x00000000e0600000, 0x00000000e9400000, 0x0000000100000000)
  eden space 49152K, 100% used [0x00000000e0600000,0x00000000e3600000,0x00000000e3600000)
  from space 4096K, 0% used [0x00000000e3600000,0x00000000e3600000,0x00000000e3a00000)
  to   space 32768K, 0% used [0x00000000e7400000,0x00000000e7400000,0x00000000e9400000)
 ParOldGen       total 192000K, used 92124K [0x00000000a1200000, 0x00000000acd80000, 0x00000000e0600000)
  object space 192000K, 47% used [0x00000000a1200000,0x00000000a6bf7280,0x00000000acd80000)
 Metaspace       used 12712K, capacity 13348K, committed 13568K, reserved 1060864K
  class space    used 1773K, capacity 1928K, committed 2048K, reserved 1048576K
Event: 3.776 GC heap after
Heap after GC invocations=8 (full 2):
 PSYoungGen      total 96768K, used 32720K [0x00000000e0600000, 0x00000000e9400000, 0x0000000100000000)
  eden space 64000K, 0% used [0x00000000e0600000,0x00000000e0600000,0x00000000e4480000)
  from space 32768K, 99% used [0x00000000e7400000,0x00000000e93f4108,0x00000000e9400000)
  to   space 39936K, 0% used [0x00000000e4600000,0x00000000e4600000,0x00000000e6d00000)
 ParOldGen       total 192000K, used 98771K [0x00000000a1200000, 0x00000000acd80000, 0x00000000e0600000)
  object space 192000K, 51% used [0x00000000a1200000,0x00000000a7274c80,0x00000000acd80000)
 Metaspace       used 12712K, capacity 13348K, committed 13568K, reserved 1060864K
  class space    used 1773K, capacity 1928K, committed 2048K, reserved 1048576K
}
Event: 4.134 GC heap before
{Heap before GC invocations=9 (full 2):
 PSYoungGen      total 96768K, used 96720K [0x00000000e0600000, 0x00000000e9400000, 0x0000000100000000)
  eden space 64000K, 100% used [0x00000000e0600000,0x00000000e4480000,0x00000000e4480000)
  from space 32768K, 99% used [0x00000000e7400000,0x00000000e93f4108,0x00000000e9400000)
  to   space 39936K, 0% used [0x00000000e4600000,0x00000000e4600000,0x00000000e6d00000)
 ParOldGen       total 192000K, used 98771K [0x00000000a1200000, 0x00000000acd80000, 0x00000000e0600000)
  object space 192000K, 51% used [0x00000000a1200000,0x00000000a7274c80,0x00000000acd80000)
 Metaspace       used 12756K, capacity 13360K, committed 13568K, reserved 1060864K
  class space    used 1774K, capacity 1930K, committed 2048K, reserved 1048576K
Event: 4.157 GC heap after
Heap after GC invocations=9 (full 2):
 PSYoungGen      total 105472K, used 39823K [0x00000000e0600000, 0x00000000eb800000, 0x0000000100000000)
  eden space 65536K, 0% used [0x00000000e0600000,0x00000000e0600000,0x00000000e4600000)
  from space 39936K, 99% used [0x00000000e4600000,0x00000000e6ce3d10,0x00000000e6d00000)
  to   space 48128K, 0% used [0x00000000e8900000,0x00000000e8900000,0x00000000eb800000)
 ParOldGen       total 192000K, used 141158K [0x00000000a1200000, 0x00000000acd80000, 0x00000000e0600000)
  object space 192000K, 73% used [0x00000000a1200000,0x00000000a9bd9bc0,0x00000000acd80000)
 Metaspace       used 12756K, capacity 13360K, committed 13568K, reserved 1060864K
  class space    used 1774K, capacity 1930K, committed 2048K, reserved 1048576K
}
Event: 527.245 GC heap before
{Heap before GC invocations=10 (full 2):
 PSYoungGen      total 105472K, used 105359K [0x00000000e0600000, 0x00000000eb800000, 0x0000000100000000)
  eden space 65536K, 100% used [0x00000000e0600000,0x00000000e4600000,0x00000000e4600000)
  from space 39936K, 99% used [0x00000000e4600000,0x00000000e6ce3d10,0x00000000e6d00000)
  to   space 48128K, 0% used [0x00000000e8900000,0x00000000e8900000,0x00000000eb800000)
 ParOldGen       total 192000K, used 141158K [0x00000000a1200000, 0x00000000acd80000, 0x00000000e0600000)
  object space 192000K, 73% used [0x00000000a1200000,0x00000000a9bd9bc0,0x00000000acd80000)
 Metaspace       used 17950K, capacity 19106K, committed 19200K, reserved 1064960K
  class space    used 2555K, capacity 2799K, committed 2816K, reserved 1048576K
Event: 527.320 GC heap after
Heap after GC invocations=10 (full 2):
 PSYoungGen      total 125952K, used 46020K [0x00000000e0600000, 0x00000000ec600000, 0x0000000100000000)
  eden space 77824K, 0% used [0x00000000e0600000,0x00000000e0600000,0x00000000e5200000)
  from space 48128K, 95% used [0x00000000e8900000,0x00000000eb5f1150,0x00000000eb800000)
  to   space 56320K, 0% used [0x00000000e5200000,0x00000000e5200000,0x00000000e8900000)
 ParOldGen       total 192000K, used 148591K [0x00000000a1200000, 0x00000000acd80000, 0x00000000e0600000)
  object space 192000K, 77% used [0x00000000a1200000,0x00000000aa31bff0,0x00000000acd80000)
 Metaspace       used 17950K, capacity 19106K, committed 19200K, reserved 1064960K
  class space    used 2555K, capacity 2799K, committed 2816K, reserved 1048576K
}
Event: 527.320 GC heap before
{Heap before GC invocations=11 (full 3):
 PSYoungGen      total 125952K, used 46020K [0x00000000e0600000, 0x00000000ec600000, 0x0000000100000000)
  eden space 77824K, 0% used [0x00000000e0600000,0x00000000e0600000,0x00000000e5200000)
  from space 48128K, 95% used [0x00000000e8900000,0x00000000eb5f1150,0x00000000eb800000)
  to   space 56320K, 0% used [0x00000000e5200000,0x00000000e5200000,0x00000000e8900000)
 ParOldGen       total 192000K, used 148591K [0x00000000a1200000, 0x00000000acd80000, 0x00000000e0600000)
  object space 192000K, 77% used [0x00000000a1200000,0x00000000aa31bff0,0x00000000acd80000)
 Metaspace       used 17950K, capacity 19106K, committed 19200K, reserved 1064960K
  class space    used 2555K, capacity 2799K, committed 2816K, reserved 1048576K
Event: 527.989 GC heap after
Heap after GC invocations=11 (full 3):
 PSYoungGen      total 125952K, used 0K [0x00000000e0600000, 0x00000000ec600000, 0x0000000100000000)
  eden space 77824K, 0% used [0x00000000e0600000,0x00000000e0600000,0x00000000e5200000)
  from space 48128K, 0% used [0x00000000e8900000,0x00000000e8900000,0x00000000eb800000)
  to   space 56320K, 0% used [0x00000000e5200000,0x00000000e5200000,0x00000000e8900000)
 ParOldGen       total 323072K, used 190913K [0x00000000a1200000, 0x00000000b4d80000, 0x00000000e0600000)
  object space 323072K, 59% used [0x00000000a1200000,0x00000000acc704a0,0x00000000b4d80000)
 Metaspace       used 17950K, capacity 19106K, committed 19200K, reserved 1064960K
  class space    used 2555K, capacity 2799K, committed 2816K, reserved 1048576K
}

Deoptimization events (10 events):
Event: 513.479 Thread 0x0000000018986800 Uncommon trap: reason=class_check action=maybe_recompile pc=0x00000000038035dc method=sun.reflect.DelegatingMethodAccessorImpl.invoke(Ljava/lang/Object;[Ljava/lang/Object;)Ljava/lang/Object; @ 6
Event: 513.479 Thread 0x0000000018986800 Uncommon trap: reason=class_check action=maybe_recompile pc=0x00000000038035dc method=sun.reflect.DelegatingMethodAccessorImpl.invoke(Ljava/lang/Object;[Ljava/lang/Object;)Ljava/lang/Object; @ 6
Event: 513.503 Thread 0x0000000018986800 Uncommon trap: reason=class_check action=maybe_recompile pc=0x00000000038035dc method=sun.reflect.DelegatingMethodAccessorImpl.invoke(Ljava/lang/Object;[Ljava/lang/Object;)Ljava/lang/Object; @ 6
Event: 513.517 Thread 0x0000000018986800 Uncommon trap: reason=class_check action=maybe_recompile pc=0x00000000038035dc method=sun.reflect.DelegatingMethodAccessorImpl.invoke(Ljava/lang/Object;[Ljava/lang/Object;)Ljava/lang/Object; @ 6
Event: 514.730 Thread 0x00000000189ef000 Uncommon trap: reason=unstable_if action=reinterpret pc=0x0000000003748e8c method=javafx.scene.Scene$ScenePulseListener.pulse()V @ 24
Event: 705.058 Thread 0x0000000018a41000 Uncommon trap: reason=unstable_if action=reinterpret pc=0x0000000003739524 method=com.sun.javafx.tk.quantum.QuantumToolkit.postPulse()V @ 7
Event: 705.060 Thread 0x0000000017fd9000 Uncommon trap: reason=unstable_if action=reinterpret pc=0x00000000037321c8 method=java.util.concurrent.locks.ReentrantLock$NonfairSync.lock()V @ 6
Event: 705.060 Thread 0x0000000017fd9000 Uncommon trap: reason=unstable_if action=reinterpret pc=0x0000000003162014 method=java.util.concurrent.locks.ReentrantLock$Sync.nonfairTryAcquire(I)Z @ 10
Event: 705.061 Thread 0x0000000017fd9000 Uncommon trap: reason=unstable_if action=reinterpret pc=0x0000000003729680 method=java.util.concurrent.locks.ReentrantLock$Sync.tryRelease(I)Z @ 28
Event: 705.061 Thread 0x0000000018986800 Uncommon trap: reason=unstable_if action=reinterpret pc=0x000000000373b328 method=java.util.concurrent.locks.AbstractQueuedSynchronizer$ConditionObject.checkInterruptWhileWaiting(Ljava/util/concurrent/locks/AbstractQueuedSynchronizer$Node;)I @ 3

Internal exceptions (10 events):
Event: 0.556 Thread 0x0000000002f52800 Exception <a 'java/security/PrivilegedActionException'> (0x00000000e0a6be40) thrown at [C:\re\workspace\8-2-build-windows-amd64-cygwin\jdk8u102\7268\hotspot\src\share\vm\prims\jvm.cpp, line 1386]
Event: 0.557 Thread 0x0000000002f52800 Exception <a 'java/lang/NullPointerException'> (0x00000000e0a6c848) thrown at [C:\re\workspace\8-2-build-windows-amd64-cygwin\jdk8u102\7268\hotspot\src\share\vm\interpreter\linkResolver.cpp, line 1178]
Event: 0.598 Thread 0x0000000002f52800 Implicit null exception at 0x0000000003176d55 to 0x0000000003176f21
Event: 1.453 Thread 0x00000000189ef000 Exception <a 'java/lang/NullPointerException'> (0x00000000e1736e68) thrown at [C:\re\workspace\8-2-build-windows-amd64-cygwin\jdk8u102\7268\hotspot\src\share\vm\interpreter\linkResolver.cpp, line 1178]
Event: 1.453 Thread 0x00000000189ef000 Exception <a 'java/lang/NullPointerException'> (0x00000000e1736e68) thrown at [C:\re\workspace\8-2-build-windows-amd64-cygwin\jdk8u102\7268\hotspot\src\share\vm\prims\jvm.cpp, line 1390]
Event: 2.835 Thread 0x00000000189ef000 Exception <a 'java/lang/UnsatisfiedLinkError': com.sun.media.jfxmediaimpl.NativeAudioClip.nacInit()Z> (0x00000000e17fead8) thrown at [C:\re\workspace\8-2-build-windows-amd64-cygwin\jdk8u102\7268\hotspot\src\share\vm\prims\nativeLookup.cpp, line 378]
Event: 2.836 Thread 0x00000000189ef000 Exception <a 'java/lang/UnsatisfiedLinkError': com.sun.media.jfxmedia.logging.Logger.nativeSetNativeLevel(I)V> (0x00000000e18031d8) thrown at [C:\re\workspace\8-2-build-windows-amd64-cygwin\jdk8u102\7268\hotspot\src\share\vm\prims\nativeLookup.cpp, line 37Ýqm@
Event: 2.878 Thread 0x00000000189ef000 Implicit null exception at 0x0000000003283196 to 0x0000000003283541
Event: 4.656 Thread 0x00000000189ef000 Implicit null exception at 0x000000000335920e to 0x000000000335a36d
Event: 705.062 Thread 0x0000000017fd9000 Exception <a 'java/lang/IllegalStateException'> (0x00000000e1419118) thrown at [C:\re\workspace\8-2-build-windows-amd64-cygwin\jdk8u102\7268\hotspot\src\share\vm\prims\jvm.cpp, line 1390]

Events (10 events):
Event: 705.061 Thread 0x0000000018986800 DEOPT PACKING pc=0x000000000373b328 sp=0x000000001935f0d0
Event: 705.061 Thread 0x0000000018986800 DEOPT UNPACKING pc=0x000000000309582a sp=0x000000001935f030 mode 2
Event: 705.061 loading class com/sun/javafx/tk/quantum/QuantumToolkit
Event: 705.061 loading class com/sun/javafx/tk/quantum/QuantumToolkit done
Event: 705.062 Thread 0x0000000017fd9000 Thread exited: 0x0000000017fd9000
Event: 705.062 loading class java/util/LinkedList$ListItr
Event: 705.063 loading class java/util/LinkedList$ListItr done
Event: 705.085 Thread 0x000000001696c000 flushing nmethod 0x0000000003169f50
Event: 705.087 Thread 0x000000001696c000 flushing nmethod 0x00000000031938d0
Event: 705.156 Executing VM operation: Exit


Dynamic libraries:
0x00007ff6c6490000 - 0x00007ff6c64c7000 	C:\Program Files\Java\jdk1.8.0_102\bin\java.exe
0x00007ffcbf9c0000 - 0x00007ffcbfba1000 	C:\WINDOWS\SYSTEM32\ntdll.dll
0x00007ffcbd4e0000 - 0x00007ffcbd591000 	C:\WINDOWS\System32\KERNEL32.DLL
0x00007ffcbc610000 - 0x00007ffcbc883000 	C:\WINDOWS\System32\KERNELBASE.dll
0x0000000076350000 - 0x00000000763e5000 	C:\WINDOWS\System32\SYSFER.DLL
0x00007ffcbd740000 - 0x00007ffcbd7e1000 	C:\WINDOWS\System32\ADVAPI32.dll
0x00007ffcbd660000 - 0x00007ffcbd6fe000 	C:\WINDOWS\System32\msvcrt.dll
0x00007ffcbd600000 - 0x00007ffcbd65b000 	C:\WINDOWS\System32\sechost.dll
0x00007ffcbd250000 - 0x00007ffcbd374000 	C:\WINDOWS\System32\RPCRT4.dll
0x00007ffcbd7f0000 - 0x00007ffcbd980000 	C:\WINDOWS\System32\USER32.dll
0x00007ffcbbdf0000 - 0x00007ffcbbe10000 	C:\WINDOWS\System32\win32u.dll
0x00007ffcbd700000 - 0x00007ffcbd728000 	C:\WINDOWS\System32\GDI32.dll
0x00007ffcbccb0000 - 0x00007ffcbce42000 	C:\WINDOWS\System32\gdi32full.dll
0x00007ffcbc520000 - 0x00007ffcbc5bf000 	C:\WINDOWS\System32\msvcp_win.dll
0x00007ffcbc940000 - 0x00007ffcbca38000 	C:\WINDOWS\System32\ucrtbase.dll
0x00007ffcafdb0000 - 0x00007ffcb0019000 	C:\WINDOWS\WinSxS\amd64_microsoft.windows.common-controls_6595b64144ccf1df_6.0.17134.706_none_fb43a2cb30647007\COMCTL32.dll
0x00007ffcbf660000 - 0x00007ffcbf982000 	C:\WINDOWS\System32\combase.dll
0x00007ffcbcc30000 - 0x00007ffcbccaa000 	C:\WINDOWS\System32\bcryptPrimitives.dll
0x00007ffcbda00000 - 0x00007ffcbda2d000 	C:\WINDOWS\System32\IMM32.DLL
0x0000000074bf0000 - 0x0000000074cc1000 	C:\Program Files\Java\jdk1.8.0_102\jre\bin\msvcr100.dll
0x0000000072fc0000 - 0x000000007385a000 	C:\Program Files\Java\jdk1.8.0_102\jre\bin\server\jvm.dll
0x00007ffcbd730000 - 0x00007ffcbd738000 	C:\WINDOWS\System32\PSAPI.DLL
0x00007ffcbabf0000 - 0x00007ffcbabf9000 	C:\WINDOWS\SYSTEM32\WSOCK32.dll
0x00007ffcbf5d0000 - 0x00007ffcbf63c000 	C:\WINDOWS\System32\WS2_32.dll
0x00007ffcb9bd0000 - 0x00007ffcb9bf3000 	C:\WINDOWS\SYSTEM32\WINMM.dll
0x00007ffcad380000 - 0x00007ffcad38a000 	C:\WINDOWS\SYSTEM32\VERSION.dll
0x00007ffcb9ba0000 - 0x00007ffcb9bca000 	C:\WINDOWS\SYSTEM32\WINMMBASE.dll
0x00007ffcbc5c0000 - 0x00007ffcbc609000 	C:\WINDOWS\System32\cfgmgr32.dll
0x0000000074be0000 - 0x0000000074bef000 	C:\Program Files\Java\jdk1.8.0_102\jre\bin\verify.dll
0x0000000074bb0000 - 0x0000000074bd9000 	C:\Program Files\Java\jdk1.8.0_102\jre\bin\java.dll
0x0000000074760000 - 0x0000000074783000 	C:\Program Files\Java\jdk1.8.0_102\jre\bin\instrument.dll
0x0000000074740000 - 0x0000000074756000 	C:\Program Files\Java\jdk1.8.0_102\jre\bin\zip.dll
0x00007ffcbda30000 - 0x00007ffcbee70000 	C:\WINDOWS\System32\SHELL32.dll
0x00007ffcbd1a0000 - 0x00007ffcbd249000 	C:\WINDOWS\System32\shcore.dll
0x00007ffcbbe10000 - 0x00007ffcbc51d000 	C:\WINDOWS\System32\windows.storage.dll
0x00007ffcbce50000 - 0x00007ffcbcea1000 	C:\WINDOWS\System32\shlwapi.dll
0x00007ffcbbd70000 - 0x00007ffcbbd81000 	C:\WINDOWS\System32\kernel.appcore.dll
0x00007ffcbbd30000 - 0x00007ffcbbd4f000 	C:\WINDOWS\System32\profapi.dll
0x00007ffcbbcd0000 - 0x00007ffcbbd1c000 	C:\WINDOWS\System32\powrprof.dll
0x00007ffcbbd20000 - 0x00007ffcbbd2a000 	C:\WINDOWS\System32\FLTLIB.DLL
0x00007ffcabf10000 - 0x00007ffcabf2a000 	C:\Program Files\JetBrains\IntelliJ IDEA Community Edition 2018.3.4\bin\breakgen64.dll
0x0000000074720000 - 0x000000007473a000 	C:\Program Files\Java\jdk1.8.0_102\jre\bin\net.dll
0x00007ffcbb550000 - 0x00007ffcbb5b6000 	C:\WINDOWS\system32\mswsock.dll
0x00007ffc81f50000 - 0x00007ffc8203f000 	C:\Program Files\Java\jdk1.8.0_102\jre\bin\msvcr120.dll
0x00007ffc82f90000 - 0x00007ffc83036000 	C:\Program Files\Java\jdk1.8.0_102\jre\bin\msvcp120.dll
0x00000000746f0000 - 0x0000000074712000 	C:\Program Files\Java\jdk1.8.0_102\jre\bin\prism_d3d.dll
0x00007ffc80050000 - 0x00007ffc801e7000 	C:\WINDOWS\system32\d3d9.dll
0x00007ffcba0c0000 - 0x00007ffcba0e9000 	C:\WINDOWS\SYSTEM32\dwmapi.dll
0x00007ffcb9f40000 - 0x00007ffcb9fd8000 	C:\WINDOWS\system32\uxtheme.dll
0x00007ffcbcf50000 - 0x00007ffcbd012000 	C:\WINDOWS\System32\OLEAUT32.dll
0x00007ffcbd380000 - 0x00007ffcbd4d1000 	C:\WINDOWS\System32\ole32.dll
0x00000000746a0000 - 0x00000000746e3000 	C:\Program Files\Java\jdk1.8.0_102\jre\bin\glass.dll
0x00007ffcbee80000 - 0x00007ffcbef6d000 	C:\WINDOWS\System32\COMDLG32.dll
0x00007ffcbd020000 - 0x00007ffcbd193000 	C:\WINDOWS\System32\MSCTF.dll
0x0000000074660000 - 0x0000000074674000 	C:\Program Files\Java\jdk1.8.0_102\jre\bin\javafx_font.dll
0x00007ffcb0a00000 - 0x00007ffcb0d1c000 	C:\WINDOWS\SYSTEM32\dwrite.dll
0x0000000074600000 - 0x0000000074623000 	C:\Program Files\Java\jdk1.8.0_102\jre\bin\javafx_iio.dll
0x0000000074580000 - 0x00000000745f3000 	C:\Program Files\Java\jdk1.8.0_102\jre\bin\glib-lite.dll
0x00000000744e0000 - 0x000000007457c000 	C:\Program Files\Java\jdk1.8.0_102\jre\bin\gstreamer-lite.dll
0x00007ffc943e0000 - 0x00007ffc9446f000 	C:\WINDOWS\SYSTEM32\DSOUND.dll
0x00000000744b0000 - 0x00000000744d5000 	C:\Program Files\Java\jdk1.8.0_102\jre\bin\jfxmedia.dll
0x00007ffcbceb0000 - 0x00007ffcbcf50000 	C:\WINDOWS\System32\clbcatq.dll
0x00007ffcb61d0000 - 0x00007ffcb637e000 	C:\WINDOWS\SYSTEM32\WindowsCodecs.dll
0x00007ffc8c8f0000 - 0x00007ffc8c948000 	C:\WINDOWS\system32\dataexchange.dll
0x00007ffcb8bb0000 - 0x00007ffcb8ebb000 	C:\WINDOWS\system32\d3d11.dll
0x00007ffcb9630000 - 0x00007ffcb97cc000 	C:\WINDOWS\system32\dcomp.dll
0x00007ffcba6f0000 - 0x00007ffcba7ab000 	C:\WINDOWS\system32\dxgi.dll
0x00007ffcba250000 - 0x00007ffcba408000 	C:\WINDOWS\system32\twinapi.appcore.dll
0x00007ffcba1a0000 - 0x00007ffcba1c9000 	C:\WINDOWS\system32\RMCLIENT.dll
0x00007ffca3a60000 - 0x00007ffca3a94000 	C:\Program Files\Common Files\Microsoft Shared\Ink\rtscom.dll
0x0000000074640000 - 0x0000000074651000 	C:\Program Files\Java\jdk1.8.0_102\jre\bin\prism_common.dll
0x00007ffcb8520000 - 0x00007ffcb8ae7000 	C:\WINDOWS\SYSTEM32\d2d1.dll
0x00007ffc6b190000 - 0x00007ffc6b90e000 	C:\WINDOWS\SYSTEM32\D3D10Warp.dll
0x00007ffcb4da0000 - 0x00007ffcb4e36000 	C:\WINDOWS\System32\TextInputFramework.dll
0x00007ffcb5d40000 - 0x00007ffcb605e000 	C:\WINDOWS\System32\CoreUIComponents.dll
0x00007ffcb97d0000 - 0x00007ffcb98aa000 	C:\WINDOWS\System32\CoreMessaging.dll
0x00007ffcbadc0000 - 0x00007ffcbadf1000 	C:\WINDOWS\SYSTEM32\ntmarta.dll
0x00007ffcb7540000 - 0x00007ffcb768d000 	C:\WINDOWS\SYSTEM32\wintypes.dll
0x00007ffcbaa00000 - 0x00007ffcbabc9000 	C:\WINDOWS\SYSTEM32\dbghelp.dll

VM Arguments:
jvm_args: -javaagent:C:\Program Files\JetBrains\IntelliJ IDEA Community Edition 2018.3.4\lib\idea_rt.jar=58782:C:\Program Files\JetBrains\IntelliJ IDEA Community Edition 2018.3.4\bin -Dfile.encoding=UTF-8 
java_command: ClientFX
java_class_path (initial): C:\Program Files\Java\jdk1.8.0_102\jre\lib\charsets.jar;C:\Program Files\Java\jdk1.8.0_102\jre\lib\deploy.jar;C:\Program Files\Java\jdk1.8.0_102\jre\lib\ext\access-bridge-64.jar;C:\Program Files\Java\jdk1.8.0_102\jre\lib\ext\cldrdata.jar;C:\Program Files\Java\jdk1.8.0_102\jre\lib\ext\dnsns.jar;C:\Program Files\Java\jdk1.8.0_102\jre\lib\ext\jaccess.jar;C:\Program Files\Java\jdk1.8.0_102\jre\lib\ext\jfxrt.jar;C:\Program Files\Java\jdk1.8.0_102\jre\lib\ext\localedata.jar;C:\Program Files\Java\jdk1.8.0_102\jre\lib\ext\nashorn.jar;C:\Program Files\Java\jdk1.8.0_102\jre\lib\ext\sunec.jar;C:\Program Files\Java\jdk1.8.0_102\jre\lib\ext\sunjce_provider.jar;C:\Program Files\Java\jdk1.8.0_102\jre\lib\ext\sunmscapi.jar;C:\Program Files\Java\jdk1.8.0_102\jre\lib\ext\sunpkcs11.jar;C:\Program Files\Java\jdk1.8.0_102\jre\lib\ext\zipfs.jar;C:\Program Files\Java\jdk1.8.0_102\jre\lib\javaws.jar;C:\Program Files\Java\jdk1.8.0_102\jre\lib\jce.jar;C:\Program Files\Java\jdk1.8.0_102\jre\lib\jfr.jar;C:\Program Files\Java\jdk1.8.0_102\jre\lib\jfxswt.jar;C:\Program Files\Java\jdk1.8.0_102\jre\lib\jsse.jar;C:\Program Files\Java\jdk1.8.0_102\jre\lib\management-agent.jar;C:\Program Files\Java\jdk1.8.0_102\jre\lib\plugin.jar;C:\Program Files\Java\jdk1.8.0_102\jre\lib\resources.jar;C:\Program Files\Java\jdk1.8.0_102\jre\lib\rt.jar;C:\Users\Don\Documents\GitHub\Project5\Client\out\production\Client;C:\Program Files\JetBrains\IntelliJ IDEA Community Edition 2018.3.4\lib\idea_rt.jar
Launcher Type: SUN_STANDARD

Environment Variables:
JAVA_HOME=C:\Program Files\Java\jdk1.8.0_172
CLASSPATH=.;
PATH=C:\Python27\;C:\Python27\Scripts;C:\Program Files (x86)\Common Files\Oracle\Java\javapath;C:\ProgramData\Oracle\Java\javapath;C:\Program Files (x86)\Intel\iCLS Client\;C:\Program Files\Intel\iCLS Client\;C:\WINDOWS\system32;C:\WINDOWS;C:\WINDOWS\System32\Wbem;C:\WINDOWS\System32\WindowsPowerShell\v1.0\;C:\Program Files\Hewlett-Packard\SimplePass\;C:\Program Files (x86)\Windows Live\Shared;C:\Program Files\Novell\iPrint;C:\WINDOWS\System32\OpenSSH\;C:\ProgramData\chocolatey\bin;C:\Program Files\Java\jdk1.8.0_172\bin;C:\TDM-GCC-64\bin;C:\Program Files\PuTTY\;C:\Program Files\Intel\Intel(R) Management Engine Components\DAL;C:\Program Files\Intel\Intel(R) Management Engine Components\IPT;C:\Program Files\dotnet\;C:\Program Files\Git\cmd;C:\Program Files\nodejs\;C:\Users\Don\AppData\Local\Microsoft\WindowsApps;C:\Users\Don\AndroidAppData\platform-tools;C:\Users\Don\AppData\Local\Programs\Microsoft VS Code\bin;C:\Users\Don\.dotnet\tools;C:\Program Files (x86)\Java\jdk1.8.0_102\bin;;C:\Users\Don\AppData\Local\Programs\Azure Data Studio\bin;C:\Users\Don\AppData\Roaming\npm
USERNAME=Don
OS=Windows_NT
PROCESSOR_IDENTIFIER=Intel64 Family 6 Model 61 Stepping 4, GenuineIntel



---------------  S Y S T E M  ---------------

OS: Windows 10.0 , 64 bit Build 17134 (10.0.17134.706)

CPU:total 4 (2 cores per cpu, 2 threads per core) family 6 model 61 stepping 4, cmov, cx8, fxsr, mmx, sse, sse2, sse3, ssse3, sse4.1, sse4.2, popcnt, avx, avx2, aes, clmul, erms, 3dnowpref, lzcnt, ht, tsc, tscinvbit, bmi1, bmi2, adx

Memory: 4k page, physical 6211852k(2249500k free), swap 13959304k(4280380k free)

vm_info: Java HotSpot(TM) 64-Bit Server VM (25.102-b14) for windows-amd64 JRE (1.8.0_102-b14), built on Jun 22 2016 13:15:21 by "java_re" with MS VC++ 10.0 (VS2010)

time: Sat May 04 22:52:55 2019
elapsed time: 705 seconds (0d 0h 11m 45s)

