#
# A fatal error has been detected by the Java Runtime Environment:
#
#  EXCEPTION_ACCESS_VIOLATION (0xc0000005) at pc=0x000000006161584a, pid=5464, tid=0x00000000000043b4
#
# JRE version: Java(TM) SE Runtime Environment (8.0_102-b14) (build 1.8.0_102-b14)
# Java VM: Java HotSpot(TM) 64-Bit Server VM (25.102-b14 mixed mode windows-amd64 compressed oops)
# Problematic frame:
# C  [glass.dll+0x2584a]
#
# Failed to write core dump. Minidumps are not enabled by default on client versions of Windows
#
# If you would like to submit a bug report, please visit:
#   http://bugreport.java.com/bugreport/crash.jsp
#

---------------  T H R E A D  ---------------

Current thread (0x0000000015fb8800):  VMThread [stack: 0x0000000017040000,0x0000000017140000] [id=17332]

siginfo: ExceptionCode=0xc0000005, reading address 0x0000000000000000

Registers:
RAX=0x0000000000000000, RBX=0x0000000018055938, RCX=0x0000000015fb8800, RDX=0x0000000018055938
RSP=0x000000001713ee00, RBP=0x000000000065fba0, RSI=0x0000000000000001, RDI=0x0000000000000000
R8 =0x0000000000010002, R9 =0x000000000065fba0, R10=0x0000000000000000, R11=0x0000000000000246
R12=0x000000000065fbd0, R13=0x000000000065fba0, R14=0x000000000065fbb0, R15=0x0000000000000000
RIP=0x000000006161584a, EFLAGS=0x0000000000010202

Top of Stack: (sp=0x000000001713ee00)
0x000000001713ee00:   0000000000000000 0000000061615900
0x000000001713ee10:   0000000000000000 00000000616291b0
0x000000001713ee20:   0000000061615830 0000000061613224
0x000000001713ee30:   0000000061615a60 00007ffd0039a65b
0x000000001713ee40:   0000000000000000 00007ffdc6f671a4
0x000000001713ee50:   0000000000000001 00000000615f0000
0x000000001713ee60:   0000000002511638 00000000616134a6
0x000000001713ee70:   0000000000000001 0000000015ec56d0
0x000000001713ee80:   0000000000000000 0000000061613384
0x000000001713ee90:   c000000500000001 000000001713df90
0x000000001713eea0:   00000000615f0000 00007ffdcbb9b583
0x000000001713eeb0:   000000007ffe0385 0000000000000000
0x000000001713eec0:   000000007ffe0384 000000007ffe0385
0x000000001713eed0:   000000000000000f 00007ffdcbba813a
0x000000001713eee0:   00004ebdf4c86c00 00000000006240d0
0x000000001713eef0:   0000000000000000 0000000000000000 

Instructions: (pc=0x000000006161584a)
0x000000006161582a:   83 c4 20 5d c3 cc 40 53 48 83 ec 20 48 8b 1d cb
0x000000006161583a:   5b 01 00 48 85 db 74 1a e8 19 93 ff ff 48 8b d3
0x000000006161584a:   4c 8b 00 48 8b c8 48 83 c4 20 5b 49 ff a0 b0 00
0x000000006161585a:   00 00 48 83 c4 20 5b c3 cc cc cc cc cc cc cc cc 


Register to memory mapping:

RAX=0x0000000000000000 is an unknown value
RBX=0x0000000018055938 is a global jni handle
RCX=0x0000000015fb8800 is an unknown value
RDX=0x0000000018055938 is a global jni handle
RSP=0x000000001713ee00 is an unknown value
RBP=0x000000000065fba0 is an unknown value
RSI=0x0000000000000001 is an unknown value
RDI=0x0000000000000000 is an unknown value
R8 =0x0000000000010002 is an unknown value
R9 =0x000000000065fba0 is an unknown value
R10=0x0000000000000000 is an unknown value
R11=0x0000000000000246 is an unknown value
R12=0x000000000065fbd0 is an unknown value
R13=0x000000000065fba0 is an unknown value
R14=0x000000000065fbb0 is an unknown value
R15=0x0000000000000000 is an unknown value


Stack: [0x0000000017040000,0x0000000017140000],  sp=0x000000001713ee00,  free space=1019k
Native frames: (J=compiled Java code, j=interpreted, Vv=VM code, C=native code)
C  [glass.dll+0x2584a]
C  [glass.dll+0x23224]
C  [glass.dll+0x234a6]
C  [ntdll.dll+0x3b583]
C  [ntdll.dll+0x47f85]
C  [ntdll.dll+0x47e48]
C  [KERNEL32.DLL+0x1ca7a]
C  [msvcr100.dll+0x20cb9]
V  [jvm.dll+0x212a05]
V  [jvm.dll+0x24b647]
V  [jvm.dll+0x24a8e6]
V  [jvm.dll+0x24ad81]
V  [jvm.dll+0x24af9e]
V  [jvm.dll+0x29c03a]
C  [msvcr100.dll+0x21d7b]
C  [msvcr100.dll+0x21e17]
C  [KERNEL32.DLL+0x14034]
C  [ntdll.dll+0x73691]

VM_Operation (0x0000000018c3acc0): Exit, mode: safepoint, requested by thread 0x000000001803c800


---------------  P R O C E S S  ---------------

Java Threads: ( => current thread )
  0x0000000018678000 JavaThread "Thread-8" daemon [_thread_blocked, id=13912, stack(0x00000000225f0000,0x00000000226f0000)]
  0x000000001867c000 JavaThread "Thread-6" [_thread_blocked, id=10456, stack(0x0000000021ef0000,0x0000000021ff0000)]
  0x000000001837e800 JavaThread "Media Resource Disposer" daemon [_thread_blocked, id=10676, stack(0x000000001eef0000,0x000000001eff0000)]
  0x0000000018080800 JavaThread "Prism Font Disposer" daemon [_thread_blocked, id=15796, stack(0x000000001e900000,0x000000001ea00000)]
  0x00000000180ff000 JavaThread "JavaFX-Launcher" [_thread_blocked, id=9372, stack(0x000000001d650000,0x000000001d750000)]
  0x000000001806c800 JavaThread "Thread-2" daemon [_thread_in_native, id=17672, stack(0x000000001d550000,0x000000001d650000)]
  0x000000001803c800 JavaThread "JavaFX Application Thread" [_thread_blocked, id=7892, stack(0x0000000018b40000,0x0000000018c40000)]
  0x0000000018036800 JavaThread "Thread-1" daemon [_thread_blocked, id=16308, stack(0x0000000018a40000,0x0000000018b40000)]
  0x0000000017a17000 JavaThread "QuantumRenderer-0" daemon [_thread_blocked, id=3328, stack(0x0000000018830000,0x0000000018930000)]
  0x00000000176fe800 JavaThread "Service Thread" daemon [_thread_blocked, id=7044, stack(0x0000000017e30000,0x0000000017f30000)]
  0x000000001603c800 JavaThread "C1 CompilerThread2" daemon [_thread_blocked, id=1460, stack(0x0000000017d30000,0x0000000017e30000)]
  0x0000000016038800 JavaThread "C2 CompilerThread1" daemon [_thread_blocked, id=15356, stack(0x0000000017c30000,0x0000000017d30000)]
  0x0000000016035000 JavaThread "C2 CompilerThread0" daemon [_thread_blocked, id=1584, stack(0x0000000017b30000,0x0000000017c30000)]
  0x0000000016042800 JavaThread "Monitor Ctrl-Break" daemon [_thread_in_native, id=12652, stack(0x0000000017a30000,0x0000000017b30000)]
  0x0000000015fee000 JavaThread "Attach Listener" daemon [_thread_blocked, id=7432, stack(0x0000000017530000,0x0000000017630000)]
  0x0000000015fed000 JavaThread "Signal Dispatcher" daemon [_thread_blocked, id=4560, stack(0x0000000017430000,0x0000000017530000)]
  0x000000000271c800 JavaThread "Finalizer" daemon [_thread_blocked, id=10044, stack(0x0000000017240000,0x0000000017340000)]
  0x0000000002711800 JavaThread "Reference Handler" daemon [_thread_blocked, id=13520, stack(0x0000000017140000,0x0000000017240000)]
  0x0000000002622800 JavaThread "main" [_thread_blocked, id=3192, stack(0x00000000023f0000,0x00000000024f0000)]

Other Threads:
=>0x0000000015fb8800 VMThread [stack: 0x0000000017040000,0x0000000017140000] [id=17332]

VM state:at safepoint (shutting down)

VM Mutex/Monitor currently owned by a thread:  ([mutex/lock_event])
[0x000000000251dd50] Threads_lock - owner thread: 0x0000000015fb8800

Heap:
 PSYoungGen      total 112128K, used 41773K [0x00000000e0600000, 0x00000000ec200000, 0x0000000100000000)
  eden space 71680K, 58% used [0x00000000e0600000,0x00000000e2ecb678,0x00000000e4c00000)
  from space 40448K, 0% used [0x00000000e4c00000,0x00000000e4c00000,0x00000000e7380000)
  to   space 48640K, 0% used [0x00000000e9280000,0x00000000e9280000,0x00000000ec200000)
 ParOldGen       total 301568K, used 179428K [0x00000000a1200000, 0x00000000b3880000, 0x00000000e0600000)
  object space 301568K, 59% used [0x00000000a1200000,0x00000000ac1390a8,0x00000000b3880000)
 Metaspace       used 17958K, capacity 19114K, committed 19328K, reserved 1064960K
  class space    used 2569K, capacity 2817K, committed 2944K, reserved 1048576K

Card table byte_map: [0x0000000011ae0000,0x0000000011de0000] byte_map_base: 0x00000000115d7000

Marking Bits: (ParMarkBitMap*) 0x0000000061f6a6c0
 Begin Bits: [0x00000000123e0000, 0x0000000013b98000)
 End Bits:   [0x0000000013b98000, 0x0000000015350000)

Polling page: 0x00000000005c0000

CodeCache: size=245760Kb used=7880Kb max_used=7880Kb free=237879Kb
 bounds [0x0000000002720000, 0x0000000002ee0000, 0x0000000011720000]
 total_blobs=3284 nmethods=2603 adapters=592
 compilation: enabled

Compilation events (10 events):
Event: 70.258 Thread 0x000000001603c800 nmethod 2726 0x0000000002ecc190 code [0x0000000002ecc300, 0x0000000002ecc598]
Event: 70.258 Thread 0x000000001603c800 2728       3       jdk.internal.org.objectweb.asm.MethodVisitor::visitFieldInsn (20 bytes)
Event: 70.259 Thread 0x000000001603c800 nmethod 2728 0x0000000002ecbc50 code [0x0000000002ecbdc0, 0x0000000002ecc028]
Event: 70.265 Thread 0x000000001603c800 2729       3       java.lang.invoke.MethodHandles$Lookup::resolveOrFail (39 bytes)
Event: 70.270 Thread 0x000000001603c800 nmethod 2729 0x0000000002ecf310 code [0x0000000002ecf520, 0x0000000002ed0348]
Event: 70.270 Thread 0x000000001603c800 2730       3       java.lang.invoke.MethodHandles$Lookup::getDirectMethodForConstant (70 bytes)
Event: 70.275 Thread 0x000000001603c800 nmethod 2730 0x0000000002ed22d0 code [0x0000000002ed2540, 0x0000000002ed3448]
Event: 70.275 Thread 0x000000001603c800 2731   !   3       java.lang.invoke.MethodHandles$Lookup::canBeCached (146 bytes)
Event: 70.297 Thread 0x000000001603c800 nmethod 2731 0x0000000002ed3b50 code [0x0000000002ed3fc0, 0x0000000002ed7108]
Event: 70.313 Thread 0x0000000016038800 2732       4       java.util.concurrent.locks.ReentrantLock::unlock (10 bytes)

GC Heap History (10 events):
Event: 5.384 GC heap before
{Heap before GC invocations=6 (full 1):
 PSYoungGen      total 53248K, used 47131K [0x00000000e0600000, 0x00000000e3e00000, 0x0000000100000000)
  eden space 49152K, 95% used [0x00000000e0600000,0x00000000e3406d78,0x00000000e3600000)
  from space 4096K, 0% used [0x00000000e3a00000,0x00000000e3a00000,0x00000000e3e00000)
  to   space 4096K, 0% used [0x00000000e3600000,0x00000000e3600000,0x00000000e3a00000)
 ParOldGen       total 114688K, used 55402K [0x00000000a1200000, 0x00000000a8200000, 0x00000000e0600000)
  object space 114688K, 48% used [0x00000000a1200000,0x00000000a481aa78,0x00000000a8200000)
 Metaspace       used 12682K, capacity 13280K, committed 13568K, reserved 1060864K
  class space    used 1776K, capacity 1928K, committed 2048K, reserved 1048576K
Event: 5.396 GC heap after
Heap after GC invocations=6 (full 1):
 PSYoungGen      total 53248K, used 4017K [0x00000000e0600000, 0x00000000e9b00000, 0x0000000100000000)
  eden space 49152K, 0% used [0x00000000e0600000,0x00000000e0600000,0x00000000e3600000)
  from space 4096K, 98% used [0x00000000e3600000,0x00000000e39ec5d0,0x00000000e3a00000)
  to   space 32768K, 0% used [0x00000000e7b00000,0x00000000e7b00000,0x00000000e9b00000)
 ParOldGen       total 114688K, used 90716K [0x00000000a1200000, 0x00000000a8200000, 0x00000000e0600000)
  object space 114688K, 79% used [0x00000000a1200000,0x00000000a6a970e8,0x00000000a8200000)
 Metaspace       used 12682K, capacity 13280K, committed 13568K, reserved 1060864K
  class space    used 1776K, capacity 1928K, committed 2048K, reserved 1048576K
}
Event: 5.396 GC heap before
{Heap before GC invocations=7 (full 2):
 PSYoungGen      total 53248K, used 4017K [0x00000000e0600000, 0x00000000e9b00000, 0x0000000100000000)
  eden space 49152K, 0% used [0x00000000e0600000,0x00000000e0600000,0x00000000e3600000)
  from space 4096K, 98% used [0x00000000e3600000,0x00000000e39ec5d0,0x00000000e3a00000)
  to   space 32768K, 0% used [0x00000000e7b00000,0x00000000e7b00000,0x00000000e9b00000)
 ParOldGen       total 114688K, used 90716K [0x00000000a1200000, 0x00000000a8200000, 0x00000000e0600000)
  object space 114688K, 79% used [0x00000000a1200000,0x00000000a6a970e8,0x00000000a8200000)
 Metaspace       used 12682K, capacity 13280K, committed 13568K, reserved 1060864K
  class space    used 1776K, capacity 1928K, committed 2048K, reserved 1048576K
Event: 5.426 GC heap after
Heap after GC invocations=7 (full 2):
 PSYoungGen      total 53248K, used 0K [0x00000000e0600000, 0x00000000e9b00000, 0x0000000100000000)
  eden space 49152K, 0% used [0x00000000e0600000,0x00000000e0600000,0x00000000e3600000)
  from space 4096K, 0% used [0x00000000e3600000,0x00000000e3600000,0x00000000e3a00000)
  to   space 32768K, 0% used [0x00000000e7b00000,0x00000000e7b00000,0x00000000e9b00000)
 ParOldGen       total 184320K, used 92123K [0x00000000a1200000, 0x00000000ac600000, 0x00000000e0600000)
  object space 184320K, 49% used [0x00000000a1200000,0x00000000a6bf6f30,0x00000000ac600000)
 Metaspace       used 12682K, capacity 13280K, committed 13568K, reserved 1060864K
  class space    used 1776K, capacity 1928K, committed 2048K, reserved 1048576K
}
Event: 5.636 GC heap before
{Heap before GC invocations=8 (full 2):
 PSYoungGen      total 53248K, used 49152K [0x00000000e0600000, 0x00000000e9b00000, 0x0000000100000000)
  eden space 49152K, 100% used [0x00000000e0600000,0x00000000e3600000,0x00000000e3600000)
  from space 4096K, 0% used [0x00000000e3600000,0x00000000e3600000,0x00000000e3a00000)
  to   space 32768K, 0% used [0x00000000e7b00000,0x00000000e7b00000,0x00000000e9b00000)
 ParOldGen       total 184320K, used 92123K [0x00000000a1200000, 0x00000000ac600000, 0x00000000e0600000)
  object space 184320K, 49% used [0x00000000a1200000,0x00000000a6bf6f30,0x00000000ac600000)
 Metaspace       used 12696K, capacity 13284K, committed 13568K, reserved 1060864K
  class space    used 1776K, capacity 1928K, committed 2048K, reserved 1048576K
Event: 5.647 GC heap after
Heap after GC invocations=8 (full 2):
 PSYoungGen      total 99328K, used 32615K [0x00000000e0600000, 0x00000000e9b00000, 0x0000000100000000)
  eden space 66560K, 0% used [0x00000000e0600000,0x00000000e0600000,0x00000000e4700000)
  from space 32768K, 99% used [0x00000000e7b00000,0x00000000e9ad9fd0,0x00000000e9b00000)
  to   space 40448K, 0% used [0x00000000e4c00000,0x00000000e4c00000,0x00000000e7380000)
 ParOldGen       total 184320K, used 98770K [0x00000000a1200000, 0x00000000ac600000, 0x00000000e0600000)
  object space 184320K, 53% used [0x00000000a1200000,0x00000000a7274930,0x00000000ac600000)
 Metaspace       used 12696K, capacity 13284K, committed 13568K, reserved 1060864K
  class space    used 1776K, capacity 1928K, committed 2048K, reserved 1048576K
}
Event: 5.977 GC heap before
{Heap before GC invocations=9 (full 2):
 PSYoungGen      total 99328K, used 99175K [0x00000000e0600000, 0x00000000e9b00000, 0x0000000100000000)
  eden space 66560K, 100% used [0x00000000e0600000,0x00000000e4700000,0x00000000e4700000)
  from space 32768K, 99% used [0x00000000e7b00000,0x00000000e9ad9fd0,0x00000000e9b00000)
  to   space 40448K, 0% used [0x00000000e4c00000,0x00000000e4c00000,0x00000000e7380000)
 ParOldGen       total 184320K, used 98770K [0x00000000a1200000, 0x00000000ac600000, 0x00000000e0600000)
  object space 184320K, 53% used [0x00000000a1200000,0x00000000a7274930,0x00000000ac600000)
 Metaspace       used 12733K, capacity 13296K, committed 13568K, reserved 1060864K
  class space    used 1777K, capacity 1930K, committed 2048K, reserved 1048576K
Event: 6.011 GC heap after
Heap after GC invocations=9 (full 2):
 PSYoungGen      total 112128K, used 40416K [0x00000000e0600000, 0x00000000ec200000, 0x0000000100000000)
  eden space 71680K, 0% used [0x00000000e0600000,0x00000000e0600000,0x00000000e4c00000)
  from space 40448K, 99% used [0x00000000e4c00000,0x00000000e73780e0,0x00000000e7380000)
  to   space 48640K, 0% used [0x00000000e9280000,0x00000000e9280000,0x00000000ec200000)
 ParOldGen       total 184320K, used 142613K [0x00000000a1200000, 0x00000000ac600000, 0x00000000e0600000)
  object space 184320K, 77% used [0x00000000a1200000,0x00000000a9d454e0,0x00000000ac600000)
 Metaspace       used 12733K, capacity 13296K, committed 13568K, reserved 1060864K
  class space    used 1777K, capacity 1930K, committed 2048K, reserved 1048576K
}
Event: 6.011 GC heap before
{Heap before GC invocations=10 (full 3):
 PSYoungGen      total 112128K, used 40416K [0x00000000e0600000, 0x00000000ec200000, 0x0000000100000000)
  eden space 71680K, 0% used [0x00000000e0600000,0x00000000e0600000,0x00000000e4c00000)
  from space 40448K, 99% used [0x00000000e4c00000,0x00000000e73780e0,0x00000000e7380000)
  to   space 48640K, 0% used [0x00000000e9280000,0x00000000e9280000,0x00000000ec200000)
 ParOldGen       total 184320K, used 142613K [0x00000000a1200000, 0x00000000ac600000, 0x00000000e0600000)
  object space 184320K, 77% used [0x00000000a1200000,0x00000000a9d454e0,0x00000000ac600000)
 Metaspace       used 12733K, capacity 13296K, committed 13568K, reserved 1060864K
  class space    used 1777K, capacity 1930K, committed 2048K, reserved 1048576K
Event: 6.081 GC heap after
Heap after GC invocations=10 (full 3):
 PSYoungGen      total 112128K, used 0K [0x00000000e0600000, 0x00000000ec200000, 0x0000000100000000)
  eden space 71680K, 0% used [0x00000000e0600000,0x00000000e0600000,0x00000000e4c00000)
  from space 40448K, 0% used [0x00000000e4c00000,0x00000000e4c00000,0x00000000e7380000)
  to   space 48640K, 0% used [0x00000000e9280000,0x00000000e9280000,0x00000000ec200000)
 ParOldGen       total 301568K, used 179428K [0x00000000a1200000, 0x00000000b3880000, 0x00000000e0600000)
  object space 301568K, 59% used [0x00000000a1200000,0x00000000ac1390a8,0x00000000b3880000)
 Metaspace       used 12733K, capacity 13296K, committed 13568K, reserved 1060864K
  class space    used 1777K, capacity 1930K, committed 2048K, reserved 1048576K
}

Deoptimization events (10 events):
Event: 57.226 Thread 0x000000001803c800 Uncommon trap: reason=unstable_if action=reinterpret pc=0x0000000002dc7ad4 method=javafx.scene.Node.updateLocalToParentTransform()V @ 4
Event: 57.244 Thread 0x0000000017a17000 Uncommon trap: reason=unstable_if action=reinterpret pc=0x0000000002d9210c method=java.lang.Math.round(F)I @ 36
Event: 57.244 Thread 0x0000000017a17000 Uncommon trap: reason=unstable_if action=reinterpret pc=0x000000000298b1b0 method=java.lang.Math.round(F)I @ 36
Event: 57.244 Thread 0x0000000017a17000 Uncommon trap: reason=unstable_if action=reinterpret pc=0x0000000002deef10 method=java.lang.Math.round(F)I @ 36
Event: 57.259 Thread 0x0000000017a17000 Uncommon trap: reason=class_check action=maybe_recompile pc=0x0000000002a14c9c method=sun.reflect.DelegatingMethodAccessorImpl.invoke(Ljava/lang/Object;[Ljava/lang/Object;)Ljava/lang/Object; @ 6
Event: 57.259 Thread 0x0000000017a17000 Uncommon trap: reason=class_check action=maybe_recompile pc=0x0000000002a14c9c method=sun.reflect.DelegatingMethodAccessorImpl.invoke(Ljava/lang/Object;[Ljava/lang/Object;)Ljava/lang/Object; @ 6
Event: 57.263 Thread 0x0000000017a17000 Uncommon trap: reason=class_check action=maybe_recompile pc=0x0000000002a14c9c method=sun.reflect.DelegatingMethodAccessorImpl.invoke(Ljava/lang/Object;[Ljava/lang/Object;)Ljava/lang/Object; @ 6
Event: 57.269 Thread 0x0000000017a17000 Uncommon trap: reason=class_check action=maybe_recompile pc=0x0000000002a14c9c method=sun.reflect.DelegatingMethodAccessorImpl.invoke(Ljava/lang/Object;[Ljava/lang/Object;)Ljava/lang/Object; @ 6
Event: 70.313 Thread 0x0000000018679000 Uncommon trap: reason=unstable_if action=reinterpret pc=0x00000000029680c8 method=java.util.concurrent.locks.ReentrantLock$NonfairSync.lock()V @ 6
Event: 70.313 Thread 0x0000000018679000 Uncommon trap: reason=unstable_if action=reinterpret pc=0x0000000002821a00 method=java.util.concurrent.locks.ReentrantLock$Sync.tryRelease(I)Z @ 28

Internal exceptions (10 events):
Event: 1.420 Thread 0x0000000002622800 Exception <a 'java/lang/NullPointerException'> (0x00000000e0b4cfe0) thrown at [C:\re\workspace\8-2-build-windows-amd64-cygwin\jdk8u102\7268\hotspot\src\share\vm\interpreter\linkResolver.cpp, line 1178]
Event: 1.625 Thread 0x0000000002622800 Implicit null exception at 0x0000000002843415 to 0x00000000028435e1
Event: 3.296 Thread 0x000000001803c800 Exception <a 'java/lang/NullPointerException'> (0x00000000e1740248) thrown at [C:\re\workspace\8-2-build-windows-amd64-cygwin\jdk8u102\7268\hotspot\src\share\vm\interpreter\linkResolver.cpp, line 1178]
Event: 3.296 Thread 0x000000001803c800 Exception <a 'java/lang/NullPointerException'> (0x00000000e1740248) thrown at [C:\re\workspace\8-2-build-windows-amd64-cygwin\jdk8u102\7268\hotspot\src\share\vm\prims\jvm.cpp, line 1390]
Event: 4.849 Thread 0x000000001803c800 Exception <a 'java/lang/UnsatisfiedLinkError': com.sun.media.jfxmediaimpl.NativeAudioClip.nacInit()Z> (0x00000000e178bc78) thrown at [C:\re\workspace\8-2-build-windows-amd64-cygwin\jdk8u102\7268\hotspot\src\share\vm\prims\nativeLookup.cpp, line 378]
Event: 4.850 Thread 0x000000001803c800 Exception <a 'java/lang/UnsatisfiedLinkError': com.sun.media.jfxmedia.logging.Logger.nativeSetNativeLevel(I)V> (0x00000000e1790378) thrown at [C:\re\workspace\8-2-build-windows-amd64-cygwin\jdk8u102\7268\hotspot\src\share\vm\prims\nativeLookup.cpp, line 37ÌÒQ•â@
Event: 4.971 Thread 0x000000001803c800 Implicit null exception at 0x000000000295a056 to 0x000000000295a401
Event: 7.261 Thread 0x000000001803c800 Implicit null exception at 0x0000000002a2b20e to 0x0000000002a2c36d
Event: 70.265 Thread 0x0000000018678000 Exception <a 'java/lang/InterruptedException': sleep interrupted> (0x00000000e2a99f88) thrown at [C:\re\workspace\8-2-build-windows-amd64-cygwin\jdk8u102\7268\hotspot\src\share\vm\prims\jvm.cpp, line 3215]
Event: 70.314 Thread 0x0000000018679000 Exception <a 'java/lang/IllegalStateException'> (0x00000000e2e1ecd8) thrown at [C:\re\workspace\8-2-build-windows-amd64-cygwin\jdk8u102\7268\hotspot\src\share\vm\prims\jvm.cpp, line 1390]

Events (10 events):
Event: 70.313 Thread 0x0000000018679000 DEOPT UNPACKING pc=0x000000000276582a sp=0x00000000227ee290 mode 2
Event: 70.313 Thread 0x0000000018679000 Uncommon trap: trap_request=0xffffff65 fr.pc=0x0000000002821a00
Event: 70.313 Thread 0x0000000018679000 DEOPT PACKING pc=0x0000000002821a00 sp=0x00000000227ee2e0
Event: 70.313 Thread 0x0000000018679000 DEOPT UNPACKING pc=0x000000000276582a sp=0x00000000227ee268 mode 2
Event: 70.313 loading class java/util/LinkedList$ListItr
Event: 70.313 loading class com/sun/javafx/tk/quantum/QuantumToolkit
Event: 70.313 loading class com/sun/javafx/tk/quantum/QuantumToolkit done
Event: 70.314 loading class java/util/LinkedList$ListItr done
Event: 70.314 Thread 0x0000000018679000 Thread exited: 0x0000000018679000
Event: 70.314 Executing VM operation: Exit


Dynamic libraries:
0x00007ff72c5a0000 - 0x00007ff72c5d7000 	C:\Program Files\Java\jdk1.8.0_102\bin\java.exe
0x00007ffdcbb60000 - 0x00007ffdcbd41000 	C:\WINDOWS\SYSTEM32\ntdll.dll
0x00007ffdcaf80000 - 0x00007ffdcb031000 	C:\WINDOWS\System32\KERNEL32.DLL
0x00007ffdc7fb0000 - 0x00007ffdc8223000 	C:\WINDOWS\System32\KERNELBASE.dll
0x0000000063bd0000 - 0x0000000063c65000 	C:\WINDOWS\System32\SYSFER.DLL
0x00007ffdcae20000 - 0x00007ffdcaec1000 	C:\WINDOWS\System32\ADVAPI32.dll
0x00007ffdca810000 - 0x00007ffdca8ae000 	C:\WINDOWS\System32\msvcrt.dll
0x00007ffdcab80000 - 0x00007ffdcabdb000 	C:\WINDOWS\System32\sechost.dll
0x00007ffdca610000 - 0x00007ffdca734000 	C:\WINDOWS\System32\RPCRT4.dll
0x00007ffdcac90000 - 0x00007ffdcae20000 	C:\WINDOWS\System32\USER32.dll
0x00007ffdc7f30000 - 0x00007ffdc7f50000 	C:\WINDOWS\System32\win32u.dll
0x00007ffdcaf50000 - 0x00007ffdcaf78000 	C:\WINDOWS\System32\GDI32.dll
0x00007ffdc8c60000 - 0x00007ffdc8df2000 	C:\WINDOWS\System32\gdi32full.dll
0x00007ffdc8e00000 - 0x00007ffdc8e9f000 	C:\WINDOWS\System32\msvcp_win.dll
0x00007ffdc8ef0000 - 0x00007ffdc8fe8000 	C:\WINDOWS\System32\ucrtbase.dll
0x00007ffdbf820000 - 0x00007ffdbfa89000 	C:\WINDOWS\WinSxS\amd64_microsoft.windows.common-controls_6595b64144ccf1df_6.0.17134.706_none_fb43a2cb30647007\COMCTL32.dll
0x00007ffdcb7d0000 - 0x00007ffdcbaf2000 	C:\WINDOWS\System32\combase.dll
0x00007ffdc82e0000 - 0x00007ffdc835a000 	C:\WINDOWS\System32\bcryptPrimitives.dll
0x00007ffdcbb00000 - 0x00007ffdcbb2d000 	C:\WINDOWS\System32\IMM32.DLL
0x0000000061ff0000 - 0x00000000620c1000 	C:\Program Files\Java\jdk1.8.0_102\jre\bin\msvcr100.dll
0x0000000061750000 - 0x0000000061fea000 	C:\Program Files\Java\jdk1.8.0_102\jre\bin\server\jvm.dll
0x00007ffdca8b0000 - 0x00007ffdca8b8000 	C:\WINDOWS\System32\PSAPI.DLL
0x00007ffdc6d60000 - 0x00007ffdc6d69000 	C:\WINDOWS\SYSTEM32\WSOCK32.dll
0x00007ffdcaee0000 - 0x00007ffdcaf4c000 	C:\WINDOWS\System32\WS2_32.dll
0x00007ffdc5e20000 - 0x00007ffdc5e43000 	C:\WINDOWS\SYSTEM32\WINMM.dll
0x00007ffdb9020000 - 0x00007ffdb902a000 	C:\WINDOWS\SYSTEM32\VERSION.dll
0x00007ffdc5df0000 - 0x00007ffdc5e1a000 	C:\WINDOWS\SYSTEM32\WINMMBASE.dll
0x00007ffdc8ea0000 - 0x00007ffdc8ee9000 	C:\WINDOWS\System32\cfgmgr32.dll
0x0000000061740000 - 0x000000006174f000 	C:\Program Files\Java\jdk1.8.0_102\jre\bin\verify.dll
0x0000000061710000 - 0x0000000061739000 	C:\Program Files\Java\jdk1.8.0_102\jre\bin\java.dll
0x0000000061670000 - 0x0000000061693000 	C:\Program Files\Java\jdk1.8.0_102\jre\bin\instrument.dll
0x00000000616f0000 - 0x0000000061706000 	C:\Program Files\Java\jdk1.8.0_102\jre\bin\zip.dll
0x00007ffdc91d0000 - 0x00007ffdca610000 	C:\WINDOWS\System32\SHELL32.dll
0x00007ffdcabe0000 - 0x00007ffdcac89000 	C:\WINDOWS\System32\shcore.dll
0x00007ffdc8360000 - 0x00007ffdc8a6d000 	C:\WINDOWS\System32\windows.storage.dll
0x00007ffdc8ff0000 - 0x00007ffdc9041000 	C:\WINDOWS\System32\shlwapi.dll
0x00007ffdc7ea0000 - 0x00007ffdc7eb1000 	C:\WINDOWS\System32\kernel.appcore.dll
0x00007ffdc7f10000 - 0x00007ffdc7f2f000 	C:\WINDOWS\System32\profapi.dll
0x00007ffdc7ec0000 - 0x00007ffdc7f0c000 	C:\WINDOWS\System32\powrprof.dll
0x00007ffdc7e70000 - 0x00007ffdc7e7a000 	C:\WINDOWS\System32\FLTLIB.DLL
0x00007ffdb2fb0000 - 0x00007ffdb2fca000 	C:\Program Files\JetBrains\IntelliJ IDEA Community Edition 2018.3.4\bin\breakgen64.dll
0x00000000616d0000 - 0x00000000616ea000 	C:\Program Files\Java\jdk1.8.0_102\jre\bin\net.dll
0x00007ffdc7690000 - 0x00007ffdc76f6000 	C:\WINDOWS\system32\mswsock.dll
0x00007ffdb2770000 - 0x00007ffdb285f000 	C:\Program Files\Java\jdk1.8.0_102\jre\bin\msvcr120.dll
0x00007ffdb26c0000 - 0x00007ffdb2766000 	C:\Program Files\Java\jdk1.8.0_102\jre\bin\msvcp120.dll
0x0000000061640000 - 0x0000000061662000 	C:\Program Files\Java\jdk1.8.0_102\jre\bin\prism_d3d.dll
0x00007ffda5150000 - 0x00007ffda52e7000 	C:\WINDOWS\system32\d3d9.dll
0x00007ffdc62d0000 - 0x00007ffdc62f9000 	C:\WINDOWS\SYSTEM32\dwmapi.dll
0x00007ffdc61b0000 - 0x00007ffdc6248000 	C:\WINDOWS\system32\uxtheme.dll
0x00007ffd76150000 - 0x00007ffd7868d000 	C:\WINDOWS\SYSTEM32\igdumdim64.dll
0x00007ffdca740000 - 0x00007ffdca802000 	C:\WINDOWS\System32\OLEAUT32.dll
0x00007ffdcb1b0000 - 0x00007ffdcb301000 	C:\WINDOWS\System32\ole32.dll
0x00007ffdcb380000 - 0x00007ffdcb7cb000 	C:\WINDOWS\System32\SETUPAPI.dll
0x00000000615f0000 - 0x0000000061633000 	C:\Program Files\Java\jdk1.8.0_102\jre\bin\glass.dll
0x00007ffdcb0c0000 - 0x00007ffdcb1ad000 	C:\WINDOWS\System32\COMDLG32.dll
0x00007ffdc9050000 - 0x00007ffdc91c3000 	C:\WINDOWS\System32\MSCTF.dll
0x00007ffdc14a0000 - 0x00007ffdc1edf000 	C:\WINDOWS\SYSTEM32\igdusc64.dll
0x00000000615d0000 - 0x00000000615e4000 	C:\Program Files\Java\jdk1.8.0_102\jre\bin\javafx_font.dll
0x00007ffdbb450000 - 0x00007ffdbb76c000 	C:\WINDOWS\SYSTEM32\dwrite.dll
0x00000000615a0000 - 0x00000000615c3000 	C:\Program Files\Java\jdk1.8.0_102\jre\bin\javafx_iio.dll
0x0000000061520000 - 0x0000000061593000 	C:\Program Files\Java\jdk1.8.0_102\jre\bin\glib-lite.dll
0x0000000061480000 - 0x000000006151c000 	C:\Program Files\Java\jdk1.8.0_102\jre\bin\gstreamer-lite.dll
0x00007ffdadc00000 - 0x00007ffdadc8f000 	C:\WINDOWS\SYSTEM32\DSOUND.dll
0x0000000061450000 - 0x0000000061475000 	C:\Program Files\Java\jdk1.8.0_102\jre\bin\jfxmedia.dll
0x00007ffdcaae0000 - 0x00007ffdcab80000 	C:\WINDOWS\System32\clbcatq.dll
0x00007ffdc42a0000 - 0x00007ffdc444e000 	C:\WINDOWS\SYSTEM32\WindowsCodecs.dll
0x00007ffda9f60000 - 0x00007ffda9fb8000 	C:\WINDOWS\system32\dataexchange.dll
0x00007ffdc4e00000 - 0x00007ffdc510b000 	C:\WINDOWS\system32\d3d11.dll
0x00007ffdc5570000 - 0x00007ffdc570c000 	C:\WINDOWS\system32\dcomp.dll
0x00007ffdc6890000 - 0x00007ffdc694b000 	C:\WINDOWS\system32\dxgi.dll
0x00007ffdc63b0000 - 0x00007ffdc6568000 	C:\WINDOWS\system32\twinapi.appcore.dll
0x00007ffdc6150000 - 0x00007ffdc6179000 	C:\WINDOWS\system32\RMCLIENT.dll
0x00007ffdadbc0000 - 0x00007ffdadbf4000 	C:\Program Files\Common Files\Microsoft Shared\Ink\rtscom.dll
0x00007ffdbcf40000 - 0x00007ffdbcfd6000 	C:\WINDOWS\System32\TextInputFramework.dll
0x00007ffdc3df0000 - 0x00007ffdc410e000 	C:\WINDOWS\System32\CoreUIComponents.dll
0x00007ffdc5a90000 - 0x00007ffdc5b6a000 	C:\WINDOWS\System32\CoreMessaging.dll
0x00007ffdc6f60000 - 0x00007ffdc6f91000 	C:\WINDOWS\SYSTEM32\ntmarta.dll
0x00007ffdc3b50000 - 0x00007ffdc3c9d000 	C:\WINDOWS\SYSTEM32\wintypes.dll
0x0000000061430000 - 0x0000000061441000 	C:\Program Files\Java\jdk1.8.0_102\jre\bin\prism_common.dll
0x00007ffdc4640000 - 0x00007ffdc4c07000 	C:\WINDOWS\SYSTEM32\d2d1.dll
0x00007ffd97d50000 - 0x00007ffd984ce000 	C:\WINDOWS\SYSTEM32\D3D10Warp.dll
0x00007ffdc6ae0000 - 0x00007ffdc6ca9000 	C:\WINDOWS\SYSTEM32\dbghelp.dll

VM Arguments:
jvm_args: -javaagent:C:\Program Files\JetBrains\IntelliJ IDEA Community Edition 2018.3.4\lib\idea_rt.jar=50309:C:\Program Files\JetBrains\IntelliJ IDEA Community Edition 2018.3.4\bin -Dfile.encoding=UTF-8 
java_command: ClientFX
java_class_path (initial): C:\Program Files\Java\jdk1.8.0_102\jre\lib\charsets.jar;C:\Program Files\Java\jdk1.8.0_102\jre\lib\deploy.jar;C:\Program Files\Java\jdk1.8.0_102\jre\lib\ext\access-bridge-64.jar;C:\Program Files\Java\jdk1.8.0_102\jre\lib\ext\cldrdata.jar;C:\Program Files\Java\jdk1.8.0_102\jre\lib\ext\dnsns.jar;C:\Program Files\Java\jdk1.8.0_102\jre\lib\ext\jaccess.jar;C:\Program Files\Java\jdk1.8.0_102\jre\lib\ext\jfxrt.jar;C:\Program Files\Java\jdk1.8.0_102\jre\lib\ext\localedata.jar;C:\Program Files\Java\jdk1.8.0_102\jre\lib\ext\nashorn.jar;C:\Program Files\Java\jdk1.8.0_102\jre\lib\ext\sunec.jar;C:\Program Files\Java\jdk1.8.0_102\jre\lib\ext\sunjce_provider.jar;C:\Program Files\Java\jdk1.8.0_102\jre\lib\ext\sunmscapi.jar;C:\Program Files\Java\jdk1.8.0_102\jre\lib\ext\sunpkcs11.jar;C:\Program Files\Java\jdk1.8.0_102\jre\lib\ext\zipfs.jar;C:\Program Files\Java\jdk1.8.0_102\jre\lib\javaws.jar;C:\Program Files\Java\jdk1.8.0_102\jre\lib\jce.jar;C:\Program Files\Java\jdk1.8.0_102\jre\lib\jfr.jar;C:\Program Files\Java\jdk1.8.0_102\jre\lib\jfxswt.jar;C:\Program Files\Java\jdk1.8.0_102\jre\lib\jsse.jar;C:\Program Files\Java\jdk1.8.0_102\jre\lib\management-agent.jar;C:\Program Files\Java\jdk1.8.0_102\jre\lib\plugin.jar;C:\Program Files\Java\jdk1.8.0_102\jre\lib\resources.jar;C:\Program Files\Java\jdk1.8.0_102\jre\lib\rt.jar;C:\Users\Don\Documents\GitHub\Project5\Client\out\production\Client;C:\Program Files\JetBrains\IntelliJ IDEA Community Edition 2018.3.4\lib\idea_rt.jar
Launcher Type: SUN_STANDARD

Environment Variables:
JAVA_HOME=C:\Program Files\Java\jdk1.8.0_172
CLASSPATH=.;
PATH=C:\Python27\;C:\Python27\Scripts;C:\Program Files (x86)\Common Files\Oracle\Java\javapath;C:\ProgramData\Oracle\Java\javapath;C:\Program Files (x86)\Intel\iCLS Client\;C:\Program Files\Intel\iCLS Client\;C:\WINDOWS\system32;C:\WINDOWS;C:\WINDOWS\System32\Wbem;C:\WINDOWS\System32\WindowsPowerShell\v1.0\;C:\Program Files\Hewlett-Packard\SimplePass\;C:\Program Files (x86)\Windows Live\Shared;C:\Program Files\Novell\iPrint;C:\WINDOWS\System32\OpenSSH\;C:\ProgramData\chocolatey\bin;C:\Program Files\Java\jdk1.8.0_172\bin;C:\TDM-GCC-64\bin;C:\Program Files\PuTTY\;C:\Program Files\Intel\Intel(R) Management Engine Components\DAL;C:\Program Files\Intel\Intel(R) Management Engine Components\IPT;C:\Program Files\dotnet\;C:\Program Files\Git\cmd;C:\Program Files\nodejs\;C:\Users\Don\AppData\Local\Microsoft\WindowsApps;C:\Users\Don\AndroidAppData\platform-tools;C:\Users\Don\AppData\Local\Programs\Microsoft VS Code\bin;C:\Users\Don\.dotnet\tools;C:\Program Files (x86)\Java\jdk1.8.0_102\bin;;C:\Users\Don\AppData\Local\Programs\Azure Data Studio\bin;C:\Users\Don\AppData\Roaming\npm
USERNAME=Don
OS=Windows_NT
PROCESSOR_IDENTIFIER=Intel64 Family 6 Model 61 Stepping 4, GenuineIntel



---------------  S Y S T E M  ---------------

OS: Windows 10.0 , 64 bit Build 17134 (10.0.17134.706)

CPU:total 4 (2 cores per cpu, 2 threads per core) family 6 model 61 stepping 4, cmov, cx8, fxsr, mmx, sse, sse2, sse3, ssse3, sse4.1, sse4.2, popcnt, avx, avx2, aes, clmul, erms, 3dnowpref, lzcnt, ht, tsc, tscinvbit, bmi1, bmi2, adx

Memory: 4k page, physical 6211852k(848304k free), swap 11454732k(2707736k free)

vm_info: Java HotSpot(TM) 64-Bit Server VM (25.102-b14) for windows-amd64 JRE (1.8.0_102-b14), built on Jun 22 2016 13:15:21 by "java_re" with MS VC++ 10.0 (VS2010)

time: Sun May 05 12:12:12 2019
elapsed time: 71 seconds (0d 0h 1m 11s)

