#
# A fatal error has been detected by the Java Runtime Environment:
#
#  EXCEPTION_ACCESS_VIOLATION (0xc0000005) at pc=0x000000006204584a, pid=31932, tid=0x0000000000007d48
#
# JRE version: Java(TM) SE Runtime Environment (8.0_102-b14) (build 1.8.0_102-b14)
# Java VM: Java HotSpot(TM) 64-Bit Server VM (25.102-b14 mixed mode windows-amd64 compressed oops)
# Problematic frame:
# C  [glass.dll+0x2584a]
#
# Failed to write core dump. Minidumps are not enabled by default on client versions of Windows
#
# If you would like to submit a bug report, please visit:
#   http://bugreport.java.com/bugreport/crash.jsp
#

---------------  T H R E A D  ---------------

Current thread (0x0000000016cf7800):  VMThread [stack: 0x0000000017d90000,0x0000000017e90000] [id=32072]

siginfo: ExceptionCode=0xc0000005, reading address 0x0000000000000000

Registers:
RAX=0x0000000000000000, RBX=0x0000000018588bc8, RCX=0x0000000016cf7800, RDX=0x0000000018588bc8
RSP=0x0000000017e8f320, RBP=0x0000000001530540, RSI=0x0000000000000001, RDI=0x0000000000000000
R8 =0x0000000000010002, R9 =0x0000000001530540, R10=0x0000000000000000, R11=0x0000000000000246
R12=0x0000000001530570, R13=0x0000000001530540, R14=0x0000000001530550, R15=0x0000000000000000
RIP=0x000000006204584a, EFLAGS=0x0000000000010206

Top of Stack: (sp=0x0000000017e8f320)
0x0000000017e8f320:   0000000000000000 0000000062045900
0x0000000017e8f330:   0000000000000000 00000000620591b0
0x0000000017e8f340:   0000000062045830 0000000062043224
0x0000000017e8f350:   0000000062045a60 00007ffd6c8b25a1
0x0000000017e8f360:   0000000000000000 00007ffd982bc2c4
0x0000000017e8f370:   0000000000000001 0000000062020000
0x0000000017e8f380:   00000000014a1638 00000000620434a6
0x0000000017e8f390:   0000000000000001 0000000003403540
0x0000000017e8f3a0:   0000000000000000 0000000062043384
0x0000000017e8f3b0:   c000000500000001 0000000017e8e490
0x0000000017e8f3c0:   0000000062020000 00007ffdcbb9b583
0x0000000017e8f3d0:   000000007ffe0385 0000000000000000
0x0000000017e8f3e0:   000000007ffe0384 000000007ffe0385
0x0000000017e8f3f0:   000000000000000f 00007ffdcbba813a
0x0000000017e8f400:   00007b8f2ebc5700 00000000014f5520
0x0000000017e8f410:   0000000000000000 0000000000000000 

Instructions: (pc=0x000000006204584a)
0x000000006204582a:   83 c4 20 5d c3 cc 40 53 48 83 ec 20 48 8b 1d cb
0x000000006204583a:   5b 01 00 48 85 db 74 1a e8 19 93 ff ff 48 8b d3
0x000000006204584a:   4c 8b 00 48 8b c8 48 83 c4 20 5b 49 ff a0 b0 00
0x000000006204585a:   00 00 48 83 c4 20 5b c3 cc cc cc cc cc cc cc cc 


Register to memory mapping:

RAX=0x0000000000000000 is an unknown value
RBX=0x0000000018588bc8 is a global jni handle
RCX=0x0000000016cf7800 is an unknown value
RDX=0x0000000018588bc8 is a global jni handle
RSP=0x0000000017e8f320 is an unknown value
RBP=0x0000000001530540 is an unknown value
RSI=0x0000000000000001 is an unknown value
RDI=0x0000000000000000 is an unknown value
R8 =0x0000000000010002 is an unknown value
R9 =0x0000000001530540 is an unknown value
R10=0x0000000000000000 is an unknown value
R11=0x0000000000000246 is an unknown value
R12=0x0000000001530570 is an unknown value
R13=0x0000000001530540 is an unknown value
R14=0x0000000001530550 is an unknown value
R15=0x0000000000000000 is an unknown value


Stack: [0x0000000017d90000,0x0000000017e90000],  sp=0x0000000017e8f320,  free space=1020k
Native frames: (J=compiled Java code, j=interpreted, Vv=VM code, C=native code)
C  [glass.dll+0x2584a]
C  [glass.dll+0x23224]
C  [glass.dll+0x234a6]
C  [ntdll.dll+0x3b583]
C  [ntdll.dll+0x47f85]
C  [ntdll.dll+0x47e48]
C  [KERNEL32.DLL+0x1ca7a]
C  [msvcr100.dll+0x20cb9]
V  [jvm.dll+0x212a05]
V  [jvm.dll+0x24b647]
V  [jvm.dll+0x24a8e6]
V  [jvm.dll+0x24ad81]
V  [jvm.dll+0x24af9e]
V  [jvm.dll+0x29c03a]
C  [msvcr100.dll+0x21d7b]
C  [msvcr100.dll+0x21e17]
C  [KERNEL32.DLL+0x14034]
C  [ntdll.dll+0x73691]

VM_Operation (0x000000001998ab60): Exit, mode: safepoint, requested by thread 0x0000000018dea800


---------------  P R O C E S S  ---------------

Java Threads: ( => current thread )
  0x00000000184b2000 JavaThread "Thread-6" [_thread_blocked, id=25780, stack(0x0000000021bf0000,0x0000000021cf0000)]
  0x00000000184b1800 JavaThread "Thread-4" daemon [_thread_in_native, id=25584, stack(0x0000000021af0000,0x0000000021bf0000)]
  0x0000000019055800 JavaThread "Media Resource Disposer" daemon [_thread_blocked, id=24408, stack(0x000000001fb80000,0x000000001fc80000)]
  0x0000000018e65000 JavaThread "Prism Font Disposer" daemon [_thread_blocked, id=23400, stack(0x000000001f5f0000,0x000000001f6f0000)]
  0x0000000018e3d800 JavaThread "JavaFX-Launcher" [_thread_blocked, id=29712, stack(0x000000001e360000,0x000000001e460000)]
  0x0000000018e4c000 JavaThread "Thread-2" daemon [_thread_in_native, id=28136, stack(0x000000001e260000,0x000000001e360000)]
  0x0000000018dea800 JavaThread "JavaFX Application Thread" [_thread_blocked, id=25564, stack(0x0000000019890000,0x0000000019990000)]
  0x0000000018d9c000 JavaThread "Thread-1" daemon [_thread_blocked, id=14732, stack(0x0000000019790000,0x0000000019890000)]
  0x000000001877e800 JavaThread "QuantumRenderer-0" daemon [_thread_blocked, id=31256, stack(0x0000000019580000,0x0000000019680000)]
  0x000000001841c000 JavaThread "Service Thread" daemon [_thread_blocked, id=32460, stack(0x0000000018b80000,0x0000000018c80000)]
  0x0000000016d7c000 JavaThread "C1 CompilerThread2" daemon [_thread_blocked, id=21836, stack(0x0000000018a80000,0x0000000018b80000)]
  0x0000000016d74000 JavaThread "C2 CompilerThread1" daemon [_thread_blocked, id=32372, stack(0x0000000018980000,0x0000000018a80000)]
  0x00000000183c3800 JavaThread "C2 CompilerThread0" daemon [_thread_blocked, id=31816, stack(0x0000000018880000,0x0000000018980000)]
  0x0000000016d7d800 JavaThread "Monitor Ctrl-Break" daemon [_thread_in_native, id=32608, stack(0x0000000018780000,0x0000000018880000)]
  0x0000000016d39800 JavaThread "Attach Listener" daemon [_thread_blocked, id=30756, stack(0x0000000018280000,0x0000000018380000)]
  0x0000000016d38000 JavaThread "Signal Dispatcher" daemon [_thread_blocked, id=31088, stack(0x0000000018180000,0x0000000018280000)]
  0x0000000016d19000 JavaThread "Finalizer" daemon [_thread_blocked, id=31924, stack(0x0000000017f90000,0x0000000018090000)]
  0x0000000003454000 JavaThread "Reference Handler" daemon [_thread_blocked, id=30456, stack(0x0000000017e90000,0x0000000017f90000)]
  0x0000000003362800 JavaThread "main" [_thread_blocked, id=31772, stack(0x0000000003160000,0x0000000003260000)]

Other Threads:
=>0x0000000016cf7800 VMThread [stack: 0x0000000017d90000,0x0000000017e90000] [id=32072]

VM state:at safepoint (shutting down)

VM Mutex/Monitor currently owned by a thread:  ([mutex/lock_event])
[0x00000000014adbd0] Threads_lock - owner thread: 0x0000000016cf7800

Heap:
 PSYoungGen      total 161792K, used 68999K [0x00000000e0600000, 0x00000000efb80000, 0x0000000100000000)
  eden space 101888K, 24% used [0x00000000e0600000,0x00000000e1eaae08,0x00000000e6980000)
  from space 59904K, 73% used [0x00000000ec100000,0x00000000eebb6e08,0x00000000efb80000)
  to   space 74752K, 0% used [0x00000000e6980000,0x00000000e6980000,0x00000000eb280000)
 ParOldGen       total 292864K, used 177932K [0x00000000a1200000, 0x00000000b3000000, 0x00000000e0600000)
  object space 292864K, 60% used [0x00000000a1200000,0x00000000abfc33e8,0x00000000b3000000)
 Metaspace       used 18686K, capacity 19914K, committed 20096K, reserved 1067008K
  class space    used 2633K, capacity 2895K, committed 2944K, reserved 1048576K

Card table byte_map: [0x0000000012820000,0x0000000012b20000] byte_map_base: 0x0000000012317000

Marking Bits: (ParMarkBitMap*) 0x000000006127a6c0
 Begin Bits: [0x0000000013120000, 0x00000000148d8000)
 End Bits:   [0x00000000148d8000, 0x0000000016090000)

Polling page: 0x00000000014b0000

CodeCache: size=245760Kb used=10204Kb max_used=10396Kb free=235555Kb
 bounds [0x0000000003460000, 0x0000000003ec0000, 0x0000000012460000]
 total_blobs=3967 nmethods=3282 adapters=595
 compilation: enabled

Compilation events (10 events):
Event: 58.577 Thread 0x0000000016d7c000 3579       3       java.security.AccessControlContext::optimize (318 bytes)
Event: 58.582 Thread 0x0000000016d74000 3583  s    4       com.sun.javafx.font.PrismFontFactory::getFontFactory (232 bytes)
Event: 58.584 Thread 0x0000000016d7c000 nmethod 3579 0x0000000003e8c990 code [0x0000000003e8cce0, 0x0000000003e8e838]
Event: 58.585 Thread 0x0000000016d7c000 3582       3       com.sun.javafx.scene.control.skin.LabeledSkinBase::leftLabelPadding (18 bytes)
Event: 58.586 Thread 0x0000000016d7c000 nmethod 3582 0x00000000039f3250 code [0x00000000039f3440, 0x00000000039f3dd8]
Event: 58.586 Thread 0x0000000016d7c000 3580       3       javafx.scene.control.Labeled::alignmentProperty (27 bytes)
Event: 58.587 Thread 0x0000000016d74000 nmethod 3583 0x000000000368cb50 code [0x000000000368cca0, 0x000000000368cef8]
Event: 58.587 Thread 0x0000000016d7c000 nmethod 3580 0x0000000003786550 code [0x00000000037866c0, 0x0000000003786a28]
Event: 58.587 Thread 0x0000000016d7c000 3581       3       javafx.scene.layout.VBox::isFillWidth (19 bytes)
Event: 58.588 Thread 0x0000000016d7c000 nmethod 3581 0x000000000376e710 code [0x000000000376e880, 0x000000000376ec48]

GC Heap History (10 events):
Event: 3.183 GC heap before
{Heap before GC invocations=7 (full 2):
 PSYoungGen      total 53248K, used 4017K [0x00000000e0600000, 0x00000000e9980000, 0x0000000100000000)
  eden space 49152K, 0% used [0x00000000e0600000,0x00000000e0600000,0x00000000e3600000)
  from space 4096K, 98% used [0x00000000e3600000,0x00000000e39ec5d0,0x00000000e3a00000)
  to   space 32768K, 0% used [0x00000000e7980000,0x00000000e7980000,0x00000000e9980000)
 ParOldGen       total 114688K, used 90716K [0x00000000a1200000, 0x00000000a8200000, 0x00000000e0600000)
  object space 114688K, 79% used [0x00000000a1200000,0x00000000a6a970d0,0x00000000a8200000)
 Metaspace       used 12699K, capacity 13348K, committed 13568K, reserved 1060864K
  class space    used 1772K, capacity 1928K, committed 2048K, reserved 1048576K
Event: 3.226 GC heap after
Heap after GC invocations=7 (full 2):
 PSYoungGen      total 53248K, used 0K [0x00000000e0600000, 0x00000000e9980000, 0x0000000100000000)
  eden space 49152K, 0% used [0x00000000e0600000,0x00000000e0600000,0x00000000e3600000)
  from space 4096K, 0% used [0x00000000e3600000,0x00000000e3600000,0x00000000e3a00000)
  to   space 32768K, 0% used [0x00000000e7980000,0x00000000e7980000,0x00000000e9980000)
 ParOldGen       total 179712K, used 92124K [0x00000000a1200000, 0x00000000ac180000, 0x00000000e0600000)
  object space 179712K, 51% used [0x00000000a1200000,0x00000000a6bf70f8,0x00000000ac180000)
 Metaspace       used 12699K, capacity 13348K, committed 13568K, reserved 1060864K
  class space    used 1772K, capacity 1928K, committed 2048K, reserved 1048576K
}
Event: 3.601 GC heap before
{Heap before GC invocations=8 (full 2):
 PSYoungGen      total 53248K, used 49152K [0x00000000e0600000, 0x00000000e9980000, 0x0000000100000000)
  eden space 49152K, 100% used [0x00000000e0600000,0x00000000e3600000,0x00000000e3600000)
  from space 4096K, 0% used [0x00000000e3600000,0x00000000e3600000,0x00000000e3a00000)
  to   space 32768K, 0% used [0x00000000e7980000,0x00000000e7980000,0x00000000e9980000)
 ParOldGen       total 179712K, used 92124K [0x00000000a1200000, 0x00000000ac180000, 0x00000000e0600000)
  object space 179712K, 51% used [0x00000000a1200000,0x00000000a6bf70f8,0x00000000ac180000)
 Metaspace       used 12718K, capacity 13348K, committed 13568K, reserved 1060864K
  class space    used 1773K, capacity 1928K, committed 2048K, reserved 1048576K
Event: 3.619 GC heap after
Heap after GC invocations=8 (full 2):
 PSYoungGen      total 105472K, used 32647K [0x00000000e0600000, 0x00000000e9c00000, 0x0000000100000000)
  eden space 72704K, 0% used [0x00000000e0600000,0x00000000e0600000,0x00000000e4d00000)
  from space 32768K, 99% used [0x00000000e7980000,0x00000000e9961fd0,0x00000000e9980000)
  to   space 40448K, 0% used [0x00000000e4d00000,0x00000000e4d00000,0x00000000e7480000)
 ParOldGen       total 179712K, used 98770K [0x00000000a1200000, 0x00000000ac180000, 0x00000000e0600000)
  object space 179712K, 54% used [0x00000000a1200000,0x00000000a7274af8,0x00000000ac180000)
 Metaspace       used 12718K, capacity 13348K, committed 13568K, reserved 1060864K
  class space    used 1773K, capacity 1928K, committed 2048K, reserved 1048576K
}
Event: 3.990 GC heap before
{Heap before GC invocations=9 (full 2):
 PSYoungGen      total 105472K, used 105351K [0x00000000e0600000, 0x00000000e9c00000, 0x0000000100000000)
  eden space 72704K, 100% used [0x00000000e0600000,0x00000000e4d00000,0x00000000e4d00000)
  from space 32768K, 99% used [0x00000000e7980000,0x00000000e9961fd0,0x00000000e9980000)
  to   space 40448K, 0% used [0x00000000e4d00000,0x00000000e4d00000,0x00000000e7480000)
 ParOldGen       total 179712K, used 98770K [0x00000000a1200000, 0x00000000ac180000, 0x00000000e0600000)
  object space 179712K, 54% used [0x00000000a1200000,0x00000000a7274af8,0x00000000ac180000)
 Metaspace       used 12761K, capacity 13360K, committed 13568K, reserved 1060864K
  class space    used 1774K, capacity 1930K, committed 2048K, reserved 1048576K
Event: 4.115 GC heap after
Heap after GC invocations=9 (full 2):
 PSYoungGen      total 113152K, used 40441K [0x00000000e0600000, 0x00000000f0800000, 0x0000000100000000)
  eden space 72704K, 0% used [0x00000000e0600000,0x00000000e0600000,0x00000000e4d00000)
  from space 40448K, 99% used [0x00000000e4d00000,0x00000000e747e7d0,0x00000000e7480000)
  to   space 72704K, 0% used [0x00000000ec100000,0x00000000ec100000,0x00000000f0800000)
 ParOldGen       total 179712K, used 146234K [0x00000000a1200000, 0x00000000ac180000, 0x00000000e0600000)
  object space 179712K, 81% used [0x00000000a1200000,0x00000000aa0ceba0,0x00000000ac180000)
 Metaspace       used 12761K, capacity 13360K, committed 13568K, reserved 1060864K
  class space    used 1774K, capacity 1930K, committed 2048K, reserved 1048576K
}
Event: 4.115 GC heap before
{Heap before GC invocations=10 (full 3):
 PSYoungGen      total 113152K, used 40441K [0x00000000e0600000, 0x00000000f0800000, 0x0000000100000000)
  eden space 72704K, 0% used [0x00000000e0600000,0x00000000e0600000,0x00000000e4d00000)
  from space 40448K, 99% used [0x00000000e4d00000,0x00000000e747e7d0,0x00000000e7480000)
  to   space 72704K, 0% used [0x00000000ec100000,0x00000000ec100000,0x00000000f0800000)
 ParOldGen       total 179712K, used 146234K [0x00000000a1200000, 0x00000000ac180000, 0x00000000e0600000)
  object space 179712K, 81% used [0x00000000a1200000,0x00000000aa0ceba0,0x00000000ac180000)
 Metaspace       used 12761K, capacity 13360K, committed 13568K, reserved 1060864K
  class space    used 1774K, capacity 1930K, committed 2048K, reserved 1048576K
Event: 4.377 GC heap after
Heap after GC invocations=10 (full 3):
 PSYoungGen      total 113152K, used 5601K [0x00000000e0600000, 0x00000000f0800000, 0x0000000100000000)
  eden space 72704K, 0% used [0x00000000e0600000,0x00000000e0600000,0x00000000e4d00000)
  from space 40448K, 13% used [0x00000000e4d00000,0x00000000e5278738,0x00000000e7480000)
  to   space 72704K, 0% used [0x00000000ec100000,0x00000000ec100000,0x00000000f0800000)
 ParOldGen       total 292864K, used 177924K [0x00000000a1200000, 0x00000000b3000000, 0x00000000e0600000)
  object space 292864K, 60% used [0x00000000a1200000,0x00000000abfc13e8,0x00000000b3000000)
 Metaspace       used 12761K, capacity 13360K, committed 13568K, reserved 1060864K
  class space    used 1774K, capacity 1930K, committed 2048K, reserved 1048576K
}
Event: 38.730 GC heap before
{Heap before GC invocations=11 (full 3):
 PSYoungGen      total 113152K, used 76626K [0x00000000e0600000, 0x00000000f0800000, 0x0000000100000000)
  eden space 72704K, 97% used [0x00000000e0600000,0x00000000e4b5c298,0x00000000e4d00000)
  from space 40448K, 13% used [0x00000000e4d00000,0x00000000e5278738,0x00000000e7480000)
  to   space 72704K, 0% used [0x00000000ec100000,0x00000000ec100000,0x00000000f0800000)
 ParOldGen       total 292864K, used 177924K [0x00000000a1200000, 0x00000000b3000000, 0x00000000e0600000)
  object space 292864K, 60% used [0x00000000a1200000,0x00000000abfc13e8,0x00000000b3000000)
 Metaspace       used 18590K, capacity 19810K, committed 20096K, reserved 1067008K
  class space    used 2625K, capacity 2889K, committed 2944K, reserved 1048576K
Event: 38.821 GC heap after
Heap after GC invocations=11 (full 3):
 PSYoungGen      total 161792K, used 43739K [0x00000000e0600000, 0x00000000efb80000, 0x0000000100000000)
  eden space 101888K, 0% used [0x00000000e0600000,0x00000000e0600000,0x00000000e6980000)
  from space 59904K, 73% used [0x00000000ec100000,0x00000000eebb6e08,0x00000000efb80000)
  to   space 74752K, 0% used [0x00000000e6980000,0x00000000e6980000,0x00000000eb280000)
 ParOldGen       total 292864K, used 177932K [0x00000000a1200000, 0x00000000b3000000, 0x00000000e0600000)
  object space 292864K, 60% used [0x00000000a1200000,0x00000000abfc33e8,0x00000000b3000000)
 Metaspace       used 18590K, capacity 19810K, committed 20096K, reserved 1067008K
  class space    used 2625K, capacity 2889K, committed 2944K, reserved 1048576K
}

Deoptimization events (10 events):
Event: 34.369 Thread 0x000000001877e800 Uncommon trap: reason=null_check action=make_not_entrant pc=0x0000000003bb6bb4 method=com.sun.prism.impl.GlyphCache.getCachedGlyph(II)Lcom/sun/prism/impl/GlyphCache$GlyphData; @ 28
Event: 36.161 Thread 0x0000000018dea800 Uncommon trap: reason=array_check action=maybe_recompile pc=0x0000000003e334fc method=com.sun.javafx.css.CompoundSelector.applies(Ljavafx/css/Styleable;[Ljava/util/Set;I)Z @ 128
Event: 36.161 Thread 0x0000000018dea800 Uncommon trap: reason=array_check action=maybe_recompile pc=0x0000000003e334fc method=com.sun.javafx.css.CompoundSelector.applies(Ljavafx/css/Styleable;[Ljava/util/Set;I)Z @ 128
Event: 36.161 Thread 0x0000000018dea800 Uncommon trap: reason=array_check action=maybe_recompile pc=0x0000000003e334fc method=com.sun.javafx.css.CompoundSelector.applies(Ljavafx/css/Styleable;[Ljava/util/Set;I)Z @ 128
Event: 36.162 Thread 0x0000000018dea800 Uncommon trap: reason=array_check action=maybe_recompile pc=0x0000000003e334fc method=com.sun.javafx.css.CompoundSelector.applies(Ljavafx/css/Styleable;[Ljava/util/Set;I)Z @ 128
Event: 38.969 Thread 0x0000000018dea800 Uncommon trap: reason=unstable_if action=reinterpret pc=0x0000000003ca8934 method=java.util.WeakHashMap.expungeStaleEntries()V @ 9
Event: 39.008 Thread 0x000000001877e800 Uncommon trap: reason=unstable_if action=reinterpret pc=0x0000000003ddeaf0 method=com.sun.prism.impl.ManagedResource._isgone(Lcom/sun/prism/impl/ManagedResource;)Z @ 1
Event: 44.112 Thread 0x0000000018dea800 Uncommon trap: reason=unstable_if action=reinterpret pc=0x0000000003ccd91c method=java.lang.StrictMath.floorOrCeil(DDDD)D @ 38
Event: 58.714 Thread 0x00000000184ad000 Uncommon trap: reason=unstable_if action=reinterpret pc=0x0000000003e6e708 method=java.util.concurrent.locks.ReentrantLock$NonfairSync.lock()V @ 6
Event: 58.714 Thread 0x00000000184ad000 Uncommon trap: reason=unstable_if action=reinterpret pc=0x0000000003dea800 method=java.util.concurrent.locks.ReentrantLock$Sync.tryRelease(I)Z @ 28

Internal exceptions (10 events):
Event: 0.420 Thread 0x0000000003362800 Implicit null exception at 0x0000000003581e55 to 0x0000000003582021
Event: 0.925 Thread 0x0000000018dea800 Exception <a 'java/lang/NullPointerException'> (0x00000000e1641a20) thrown at [C:\re\workspace\8-2-build-windows-amd64-cygwin\jdk8u102\7268\hotspot\src\share\vm\interpreter\linkResolver.cpp, line 1178]
Event: 0.925 Thread 0x0000000018dea800 Exception <a 'java/lang/NullPointerException'> (0x00000000e1641a20) thrown at [C:\re\workspace\8-2-build-windows-amd64-cygwin\jdk8u102\7268\hotspot\src\share\vm\prims\jvm.cpp, line 1390]
Event: 2.503 Thread 0x0000000018dea800 Exception <a 'java/lang/UnsatisfiedLinkError': com.sun.media.jfxmediaimpl.NativeAudioClip.nacInit()Z> (0x00000000e178b3c8) thrown at [C:\re\workspace\8-2-build-windows-amd64-cygwin\jdk8u102\7268\hotspot\src\share\vm\prims\nativeLookup.cpp, line 378]
Event: 2.504 Thread 0x0000000018dea800 Exception <a 'java/lang/UnsatisfiedLinkError': com.sun.media.jfxmedia.logging.Logger.nativeSetNativeLevel(I)V> (0x00000000e178fac8) thrown at [C:\re\workspace\8-2-build-windows-amd64-cygwin\jdk8u102\7268\hotspot\src\share\vm\prims\nativeLookup.cpp, line 37³‹üy<@
Event: 2.530 Thread 0x0000000018dea800 Implicit null exception at 0x0000000003703e56 to 0x00000000037041f9
Event: 2.530 Thread 0x0000000018dea800 Implicit null exception at 0x0000000003685a96 to 0x0000000003685e41
Event: 10.367 Thread 0x0000000018dea800 Implicit null exception at 0x00000000037738ce to 0x0000000003774a39
Event: 39.008 Thread 0x000000001877e800 Implicit null exception at 0x0000000003ddea6c to 0x0000000003ddeae1
Event: 58.714 Thread 0x00000000184ad000 Exception <a 'java/lang/IllegalStateException'> (0x00000000e1e321d8) thrown at [C:\re\workspace\8-2-build-windows-amd64-cygwin\jdk8u102\7268\hotspot\src\share\vm\prims\jvm.cpp, line 1390]

Events (10 events):
Event: 58.714 Thread 0x00000000184ad000 DEOPT PACKING pc=0x0000000003e6e708 sp=0x00000000256be310
Event: 58.714 Thread 0x00000000184ad000 DEOPT UNPACKING pc=0x00000000034a582a sp=0x00000000256be2b0 mode 2
Event: 58.714 Thread 0x00000000184ad000 Uncommon trap: trap_request=0xffffff65 fr.pc=0x0000000003dea800
Event: 58.714 Thread 0x00000000184ad000 DEOPT PACKING pc=0x0000000003dea800 sp=0x00000000256be300
Event: 58.714 Thread 0x00000000184ad000 DEOPT UNPACKING pc=0x00000000034a582a sp=0x00000000256be288 mode 2
Event: 58.714 loading class com/sun/javafx/tk/quantum/QuantumToolkit
Event: 58.714 loading class com/sun/javafx/tk/quantum/QuantumToolkit done
Event: 58.714 loading class java/util/LinkedList$ListItr
Event: 58.714 Thread 0x00000000184ad000 Thread exited: 0x00000000184ad000
Event: 58.714 Executing VM operation: Exit


Dynamic libraries:
0x00007ff72c5a0000 - 0x00007ff72c5d7000 	C:\Program Files\Java\jdk1.8.0_102\bin\java.exe
0x00007ffdcbb60000 - 0x00007ffdcbd41000 	C:\WINDOWS\SYSTEM32\ntdll.dll
0x00007ffdcaf80000 - 0x00007ffdcb031000 	C:\WINDOWS\System32\KERNEL32.DLL
0x00007ffdc7fb0000 - 0x00007ffdc8223000 	C:\WINDOWS\System32\KERNELBASE.dll
0x0000000063bd0000 - 0x0000000063c65000 	C:\WINDOWS\System32\SYSFER.DLL
0x00007ffdcae20000 - 0x00007ffdcaec1000 	C:\WINDOWS\System32\ADVAPI32.dll
0x00007ffdca810000 - 0x00007ffdca8ae000 	C:\WINDOWS\System32\msvcrt.dll
0x00007ffdcab80000 - 0x00007ffdcabdb000 	C:\WINDOWS\System32\sechost.dll
0x00007ffdca610000 - 0x00007ffdca734000 	C:\WINDOWS\System32\RPCRT4.dll
0x00007ffdcac90000 - 0x00007ffdcae20000 	C:\WINDOWS\System32\USER32.dll
0x00007ffdc7f30000 - 0x00007ffdc7f50000 	C:\WINDOWS\System32\win32u.dll
0x00007ffdcaf50000 - 0x00007ffdcaf78000 	C:\WINDOWS\System32\GDI32.dll
0x00007ffdc8c60000 - 0x00007ffdc8df2000 	C:\WINDOWS\System32\gdi32full.dll
0x00007ffdc8e00000 - 0x00007ffdc8e9f000 	C:\WINDOWS\System32\msvcp_win.dll
0x00007ffdc8ef0000 - 0x00007ffdc8fe8000 	C:\WINDOWS\System32\ucrtbase.dll
0x00007ffdbf820000 - 0x00007ffdbfa89000 	C:\WINDOWS\WinSxS\amd64_microsoft.windows.common-controls_6595b64144ccf1df_6.0.17134.706_none_fb43a2cb30647007\COMCTL32.dll
0x00007ffdcb7d0000 - 0x00007ffdcbaf2000 	C:\WINDOWS\System32\combase.dll
0x00007ffdc82e0000 - 0x00007ffdc835a000 	C:\WINDOWS\System32\bcryptPrimitives.dll
0x00007ffdcbb00000 - 0x00007ffdcbb2d000 	C:\WINDOWS\System32\IMM32.DLL
0x0000000061e40000 - 0x0000000061f11000 	C:\Program Files\Java\jdk1.8.0_102\jre\bin\msvcr100.dll
0x0000000060a60000 - 0x00000000612fa000 	C:\Program Files\Java\jdk1.8.0_102\jre\bin\server\jvm.dll
0x00007ffdca8b0000 - 0x00007ffdca8b8000 	C:\WINDOWS\System32\PSAPI.DLL
0x00007ffdc6d60000 - 0x00007ffdc6d69000 	C:\WINDOWS\SYSTEM32\WSOCK32.dll
0x00007ffdcaee0000 - 0x00007ffdcaf4c000 	C:\WINDOWS\System32\WS2_32.dll
0x00007ffdc5e20000 - 0x00007ffdc5e43000 	C:\WINDOWS\SYSTEM32\WINMM.dll
0x00007ffdb9020000 - 0x00007ffdb902a000 	C:\WINDOWS\SYSTEM32\VERSION.dll
0x00007ffdc5df0000 - 0x00007ffdc5e1a000 	C:\WINDOWS\SYSTEM32\WINMMBASE.dll
0x00007ffdc8ea0000 - 0x00007ffdc8ee9000 	C:\WINDOWS\System32\cfgmgr32.dll
0x0000000061e30000 - 0x0000000061e3f000 	C:\Program Files\Java\jdk1.8.0_102\jre\bin\verify.dll
0x0000000061e00000 - 0x0000000061e29000 	C:\Program Files\Java\jdk1.8.0_102\jre\bin\java.dll
0x00000000620a0000 - 0x00000000620c3000 	C:\Program Files\Java\jdk1.8.0_102\jre\bin\instrument.dll
0x0000000061de0000 - 0x0000000061df6000 	C:\Program Files\Java\jdk1.8.0_102\jre\bin\zip.dll
0x00007ffdc91d0000 - 0x00007ffdca610000 	C:\WINDOWS\System32\SHELL32.dll
0x00007ffdcabe0000 - 0x00007ffdcac89000 	C:\WINDOWS\System32\shcore.dll
0x00007ffdc8360000 - 0x00007ffdc8a6d000 	C:\WINDOWS\System32\windows.storage.dll
0x00007ffdc8ff0000 - 0x00007ffdc9041000 	C:\WINDOWS\System32\shlwapi.dll
0x00007ffdc7ea0000 - 0x00007ffdc7eb1000 	C:\WINDOWS\System32\kernel.appcore.dll
0x00007ffdc7f10000 - 0x00007ffdc7f2f000 	C:\WINDOWS\System32\profapi.dll
0x00007ffdc7ec0000 - 0x00007ffdc7f0c000 	C:\WINDOWS\System32\powrprof.dll
0x00007ffdc7e70000 - 0x00007ffdc7e7a000 	C:\WINDOWS\System32\FLTLIB.DLL
0x00007ffdabc60000 - 0x00007ffdabc7a000 	C:\Program Files\JetBrains\IntelliJ IDEA Community Edition 2018.3.4\bin\breakgen64.dll
0x0000000061dc0000 - 0x0000000061dda000 	C:\Program Files\Java\jdk1.8.0_102\jre\bin\net.dll
0x00007ffdc7690000 - 0x00007ffdc76f6000 	C:\WINDOWS\system32\mswsock.dll
0x00007ffd9cff0000 - 0x00007ffd9d0df000 	C:\Program Files\Java\jdk1.8.0_102\jre\bin\msvcr120.dll
0x00007ffd9f150000 - 0x00007ffd9f1f6000 	C:\Program Files\Java\jdk1.8.0_102\jre\bin\msvcp120.dll
0x0000000062070000 - 0x0000000062092000 	C:\Program Files\Java\jdk1.8.0_102\jre\bin\prism_d3d.dll
0x00007ffda5150000 - 0x00007ffda52e7000 	C:\WINDOWS\system32\d3d9.dll
0x00007ffdc62d0000 - 0x00007ffdc62f9000 	C:\WINDOWS\SYSTEM32\dwmapi.dll
0x00007ffdc61b0000 - 0x00007ffdc6248000 	C:\WINDOWS\system32\uxtheme.dll
0x00007ffd69260000 - 0x00007ffd6b79d000 	C:\WINDOWS\SYSTEM32\igdumdim64.dll
0x00007ffdca740000 - 0x00007ffdca802000 	C:\WINDOWS\System32\OLEAUT32.dll
0x00007ffdcb1b0000 - 0x00007ffdcb301000 	C:\WINDOWS\System32\ole32.dll
0x00007ffdcb380000 - 0x00007ffdcb7cb000 	C:\WINDOWS\System32\SETUPAPI.dll
0x0000000062020000 - 0x0000000062063000 	C:\Program Files\Java\jdk1.8.0_102\jre\bin\glass.dll
0x00007ffdcb0c0000 - 0x00007ffdcb1ad000 	C:\WINDOWS\System32\COMDLG32.dll
0x00007ffdc9050000 - 0x00007ffdc91c3000 	C:\WINDOWS\System32\MSCTF.dll
0x00007ffdc14a0000 - 0x00007ffdc1edf000 	C:\WINDOWS\SYSTEM32\igdusc64.dll
0x0000000062000000 - 0x0000000062014000 	C:\Program Files\Java\jdk1.8.0_102\jre\bin\javafx_font.dll
0x00007ffdbb450000 - 0x00007ffdbb76c000 	C:\WINDOWS\SYSTEM32\dwrite.dll
0x0000000061fd0000 - 0x0000000061ff3000 	C:\Program Files\Java\jdk1.8.0_102\jre\bin\javafx_iio.dll
0x0000000061f50000 - 0x0000000061fc3000 	C:\Program Files\Java\jdk1.8.0_102\jre\bin\glib-lite.dll
0x0000000061cf0000 - 0x0000000061d8c000 	C:\Program Files\Java\jdk1.8.0_102\jre\bin\gstreamer-lite.dll
0x00007ffda8c50000 - 0x00007ffda8cdf000 	C:\WINDOWS\SYSTEM32\DSOUND.dll
0x0000000061f20000 - 0x0000000061f45000 	C:\Program Files\Java\jdk1.8.0_102\jre\bin\jfxmedia.dll
0x00007ffdcaae0000 - 0x00007ffdcab80000 	C:\WINDOWS\System32\clbcatq.dll
0x00007ffdc42a0000 - 0x00007ffdc444e000 	C:\WINDOWS\SYSTEM32\WindowsCodecs.dll
0x00007ffda9f60000 - 0x00007ffda9fb8000 	C:\WINDOWS\system32\dataexchange.dll
0x00007ffdc4e00000 - 0x00007ffdc510b000 	C:\WINDOWS\system32\d3d11.dll
0x00007ffdc5570000 - 0x00007ffdc570c000 	C:\WINDOWS\system32\dcomp.dll
0x00007ffdc6890000 - 0x00007ffdc694b000 	C:\WINDOWS\system32\dxgi.dll
0x00007ffdc63b0000 - 0x00007ffdc6568000 	C:\WINDOWS\system32\twinapi.appcore.dll
0x00007ffdc6150000 - 0x00007ffdc6179000 	C:\WINDOWS\system32\RMCLIENT.dll
0x00007ffdac050000 - 0x00007ffdac084000 	C:\Program Files\Common Files\Microsoft Shared\Ink\rtscom.dll
0x0000000061cd0000 - 0x0000000061ce1000 	C:\Program Files\Java\jdk1.8.0_102\jre\bin\prism_common.dll
0x00007ffdc4640000 - 0x00007ffdc4c07000 	C:\WINDOWS\SYSTEM32\d2d1.dll
0x00007ffd97d50000 - 0x00007ffd984ce000 	C:\WINDOWS\SYSTEM32\D3D10Warp.dll
0x00007ffdbcf40000 - 0x00007ffdbcfd6000 	C:\WINDOWS\System32\TextInputFramework.dll
0x00007ffdc3df0000 - 0x00007ffdc410e000 	C:\WINDOWS\System32\CoreUIComponents.dll
0x00007ffdc5a90000 - 0x00007ffdc5b6a000 	C:\WINDOWS\System32\CoreMessaging.dll
0x00007ffdc6f60000 - 0x00007ffdc6f91000 	C:\WINDOWS\SYSTEM32\ntmarta.dll
0x00007ffdc3b50000 - 0x00007ffdc3c9d000 	C:\WINDOWS\SYSTEM32\wintypes.dll
0x00007ffdc6ae0000 - 0x00007ffdc6ca9000 	C:\WINDOWS\SYSTEM32\dbghelp.dll

VM Arguments:
jvm_args: -javaagent:C:\Program Files\JetBrains\IntelliJ IDEA Community Edition 2018.3.4\lib\idea_rt.jar=51586:C:\Program Files\JetBrains\IntelliJ IDEA Community Edition 2018.3.4\bin -Dfile.encoding=UTF-8 
java_command: ClientFX
java_class_path (initial): C:\Program Files\Java\jdk1.8.0_102\jre\lib\charsets.jar;C:\Program Files\Java\jdk1.8.0_102\jre\lib\deploy.jar;C:\Program Files\Java\jdk1.8.0_102\jre\lib\ext\access-bridge-64.jar;C:\Program Files\Java\jdk1.8.0_102\jre\lib\ext\cldrdata.jar;C:\Program Files\Java\jdk1.8.0_102\jre\lib\ext\dnsns.jar;C:\Program Files\Java\jdk1.8.0_102\jre\lib\ext\jaccess.jar;C:\Program Files\Java\jdk1.8.0_102\jre\lib\ext\jfxrt.jar;C:\Program Files\Java\jdk1.8.0_102\jre\lib\ext\localedata.jar;C:\Program Files\Java\jdk1.8.0_102\jre\lib\ext\nashorn.jar;C:\Program Files\Java\jdk1.8.0_102\jre\lib\ext\sunec.jar;C:\Program Files\Java\jdk1.8.0_102\jre\lib\ext\sunjce_provider.jar;C:\Program Files\Java\jdk1.8.0_102\jre\lib\ext\sunmscapi.jar;C:\Program Files\Java\jdk1.8.0_102\jre\lib\ext\sunpkcs11.jar;C:\Program Files\Java\jdk1.8.0_102\jre\lib\ext\zipfs.jar;C:\Program Files\Java\jdk1.8.0_102\jre\lib\javaws.jar;C:\Program Files\Java\jdk1.8.0_102\jre\lib\jce.jar;C:\Program Files\Java\jdk1.8.0_102\jre\lib\jfr.jar;C:\Program Files\Java\jdk1.8.0_102\jre\lib\jfxswt.jar;C:\Program Files\Java\jdk1.8.0_102\jre\lib\jsse.jar;C:\Program Files\Java\jdk1.8.0_102\jre\lib\management-agent.jar;C:\Program Files\Java\jdk1.8.0_102\jre\lib\plugin.jar;C:\Program Files\Java\jdk1.8.0_102\jre\lib\resources.jar;C:\Program Files\Java\jdk1.8.0_102\jre\lib\rt.jar;C:\Users\Don\Documents\GitHub\Project5\Client\out\production\Client;C:\Program Files\JetBrains\IntelliJ IDEA Community Edition 2018.3.4\lib\idea_rt.jar
Launcher Type: SUN_STANDARD

Environment Variables:
JAVA_HOME=C:\Program Files\Java\jdk1.8.0_172
CLASSPATH=.;
PATH=C:\Python27\;C:\Python27\Scripts;C:\Program Files (x86)\Common Files\Oracle\Java\javapath;C:\ProgramData\Oracle\Java\javapath;C:\Program Files (x86)\Intel\iCLS Client\;C:\Program Files\Intel\iCLS Client\;C:\WINDOWS\system32;C:\WINDOWS;C:\WINDOWS\System32\Wbem;C:\WINDOWS\System32\WindowsPowerShell\v1.0\;C:\Program Files\Hewlett-Packard\SimplePass\;C:\Program Files (x86)\Windows Live\Shared;C:\Program Files\Novell\iPrint;C:\WINDOWS\System32\OpenSSH\;C:\ProgramData\chocolatey\bin;C:\Program Files\Java\jdk1.8.0_172\bin;C:\TDM-GCC-64\bin;C:\Program Files\PuTTY\;C:\Program Files\Intel\Intel(R) Management Engine Components\DAL;C:\Program Files\Intel\Intel(R) Management Engine Components\IPT;C:\Program Files\dotnet\;C:\Program Files\Git\cmd;C:\Program Files\nodejs\;C:\Users\Don\AppData\Local\Microsoft\WindowsApps;C:\Users\Don\AndroidAppData\platform-tools;C:\Users\Don\AppData\Local\Programs\Microsoft VS Code\bin;C:\Users\Don\.dotnet\tools;C:\Program Files (x86)\Java\jdk1.8.0_102\bin;;C:\Users\Don\AppData\Local\Programs\Azure Data Studio\bin;C:\Users\Don\AppData\Roaming\npm
USERNAME=Don
OS=Windows_NT
PROCESSOR_IDENTIFIER=Intel64 Family 6 Model 61 Stepping 4, GenuineIntel



---------------  S Y S T E M  ---------------

OS: Windows 10.0 , 64 bit Build 17134 (10.0.17134.706)

CPU:total 4 (2 cores per cpu, 2 threads per core) family 6 model 61 stepping 4, cmov, cx8, fxsr, mmx, sse, sse2, sse3, ssse3, sse4.1, sse4.2, popcnt, avx, avx2, aes, clmul, erms, 3dnowpref, lzcnt, ht, tsc, tscinvbit, bmi1, bmi2, adx

Memory: 4k page, physical 6211852k(375916k free), swap 11454732k(1505656k free)

vm_info: Java HotSpot(TM) 64-Bit Server VM (25.102-b14) for windows-amd64 JRE (1.8.0_102-b14), built on Jun 22 2016 13:15:21 by "java_re" with MS VC++ 10.0 (VS2010)

time: Sun May 05 16:10:56 2019
elapsed time: 59 seconds (0d 0h 0m 59s)

