#
# A fatal error has been detected by the Java Runtime Environment:
#
#  EXCEPTION_ACCESS_VIOLATION (0xc0000005) at pc=0x00000000746c584a, pid=36940, tid=0x000000000000a7f0
#
# JRE version: Java(TM) SE Runtime Environment (8.0_102-b14) (build 1.8.0_102-b14)
# Java VM: Java HotSpot(TM) 64-Bit Server VM (25.102-b14 mixed mode windows-amd64 compressed oops)
# Problematic frame:
# C  [glass.dll+0x2584a]
#
# Failed to write core dump. Minidumps are not enabled by default on client versions of Windows
#
# If you would like to submit a bug report, please visit:
#   http://bugreport.java.com/bugreport/crash.jsp
#

---------------  T H R E A D  ---------------

Current thread (0x00000000165a7000):  VMThread [stack: 0x0000000017630000,0x0000000017730000] [id=42992]

siginfo: ExceptionCode=0xc0000005, reading address 0x0000000000000000

Registers:
RAX=0x0000000000000000, RBX=0x0000000002cde2b0, RCX=0x00000000165a7000, RDX=0x0000000002cde2b0
RSP=0x000000001772f1f0, RBP=0x0000000000ac3e60, RSI=0x0000000000000001, RDI=0x0000000000000000
R8 =0x0000000000010002, R9 =0x0000000000ac3e60, R10=0x0000000000000000, R11=0x0000000000000246
R12=0x0000000000ac3e90, R13=0x0000000000ac3e60, R14=0x0000000000ac3e70, R15=0x0000000000000000
RIP=0x00000000746c584a, EFLAGS=0x0000000000010206

Top of Stack: (sp=0x000000001772f1f0)
0x000000001772f1f0:   0000000000000000 00000000746c5900
0x000000001772f200:   0000000000000000 00000000746d91b0
0x000000001772f210:   00000000746c5830 00000000746c3224
0x000000001772f220:   00000000746c5a60 00007ffca2d35cf2
0x000000001772f230:   0000000000000000 00007ffcbadc71a4
0x000000001772f240:   0000000000000001 00000000746a0000
0x000000001772f250:   0000000002a11638 00000000746c34a6
0x000000001772f260:   0000000000000001 00000000164b5400
0x000000001772f270:   0000000000000000 00000000746c3384
0x000000001772f280:   c000000500000001 000000001772e350
0x000000001772f290:   00000000746a0000 00007ffcbf9fb583
0x000000001772f2a0:   000000007ffe0385 0000000000000000
0x000000001772f2b0:   000000007ffe0384 000000007ffe0385
0x000000001772f2c0:   000000000000000f 00007ffcbfa0813a
0x000000001772f2d0:   000060f99148ff00 0000000000a854a0
0x000000001772f2e0:   0000000000000000 0000000000000000 

Instructions: (pc=0x00000000746c584a)
0x00000000746c582a:   83 c4 20 5d c3 cc 40 53 48 83 ec 20 48 8b 1d cb
0x00000000746c583a:   5b 01 00 48 85 db 74 1a e8 19 93 ff ff 48 8b d3
0x00000000746c584a:   4c 8b 00 48 8b c8 48 83 c4 20 5b 49 ff a0 b0 00
0x00000000746c585a:   00 00 48 83 c4 20 5b c3 cc cc cc cc cc cc cc cc 


Register to memory mapping:

RAX=0x0000000000000000 is an unknown value
RBX=0x0000000002cde2b0 is a global jni handle
RCX=0x00000000165a7000 is an unknown value
RDX=0x0000000002cde2b0 is a global jni handle
RSP=0x000000001772f1f0 is an unknown value
RBP=0x0000000000ac3e60 is an unknown value
RSI=0x0000000000000001 is an unknown value
RDI=0x0000000000000000 is an unknown value
R8 =0x0000000000010002 is an unknown value
R9 =0x0000000000ac3e60 is an unknown value
R10=0x0000000000000000 is an unknown value
R11=0x0000000000000246 is an unknown value
R12=0x0000000000ac3e90 is an unknown value
R13=0x0000000000ac3e60 is an unknown value
R14=0x0000000000ac3e70 is an unknown value
R15=0x0000000000000000 is an unknown value


Stack: [0x0000000017630000,0x0000000017730000],  sp=0x000000001772f1f0,  free space=1020k
Native frames: (J=compiled Java code, j=interpreted, Vv=VM code, C=native code)
C  [glass.dll+0x2584a]
C  [glass.dll+0x23224]
C  [glass.dll+0x234a6]
C  [ntdll.dll+0x3b583]
C  [ntdll.dll+0x47f85]
C  [ntdll.dll+0x47e48]
C  [KERNEL32.DLL+0x1ca7a]
C  [msvcr100.dll+0x20cb9]
V  [jvm.dll+0x212a05]
V  [jvm.dll+0x24b647]
V  [jvm.dll+0x24a8e6]
V  [jvm.dll+0x24ad81]
V  [jvm.dll+0x24af9e]
V  [jvm.dll+0x29c03a]
C  [msvcr100.dll+0x21d7b]
C  [msvcr100.dll+0x21e17]
C  [KERNEL32.DLL+0x14034]
C  [ntdll.dll+0x73691]

VM_Operation (0x0000000019119940): Exit, mode: safepoint, requested by thread 0x0000000018664000


---------------  P R O C E S S  ---------------

Java Threads: ( => current thread )
  0x0000000018da1000 JavaThread "Thread-5" [_thread_blocked, id=25356, stack(0x0000000022260000,0x0000000022360000)]
  0x0000000018d9f000 JavaThread "Thread-4" daemon [_thread_in_native, id=36580, stack(0x0000000022160000,0x0000000022260000)]
  0x0000000018962000 JavaThread "Media Resource Disposer" daemon [_thread_blocked, id=5356, stack(0x000000001f300000,0x000000001f400000)]
  0x000000001872e000 JavaThread "Prism Font Disposer" daemon [_thread_blocked, id=54468, stack(0x000000001ecf0000,0x000000001edf0000)]
  0x00000000186ec000 JavaThread "JavaFX-Launcher" [_thread_blocked, id=56572, stack(0x000000001daf0000,0x000000001dbf0000)]
  0x00000000186ea000 JavaThread "Thread-2" daemon [_thread_in_native, id=67828, stack(0x000000001d9f0000,0x000000001daf0000)]
  0x0000000018664000 JavaThread "JavaFX Application Thread" [_thread_blocked, id=87428, stack(0x0000000019020000,0x0000000019120000)]
  0x000000001865b000 JavaThread "Thread-1" daemon [_thread_blocked, id=56388, stack(0x0000000018f20000,0x0000000019020000)]
  0x0000000018646800 JavaThread "QuantumRenderer-0" daemon [_thread_blocked, id=35896, stack(0x0000000018e20000,0x0000000018f20000)]
  0x0000000017ccc800 JavaThread "Service Thread" daemon [_thread_blocked, id=65884, stack(0x0000000018420000,0x0000000018520000)]
  0x000000001663d000 JavaThread "C1 CompilerThread2" daemon [_thread_blocked, id=87724, stack(0x0000000018320000,0x0000000018420000)]
  0x0000000017c63800 JavaThread "C2 CompilerThread1" daemon [_thread_blocked, id=14364, stack(0x0000000018220000,0x0000000018320000)]
  0x0000000017c62800 JavaThread "C2 CompilerThread0" daemon [_thread_blocked, id=81760, stack(0x0000000018120000,0x0000000018220000)]
  0x0000000016634000 JavaThread "Monitor Ctrl-Break" daemon [_thread_in_native, id=44492, stack(0x0000000018020000,0x0000000018120000)]
  0x00000000165de000 JavaThread "Attach Listener" daemon [_thread_blocked, id=36612, stack(0x0000000017b20000,0x0000000017c20000)]
  0x00000000165dd000 JavaThread "Signal Dispatcher" daemon [_thread_blocked, id=56696, stack(0x0000000017a20000,0x0000000017b20000)]
  0x00000000165ca800 JavaThread "Finalizer" daemon [_thread_blocked, id=37688, stack(0x0000000017830000,0x0000000017930000)]
  0x0000000002d03000 JavaThread "Reference Handler" daemon [_thread_blocked, id=87216, stack(0x0000000017730000,0x0000000017830000)]
  0x0000000002c12800 JavaThread "main" [_thread_blocked, id=78304, stack(0x0000000002840000,0x0000000002940000)]

Other Threads:
=>0x00000000165a7000 VMThread [stack: 0x0000000017630000,0x0000000017730000] [id=42992]

VM state:at safepoint (shutting down)

VM Mutex/Monitor currently owned by a thread:  ([mutex/lock_event])
[0x0000000002a1d6f0] Threads_lock - owner thread: 0x00000000165a7000

Heap:
 PSYoungGen      total 99840K, used 92202K [0x00000000e0600000, 0x00000000eb000000, 0x0000000100000000)
  eden space 64000K, 88% used [0x00000000e0600000,0x00000000e3d21470,0x00000000e4480000)
  from space 35840K, 99% used [0x00000000e4480000,0x00000000e6769730,0x00000000e6780000)
  to   space 44032K, 0% used [0x00000000e8500000,0x00000000e8500000,0x00000000eb000000)
 ParOldGen       total 194560K, used 145625K [0x00000000a1200000, 0x00000000ad000000, 0x00000000e0600000)
  object space 194560K, 74% used [0x00000000a1200000,0x00000000aa036440,0x00000000ad000000)
 Metaspace       used 18472K, capacity 19744K, committed 19840K, reserved 1067008K
  class space    used 2628K, capacity 2884K, committed 2944K, reserved 1048576K

Card table byte_map: [0x00000000120d0000,0x00000000123d0000] byte_map_base: 0x0000000011bc7000

Marking Bits: (ParMarkBitMap*) 0x00000000737da6c0
 Begin Bits: [0x00000000129d0000, 0x0000000014188000)
 End Bits:   [0x0000000014188000, 0x0000000015940000)

Polling page: 0x00000000005f0000

CodeCache: size=245760Kb used=9867Kb max_used=9867Kb free=235892Kb
 bounds [0x0000000002d10000, 0x00000000036c0000, 0x0000000011d10000]
 total_blobs=3818 nmethods=3138 adapters=590
 compilation: enabled

Compilation events (10 events):
Event: 58.649 Thread 0x000000001663d000 nmethod 3165 0x00000000036ab3d0 code [0x00000000036ab520, 0x00000000036ab630]
Event: 58.652 Thread 0x0000000017c62800 nmethod 3163 0x00000000036b8190 code [0x00000000036b84e0, 0x00000000036b8fb8]
Event: 59.591 Thread 0x000000001663d000 3166       3       javafx.scene.layout.Region::minWidth (52 bytes)
Event: 59.593 Thread 0x000000001663d000 nmethod 3166 0x00000000036b7550 code [0x00000000036b7740, 0x00000000036b7f48]
Event: 59.593 Thread 0x000000001663d000 3167       3       javafx.scene.layout.Region::getMinWidth (22 bytes)
Event: 59.594 Thread 0x000000001663d000 nmethod 3167 0x00000000036b6ed0 code [0x00000000036b7040, 0x00000000036b7408]
Event: 59.594 Thread 0x000000001663d000 3168       3       com.sun.javafx.font.LogicalFont::getStrike (11 bytes)
Event: 59.595 Thread 0x000000001663d000 nmethod 3168 0x0000000003697ed0 code [0x0000000003698060, 0x0000000003698388]
Event: 59.595 Thread 0x000000001663d000 3169       3       com.sun.javafx.font.LogicalFont::getDefaultAAMode (10 bytes)
Event: 59.595 Thread 0x000000001663d000 nmethod 3169 0x00000000036b6a10 code [0x00000000036b6b80, 0x00000000036b6dd8]

GC Heap History (10 events):
Event: 2.003 GC heap before
{Heap before GC invocations=5 (full 1):
 PSYoungGen      total 53248K, used 4076K [0x00000000e0600000, 0x00000000e3e00000, 0x0000000100000000)
  eden space 49152K, 0% used [0x00000000e0600000,0x00000000e0600000,0x00000000e3600000)
  from space 4096K, 99% used [0x00000000e3a00000,0x00000000e3dfb3e8,0x00000000e3e00000)
  to   space 4096K, 0% used [0x00000000e3600000,0x00000000e3600000,0x00000000e3a00000)
 ParOldGen       total 65536K, used 51231K [0x00000000a1200000, 0x00000000a5200000, 0x00000000e0600000)
  object space 65536K, 78% used [0x00000000a1200000,0x00000000a4407f88,0x00000000a5200000)
 Metaspace       used 12652K, capacity 13252K, committed 13440K, reserved 1060864K
  class space    used 1766K, capacity 1917K, committed 1920K, reserved 1048576K
Event: 2.059 GC heap after
Heap after GC invocations=5 (full 1):
 PSYoungGen      total 53248K, used 0K [0x00000000e0600000, 0x00000000e3e00000, 0x0000000100000000)
  eden space 49152K, 0% used [0x00000000e0600000,0x00000000e0600000,0x00000000e3600000)
  from space 4096K, 0% used [0x00000000e3a00000,0x00000000e3a00000,0x00000000e3e00000)
  to   space 4096K, 0% used [0x00000000e3600000,0x00000000e3600000,0x00000000e3a00000)
 ParOldGen       total 119296K, used 54877K [0x00000000a1200000, 0x00000000a8680000, 0x00000000e0600000)
  object space 119296K, 46% used [0x00000000a1200000,0x00000000a4797528,0x00000000a8680000)
 Metaspace       used 12652K, capacity 13252K, committed 13440K, reserved 1060864K
  class space    used 1766K, capacity 1917K, committed 1920K, reserved 1048576K
}
Event: 2.316 GC heap before
{Heap before GC invocations=6 (full 1):
 PSYoungGen      total 53248K, used 47664K [0x00000000e0600000, 0x00000000e3e00000, 0x0000000100000000)
  eden space 49152K, 96% used [0x00000000e0600000,0x00000000e348c038,0x00000000e3600000)
  from space 4096K, 0% used [0x00000000e3a00000,0x00000000e3a00000,0x00000000e3e00000)
  to   space 4096K, 0% used [0x00000000e3600000,0x00000000e3600000,0x00000000e3a00000)
 ParOldGen       total 119296K, used 54877K [0x00000000a1200000, 0x00000000a8680000, 0x00000000e0600000)
  object space 119296K, 46% used [0x00000000a1200000,0x00000000a4797528,0x00000000a8680000)
 Metaspace       used 12694K, capacity 13286K, committed 13568K, reserved 1060864K
  class space    used 1774K, capacity 1929K, committed 2048K, reserved 1048576K
Event: 2.330 GC heap after
Heap after GC invocations=6 (full 1):
 PSYoungGen      total 53248K, used 4017K [0x00000000e0600000, 0x00000000e8880000, 0x0000000100000000)
  eden space 49152K, 0% used [0x00000000e0600000,0x00000000e0600000,0x00000000e3600000)
  from space 4096K, 98% used [0x00000000e3600000,0x00000000e39ec5d0,0x00000000e3a00000)
  to   space 28672K, 0% used [0x00000000e6c80000,0x00000000e6c80000,0x00000000e8880000)
 ParOldGen       total 119296K, used 90718K [0x00000000a1200000, 0x00000000a8680000, 0x00000000e0600000)
  object space 119296K, 76% used [0x00000000a1200000,0x00000000a6a97918,0x00000000a8680000)
 Metaspace       used 12694K, capacity 13286K, committed 13568K, reserved 1060864K
  class space    used 1774K, capacity 1929K, committed 2048K, reserved 1048576K
}
Event: 2.330 GC heap before
{Heap before GC invocations=7 (full 2):
 PSYoungGen      total 53248K, used 4017K [0x00000000e0600000, 0x00000000e8880000, 0x0000000100000000)
  eden space 49152K, 0% used [0x00000000e0600000,0x00000000e0600000,0x00000000e3600000)
  from space 4096K, 98% used [0x00000000e3600000,0x00000000e39ec5d0,0x00000000e3a00000)
  to   space 28672K, 0% used [0x00000000e6c80000,0x00000000e6c80000,0x00000000e8880000)
 ParOldGen       total 119296K, used 90718K [0x00000000a1200000, 0x00000000a8680000, 0x00000000e0600000)
  object space 119296K, 76% used [0x00000000a1200000,0x00000000a6a97918,0x00000000a8680000)
 Metaspace       used 12694K, capacity 13286K, committed 13568K, reserved 1060864K
  class space    used 1774K, capacity 1929K, committed 2048K, reserved 1048576K
Event: 2.370 GC heap after
Heap after GC invocations=7 (full 2):
 PSYoungGen      total 53248K, used 0K [0x00000000e0600000, 0x00000000e8880000, 0x0000000100000000)
  eden space 49152K, 0% used [0x00000000e0600000,0x00000000e0600000,0x00000000e3600000)
  from space 4096K, 0% used [0x00000000e3600000,0x00000000e3600000,0x00000000e3a00000)
  to   space 28672K, 0% used [0x00000000e6c80000,0x00000000e6c80000,0x00000000e8880000)
 ParOldGen       total 194560K, used 92143K [0x00000000a1200000, 0x00000000ad000000, 0x00000000e0600000)
  object space 194560K, 47% used [0x00000000a1200000,0x00000000a6bfbfc0,0x00000000ad000000)
 Metaspace       used 12694K, capacity 13286K, committed 13568K, reserved 1060864K
  class space    used 1774K, capacity 1929K, committed 2048K, reserved 1048576K
}
Event: 2.712 GC heap before
{Heap before GC invocations=8 (full 2):
 PSYoungGen      total 53248K, used 49152K [0x00000000e0600000, 0x00000000e8880000, 0x0000000100000000)
  eden space 49152K, 100% used [0x00000000e0600000,0x00000000e3600000,0x00000000e3600000)
  from space 4096K, 0% used [0x00000000e3600000,0x00000000e3600000,0x00000000e3a00000)
  to   space 28672K, 0% used [0x00000000e6c80000,0x00000000e6c80000,0x00000000e8880000)
 ParOldGen       total 194560K, used 92143K [0x00000000a1200000, 0x00000000ad000000, 0x00000000e0600000)
  object space 194560K, 47% used [0x00000000a1200000,0x00000000a6bfbfc0,0x00000000ad000000)
 Metaspace       used 12717K, capacity 13354K, committed 13568K, reserved 1060864K
  class space    used 1775K, capacity 1929K, committed 2048K, reserved 1048576K
Event: 2.723 GC heap after
Heap after GC invocations=8 (full 2):
 PSYoungGen      total 92672K, used 28592K [0x00000000e0600000, 0x00000000e8a80000, 0x0000000100000000)
  eden space 64000K, 0% used [0x00000000e0600000,0x00000000e0600000,0x00000000e4480000)
  from space 28672K, 99% used [0x00000000e6c80000,0x00000000e886c2a8,0x00000000e8880000)
  to   space 35840K, 0% used [0x00000000e4480000,0x00000000e4480000,0x00000000e6780000)
 ParOldGen       total 194560K, used 102934K [0x00000000a1200000, 0x00000000ad000000, 0x00000000e0600000)
  object space 194560K, 52% used [0x00000000a1200000,0x00000000a7685830,0x00000000ad000000)
 Metaspace       used 12717K, capacity 13354K, committed 13568K, reserved 1060864K
  class space    used 1775K, capacity 1929K, committed 2048K, reserved 1048576K
}
Event: 3.055 GC heap before
{Heap before GC invocations=9 (full 2):
 PSYoungGen      total 92672K, used 92592K [0x00000000e0600000, 0x00000000e8a80000, 0x0000000100000000)
  eden space 64000K, 100% used [0x00000000e0600000,0x00000000e4480000,0x00000000e4480000)
  from space 28672K, 99% used [0x00000000e6c80000,0x00000000e886c2a8,0x00000000e8880000)
  to   space 35840K, 0% used [0x00000000e4480000,0x00000000e4480000,0x00000000e6780000)
 ParOldGen       total 194560K, used 102934K [0x00000000a1200000, 0x00000000ad000000, 0x00000000e0600000)
  object space 194560K, 52% used [0x00000000a1200000,0x00000000a7685830,0x00000000ad000000)
 Metaspace       used 12763K, capacity 13366K, committed 13568K, reserved 1060864K
  class space    used 1776K, capacity 1931K, committed 2048K, reserved 1048576K
Event: 3.077 GC heap after
Heap after GC invocations=9 (full 2):
 PSYoungGen      total 99840K, used 35749K [0x00000000e0600000, 0x00000000eb000000, 0x0000000100000000)
  eden space 64000K, 0% used [0x00000000e0600000,0x00000000e0600000,0x00000000e4480000)
  from space 35840K, 99% used [0x00000000e4480000,0x00000000e6769730,0x00000000e6780000)
  to   space 44032K, 0% used [0x00000000e8500000,0x00000000e8500000,0x00000000eb000000)
 ParOldGen       total 194560K, used 145625K [0x00000000a1200000, 0x00000000ad000000, 0x00000000e0600000)
  object space 194560K, 74% used [0x00000000a1200000,0x00000000aa036440,0x00000000ad000000)
 Metaspace       used 12763K, capacity 13366K, committed 13568K, reserved 1060864K
  class space    used 1776K, capacity 1931K, committed 2048K, reserved 1048576K
}

Deoptimization events (10 events):
Event: 9.323 Thread 0x0000000018664000 Uncommon trap: reason=class_check action=maybe_recompile pc=0x000000000339dddc method=javafx.scene.Node.updateLocalToParentTransform()V @ 11
Event: 9.324 Thread 0x0000000018664000 Uncommon trap: reason=class_check action=maybe_recompile pc=0x000000000339dddc method=javafx.scene.Node.updateLocalToParentTransform()V @ 11
Event: 9.324 Thread 0x0000000018664000 Uncommon trap: reason=class_check action=maybe_recompile pc=0x000000000339dddc method=javafx.scene.Node.updateLocalToParentTransform()V @ 11
Event: 9.329 Thread 0x0000000018664000 Uncommon trap: reason=unstable_if action=reinterpret pc=0x00000000030b323c method=java.lang.Math.round(D)J @ 48
Event: 9.886 Thread 0x0000000018646800 Uncommon trap: reason=unstable_if action=reinterpret pc=0x000000000337a78c method=java.lang.Math.round(F)I @ 36
Event: 10.313 Thread 0x0000000018664000 Uncommon trap: reason=unstable_if action=reinterpret pc=0x000000000341a8e8 method=javafx.scene.CssStyleHelper.lookup(Ljavafx/css/Styleable;Ljavafx/css/CssMetaData;Lcom/sun/javafx/css/StyleMap;Ljava/util/Set;Ljavafx/css/Styleable;Lcom/sun/javafx/css/CalculaW`Y2R¥$@
Event: 10.323 Thread 0x0000000018664000 Uncommon trap: reason=unstable_if action=reinterpret pc=0x000000000349cac4 method=javafx.scene.Node.updateLocalToParentTransform()V @ 125
Event: 59.652 Thread 0x0000000018d9f800 Uncommon trap: reason=unstable_if action=reinterpret pc=0x00000000035fe194 method=java.util.concurrent.locks.ReentrantLock$NonfairSync.lock()V @ 6
Event: 59.652 Thread 0x0000000018d9f800 Uncommon trap: reason=unstable_if action=reinterpret pc=0x00000000035d4300 method=java.util.concurrent.locks.ReentrantLock$Sync.tryRelease(I)Z @ 28
Event: 59.653 Thread 0x0000000018646800 Uncommon trap: reason=unstable_if action=reinterpret pc=0x000000000360d648 method=java.util.concurrent.locks.ReentrantLock$NonfairSync.lock()V @ 6

Internal exceptions (10 events):
Event: 0.306 Thread 0x0000000002c12800 Exception <a 'java/lang/NullPointerException'> (0x00000000e0a6c7f8) thrown at [C:\re\workspace\8-2-build-windows-amd64-cygwin\jdk8u102\7268\hotspot\src\share\vm\interpreter\linkResolver.cpp, line 1178]
Event: 0.339 Thread 0x0000000002c12800 Implicit null exception at 0x0000000002e384d5 to 0x0000000002e386a1
Event: 0.736 Thread 0x0000000018664000 Exception <a 'java/lang/NullPointerException'> (0x00000000e1645488) thrown at [C:\re\workspace\8-2-build-windows-amd64-cygwin\jdk8u102\7268\hotspot\src\share\vm\interpreter\linkResolver.cpp, line 1178]
Event: 0.736 Thread 0x0000000018664000 Exception <a 'java/lang/NullPointerException'> (0x00000000e1645488) thrown at [C:\re\workspace\8-2-build-windows-amd64-cygwin\jdk8u102\7268\hotspot\src\share\vm\prims\jvm.cpp, line 1390]
Event: 1.854 Thread 0x0000000018664000 Exception <a 'java/lang/UnsatisfiedLinkError': com.sun.media.jfxmediaimpl.NativeAudioClip.nacInit()Z> (0x00000000e176b730) thrown at [C:\re\workspace\8-2-build-windows-amd64-cygwin\jdk8u102\7268\hotspot\src\share\vm\prims\nativeLookup.cpp, line 378]
Event: 1.855 Thread 0x0000000018664000 Exception <a 'java/lang/UnsatisfiedLinkError': com.sun.media.jfxmedia.logging.Logger.nativeSetNativeLevel(I)V> (0x00000000e176fe30) thrown at [C:\re\workspace\8-2-build-windows-amd64-cygwin\jdk8u102\7268\hotspot\src\share\vm\prims\nativeLookup.cpp, line 37Ï­ÒKþ?
Event: 1.876 Thread 0x0000000018664000 Implicit null exception at 0x0000000002febfd6 to 0x0000000002fec379
Event: 1.876 Thread 0x0000000018664000 Implicit null exception at 0x0000000002f40316 to 0x0000000002f406c1
Event: 3.543 Thread 0x0000000018664000 Implicit null exception at 0x000000000305c7ce to 0x000000000305d92d
Event: 59.653 Thread 0x0000000018d9f800 Exception <a 'java/lang/IllegalStateException'> (0x00000000e3c87e00) thrown at [C:\re\workspace\8-2-build-windows-amd64-cygwin\jdk8u102\7268\hotspot\src\share\vm\prims\jvm.cpp, line 1390]

Events (10 events):
Event: 59.653 Thread 0x0000000018d9f800 DEOPT UNPACKING pc=0x0000000002d5582a sp=0x0000000024a5e3f8 mode 2
Event: 59.653 Thread 0x0000000018646800 Uncommon trap: trap_request=0xffffff65 fr.pc=0x000000000360d648
Event: 59.653 Thread 0x0000000018646800 DEOPT PACKING pc=0x000000000360d648 sp=0x0000000018f1f220
Event: 59.653 Thread 0x0000000018646800 DEOPT UNPACKING pc=0x0000000002d5582a sp=0x0000000018f1f1c8 mode 2
Event: 59.653 loading class com/sun/javafx/tk/quantum/QuantumToolkit
Event: 59.653 loading class com/sun/javafx/tk/quantum/QuantumToolkit done
Event: 59.653 loading class java/util/LinkedList$ListItr
Event: 59.653 loading class java/util/LinkedList$ListItr done
Event: 59.653 Thread 0x0000000018d9f800 Thread exited: 0x0000000018d9f800
Event: 59.654 Executing VM operation: Exit


Dynamic libraries:
0x00007ff6c6490000 - 0x00007ff6c64c7000 	C:\Program Files\Java\jdk1.8.0_102\bin\java.exe
0x00007ffcbf9c0000 - 0x00007ffcbfba1000 	C:\WINDOWS\SYSTEM32\ntdll.dll
0x00007ffcbd4e0000 - 0x00007ffcbd591000 	C:\WINDOWS\System32\KERNEL32.DLL
0x00007ffcbc610000 - 0x00007ffcbc883000 	C:\WINDOWS\System32\KERNELBASE.dll
0x0000000076350000 - 0x00000000763e5000 	C:\WINDOWS\System32\SYSFER.DLL
0x00007ffcbd740000 - 0x00007ffcbd7e1000 	C:\WINDOWS\System32\ADVAPI32.dll
0x00007ffcbd660000 - 0x00007ffcbd6fe000 	C:\WINDOWS\System32\msvcrt.dll
0x00007ffcbd600000 - 0x00007ffcbd65b000 	C:\WINDOWS\System32\sechost.dll
0x00007ffcbd250000 - 0x00007ffcbd374000 	C:\WINDOWS\System32\RPCRT4.dll
0x00007ffcbd7f0000 - 0x00007ffcbd980000 	C:\WINDOWS\System32\USER32.dll
0x00007ffcbbdf0000 - 0x00007ffcbbe10000 	C:\WINDOWS\System32\win32u.dll
0x00007ffcbd700000 - 0x00007ffcbd728000 	C:\WINDOWS\System32\GDI32.dll
0x00007ffcbccb0000 - 0x00007ffcbce42000 	C:\WINDOWS\System32\gdi32full.dll
0x00007ffcbc520000 - 0x00007ffcbc5bf000 	C:\WINDOWS\System32\msvcp_win.dll
0x00007ffcbc940000 - 0x00007ffcbca38000 	C:\WINDOWS\System32\ucrtbase.dll
0x00007ffcafdb0000 - 0x00007ffcb0019000 	C:\WINDOWS\WinSxS\amd64_microsoft.windows.common-controls_6595b64144ccf1df_6.0.17134.706_none_fb43a2cb30647007\COMCTL32.dll
0x00007ffcbf660000 - 0x00007ffcbf982000 	C:\WINDOWS\System32\combase.dll
0x00007ffcbcc30000 - 0x00007ffcbccaa000 	C:\WINDOWS\System32\bcryptPrimitives.dll
0x00007ffcbda00000 - 0x00007ffcbda2d000 	C:\WINDOWS\System32\IMM32.DLL
0x0000000074bf0000 - 0x0000000074cc1000 	C:\Program Files\Java\jdk1.8.0_102\jre\bin\msvcr100.dll
0x0000000072fc0000 - 0x000000007385a000 	C:\Program Files\Java\jdk1.8.0_102\jre\bin\server\jvm.dll
0x00007ffcbd730000 - 0x00007ffcbd738000 	C:\WINDOWS\System32\PSAPI.DLL
0x00007ffcbabf0000 - 0x00007ffcbabf9000 	C:\WINDOWS\SYSTEM32\WSOCK32.dll
0x00007ffcbf5d0000 - 0x00007ffcbf63c000 	C:\WINDOWS\System32\WS2_32.dll
0x00007ffcb9bd0000 - 0x00007ffcb9bf3000 	C:\WINDOWS\SYSTEM32\WINMM.dll
0x00007ffcad380000 - 0x00007ffcad38a000 	C:\WINDOWS\SYSTEM32\VERSION.dll
0x00007ffcb9ba0000 - 0x00007ffcb9bca000 	C:\WINDOWS\SYSTEM32\WINMMBASE.dll
0x00007ffcbc5c0000 - 0x00007ffcbc609000 	C:\WINDOWS\System32\cfgmgr32.dll
0x0000000074be0000 - 0x0000000074bef000 	C:\Program Files\Java\jdk1.8.0_102\jre\bin\verify.dll
0x0000000074bb0000 - 0x0000000074bd9000 	C:\Program Files\Java\jdk1.8.0_102\jre\bin\java.dll
0x0000000074760000 - 0x0000000074783000 	C:\Program Files\Java\jdk1.8.0_102\jre\bin\instrument.dll
0x0000000074740000 - 0x0000000074756000 	C:\Program Files\Java\jdk1.8.0_102\jre\bin\zip.dll
0x00007ffcbda30000 - 0x00007ffcbee70000 	C:\WINDOWS\System32\SHELL32.dll
0x00007ffcbd1a0000 - 0x00007ffcbd249000 	C:\WINDOWS\System32\shcore.dll
0x00007ffcbbe10000 - 0x00007ffcbc51d000 	C:\WINDOWS\System32\windows.storage.dll
0x00007ffcbce50000 - 0x00007ffcbcea1000 	C:\WINDOWS\System32\shlwapi.dll
0x00007ffcbbd70000 - 0x00007ffcbbd81000 	C:\WINDOWS\System32\kernel.appcore.dll
0x00007ffcbbd30000 - 0x00007ffcbbd4f000 	C:\WINDOWS\System32\profapi.dll
0x00007ffcbbcd0000 - 0x00007ffcbbd1c000 	C:\WINDOWS\System32\powrprof.dll
0x00007ffcbbd20000 - 0x00007ffcbbd2a000 	C:\WINDOWS\System32\FLTLIB.DLL
0x00007ffca9370000 - 0x00007ffca938a000 	C:\Program Files\JetBrains\IntelliJ IDEA Community Edition 2018.3.4\bin\breakgen64.dll
0x0000000074720000 - 0x000000007473a000 	C:\Program Files\Java\jdk1.8.0_102\jre\bin\net.dll
0x00007ffcbb550000 - 0x00007ffcbb5b6000 	C:\WINDOWS\system32\mswsock.dll
0x00007ffc84770000 - 0x00007ffc8485f000 	C:\Program Files\Java\jdk1.8.0_102\jre\bin\msvcr120.dll
0x00007ffc82f90000 - 0x00007ffc83036000 	C:\Program Files\Java\jdk1.8.0_102\jre\bin\msvcp120.dll
0x00000000746f0000 - 0x0000000074712000 	C:\Program Files\Java\jdk1.8.0_102\jre\bin\prism_d3d.dll
0x00007ffc80050000 - 0x00007ffc801e7000 	C:\WINDOWS\system32\d3d9.dll
0x00007ffcba0c0000 - 0x00007ffcba0e9000 	C:\WINDOWS\SYSTEM32\dwmapi.dll
0x00007ffcb9f40000 - 0x00007ffcb9fd8000 	C:\WINDOWS\system32\uxtheme.dll
0x00007ffc4a5c0000 - 0x00007ffc4cafd000 	C:\WINDOWS\SYSTEM32\igdumdim64.dll
0x00007ffcbcf50000 - 0x00007ffcbd012000 	C:\WINDOWS\System32\OLEAUT32.dll
0x00007ffcbd380000 - 0x00007ffcbd4d1000 	C:\WINDOWS\System32\ole32.dll
0x00007ffcbefe0000 - 0x00007ffcbf42b000 	C:\WINDOWS\System32\SETUPAPI.dll
0x00000000746a0000 - 0x00000000746e3000 	C:\Program Files\Java\jdk1.8.0_102\jre\bin\glass.dll
0x00007ffcbee80000 - 0x00007ffcbef6d000 	C:\WINDOWS\System32\COMDLG32.dll
0x00007ffcbd020000 - 0x00007ffcbd193000 	C:\WINDOWS\System32\MSCTF.dll
0x00007ffcb3230000 - 0x00007ffcb3c6f000 	C:\WINDOWS\SYSTEM32\igdusc64.dll
0x0000000074660000 - 0x0000000074674000 	C:\Program Files\Java\jdk1.8.0_102\jre\bin\javafx_font.dll
0x00007ffcb0a00000 - 0x00007ffcb0d1c000 	C:\WINDOWS\SYSTEM32\dwrite.dll
0x0000000074600000 - 0x0000000074623000 	C:\Program Files\Java\jdk1.8.0_102\jre\bin\javafx_iio.dll
0x0000000074580000 - 0x00000000745f3000 	C:\Program Files\Java\jdk1.8.0_102\jre\bin\glib-lite.dll
0x00000000744e0000 - 0x000000007457c000 	C:\Program Files\Java\jdk1.8.0_102\jre\bin\gstreamer-lite.dll
0x00007ffca1e60000 - 0x00007ffca1eef000 	C:\WINDOWS\SYSTEM32\DSOUND.dll
0x00000000744b0000 - 0x00000000744d5000 	C:\Program Files\Java\jdk1.8.0_102\jre\bin\jfxmedia.dll
0x00007ffcbceb0000 - 0x00007ffcbcf50000 	C:\WINDOWS\System32\clbcatq.dll
0x00007ffcb61d0000 - 0x00007ffcb637e000 	C:\WINDOWS\SYSTEM32\WindowsCodecs.dll
0x00007ffc8c8f0000 - 0x00007ffc8c948000 	C:\WINDOWS\system32\dataexchange.dll
0x00007ffcb8bb0000 - 0x00007ffcb8ebb000 	C:\WINDOWS\system32\d3d11.dll
0x00007ffcb9630000 - 0x00007ffcb97cc000 	C:\WINDOWS\system32\dcomp.dll
0x00007ffcba6f0000 - 0x00007ffcba7ab000 	C:\WINDOWS\system32\dxgi.dll
0x00007ffcba250000 - 0x00007ffcba408000 	C:\WINDOWS\system32\twinapi.appcore.dll
0x00007ffcba1a0000 - 0x00007ffcba1c9000 	C:\WINDOWS\system32\RMCLIENT.dll
0x00007ffca36e0000 - 0x00007ffca3714000 	C:\Program Files\Common Files\Microsoft Shared\Ink\rtscom.dll
0x00007ffcb4da0000 - 0x00007ffcb4e36000 	C:\WINDOWS\System32\TextInputFramework.dll
0x00007ffcb5d40000 - 0x00007ffcb605e000 	C:\WINDOWS\System32\CoreUIComponents.dll
0x00007ffcb97d0000 - 0x00007ffcb98aa000 	C:\WINDOWS\System32\CoreMessaging.dll
0x00007ffcbadc0000 - 0x00007ffcbadf1000 	C:\WINDOWS\SYSTEM32\ntmarta.dll
0x00007ffcb7540000 - 0x00007ffcb768d000 	C:\WINDOWS\SYSTEM32\wintypes.dll
0x0000000074640000 - 0x0000000074651000 	C:\Program Files\Java\jdk1.8.0_102\jre\bin\prism_common.dll
0x00007ffcb8520000 - 0x00007ffcb8ae7000 	C:\WINDOWS\SYSTEM32\d2d1.dll
0x00007ffc6b190000 - 0x00007ffc6b90e000 	C:\WINDOWS\SYSTEM32\D3D10Warp.dll
0x00007ffcbaa00000 - 0x00007ffcbabc9000 	C:\WINDOWS\SYSTEM32\dbghelp.dll

VM Arguments:
jvm_args: -javaagent:C:\Program Files\JetBrains\IntelliJ IDEA Community Edition 2018.3.4\lib\idea_rt.jar=57152:C:\Program Files\JetBrains\IntelliJ IDEA Community Edition 2018.3.4\bin -Dfile.encoding=UTF-8 
java_command: ClientFX
java_class_path (initial): C:\Program Files\Java\jdk1.8.0_102\jre\lib\charsets.jar;C:\Program Files\Java\jdk1.8.0_102\jre\lib\deploy.jar;C:\Program Files\Java\jdk1.8.0_102\jre\lib\ext\access-bridge-64.jar;C:\Program Files\Java\jdk1.8.0_102\jre\lib\ext\cldrdata.jar;C:\Program Files\Java\jdk1.8.0_102\jre\lib\ext\dnsns.jar;C:\Program Files\Java\jdk1.8.0_102\jre\lib\ext\jaccess.jar;C:\Program Files\Java\jdk1.8.0_102\jre\lib\ext\jfxrt.jar;C:\Program Files\Java\jdk1.8.0_102\jre\lib\ext\localedata.jar;C:\Program Files\Java\jdk1.8.0_102\jre\lib\ext\nashorn.jar;C:\Program Files\Java\jdk1.8.0_102\jre\lib\ext\sunec.jar;C:\Program Files\Java\jdk1.8.0_102\jre\lib\ext\sunjce_provider.jar;C:\Program Files\Java\jdk1.8.0_102\jre\lib\ext\sunmscapi.jar;C:\Program Files\Java\jdk1.8.0_102\jre\lib\ext\sunpkcs11.jar;C:\Program Files\Java\jdk1.8.0_102\jre\lib\ext\zipfs.jar;C:\Program Files\Java\jdk1.8.0_102\jre\lib\javaws.jar;C:\Program Files\Java\jdk1.8.0_102\jre\lib\jce.jar;C:\Program Files\Java\jdk1.8.0_102\jre\lib\jfr.jar;C:\Program Files\Java\jdk1.8.0_102\jre\lib\jfxswt.jar;C:\Program Files\Java\jdk1.8.0_102\jre\lib\jsse.jar;C:\Program Files\Java\jdk1.8.0_102\jre\lib\management-agent.jar;C:\Program Files\Java\jdk1.8.0_102\jre\lib\plugin.jar;C:\Program Files\Java\jdk1.8.0_102\jre\lib\resources.jar;C:\Program Files\Java\jdk1.8.0_102\jre\lib\rt.jar;C:\Users\Don\Documents\GitHub\Project5\Client\out\production\Client;C:\Program Files\JetBrains\IntelliJ IDEA Community Edition 2018.3.4\lib\idea_rt.jar
Launcher Type: SUN_STANDARD

Environment Variables:
JAVA_HOME=C:\Program Files\Java\jdk1.8.0_172
CLASSPATH=.;
PATH=C:\Python27\;C:\Python27\Scripts;C:\Program Files (x86)\Common Files\Oracle\Java\javapath;C:\ProgramData\Oracle\Java\javapath;C:\Program Files (x86)\Intel\iCLS Client\;C:\Program Files\Intel\iCLS Client\;C:\WINDOWS\system32;C:\WINDOWS;C:\WINDOWS\System32\Wbem;C:\WINDOWS\System32\WindowsPowerShell\v1.0\;C:\Program Files\Hewlett-Packard\SimplePass\;C:\Program Files (x86)\Windows Live\Shared;C:\Program Files\Novell\iPrint;C:\WINDOWS\System32\OpenSSH\;C:\ProgramData\chocolatey\bin;C:\Program Files\Java\jdk1.8.0_172\bin;C:\TDM-GCC-64\bin;C:\Program Files\PuTTY\;C:\Program Files\Intel\Intel(R) Management Engine Components\DAL;C:\Program Files\Intel\Intel(R) Management Engine Components\IPT;C:\Program Files\dotnet\;C:\Program Files\Git\cmd;C:\Program Files\nodejs\;C:\Users\Don\AppData\Local\Microsoft\WindowsApps;C:\Users\Don\AndroidAppData\platform-tools;C:\Users\Don\AppData\Local\Programs\Microsoft VS Code\bin;C:\Users\Don\.dotnet\tools;C:\Program Files (x86)\Java\jdk1.8.0_102\bin;;C:\Users\Don\AppData\Local\Programs\Azure Data Studio\bin;C:\Users\Don\AppData\Roaming\npm
USERNAME=Don
OS=Windows_NT
PROCESSOR_IDENTIFIER=Intel64 Family 6 Model 61 Stepping 4, GenuineIntel



---------------  S Y S T E M  ---------------

OS: Windows 10.0 , 64 bit Build 17134 (10.0.17134.706)

CPU:total 4 (2 cores per cpu, 2 threads per core) family 6 model 61 stepping 4, cmov, cx8, fxsr, mmx, sse, sse2, sse3, ssse3, sse4.1, sse4.2, popcnt, avx, avx2, aes, clmul, erms, 3dnowpref, lzcnt, ht, tsc, tscinvbit, bmi1, bmi2, adx

Memory: 4k page, physical 6211852k(1185512k free), swap 12951904k(2663324k free)

vm_info: Java HotSpot(TM) 64-Bit Server VM (25.102-b14) for windows-amd64 JRE (1.8.0_102-b14), built on Jun 22 2016 13:15:21 by "java_re" with MS VC++ 10.0 (VS2010)

time: Sat May 04 18:54:10 2019
elapsed time: 60 seconds (0d 0h 1m 0s)

