#
# A fatal error has been detected by the Java Runtime Environment:
#
#  EXCEPTION_ACCESS_VIOLATION (0xc0000005) at pc=0x000000006204584a, pid=31288, tid=0x0000000000007d68
#
# JRE version: Java(TM) SE Runtime Environment (8.0_102-b14) (build 1.8.0_102-b14)
# Java VM: Java HotSpot(TM) 64-Bit Server VM (25.102-b14 mixed mode windows-amd64 compressed oops)
# Problematic frame:
# C  [glass.dll+0x2584a]
#
# Failed to write core dump. Minidumps are not enabled by default on client versions of Windows
#
# If you would like to submit a bug report, please visit:
#   http://bugreport.java.com/bugreport/crash.jsp
#

---------------  T H R E A D  ---------------

Current thread (0x0000000015e17800):  VMThread [stack: 0x0000000016ea0000,0x0000000016fa0000] [id=32104]

siginfo: ExceptionCode=0xc0000005, reading address 0x0000000000000000

Registers:
RAX=0x0000000000000000, RBX=0x000000001787e408, RCX=0x0000000015e17800, RDX=0x000000001787e408
RSP=0x0000000016f9f180, RBP=0x000000000047ff90, RSI=0x0000000000000001, RDI=0x0000000000000000
R8 =0x0000000000010002, R9 =0x000000000047ff90, R10=0x0000000000000000, R11=0x0000000000000246
R12=0x000000000047ffc0, R13=0x000000000047ff90, R14=0x000000000047ffa0, R15=0x0000000000000000
RIP=0x000000006204584a, EFLAGS=0x0000000000010206

Top of Stack: (sp=0x0000000016f9f180)
0x0000000016f9f180:   0000000000000000 0000000062045900
0x0000000016f9f190:   0000000000000000 00000000620591b0
0x0000000016f9f1a0:   0000000062045830 0000000062043224
0x0000000016f9f1b0:   0000000062045a60 00007ffd80fdfc3c
0x0000000016f9f1c0:   0000000000000000 00007ffd982bc2c4
0x0000000016f9f1d0:   0000000000000001 0000000062020000
0x0000000016f9f1e0:   0000000002221638 00000000620434a6
0x0000000016f9f1f0:   0000000000000001 0000000015d25400
0x0000000016f9f200:   0000000000000000 0000000062043384
0x0000000016f9f210:   c000000500000001 0000000016f9e310
0x0000000016f9f220:   0000000062020000 00007ffdcbb9b583
0x0000000016f9f230:   000000007ffe0385 0000000000000000
0x0000000016f9f240:   000000007ffe0384 000000007ffe0385
0x0000000016f9f250:   000000000000000f 00007ffdcbba813a
0x0000000016f9f260:   00001c9a53928a00 0000000000444f90
0x0000000016f9f270:   0000000000000000 0000000000000000 

Instructions: (pc=0x000000006204584a)
0x000000006204582a:   83 c4 20 5d c3 cc 40 53 48 83 ec 20 48 8b 1d cb
0x000000006204583a:   5b 01 00 48 85 db 74 1a e8 19 93 ff ff 48 8b d3
0x000000006204584a:   4c 8b 00 48 8b c8 48 83 c4 20 5b 49 ff a0 b0 00
0x000000006204585a:   00 00 48 83 c4 20 5b c3 cc cc cc cc cc cc cc cc 


Register to memory mapping:

RAX=0x0000000000000000 is an unknown value
RBX=0x000000001787e408 is a global jni handle
RCX=0x0000000015e17800 is an unknown value
RDX=0x000000001787e408 is a global jni handle
RSP=0x0000000016f9f180 is an unknown value
RBP=0x000000000047ff90 is an unknown value
RSI=0x0000000000000001 is an unknown value
RDI=0x0000000000000000 is an unknown value
R8 =0x0000000000010002 is an unknown value
R9 =0x000000000047ff90 is an unknown value
R10=0x0000000000000000 is an unknown value
R11=0x0000000000000246 is an unknown value
R12=0x000000000047ffc0 is an unknown value
R13=0x000000000047ff90 is an unknown value
R14=0x000000000047ffa0 is an unknown value
R15=0x0000000000000000 is an unknown value


Stack: [0x0000000016ea0000,0x0000000016fa0000],  sp=0x0000000016f9f180,  free space=1020k
Native frames: (J=compiled Java code, j=interpreted, Vv=VM code, C=native code)
C  [glass.dll+0x2584a]
C  [glass.dll+0x23224]
C  [glass.dll+0x234a6]
C  [ntdll.dll+0x3b583]
C  [ntdll.dll+0x47f85]
C  [ntdll.dll+0x47e48]
C  [KERNEL32.DLL+0x1ca7a]
C  [msvcr100.dll+0x20cb9]
V  [jvm.dll+0x212a05]
V  [jvm.dll+0x24b647]
V  [jvm.dll+0x24a8e6]
V  [jvm.dll+0x24ad81]
V  [jvm.dll+0x24af9e]
V  [jvm.dll+0x29c03a]
C  [msvcr100.dll+0x21d7b]
C  [msvcr100.dll+0x21e17]
C  [KERNEL32.DLL+0x14034]
C  [ntdll.dll+0x73691]

VM_Operation (0x0000000018ababe0): Exit, mode: safepoint, requested by thread 0x0000000018023800


---------------  P R O C E S S  ---------------

Java Threads: ( => current thread )
  0x000000001844e000 JavaThread "Glass/Prism Shutdown Hook" [_thread_blocked, id=33032, stack(0x0000000028850000,0x0000000028950000)]
  0x000000001844d800 JavaThread "Thread-6" [_thread_blocked, id=33116, stack(0x0000000021d50000,0x0000000021e50000)]
  0x000000001844c000 JavaThread "Thread-4" daemon [_thread_in_native, id=30704, stack(0x0000000021c50000,0x0000000021d50000)]
  0x000000001828d800 JavaThread "Media Resource Disposer" daemon [_thread_blocked, id=29988, stack(0x000000001ed80000,0x000000001ee80000)]
  0x000000001805b800 JavaThread "Prism Font Disposer" daemon [_thread_blocked, id=21340, stack(0x000000001e760000,0x000000001e860000)]
  0x000000001804f000 JavaThread "JavaFX-Launcher" [_thread_blocked, id=24416, stack(0x000000001d4b0000,0x000000001d5b0000)]
  0x000000001804e000 JavaThread "Thread-2" daemon [_thread_in_native, id=12700, stack(0x000000001d3b0000,0x000000001d4b0000)]
  0x0000000018023800 JavaThread "JavaFX Application Thread" [_thread_blocked, id=32780, stack(0x00000000189c0000,0x0000000018ac0000)]
  0x0000000018022800 JavaThread "Thread-1" daemon [_thread_blocked, id=32864, stack(0x00000000188c0000,0x00000000189c0000)]
  0x0000000017854800 JavaThread "QuantumRenderer-0" daemon [_thread_blocked, id=27212, stack(0x0000000017ea0000,0x0000000017fa0000)]
  0x0000000017529000 JavaThread "Service Thread" daemon [_thread_blocked, id=32520, stack(0x0000000017ca0000,0x0000000017da0000)]
  0x000000001751e000 JavaThread "C1 CompilerThread2" daemon [_thread_blocked, id=33516, stack(0x0000000017ba0000,0x0000000017ca0000)]
  0x000000001751c000 JavaThread "C2 CompilerThread1" daemon [_thread_blocked, id=31640, stack(0x0000000017aa0000,0x0000000017ba0000)]
  0x0000000015e96800 JavaThread "C2 CompilerThread0" daemon [_thread_blocked, id=33148, stack(0x00000000179a0000,0x0000000017aa0000)]
  0x0000000015e95000 JavaThread "Monitor Ctrl-Break" daemon [_thread_in_native, id=28144, stack(0x00000000178a0000,0x00000000179a0000)]
  0x0000000015e4e800 JavaThread "Attach Listener" daemon [_thread_blocked, id=26596, stack(0x0000000017390000,0x0000000017490000)]
  0x0000000015e4b000 JavaThread "Signal Dispatcher" daemon [_thread_blocked, id=27868, stack(0x0000000017290000,0x0000000017390000)]
  0x000000000257d800 JavaThread "Finalizer" daemon [_thread_blocked, id=33284, stack(0x00000000170a0000,0x00000000171a0000)]
  0x0000000002572000 JavaThread "Reference Handler" daemon [_thread_blocked, id=30616, stack(0x0000000016fa0000,0x00000000170a0000)]
  0x0000000002482800 JavaThread "main" [_thread_blocked, id=32680, stack(0x0000000002230000,0x0000000002330000)]

Other Threads:
=>0x0000000015e17800 VMThread [stack: 0x0000000016ea0000,0x0000000016fa0000] [id=32104]

VM state:at safepoint (shutting down)

VM Mutex/Monitor currently owned by a thread:  ([mutex/lock_event])
[0x000000000222dcd0] Threads_lock - owner thread: 0x0000000015e17800

Heap:
 PSYoungGen      total 160768K, used 114172K [0x00000000e0600000, 0x00000000ef400000, 0x0000000100000000)
  eden space 98304K, 74% used [0x00000000e0600000,0x00000000e4d72808,0x00000000e6600000)
  from space 62464K, 65% used [0x00000000eb700000,0x00000000edf0ca20,0x00000000ef400000)
  to   space 72704K, 0% used [0x00000000e6600000,0x00000000e6600000,0x00000000ead00000)
 ParOldGen       total 305664K, used 182851K [0x00000000a1200000, 0x00000000b3c80000, 0x00000000e0600000)
  object space 305664K, 59% used [0x00000000a1200000,0x00000000ac490ed8,0x00000000b3c80000)
 Metaspace       used 18633K, capacity 19916K, committed 20096K, reserved 1067008K
  class space    used 2639K, capacity 2896K, committed 2944K, reserved 1048576K

Card table byte_map: [0x0000000011940000,0x0000000011c40000] byte_map_base: 0x0000000011437000

Marking Bits: (ParMarkBitMap*) 0x000000006127a6c0
 Begin Bits: [0x0000000012240000, 0x00000000139f8000)
 End Bits:   [0x00000000139f8000, 0x00000000151b0000)

Polling page: 0x00000000021d0000

CodeCache: size=245760Kb used=9983Kb max_used=10476Kb free=235776Kb
 bounds [0x0000000002580000, 0x0000000002fd0000, 0x0000000011580000]
 total_blobs=3957 nmethods=3274 adapters=594
 compilation: enabled

Compilation events (10 events):
Event: 203.617 Thread 0x000000001751e000 nmethod 3464 0x00000000026a17d0 code [0x00000000026a1a60, 0x00000000026a2ad8]
Event: 203.618 Thread 0x0000000015e96800 nmethod 3467 0x00000000027aa5d0 code [0x00000000027aa700, 0x00000000027aa7d8]
Event: 203.618 Thread 0x000000001751e000 3466       3       javafx.scene.control.Labeled::getText (20 bytes)
Event: 203.618 Thread 0x000000001751e000 nmethod 3466 0x00000000027e88d0 code [0x00000000027e8a60, 0x00000000027e8ea8]
Event: 203.619 Thread 0x000000001751e000 3468       3       com.sun.javafx.sg.prism.NGNode::computePadding (2 bytes)
Event: 203.619 Thread 0x000000001751e000 nmethod 3468 0x00000000027179d0 code [0x0000000002717b20, 0x0000000002717c70]
Event: 203.619 Thread 0x000000001751e000 3469       3       com.sun.prism.d3d.D3DSwapChain::getContentHeight (5 bytes)
Event: 203.619 Thread 0x000000001751e000 nmethod 3469 0x00000000027bbb10 code [0x00000000027bbc80, 0x00000000027bbf68]
Event: 203.619 Thread 0x000000001751e000 3470       3       com.sun.prism.d3d.D3DSwapChain::isMSAA (19 bytes)
Event: 203.620 Thread 0x000000001751e000 nmethod 3470 0x00000000028f2450 code [0x00000000028f2600, 0x00000000028f2d48]

GC Heap History (10 events):
Event: 2.743 GC heap before
{Heap before GC invocations=7 (full 2):
 PSYoungGen      total 53248K, used 4049K [0x00000000e0600000, 0x00000000e9280000, 0x0000000100000000)
  eden space 49152K, 0% used [0x00000000e0600000,0x00000000e0600000,0x00000000e3600000)
  from space 4096K, 98% used [0x00000000e3600000,0x00000000e39f45d0,0x00000000e3a00000)
  to   space 32768K, 0% used [0x00000000e7280000,0x00000000e7280000,0x00000000e9280000)
 ParOldGen       total 117248K, used 90703K [0x00000000a1200000, 0x00000000a8480000, 0x00000000e0600000)
  object space 117248K, 77% used [0x00000000a1200000,0x00000000a6a93ea8,0x00000000a8480000)
 Metaspace       used 12717K, capacity 13344K, committed 13568K, reserved 1060864K
  class space    used 1777K, capacity 1928K, committed 2048K, reserved 1048576K
Event: 2.762 GC heap after
Heap after GC invocations=7 (full 2):
 PSYoungGen      total 53248K, used 0K [0x00000000e0600000, 0x00000000e9280000, 0x0000000100000000)
  eden space 49152K, 0% used [0x00000000e0600000,0x00000000e0600000,0x00000000e3600000)
  from space 4096K, 0% used [0x00000000e3600000,0x00000000e3600000,0x00000000e3a00000)
  to   space 32768K, 0% used [0x00000000e7280000,0x00000000e7280000,0x00000000e9280000)
 ParOldGen       total 185856K, used 92181K [0x00000000a1200000, 0x00000000ac780000, 0x00000000e0600000)
  object space 185856K, 49% used [0x00000000a1200000,0x00000000a6c05478,0x00000000ac780000)
 Metaspace       used 12717K, capacity 13344K, committed 13568K, reserved 1060864K
  class space    used 1777K, capacity 1928K, committed 2048K, reserved 1048576K
}
Event: 2.981 GC heap before
{Heap before GC invocations=8 (full 2):
 PSYoungGen      total 53248K, used 49152K [0x00000000e0600000, 0x00000000e9280000, 0x0000000100000000)
  eden space 49152K, 100% used [0x00000000e0600000,0x00000000e3600000,0x00000000e3600000)
  from space 4096K, 0% used [0x00000000e3600000,0x00000000e3600000,0x00000000e3a00000)
  to   space 32768K, 0% used [0x00000000e7280000,0x00000000e7280000,0x00000000e9280000)
 ParOldGen       total 185856K, used 92181K [0x00000000a1200000, 0x00000000ac780000, 0x00000000e0600000)
  object space 185856K, 49% used [0x00000000a1200000,0x00000000a6c05478,0x00000000ac780000)
 Metaspace       used 12737K, capacity 13348K, committed 13568K, reserved 1060864K
  class space    used 1777K, capacity 1928K, committed 2048K, reserved 1048576K
Event: 2.992 GC heap after
Heap after GC invocations=8 (full 2):
 PSYoungGen      total 103936K, used 32736K [0x00000000e0600000, 0x00000000e9c00000, 0x0000000100000000)
  eden space 71168K, 0% used [0x00000000e0600000,0x00000000e0600000,0x00000000e4b80000)
  from space 32768K, 99% used [0x00000000e7280000,0x00000000e9278118,0x00000000e9280000)
  to   space 39936K, 0% used [0x00000000e4b80000,0x00000000e4b80000,0x00000000e7280000)
 ParOldGen       total 185856K, used 98827K [0x00000000a1200000, 0x00000000ac780000, 0x00000000e0600000)
  object space 185856K, 53% used [0x00000000a1200000,0x00000000a7282e78,0x00000000ac780000)
 Metaspace       used 12737K, capacity 13348K, committed 13568K, reserved 1060864K
  class space    used 1777K, capacity 1928K, committed 2048K, reserved 1048576K
}
Event: 3.368 GC heap before
{Heap before GC invocations=9 (full 2):
 PSYoungGen      total 103936K, used 103904K [0x00000000e0600000, 0x00000000e9c00000, 0x0000000100000000)
  eden space 71168K, 100% used [0x00000000e0600000,0x00000000e4b80000,0x00000000e4b80000)
  from space 32768K, 99% used [0x00000000e7280000,0x00000000e9278118,0x00000000e9280000)
  to   space 39936K, 0% used [0x00000000e4b80000,0x00000000e4b80000,0x00000000e7280000)
 ParOldGen       total 185856K, used 98827K [0x00000000a1200000, 0x00000000ac780000, 0x00000000e0600000)
  object space 185856K, 53% used [0x00000000a1200000,0x00000000a7282e78,0x00000000ac780000)
 Metaspace       used 12776K, capacity 13360K, committed 13568K, reserved 1060864K
  class space    used 1778K, capacity 1930K, committed 2048K, reserved 1048576K
Event: 3.394 GC heap after
Heap after GC invocations=9 (full 2):
 PSYoungGen      total 111104K, used 39929K [0x00000000e0600000, 0x00000000efd80000, 0x0000000100000000)
  eden space 71168K, 0% used [0x00000000e0600000,0x00000000e0600000,0x00000000e4b80000)
  from space 39936K, 99% used [0x00000000e4b80000,0x00000000e727e590,0x00000000e7280000)
  to   space 72192K, 0% used [0x00000000eb700000,0x00000000eb700000,0x00000000efd80000)
 ParOldGen       total 185856K, used 146105K [0x00000000a1200000, 0x00000000ac780000, 0x00000000e0600000)
  object space 185856K, 78% used [0x00000000a1200000,0x00000000aa0ae6a0,0x00000000ac780000)
 Metaspace       used 12776K, capacity 13360K, committed 13568K, reserved 1060864K
  class space    used 1778K, capacity 1930K, committed 2048K, reserved 1048576K
}
Event: 3.395 GC heap before
{Heap before GC invocations=10 (full 3):
 PSYoungGen      total 111104K, used 39929K [0x00000000e0600000, 0x00000000efd80000, 0x0000000100000000)
  eden space 71168K, 0% used [0x00000000e0600000,0x00000000e0600000,0x00000000e4b80000)
  from space 39936K, 99% used [0x00000000e4b80000,0x00000000e727e590,0x00000000e7280000)
  to   space 72192K, 0% used [0x00000000eb700000,0x00000000eb700000,0x00000000efd80000)
 ParOldGen       total 185856K, used 146105K [0x00000000a1200000, 0x00000000ac780000, 0x00000000e0600000)
  object space 185856K, 78% used [0x00000000a1200000,0x00000000aa0ae6a0,0x00000000ac780000)
 Metaspace       used 12776K, capacity 13360K, committed 13568K, reserved 1060864K
  class space    used 1778K, capacity 1930K, committed 2048K, reserved 1048576K
Event: 3.457 GC heap after
Heap after GC invocations=10 (full 3):
 PSYoungGen      total 111104K, used 0K [0x00000000e0600000, 0x00000000efd80000, 0x0000000100000000)
  eden space 71168K, 0% used [0x00000000e0600000,0x00000000e0600000,0x00000000e4b80000)
  from space 39936K, 0% used [0x00000000e4b80000,0x00000000e4b80000,0x00000000e7280000)
  to   space 72192K, 0% used [0x00000000eb700000,0x00000000eb700000,0x00000000efd80000)
 ParOldGen       total 305664K, used 182843K [0x00000000a1200000, 0x00000000b3c80000, 0x00000000e0600000)
  object space 305664K, 59% used [0x00000000a1200000,0x00000000ac48eed8,0x00000000b3c80000)
 Metaspace       used 12776K, capacity 13360K, committed 13568K, reserved 1060864K
  class space    used 1778K, capacity 1930K, committed 2048K, reserved 1048576K
}
Event: 12.858 GC heap before
{Heap before GC invocations=11 (full 3):
 PSYoungGen      total 111104K, used 69910K [0x00000000e0600000, 0x00000000efd80000, 0x0000000100000000)
  eden space 71168K, 98% used [0x00000000e0600000,0x00000000e4a45a00,0x00000000e4b80000)
  from space 39936K, 0% used [0x00000000e4b80000,0x00000000e4b80000,0x00000000e7280000)
  to   space 72192K, 0% used [0x00000000eb700000,0x00000000eb700000,0x00000000efd80000)
 ParOldGen       total 305664K, used 182843K [0x00000000a1200000, 0x00000000b3c80000, 0x00000000e0600000)
  object space 305664K, 59% used [0x00000000a1200000,0x00000000ac48eed8,0x00000000b3c80000)
 Metaspace       used 18182K, capacity 19396K, committed 19584K, reserved 1067008K
  class space    used 2623K, capacity 2884K, committed 2944K, reserved 1048576K
Event: 12.875 GC heap after
Heap after GC invocations=11 (full 3):
 PSYoungGen      total 160768K, used 41010K [0x00000000e0600000, 0x00000000ef400000, 0x0000000100000000)
  eden space 98304K, 0% used [0x00000000e0600000,0x00000000e0600000,0x00000000e6600000)
  from space 62464K, 65% used [0x00000000eb700000,0x00000000edf0ca20,0x00000000ef400000)
  to   space 72704K, 0% used [0x00000000e6600000,0x00000000e6600000,0x00000000ead00000)
 ParOldGen       total 305664K, used 182851K [0x00000000a1200000, 0x00000000b3c80000, 0x00000000e0600000)
  object space 305664K, 59% used [0x00000000a1200000,0x00000000ac490ed8,0x00000000b3c80000)
 Metaspace       used 18182K, capacity 19396K, committed 19584K, reserved 1067008K
  class space    used 2623K, capacity 2884K, committed 2944K, reserved 1048576K
}

Deoptimization events (10 events):
Event: 17.683 Thread 0x0000000018023800 Uncommon trap: reason=unstable_if action=reinterpret pc=0x0000000002ea3d00 method=javafx.scene.Node.impl_intersectsBounds(Lcom/sun/javafx/geom/PickRay;)D @ 902
Event: 19.949 Thread 0x0000000018023800 Uncommon trap: reason=unstable_if action=reinterpret pc=0x0000000002e3aaf8 method=javafx.scene.Node.updateBounds()V @ 70
Event: 19.984 Thread 0x0000000017854800 Uncommon trap: reason=unstable_if action=reinterpret pc=0x0000000002e31b9c method=java.lang.Math.round(F)I @ 23
Event: 19.992 Thread 0x0000000017854800 Uncommon trap: reason=unstable_if action=reinterpret pc=0x0000000002efa570 method=com.sun.javafx.geom.transform.AffineBase.updateState2D()V @ 33
Event: 31.729 Thread 0x0000000018023800 Uncommon trap: reason=unstable_if action=reinterpret pc=0x0000000002dcfc20 method=java.lang.StrictMath.floorOrCeil(DDDD)D @ 38
Event: 84.848 Thread 0x0000000018023800 Uncommon trap: reason=unstable_if action=reinterpret pc=0x0000000002fb80f4 method=com.sun.scenario.animation.shared.FiniteClipEnvelope.timePulse(J)V @ 85
Event: 203.681 Thread 0x000000001844e000 Uncommon trap: reason=unstable_if action=reinterpret pc=0x0000000002682888 method=java.util.concurrent.locks.ReentrantLock$NonfairSync.lock()V @ 6
Event: 203.681 Thread 0x000000001844e000 Uncommon trap: reason=unstable_if action=reinterpret pc=0x0000000002fb5e14 method=java.util.concurrent.locks.ReentrantLock$Sync.nonfairTryAcquire(I)Z @ 10
Event: 203.681 Thread 0x000000001844e000 Uncommon trap: reason=unstable_if action=reinterpret pc=0x0000000002f65080 method=java.util.concurrent.locks.ReentrantLock$Sync.tryRelease(I)Z @ 28
Event: 203.681 Thread 0x0000000017854800 Uncommon trap: reason=unstable_if action=reinterpret pc=0x000000000271c628 method=java.util.concurrent.locks.AbstractQueuedSynchronizer$ConditionObject.checkInterruptWhileWaiting(Ljava/util/concurrent/locks/AbstractQueuedSynchronizer$Node;)I @ 3

Internal exceptions (10 events):
Event: 0.402 Thread 0x0000000002482800 Exception <a 'java/security/PrivilegedActionException'> (0x00000000e0a6bef8) thrown at [C:\re\workspace\8-2-build-windows-amd64-cygwin\jdk8u102\7268\hotspot\src\share\vm\prims\jvm.cpp, line 1386]
Event: 0.402 Thread 0x0000000002482800 Exception <a 'java/lang/NullPointerException'> (0x00000000e0a6c900) thrown at [C:\re\workspace\8-2-build-windows-amd64-cygwin\jdk8u102\7268\hotspot\src\share\vm\interpreter\linkResolver.cpp, line 1178]
Event: 0.433 Thread 0x0000000002482800 Implicit null exception at 0x000000000269b1d5 to 0x000000000269b3a1
Event: 0.830 Thread 0x0000000018023800 Exception <a 'java/lang/NullPointerException'> (0x00000000e16417e0) thrown at [C:\re\workspace\8-2-build-windows-amd64-cygwin\jdk8u102\7268\hotspot\src\share\vm\interpreter\linkResolver.cpp, line 1178]
Event: 0.830 Thread 0x0000000018023800 Exception <a 'java/lang/NullPointerException'> (0x00000000e16417e0) thrown at [C:\re\workspace\8-2-build-windows-amd64-cygwin\jdk8u102\7268\hotspot\src\share\vm\prims\jvm.cpp, line 1390]
Event: 2.200 Thread 0x0000000018023800 Exception <a 'java/lang/UnsatisfiedLinkError': com.sun.media.jfxmediaimpl.NativeAudioClip.nacInit()Z> (0x00000000e17fe418) thrown at [C:\re\workspace\8-2-build-windows-amd64-cygwin\jdk8u102\7268\hotspot\src\share\vm\prims\nativeLookup.cpp, line 378]
Event: 2.200 Thread 0x0000000018023800 Exception <a 'java/lang/UnsatisfiedLinkError': com.sun.media.jfxmedia.logging.Logger.nativeSetNativeLevel(I)V> (0x00000000e1802b18) thrown at [C:\re\workspace\8-2-build-windows-amd64-cygwin\jdk8u102\7268\hotspot\src\share\vm\prims\nativeLookup.cpp, line 37	"DˆÐ@
Event: 2.227 Thread 0x0000000018023800 Implicit null exception at 0x00000000027a76d9 to 0x00000000027a7a95
Event: 3.921 Thread 0x0000000018023800 Implicit null exception at 0x00000000028a8e4e to 0x00000000028a9fad
Event: 203.681 Thread 0x000000001844e000 Exception <a 'java/lang/IllegalStateException'> (0x00000000e4cfe388) thrown at [C:\re\workspace\8-2-build-windows-amd64-cygwin\jdk8u102\7268\hotspot\src\share\vm\prims\jvm.cpp, line 1390]

Events (10 events):
Event: 203.681 Thread 0x000000001844e000 DEOPT PACKING pc=0x0000000002f65080 sp=0x000000002894e810
Event: 203.681 Thread 0x000000001844e000 DEOPT UNPACKING pc=0x00000000025c582a sp=0x000000002894e798 mode 2
Event: 203.681 Thread 0x0000000017854800 Uncommon trap: trap_request=0xffffff65 fr.pc=0x000000000271c628
Event: 203.681 Thread 0x0000000017854800 DEOPT PACKING pc=0x000000000271c628 sp=0x0000000017f9f000
Event: 203.681 Thread 0x0000000017854800 DEOPT UNPACKING pc=0x00000000025c582a sp=0x0000000017f9ef60 mode 2
Event: 203.681 loading class com/sun/javafx/tk/quantum/QuantumToolkit
Event: 203.681 loading class com/sun/javafx/tk/quantum/QuantumToolkit done
Event: 203.681 loading class java/util/LinkedList$ListItr
Event: 203.681 loading class java/util/LinkedList$ListItr done
Event: 203.682 Executing VM operation: Exit


Dynamic libraries:
0x00007ff72c5a0000 - 0x00007ff72c5d7000 	C:\Program Files\Java\jdk1.8.0_102\bin\java.exe
0x00007ffdcbb60000 - 0x00007ffdcbd41000 	C:\WINDOWS\SYSTEM32\ntdll.dll
0x00007ffdcaf80000 - 0x00007ffdcb031000 	C:\WINDOWS\System32\KERNEL32.DLL
0x00007ffdc7fb0000 - 0x00007ffdc8223000 	C:\WINDOWS\System32\KERNELBASE.dll
0x0000000063bd0000 - 0x0000000063c65000 	C:\WINDOWS\System32\SYSFER.DLL
0x00007ffdcae20000 - 0x00007ffdcaec1000 	C:\WINDOWS\System32\ADVAPI32.dll
0x00007ffdca810000 - 0x00007ffdca8ae000 	C:\WINDOWS\System32\msvcrt.dll
0x00007ffdcab80000 - 0x00007ffdcabdb000 	C:\WINDOWS\System32\sechost.dll
0x00007ffdca610000 - 0x00007ffdca734000 	C:\WINDOWS\System32\RPCRT4.dll
0x00007ffdcac90000 - 0x00007ffdcae20000 	C:\WINDOWS\System32\USER32.dll
0x00007ffdc7f30000 - 0x00007ffdc7f50000 	C:\WINDOWS\System32\win32u.dll
0x00007ffdcaf50000 - 0x00007ffdcaf78000 	C:\WINDOWS\System32\GDI32.dll
0x00007ffdc8c60000 - 0x00007ffdc8df2000 	C:\WINDOWS\System32\gdi32full.dll
0x00007ffdc8e00000 - 0x00007ffdc8e9f000 	C:\WINDOWS\System32\msvcp_win.dll
0x00007ffdc8ef0000 - 0x00007ffdc8fe8000 	C:\WINDOWS\System32\ucrtbase.dll
0x00007ffdbf820000 - 0x00007ffdbfa89000 	C:\WINDOWS\WinSxS\amd64_microsoft.windows.common-controls_6595b64144ccf1df_6.0.17134.706_none_fb43a2cb30647007\COMCTL32.dll
0x00007ffdcb7d0000 - 0x00007ffdcbaf2000 	C:\WINDOWS\System32\combase.dll
0x00007ffdc82e0000 - 0x00007ffdc835a000 	C:\WINDOWS\System32\bcryptPrimitives.dll
0x00007ffdcbb00000 - 0x00007ffdcbb2d000 	C:\WINDOWS\System32\IMM32.DLL
0x0000000061e40000 - 0x0000000061f11000 	C:\Program Files\Java\jdk1.8.0_102\jre\bin\msvcr100.dll
0x0000000060a60000 - 0x00000000612fa000 	C:\Program Files\Java\jdk1.8.0_102\jre\bin\server\jvm.dll
0x00007ffdca8b0000 - 0x00007ffdca8b8000 	C:\WINDOWS\System32\PSAPI.DLL
0x00007ffdc6d60000 - 0x00007ffdc6d69000 	C:\WINDOWS\SYSTEM32\WSOCK32.dll
0x00007ffdcaee0000 - 0x00007ffdcaf4c000 	C:\WINDOWS\System32\WS2_32.dll
0x00007ffdc5e20000 - 0x00007ffdc5e43000 	C:\WINDOWS\SYSTEM32\WINMM.dll
0x00007ffdb9020000 - 0x00007ffdb902a000 	C:\WINDOWS\SYSTEM32\VERSION.dll
0x00007ffdc5df0000 - 0x00007ffdc5e1a000 	C:\WINDOWS\SYSTEM32\WINMMBASE.dll
0x00007ffdc8ea0000 - 0x00007ffdc8ee9000 	C:\WINDOWS\System32\cfgmgr32.dll
0x0000000061e30000 - 0x0000000061e3f000 	C:\Program Files\Java\jdk1.8.0_102\jre\bin\verify.dll
0x0000000061e00000 - 0x0000000061e29000 	C:\Program Files\Java\jdk1.8.0_102\jre\bin\java.dll
0x00000000620a0000 - 0x00000000620c3000 	C:\Program Files\Java\jdk1.8.0_102\jre\bin\instrument.dll
0x0000000061de0000 - 0x0000000061df6000 	C:\Program Files\Java\jdk1.8.0_102\jre\bin\zip.dll
0x00007ffdc91d0000 - 0x00007ffdca610000 	C:\WINDOWS\System32\SHELL32.dll
0x00007ffdcabe0000 - 0x00007ffdcac89000 	C:\WINDOWS\System32\shcore.dll
0x00007ffdc8360000 - 0x00007ffdc8a6d000 	C:\WINDOWS\System32\windows.storage.dll
0x00007ffdc8ff0000 - 0x00007ffdc9041000 	C:\WINDOWS\System32\shlwapi.dll
0x00007ffdc7ea0000 - 0x00007ffdc7eb1000 	C:\WINDOWS\System32\kernel.appcore.dll
0x00007ffdc7f10000 - 0x00007ffdc7f2f000 	C:\WINDOWS\System32\profapi.dll
0x00007ffdc7ec0000 - 0x00007ffdc7f0c000 	C:\WINDOWS\System32\powrprof.dll
0x00007ffdc7e70000 - 0x00007ffdc7e7a000 	C:\WINDOWS\System32\FLTLIB.DLL
0x00007ffdb29a0000 - 0x00007ffdb29ba000 	C:\Program Files\JetBrains\IntelliJ IDEA Community Edition 2018.3.4\bin\breakgen64.dll
0x0000000061dc0000 - 0x0000000061dda000 	C:\Program Files\Java\jdk1.8.0_102\jre\bin\net.dll
0x00007ffdc7690000 - 0x00007ffdc76f6000 	C:\WINDOWS\system32\mswsock.dll
0x00007ffd9f330000 - 0x00007ffd9f41f000 	C:\Program Files\Java\jdk1.8.0_102\jre\bin\msvcr120.dll
0x00007ffd9f1c0000 - 0x00007ffd9f266000 	C:\Program Files\Java\jdk1.8.0_102\jre\bin\msvcp120.dll
0x0000000062070000 - 0x0000000062092000 	C:\Program Files\Java\jdk1.8.0_102\jre\bin\prism_d3d.dll
0x00007ffda5150000 - 0x00007ffda52e7000 	C:\WINDOWS\system32\d3d9.dll
0x00007ffdc62d0000 - 0x00007ffdc62f9000 	C:\WINDOWS\SYSTEM32\dwmapi.dll
0x00007ffdc61b0000 - 0x00007ffdc6248000 	C:\WINDOWS\system32\uxtheme.dll
0x00007ffd69260000 - 0x00007ffd6b79d000 	C:\WINDOWS\SYSTEM32\igdumdim64.dll
0x00007ffdca740000 - 0x00007ffdca802000 	C:\WINDOWS\System32\OLEAUT32.dll
0x00007ffdcb1b0000 - 0x00007ffdcb301000 	C:\WINDOWS\System32\ole32.dll
0x00007ffdcb380000 - 0x00007ffdcb7cb000 	C:\WINDOWS\System32\SETUPAPI.dll
0x0000000062020000 - 0x0000000062063000 	C:\Program Files\Java\jdk1.8.0_102\jre\bin\glass.dll
0x00007ffdcb0c0000 - 0x00007ffdcb1ad000 	C:\WINDOWS\System32\COMDLG32.dll
0x00007ffdc9050000 - 0x00007ffdc91c3000 	C:\WINDOWS\System32\MSCTF.dll
0x00007ffdc14a0000 - 0x00007ffdc1edf000 	C:\WINDOWS\SYSTEM32\igdusc64.dll
0x0000000062000000 - 0x0000000062014000 	C:\Program Files\Java\jdk1.8.0_102\jre\bin\javafx_font.dll
0x00007ffdbb450000 - 0x00007ffdbb76c000 	C:\WINDOWS\SYSTEM32\dwrite.dll
0x0000000061fb0000 - 0x0000000061fd3000 	C:\Program Files\Java\jdk1.8.0_102\jre\bin\javafx_iio.dll
0x0000000061f30000 - 0x0000000061fa3000 	C:\Program Files\Java\jdk1.8.0_102\jre\bin\glib-lite.dll
0x0000000061cf0000 - 0x0000000061d8c000 	C:\Program Files\Java\jdk1.8.0_102\jre\bin\gstreamer-lite.dll
0x00007ffda8c50000 - 0x00007ffda8cdf000 	C:\WINDOWS\SYSTEM32\DSOUND.dll
0x0000000061af0000 - 0x0000000061b15000 	C:\Program Files\Java\jdk1.8.0_102\jre\bin\jfxmedia.dll
0x00007ffdcaae0000 - 0x00007ffdcab80000 	C:\WINDOWS\System32\clbcatq.dll
0x00007ffdc42a0000 - 0x00007ffdc444e000 	C:\WINDOWS\SYSTEM32\WindowsCodecs.dll
0x00007ffda9f60000 - 0x00007ffda9fb8000 	C:\WINDOWS\system32\dataexchange.dll
0x00007ffdc4e00000 - 0x00007ffdc510b000 	C:\WINDOWS\system32\d3d11.dll
0x00007ffdc5570000 - 0x00007ffdc570c000 	C:\WINDOWS\system32\dcomp.dll
0x00007ffdc6890000 - 0x00007ffdc694b000 	C:\WINDOWS\system32\dxgi.dll
0x00007ffdc63b0000 - 0x00007ffdc6568000 	C:\WINDOWS\system32\twinapi.appcore.dll
0x00007ffdc6150000 - 0x00007ffdc6179000 	C:\WINDOWS\system32\RMCLIENT.dll
0x00007ffdac050000 - 0x00007ffdac084000 	C:\Program Files\Common Files\Microsoft Shared\Ink\rtscom.dll
0x0000000061fe0000 - 0x0000000061ff1000 	C:\Program Files\Java\jdk1.8.0_102\jre\bin\prism_common.dll
0x00007ffdc4640000 - 0x00007ffdc4c07000 	C:\WINDOWS\SYSTEM32\d2d1.dll
0x00007ffd97d50000 - 0x00007ffd984ce000 	C:\WINDOWS\SYSTEM32\D3D10Warp.dll
0x00007ffdbcf40000 - 0x00007ffdbcfd6000 	C:\WINDOWS\System32\TextInputFramework.dll
0x00007ffdc3df0000 - 0x00007ffdc410e000 	C:\WINDOWS\System32\CoreUIComponents.dll
0x00007ffdc5a90000 - 0x00007ffdc5b6a000 	C:\WINDOWS\System32\CoreMessaging.dll
0x00007ffdc6f60000 - 0x00007ffdc6f91000 	C:\WINDOWS\SYSTEM32\ntmarta.dll
0x00007ffdc3b50000 - 0x00007ffdc3c9d000 	C:\WINDOWS\SYSTEM32\wintypes.dll
0x00007ffdc6ae0000 - 0x00007ffdc6ca9000 	C:\WINDOWS\SYSTEM32\dbghelp.dll

VM Arguments:
jvm_args: -javaagent:C:\Program Files\JetBrains\IntelliJ IDEA Community Edition 2018.3.4\lib\idea_rt.jar=51713:C:\Program Files\JetBrains\IntelliJ IDEA Community Edition 2018.3.4\bin -Dfile.encoding=UTF-8 
java_command: ClientFX
java_class_path (initial): C:\Program Files\Java\jdk1.8.0_102\jre\lib\charsets.jar;C:\Program Files\Java\jdk1.8.0_102\jre\lib\deploy.jar;C:\Program Files\Java\jdk1.8.0_102\jre\lib\ext\access-bridge-64.jar;C:\Program Files\Java\jdk1.8.0_102\jre\lib\ext\cldrdata.jar;C:\Program Files\Java\jdk1.8.0_102\jre\lib\ext\dnsns.jar;C:\Program Files\Java\jdk1.8.0_102\jre\lib\ext\jaccess.jar;C:\Program Files\Java\jdk1.8.0_102\jre\lib\ext\jfxrt.jar;C:\Program Files\Java\jdk1.8.0_102\jre\lib\ext\localedata.jar;C:\Program Files\Java\jdk1.8.0_102\jre\lib\ext\nashorn.jar;C:\Program Files\Java\jdk1.8.0_102\jre\lib\ext\sunec.jar;C:\Program Files\Java\jdk1.8.0_102\jre\lib\ext\sunjce_provider.jar;C:\Program Files\Java\jdk1.8.0_102\jre\lib\ext\sunmscapi.jar;C:\Program Files\Java\jdk1.8.0_102\jre\lib\ext\sunpkcs11.jar;C:\Program Files\Java\jdk1.8.0_102\jre\lib\ext\zipfs.jar;C:\Program Files\Java\jdk1.8.0_102\jre\lib\javaws.jar;C:\Program Files\Java\jdk1.8.0_102\jre\lib\jce.jar;C:\Program Files\Java\jdk1.8.0_102\jre\lib\jfr.jar;C:\Program Files\Java\jdk1.8.0_102\jre\lib\jfxswt.jar;C:\Program Files\Java\jdk1.8.0_102\jre\lib\jsse.jar;C:\Program Files\Java\jdk1.8.0_102\jre\lib\management-agent.jar;C:\Program Files\Java\jdk1.8.0_102\jre\lib\plugin.jar;C:\Program Files\Java\jdk1.8.0_102\jre\lib\resources.jar;C:\Program Files\Java\jdk1.8.0_102\jre\lib\rt.jar;C:\Users\Don\Documents\GitHub\Project5\Client\out\production\Client;C:\Program Files\JetBrains\IntelliJ IDEA Community Edition 2018.3.4\lib\idea_rt.jar
Launcher Type: SUN_STANDARD

Environment Variables:
JAVA_HOME=C:\Program Files\Java\jdk1.8.0_172
CLASSPATH=.;
PATH=C:\Python27\;C:\Python27\Scripts;C:\Program Files (x86)\Common Files\Oracle\Java\javapath;C:\ProgramData\Oracle\Java\javapath;C:\Program Files (x86)\Intel\iCLS Client\;C:\Program Files\Intel\iCLS Client\;C:\WINDOWS\system32;C:\WINDOWS;C:\WINDOWS\System32\Wbem;C:\WINDOWS\System32\WindowsPowerShell\v1.0\;C:\Program Files\Hewlett-Packard\SimplePass\;C:\Program Files (x86)\Windows Live\Shared;C:\Program Files\Novell\iPrint;C:\WINDOWS\System32\OpenSSH\;C:\ProgramData\chocolatey\bin;C:\Program Files\Java\jdk1.8.0_172\bin;C:\TDM-GCC-64\bin;C:\Program Files\PuTTY\;C:\Program Files\Intel\Intel(R) Management Engine Components\DAL;C:\Program Files\Intel\Intel(R) Management Engine Components\IPT;C:\Program Files\dotnet\;C:\Program Files\Git\cmd;C:\Program Files\nodejs\;C:\Users\Don\AppData\Local\Microsoft\WindowsApps;C:\Users\Don\AndroidAppData\platform-tools;C:\Users\Don\AppData\Local\Programs\Microsoft VS Code\bin;C:\Users\Don\.dotnet\tools;C:\Program Files (x86)\Java\jdk1.8.0_102\bin;;C:\Users\Don\AppData\Local\Programs\Azure Data Studio\bin;C:\Users\Don\AppData\Roaming\npm
USERNAME=Don
OS=Windows_NT
PROCESSOR_IDENTIFIER=Intel64 Family 6 Model 61 Stepping 4, GenuineIntel



---------------  S Y S T E M  ---------------

OS: Windows 10.0 , 64 bit Build 17134 (10.0.17134.706)

CPU:total 4 (2 cores per cpu, 2 threads per core) family 6 model 61 stepping 4, cmov, cx8, fxsr, mmx, sse, sse2, sse3, ssse3, sse4.1, sse4.2, popcnt, avx, avx2, aes, clmul, erms, 3dnowpref, lzcnt, ht, tsc, tscinvbit, bmi1, bmi2, adx

Memory: 4k page, physical 6211852k(1536528k free), swap 11454732k(2917624k free)

vm_info: Java HotSpot(TM) 64-Bit Server VM (25.102-b14) for windows-amd64 JRE (1.8.0_102-b14), built on Jun 22 2016 13:15:21 by "java_re" with MS VC++ 10.0 (VS2010)

time: Sun May 05 16:22:28 2019
elapsed time: 204 seconds (0d 0h 3m 24s)

