#
# A fatal error has been detected by the Java Runtime Environment:
#
#  EXCEPTION_ACCESS_VIOLATION (0xc0000005) at pc=0x000000006204584a, pid=7124, tid=0x0000000000007b30
#
# JRE version: Java(TM) SE Runtime Environment (8.0_102-b14) (build 1.8.0_102-b14)
# Java VM: Java HotSpot(TM) 64-Bit Server VM (25.102-b14 mixed mode windows-amd64 compressed oops)
# Problematic frame:
# C  [glass.dll+0x2584a]
#
# Failed to write core dump. Minidumps are not enabled by default on client versions of Windows
#
# If you would like to submit a bug report, please visit:
#   http://bugreport.java.com/bugreport/crash.jsp
#

---------------  T H R E A D  ---------------

Current thread (0x0000000015f28800):  VMThread [stack: 0x0000000016fc0000,0x00000000170c0000] [id=31536]

siginfo: ExceptionCode=0xc0000005, reading address 0x0000000000000000

Registers:
RAX=0x0000000000000000, RBX=0x000000001803c518, RCX=0x0000000015f28800, RDX=0x000000001803c518
RSP=0x00000000170bf010, RBP=0x00000000005905b0, RSI=0x0000000000000001, RDI=0x0000000000000000
R8 =0x0000000000010002, R9 =0x00000000005905b0, R10=0x0000000000000000, R11=0x0000000000000246
R12=0x00000000005905e0, R13=0x00000000005905b0, R14=0x00000000005905c0, R15=0x0000000000000000
RIP=0x000000006204584a, EFLAGS=0x0000000000010202

Top of Stack: (sp=0x00000000170bf010)
0x00000000170bf010:   0000000000000000 0000000062045900
0x00000000170bf020:   0000000000000000 00000000620591b0
0x00000000170bf030:   0000000062045830 0000000062043224
0x00000000170bf040:   0000000062045a60 00007ffd1578e85c
0x00000000170bf050:   0000000000000000 00007ffd982bc2c4
0x00000000170bf060:   0000000000000001 0000000062020000
0x00000000170bf070:   00000000023a1638 00000000620434a6
0x00000000170bf080:   0000000000000001 0000000015e35500
0x00000000170bf090:   0000000000000000 0000000062043384
0x00000000170bf0a0:   c000000500000001 00000000170be190
0x00000000170bf0b0:   0000000062020000 00007ffdcbb9b583
0x00000000170bf0c0:   000000007ffe0385 0000000000000000
0x00000000170bf0d0:   000000007ffe0384 000000007ffe0385
0x00000000170bf0e0:   000000000000000f 00007ffdcbba813a
0x00000000170bf0f0:   0000d29b6b8b8b00 00000000005555a0
0x00000000170bf100:   0000000000000000 0000000000000000 

Instructions: (pc=0x000000006204584a)
0x000000006204582a:   83 c4 20 5d c3 cc 40 53 48 83 ec 20 48 8b 1d cb
0x000000006204583a:   5b 01 00 48 85 db 74 1a e8 19 93 ff ff 48 8b d3
0x000000006204584a:   4c 8b 00 48 8b c8 48 83 c4 20 5b 49 ff a0 b0 00
0x000000006204585a:   00 00 48 83 c4 20 5b c3 cc cc cc cc cc cc cc cc 


Register to memory mapping:

RAX=0x0000000000000000 is an unknown value
RBX=0x000000001803c518 is a global jni handle
RCX=0x0000000015f28800 is an unknown value
RDX=0x000000001803c518 is a global jni handle
RSP=0x00000000170bf010 is an unknown value
RBP=0x00000000005905b0 is an unknown value
RSI=0x0000000000000001 is an unknown value
RDI=0x0000000000000000 is an unknown value
R8 =0x0000000000010002 is an unknown value
R9 =0x00000000005905b0 is an unknown value
R10=0x0000000000000000 is an unknown value
R11=0x0000000000000246 is an unknown value
R12=0x00000000005905e0 is an unknown value
R13=0x00000000005905b0 is an unknown value
R14=0x00000000005905c0 is an unknown value
R15=0x0000000000000000 is an unknown value


Stack: [0x0000000016fc0000,0x00000000170c0000],  sp=0x00000000170bf010,  free space=1020k
Native frames: (J=compiled Java code, j=interpreted, Vv=VM code, C=native code)
C  [glass.dll+0x2584a]
C  [glass.dll+0x23224]
C  [glass.dll+0x234a6]
C  [ntdll.dll+0x3b583]
C  [ntdll.dll+0x47f85]
C  [ntdll.dll+0x47e48]
C  [KERNEL32.DLL+0x1ca7a]
C  [msvcr100.dll+0x20cb9]
V  [jvm.dll+0x212a05]
V  [jvm.dll+0x24b647]
V  [jvm.dll+0x24a8e6]
V  [jvm.dll+0x24ad81]
V  [jvm.dll+0x24af9e]
V  [jvm.dll+0x29c03a]
C  [msvcr100.dll+0x21d7b]
C  [msvcr100.dll+0x21e17]
C  [KERNEL32.DLL+0x14034]
C  [ntdll.dll+0x73691]

VM_Operation (0x0000000018b8aa30): Exit, mode: safepoint, requested by thread 0x0000000017fe0800


---------------  P R O C E S S  ---------------

Java Threads: ( => current thread )
  0x00000000182ab800 JavaThread "Glass/Prism Shutdown Hook" [_thread_blocked, id=2632, stack(0x0000000024c70000,0x0000000024d70000)]
  0x00000000182ab000 JavaThread "Thread-8" daemon [_thread_blocked, id=33788, stack(0x0000000024a70000,0x0000000024b70000)]
  0x00000000182aa000 JavaThread "Thread-7" [_thread_blocked, id=33472, stack(0x00000000222b0000,0x00000000223b0000)]
  0x00000000182ac800 JavaThread "Thread-6" [_thread_blocked, id=33280, stack(0x0000000021eb0000,0x0000000021fb0000)]
  0x00000000182af800 JavaThread "Thread-4" daemon [_thread_in_native, id=33276, stack(0x0000000021db0000,0x0000000021eb0000)]
  0x000000001825a000 JavaThread "Media Resource Disposer" daemon [_thread_blocked, id=33012, stack(0x000000001ecf0000,0x000000001edf0000)]
  0x00000000180da000 JavaThread "Prism Font Disposer" daemon [_thread_blocked, id=32864, stack(0x000000001e7f0000,0x000000001e8f0000)]
  0x000000001806d800 JavaThread "JavaFX-Launcher" [_thread_blocked, id=32836, stack(0x000000001d570000,0x000000001d670000)]
  0x000000001806d000 JavaThread "Thread-2" daemon [_thread_in_native, id=32828, stack(0x000000001d470000,0x000000001d570000)]
  0x0000000017fe0800 JavaThread "JavaFX Application Thread" [_thread_blocked, id=32812, stack(0x0000000018a90000,0x0000000018b90000)]
  0x0000000017fe0000 JavaThread "Thread-1" daemon [_thread_blocked, id=32808, stack(0x0000000018990000,0x0000000018a90000)]
  0x00000000179a8800 JavaThread "QuantumRenderer-0" daemon [_thread_blocked, id=32804, stack(0x00000000187b0000,0x00000000188b0000)]
  0x0000000017676000 JavaThread "Service Thread" daemon [_thread_blocked, id=32788, stack(0x0000000017db0000,0x0000000017eb0000)]
  0x0000000017641000 JavaThread "C1 CompilerThread2" daemon [_thread_blocked, id=32784, stack(0x0000000017cb0000,0x0000000017db0000)]
  0x0000000015fa7000 JavaThread "C2 CompilerThread1" daemon [_thread_blocked, id=32780, stack(0x0000000017bb0000,0x0000000017cb0000)]
  0x00000000175f3800 JavaThread "C2 CompilerThread0" daemon [_thread_blocked, id=32776, stack(0x0000000017ab0000,0x0000000017bb0000)]
  0x0000000015fb6800 JavaThread "Monitor Ctrl-Break" daemon [_thread_in_native, id=32772, stack(0x00000000179b0000,0x0000000017ab0000)]
  0x0000000015f5d800 JavaThread "Attach Listener" daemon [_thread_blocked, id=29444, stack(0x00000000174b0000,0x00000000175b0000)]
  0x0000000015f5a800 JavaThread "Signal Dispatcher" daemon [_thread_blocked, id=22552, stack(0x00000000173b0000,0x00000000174b0000)]
  0x000000000268b800 JavaThread "Finalizer" daemon [_thread_blocked, id=29188, stack(0x00000000171c0000,0x00000000172c0000)]
  0x0000000002680800 JavaThread "Reference Handler" daemon [_thread_blocked, id=4860, stack(0x00000000170c0000,0x00000000171c0000)]
  0x0000000002592800 JavaThread "main" [_thread_blocked, id=16652, stack(0x0000000002260000,0x0000000002360000)]

Other Threads:
=>0x0000000015f28800 VMThread [stack: 0x0000000016fc0000,0x00000000170c0000] [id=31536]

VM state:at safepoint (shutting down)

VM Mutex/Monitor currently owned by a thread:  ([mutex/lock_event])
[0x00000000023ae450] Threads_lock - owner thread: 0x0000000015f28800

Heap:
 PSYoungGen      total 117760K, used 42863K [0x00000000e0600000, 0x00000000ee180000, 0x0000000100000000)
  eden space 68608K, 36% used [0x00000000e0600000,0x00000000e1e825c0,0x00000000e4900000)
  from space 49152K, 36% used [0x00000000e8d00000,0x00000000e9e599e8,0x00000000ebd00000)
  to   space 69632K, 0% used [0x00000000e4900000,0x00000000e4900000,0x00000000e8d00000)
 ParOldGen       total 328192K, used 194058K [0x00000000a1200000, 0x00000000b5280000, 0x00000000e0600000)
  object space 328192K, 59% used [0x00000000a1200000,0x00000000acf82b00,0x00000000b5280000)
 Metaspace       used 18793K, capacity 20090K, committed 20352K, reserved 1067008K
  class space    used 2647K, capacity 2905K, committed 2944K, reserved 1048576K

Card table byte_map: [0x0000000011a50000,0x0000000011d50000] byte_map_base: 0x0000000011547000

Marking Bits: (ParMarkBitMap*) 0x000000006127a6c0
 Begin Bits: [0x0000000012350000, 0x0000000013b08000)
 End Bits:   [0x0000000013b08000, 0x00000000152c0000)

Polling page: 0x0000000000970000

CodeCache: size=245760Kb used=11094Kb max_used=11107Kb free=234665Kb
 bounds [0x0000000002690000, 0x0000000003170000, 0x0000000011690000]
 total_blobs=4244 nmethods=3560 adapters=595
 compilation: enabled

Compilation events (10 events):
Event: 58.511 Thread 0x0000000015fa7000 3587       4       javafx.scene.Node::updateLocalToParentTransform (442 bytes)
Event: 58.525 Thread 0x0000000015fa7000 nmethod 3587 0x0000000003169890 code [0x0000000003169c00, 0x000000000316aa10]
Event: 58.545 Thread 0x00000000175f3800 3588       4       com.sun.javafx.css.ParsedValueImpl::containsFontRelativeSize (237 bytes)
Event: 58.546 Thread 0x0000000017641000 3589       1       com.sun.javafx.tk.quantum.QuantumToolkit::hasNativeSystemVsync (5 bytes)
Event: 58.546 Thread 0x0000000017641000 nmethod 3589 0x0000000003165e10 code [0x0000000003165f60, 0x0000000003166070]
Event: 58.547 Thread 0x0000000017641000 3590       1       com.sun.prism.d3d.D3DPipeline::isVsyncSupported (2 bytes)
Event: 58.547 Thread 0x0000000017641000 nmethod 3590 0x0000000003165b50 code [0x0000000003165ca0, 0x0000000003165db0]
Event: 58.557 Thread 0x00000000175f3800 nmethod 3588 0x000000000316e0d0 code [0x000000000316e300, 0x000000000316f020]
Event: 58.696 Thread 0x0000000017641000 3591       3       com.sun.javafx.text.PrismTextLayout::copyCache (49 bytes)
Event: 58.696 Thread 0x0000000017641000 nmethod 3591 0x0000000003165650 code [0x00000000031657c0, 0x0000000003165a88]

GC Heap History (10 events):
Event: 3.258 GC heap before
{Heap before GC invocations=7 (full 2):
 PSYoungGen      total 53248K, used 3985K [0x00000000e0600000, 0x00000000e9500000, 0x0000000100000000)
  eden space 49152K, 0% used [0x00000000e0600000,0x00000000e0600000,0x00000000e3600000)
  from space 4096K, 97% used [0x00000000e3600000,0x00000000e39e45d0,0x00000000e3a00000)
  to   space 33280K, 0% used [0x00000000e7480000,0x00000000e7480000,0x00000000e9500000)
 ParOldGen       total 120320K, used 90722K [0x00000000a1200000, 0x00000000a8780000, 0x00000000e0600000)
  object space 120320K, 75% used [0x00000000a1200000,0x00000000a6a988d0,0x00000000a8780000)
 Metaspace       used 12720K, capacity 13344K, committed 13568K, reserved 1060864K
  class space    used 1774K, capacity 1928K, committed 2048K, reserved 1048576K
Event: 3.320 GC heap after
Heap after GC invocations=7 (full 2):
 PSYoungGen      total 53248K, used 0K [0x00000000e0600000, 0x00000000e9500000, 0x0000000100000000)
  eden space 49152K, 0% used [0x00000000e0600000,0x00000000e0600000,0x00000000e3600000)
  from space 4096K, 0% used [0x00000000e3600000,0x00000000e3600000,0x00000000e3a00000)
  to   space 33280K, 0% used [0x00000000e7480000,0x00000000e7480000,0x00000000e9500000)
 ParOldGen       total 194560K, used 92123K [0x00000000a1200000, 0x00000000ad000000, 0x00000000e0600000)
  object space 194560K, 47% used [0x00000000a1200000,0x00000000a6bf6f00,0x00000000ad000000)
 Metaspace       used 12720K, capacity 13344K, committed 13568K, reserved 1060864K
  class space    used 1774K, capacity 1928K, committed 2048K, reserved 1048576K
}
Event: 3.660 GC heap before
{Heap before GC invocations=8 (full 2):
 PSYoungGen      total 53248K, used 49152K [0x00000000e0600000, 0x00000000e9500000, 0x0000000100000000)
  eden space 49152K, 100% used [0x00000000e0600000,0x00000000e3600000,0x00000000e3600000)
  from space 4096K, 0% used [0x00000000e3600000,0x00000000e3600000,0x00000000e3a00000)
  to   space 33280K, 0% used [0x00000000e7480000,0x00000000e7480000,0x00000000e9500000)
 ParOldGen       total 194560K, used 92123K [0x00000000a1200000, 0x00000000ad000000, 0x00000000e0600000)
  object space 194560K, 47% used [0x00000000a1200000,0x00000000a6bf6f00,0x00000000ad000000)
 Metaspace       used 12741K, capacity 13348K, committed 13568K, reserved 1060864K
  class space    used 1774K, capacity 1928K, committed 2048K, reserved 1048576K
Event: 3.676 GC heap after
Heap after GC invocations=8 (full 2):
 PSYoungGen      total 97792K, used 33197K [0x00000000e0600000, 0x00000000e9500000, 0x0000000100000000)
  eden space 64512K, 0% used [0x00000000e0600000,0x00000000e0600000,0x00000000e4500000)
  from space 33280K, 99% used [0x00000000e7480000,0x00000000e94eb520,0x00000000e9500000)
  to   space 40960K, 0% used [0x00000000e4500000,0x00000000e4500000,0x00000000e6d00000)
 ParOldGen       total 194560K, used 98325K [0x00000000a1200000, 0x00000000ad000000, 0x00000000e0600000)
  object space 194560K, 50% used [0x00000000a1200000,0x00000000a72054e8,0x00000000ad000000)
 Metaspace       used 12741K, capacity 13348K, committed 13568K, reserved 1060864K
  class space    used 1774K, capacity 1928K, committed 2048K, reserved 1048576K
}
Event: 4.046 GC heap before
{Heap before GC invocations=9 (full 2):
 PSYoungGen      total 97792K, used 97709K [0x00000000e0600000, 0x00000000e9500000, 0x0000000100000000)
  eden space 64512K, 100% used [0x00000000e0600000,0x00000000e4500000,0x00000000e4500000)
  from space 33280K, 99% used [0x00000000e7480000,0x00000000e94eb520,0x00000000e9500000)
  to   space 40960K, 0% used [0x00000000e4500000,0x00000000e4500000,0x00000000e6d00000)
 ParOldGen       total 194560K, used 98325K [0x00000000a1200000, 0x00000000ad000000, 0x00000000e0600000)
  object space 194560K, 50% used [0x00000000a1200000,0x00000000a72054e8,0x00000000ad000000)
 Metaspace       used 12779K, capacity 13424K, committed 13568K, reserved 1060864K
  class space    used 1775K, capacity 1930K, committed 2048K, reserved 1048576K
Event: 4.084 GC heap after
Heap after GC invocations=9 (full 2):
 PSYoungGen      total 105472K, used 40761K [0x00000000e0600000, 0x00000000ebd00000, 0x0000000100000000)
  eden space 64512K, 0% used [0x00000000e0600000,0x00000000e0600000,0x00000000e4500000)
  from space 40960K, 99% used [0x00000000e4500000,0x00000000e6cce6c0,0x00000000e6d00000)
  to   space 49152K, 0% used [0x00000000e8d00000,0x00000000e8d00000,0x00000000ebd00000)
 ParOldGen       total 194560K, used 140902K [0x00000000a1200000, 0x00000000ad000000, 0x00000000e0600000)
  object space 194560K, 72% used [0x00000000a1200000,0x00000000a9b99950,0x00000000ad000000)
 Metaspace       used 12779K, capacity 13424K, committed 13568K, reserved 1060864K
  class space    used 1775K, capacity 1930K, committed 2048K, reserved 1048576K
}
Event: 17.910 GC heap before
{Heap before GC invocations=10 (full 2):
 PSYoungGen      total 105472K, used 105273K [0x00000000e0600000, 0x00000000ebd00000, 0x0000000100000000)
  eden space 64512K, 100% used [0x00000000e0600000,0x00000000e4500000,0x00000000e4500000)
  from space 40960K, 99% used [0x00000000e4500000,0x00000000e6cce6c0,0x00000000e6d00000)
  to   space 49152K, 0% used [0x00000000e8d00000,0x00000000e8d00000,0x00000000ebd00000)
 ParOldGen       total 194560K, used 140902K [0x00000000a1200000, 0x00000000ad000000, 0x00000000e0600000)
  object space 194560K, 72% used [0x00000000a1200000,0x00000000a9b99950,0x00000000ad000000)
 Metaspace       used 18263K, capacity 19458K, committed 19584K, reserved 1067008K
  class space    used 2621K, capacity 2885K, committed 2944K, reserved 1048576K
Event: 17.944 GC heap after
Heap after GC invocations=10 (full 2):
 PSYoungGen      total 117760K, used 49131K [0x00000000e0600000, 0x00000000ee180000, 0x0000000100000000)
  eden space 68608K, 0% used [0x00000000e0600000,0x00000000e0600000,0x00000000e4900000)
  from space 49152K, 99% used [0x00000000e8d00000,0x00000000ebcfaf80,0x00000000ebd00000)
  to   space 69632K, 0% used [0x00000000e4900000,0x00000000e4900000,0x00000000e8d00000)
 ParOldGen       total 194560K, used 166407K [0x00000000a1200000, 0x00000000ad000000, 0x00000000e0600000)
  object space 194560K, 85% used [0x00000000a1200000,0x00000000ab481dc0,0x00000000ad000000)
 Metaspace       used 18263K, capacity 19458K, committed 19584K, reserved 1067008K
  class space    used 2621K, capacity 2885K, committed 2944K, reserved 1048576K
}
Event: 17.944 GC heap before
{Heap before GC invocations=11 (full 3):
 PSYoungGen      total 117760K, used 49131K [0x00000000e0600000, 0x00000000ee180000, 0x0000000100000000)
  eden space 68608K, 0% used [0x00000000e0600000,0x00000000e0600000,0x00000000e4900000)
  from space 49152K, 99% used [0x00000000e8d00000,0x00000000ebcfaf80,0x00000000ebd00000)
  to   space 69632K, 0% used [0x00000000e4900000,0x00000000e4900000,0x00000000e8d00000)
 ParOldGen       total 194560K, used 166407K [0x00000000a1200000, 0x00000000ad000000, 0x00000000e0600000)
  object space 194560K, 85% used [0x00000000a1200000,0x00000000ab481dc0,0x00000000ad000000)
 Metaspace       used 18263K, capacity 19458K, committed 19584K, reserved 1067008K
  class space    used 2621K, capacity 2885K, committed 2944K, reserved 1048576K
Event: 18.034 GC heap after
Heap after GC invocations=11 (full 3):
 PSYoungGen      total 117760K, used 17766K [0x00000000e0600000, 0x00000000ee180000, 0x0000000100000000)
  eden space 68608K, 0% used [0x00000000e0600000,0x00000000e0600000,0x00000000e4900000)
  from space 49152K, 36% used [0x00000000e8d00000,0x00000000e9e599e8,0x00000000ebd00000)
  to   space 69632K, 0% used [0x00000000e4900000,0x00000000e4900000,0x00000000e8d00000)
 ParOldGen       total 328192K, used 194058K [0x00000000a1200000, 0x00000000b5280000, 0x00000000e0600000)
  object space 328192K, 59% used [0x00000000a1200000,0x00000000acf82b00,0x00000000b5280000)
 Metaspace       used 18263K, capacity 19458K, committed 19584K, reserved 1067008K
  class space    used 2621K, capacity 2885K, committed 2944K, reserved 1048576K
}

Deoptimization events (10 events):
Event: 21.533 Thread 0x00000000179a8800 Uncommon trap: reason=unstable_if action=reinterpret pc=0x0000000002fdcd98 method=com.sun.javafx.geom.transform.AffineBase.updateState2D()V @ 6
Event: 21.534 Thread 0x00000000179a8800 Uncommon trap: reason=unstable_if action=reinterpret pc=0x0000000002e43a2c method=com.sun.javafx.font.CompositeStrike.getStrikeSlot(I)Lcom/sun/javafx/font/FontStrike; @ 8
Event: 21.534 Thread 0x00000000179a8800 Uncommon trap: reason=null_assert action=make_not_entrant pc=0x0000000002ebe838 method=com.sun.javafx.font.directwrite.DWFontStrike.getQuantizedPosition(Lcom/sun/javafx/geom/Point2D;)I @ 10
Event: 21.534 Thread 0x00000000179a8800 Uncommon trap: reason=null_check action=make_not_entrant pc=0x0000000002e74770 method=com.sun.prism.impl.GlyphCache.getCachedGlyph(II)Lcom/sun/prism/impl/GlyphCache$GlyphData; @ 28
Event: 21.548 Thread 0x00000000179a8800 Uncommon trap: reason=null_assert action=make_not_entrant pc=0x0000000002e65558 method=com.sun.javafx.font.directwrite.DWFontStrike.getQuantizedPosition(Lcom/sun/javafx/geom/Point2D;)I @ 10
Event: 27.784 Thread 0x0000000017fe0800 Uncommon trap: reason=unstable_if action=reinterpret pc=0x0000000002ea9df4 method=javafx.scene.Node.updateBounds()V @ 70
Event: 35.599 Thread 0x0000000017fe0800 Uncommon trap: reason=unstable_if action=reinterpret pc=0x0000000002ebd4e0 method=java.lang.StrictMath.floorOrCeil(DDDD)D @ 38
Event: 51.823 Thread 0x0000000017fe0800 Uncommon trap: reason=unstable_if action=reinterpret pc=0x0000000003153e34 method=com.sun.scenario.animation.shared.FiniteClipEnvelope.timePulse(J)V @ 85
Event: 58.776 Thread 0x00000000182ab800 Uncommon trap: reason=unstable_if action=reinterpret pc=0x000000000311d408 method=java.util.concurrent.locks.ReentrantLock$NonfairSync.lock()V @ 6
Event: 58.776 Thread 0x00000000182ab800 Uncommon trap: reason=unstable_if action=reinterpret pc=0x00000000030ca380 method=java.util.concurrent.locks.ReentrantLock$Sync.tryRelease(I)Z @ 28

Internal exceptions (10 events):
Event: 0.394 Thread 0x0000000002592800 Exception <a 'java/lang/NullPointerException'> (0x00000000e0a6c930) thrown at [C:\re\workspace\8-2-build-windows-amd64-cygwin\jdk8u102\7268\hotspot\src\share\vm\interpreter\linkResolver.cpp, line 1178]
Event: 0.425 Thread 0x0000000002592800 Implicit null exception at 0x00000000027b30d5 to 0x00000000027b32a1
Event: 1.095 Thread 0x0000000017fe0800 Exception <a 'java/lang/NullPointerException'> (0x00000000e1736ce0) thrown at [C:\re\workspace\8-2-build-windows-amd64-cygwin\jdk8u102\7268\hotspot\src\share\vm\interpreter\linkResolver.cpp, line 1178]
Event: 1.095 Thread 0x0000000017fe0800 Exception <a 'java/lang/NullPointerException'> (0x00000000e1736ce0) thrown at [C:\re\workspace\8-2-build-windows-amd64-cygwin\jdk8u102\7268\hotspot\src\share\vm\prims\jvm.cpp, line 1390]
Event: 2.585 Thread 0x0000000017fe0800 Exception <a 'java/lang/UnsatisfiedLinkError': com.sun.media.jfxmediaimpl.NativeAudioClip.nacInit()Z> (0x00000000e17135a0) thrown at [C:\re\workspace\8-2-build-windows-amd64-cygwin\jdk8u102\7268\hotspot\src\share\vm\prims\nativeLookup.cpp, line 378]
Event: 2.585 Thread 0x0000000017fe0800 Exception <a 'java/lang/UnsatisfiedLinkError': com.sun.media.jfxmedia.logging.Logger.nativeSetNativeLevel(I)V> (0x00000000e1717ca0) thrown at [C:\re\workspace\8-2-build-windows-amd64-cygwin\jdk8u102\7268\hotspot\src\share\vm\prims\nativeLookup.cpp, line 37ÒÀj	
Event: 2.625 Thread 0x0000000017fe0800 Implicit null exception at 0x00000000028bb056 to 0x00000000028bb401
Event: 4.727 Thread 0x0000000017fe0800 Implicit null exception at 0x00000000029c634e to 0x00000000029c74ad
Event: 21.534 Thread 0x00000000179a8800 Implicit null exception at 0x0000000002e73f07 to 0x0000000002e74744
Event: 58.777 Thread 0x00000000182ab800 Exception <a 'java/lang/IllegalStateException'> (0x00000000e1e33328) thrown at [C:\re\workspace\8-2-build-windows-amd64-cygwin\jdk8u102\7268\hotspot\src\share\vm\prims\jvm.cpp, line 1390]

Events (10 events):
Event: 58.776 Thread 0x00000000182ab800 DEOPT PACKING pc=0x000000000311d408 sp=0x0000000024d6e050
Event: 58.776 Thread 0x00000000182ab800 DEOPT UNPACKING pc=0x00000000026d582a sp=0x0000000024d6dff0 mode 2
Event: 58.776 Thread 0x00000000182ab800 Uncommon trap: trap_request=0xffffff65 fr.pc=0x00000000030ca380
Event: 58.776 Thread 0x00000000182ab800 DEOPT PACKING pc=0x00000000030ca380 sp=0x0000000024d6e040
Event: 58.776 Thread 0x00000000182ab800 DEOPT UNPACKING pc=0x00000000026d582a sp=0x0000000024d6dfc8 mode 2
Event: 58.777 loading class com/sun/javafx/tk/quantum/QuantumToolkit
Event: 58.777 loading class com/sun/javafx/tk/quantum/QuantumToolkit done
Event: 58.777 loading class java/util/LinkedList$ListItr
Event: 58.777 loading class java/util/LinkedList$ListItr done
Event: 58.777 Executing VM operation: Exit


Dynamic libraries:
0x00007ff72c5a0000 - 0x00007ff72c5d7000 	C:\Program Files\Java\jdk1.8.0_102\bin\java.exe
0x00007ffdcbb60000 - 0x00007ffdcbd41000 	C:\WINDOWS\SYSTEM32\ntdll.dll
0x00007ffdcaf80000 - 0x00007ffdcb031000 	C:\WINDOWS\System32\KERNEL32.DLL
0x00007ffdc7fb0000 - 0x00007ffdc8223000 	C:\WINDOWS\System32\KERNELBASE.dll
0x0000000063bd0000 - 0x0000000063c65000 	C:\WINDOWS\System32\SYSFER.DLL
0x00007ffdcae20000 - 0x00007ffdcaec1000 	C:\WINDOWS\System32\ADVAPI32.dll
0x00007ffdca810000 - 0x00007ffdca8ae000 	C:\WINDOWS\System32\msvcrt.dll
0x00007ffdcab80000 - 0x00007ffdcabdb000 	C:\WINDOWS\System32\sechost.dll
0x00007ffdca610000 - 0x00007ffdca734000 	C:\WINDOWS\System32\RPCRT4.dll
0x00007ffdcac90000 - 0x00007ffdcae20000 	C:\WINDOWS\System32\USER32.dll
0x00007ffdc7f30000 - 0x00007ffdc7f50000 	C:\WINDOWS\System32\win32u.dll
0x00007ffdcaf50000 - 0x00007ffdcaf78000 	C:\WINDOWS\System32\GDI32.dll
0x00007ffdc8c60000 - 0x00007ffdc8df2000 	C:\WINDOWS\System32\gdi32full.dll
0x00007ffdc8e00000 - 0x00007ffdc8e9f000 	C:\WINDOWS\System32\msvcp_win.dll
0x00007ffdc8ef0000 - 0x00007ffdc8fe8000 	C:\WINDOWS\System32\ucrtbase.dll
0x00007ffdbf820000 - 0x00007ffdbfa89000 	C:\WINDOWS\WinSxS\amd64_microsoft.windows.common-controls_6595b64144ccf1df_6.0.17134.706_none_fb43a2cb30647007\COMCTL32.dll
0x00007ffdcb7d0000 - 0x00007ffdcbaf2000 	C:\WINDOWS\System32\combase.dll
0x00007ffdc82e0000 - 0x00007ffdc835a000 	C:\WINDOWS\System32\bcryptPrimitives.dll
0x00007ffdcbb00000 - 0x00007ffdcbb2d000 	C:\WINDOWS\System32\IMM32.DLL
0x0000000061e40000 - 0x0000000061f11000 	C:\Program Files\Java\jdk1.8.0_102\jre\bin\msvcr100.dll
0x0000000060a60000 - 0x00000000612fa000 	C:\Program Files\Java\jdk1.8.0_102\jre\bin\server\jvm.dll
0x00007ffdca8b0000 - 0x00007ffdca8b8000 	C:\WINDOWS\System32\PSAPI.DLL
0x00007ffdc6d60000 - 0x00007ffdc6d69000 	C:\WINDOWS\SYSTEM32\WSOCK32.dll
0x00007ffdcaee0000 - 0x00007ffdcaf4c000 	C:\WINDOWS\System32\WS2_32.dll
0x00007ffdc5e20000 - 0x00007ffdc5e43000 	C:\WINDOWS\SYSTEM32\WINMM.dll
0x00007ffdb9020000 - 0x00007ffdb902a000 	C:\WINDOWS\SYSTEM32\VERSION.dll
0x00007ffdc5df0000 - 0x00007ffdc5e1a000 	C:\WINDOWS\SYSTEM32\WINMMBASE.dll
0x00007ffdc8ea0000 - 0x00007ffdc8ee9000 	C:\WINDOWS\System32\cfgmgr32.dll
0x0000000061e30000 - 0x0000000061e3f000 	C:\Program Files\Java\jdk1.8.0_102\jre\bin\verify.dll
0x0000000061e00000 - 0x0000000061e29000 	C:\Program Files\Java\jdk1.8.0_102\jre\bin\java.dll
0x00000000620a0000 - 0x00000000620c3000 	C:\Program Files\Java\jdk1.8.0_102\jre\bin\instrument.dll
0x0000000061de0000 - 0x0000000061df6000 	C:\Program Files\Java\jdk1.8.0_102\jre\bin\zip.dll
0x00007ffdc91d0000 - 0x00007ffdca610000 	C:\WINDOWS\System32\SHELL32.dll
0x00007ffdcabe0000 - 0x00007ffdcac89000 	C:\WINDOWS\System32\shcore.dll
0x00007ffdc8360000 - 0x00007ffdc8a6d000 	C:\WINDOWS\System32\windows.storage.dll
0x00007ffdc8ff0000 - 0x00007ffdc9041000 	C:\WINDOWS\System32\shlwapi.dll
0x00007ffdc7ea0000 - 0x00007ffdc7eb1000 	C:\WINDOWS\System32\kernel.appcore.dll
0x00007ffdc7f10000 - 0x00007ffdc7f2f000 	C:\WINDOWS\System32\profapi.dll
0x00007ffdc7ec0000 - 0x00007ffdc7f0c000 	C:\WINDOWS\System32\powrprof.dll
0x00007ffdc7e70000 - 0x00007ffdc7e7a000 	C:\WINDOWS\System32\FLTLIB.DLL
0x00007ffdb2980000 - 0x00007ffdb299a000 	C:\Program Files\JetBrains\IntelliJ IDEA Community Edition 2018.3.4\bin\breakgen64.dll
0x0000000061dc0000 - 0x0000000061dda000 	C:\Program Files\Java\jdk1.8.0_102\jre\bin\net.dll
0x00007ffdc7690000 - 0x00007ffdc76f6000 	C:\WINDOWS\system32\mswsock.dll
0x00007ffd9f330000 - 0x00007ffd9f41f000 	C:\Program Files\Java\jdk1.8.0_102\jre\bin\msvcr120.dll
0x00007ffd9f1c0000 - 0x00007ffd9f266000 	C:\Program Files\Java\jdk1.8.0_102\jre\bin\msvcp120.dll
0x0000000062070000 - 0x0000000062092000 	C:\Program Files\Java\jdk1.8.0_102\jre\bin\prism_d3d.dll
0x00007ffda5150000 - 0x00007ffda52e7000 	C:\WINDOWS\system32\d3d9.dll
0x00007ffdc62d0000 - 0x00007ffdc62f9000 	C:\WINDOWS\SYSTEM32\dwmapi.dll
0x00007ffdc61b0000 - 0x00007ffdc6248000 	C:\WINDOWS\system32\uxtheme.dll
0x00007ffd69260000 - 0x00007ffd6b79d000 	C:\WINDOWS\SYSTEM32\igdumdim64.dll
0x00007ffdca740000 - 0x00007ffdca802000 	C:\WINDOWS\System32\OLEAUT32.dll
0x00007ffdcb1b0000 - 0x00007ffdcb301000 	C:\WINDOWS\System32\ole32.dll
0x00007ffdcb380000 - 0x00007ffdcb7cb000 	C:\WINDOWS\System32\SETUPAPI.dll
0x0000000062020000 - 0x0000000062063000 	C:\Program Files\Java\jdk1.8.0_102\jre\bin\glass.dll
0x00007ffdcb0c0000 - 0x00007ffdcb1ad000 	C:\WINDOWS\System32\COMDLG32.dll
0x00007ffdc9050000 - 0x00007ffdc91c3000 	C:\WINDOWS\System32\MSCTF.dll
0x00007ffdc14a0000 - 0x00007ffdc1edf000 	C:\WINDOWS\SYSTEM32\igdusc64.dll
0x0000000062000000 - 0x0000000062014000 	C:\Program Files\Java\jdk1.8.0_102\jre\bin\javafx_font.dll
0x00007ffdbb450000 - 0x00007ffdbb76c000 	C:\WINDOWS\SYSTEM32\dwrite.dll
0x0000000061fb0000 - 0x0000000061fd3000 	C:\Program Files\Java\jdk1.8.0_102\jre\bin\javafx_iio.dll
0x0000000061f30000 - 0x0000000061fa3000 	C:\Program Files\Java\jdk1.8.0_102\jre\bin\glib-lite.dll
0x0000000061cf0000 - 0x0000000061d8c000 	C:\Program Files\Java\jdk1.8.0_102\jre\bin\gstreamer-lite.dll
0x00007ffda8c50000 - 0x00007ffda8cdf000 	C:\WINDOWS\SYSTEM32\DSOUND.dll
0x0000000061af0000 - 0x0000000061b15000 	C:\Program Files\Java\jdk1.8.0_102\jre\bin\jfxmedia.dll
0x00007ffdcaae0000 - 0x00007ffdcab80000 	C:\WINDOWS\System32\clbcatq.dll
0x00007ffdc42a0000 - 0x00007ffdc444e000 	C:\WINDOWS\SYSTEM32\WindowsCodecs.dll
0x00007ffda9f60000 - 0x00007ffda9fb8000 	C:\WINDOWS\system32\dataexchange.dll
0x00007ffdc4e00000 - 0x00007ffdc510b000 	C:\WINDOWS\system32\d3d11.dll
0x00007ffdc5570000 - 0x00007ffdc570c000 	C:\WINDOWS\system32\dcomp.dll
0x00007ffdc6890000 - 0x00007ffdc694b000 	C:\WINDOWS\system32\dxgi.dll
0x00007ffdc63b0000 - 0x00007ffdc6568000 	C:\WINDOWS\system32\twinapi.appcore.dll
0x00007ffdc6150000 - 0x00007ffdc6179000 	C:\WINDOWS\system32\RMCLIENT.dll
0x00007ffdac050000 - 0x00007ffdac084000 	C:\Program Files\Common Files\Microsoft Shared\Ink\rtscom.dll
0x0000000061fe0000 - 0x0000000061ff1000 	C:\Program Files\Java\jdk1.8.0_102\jre\bin\prism_common.dll
0x00007ffdc4640000 - 0x00007ffdc4c07000 	C:\WINDOWS\SYSTEM32\d2d1.dll
0x00007ffd97d50000 - 0x00007ffd984ce000 	C:\WINDOWS\SYSTEM32\D3D10Warp.dll
0x00007ffdbcf40000 - 0x00007ffdbcfd6000 	C:\WINDOWS\System32\TextInputFramework.dll
0x00007ffdc3df0000 - 0x00007ffdc410e000 	C:\WINDOWS\System32\CoreUIComponents.dll
0x00007ffdc5a90000 - 0x00007ffdc5b6a000 	C:\WINDOWS\System32\CoreMessaging.dll
0x00007ffdc6f60000 - 0x00007ffdc6f91000 	C:\WINDOWS\SYSTEM32\ntmarta.dll
0x00007ffdc3b50000 - 0x00007ffdc3c9d000 	C:\WINDOWS\SYSTEM32\wintypes.dll
0x00007ffdc6ae0000 - 0x00007ffdc6ca9000 	C:\WINDOWS\SYSTEM32\dbghelp.dll

VM Arguments:
jvm_args: -javaagent:C:\Program Files\JetBrains\IntelliJ IDEA Community Edition 2018.3.4\lib\idea_rt.jar=51621:C:\Program Files\JetBrains\IntelliJ IDEA Community Edition 2018.3.4\bin -Dfile.encoding=UTF-8 
java_command: ClientFX
java_class_path (initial): C:\Program Files\Java\jdk1.8.0_102\jre\lib\charsets.jar;C:\Program Files\Java\jdk1.8.0_102\jre\lib\deploy.jar;C:\Program Files\Java\jdk1.8.0_102\jre\lib\ext\access-bridge-64.jar;C:\Program Files\Java\jdk1.8.0_102\jre\lib\ext\cldrdata.jar;C:\Program Files\Java\jdk1.8.0_102\jre\lib\ext\dnsns.jar;C:\Program Files\Java\jdk1.8.0_102\jre\lib\ext\jaccess.jar;C:\Program Files\Java\jdk1.8.0_102\jre\lib\ext\jfxrt.jar;C:\Program Files\Java\jdk1.8.0_102\jre\lib\ext\localedata.jar;C:\Program Files\Java\jdk1.8.0_102\jre\lib\ext\nashorn.jar;C:\Program Files\Java\jdk1.8.0_102\jre\lib\ext\sunec.jar;C:\Program Files\Java\jdk1.8.0_102\jre\lib\ext\sunjce_provider.jar;C:\Program Files\Java\jdk1.8.0_102\jre\lib\ext\sunmscapi.jar;C:\Program Files\Java\jdk1.8.0_102\jre\lib\ext\sunpkcs11.jar;C:\Program Files\Java\jdk1.8.0_102\jre\lib\ext\zipfs.jar;C:\Program Files\Java\jdk1.8.0_102\jre\lib\javaws.jar;C:\Program Files\Java\jdk1.8.0_102\jre\lib\jce.jar;C:\Program Files\Java\jdk1.8.0_102\jre\lib\jfr.jar;C:\Program Files\Java\jdk1.8.0_102\jre\lib\jfxswt.jar;C:\Program Files\Java\jdk1.8.0_102\jre\lib\jsse.jar;C:\Program Files\Java\jdk1.8.0_102\jre\lib\management-agent.jar;C:\Program Files\Java\jdk1.8.0_102\jre\lib\plugin.jar;C:\Program Files\Java\jdk1.8.0_102\jre\lib\resources.jar;C:\Program Files\Java\jdk1.8.0_102\jre\lib\rt.jar;C:\Users\Don\Documents\GitHub\Project5\Client\out\production\Client;C:\Program Files\JetBrains\IntelliJ IDEA Community Edition 2018.3.4\lib\idea_rt.jar
Launcher Type: SUN_STANDARD

Environment Variables:
JAVA_HOME=C:\Program Files\Java\jdk1.8.0_172
CLASSPATH=.;
PATH=C:\Python27\;C:\Python27\Scripts;C:\Program Files (x86)\Common Files\Oracle\Java\javapath;C:\ProgramData\Oracle\Java\javapath;C:\Program Files (x86)\Intel\iCLS Client\;C:\Program Files\Intel\iCLS Client\;C:\WINDOWS\system32;C:\WINDOWS;C:\WINDOWS\System32\Wbem;C:\WINDOWS\System32\WindowsPowerShell\v1.0\;C:\Program Files\Hewlett-Packard\SimplePass\;C:\Program Files (x86)\Windows Live\Shared;C:\Program Files\Novell\iPrint;C:\WINDOWS\System32\OpenSSH\;C:\ProgramData\chocolatey\bin;C:\Program Files\Java\jdk1.8.0_172\bin;C:\TDM-GCC-64\bin;C:\Program Files\PuTTY\;C:\Program Files\Intel\Intel(R) Management Engine Components\DAL;C:\Program Files\Intel\Intel(R) Management Engine Components\IPT;C:\Program Files\dotnet\;C:\Program Files\Git\cmd;C:\Program Files\nodejs\;C:\Users\Don\AppData\Local\Microsoft\WindowsApps;C:\Users\Don\AndroidAppData\platform-tools;C:\Users\Don\AppData\Local\Programs\Microsoft VS Code\bin;C:\Users\Don\.dotnet\tools;C:\Program Files (x86)\Java\jdk1.8.0_102\bin;;C:\Users\Don\AppData\Local\Programs\Azure Data Studio\bin;C:\Users\Don\AppData\Roaming\npm
USERNAME=Don
OS=Windows_NT
PROCESSOR_IDENTIFIER=Intel64 Family 6 Model 61 Stepping 4, GenuineIntel



---------------  S Y S T E M  ---------------

OS: Windows 10.0 , 64 bit Build 17134 (10.0.17134.706)

CPU:total 4 (2 cores per cpu, 2 threads per core) family 6 model 61 stepping 4, cmov, cx8, fxsr, mmx, sse, sse2, sse3, ssse3, sse4.1, sse4.2, popcnt, avx, avx2, aes, clmul, erms, 3dnowpref, lzcnt, ht, tsc, tscinvbit, bmi1, bmi2, adx

Memory: 4k page, physical 6211852k(1658436k free), swap 11454732k(3580224k free)

vm_info: Java HotSpot(TM) 64-Bit Server VM (25.102-b14) for windows-amd64 JRE (1.8.0_102-b14), built on Jun 22 2016 13:15:21 by "java_re" with MS VC++ 10.0 (VS2010)

time: Sun May 05 16:13:47 2019
elapsed time: 59 seconds (0d 0h 0m 59s)

