#
# A fatal error has been detected by the Java Runtime Environment:
#
#  EXCEPTION_ACCESS_VIOLATION (0xc0000005) at pc=0x000000006204584a, pid=36768, tid=0x00000000000078c4
#
# JRE version: Java(TM) SE Runtime Environment (8.0_102-b14) (build 1.8.0_102-b14)
# Java VM: Java HotSpot(TM) 64-Bit Server VM (25.102-b14 mixed mode windows-amd64 compressed oops)
# Problematic frame:
# C  [glass.dll+0x2584a]
#
# Failed to write core dump. Minidumps are not enabled by default on client versions of Windows
#
# If you would like to submit a bug report, please visit:
#   http://bugreport.java.com/bugreport/crash.jsp
#

---------------  T H R E A D  ---------------

Current thread (0x0000000016e17800):  VMThread [stack: 0x0000000017ec0000,0x0000000017fc0000] [id=30916]

siginfo: ExceptionCode=0xc0000005, reading address 0x0000000000000000

Registers:
RAX=0x0000000000000000, RBX=0x000000001918b730, RCX=0x0000000016e17800, RDX=0x000000001918b730
RSP=0x0000000017fbf540, RBP=0x00000000014b0690, RSI=0x0000000000000001, RDI=0x0000000000000000
R8 =0x0000000000010002, R9 =0x00000000014b0690, R10=0x0000000000000000, R11=0x0000000000000246
R12=0x00000000014b06c0, R13=0x00000000014b0690, R14=0x00000000014b06a0, R15=0x0000000000000000
RIP=0x000000006204584a, EFLAGS=0x0000000000010202

Top of Stack: (sp=0x0000000017fbf540)
0x0000000017fbf540:   0000000000000000 0000000062045900
0x0000000017fbf550:   0000000000000000 00000000620591b0
0x0000000017fbf560:   0000000062045830 0000000062043224
0x0000000017fbf570:   0000000062045a60 00007ffd7a46d2f3
0x0000000017fbf580:   0000000000000000 00007ffd982bc2c4
0x0000000017fbf590:   0000000000000001 0000000062020000
0x0000000017fbf5a0:   00000000032c1638 00000000620434a6
0x0000000017fbf5b0:   0000000000000001 0000000016d25500
0x0000000017fbf5c0:   0000000000000000 0000000062043384
0x0000000017fbf5d0:   c000000500000001 0000000017fbe6d0
0x0000000017fbf5e0:   0000000062020000 00007ffdcbb9b583
0x0000000017fbf5f0:   000000007ffe0385 0000000000000000
0x0000000017fbf600:   000000007ffe0384 000000007ffe0385
0x0000000017fbf610:   000000000000000f 00007ffdcbba813a
0x0000000017fbf620:   0000b49556206100 0000000001474f40
0x0000000017fbf630:   0000000000000000 0000000000000000 

Instructions: (pc=0x000000006204584a)
0x000000006204582a:   83 c4 20 5d c3 cc 40 53 48 83 ec 20 48 8b 1d cb
0x000000006204583a:   5b 01 00 48 85 db 74 1a e8 19 93 ff ff 48 8b d3
0x000000006204584a:   4c 8b 00 48 8b c8 48 83 c4 20 5b 49 ff a0 b0 00
0x000000006204585a:   00 00 48 83 c4 20 5b c3 cc cc cc cc cc cc cc cc 


Register to memory mapping:

RAX=0x0000000000000000 is an unknown value
RBX=0x000000001918b730 is a global jni handle
RCX=0x0000000016e17800 is an unknown value
RDX=0x000000001918b730 is a global jni handle
RSP=0x0000000017fbf540 is an unknown value
RBP=0x00000000014b0690 is an unknown value
RSI=0x0000000000000001 is an unknown value
RDI=0x0000000000000000 is an unknown value
R8 =0x0000000000010002 is an unknown value
R9 =0x00000000014b0690 is an unknown value
R10=0x0000000000000000 is an unknown value
R11=0x0000000000000246 is an unknown value
R12=0x00000000014b06c0 is an unknown value
R13=0x00000000014b0690 is an unknown value
R14=0x00000000014b06a0 is an unknown value
R15=0x0000000000000000 is an unknown value


Stack: [0x0000000017ec0000,0x0000000017fc0000],  sp=0x0000000017fbf540,  free space=1021k
Native frames: (J=compiled Java code, j=interpreted, Vv=VM code, C=native code)
C  [glass.dll+0x2584a]
C  [glass.dll+0x23224]
C  [glass.dll+0x234a6]
C  [ntdll.dll+0x3b583]
C  [ntdll.dll+0x47f85]
C  [ntdll.dll+0x47e48]
C  [KERNEL32.DLL+0x1ca7a]
C  [msvcr100.dll+0x20cb9]
V  [jvm.dll+0x212a05]
V  [jvm.dll+0x24b647]
V  [jvm.dll+0x24a8e6]
V  [jvm.dll+0x24ad81]
V  [jvm.dll+0x24af9e]
V  [jvm.dll+0x29c03a]
C  [msvcr100.dll+0x21d7b]
C  [msvcr100.dll+0x21e17]
C  [KERNEL32.DLL+0x14034]
C  [ntdll.dll+0x73691]

VM_Operation (0x0000000019b3aee0): Exit, mode: safepoint, requested by thread 0x000000001918a800


---------------  P R O C E S S  ---------------

Java Threads: ( => current thread )
  0x00000000197d8000 JavaThread "Thread-6" [_thread_blocked, id=36316, stack(0x00000000219a0000,0x0000000021aa0000)]
  0x00000000197db000 JavaThread "Thread-4" daemon [_thread_in_native, id=34264, stack(0x00000000218a0000,0x00000000219a0000)]
  0x0000000019564800 JavaThread "Media Resource Disposer" daemon [_thread_blocked, id=35680, stack(0x000000001fcf0000,0x000000001fdf0000)]
  0x0000000019203000 JavaThread "Prism Font Disposer" daemon [_thread_blocked, id=27712, stack(0x000000001f710000,0x000000001f810000)]
  0x00000000191b7800 JavaThread "JavaFX-Launcher" [_thread_blocked, id=24340, stack(0x000000001e510000,0x000000001e610000)]
  0x00000000191a4000 JavaThread "Thread-2" daemon [_thread_in_native, id=35280, stack(0x000000001e410000,0x000000001e510000)]
  0x000000001918a800 JavaThread "JavaFX Application Thread" [_thread_blocked, id=31360, stack(0x0000000019a40000,0x0000000019b40000)]
  0x0000000018884800 JavaThread "Thread-1" daemon [_thread_blocked, id=27212, stack(0x0000000019940000,0x0000000019a40000)]
  0x0000000018875800 JavaThread "QuantumRenderer-0" daemon [_thread_blocked, id=17904, stack(0x0000000018eb0000,0x0000000018fb0000)]
  0x0000000018553800 JavaThread "Service Thread" daemon [_thread_blocked, id=36528, stack(0x0000000018cb0000,0x0000000018db0000)]
  0x0000000018552000 JavaThread "C1 CompilerThread2" daemon [_thread_blocked, id=28376, stack(0x0000000018bb0000,0x0000000018cb0000)]
  0x0000000016e99000 JavaThread "C2 CompilerThread1" daemon [_thread_blocked, id=36120, stack(0x0000000018ab0000,0x0000000018bb0000)]
  0x0000000016e95800 JavaThread "C2 CompilerThread0" daemon [_thread_blocked, id=35888, stack(0x00000000189b0000,0x0000000018ab0000)]
  0x0000000016e8b000 JavaThread "Monitor Ctrl-Break" daemon [_thread_in_native, id=36336, stack(0x00000000188b0000,0x00000000189b0000)]
  0x0000000016e4d000 JavaThread "Attach Listener" daemon [_thread_blocked, id=15496, stack(0x00000000183b0000,0x00000000184b0000)]
  0x0000000016e4c000 JavaThread "Signal Dispatcher" daemon [_thread_blocked, id=29440, stack(0x00000000182b0000,0x00000000183b0000)]
  0x000000000357d800 JavaThread "Finalizer" daemon [_thread_blocked, id=36112, stack(0x00000000180c0000,0x00000000181c0000)]
  0x0000000003572000 JavaThread "Reference Handler" daemon [_thread_blocked, id=27512, stack(0x0000000017fc0000,0x00000000180c0000)]
  0x0000000003482800 JavaThread "main" [_thread_blocked, id=36132, stack(0x00000000031a0000,0x00000000032a0000)]

Other Threads:
=>0x0000000016e17800 VMThread [stack: 0x0000000017ec0000,0x0000000017fc0000] [id=30916]

VM state:at safepoint (shutting down)

VM Mutex/Monitor currently owned by a thread:  ([mutex/lock_event])
[0x00000000032cde50] Threads_lock - owner thread: 0x0000000016e17800

Heap:
 PSYoungGen      total 130560K, used 88392K [0x00000000e0600000, 0x00000000edc80000, 0x0000000100000000)
  eden space 72192K, 44% used [0x00000000e0600000,0x00000000e2587f28,0x00000000e4c80000)
  from space 58368K, 96% used [0x00000000e4c80000,0x00000000e834a360,0x00000000e8580000)
  to   space 67584K, 0% used [0x00000000e9a80000,0x00000000e9a80000,0x00000000edc80000)
 ParOldGen       total 342016K, used 200766K [0x00000000a1200000, 0x00000000b6000000, 0x00000000e0600000)
  object space 342016K, 58% used [0x00000000a1200000,0x00000000ad60f838,0x00000000b6000000)
 Metaspace       used 18858K, capacity 20104K, committed 20352K, reserved 1067008K
  class space    used 2641K, capacity 2896K, committed 2944K, reserved 1048576K

Card table byte_map: [0x0000000012940000,0x0000000012c40000] byte_map_base: 0x0000000012437000

Marking Bits: (ParMarkBitMap*) 0x000000006127a6c0
 Begin Bits: [0x0000000013240000, 0x00000000149f8000)
 End Bits:   [0x00000000149f8000, 0x00000000161b0000)

Polling page: 0x0000000001430000

CodeCache: size=245760Kb used=10864Kb max_used=10864Kb free=234895Kb
 bounds [0x0000000003580000, 0x0000000004030000, 0x0000000012580000]
 total_blobs=4158 nmethods=3474 adapters=595
 compilation: enabled

Compilation events (10 events):
Event: 90.496 Thread 0x0000000018552000 nmethod 3887 0x0000000004018e50 code [0x0000000004018fe0, 0x00000000040194e8]
Event: 90.572 Thread 0x0000000016e95800 nmethod 3873 0x0000000004021750 code [0x0000000004021b80, 0x0000000004024860]
Event: 95.607 Thread 0x0000000018552000 3888       3       javafx.scene.Scene::syncLights (177 bytes)
Event: 95.608 Thread 0x0000000018552000 nmethod 3888 0x000000000401f910 code [0x000000000401fba0, 0x0000000004021048]
Event: 95.702 Thread 0x0000000018552000 3889       3       javafx.scene.layout.Region$3::invalidated (234 bytes)
Event: 95.706 Thread 0x0000000018552000 nmethod 3889 0x0000000004027f50 code [0x00000000040283a0, 0x000000000402af78]
Event: 95.706 Thread 0x0000000018552000 3890       3       javafx.scene.layout.Region::access$800 (6 bytes)
Event: 95.707 Thread 0x0000000018552000 nmethod 3890 0x000000000401e8d0 code [0x000000000401eaa0, 0x000000000401f528]
Event: 95.707 Thread 0x0000000018552000 3891       3       javafx.scene.layout.Region::access$902 (7 bytes)
Event: 95.707 Thread 0x0000000018552000 nmethod 3891 0x0000000004016390 code [0x00000000040164e0, 0x0000000004016630]

GC Heap History (10 events):
Event: 4.569 GC heap before
{Heap before GC invocations=8 (full 2):
 PSYoungGen      total 53248K, used 49152K [0x00000000e0600000, 0x00000000e8c00000, 0x0000000100000000)
  eden space 49152K, 100% used [0x00000000e0600000,0x00000000e3600000,0x00000000e3600000)
  from space 4096K, 0% used [0x00000000e3600000,0x00000000e3600000,0x00000000e3a00000)
  to   space 33280K, 0% used [0x00000000e6b80000,0x00000000e6b80000,0x00000000e8c00000)
 ParOldGen       total 201216K, used 93987K [0x00000000a1200000, 0x00000000ad680000, 0x00000000e0600000)
  object space 201216K, 46% used [0x00000000a1200000,0x00000000a6dc8e18,0x00000000ad680000)
 Metaspace       used 12726K, capacity 13348K, committed 13568K, reserved 1060864K
  class space    used 1774K, capacity 1928K, committed 2048K, reserved 1048576K
Event: 4.582 GC heap after
Heap after GC invocations=8 (full 2):
 PSYoungGen      total 94720K, used 33137K [0x00000000e0600000, 0x00000000e9200000, 0x0000000100000000)
  eden space 61440K, 0% used [0x00000000e0600000,0x00000000e0600000,0x00000000e4200000)
  from space 33280K, 99% used [0x00000000e6b80000,0x00000000e8bdc5a0,0x00000000e8c00000)
  to   space 40960K, 0% used [0x00000000e4200000,0x00000000e4200000,0x00000000e6a00000)
 ParOldGen       total 201216K, used 99410K [0x00000000a1200000, 0x00000000ad680000, 0x00000000e0600000)
  object space 201216K, 49% used [0x00000000a1200000,0x00000000a73149d0,0x00000000ad680000)
 Metaspace       used 12726K, capacity 13348K, committed 13568K, reserved 1060864K
  class space    used 1774K, capacity 1928K, committed 2048K, reserved 1048576K
}
Event: 5.019 GC heap before
{Heap before GC invocations=9 (full 2):
 PSYoungGen      total 94720K, used 94509K [0x00000000e0600000, 0x00000000e9200000, 0x0000000100000000)
  eden space 61440K, 99% used [0x00000000e0600000,0x00000000e41ef230,0x00000000e4200000)
  from space 33280K, 99% used [0x00000000e6b80000,0x00000000e8bdc5a0,0x00000000e8c00000)
  to   space 40960K, 0% used [0x00000000e4200000,0x00000000e4200000,0x00000000e6a00000)
 ParOldGen       total 201216K, used 99410K [0x00000000a1200000, 0x00000000ad680000, 0x00000000e0600000)
  object space 201216K, 49% used [0x00000000a1200000,0x00000000a73149d0,0x00000000ad680000)
 Metaspace       used 12782K, capacity 13424K, committed 13568K, reserved 1060864K
  class space    used 1775K, capacity 1930K, committed 2048K, reserved 1048576K
Event: 5.048 GC heap after
Heap after GC invocations=9 (full 2):
 PSYoungGen      total 102400K, used 40827K [0x00000000e0600000, 0x00000000eb600000, 0x0000000100000000)
  eden space 61440K, 0% used [0x00000000e0600000,0x00000000e0600000,0x00000000e4200000)
  from space 40960K, 99% used [0x00000000e4200000,0x00000000e69def90,0x00000000e6a00000)
  to   space 49664K, 0% used [0x00000000e8580000,0x00000000e8580000,0x00000000eb600000)
 ParOldGen       total 201216K, used 139165K [0x00000000a1200000, 0x00000000ad680000, 0x00000000e0600000)
  object space 201216K, 69% used [0x00000000a1200000,0x00000000a99e7430,0x00000000ad680000)
 Metaspace       used 12782K, capacity 13424K, committed 13568K, reserved 1060864K
  class space    used 1775K, capacity 1930K, committed 2048K, reserved 1048576K
}
Event: 45.106 GC heap before
{Heap before GC invocations=10 (full 2):
 PSYoungGen      total 102400K, used 102101K [0x00000000e0600000, 0x00000000eb600000, 0x0000000100000000)
  eden space 61440K, 99% used [0x00000000e0600000,0x00000000e41d6620,0x00000000e4200000)
  from space 40960K, 99% used [0x00000000e4200000,0x00000000e69def90,0x00000000e6a00000)
  to   space 49664K, 0% used [0x00000000e8580000,0x00000000e8580000,0x00000000eb600000)
 ParOldGen       total 201216K, used 139165K [0x00000000a1200000, 0x00000000ad680000, 0x00000000e0600000)
  object space 201216K, 69% used [0x00000000a1200000,0x00000000a99e7430,0x00000000ad680000)
 Metaspace       used 18489K, capacity 19746K, committed 19840K, reserved 1067008K
  class space    used 2630K, capacity 2889K, committed 2944K, reserved 1048576K
Event: 45.132 GC heap after
Heap after GC invocations=10 (full 2):
 PSYoungGen      total 121856K, used 49201K [0x00000000e0600000, 0x00000000ec380000, 0x0000000100000000)
  eden space 72192K, 0% used [0x00000000e0600000,0x00000000e0600000,0x00000000e4c80000)
  from space 49664K, 99% used [0x00000000e8580000,0x00000000eb58c610,0x00000000eb600000)
  to   space 58368K, 0% used [0x00000000e4c80000,0x00000000e4c80000,0x00000000e8580000)
 ParOldGen       total 201216K, used 163216K [0x00000000a1200000, 0x00000000ad680000, 0x00000000e0600000)
  object space 201216K, 81% used [0x00000000a1200000,0x00000000ab164010,0x00000000ad680000)
 Metaspace       used 18489K, capacity 19746K, committed 19840K, reserved 1067008K
  class space    used 2630K, capacity 2889K, committed 2944K, reserved 1048576K
}
Event: 45.132 GC heap before
{Heap before GC invocations=11 (full 3):
 PSYoungGen      total 121856K, used 49201K [0x00000000e0600000, 0x00000000ec380000, 0x0000000100000000)
  eden space 72192K, 0% used [0x00000000e0600000,0x00000000e0600000,0x00000000e4c80000)
  from space 49664K, 99% used [0x00000000e8580000,0x00000000eb58c610,0x00000000eb600000)
  to   space 58368K, 0% used [0x00000000e4c80000,0x00000000e4c80000,0x00000000e8580000)
 ParOldGen       total 201216K, used 163216K [0x00000000a1200000, 0x00000000ad680000, 0x00000000e0600000)
  object space 201216K, 81% used [0x00000000a1200000,0x00000000ab164010,0x00000000ad680000)
 Metaspace       used 18489K, capacity 19746K, committed 19840K, reserved 1067008K
  class space    used 2630K, capacity 2889K, committed 2944K, reserved 1048576K
Event: 45.225 GC heap after
Heap after GC invocations=11 (full 3):
 PSYoungGen      total 121856K, used 8584K [0x00000000e0600000, 0x00000000ec380000, 0x0000000100000000)
  eden space 72192K, 0% used [0x00000000e0600000,0x00000000e0600000,0x00000000e4c80000)
  from space 49664K, 17% used [0x00000000e8580000,0x00000000e8de2348,0x00000000eb600000)
  to   space 58368K, 0% used [0x00000000e4c80000,0x00000000e4c80000,0x00000000e8580000)
 ParOldGen       total 342016K, used 200758K [0x00000000a1200000, 0x00000000b6000000, 0x00000000e0600000)
  object space 342016K, 58% used [0x00000000a1200000,0x00000000ad60d838,0x00000000b6000000)
 Metaspace       used 18489K, capacity 19746K, committed 19840K, reserved 1067008K
  class space    used 2630K, capacity 2889K, committed 2944K, reserved 1048576K
}
Event: 74.127 GC heap before
{Heap before GC invocations=12 (full 3):
 PSYoungGen      total 121856K, used 79427K [0x00000000e0600000, 0x00000000ec380000, 0x0000000100000000)
  eden space 72192K, 98% used [0x00000000e0600000,0x00000000e4b2e998,0x00000000e4c80000)
  from space 49664K, 17% used [0x00000000e8580000,0x00000000e8de2348,0x00000000eb600000)
  to   space 58368K, 0% used [0x00000000e4c80000,0x00000000e4c80000,0x00000000e8580000)
 ParOldGen       total 342016K, used 200758K [0x00000000a1200000, 0x00000000b6000000, 0x00000000e0600000)
  object space 342016K, 58% used [0x00000000a1200000,0x00000000ad60d838,0x00000000b6000000)
 Metaspace       used 18692K, capacity 19900K, committed 20096K, reserved 1067008K
  class space    used 2636K, capacity 2894K, committed 2944K, reserved 1048576K
Event: 74.139 GC heap after
Heap after GC invocations=12 (full 3):
 PSYoungGen      total 130560K, used 56104K [0x00000000e0600000, 0x00000000edc80000, 0x0000000100000000)
  eden space 72192K, 0% used [0x00000000e0600000,0x00000000e0600000,0x00000000e4c80000)
  from space 58368K, 96% used [0x00000000e4c80000,0x00000000e834a360,0x00000000e8580000)
  to   space 67584K, 0% used [0x00000000e9a80000,0x00000000e9a80000,0x00000000edc80000)
 ParOldGen       total 342016K, used 200766K [0x00000000a1200000, 0x00000000b6000000, 0x00000000e0600000)
  object space 342016K, 58% used [0x00000000a1200000,0x00000000ad60f838,0x00000000b6000000)
 Metaspace       used 18692K, capacity 19900K, committed 20096K, reserved 1067008K
  class space    used 2636K, capacity 2894K, committed 2944K, reserved 1048576K
}

Deoptimization events (10 events):
Event: 70.511 Thread 0x000000001918a800 Uncommon trap: reason=array_check action=maybe_recompile pc=0x0000000003b741bc method=com.sun.javafx.css.CompoundSelector.applies(Ljavafx/css/Styleable;[Ljava/util/Set;I)Z @ 128
Event: 70.512 Thread 0x000000001918a800 Uncommon trap: reason=array_check action=maybe_recompile pc=0x0000000003b741bc method=com.sun.javafx.css.CompoundSelector.applies(Ljavafx/css/Styleable;[Ljava/util/Set;I)Z @ 128
Event: 70.512 Thread 0x000000001918a800 Uncommon trap: reason=array_check action=maybe_recompile pc=0x0000000003b741bc method=com.sun.javafx.css.CompoundSelector.applies(Ljavafx/css/Styleable;[Ljava/util/Set;I)Z @ 128
Event: 70.523 Thread 0x0000000018875800 Uncommon trap: reason=unstable_if action=reinterpret pc=0x000000000387b33c method=com.sun.prism.d3d.D3DTextureResource.isValid()Z @ 4
Event: 74.265 Thread 0x000000001918a800 Uncommon trap: reason=unstable_if action=reinterpret pc=0x0000000003aebb9c method=java.util.WeakHashMap.expungeStaleEntries()V @ 9
Event: 76.887 Thread 0x0000000018875800 Uncommon trap: reason=unstable_if action=reinterpret pc=0x0000000003b4f47c method=com.sun.prism.impl.GlyphCache.render(Lcom/sun/prism/impl/BaseContext;Lcom/sun/javafx/scene/text/GlyphList;FFIILcom/sun/prism/paint/Color;Lcom/sun/prism/paint/Color;Lcom/sun/jUìÍ5"óW@
Event: 95.799 Thread 0x00000000197d5000 Uncommon trap: reason=unstable_if action=reinterpret pc=0x00000000036a7cc8 method=java.util.concurrent.locks.ReentrantLock$NonfairSync.lock()V @ 6
Event: 95.799 Thread 0x00000000197d5000 Uncommon trap: reason=unstable_if action=reinterpret pc=0x0000000003f72cd4 method=java.util.concurrent.locks.ReentrantLock$Sync.nonfairTryAcquire(I)Z @ 10
Event: 95.799 Thread 0x00000000197d5000 Uncommon trap: reason=unstable_if action=reinterpret pc=0x0000000003f70fb4 method=java.util.concurrent.locks.ReentrantLock$Sync.tryRelease(I)Z @ 28
Event: 95.799 Thread 0x0000000018875800 Uncommon trap: reason=unstable_if action=reinterpret pc=0x0000000003df2a60 method=java.util.concurrent.locks.AbstractQueuedSynchronizer$ConditionObject.checkInterruptWhileWaiting(Ljava/util/concurrent/locks/AbstractQueuedSynchronizer$Node;)I @ 3

Internal exceptions (10 events):
Event: 0.520 Thread 0x0000000003482800 Exception <a 'java/lang/NullPointerException'> (0x00000000e0a6c938) thrown at [C:\re\workspace\8-2-build-windows-amd64-cygwin\jdk8u102\7268\hotspot\src\share\vm\interpreter\linkResolver.cpp, line 1178]
Event: 0.562 Thread 0x0000000003482800 Implicit null exception at 0x00000000036a3c15 to 0x00000000036a3de1
Event: 1.028 Thread 0x000000001918a800 Exception <a 'java/lang/NullPointerException'> (0x00000000e173d568) thrown at [C:\re\workspace\8-2-build-windows-amd64-cygwin\jdk8u102\7268\hotspot\src\share\vm\interpreter\linkResolver.cpp, line 1178]
Event: 1.028 Thread 0x000000001918a800 Exception <a 'java/lang/NullPointerException'> (0x00000000e173d568) thrown at [C:\re\workspace\8-2-build-windows-amd64-cygwin\jdk8u102\7268\hotspot\src\share\vm\prims\jvm.cpp, line 1390]
Event: 2.759 Thread 0x000000001918a800 Exception <a 'java/lang/UnsatisfiedLinkError': com.sun.media.jfxmediaimpl.NativeAudioClip.nacInit()Z> (0x00000000e1713b20) thrown at [C:\re\workspace\8-2-build-windows-amd64-cygwin\jdk8u102\7268\hotspot\src\share\vm\prims\nativeLookup.cpp, line 378]
Event: 2.760 Thread 0x000000001918a800 Exception <a 'java/lang/UnsatisfiedLinkError': com.sun.media.jfxmedia.logging.Logger.nativeSetNativeLevel(I)V> (0x00000000e1718220) thrown at [C:\re\workspace\8-2-build-windows-amd64-cygwin\jdk8u102\7268\hotspot\src\share\vm\prims\nativeLookup.cpp, line 37B®ôG@
Event: 2.785 Thread 0x000000001918a800 Implicit null exception at 0x00000000037b4656 to 0x00000000037b4a01
Event: 5.774 Thread 0x000000001918a800 Implicit null exception at 0x000000000389874e to 0x00000000038998ad
Event: 70.523 Thread 0x0000000018875800 Implicit null exception at 0x000000000387b2d0 to 0x000000000387b329
Event: 95.800 Thread 0x00000000197d5000 Exception <a 'java/lang/IllegalStateException'> (0x00000000e2552630) thrown at [C:\re\workspace\8-2-build-windows-amd64-cygwin\jdk8u102\7268\hotspot\src\share\vm\prims\jvm.cpp, line 1390]

Events (10 events):
Event: 95.799 Thread 0x00000000197d5000 DEOPT PACKING pc=0x0000000003f70fb4 sp=0x000000002c89e2d0
Event: 95.799 Thread 0x0000000018875800 DEOPT PACKING pc=0x0000000003df2a60 sp=0x0000000018faee50
Event: 95.799 Thread 0x00000000197d5000 DEOPT UNPACKING pc=0x00000000035c582a sp=0x000000002c89e1a0 mode 2
Event: 95.799 Thread 0x0000000018875800 DEOPT UNPACKING pc=0x00000000035c582a sp=0x0000000018faedb0 mode 2
Event: 95.799 loading class com/sun/javafx/tk/quantum/QuantumToolkit
Event: 95.799 loading class com/sun/javafx/tk/quantum/QuantumToolkit done
Event: 95.799 loading class java/util/LinkedList$ListItr
Event: 95.800 loading class java/util/LinkedList$ListItr done
Event: 95.800 Thread 0x00000000197d5000 Thread exited: 0x00000000197d5000
Event: 95.800 Executing VM operation: Exit


Dynamic libraries:
0x00007ff72c5a0000 - 0x00007ff72c5d7000 	C:\Program Files\Java\jdk1.8.0_102\bin\java.exe
0x00007ffdcbb60000 - 0x00007ffdcbd41000 	C:\WINDOWS\SYSTEM32\ntdll.dll
0x00007ffdcaf80000 - 0x00007ffdcb031000 	C:\WINDOWS\System32\KERNEL32.DLL
0x00007ffdc7fb0000 - 0x00007ffdc8223000 	C:\WINDOWS\System32\KERNELBASE.dll
0x0000000063bd0000 - 0x0000000063c65000 	C:\WINDOWS\System32\SYSFER.DLL
0x00007ffdcae20000 - 0x00007ffdcaec1000 	C:\WINDOWS\System32\ADVAPI32.dll
0x00007ffdca810000 - 0x00007ffdca8ae000 	C:\WINDOWS\System32\msvcrt.dll
0x00007ffdcab80000 - 0x00007ffdcabdb000 	C:\WINDOWS\System32\sechost.dll
0x00007ffdca610000 - 0x00007ffdca734000 	C:\WINDOWS\System32\RPCRT4.dll
0x00007ffdcac90000 - 0x00007ffdcae20000 	C:\WINDOWS\System32\USER32.dll
0x00007ffdc7f30000 - 0x00007ffdc7f50000 	C:\WINDOWS\System32\win32u.dll
0x00007ffdcaf50000 - 0x00007ffdcaf78000 	C:\WINDOWS\System32\GDI32.dll
0x00007ffdc8c60000 - 0x00007ffdc8df2000 	C:\WINDOWS\System32\gdi32full.dll
0x00007ffdc8e00000 - 0x00007ffdc8e9f000 	C:\WINDOWS\System32\msvcp_win.dll
0x00007ffdc8ef0000 - 0x00007ffdc8fe8000 	C:\WINDOWS\System32\ucrtbase.dll
0x00007ffdbf820000 - 0x00007ffdbfa89000 	C:\WINDOWS\WinSxS\amd64_microsoft.windows.common-controls_6595b64144ccf1df_6.0.17134.706_none_fb43a2cb30647007\COMCTL32.dll
0x00007ffdcb7d0000 - 0x00007ffdcbaf2000 	C:\WINDOWS\System32\combase.dll
0x00007ffdc82e0000 - 0x00007ffdc835a000 	C:\WINDOWS\System32\bcryptPrimitives.dll
0x00007ffdcbb00000 - 0x00007ffdcbb2d000 	C:\WINDOWS\System32\IMM32.DLL
0x0000000061e40000 - 0x0000000061f11000 	C:\Program Files\Java\jdk1.8.0_102\jre\bin\msvcr100.dll
0x0000000060a60000 - 0x00000000612fa000 	C:\Program Files\Java\jdk1.8.0_102\jre\bin\server\jvm.dll
0x00007ffdca8b0000 - 0x00007ffdca8b8000 	C:\WINDOWS\System32\PSAPI.DLL
0x00007ffdc6d60000 - 0x00007ffdc6d69000 	C:\WINDOWS\SYSTEM32\WSOCK32.dll
0x00007ffdcaee0000 - 0x00007ffdcaf4c000 	C:\WINDOWS\System32\WS2_32.dll
0x00007ffdc5e20000 - 0x00007ffdc5e43000 	C:\WINDOWS\SYSTEM32\WINMM.dll
0x00007ffdb9020000 - 0x00007ffdb902a000 	C:\WINDOWS\SYSTEM32\VERSION.dll
0x00007ffdc5df0000 - 0x00007ffdc5e1a000 	C:\WINDOWS\SYSTEM32\WINMMBASE.dll
0x00007ffdc8ea0000 - 0x00007ffdc8ee9000 	C:\WINDOWS\System32\cfgmgr32.dll
0x0000000061e30000 - 0x0000000061e3f000 	C:\Program Files\Java\jdk1.8.0_102\jre\bin\verify.dll
0x0000000061e00000 - 0x0000000061e29000 	C:\Program Files\Java\jdk1.8.0_102\jre\bin\java.dll
0x00000000620a0000 - 0x00000000620c3000 	C:\Program Files\Java\jdk1.8.0_102\jre\bin\instrument.dll
0x0000000061de0000 - 0x0000000061df6000 	C:\Program Files\Java\jdk1.8.0_102\jre\bin\zip.dll
0x00007ffdc91d0000 - 0x00007ffdca610000 	C:\WINDOWS\System32\SHELL32.dll
0x00007ffdcabe0000 - 0x00007ffdcac89000 	C:\WINDOWS\System32\shcore.dll
0x00007ffdc8360000 - 0x00007ffdc8a6d000 	C:\WINDOWS\System32\windows.storage.dll
0x00007ffdc8ff0000 - 0x00007ffdc9041000 	C:\WINDOWS\System32\shlwapi.dll
0x00007ffdc7ea0000 - 0x00007ffdc7eb1000 	C:\WINDOWS\System32\kernel.appcore.dll
0x00007ffdc7f10000 - 0x00007ffdc7f2f000 	C:\WINDOWS\System32\profapi.dll
0x00007ffdc7ec0000 - 0x00007ffdc7f0c000 	C:\WINDOWS\System32\powrprof.dll
0x00007ffdc7e70000 - 0x00007ffdc7e7a000 	C:\WINDOWS\System32\FLTLIB.DLL
0x00007ffdb52d0000 - 0x00007ffdb52ea000 	C:\Program Files\JetBrains\IntelliJ IDEA Community Edition 2018.3.4\bin\breakgen64.dll
0x0000000061dc0000 - 0x0000000061dda000 	C:\Program Files\Java\jdk1.8.0_102\jre\bin\net.dll
0x00007ffdc7690000 - 0x00007ffdc76f6000 	C:\WINDOWS\system32\mswsock.dll
0x00007ffd9f330000 - 0x00007ffd9f41f000 	C:\Program Files\Java\jdk1.8.0_102\jre\bin\msvcr120.dll
0x00007ffd9f280000 - 0x00007ffd9f326000 	C:\Program Files\Java\jdk1.8.0_102\jre\bin\msvcp120.dll
0x0000000062070000 - 0x0000000062092000 	C:\Program Files\Java\jdk1.8.0_102\jre\bin\prism_d3d.dll
0x00007ffda5150000 - 0x00007ffda52e7000 	C:\WINDOWS\system32\d3d9.dll
0x00007ffdc62d0000 - 0x00007ffdc62f9000 	C:\WINDOWS\SYSTEM32\dwmapi.dll
0x00007ffdc61b0000 - 0x00007ffdc6248000 	C:\WINDOWS\system32\uxtheme.dll
0x00007ffd69260000 - 0x00007ffd6b79d000 	C:\WINDOWS\SYSTEM32\igdumdim64.dll
0x00007ffdca740000 - 0x00007ffdca802000 	C:\WINDOWS\System32\OLEAUT32.dll
0x00007ffdcb1b0000 - 0x00007ffdcb301000 	C:\WINDOWS\System32\ole32.dll
0x00007ffdcb380000 - 0x00007ffdcb7cb000 	C:\WINDOWS\System32\SETUPAPI.dll
0x0000000062020000 - 0x0000000062063000 	C:\Program Files\Java\jdk1.8.0_102\jre\bin\glass.dll
0x00007ffdcb0c0000 - 0x00007ffdcb1ad000 	C:\WINDOWS\System32\COMDLG32.dll
0x00007ffdc9050000 - 0x00007ffdc91c3000 	C:\WINDOWS\System32\MSCTF.dll
0x00007ffdc14a0000 - 0x00007ffdc1edf000 	C:\WINDOWS\SYSTEM32\igdusc64.dll
0x0000000062000000 - 0x0000000062014000 	C:\Program Files\Java\jdk1.8.0_102\jre\bin\javafx_font.dll
0x00007ffdbb450000 - 0x00007ffdbb76c000 	C:\WINDOWS\SYSTEM32\dwrite.dll
0x0000000061fd0000 - 0x0000000061ff3000 	C:\Program Files\Java\jdk1.8.0_102\jre\bin\javafx_iio.dll
0x0000000061f50000 - 0x0000000061fc3000 	C:\Program Files\Java\jdk1.8.0_102\jre\bin\glib-lite.dll
0x0000000061cf0000 - 0x0000000061d8c000 	C:\Program Files\Java\jdk1.8.0_102\jre\bin\gstreamer-lite.dll
0x00007ffd9f1f0000 - 0x00007ffd9f27f000 	C:\WINDOWS\SYSTEM32\DSOUND.dll
0x0000000061f20000 - 0x0000000061f45000 	C:\Program Files\Java\jdk1.8.0_102\jre\bin\jfxmedia.dll
0x00007ffdcaae0000 - 0x00007ffdcab80000 	C:\WINDOWS\System32\clbcatq.dll
0x00007ffdc42a0000 - 0x00007ffdc444e000 	C:\WINDOWS\SYSTEM32\WindowsCodecs.dll
0x00007ffda9f60000 - 0x00007ffda9fb8000 	C:\WINDOWS\system32\dataexchange.dll
0x00007ffdc4e00000 - 0x00007ffdc510b000 	C:\WINDOWS\system32\d3d11.dll
0x00007ffdc5570000 - 0x00007ffdc570c000 	C:\WINDOWS\system32\dcomp.dll
0x00007ffdc6890000 - 0x00007ffdc694b000 	C:\WINDOWS\system32\dxgi.dll
0x00007ffdc63b0000 - 0x00007ffdc6568000 	C:\WINDOWS\system32\twinapi.appcore.dll
0x00007ffdc6150000 - 0x00007ffdc6179000 	C:\WINDOWS\system32\RMCLIENT.dll
0x00007ffdac050000 - 0x00007ffdac084000 	C:\Program Files\Common Files\Microsoft Shared\Ink\rtscom.dll
0x0000000061cd0000 - 0x0000000061ce1000 	C:\Program Files\Java\jdk1.8.0_102\jre\bin\prism_common.dll
0x00007ffdc4640000 - 0x00007ffdc4c07000 	C:\WINDOWS\SYSTEM32\d2d1.dll
0x00007ffd97d50000 - 0x00007ffd984ce000 	C:\WINDOWS\SYSTEM32\D3D10Warp.dll
0x00007ffdbcf40000 - 0x00007ffdbcfd6000 	C:\WINDOWS\System32\TextInputFramework.dll
0x00007ffdc3df0000 - 0x00007ffdc410e000 	C:\WINDOWS\System32\CoreUIComponents.dll
0x00007ffdc5a90000 - 0x00007ffdc5b6a000 	C:\WINDOWS\System32\CoreMessaging.dll
0x00007ffdc6f60000 - 0x00007ffdc6f91000 	C:\WINDOWS\SYSTEM32\ntmarta.dll
0x00007ffdc3b50000 - 0x00007ffdc3c9d000 	C:\WINDOWS\SYSTEM32\wintypes.dll
0x00007ffdc6ae0000 - 0x00007ffdc6ca9000 	C:\WINDOWS\SYSTEM32\dbghelp.dll

VM Arguments:
jvm_args: -javaagent:C:\Program Files\JetBrains\IntelliJ IDEA Community Edition 2018.3.4\lib\idea_rt.jar=51827:C:\Program Files\JetBrains\IntelliJ IDEA Community Edition 2018.3.4\bin -Dfile.encoding=UTF-8 
java_command: ClientFX
java_class_path (initial): C:\Program Files\Java\jdk1.8.0_102\jre\lib\charsets.jar;C:\Program Files\Java\jdk1.8.0_102\jre\lib\deploy.jar;C:\Program Files\Java\jdk1.8.0_102\jre\lib\ext\access-bridge-64.jar;C:\Program Files\Java\jdk1.8.0_102\jre\lib\ext\cldrdata.jar;C:\Program Files\Java\jdk1.8.0_102\jre\lib\ext\dnsns.jar;C:\Program Files\Java\jdk1.8.0_102\jre\lib\ext\jaccess.jar;C:\Program Files\Java\jdk1.8.0_102\jre\lib\ext\jfxrt.jar;C:\Program Files\Java\jdk1.8.0_102\jre\lib\ext\localedata.jar;C:\Program Files\Java\jdk1.8.0_102\jre\lib\ext\nashorn.jar;C:\Program Files\Java\jdk1.8.0_102\jre\lib\ext\sunec.jar;C:\Program Files\Java\jdk1.8.0_102\jre\lib\ext\sunjce_provider.jar;C:\Program Files\Java\jdk1.8.0_102\jre\lib\ext\sunmscapi.jar;C:\Program Files\Java\jdk1.8.0_102\jre\lib\ext\sunpkcs11.jar;C:\Program Files\Java\jdk1.8.0_102\jre\lib\ext\zipfs.jar;C:\Program Files\Java\jdk1.8.0_102\jre\lib\javaws.jar;C:\Program Files\Java\jdk1.8.0_102\jre\lib\jce.jar;C:\Program Files\Java\jdk1.8.0_102\jre\lib\jfr.jar;C:\Program Files\Java\jdk1.8.0_102\jre\lib\jfxswt.jar;C:\Program Files\Java\jdk1.8.0_102\jre\lib\jsse.jar;C:\Program Files\Java\jdk1.8.0_102\jre\lib\management-agent.jar;C:\Program Files\Java\jdk1.8.0_102\jre\lib\plugin.jar;C:\Program Files\Java\jdk1.8.0_102\jre\lib\resources.jar;C:\Program Files\Java\jdk1.8.0_102\jre\lib\rt.jar;C:\Users\Don\Documents\GitHub\Project5\Client\out\production\Client;C:\Program Files\JetBrains\IntelliJ IDEA Community Edition 2018.3.4\lib\idea_rt.jar
Launcher Type: SUN_STANDARD

Environment Variables:
JAVA_HOME=C:\Program Files\Java\jdk1.8.0_172
CLASSPATH=.;
PATH=C:\Python27\;C:\Python27\Scripts;C:\Program Files (x86)\Common Files\Oracle\Java\javapath;C:\ProgramData\Oracle\Java\javapath;C:\Program Files (x86)\Intel\iCLS Client\;C:\Program Files\Intel\iCLS Client\;C:\WINDOWS\system32;C:\WINDOWS;C:\WINDOWS\System32\Wbem;C:\WINDOWS\System32\WindowsPowerShell\v1.0\;C:\Program Files\Hewlett-Packard\SimplePass\;C:\Program Files (x86)\Windows Live\Shared;C:\Program Files\Novell\iPrint;C:\WINDOWS\System32\OpenSSH\;C:\ProgramData\chocolatey\bin;C:\Program Files\Java\jdk1.8.0_172\bin;C:\TDM-GCC-64\bin;C:\Program Files\PuTTY\;C:\Program Files\Intel\Intel(R) Management Engine Components\DAL;C:\Program Files\Intel\Intel(R) Management Engine Components\IPT;C:\Program Files\dotnet\;C:\Program Files\Git\cmd;C:\Program Files\nodejs\;C:\Users\Don\AppData\Local\Microsoft\WindowsApps;C:\Users\Don\AndroidAppData\platform-tools;C:\Users\Don\AppData\Local\Programs\Microsoft VS Code\bin;C:\Users\Don\.dotnet\tools;C:\Program Files (x86)\Java\jdk1.8.0_102\bin;;C:\Users\Don\AppData\Local\Programs\Azure Data Studio\bin;C:\Users\Don\AppData\Roaming\npm
USERNAME=Don
OS=Windows_NT
PROCESSOR_IDENTIFIER=Intel64 Family 6 Model 61 Stepping 4, GenuineIntel



---------------  S Y S T E M  ---------------

OS: Windows 10.0 , 64 bit Build 17134 (10.0.17134.706)

CPU:total 4 (2 cores per cpu, 2 threads per core) family 6 model 61 stepping 4, cmov, cx8, fxsr, mmx, sse, sse2, sse3, ssse3, sse4.1, sse4.2, popcnt, avx, avx2, aes, clmul, erms, 3dnowpref, lzcnt, ht, tsc, tscinvbit, bmi1, bmi2, adx

Memory: 4k page, physical 6211852k(1416432k free), swap 11454732k(2569204k free)

vm_info: Java HotSpot(TM) 64-Bit Server VM (25.102-b14) for windows-amd64 JRE (1.8.0_102-b14), built on Jun 22 2016 13:15:21 by "java_re" with MS VC++ 10.0 (VS2010)

time: Sun May 05 16:46:34 2019
elapsed time: 96 seconds (0d 0h 1m 36s)

