#
# A fatal error has been detected by the Java Runtime Environment:
#
#  EXCEPTION_ACCESS_VIOLATION (0xc0000005) at pc=0x00007ffd69f778b0, pid=8332, tid=0x0000000000004b48
#
# JRE version: Java(TM) SE Runtime Environment (8.0_201-b09) (build 1.8.0_201-b09)
# Java VM: Java HotSpot(TM) 64-Bit Server VM (25.201-b09 mixed mode windows-amd64 compressed oops)
# Problematic frame:
# C  [glass.dll+0x278b0]
#
# Failed to write core dump. Minidumps are not enabled by default on client versions of Windows
#
# If you would like to submit a bug report, please visit:
#   http://bugreport.java.com/bugreport/crash.jsp
#

---------------  T H R E A D  ---------------

Current thread (0x000000001cdb9000):  VMThread [stack: 0x000000001ea90000,0x000000001eb90000] [id=19272]

siginfo: ExceptionCode=0xc0000005, reading address 0x0000000000000000

Registers:
RAX=0x0000000000000000, RBX=0x000000001fd8a2b0, RCX=0x000000001cdb9000, RDX=0x00000000725214d8
RSP=0x000000001eb8f490, RBP=0x00000000011fc5b8, RSI=0x00000000011fc590, RDI=0x0000277855c59eb2
R8 =0x0000000000010002, R9 =0x0000000000000032, R10=0x0000277855c59eb2, R11=0x000000001eb8f3a0
R12=0x0000000000000000, R13=0x0000000000000040, R14=0x000000001eb8f5a8, R15=0x00000000011fc590
RIP=0x00007ffd69f778b0, EFLAGS=0x0000000000010206

Top of Stack: (sp=0x000000001eb8f490)
0x000000001eb8f490:   0000000000000000 00007ffd89d788db
0x000000001eb8f4a0:   00000000011fc5a0 00000000011fc5a0
0x000000001eb8f4b0:   fffffffffffffffe 00007ffd69f8c1b0
0x000000001eb8f4c0:   00000000011fc598 00007ffd89d7fcb3
0x000000001eb8f4d0:   00000000011fc5b0 00007ffd00000000
0x000000001eb8f4e0:   0000f8affe0e70aa 0000000025560b10
0x000000001eb8f4f0:   fffffffffffffffe 00007ffd89d7fb5d
0x000000001eb8f500:   0000000000000001 00007ffd69f50000
0x000000001eb8f510:   0000000003011638 00007ffd69f748dc
0x000000001eb8f520:   000000001eb8f598 00007ffd89d7f967
0x000000001eb8f530:   0000000000000000 000000001eb8f5a8
0x000000001eb8f540:   00000000032ca530 00007ffd89e5a080
0x000000001eb8f550:   0000000000000000 00007ffd89d7f924
0x000000001eb8f560:   0000000000000000 0000000000000001
0x000000001eb8f570:   0000000025560b10 000000001eb8f598
0x000000001eb8f580:   0000000000000001 00007ffd69f74752 

Instructions: (pc=0x00007ffd69f778b0)
0x00007ffd69f77890:   40 53 48 83 ec 30 48 c7 44 24 20 fe ff ff ff 48
0x00007ffd69f778a0:   8b 1d 7a 72 01 00 48 85 db 74 16 e8 00 81 ff ff
0x00007ffd69f778b0:   4c 8b 00 48 8b d3 48 8b c8 41 ff 90 b0 00 00 00
0x00007ffd69f778c0:   90 48 83 c4 30 5b c3 cc cc cc cc cc cc cc cc cc 


Register to memory mapping:

RAX=0x0000000000000000 is an unknown value
RBX=0x000000001fd8a2b0 is a global jni handle
RCX=0x000000001cdb9000 is an unknown value
RDX=0x00000000725214d8 is an unknown value
RSP=0x000000001eb8f490 is an unknown value
RBP=0x00000000011fc5b8 is an unknown value
RSI=0x00000000011fc590 is an unknown value
RDI=0x0000277855c59eb2 is an unknown value
R8 =0x0000000000010002 is an unknown value
R9 =0x0000000000000032 is an unknown value
R10=0x0000277855c59eb2 is an unknown value
R11=0x000000001eb8f3a0 is an unknown value
R12=0x0000000000000000 is an unknown value
R13=0x0000000000000040 is an unknown value
R14=0x000000001eb8f5a8 is an unknown value
R15=0x00000000011fc590 is an unknown value


Stack: [0x000000001ea90000,0x000000001eb90000],  sp=0x000000001eb8f490,  free space=1021k
Native frames: (J=compiled Java code, j=interpreted, Vv=VM code, C=native code)
C  [glass.dll+0x278b0]
C  [ucrtbase.dll+0xfcb3]
C  [ucrtbase.dll+0xf967]
C  [ucrtbase.dll+0xf924]
C  [glass.dll+0x24752]
C  [glass.dll+0x24850]
C  [ntdll.dll+0x3b583]
C  [ntdll.dll+0x47f85]
C  [ntdll.dll+0x47e48]
C  [KERNEL32.DLL+0x1ca7a]
C  [msvcr100.dll+0x20cf5]
V  [jvm.dll+0x213ed5]
V  [jvm.dll+0x24d407]
V  [jvm.dll+0x24c6a6]
V  [jvm.dll+0x24cb41]
V  [jvm.dll+0x24cd5e]
V  [jvm.dll+0x29fb6a]
C  [msvcr100.dll+0x21db7]
C  [msvcr100.dll+0x21e53]
C  [KERNEL32.DLL+0x14034]
C  [ntdll.dll+0x73691]

VM_Operation (0x000000002111a800): Exit, mode: safepoint, requested by thread 0x000000001fd38000


---------------  P R O C E S S  ---------------

Java Threads: ( => current thread )
  0x00000000204ec000 JavaThread "Thread-6" [_thread_blocked, id=15956, stack(0x000000002dfc0000,0x000000002e0c0000)]
  0x00000000204eb800 JavaThread "Thread-4" daemon [_thread_in_native, id=21060, stack(0x000000002dec0000,0x000000002dfc0000)]
  0x000000002b3c7800 JavaThread "Media Resource Disposer" daemon [_thread_blocked, id=14360, stack(0x000000002c3a0000,0x000000002c4a0000)]
  0x000000001fde1000 JavaThread "Prism Font Disposer" daemon [_thread_blocked, id=17180, stack(0x000000002ae00000,0x000000002af00000)]
  0x000000001fe21000 JavaThread "Thread-3" daemon [_thread_in_native, id=11216, stack(0x0000000029a60000,0x0000000029b60000)]
  0x000000001fde9000 JavaThread "JavaFX-Launcher" [_thread_blocked, id=20024, stack(0x0000000029b60000,0x0000000029c60000)]
  0x000000001fd38000 JavaThread "JavaFX Application Thread" [_thread_blocked, id=18080, stack(0x0000000021020000,0x0000000021120000)]
  0x000000001fd36800 JavaThread "Thread-1" daemon [_thread_blocked, id=20012, stack(0x0000000020f20000,0x0000000021020000)]
  0x000000001fd13800 JavaThread "QuantumRenderer-0" daemon [_thread_blocked, id=22396, stack(0x0000000020500000,0x0000000020600000)]
  0x000000001ecfb000 JavaThread "Service Thread" daemon [_thread_blocked, id=420, stack(0x000000001f980000,0x000000001fa80000)]
  0x000000001ec58000 JavaThread "C1 CompilerThread3" daemon [_thread_blocked, id=22520, stack(0x000000001f880000,0x000000001f980000)]
  0x000000001ec00000 JavaThread "C2 CompilerThread2" daemon [_thread_blocked, id=19884, stack(0x000000001f780000,0x000000001f880000)]
  0x000000001ebff000 JavaThread "C2 CompilerThread1" daemon [_thread_blocked, id=3208, stack(0x000000001f680000,0x000000001f780000)]
  0x000000001ec53800 JavaThread "C2 CompilerThread0" daemon [_thread_blocked, id=19752, stack(0x000000001f580000,0x000000001f680000)]
  0x000000001ec09000 JavaThread "Monitor Ctrl-Break" daemon [_thread_in_native, id=15820, stack(0x000000001f480000,0x000000001f580000)]
  0x000000001ebc1000 JavaThread "Attach Listener" daemon [_thread_blocked, id=19468, stack(0x000000001f380000,0x000000001f480000)]
  0x000000001cdce000 JavaThread "Signal Dispatcher" daemon [_thread_blocked, id=10036, stack(0x000000001f280000,0x000000001f380000)]
  0x000000001ebb1000 JavaThread "Finalizer" daemon [_thread_blocked, id=13924, stack(0x000000001f090000,0x000000001f190000)]
  0x000000001cdbd800 JavaThread "Reference Handler" daemon [_thread_blocked, id=18892, stack(0x000000001ef90000,0x000000001f090000)]
  0x0000000003223000 JavaThread "main" [_thread_blocked, id=6876, stack(0x0000000002e50000,0x0000000002f50000)]

Other Threads:
=>0x000000001cdb9000 VMThread [stack: 0x000000001ea90000,0x000000001eb90000] [id=19272]

VM state:at safepoint (shutting down)

VM Mutex/Monitor currently owned by a thread:  ([mutex/lock_event])
[0x000000000301de00] Threads_lock - owner thread: 0x000000001cdb9000

heap address: 0x00000006c0e00000, size: 4082 MB, Compressed Oops mode: Zero based, Oop shift amount: 3
Narrow klass base: 0x0000000000000000, Narrow klass shift: 3
Compressed class space size: 1073741824 Address: 0x00000007c0000000

Heap:
 PSYoungGen      total 141824K, used 54490K [0x000000076af80000, 0x000000077c480000, 0x00000007c0000000)
  eden space 131072K, 41% used [0x000000076af80000,0x000000076e4b68c8,0x0000000772f80000)
  from space 10752K, 0% used [0x0000000772f80000,0x0000000772f80000,0x0000000773a00000)
  to   space 10752K, 0% used [0x000000077ba00000,0x000000077ba00000,0x000000077c480000)
 ParOldGen       total 385024K, used 174703K [0x00000006c0e00000, 0x00000006d8600000, 0x000000076af80000)
  object space 385024K, 45% used [0x00000006c0e00000,0x00000006cb89be68,0x00000006d8600000)
 Metaspace       used 17941K, capacity 19142K, committed 19328K, reserved 1064960K
  class space    used 2566K, capacity 2833K, committed 2944K, reserved 1048576K

Card table byte_map: [0x00000000126e0000,0x0000000012ee0000] byte_map_base: 0x000000000f0d9000

Marking Bits: (ParMarkBitMap*) 0x0000000072714ce0
 Begin Bits: [0x0000000013c40000, 0x0000000017c08000)
 End Bits:   [0x0000000017c08000, 0x000000001bbd0000)

Polling page: 0x0000000001660000

CodeCache: size=245760Kb used=8384Kb max_used=8384Kb free=237375Kb
 bounds [0x0000000003320000, 0x0000000003b60000, 0x0000000012320000]
 total_blobs=3335 nmethods=2658 adapters=587
 compilation: enabled

Compilation events (10 events):
Event: 84.159 Thread 0x000000001ec58000 2670       3       java.util.concurrent.CopyOnWriteArrayList::isEmpty (13 bytes)
Event: 84.159 Thread 0x000000001ec58000 nmethod 2670 0x0000000003b4e550 code [0x0000000003b4e6c0, 0x0000000003b4e970]
Event: 84.159 Thread 0x000000001ec58000 2666       3       com.sun.javafx.scene.KeyboardShortcutsHandler::dispatchBubblingEvent (192 bytes)
Event: 84.160 Thread 0x000000001ec58000 nmethod 2666 0x0000000003b3f5d0 code [0x0000000003b3f840, 0x0000000003b40e78]
Event: 84.160 Thread 0x000000001ec58000 2671       1       com.sun.javafx.scene.NodeEventDispatcher::getFirstDispatcher (5 bytes)
Event: 84.160 Thread 0x000000001ec58000 nmethod 2671 0x0000000003b39b90 code [0x0000000003b39ce0, 0x0000000003b39df0]
Event: 84.160 Thread 0x000000001ec58000 2672       1       com.sun.javafx.scene.NodeEventDispatcher::getLastDispatcher (5 bytes)
Event: 84.160 Thread 0x000000001ec58000 nmethod 2672 0x0000000003b3f310 code [0x0000000003b3f460, 0x0000000003b3f570]
Event: 84.160 Thread 0x000000001ec58000 2673       3       sun.invoke.util.BytecodeDescriptor::unparseMethod (68 bytes)
Event: 84.161 Thread 0x000000001ec58000 nmethod 2673 0x0000000003b53450 code [0x0000000003b53700, 0x0000000003b54a38]

GC Heap History (8 events):
Event: 1.130 GC heap before
{Heap before GC invocations=1 (full 0):
 PSYoungGen      total 76288K, used 65536K [0x000000076af80000, 0x0000000770480000, 0x00000007c0000000)
  eden space 65536K, 100% used [0x000000076af80000,0x000000076ef80000,0x000000076ef80000)
  from space 10752K, 0% used [0x000000076fa00000,0x000000076fa00000,0x0000000770480000)
  to   space 10752K, 0% used [0x000000076ef80000,0x000000076ef80000,0x000000076fa00000)
 ParOldGen       total 175104K, used 0K [0x00000006c0e00000, 0x00000006cb900000, 0x000000076af80000)
  object space 175104K, 0% used [0x00000006c0e00000,0x00000006c0e00000,0x00000006cb900000)
 Metaspace       used 11181K, capacity 11698K, committed 12032K, reserved 1058816K
  class space    used 1554K, capacity 1690K, committed 1792K, reserved 1048576K
Event: 1.144 GC heap after
Heap after GC invocations=1 (full 0):
 PSYoungGen      total 76288K, used 10741K [0x000000076af80000, 0x0000000774480000, 0x00000007c0000000)
  eden space 65536K, 0% used [0x000000076af80000,0x000000076af80000,0x000000076ef80000)
  from space 10752K, 99% used [0x000000076ef80000,0x000000076f9fd688,0x000000076fa00000)
  to   space 10752K, 0% used [0x0000000773a00000,0x0000000773a00000,0x0000000774480000)
 ParOldGen       total 175104K, used 17165K [0x00000006c0e00000, 0x00000006cb900000, 0x000000076af80000)
  object space 175104K, 9% used [0x00000006c0e00000,0x00000006c1ec3608,0x00000006cb900000)
 Metaspace       used 11181K, capacity 11698K, committed 12032K, reserved 1058816K
  class space    used 1554K, capacity 1690K, committed 1792K, reserved 1048576K
}
Event: 1.937 GC heap before
{Heap before GC invocations=2 (full 0):
 PSYoungGen      total 76288K, used 74810K [0x000000076af80000, 0x0000000774480000, 0x00000007c0000000)
  eden space 65536K, 97% used [0x000000076af80000,0x000000076ee11270,0x000000076ef80000)
  from space 10752K, 99% used [0x000000076ef80000,0x000000076f9fd688,0x000000076fa00000)
  to   space 10752K, 0% used [0x0000000773a00000,0x0000000773a00000,0x0000000774480000)
 ParOldGen       total 175104K, used 17165K [0x00000006c0e00000, 0x00000006cb900000, 0x000000076af80000)
  object space 175104K, 9% used [0x00000006c0e00000,0x00000006c1ec3608,0x00000006cb900000)
 Metaspace       used 12821K, capacity 13398K, committed 13568K, reserved 1060864K
  class space    used 1777K, capacity 1925K, committed 2048K, reserved 1048576K
Event: 1.966 GC heap after
Heap after GC invocations=2 (full 0):
 PSYoungGen      total 141824K, used 10725K [0x000000076af80000, 0x0000000774480000, 0x00000007c0000000)
  eden space 131072K, 0% used [0x000000076af80000,0x000000076af80000,0x0000000772f80000)
  from space 10752K, 99% used [0x0000000773a00000,0x0000000774479720,0x0000000774480000)
  to   space 10752K, 0% used [0x0000000772f80000,0x0000000772f80000,0x0000000773a00000)
 ParOldGen       total 175104K, used 64321K [0x00000006c0e00000, 0x00000006cb900000, 0x000000076af80000)
  object space 175104K, 36% used [0x00000006c0e00000,0x00000006c4cd0748,0x00000006cb900000)
 Metaspace       used 12821K, capacity 13398K, committed 13568K, reserved 1060864K
  class space    used 1777K, capacity 1925K, committed 2048K, reserved 1048576K
}
Event: 2.665 GC heap before
{Heap before GC invocations=3 (full 0):
 PSYoungGen      total 141824K, used 141797K [0x000000076af80000, 0x0000000774480000, 0x00000007c0000000)
  eden space 131072K, 100% used [0x000000076af80000,0x0000000772f80000,0x0000000772f80000)
  from space 10752K, 99% used [0x0000000773a00000,0x0000000774479720,0x0000000774480000)
  to   space 10752K, 0% used [0x0000000772f80000,0x0000000772f80000,0x0000000773a00000)
 ParOldGen       total 175104K, used 64321K [0x00000006c0e00000, 0x00000006cb900000, 0x000000076af80000)
  object space 175104K, 36% used [0x00000006c0e00000,0x00000006c4cd0748,0x00000006cb900000)
 Metaspace       used 12868K, capacity 13474K, committed 13824K, reserved 1060864K
  class space    used 1779K, capacity 1927K, committed 2048K, reserved 1048576K
Event: 2.699 GC heap after
Heap after GC invocations=3 (full 0):
 PSYoungGen      total 141824K, used 10740K [0x000000076af80000, 0x000000077c480000, 0x00000007c0000000)
  eden space 131072K, 0% used [0x000000076af80000,0x000000076af80000,0x0000000772f80000)
  from space 10752K, 99% used [0x0000000772f80000,0x00000007739fd2c0,0x0000000773a00000)
  to   space 10752K, 0% used [0x000000077ba00000,0x000000077ba00000,0x000000077c480000)
 ParOldGen       total 175104K, used 164183K [0x00000006c0e00000, 0x00000006cb900000, 0x000000076af80000)
  object space 175104K, 93% used [0x00000006c0e00000,0x00000006cae55eb0,0x00000006cb900000)
 Metaspace       used 12868K, capacity 13474K, committed 13824K, reserved 1060864K
  class space    used 1779K, capacity 1927K, committed 2048K, reserved 1048576K
}
Event: 2.699 GC heap before
{Heap before GC invocations=4 (full 1):
 PSYoungGen      total 141824K, used 10740K [0x000000076af80000, 0x000000077c480000, 0x00000007c0000000)
  eden space 131072K, 0% used [0x000000076af80000,0x000000076af80000,0x0000000772f80000)
  from space 10752K, 99% used [0x0000000772f80000,0x00000007739fd2c0,0x0000000773a00000)
  to   space 10752K, 0% used [0x000000077ba00000,0x000000077ba00000,0x000000077c480000)
 ParOldGen       total 175104K, used 164183K [0x00000006c0e00000, 0x00000006cb900000, 0x000000076af80000)
  object space 175104K, 93% used [0x00000006c0e00000,0x00000006cae55eb0,0x00000006cb900000)
 Metaspace       used 12868K, capacity 13474K, committed 13824K, reserved 1060864K
  class space    used 1779K, capacity 1927K, committed 2048K, reserved 1048576K
Event: 2.770 GC heap after
Heap after GC invocations=4 (full 1):
 PSYoungGen      total 141824K, used 0K [0x000000076af80000, 0x000000077c480000, 0x00000007c0000000)
  eden space 131072K, 0% used [0x000000076af80000,0x000000076af80000,0x0000000772f80000)
  from space 10752K, 0% used [0x0000000772f80000,0x0000000772f80000,0x0000000773a00000)
  to   space 10752K, 0% used [0x000000077ba00000,0x000000077ba00000,0x000000077c480000)
 ParOldGen       total 385024K, used 174703K [0x00000006c0e00000, 0x00000006d8600000, 0x000000076af80000)
  object space 385024K, 45% used [0x00000006c0e00000,0x00000006cb89be68,0x00000006d8600000)
 Metaspace       used 12868K, capacity 13474K, committed 13824K, reserved 1060864K
  class space    used 1779K, capacity 1927K, committed 2048K, reserved 1048576K
}

Deoptimization events (10 events):
Event: 3.434 Thread 0x000000001fd13800 Uncommon trap: reason=class_check action=maybe_recompile pc=0x000000000378c748 method=java.io.BufferedInputStream.read1([BII)I @ 39
Event: 3.434 Thread 0x000000001fd13800 Uncommon trap: reason=unstable_if action=reinterpret pc=0x000000000378c6b4 method=java.io.BufferedInputStream.fill()V @ 219
Event: 38.535 Thread 0x000000001fd38000 Uncommon trap: reason=unstable_if action=reinterpret pc=0x000000000367567c method=java.lang.Math.round(D)J @ 48
Event: 38.536 Thread 0x000000001fd38000 Uncommon trap: reason=class_check action=maybe_recompile pc=0x0000000003a4365c method=javafx.scene.Node.updateLocalToParentTransform()V @ 11
Event: 38.536 Thread 0x000000001fd38000 Uncommon trap: reason=class_check action=maybe_recompile pc=0x0000000003a4365c method=javafx.scene.Node.updateLocalToParentTransform()V @ 11
Event: 38.536 Thread 0x000000001fd38000 Uncommon trap: reason=class_check action=maybe_recompile pc=0x0000000003a4365c method=javafx.scene.Node.updateLocalToParentTransform()V @ 11
Event: 38.536 Thread 0x000000001fd38000 Uncommon trap: reason=class_check action=maybe_recompile pc=0x0000000003a4365c method=javafx.scene.Node.updateLocalToParentTransform()V @ 11
Event: 84.165 Thread 0x00000000204e9000 Uncommon trap: reason=unstable_if action=reinterpret pc=0x0000000003ad984c method=java.util.concurrent.locks.ReentrantLock$NonfairSync.lock()V @ 6
Event: 84.165 Thread 0x00000000204e9000 Uncommon trap: reason=unstable_if action=reinterpret pc=0x0000000003b2dd98 method=java.util.concurrent.locks.ReentrantLock$Sync.nonfairTryAcquire(I)Z @ 10
Event: 84.165 Thread 0x00000000204e9000 Uncommon trap: reason=unstable_if action=reinterpret pc=0x0000000003a88584 method=java.util.concurrent.locks.ReentrantLock$Sync.tryRelease(I)Z @ 28

Classes redefined (0 events):
No events

Internal exceptions (10 events):
Event: 0.225 Thread 0x0000000003223000 Exception <a 'java/security/PrivilegedActionException'> (0x000000076b5713a0) thrown at [C:\re\workspace\8-2-build-windows-amd64-cygwin\jdk8u201\12322\hotspot\src\share\vm\prims\jvm.cpp, line 1502]
Event: 0.225 Thread 0x0000000003223000 Exception <a 'java/lang/NullPointerException'> (0x000000076b571da8) thrown at [C:\re\workspace\8-2-build-windows-amd64-cygwin\jdk8u201\12322\hotspot\src\share\vm\interpreter\linkResolver.cpp, line 1185]
Event: 0.245 Thread 0x0000000003223000 Implicit null exception at 0x0000000003441115 to 0x00000000034412e5
Event: 0.701 Thread 0x000000001fd38000 Exception <a 'java/lang/NullPointerException'> (0x000000076c483ee8) thrown at [C:\re\workspace\8-2-build-windows-amd64-cygwin\jdk8u201\12322\hotspot\src\share\vm\interpreter\linkResolver.cpp, line 1185]
Event: 0.701 Thread 0x000000001fd38000 Exception <a 'java/lang/NullPointerException'> (0x000000076c483ee8) thrown at [C:\re\workspace\8-2-build-windows-amd64-cygwin\jdk8u201\12322\hotspot\src\share\vm\prims\jvm.cpp, line 1506]
Event: 1.653 Thread 0x000000001fd38000 Exception <a 'java/lang/UnsatisfiedLinkError': com.sun.media.jfxmediaimpl.NativeAudioClip.nacInit()Z> (0x000000076cf2b110) thrown at [C:\re\workspace\8-2-build-windows-amd64-cygwin\jdk8u201\12322\hotspot\src\share\vm\prims\nativeLookup.cpp, line 378]
Event: 1.654 Thread 0x000000001fd38000 Exception <a 'java/lang/UnsatisfiedLinkError': com.sun.media.jfxmedia.logging.Logger.nativeSetNativeLevel(I)V> (0x000000076cf2f938) thrown at [C:\re\workspace\8-2-build-windows-amd64-cygwin\jdk8u201\12322\hotspot\src\share\vm\prims\nativeLookup.cpp, line 
Event: 1.668 Thread 0x000000001fd38000 Implicit null exception at 0x0000000003549716 to 0x0000000003549ab9
Event: 3.304 Thread 0x000000001fd38000 Implicit null exception at 0x0000000003694076 to 0x000000000369520d
Event: 84.165 Thread 0x00000000204e9000 Exception <a 'java/lang/IllegalStateException'> (0x000000076e3e2b18) thrown at [C:\re\workspace\8-2-build-windows-amd64-cygwin\jdk8u201\12322\hotspot\src\share\vm\prims\jvm.cpp, line 1506]

Events (10 events):
Event: 84.165 Thread 0x00000000204e9000 DEOPT UNPACKING pc=0x000000000336583b sp=0x000000002e3be3d0 mode 2
Event: 84.165 Thread 0x00000000204e9000 Uncommon trap: trap_request=0xffffff65 fr.pc=0x0000000003a88584
Event: 84.165 Thread 0x00000000204e9000 DEOPT PACKING pc=0x0000000003a88584 sp=0x000000002e3be560
Event: 84.165 Thread 0x00000000204e9000 DEOPT UNPACKING pc=0x000000000336583b sp=0x000000002e3be4e8 mode 2
Event: 84.165 loading class com/sun/javafx/tk/quantum/QuantumToolkit
Event: 84.165 loading class java/util/LinkedList$ListItr
Event: 84.165 loading class com/sun/javafx/tk/quantum/QuantumToolkit done
Event: 84.165 loading class java/util/LinkedList$ListItr done
Event: 84.165 Thread 0x00000000204e9000 Thread exited: 0x00000000204e9000
Event: 84.166 Executing VM operation: Exit


Dynamic libraries:
0x00007ff628700000 - 0x00007ff628737000 	C:\Program Files\Java\jdk1.8.0_201\bin\java.exe
0x00007ffd8d5b0000 - 0x00007ffd8d791000 	C:\WINDOWS\SYSTEM32\ntdll.dll
0x00007ffd8cd70000 - 0x00007ffd8ce21000 	C:\WINDOWS\System32\KERNEL32.DLL
0x00007ffd8a7c0000 - 0x00007ffd8aa33000 	C:\WINDOWS\System32\KERNELBASE.dll
0x00007ffd8bea0000 - 0x00007ffd8bf41000 	C:\WINDOWS\System32\ADVAPI32.dll
0x00007ffd8c850000 - 0x00007ffd8c8ee000 	C:\WINDOWS\System32\msvcrt.dll
0x00007ffd8d4c0000 - 0x00007ffd8d51b000 	C:\WINDOWS\System32\sechost.dll
0x00007ffd8ce60000 - 0x00007ffd8cf84000 	C:\WINDOWS\System32\RPCRT4.dll
0x00007ffd8bf60000 - 0x00007ffd8c0f0000 	C:\WINDOWS\System32\USER32.dll
0x00007ffd8a580000 - 0x00007ffd8a5a0000 	C:\WINDOWS\System32\win32u.dll
0x00007ffd8cd30000 - 0x00007ffd8cd58000 	C:\WINDOWS\System32\GDI32.dll
0x00007ffd8a620000 - 0x00007ffd8a7b2000 	C:\WINDOWS\System32\gdi32full.dll
0x00007ffd89980000 - 0x00007ffd89a1f000 	C:\WINDOWS\System32\msvcp_win.dll
0x00007ffd89d70000 - 0x00007ffd89e68000 	C:\WINDOWS\System32\ucrtbase.dll
0x00007ffd7df40000 - 0x00007ffd7e1a9000 	C:\WINDOWS\WinSxS\amd64_microsoft.windows.common-controls_6595b64144ccf1df_6.0.17134.706_none_fb43a2cb30647007\COMCTL32.dll
0x00007ffd8c0f0000 - 0x00007ffd8c412000 	C:\WINDOWS\System32\combase.dll
0x00007ffd8a5a0000 - 0x00007ffd8a61a000 	C:\WINDOWS\System32\bcryptPrimitives.dll
0x00007ffd8ce30000 - 0x00007ffd8ce5d000 	C:\WINDOWS\System32\IMM32.DLL
0x00000000727a0000 - 0x0000000072871000 	C:\Program Files\Java\jdk1.8.0_201\jre\bin\msvcr100.dll
0x0000000071ef0000 - 0x0000000072794000 	C:\Program Files\Java\jdk1.8.0_201\jre\bin\server\jvm.dll
0x00007ffd8bf50000 - 0x00007ffd8bf58000 	C:\WINDOWS\System32\PSAPI.DLL
0x00007ffd7fd70000 - 0x00007ffd7fd93000 	C:\WINDOWS\SYSTEM32\WINMM.dll
0x00007ffd84d20000 - 0x00007ffd84d2a000 	C:\WINDOWS\SYSTEM32\VERSION.dll
0x00007ffd85ea0000 - 0x00007ffd85ea9000 	C:\WINDOWS\SYSTEM32\WSOCK32.dll
0x00007ffd8c970000 - 0x00007ffd8c9dc000 	C:\WINDOWS\System32\WS2_32.dll
0x00007ffd7f680000 - 0x00007ffd7f6aa000 	C:\WINDOWS\SYSTEM32\winmmbase.dll
0x00007ffd89c70000 - 0x00007ffd89cb9000 	C:\WINDOWS\System32\cfgmgr32.dll
0x00007ffd86740000 - 0x00007ffd8674f000 	C:\Program Files\Java\jdk1.8.0_201\jre\bin\verify.dll
0x00007ffd7aad0000 - 0x00007ffd7aaf9000 	C:\Program Files\Java\jdk1.8.0_201\jre\bin\java.dll
0x00007ffd7a710000 - 0x00007ffd7a733000 	C:\Program Files\Java\jdk1.8.0_201\jre\bin\instrument.dll
0x00007ffd7f2c0000 - 0x00007ffd7f2d6000 	C:\Program Files\Java\jdk1.8.0_201\jre\bin\zip.dll
0x00007ffd8aa60000 - 0x00007ffd8bea0000 	C:\WINDOWS\System32\SHELL32.dll
0x00007ffd8cc20000 - 0x00007ffd8ccc9000 	C:\WINDOWS\System32\shcore.dll
0x00007ffd89e70000 - 0x00007ffd8a57d000 	C:\WINDOWS\System32\windows.storage.dll
0x00007ffd8c670000 - 0x00007ffd8c6c1000 	C:\WINDOWS\System32\shlwapi.dll
0x00007ffd89940000 - 0x00007ffd89951000 	C:\WINDOWS\System32\kernel.appcore.dll
0x00007ffd89960000 - 0x00007ffd8997f000 	C:\WINDOWS\System32\profapi.dll
0x00007ffd898f0000 - 0x00007ffd8993c000 	C:\WINDOWS\System32\powrprof.dll
0x00007ffd898c0000 - 0x00007ffd898ca000 	C:\WINDOWS\System32\FLTLIB.DLL
0x00007ffd7b350000 - 0x00007ffd7b36a000 	C:\Program Files\JetBrains\IntelliJ IDEA Community Edition 2018.3.4\bin\breakgen64.dll
0x00007ffd7aab0000 - 0x00007ffd7aaca000 	C:\Program Files\Java\jdk1.8.0_201\jre\bin\net.dll
0x00007ffd80990000 - 0x00007ffd80b58000 	C:\WINDOWS\SYSTEM32\urlmon.dll
0x00007ffd80230000 - 0x00007ffd804d6000 	C:\WINDOWS\SYSTEM32\iertutil.dll
0x00007ffd892b0000 - 0x00007ffd892bb000 	C:\WINDOWS\SYSTEM32\CRYPTBASE.DLL
0x00007ffd890e0000 - 0x00007ffd89146000 	C:\WINDOWS\system32\mswsock.dll
0x0000000002ff0000 - 0x0000000002ff3000 	C:\Program Files\Java\jdk1.8.0_201\jre\bin\api-ms-win-core-console-l1-1-0.dll
0x0000000003000000 - 0x0000000003003000 	C:\Program Files\Java\jdk1.8.0_201\jre\bin\api-ms-win-core-datetime-l1-1-0.dll
0x0000000003130000 - 0x0000000003133000 	C:\Program Files\Java\jdk1.8.0_201\jre\bin\api-ms-win-core-debug-l1-1-0.dll
0x0000000003140000 - 0x0000000003143000 	C:\Program Files\Java\jdk1.8.0_201\jre\bin\api-ms-win-core-errorhandling-l1-1-0.dll
0x0000000003150000 - 0x0000000003154000 	C:\Program Files\Java\jdk1.8.0_201\jre\bin\api-ms-win-core-file-l1-1-0.dll
0x0000000003160000 - 0x0000000003163000 	C:\Program Files\Java\jdk1.8.0_201\jre\bin\api-ms-win-core-file-l1-2-0.dll
0x0000000003170000 - 0x0000000003173000 	C:\Program Files\Java\jdk1.8.0_201\jre\bin\api-ms-win-core-file-l2-1-0.dll
0x0000000003180000 - 0x0000000003183000 	C:\Program Files\Java\jdk1.8.0_201\jre\bin\api-ms-win-core-handle-l1-1-0.dll
0x0000000003190000 - 0x0000000003193000 	C:\Program Files\Java\jdk1.8.0_201\jre\bin\api-ms-win-core-heap-l1-1-0.dll
0x00000000031a0000 - 0x00000000031a3000 	C:\Program Files\Java\jdk1.8.0_201\jre\bin\api-ms-win-core-interlocked-l1-1-0.dll
0x00000000031b0000 - 0x00000000031b3000 	C:\Program Files\Java\jdk1.8.0_201\jre\bin\api-ms-win-core-libraryloader-l1-1-0.dll
0x00000000031c0000 - 0x00000000031c3000 	C:\Program Files\Java\jdk1.8.0_201\jre\bin\api-ms-win-core-localization-l1-2-0.dll
0x00000000031d0000 - 0x00000000031d3000 	C:\Program Files\Java\jdk1.8.0_201\jre\bin\api-ms-win-core-memory-l1-1-0.dll
0x00000000031e0000 - 0x00000000031e3000 	C:\Program Files\Java\jdk1.8.0_201\jre\bin\api-ms-win-core-namedpipe-l1-1-0.dll
0x00000000031f0000 - 0x00000000031f3000 	C:\Program Files\Java\jdk1.8.0_201\jre\bin\api-ms-win-core-processenvironment-l1-1-0.dll
0x0000000003200000 - 0x0000000003203000 	C:\Program Files\Java\jdk1.8.0_201\jre\bin\api-ms-win-core-processthreads-l1-1-0.dll
0x000000001fb80000 - 0x000000001fb83000 	C:\Program Files\Java\jdk1.8.0_201\jre\bin\api-ms-win-core-processthreads-l1-1-1.dll
0x000000001fb90000 - 0x000000001fb93000 	C:\Program Files\Java\jdk1.8.0_201\jre\bin\api-ms-win-core-profile-l1-1-0.dll
0x000000001fba0000 - 0x000000001fba3000 	C:\Program Files\Java\jdk1.8.0_201\jre\bin\api-ms-win-core-rtlsupport-l1-1-0.dll
0x000000001fbb0000 - 0x000000001fbb3000 	C:\Program Files\Java\jdk1.8.0_201\jre\bin\api-ms-win-core-string-l1-1-0.dll
0x000000001fbc0000 - 0x000000001fbc3000 	C:\Program Files\Java\jdk1.8.0_201\jre\bin\api-ms-win-core-synch-l1-1-0.dll
0x000000001fbd0000 - 0x000000001fbd3000 	C:\Program Files\Java\jdk1.8.0_201\jre\bin\api-ms-win-core-synch-l1-2-0.dll
0x000000001fbe0000 - 0x000000001fbe3000 	C:\Program Files\Java\jdk1.8.0_201\jre\bin\api-ms-win-core-sysinfo-l1-1-0.dll
0x000000001fbf0000 - 0x000000001fbf3000 	C:\Program Files\Java\jdk1.8.0_201\jre\bin\api-ms-win-core-timezone-l1-1-0.dll
0x000000001fc00000 - 0x000000001fc03000 	C:\Program Files\Java\jdk1.8.0_201\jre\bin\api-ms-win-core-util-l1-1-0.dll
0x000000001fc10000 - 0x000000001fc13000 	C:\Program Files\Java\jdk1.8.0_201\jre\bin\api-ms-win-crt-conio-l1-1-0.dll
0x000000001fc20000 - 0x000000001fc24000 	C:\Program Files\Java\jdk1.8.0_201\jre\bin\api-ms-win-crt-convert-l1-1-0.dll
0x000000001fc30000 - 0x000000001fc33000 	C:\Program Files\Java\jdk1.8.0_201\jre\bin\api-ms-win-crt-environment-l1-1-0.dll
0x000000001fc40000 - 0x000000001fc43000 	C:\Program Files\Java\jdk1.8.0_201\jre\bin\api-ms-win-crt-filesystem-l1-1-0.dll
0x000000001fc50000 - 0x000000001fc53000 	C:\Program Files\Java\jdk1.8.0_201\jre\bin\api-ms-win-crt-heap-l1-1-0.dll
0x000000001fc60000 - 0x000000001fc63000 	C:\Program Files\Java\jdk1.8.0_201\jre\bin\api-ms-win-crt-locale-l1-1-0.dll
0x000000001fc70000 - 0x000000001fc75000 	C:\Program Files\Java\jdk1.8.0_201\jre\bin\api-ms-win-crt-math-l1-1-0.dll
0x000000001fc80000 - 0x000000001fc85000 	C:\Program Files\Java\jdk1.8.0_201\jre\bin\api-ms-win-crt-multibyte-l1-1-0.dll
0x000000001fc90000 - 0x000000001fca0000 	C:\Program Files\Java\jdk1.8.0_201\jre\bin\api-ms-win-crt-private-l1-1-0.dll
0x000000001fca0000 - 0x000000001fca3000 	C:\Program Files\Java\jdk1.8.0_201\jre\bin\api-ms-win-crt-process-l1-1-0.dll
0x000000001fcb0000 - 0x000000001fcb4000 	C:\Program Files\Java\jdk1.8.0_201\jre\bin\api-ms-win-crt-runtime-l1-1-0.dll
0x000000001fcc0000 - 0x000000001fcc4000 	C:\Program Files\Java\jdk1.8.0_201\jre\bin\api-ms-win-crt-stdio-l1-1-0.dll
0x000000001fcd0000 - 0x000000001fcd4000 	C:\Program Files\Java\jdk1.8.0_201\jre\bin\api-ms-win-crt-string-l1-1-0.dll
0x000000001fce0000 - 0x000000001fce3000 	C:\Program Files\Java\jdk1.8.0_201\jre\bin\api-ms-win-crt-time-l1-1-0.dll
0x000000001fcf0000 - 0x000000001fcf3000 	C:\Program Files\Java\jdk1.8.0_201\jre\bin\api-ms-win-crt-utility-l1-1-0.dll
0x00007ffd57e70000 - 0x00007ffd57f66000 	C:\Program Files\Java\jdk1.8.0_201\jre\bin\ucrtbase.dll
0x00007ffd7a680000 - 0x00007ffd7a696000 	C:\Program Files\Java\jdk1.8.0_201\jre\bin\vcruntime140.dll
0x00007ffd583b0000 - 0x00007ffd5844c000 	C:\Program Files\Java\jdk1.8.0_201\jre\bin\msvcp140.dll
0x00007ffd6a270000 - 0x00007ffd6a2c1000 	C:\Program Files\Java\jdk1.8.0_201\jre\bin\concrt140.dll
0x00007ffd70630000 - 0x00007ffd70653000 	C:\Program Files\Java\jdk1.8.0_201\jre\bin\prism_d3d.dll
0x00007ffd51730000 - 0x00007ffd518c7000 	C:\WINDOWS\system32\d3d9.dll
0x00007ffd88050000 - 0x00007ffd88079000 	C:\WINDOWS\SYSTEM32\dwmapi.dll
0x00007ffd87f80000 - 0x00007ffd88018000 	C:\WINDOWS\system32\uxtheme.dll
0x00007ffd6f0e0000 - 0x00007ffd6f1ca000 	C:\WINDOWS\System32\DriverStore\FileRepository\nv_ref_pubwu.inf_amd64_2e7fa54192fe16d0\nvldumdx.dll
0x00007ffd89a20000 - 0x00007ffd89c02000 	C:\WINDOWS\System32\crypt32.dll
0x00007ffd898d0000 - 0x00007ffd898e2000 	C:\WINDOWS\System32\MSASN1.dll
0x00007ffd89c10000 - 0x00007ffd89c67000 	C:\WINDOWS\System32\WINTRUST.DLL
0x00007ffd8aa40000 - 0x00007ffd8aa5d000 	C:\WINDOWS\System32\imagehlp.dll
0x00007ffd89290000 - 0x00007ffd892a7000 	C:\WINDOWS\SYSTEM32\CRYPTSP.dll
0x00007ffd88cc0000 - 0x00007ffd88cf3000 	C:\WINDOWS\system32\rsaenh.dll
0x00007ffd89420000 - 0x00007ffd89445000 	C:\WINDOWS\SYSTEM32\bcrypt.dll
0x00007ffd15980000 - 0x00007ffd16b56000 	C:\WINDOWS\System32\DriverStore\FileRepository\nv_ref_pubwu.inf_amd64_2e7fa54192fe16d0\nvd3dumx.dll
0x00007ffd7c5c0000 - 0x00007ffd7c791000 	C:\WINDOWS\system32\nvspcap64.dll
0x00007ffd8c420000 - 0x00007ffd8c571000 	C:\WINDOWS\System32\ole32.dll
0x00007ffd8cf90000 - 0x00007ffd8d052000 	C:\WINDOWS\System32\OLEAUT32.dll
0x00007ffd8d060000 - 0x00007ffd8d4ab000 	C:\WINDOWS\System32\SETUPAPI.dll
0x00007ffd83f30000 - 0x00007ffd8400d000 	C:\WINDOWS\SYSTEM32\WINHTTP.dll
0x00007ffd85ee0000 - 0x00007ffd85ef3000 	C:\WINDOWS\SYSTEM32\WTSAPI32.dll
0x00007ffd7c810000 - 0x00007ffd7cc90000 	C:\WINDOWS\system32\nvapi64.dll
0x00007ffd88680000 - 0x00007ffd8873b000 	C:\WINDOWS\SYSTEM32\dxgi.dll
0x00007ffd896d0000 - 0x00007ffd896f7000 	C:\WINDOWS\SYSTEM32\DEVOBJ.dll
0x00007ffd69f50000 - 0x00007ffd69f99000 	C:\Program Files\Java\jdk1.8.0_201\jre\bin\glass.dll
0x00007ffd8c580000 - 0x00007ffd8c66d000 	C:\WINDOWS\System32\COMDLG32.dll
0x00007ffd8c6d0000 - 0x00007ffd8c843000 	C:\WINDOWS\System32\MSCTF.dll
0x00007ffd6a420000 - 0x00007ffd6a50b000 	C:\Program Files (x86)\NVIDIA Corporation\3D Vision\nvSCPAPI64.dll
0x00007ffd8cb80000 - 0x00007ffd8cc20000 	C:\WINDOWS\System32\clbcatq.dll
0x00007ffd89720000 - 0x00007ffd897ba000 	C:\WINDOWS\SYSTEM32\sxs.dll
0x00007ffd753c0000 - 0x00007ffd753d4000 	C:\Program Files\Java\jdk1.8.0_201\jre\bin\javafx_font.dll
0x00007ffd69c00000 - 0x00007ffd69f1c000 	C:\WINDOWS\SYSTEM32\dwrite.dll
0x00007ffd6ec40000 - 0x00007ffd6ec66000 	C:\Program Files\Java\jdk1.8.0_201\jre\bin\javafx_iio.dll
0x00007ffd57c70000 - 0x00007ffd57d13000 	C:\Program Files\Java\jdk1.8.0_201\jre\bin\glib-lite.dll
0x00007ffd57b90000 - 0x00007ffd57c70000 	C:\Program Files\Java\jdk1.8.0_201\jre\bin\gstreamer-lite.dll
0x00007ffd57b00000 - 0x00007ffd57b8f000 	C:\WINDOWS\SYSTEM32\DSOUND.dll
0x00007ffd6a1e0000 - 0x00007ffd6a207000 	C:\Program Files\Java\jdk1.8.0_201\jre\bin\jfxmedia.dll
0x00007ffd70ae0000 - 0x00007ffd70c8e000 	C:\WINDOWS\SYSTEM32\WindowsCodecs.dll
0x00007ffd62fc0000 - 0x00007ffd63018000 	C:\WINDOWS\system32\dataexchange.dll
0x00007ffd87590000 - 0x00007ffd8772c000 	C:\WINDOWS\system32\dcomp.dll
0x00007ffd86cb0000 - 0x00007ffd86fbb000 	C:\WINDOWS\system32\d3d11.dll

VM Arguments:
jvm_args: -javaagent:C:\Program Files\JetBrains\IntelliJ IDEA Community Edition 2018.3.4\lib\idea_rt.jar=55549:C:\Program Files\JetBrains\IntelliJ IDEA Community Edition 2018.3.4\bin -Dfile.encoding=UTF-8 
java_command: ClientFX
java_class_path (initial): C:\Program Files\Java\jdk1.8.0_201\jre\lib\charsets.jar;C:\Program Files\Java\jdk1.8.0_201\jre\lib\deploy.jar;C:\Program Files\Java\jdk1.8.0_201\jre\lib\ext\access-bridge-64.jar;C:\Program Files\Java\jdk1.8.0_201\jre\lib\ext\cldrdata.jar;C:\Program Files\Java\jdk1.8.0_201\jre\lib\ext\dnsns.jar;C:\Program Files\Java\jdk1.8.0_201\jre\lib\ext\jaccess.jar;C:\Program Files\Java\jdk1.8.0_201\jre\lib\ext\jfxrt.jar;C:\Program Files\Java\jdk1.8.0_201\jre\lib\ext\localedata.jar;C:\Program Files\Java\jdk1.8.0_201\jre\lib\ext\nashorn.jar;C:\Program Files\Java\jdk1.8.0_201\jre\lib\ext\sunec.jar;C:\Program Files\Java\jdk1.8.0_201\jre\lib\ext\sunjce_provider.jar;C:\Program Files\Java\jdk1.8.0_201\jre\lib\ext\sunmscapi.jar;C:\Program Files\Java\jdk1.8.0_201\jre\lib\ext\sunpkcs11.jar;C:\Program Files\Java\jdk1.8.0_201\jre\lib\ext\zipfs.jar;C:\Program Files\Java\jdk1.8.0_201\jre\lib\javaws.jar;C:\Program Files\Java\jdk1.8.0_201\jre\lib\jce.jar;C:\Program Files\Java\jdk1.8.0_201\jre\lib\jfr.jar;C:\Program Files\Java\jdk1.8.0_201\jre\lib\jfxswt.jar;C:\Program Files\Java\jdk1.8.0_201\jre\lib\jsse.jar;C:\Program Files\Java\jdk1.8.0_201\jre\lib\management-agent.jar;C:\Program Files\Java\jdk1.8.0_201\jre\lib\plugin.jar;C:\Program Files\Java\jdk1.8.0_201\jre\lib\resources.jar;C:\Program Files\Java\jdk1.8.0_201\jre\lib\rt.jar;D:\documents\GitHub\Project5\Client\out\production\Client;C:\Program Files\JetBrains\IntelliJ IDEA Community Edition 2018.3.4\lib\idea_rt.jar
Launcher Type: SUN_STANDARD

Environment Variables:
PATH=C:\Program Files (x86)\Common Files\Oracle\Java\javapath;C:\ProgramData\Oracle\Java\javapath;C:\Windows\system32;C:\Windows;C:\Windows\System32\Wbem;C:\Windows\System32\WindowsPowerShell\v1.0\;C:\Program Files (x86)\NVIDIA Corporation\PhysX\Common;C:\WINDOWS\system32;C:\WINDOWS;C:\WINDOWS\System32\Wbem;C:\WINDOWS\System32\WindowsPowerShell\v1.0\;C:\WINDOWS\System32\OpenSSH\;C:\Program Files\PuTTY\;D:\Program Files\Git\cmd;C:\Program Files\nodejs\;C:\Users\Eugenio\AppData\Local\Microsoft\WindowsApps;C:\Users\Eugenio\AppData\Local\Programs\Microsoft VS Code\bin;C:\Users\Eugenio\AppData\Local\GitHubDesktop\bin;C:\Users\Eugenio\AppData\Roaming\npm
USERNAME=Eugenio
OS=Windows_NT
PROCESSOR_IDENTIFIER=Intel64 Family 6 Model 58 Stepping 9, GenuineIntel



---------------  S Y S T E M  ---------------

OS: Windows 10.0 , 64 bit Build 17134 (10.0.17134.706)

CPU:total 8 (initial active 8) (4 cores per cpu, 2 threads per core) family 6 model 58 stepping 9, cmov, cx8, fxsr, mmx, sse, sse2, sse3, ssse3, sse4.1, sse4.2, popcnt, avx, clmul, erms, ht, tsc, tscinvbit, tscinv

Memory: 4k page, physical 16712684k(6815532k free), swap 25625580k(7766220k free)

vm_info: Java HotSpot(TM) 64-Bit Server VM (25.201-b09) for windows-amd64 JRE (1.8.0_201-b09), built on Dec 15 2018 18:36:39 by "java_re" with MS VC++ 10.0 (VS2010)

time: Mon May 06 21:39:25 2019
timezone: Central Daylight Time
elapsed time: 84 seconds (0d 0h 1m 24s)

