#
# A fatal error has been detected by the Java Runtime Environment:
#
#  EXCEPTION_ACCESS_VIOLATION (0xc0000005) at pc=0x000000006204584a, pid=29176, tid=0x00000000000057cc
#
# JRE version: Java(TM) SE Runtime Environment (8.0_102-b14) (build 1.8.0_102-b14)
# Java VM: Java HotSpot(TM) 64-Bit Server VM (25.102-b14 mixed mode windows-amd64 compressed oops)
# Problematic frame:
# C  [glass.dll+0x2584a]
#
# Failed to write core dump. Minidumps are not enabled by default on client versions of Windows
#
# If you would like to submit a bug report, please visit:
#   http://bugreport.java.com/bugreport/crash.jsp
#

---------------  T H R E A D  ---------------

Current thread (0x0000000016017800):  VMThread [stack: 0x00000000170b0000,0x00000000171b0000] [id=22476]

siginfo: ExceptionCode=0xc0000005, reading address 0x0000000000000000

Registers:
RAX=0x0000000000000000, RBX=0x00000000180b71e8, RCX=0x0000000016017800, RDX=0x00000000180b71e8
RSP=0x00000000171af000, RBP=0x000000000056faa0, RSI=0x0000000000000001, RDI=0x0000000000000000
R8 =0x0000000000010002, R9 =0x000000000056faa0, R10=0x0000000000000000, R11=0x0000000000000246
R12=0x000000000056fad0, R13=0x000000000056faa0, R14=0x000000000056fab0, R15=0x0000000000000000
RIP=0x000000006204584a, EFLAGS=0x0000000000010202

Top of Stack: (sp=0x00000000171af000)
0x00000000171af000:   0000000000000000 0000000062045900
0x00000000171af010:   0000000000000000 00000000620591b0
0x00000000171af020:   0000000062045830 0000000062043224
0x00000000171af030:   0000000062045a60 00007ffdaf917fab
0x00000000171af040:   0000000000000000 00007ffd982bc2c4
0x00000000171af050:   0000000000000001 0000000062020000
0x00000000171af060:   0000000002491638 00000000620434a6
0x00000000171af070:   0000000000000001 0000000015f25400
0x00000000171af080:   0000000000000000 0000000062043384
0x00000000171af090:   c000000500000001 00000000171ae190
0x00000000171af0a0:   0000000062020000 00007ffdcbb9b583
0x00000000171af0b0:   000000007ffe0385 0000000000000000
0x00000000171af0c0:   000000007ffe0384 000000007ffe0385
0x00000000171af0d0:   000000000000000f 00007ffdcbba813a
0x00000000171af0e0:   0000fe5ce2d35000 0000000000535520
0x00000000171af0f0:   0000000000000000 0000000000000000 

Instructions: (pc=0x000000006204584a)
0x000000006204582a:   83 c4 20 5d c3 cc 40 53 48 83 ec 20 48 8b 1d cb
0x000000006204583a:   5b 01 00 48 85 db 74 1a e8 19 93 ff ff 48 8b d3
0x000000006204584a:   4c 8b 00 48 8b c8 48 83 c4 20 5b 49 ff a0 b0 00
0x000000006204585a:   00 00 48 83 c4 20 5b c3 cc cc cc cc cc cc cc cc 


Register to memory mapping:

RAX=0x0000000000000000 is an unknown value
RBX=0x00000000180b71e8 is a global jni handle
RCX=0x0000000016017800 is an unknown value
RDX=0x00000000180b71e8 is a global jni handle
RSP=0x00000000171af000 is an unknown value
RBP=0x000000000056faa0 is an unknown value
RSI=0x0000000000000001 is an unknown value
RDI=0x0000000000000000 is an unknown value
R8 =0x0000000000010002 is an unknown value
R9 =0x000000000056faa0 is an unknown value
R10=0x0000000000000000 is an unknown value
R11=0x0000000000000246 is an unknown value
R12=0x000000000056fad0 is an unknown value
R13=0x000000000056faa0 is an unknown value
R14=0x000000000056fab0 is an unknown value
R15=0x0000000000000000 is an unknown value


Stack: [0x00000000170b0000,0x00000000171b0000],  sp=0x00000000171af000,  free space=1020k
Native frames: (J=compiled Java code, j=interpreted, Vv=VM code, C=native code)
C  [glass.dll+0x2584a]
C  [glass.dll+0x23224]
C  [glass.dll+0x234a6]
C  [ntdll.dll+0x3b583]
C  [ntdll.dll+0x47f85]
C  [ntdll.dll+0x47e48]
C  [KERNEL32.DLL+0x1ca7a]
C  [msvcr100.dll+0x20cb9]
V  [jvm.dll+0x212a05]
V  [jvm.dll+0x24b647]
V  [jvm.dll+0x24a8e6]
V  [jvm.dll+0x24ad81]
V  [jvm.dll+0x24af9e]
V  [jvm.dll+0x29c03a]
C  [msvcr100.dll+0x21d7b]
C  [msvcr100.dll+0x21e17]
C  [KERNEL32.DLL+0x14034]
C  [ntdll.dll+0x73691]

VM_Operation (0x0000000018b9aa50): Exit, mode: safepoint, requested by thread 0x00000000180ef800


---------------  P R O C E S S  ---------------

Java Threads: ( => current thread )
  0x0000000020052800 JavaThread "Glass/Prism Shutdown Hook" [_thread_blocked, id=29068, stack(0x0000000022300000,0x0000000022400000)]
  0x0000000020054000 JavaThread "Thread-6" [_thread_blocked, id=33076, stack(0x0000000021b00000,0x0000000021c00000)]
  0x0000000020054800 JavaThread "Thread-4" daemon [_thread_in_native, id=33072, stack(0x000000001f3a0000,0x000000001f4a0000)]
  0x000000001845b800 JavaThread "Media Resource Disposer" daemon [_thread_blocked, id=2632, stack(0x000000001eea0000,0x000000001efa0000)]
  0x00000000181c2800 JavaThread "Prism Font Disposer" daemon [_thread_blocked, id=32204, stack(0x000000001e7f0000,0x000000001e8f0000)]
  0x000000001818c800 JavaThread "JavaFX-Launcher" [_thread_blocked, id=31976, stack(0x000000001d570000,0x000000001d670000)]
  0x0000000018154800 JavaThread "Thread-2" daemon [_thread_in_native, id=18596, stack(0x000000001d470000,0x000000001d570000)]
  0x00000000180ef800 JavaThread "JavaFX Application Thread" [_thread_blocked, id=27212, stack(0x0000000018aa0000,0x0000000018ba0000)]
  0x00000000180e6000 JavaThread "Thread-1" daemon [_thread_blocked, id=29460, stack(0x00000000189a0000,0x0000000018aa0000)]
  0x00000000180d9000 JavaThread "QuantumRenderer-0" daemon [_thread_blocked, id=10504, stack(0x00000000188a0000,0x00000000189a0000)]
  0x00000000160ad800 JavaThread "Service Thread" daemon [_thread_blocked, id=30576, stack(0x0000000017ea0000,0x0000000017fa0000)]
  0x000000001609c800 JavaThread "C1 CompilerThread2" daemon [_thread_blocked, id=8668, stack(0x0000000017da0000,0x0000000017ea0000)]
  0x000000001609c000 JavaThread "C2 CompilerThread1" daemon [_thread_blocked, id=25708, stack(0x0000000017ca0000,0x0000000017da0000)]
  0x0000000016098000 JavaThread "C2 CompilerThread0" daemon [_thread_blocked, id=28692, stack(0x0000000017ba0000,0x0000000017ca0000)]
  0x0000000016096800 JavaThread "Monitor Ctrl-Break" daemon [_thread_in_native, id=28820, stack(0x0000000017aa0000,0x0000000017ba0000)]
  0x000000001604f000 JavaThread "Attach Listener" daemon [_thread_blocked, id=26724, stack(0x00000000175a0000,0x00000000176a0000)]
  0x000000000277d800 JavaThread "Finalizer" daemon [_thread_blocked, id=32312, stack(0x00000000172b0000,0x00000000173b0000)]
  0x0000000002772000 JavaThread "Reference Handler" daemon [_thread_blocked, id=25584, stack(0x00000000171b0000,0x00000000172b0000)]
  0x0000000002682800 JavaThread "main" [_thread_blocked, id=32200, stack(0x0000000002320000,0x0000000002420000)]

Other Threads:
=>0x0000000016017800 VMThread [stack: 0x00000000170b0000,0x00000000171b0000] [id=22476]

VM state:at safepoint (shutting down)

VM Mutex/Monitor currently owned by a thread:  ([mutex/lock_event])
[0x000000000249e6d0] Threads_lock - owner thread: 0x0000000016017800

Heap:
 PSYoungGen      total 108544K, used 43381K [0x00000000e0600000, 0x00000000eba00000, 0x0000000100000000)
  eden space 67584K, 64% used [0x00000000e0600000,0x00000000e305d490,0x00000000e4800000)
  from space 40960K, 0% used [0x00000000e4800000,0x00000000e4800000,0x00000000e7000000)
  to   space 49664K, 0% used [0x00000000e8980000,0x00000000e8980000,0x00000000eba00000)
 ParOldGen       total 306176K, used 177720K [0x00000000a1200000, 0x00000000b3d00000, 0x00000000e0600000)
  object space 306176K, 58% used [0x00000000a1200000,0x00000000abf8e3a8,0x00000000b3d00000)
 Metaspace       used 18075K, capacity 19272K, committed 19584K, reserved 1067008K
  class space    used 2572K, capacity 2848K, committed 2944K, reserved 1048576K

Card table byte_map: [0x0000000011b40000,0x0000000011e40000] byte_map_base: 0x0000000011637000

Marking Bits: (ParMarkBitMap*) 0x000000006127a6c0
 Begin Bits: [0x0000000012440000, 0x0000000013bf8000)
 End Bits:   [0x0000000013bf8000, 0x00000000153b0000)

Polling page: 0x0000000000980000

CodeCache: size=245760Kb used=8413Kb max_used=8427Kb free=237346Kb
 bounds [0x0000000002780000, 0x0000000002fc0000, 0x0000000011780000]
 total_blobs=3481 nmethods=2799 adapters=592
 compilation: enabled

Compilation events (10 events):
Event: 54.768 Thread 0x000000001609c800 2826       3       java.lang.invoke.DirectMethodHandle::shouldBeInitialized (123 bytes)
Event: 54.770 Thread 0x000000001609c800 nmethod 2826 0x0000000002fb9910 code [0x0000000002fb9ae0, 0x0000000002fba228]
Event: 54.770 Thread 0x000000001609c800 2827       3       com.sun.javafx.sg.prism.NGCamera::getViewWidth (5 bytes)
Event: 54.771 Thread 0x000000001609c800 nmethod 2827 0x0000000002fb69d0 code [0x0000000002fb6b20, 0x0000000002fb6c70]
Event: 54.771 Thread 0x000000001609c800 2828       3       com.sun.javafx.sg.prism.NGCamera::getViewHeight (5 bytes)
Event: 54.771 Thread 0x000000001609c800 nmethod 2828 0x0000000002fba390 code [0x0000000002fba4e0, 0x0000000002fba630]
Event: 54.772 Thread 0x000000001609c800 2829       3       jdk.internal.org.objectweb.asm.MethodVisitor::visitFieldInsn (20 bytes)
Event: 54.773 Thread 0x000000001609c800 nmethod 2829 0x0000000002fbbbd0 code [0x0000000002fbbd40, 0x0000000002fbbfa8]
Event: 54.777 Thread 0x0000000016098000 nmethod 2818 0x0000000002fbe150 code [0x0000000002fbe2e0, 0x0000000002fbec88]
Event: 54.842 Thread 0x000000001609c800 2830       3       java.lang.invoke.MethodHandles$Lookup::resolveOrFail (39 bytes)

GC Heap History (10 events):
Event: 2.492 GC heap before
{Heap before GC invocations=6 (full 1):
 PSYoungGen      total 53248K, used 47106K [0x00000000e0600000, 0x00000000e3e00000, 0x0000000100000000)
  eden space 49152K, 95% used [0x00000000e0600000,0x00000000e3400ba0,0x00000000e3600000)
  from space 4096K, 0% used [0x00000000e3a00000,0x00000000e3a00000,0x00000000e3e00000)
  to   space 4096K, 0% used [0x00000000e3600000,0x00000000e3600000,0x00000000e3a00000)
 ParOldGen       total 117248K, used 55417K [0x00000000a1200000, 0x00000000a8480000, 0x00000000e0600000)
  object space 117248K, 47% used [0x00000000a1200000,0x00000000a481e5e0,0x00000000a8480000)
 Metaspace       used 12722K, capacity 13348K, committed 13568K, reserved 1060864K
  class space    used 1777K, capacity 1928K, committed 2048K, reserved 1048576K
Event: 2.519 GC heap after
Heap after GC invocations=6 (full 1):
 PSYoungGen      total 53248K, used 4017K [0x00000000e0600000, 0x00000000e9800000, 0x0000000100000000)
  eden space 49152K, 0% used [0x00000000e0600000,0x00000000e0600000,0x00000000e3600000)
  from space 4096K, 98% used [0x00000000e3600000,0x00000000e39ec5d0,0x00000000e3a00000)
  to   space 33280K, 0% used [0x00000000e7780000,0x00000000e7780000,0x00000000e9800000)
 ParOldGen       total 117248K, used 88256K [0x00000000a1200000, 0x00000000a8480000, 0x00000000e0600000)
  object space 117248K, 75% used [0x00000000a1200000,0x00000000a6830040,0x00000000a8480000)
 Metaspace       used 12722K, capacity 13348K, committed 13568K, reserved 1060864K
  class space    used 1777K, capacity 1928K, committed 2048K, reserved 1048576K
}
Event: 2.519 GC heap before
{Heap before GC invocations=7 (full 2):
 PSYoungGen      total 53248K, used 4017K [0x00000000e0600000, 0x00000000e9800000, 0x0000000100000000)
  eden space 49152K, 0% used [0x00000000e0600000,0x00000000e0600000,0x00000000e3600000)
  from space 4096K, 98% used [0x00000000e3600000,0x00000000e39ec5d0,0x00000000e3a00000)
  to   space 33280K, 0% used [0x00000000e7780000,0x00000000e7780000,0x00000000e9800000)
 ParOldGen       total 117248K, used 88256K [0x00000000a1200000, 0x00000000a8480000, 0x00000000e0600000)
  object space 117248K, 75% used [0x00000000a1200000,0x00000000a6830040,0x00000000a8480000)
 Metaspace       used 12722K, capacity 13348K, committed 13568K, reserved 1060864K
  class space    used 1777K, capacity 1928K, committed 2048K, reserved 1048576K
Event: 2.594 GC heap after
Heap after GC invocations=7 (full 2):
 PSYoungGen      total 53248K, used 0K [0x00000000e0600000, 0x00000000e9800000, 0x0000000100000000)
  eden space 49152K, 0% used [0x00000000e0600000,0x00000000e0600000,0x00000000e3600000)
  from space 4096K, 0% used [0x00000000e3600000,0x00000000e3600000,0x00000000e3a00000)
  to   space 33280K, 0% used [0x00000000e7780000,0x00000000e7780000,0x00000000e9800000)
 ParOldGen       total 187904K, used 92124K [0x00000000a1200000, 0x00000000ac980000, 0x00000000e0600000)
  object space 187904K, 49% used [0x00000000a1200000,0x00000000a6bf7110,0x00000000ac980000)
 Metaspace       used 12722K, capacity 13348K, committed 13568K, reserved 1060864K
  class space    used 1777K, capacity 1928K, committed 2048K, reserved 1048576K
}
Event: 2.887 GC heap before
{Heap before GC invocations=8 (full 2):
 PSYoungGen      total 53248K, used 49152K [0x00000000e0600000, 0x00000000e9800000, 0x0000000100000000)
  eden space 49152K, 100% used [0x00000000e0600000,0x00000000e3600000,0x00000000e3600000)
  from space 4096K, 0% used [0x00000000e3600000,0x00000000e3600000,0x00000000e3a00000)
  to   space 33280K, 0% used [0x00000000e7780000,0x00000000e7780000,0x00000000e9800000)
 ParOldGen       total 187904K, used 92124K [0x00000000a1200000, 0x00000000ac980000, 0x00000000e0600000)
  object space 187904K, 49% used [0x00000000a1200000,0x00000000a6bf7110,0x00000000ac980000)
 Metaspace       used 12743K, capacity 13348K, committed 13568K, reserved 1060864K
  class space    used 1777K, capacity 1928K, committed 2048K, reserved 1048576K
Event: 2.900 GC heap after
Heap after GC invocations=8 (full 2):
 PSYoungGen      total 97280K, used 33197K [0x00000000e0600000, 0x00000000e9800000, 0x0000000100000000)
  eden space 64000K, 0% used [0x00000000e0600000,0x00000000e0600000,0x00000000e4480000)
  from space 33280K, 99% used [0x00000000e7780000,0x00000000e97eb520,0x00000000e9800000)
  to   space 40960K, 0% used [0x00000000e4800000,0x00000000e4800000,0x00000000e7000000)
 ParOldGen       total 187904K, used 98325K [0x00000000a1200000, 0x00000000ac980000, 0x00000000e0600000)
  object space 187904K, 52% used [0x00000000a1200000,0x00000000a72056f8,0x00000000ac980000)
 Metaspace       used 12743K, capacity 13348K, committed 13568K, reserved 1060864K
  class space    used 1777K, capacity 1928K, committed 2048K, reserved 1048576K
}
Event: 3.317 GC heap before
{Heap before GC invocations=9 (full 2):
 PSYoungGen      total 97280K, used 97197K [0x00000000e0600000, 0x00000000e9800000, 0x0000000100000000)
  eden space 64000K, 100% used [0x00000000e0600000,0x00000000e4480000,0x00000000e4480000)
  from space 33280K, 99% used [0x00000000e7780000,0x00000000e97eb520,0x00000000e9800000)
  to   space 40960K, 0% used [0x00000000e4800000,0x00000000e4800000,0x00000000e7000000)
 ParOldGen       total 187904K, used 98325K [0x00000000a1200000, 0x00000000ac980000, 0x00000000e0600000)
  object space 187904K, 52% used [0x00000000a1200000,0x00000000a72056f8,0x00000000ac980000)
 Metaspace       used 12779K, capacity 13360K, committed 13568K, reserved 1060864K
  class space    used 1778K, capacity 1930K, committed 2048K, reserved 1048576K
Event: 3.345 GC heap after
Heap after GC invocations=9 (full 2):
 PSYoungGen      total 108544K, used 40818K [0x00000000e0600000, 0x00000000eba00000, 0x0000000100000000)
  eden space 67584K, 0% used [0x00000000e0600000,0x00000000e0600000,0x00000000e4800000)
  from space 40960K, 99% used [0x00000000e4800000,0x00000000e6fdcab0,0x00000000e7000000)
  to   space 49664K, 0% used [0x00000000e8980000,0x00000000e8980000,0x00000000eba00000)
 ParOldGen       total 187904K, used 140504K [0x00000000a1200000, 0x00000000ac980000, 0x00000000e0600000)
  object space 187904K, 74% used [0x00000000a1200000,0x00000000a9b36210,0x00000000ac980000)
 Metaspace       used 12779K, capacity 13360K, committed 13568K, reserved 1060864K
  class space    used 1778K, capacity 1930K, committed 2048K, reserved 1048576K
}
Event: 3.345 GC heap before
{Heap before GC invocations=10 (full 3):
 PSYoungGen      total 108544K, used 40818K [0x00000000e0600000, 0x00000000eba00000, 0x0000000100000000)
  eden space 67584K, 0% used [0x00000000e0600000,0x00000000e0600000,0x00000000e4800000)
  from space 40960K, 99% used [0x00000000e4800000,0x00000000e6fdcab0,0x00000000e7000000)
  to   space 49664K, 0% used [0x00000000e8980000,0x00000000e8980000,0x00000000eba00000)
 ParOldGen       total 187904K, used 140504K [0x00000000a1200000, 0x00000000ac980000, 0x00000000e0600000)
  object space 187904K, 74% used [0x00000000a1200000,0x00000000a9b36210,0x00000000ac980000)
 Metaspace       used 12779K, capacity 13360K, committed 13568K, reserved 1060864K
  class space    used 1778K, capacity 1930K, committed 2048K, reserved 1048576K
Event: 3.406 GC heap after
Heap after GC invocations=10 (full 3):
 PSYoungGen      total 108544K, used 0K [0x00000000e0600000, 0x00000000eba00000, 0x0000000100000000)
  eden space 67584K, 0% used [0x00000000e0600000,0x00000000e0600000,0x00000000e4800000)
  from space 40960K, 0% used [0x00000000e4800000,0x00000000e4800000,0x00000000e7000000)
  to   space 49664K, 0% used [0x00000000e8980000,0x00000000e8980000,0x00000000eba00000)
 ParOldGen       total 306176K, used 177720K [0x00000000a1200000, 0x00000000b3d00000, 0x00000000e0600000)
  object space 306176K, 58% used [0x00000000a1200000,0x00000000abf8e3a8,0x00000000b3d00000)
 Metaspace       used 12779K, capacity 13360K, committed 13568K, reserved 1060864K
  class space    used 1778K, capacity 1930K, committed 2048K, reserved 1048576K
}

Deoptimization events (10 events):
Event: 27.183 Thread 0x00000000180ef800 Uncommon trap: reason=class_check action=maybe_recompile pc=0x0000000002dd019c method=javafx.scene.Node.updateLocalToParentTransform()V @ 11
Event: 27.183 Thread 0x00000000180ef800 Uncommon trap: reason=class_check action=maybe_recompile pc=0x0000000002dd019c method=javafx.scene.Node.updateLocalToParentTransform()V @ 11
Event: 27.183 Thread 0x00000000180ef800 Uncommon trap: reason=class_check action=maybe_recompile pc=0x0000000002dd019c method=javafx.scene.Node.updateLocalToParentTransform()V @ 11
Event: 27.185 Thread 0x00000000180ef800 Uncommon trap: reason=class_check action=maybe_recompile pc=0x0000000002dd019c method=javafx.scene.Node.updateLocalToParentTransform()V @ 11
Event: 27.218 Thread 0x00000000180d9000 Uncommon trap: reason=unstable_if action=reinterpret pc=0x0000000002de9bcc method=java.lang.Math.round(F)I @ 36
Event: 27.218 Thread 0x00000000180d9000 Uncommon trap: reason=unstable_if action=reinterpret pc=0x0000000002ec2cf0 method=java.lang.Math.round(F)I @ 36
Event: 27.218 Thread 0x00000000180d9000 Uncommon trap: reason=unstable_if action=reinterpret pc=0x0000000002ecc410 method=java.lang.Math.round(F)I @ 36
Event: 27.218 Thread 0x00000000180d9000 Uncommon trap: reason=unstable_if action=reinterpret pc=0x0000000002ec2590 method=java.lang.Math.round(F)I @ 36
Event: 54.841 Thread 0x0000000020052800 Uncommon trap: reason=unstable_if action=reinterpret pc=0x000000000288ec08 method=java.util.concurrent.locks.ReentrantLock$NonfairSync.lock()V @ 6
Event: 54.842 Thread 0x0000000020052800 Uncommon trap: reason=unstable_if action=reinterpret pc=0x0000000002f320c0 method=java.util.concurrent.locks.ReentrantLock$Sync.tryRelease(I)Z @ 28

Internal exceptions (10 events):
Event: 0.315 Thread 0x0000000002682800 Exception <a 'java/security/PrivilegedActionException'> (0x00000000e0a6be80) thrown at [C:\re\workspace\8-2-build-windows-amd64-cygwin\jdk8u102\7268\hotspot\src\share\vm\prims\jvm.cpp, line 1386]
Event: 0.316 Thread 0x0000000002682800 Exception <a 'java/lang/NullPointerException'> (0x00000000e0a6c888) thrown at [C:\re\workspace\8-2-build-windows-amd64-cygwin\jdk8u102\7268\hotspot\src\share\vm\interpreter\linkResolver.cpp, line 1178]
Event: 0.349 Thread 0x0000000002682800 Implicit null exception at 0x00000000028a2cd5 to 0x00000000028a2ea1
Event: 0.774 Thread 0x00000000180ef800 Exception <a 'java/lang/NullPointerException'> (0x00000000e1641c80) thrown at [C:\re\workspace\8-2-build-windows-amd64-cygwin\jdk8u102\7268\hotspot\src\share\vm\interpreter\linkResolver.cpp, line 1178]
Event: 0.774 Thread 0x00000000180ef800 Exception <a 'java/lang/NullPointerException'> (0x00000000e1641c80) thrown at [C:\re\workspace\8-2-build-windows-amd64-cygwin\jdk8u102\7268\hotspot\src\share\vm\prims\jvm.cpp, line 1390]
Event: 1.946 Thread 0x00000000180ef800 Exception <a 'java/lang/UnsatisfiedLinkError': com.sun.media.jfxmediaimpl.NativeAudioClip.nacInit()Z> (0x00000000e1790700) thrown at [C:\re\workspace\8-2-build-windows-amd64-cygwin\jdk8u102\7268\hotspot\src\share\vm\prims\nativeLookup.cpp, line 378]
Event: 1.947 Thread 0x00000000180ef800 Exception <a 'java/lang/UnsatisfiedLinkError': com.sun.media.jfxmedia.logging.Logger.nativeSetNativeLevel(I)V> (0x00000000e1794e00) thrown at [C:\re\workspace\8-2-build-windows-amd64-cygwin\jdk8u102\7268\hotspot\src\share\vm\prims\nativeLookup.cpp, line 37@Ë½|ÿ?
Event: 1.968 Thread 0x00000000180ef800 Implicit null exception at 0x00000000029a5716 to 0x00000000029a5ac1
Event: 4.363 Thread 0x00000000180ef800 Implicit null exception at 0x0000000002ac114e to 0x0000000002ac22ad
Event: 54.844 Thread 0x0000000020052800 Exception <a 'java/lang/IllegalStateException'> (0x00000000e2fbaea0) thrown at [C:\re\workspace\8-2-build-windows-amd64-cygwin\jdk8u102\7268\hotspot\src\share\vm\prims\jvm.cpp, line 1390]

Events (10 events):
Event: 54.841 Thread 0x0000000020052800 DEOPT UNPACKING pc=0x00000000027c582a sp=0x00000000223fe560 mode 2
Event: 54.842 Thread 0x0000000020052800 Uncommon trap: trap_request=0xffffff65 fr.pc=0x0000000002f320c0
Event: 54.842 Thread 0x0000000020052800 DEOPT PACKING pc=0x0000000002f320c0 sp=0x00000000223fe5b0
Event: 54.842 Thread 0x0000000020052800 DEOPT UNPACKING pc=0x00000000027c582a sp=0x00000000223fe538 mode 2
Event: 54.842 loading class java/util/LinkedList$ListItr
Event: 54.842 loading class java/util/LinkedList$ListItr done
Event: 54.843 loading class com/sun/javafx/tk/quantum/QuantumToolkit
Event: 54.843 loading class com/sun/javafx/tk/quantum/QuantumToolkit done
Event: 54.844 Thread 0x000000001604c000 Thread exited: 0x000000001604c000
Event: 54.844 Executing VM operation: Exit


Dynamic libraries:
0x00007ff72c5a0000 - 0x00007ff72c5d7000 	C:\Program Files\Java\jdk1.8.0_102\bin\java.exe
0x00007ffdcbb60000 - 0x00007ffdcbd41000 	C:\WINDOWS\SYSTEM32\ntdll.dll
0x00007ffdcaf80000 - 0x00007ffdcb031000 	C:\WINDOWS\System32\KERNEL32.DLL
0x00007ffdc7fb0000 - 0x00007ffdc8223000 	C:\WINDOWS\System32\KERNELBASE.dll
0x0000000063bd0000 - 0x0000000063c65000 	C:\WINDOWS\System32\SYSFER.DLL
0x00007ffdcae20000 - 0x00007ffdcaec1000 	C:\WINDOWS\System32\ADVAPI32.dll
0x00007ffdca810000 - 0x00007ffdca8ae000 	C:\WINDOWS\System32\msvcrt.dll
0x00007ffdcab80000 - 0x00007ffdcabdb000 	C:\WINDOWS\System32\sechost.dll
0x00007ffdca610000 - 0x00007ffdca734000 	C:\WINDOWS\System32\RPCRT4.dll
0x00007ffdcac90000 - 0x00007ffdcae20000 	C:\WINDOWS\System32\USER32.dll
0x00007ffdc7f30000 - 0x00007ffdc7f50000 	C:\WINDOWS\System32\win32u.dll
0x00007ffdcaf50000 - 0x00007ffdcaf78000 	C:\WINDOWS\System32\GDI32.dll
0x00007ffdc8c60000 - 0x00007ffdc8df2000 	C:\WINDOWS\System32\gdi32full.dll
0x00007ffdc8e00000 - 0x00007ffdc8e9f000 	C:\WINDOWS\System32\msvcp_win.dll
0x00007ffdc8ef0000 - 0x00007ffdc8fe8000 	C:\WINDOWS\System32\ucrtbase.dll
0x00007ffdbf820000 - 0x00007ffdbfa89000 	C:\WINDOWS\WinSxS\amd64_microsoft.windows.common-controls_6595b64144ccf1df_6.0.17134.706_none_fb43a2cb30647007\COMCTL32.dll
0x00007ffdcb7d0000 - 0x00007ffdcbaf2000 	C:\WINDOWS\System32\combase.dll
0x00007ffdc82e0000 - 0x00007ffdc835a000 	C:\WINDOWS\System32\bcryptPrimitives.dll
0x00007ffdcbb00000 - 0x00007ffdcbb2d000 	C:\WINDOWS\System32\IMM32.DLL
0x0000000061e40000 - 0x0000000061f11000 	C:\Program Files\Java\jdk1.8.0_102\jre\bin\msvcr100.dll
0x0000000060a60000 - 0x00000000612fa000 	C:\Program Files\Java\jdk1.8.0_102\jre\bin\server\jvm.dll
0x00007ffdca8b0000 - 0x00007ffdca8b8000 	C:\WINDOWS\System32\PSAPI.DLL
0x00007ffdc6d60000 - 0x00007ffdc6d69000 	C:\WINDOWS\SYSTEM32\WSOCK32.dll
0x00007ffdcaee0000 - 0x00007ffdcaf4c000 	C:\WINDOWS\System32\WS2_32.dll
0x00007ffdc5e20000 - 0x00007ffdc5e43000 	C:\WINDOWS\SYSTEM32\WINMM.dll
0x00007ffdb9020000 - 0x00007ffdb902a000 	C:\WINDOWS\SYSTEM32\VERSION.dll
0x00007ffdc5df0000 - 0x00007ffdc5e1a000 	C:\WINDOWS\SYSTEM32\WINMMBASE.dll
0x00007ffdc8ea0000 - 0x00007ffdc8ee9000 	C:\WINDOWS\System32\cfgmgr32.dll
0x0000000061e30000 - 0x0000000061e3f000 	C:\Program Files\Java\jdk1.8.0_102\jre\bin\verify.dll
0x0000000061e00000 - 0x0000000061e29000 	C:\Program Files\Java\jdk1.8.0_102\jre\bin\java.dll
0x00000000620a0000 - 0x00000000620c3000 	C:\Program Files\Java\jdk1.8.0_102\jre\bin\instrument.dll
0x0000000061de0000 - 0x0000000061df6000 	C:\Program Files\Java\jdk1.8.0_102\jre\bin\zip.dll
0x00007ffdc91d0000 - 0x00007ffdca610000 	C:\WINDOWS\System32\SHELL32.dll
0x00007ffdcabe0000 - 0x00007ffdcac89000 	C:\WINDOWS\System32\shcore.dll
0x00007ffdc8360000 - 0x00007ffdc8a6d000 	C:\WINDOWS\System32\windows.storage.dll
0x00007ffdc8ff0000 - 0x00007ffdc9041000 	C:\WINDOWS\System32\shlwapi.dll
0x00007ffdc7ea0000 - 0x00007ffdc7eb1000 	C:\WINDOWS\System32\kernel.appcore.dll
0x00007ffdc7f10000 - 0x00007ffdc7f2f000 	C:\WINDOWS\System32\profapi.dll
0x00007ffdc7ec0000 - 0x00007ffdc7f0c000 	C:\WINDOWS\System32\powrprof.dll
0x00007ffdc7e70000 - 0x00007ffdc7e7a000 	C:\WINDOWS\System32\FLTLIB.DLL
0x00007ffdb2980000 - 0x00007ffdb299a000 	C:\Program Files\JetBrains\IntelliJ IDEA Community Edition 2018.3.4\bin\breakgen64.dll
0x0000000061dc0000 - 0x0000000061dda000 	C:\Program Files\Java\jdk1.8.0_102\jre\bin\net.dll
0x00007ffdc7690000 - 0x00007ffdc76f6000 	C:\WINDOWS\system32\mswsock.dll
0x00007ffd9f330000 - 0x00007ffd9f41f000 	C:\Program Files\Java\jdk1.8.0_102\jre\bin\msvcr120.dll
0x00007ffd9f1c0000 - 0x00007ffd9f266000 	C:\Program Files\Java\jdk1.8.0_102\jre\bin\msvcp120.dll
0x0000000062070000 - 0x0000000062092000 	C:\Program Files\Java\jdk1.8.0_102\jre\bin\prism_d3d.dll
0x00007ffda5150000 - 0x00007ffda52e7000 	C:\WINDOWS\system32\d3d9.dll
0x00007ffdc62d0000 - 0x00007ffdc62f9000 	C:\WINDOWS\SYSTEM32\dwmapi.dll
0x00007ffdc61b0000 - 0x00007ffdc6248000 	C:\WINDOWS\system32\uxtheme.dll
0x00007ffdca740000 - 0x00007ffdca802000 	C:\WINDOWS\System32\OLEAUT32.dll
0x00007ffdcb1b0000 - 0x00007ffdcb301000 	C:\WINDOWS\System32\ole32.dll
0x0000000062020000 - 0x0000000062063000 	C:\Program Files\Java\jdk1.8.0_102\jre\bin\glass.dll
0x00007ffdcb0c0000 - 0x00007ffdcb1ad000 	C:\WINDOWS\System32\COMDLG32.dll
0x00007ffdc9050000 - 0x00007ffdc91c3000 	C:\WINDOWS\System32\MSCTF.dll
0x0000000062000000 - 0x0000000062014000 	C:\Program Files\Java\jdk1.8.0_102\jre\bin\javafx_font.dll
0x00007ffdbb450000 - 0x00007ffdbb76c000 	C:\WINDOWS\SYSTEM32\dwrite.dll
0x0000000061fb0000 - 0x0000000061fd3000 	C:\Program Files\Java\jdk1.8.0_102\jre\bin\javafx_iio.dll
0x0000000061f30000 - 0x0000000061fa3000 	C:\Program Files\Java\jdk1.8.0_102\jre\bin\glib-lite.dll
0x0000000061cf0000 - 0x0000000061d8c000 	C:\Program Files\Java\jdk1.8.0_102\jre\bin\gstreamer-lite.dll
0x00007ffda8c50000 - 0x00007ffda8cdf000 	C:\WINDOWS\SYSTEM32\DSOUND.dll
0x0000000061af0000 - 0x0000000061b15000 	C:\Program Files\Java\jdk1.8.0_102\jre\bin\jfxmedia.dll
0x00007ffdcaae0000 - 0x00007ffdcab80000 	C:\WINDOWS\System32\clbcatq.dll
0x00007ffdc42a0000 - 0x00007ffdc444e000 	C:\WINDOWS\SYSTEM32\WindowsCodecs.dll
0x00007ffda9f60000 - 0x00007ffda9fb8000 	C:\WINDOWS\system32\dataexchange.dll
0x00007ffdc4e00000 - 0x00007ffdc510b000 	C:\WINDOWS\system32\d3d11.dll
0x00007ffdc5570000 - 0x00007ffdc570c000 	C:\WINDOWS\system32\dcomp.dll
0x00007ffdc6890000 - 0x00007ffdc694b000 	C:\WINDOWS\system32\dxgi.dll
0x00007ffdc63b0000 - 0x00007ffdc6568000 	C:\WINDOWS\system32\twinapi.appcore.dll
0x00007ffdc6150000 - 0x00007ffdc6179000 	C:\WINDOWS\system32\RMCLIENT.dll
0x00007ffdac050000 - 0x00007ffdac084000 	C:\Program Files\Common Files\Microsoft Shared\Ink\rtscom.dll
0x0000000061fe0000 - 0x0000000061ff1000 	C:\Program Files\Java\jdk1.8.0_102\jre\bin\prism_common.dll
0x00007ffdc4640000 - 0x00007ffdc4c07000 	C:\WINDOWS\SYSTEM32\d2d1.dll
0x00007ffd97d50000 - 0x00007ffd984ce000 	C:\WINDOWS\SYSTEM32\D3D10Warp.dll
0x00007ffdbcf40000 - 0x00007ffdbcfd6000 	C:\WINDOWS\System32\TextInputFramework.dll
0x00007ffdc3df0000 - 0x00007ffdc410e000 	C:\WINDOWS\System32\CoreUIComponents.dll
0x00007ffdc5a90000 - 0x00007ffdc5b6a000 	C:\WINDOWS\System32\CoreMessaging.dll
0x00007ffdc6f60000 - 0x00007ffdc6f91000 	C:\WINDOWS\SYSTEM32\ntmarta.dll
0x00007ffdc3b50000 - 0x00007ffdc3c9d000 	C:\WINDOWS\SYSTEM32\wintypes.dll
0x00007ffdc6ae0000 - 0x00007ffdc6ca9000 	C:\WINDOWS\SYSTEM32\dbghelp.dll

VM Arguments:
jvm_args: -javaagent:C:\Program Files\JetBrains\IntelliJ IDEA Community Edition 2018.3.4\lib\idea_rt.jar=51616:C:\Program Files\JetBrains\IntelliJ IDEA Community Edition 2018.3.4\bin -Dfile.encoding=UTF-8 
java_command: ClientFX
java_class_path (initial): C:\Program Files\Java\jdk1.8.0_102\jre\lib\charsets.jar;C:\Program Files\Java\jdk1.8.0_102\jre\lib\deploy.jar;C:\Program Files\Java\jdk1.8.0_102\jre\lib\ext\access-bridge-64.jar;C:\Program Files\Java\jdk1.8.0_102\jre\lib\ext\cldrdata.jar;C:\Program Files\Java\jdk1.8.0_102\jre\lib\ext\dnsns.jar;C:\Program Files\Java\jdk1.8.0_102\jre\lib\ext\jaccess.jar;C:\Program Files\Java\jdk1.8.0_102\jre\lib\ext\jfxrt.jar;C:\Program Files\Java\jdk1.8.0_102\jre\lib\ext\localedata.jar;C:\Program Files\Java\jdk1.8.0_102\jre\lib\ext\nashorn.jar;C:\Program Files\Java\jdk1.8.0_102\jre\lib\ext\sunec.jar;C:\Program Files\Java\jdk1.8.0_102\jre\lib\ext\sunjce_provider.jar;C:\Program Files\Java\jdk1.8.0_102\jre\lib\ext\sunmscapi.jar;C:\Program Files\Java\jdk1.8.0_102\jre\lib\ext\sunpkcs11.jar;C:\Program Files\Java\jdk1.8.0_102\jre\lib\ext\zipfs.jar;C:\Program Files\Java\jdk1.8.0_102\jre\lib\javaws.jar;C:\Program Files\Java\jdk1.8.0_102\jre\lib\jce.jar;C:\Program Files\Java\jdk1.8.0_102\jre\lib\jfr.jar;C:\Program Files\Java\jdk1.8.0_102\jre\lib\jfxswt.jar;C:\Program Files\Java\jdk1.8.0_102\jre\lib\jsse.jar;C:\Program Files\Java\jdk1.8.0_102\jre\lib\management-agent.jar;C:\Program Files\Java\jdk1.8.0_102\jre\lib\plugin.jar;C:\Program Files\Java\jdk1.8.0_102\jre\lib\resources.jar;C:\Program Files\Java\jdk1.8.0_102\jre\lib\rt.jar;C:\Users\Don\Documents\GitHub\Project5\Client\out\production\Client;C:\Program Files\JetBrains\IntelliJ IDEA Community Edition 2018.3.4\lib\idea_rt.jar
Launcher Type: SUN_STANDARD

Environment Variables:
JAVA_HOME=C:\Program Files\Java\jdk1.8.0_172
CLASSPATH=.;
PATH=C:\Python27\;C:\Python27\Scripts;C:\Program Files (x86)\Common Files\Oracle\Java\javapath;C:\ProgramData\Oracle\Java\javapath;C:\Program Files (x86)\Intel\iCLS Client\;C:\Program Files\Intel\iCLS Client\;C:\WINDOWS\system32;C:\WINDOWS;C:\WINDOWS\System32\Wbem;C:\WINDOWS\System32\WindowsPowerShell\v1.0\;C:\Program Files\Hewlett-Packard\SimplePass\;C:\Program Files (x86)\Windows Live\Shared;C:\Program Files\Novell\iPrint;C:\WINDOWS\System32\OpenSSH\;C:\ProgramData\chocolatey\bin;C:\Program Files\Java\jdk1.8.0_172\bin;C:\TDM-GCC-64\bin;C:\Program Files\PuTTY\;C:\Program Files\Intel\Intel(R) Management Engine Components\DAL;C:\Program Files\Intel\Intel(R) Management Engine Components\IPT;C:\Program Files\dotnet\;C:\Program Files\Git\cmd;C:\Program Files\nodejs\;C:\Users\Don\AppData\Local\Microsoft\WindowsApps;C:\Users\Don\AndroidAppData\platform-tools;C:\Users\Don\AppData\Local\Programs\Microsoft VS Code\bin;C:\Users\Don\.dotnet\tools;C:\Program Files (x86)\Java\jdk1.8.0_102\bin;;C:\Users\Don\AppData\Local\Programs\Azure Data Studio\bin;C:\Users\Don\AppData\Roaming\npm
USERNAME=Don
OS=Windows_NT
PROCESSOR_IDENTIFIER=Intel64 Family 6 Model 61 Stepping 4, GenuineIntel



---------------  S Y S T E M  ---------------

OS: Windows 10.0 , 64 bit Build 17134 (10.0.17134.706)

CPU:total 4 (2 cores per cpu, 2 threads per core) family 6 model 61 stepping 4, cmov, cx8, fxsr, mmx, sse, sse2, sse3, ssse3, sse4.1, sse4.2, popcnt, avx, avx2, aes, clmul, erms, 3dnowpref, lzcnt, ht, tsc, tscinvbit, bmi1, bmi2, adx

Memory: 4k page, physical 6211852k(536408k free), swap 11454732k(1658064k free)

vm_info: Java HotSpot(TM) 64-Bit Server VM (25.102-b14) for windows-amd64 JRE (1.8.0_102-b14), built on Jun 22 2016 13:15:21 by "java_re" with MS VC++ 10.0 (VS2010)

time: Sun May 05 16:13:40 2019
elapsed time: 55 seconds (0d 0h 0m 55s)

