#
# A fatal error has been detected by the Java Runtime Environment:
#
#  EXCEPTION_ACCESS_VIOLATION (0xc0000005) at pc=0x000000006204584a, pid=30208, tid=0x0000000000007d3c
#
# JRE version: Java(TM) SE Runtime Environment (8.0_102-b14) (build 1.8.0_102-b14)
# Java VM: Java HotSpot(TM) 64-Bit Server VM (25.102-b14 mixed mode windows-amd64 compressed oops)
# Problematic frame:
# C  [glass.dll+0x2584a]
#
# Failed to write core dump. Minidumps are not enabled by default on client versions of Windows
#
# If you would like to submit a bug report, please visit:
#   http://bugreport.java.com/bugreport/crash.jsp
#

---------------  T H R E A D  ---------------

Current thread (0x0000000016ab7800):  VMThread [stack: 0x0000000017b50000,0x0000000017c50000] [id=32060]

siginfo: ExceptionCode=0xc0000005, reading address 0x0000000000000000

Registers:
RAX=0x0000000000000000, RBX=0x00000000181be330, RCX=0x0000000016ab7800, RDX=0x00000000181be330
RSP=0x0000000017c4f580, RBP=0x0000000001199c40, RSI=0x0000000000000001, RDI=0x0000000000000000
R8 =0x0000000000010002, R9 =0x0000000001199c40, R10=0x0000000000000000, R11=0x0000000000000246
R12=0x0000000001199c70, R13=0x0000000001199c40, R14=0x0000000001199c50, R15=0x0000000000000000
RIP=0x000000006204584a, EFLAGS=0x0000000000010206

Top of Stack: (sp=0x0000000017c4f580)
0x0000000017c4f580:   0000000000000000 0000000062045900
0x0000000017c4f590:   0000000000000000 00000000620591b0
0x0000000017c4f5a0:   0000000062045830 0000000062043224
0x0000000017c4f5b0:   0000000062045a60 00007ffd986c0fda
0x0000000017c4f5c0:   0000000000000000 00007ffd982bc2c4
0x0000000017c4f5d0:   0000000000000001 0000000062020000
0x0000000017c4f5e0:   00000000016b1638 00000000620434a6
0x0000000017c4f5f0:   0000000000000001 00000000169c5400
0x0000000017c4f600:   0000000000000000 0000000062043384
0x0000000017c4f610:   c000000500000001 0000000017c4e710
0x0000000017c4f620:   0000000062020000 00007ffdcbb9b583
0x0000000017c4f630:   000000007ffe0385 0000000000000000
0x0000000017c4f640:   000000007ffe0384 000000007ffe0385
0x0000000017c4f650:   000000000000000f 00007ffdcbba813a
0x0000000017c4f660:   0000579d50043800 00000000011693a0
0x0000000017c4f670:   0000000000000000 0000000000000000 

Instructions: (pc=0x000000006204584a)
0x000000006204582a:   83 c4 20 5d c3 cc 40 53 48 83 ec 20 48 8b 1d cb
0x000000006204583a:   5b 01 00 48 85 db 74 1a e8 19 93 ff ff 48 8b d3
0x000000006204584a:   4c 8b 00 48 8b c8 48 83 c4 20 5b 49 ff a0 b0 00
0x000000006204585a:   00 00 48 83 c4 20 5b c3 cc cc cc cc cc cc cc cc 


Register to memory mapping:

RAX=0x0000000000000000 is an unknown value
RBX=0x00000000181be330 is a global jni handle
RCX=0x0000000016ab7800 is an unknown value
RDX=0x00000000181be330 is a global jni handle
RSP=0x0000000017c4f580 is an unknown value
RBP=0x0000000001199c40 is an unknown value
RSI=0x0000000000000001 is an unknown value
RDI=0x0000000000000000 is an unknown value
R8 =0x0000000000010002 is an unknown value
R9 =0x0000000001199c40 is an unknown value
R10=0x0000000000000000 is an unknown value
R11=0x0000000000000246 is an unknown value
R12=0x0000000001199c70 is an unknown value
R13=0x0000000001199c40 is an unknown value
R14=0x0000000001199c50 is an unknown value
R15=0x0000000000000000 is an unknown value


Stack: [0x0000000017b50000,0x0000000017c50000],  sp=0x0000000017c4f580,  free space=1021k
Native frames: (J=compiled Java code, j=interpreted, Vv=VM code, C=native code)
C  [glass.dll+0x2584a]
C  [glass.dll+0x23224]
C  [glass.dll+0x234a6]
C  [ntdll.dll+0x3b583]
C  [ntdll.dll+0x47f85]
C  [ntdll.dll+0x47e48]
C  [KERNEL32.DLL+0x1ca7a]
C  [msvcr100.dll+0x20cb9]
V  [jvm.dll+0x212a05]
V  [jvm.dll+0x24b647]
V  [jvm.dll+0x24a8e6]
V  [jvm.dll+0x24ad81]
V  [jvm.dll+0x24af9e]
V  [jvm.dll+0x29c03a]
C  [msvcr100.dll+0x21d7b]
C  [msvcr100.dll+0x21e17]
C  [KERNEL32.DLL+0x14034]
C  [ntdll.dll+0x73691]

VM_Operation (0x000000001979b160): Exit, mode: safepoint, requested by thread 0x0000000018d22800


---------------  P R O C E S S  ---------------

Java Threads: ( => current thread )
  0x0000000018f7e000 JavaThread "Media Resource Disposer" daemon [_thread_blocked, id=32512, stack(0x000000001f920000,0x000000001fa20000)]
  0x0000000018d6e000 JavaThread "Prism Font Disposer" daemon [_thread_blocked, id=7496, stack(0x000000001f380000,0x000000001f480000)]
  0x0000000018d38800 JavaThread "JavaFX-Launcher" [_thread_blocked, id=31896, stack(0x000000001e280000,0x000000001e380000)]
  0x0000000018d31000 JavaThread "Thread-2" daemon [_thread_in_native, id=14648, stack(0x000000001e180000,0x000000001e280000)]
  0x0000000018d22800 JavaThread "JavaFX Application Thread" [_thread_blocked, id=24112, stack(0x00000000196a0000,0x00000000197a0000)]
  0x00000000184ce800 JavaThread "Thread-1" daemon [_thread_blocked, id=26484, stack(0x00000000195a0000,0x00000000196a0000)]
  0x00000000184c5000 JavaThread "QuantumRenderer-0" daemon [_thread_blocked, id=29988, stack(0x0000000018b40000,0x0000000018c40000)]
  0x00000000181f0000 JavaThread "Service Thread" daemon [_thread_blocked, id=29624, stack(0x0000000018940000,0x0000000018a40000)]
  0x00000000181cc000 JavaThread "C1 CompilerThread2" daemon [_thread_blocked, id=23352, stack(0x0000000018840000,0x0000000018940000)]
  0x0000000016b37800 JavaThread "C2 CompilerThread1" daemon [_thread_blocked, id=32232, stack(0x0000000018740000,0x0000000018840000)]
  0x0000000016b34000 JavaThread "C2 CompilerThread0" daemon [_thread_blocked, id=32684, stack(0x0000000018640000,0x0000000018740000)]
  0x0000000018182800 JavaThread "Monitor Ctrl-Break" daemon [_thread_in_native, id=29672, stack(0x0000000018540000,0x0000000018640000)]
  0x0000000016aec800 JavaThread "Attach Listener" daemon [_thread_blocked, id=21260, stack(0x0000000018040000,0x0000000018140000)]
  0x0000000003217800 JavaThread "Finalizer" daemon [_thread_blocked, id=31540, stack(0x0000000017d50000,0x0000000017e50000)]
  0x0000000003212000 JavaThread "Reference Handler" daemon [_thread_blocked, id=27688, stack(0x0000000017c50000,0x0000000017d50000)]
  0x0000000003122800 JavaThread "main" [_thread_blocked, id=32080, stack(0x0000000002de0000,0x0000000002ee0000)]

Other Threads:
=>0x0000000016ab7800 VMThread [stack: 0x0000000017b50000,0x0000000017c50000] [id=32060]

VM state:at safepoint (shutting down)

VM Mutex/Monitor currently owned by a thread:  ([mutex/lock_event])
[0x00000000016bded0] Threads_lock - owner thread: 0x0000000016ab7800

Heap:
 PSYoungGen      total 105472K, used 85045K [0x00000000e0600000, 0x00000000eea00000, 0x0000000100000000)
  eden space 65536K, 68% used [0x00000000e0600000,0x00000000e3211230,0x00000000e4600000)
  from space 39936K, 99% used [0x00000000e4600000,0x00000000e6cfc560,0x00000000e6d00000)
  to   space 70144K, 0% used [0x00000000ea580000,0x00000000ea580000,0x00000000eea00000)
 ParOldGen       total 192512K, used 142369K [0x00000000a1200000, 0x00000000ace00000, 0x00000000e0600000)
  object space 192512K, 73% used [0x00000000a1200000,0x00000000a9d087b0,0x00000000ace00000)
 Metaspace       used 18195K, capacity 19396K, committed 19584K, reserved 1067008K
  class space    used 2573K, capacity 2820K, committed 2944K, reserved 1048576K

Card table byte_map: [0x00000000125e0000,0x00000000128e0000] byte_map_base: 0x00000000120d7000

Marking Bits: (ParMarkBitMap*) 0x000000006127a6c0
 Begin Bits: [0x0000000012ee0000, 0x0000000014698000)
 End Bits:   [0x0000000014698000, 0x0000000015e50000)

Polling page: 0x0000000001120000

CodeCache: size=245760Kb used=8614Kb max_used=8744Kb free=237145Kb
 bounds [0x0000000003220000, 0x0000000003ac0000, 0x0000000012220000]
 total_blobs=3534 nmethods=2850 adapters=592
 compilation: enabled

Compilation events (10 events):
Event: 112.497 Thread 0x00000000181cc000 nmethod 3054 0x00000000037982d0 code [0x0000000003798420, 0x0000000003798530]
Event: 112.497 Thread 0x00000000181cc000 3052       3       java.util.Collections::sort (8 bytes)
Event: 112.497 Thread 0x00000000181cc000 nmethod 3052 0x00000000034f77d0 code [0x00000000034f7940, 0x00000000034f7b48]
Event: 112.556 Thread 0x00000000181cc000 3055       3       java.lang.invoke.DirectMethodHandle::shouldBeInitialized (123 bytes)
Event: 112.557 Thread 0x00000000181cc000 nmethod 3055 0x0000000003756150 code [0x0000000003756320, 0x0000000003756a68]
Event: 112.558 Thread 0x00000000181cc000 3056       3       jdk.internal.org.objectweb.asm.MethodVisitor::visitFieldInsn (20 bytes)
Event: 112.558 Thread 0x00000000181cc000 nmethod 3056 0x00000000037b9fd0 code [0x00000000037ba140, 0x00000000037ba3a8]
Event: 112.565 Thread 0x00000000181cc000 3057       3       java.util.concurrent.ThreadPoolExecutor::workerCountOf (5 bytes)
Event: 112.565 Thread 0x00000000181cc000 nmethod 3057 0x00000000037ca650 code [0x00000000037ca7a0, 0x00000000037ca8d0]
Event: 112.565 Thread 0x00000000181cc000 3058       3       java.lang.invoke.MethodHandles$Lookup::resolveOrFail (39 bytes)

GC Heap History (10 events):
Event: 3.325 GC heap before
{Heap before GC invocations=5 (full 1):
 PSYoungGen      total 53248K, used 4092K [0x00000000e0600000, 0x00000000e3e00000, 0x0000000100000000)
  eden space 49152K, 0% used [0x00000000e0600000,0x00000000e0600000,0x00000000e3600000)
  from space 4096K, 99% used [0x00000000e3a00000,0x00000000e3dff3f8,0x00000000e3e00000)
  to   space 4096K, 0% used [0x00000000e3600000,0x00000000e3600000,0x00000000e3a00000)
 ParOldGen       total 65536K, used 50894K [0x00000000a1200000, 0x00000000a5200000, 0x00000000e0600000)
  object space 65536K, 77% used [0x00000000a1200000,0x00000000a43b3a38,0x00000000a5200000)
 Metaspace       used 12663K, capacity 13252K, committed 13440K, reserved 1060864K
  class space    used 1765K, capacity 1917K, committed 1920K, reserved 1048576K
Event: 3.405 GC heap after
Heap after GC invocations=5 (full 1):
 PSYoungGen      total 53248K, used 0K [0x00000000e0600000, 0x00000000e3e00000, 0x0000000100000000)
  eden space 49152K, 0% used [0x00000000e0600000,0x00000000e0600000,0x00000000e3600000)
  from space 4096K, 0% used [0x00000000e3a00000,0x00000000e3a00000,0x00000000e3e00000)
  to   space 4096K, 0% used [0x00000000e3600000,0x00000000e3600000,0x00000000e3a00000)
 ParOldGen       total 118272K, used 54861K [0x00000000a1200000, 0x00000000a8580000, 0x00000000e0600000)
  object space 118272K, 46% used [0x00000000a1200000,0x00000000a47936f0,0x00000000a8580000)
 Metaspace       used 12663K, capacity 13252K, committed 13440K, reserved 1060864K
  class space    used 1765K, capacity 1917K, committed 1920K, reserved 1048576K
}
Event: 3.797 GC heap before
{Heap before GC invocations=6 (full 1):
 PSYoungGen      total 53248K, used 47669K [0x00000000e0600000, 0x00000000e3e00000, 0x0000000100000000)
  eden space 49152K, 96% used [0x00000000e0600000,0x00000000e348d510,0x00000000e3600000)
  from space 4096K, 0% used [0x00000000e3a00000,0x00000000e3a00000,0x00000000e3e00000)
  to   space 4096K, 0% used [0x00000000e3600000,0x00000000e3600000,0x00000000e3a00000)
 ParOldGen       total 118272K, used 54861K [0x00000000a1200000, 0x00000000a8580000, 0x00000000e0600000)
  object space 118272K, 46% used [0x00000000a1200000,0x00000000a47936f0,0x00000000a8580000)
 Metaspace       used 12712K, capacity 13344K, committed 13568K, reserved 1060864K
  class space    used 1772K, capacity 1928K, committed 2048K, reserved 1048576K
Event: 3.817 GC heap after
Heap after GC invocations=6 (full 1):
 PSYoungGen      total 53248K, used 4017K [0x00000000e0600000, 0x00000000e9180000, 0x0000000100000000)
  eden space 49152K, 0% used [0x00000000e0600000,0x00000000e0600000,0x00000000e3600000)
  from space 4096K, 98% used [0x00000000e3600000,0x00000000e39ec5d0,0x00000000e3a00000)
  to   space 32768K, 0% used [0x00000000e7180000,0x00000000e7180000,0x00000000e9180000)
 ParOldGen       total 118272K, used 90702K [0x00000000a1200000, 0x00000000a8580000, 0x00000000e0600000)
  object space 118272K, 76% used [0x00000000a1200000,0x00000000a6a93ae0,0x00000000a8580000)
 Metaspace       used 12712K, capacity 13344K, committed 13568K, reserved 1060864K
  class space    used 1772K, capacity 1928K, committed 2048K, reserved 1048576K
}
Event: 3.817 GC heap before
{Heap before GC invocations=7 (full 2):
 PSYoungGen      total 53248K, used 4017K [0x00000000e0600000, 0x00000000e9180000, 0x0000000100000000)
  eden space 49152K, 0% used [0x00000000e0600000,0x00000000e0600000,0x00000000e3600000)
  from space 4096K, 98% used [0x00000000e3600000,0x00000000e39ec5d0,0x00000000e3a00000)
  to   space 32768K, 0% used [0x00000000e7180000,0x00000000e7180000,0x00000000e9180000)
 ParOldGen       total 118272K, used 90702K [0x00000000a1200000, 0x00000000a8580000, 0x00000000e0600000)
  object space 118272K, 76% used [0x00000000a1200000,0x00000000a6a93ae0,0x00000000a8580000)
 Metaspace       used 12712K, capacity 13344K, committed 13568K, reserved 1060864K
  class space    used 1772K, capacity 1928K, committed 2048K, reserved 1048576K
Event: 3.863 GC heap after
Heap after GC invocations=7 (full 2):
 PSYoungGen      total 53248K, used 0K [0x00000000e0600000, 0x00000000e9180000, 0x0000000100000000)
  eden space 49152K, 0% used [0x00000000e0600000,0x00000000e0600000,0x00000000e3600000)
  from space 4096K, 0% used [0x00000000e3600000,0x00000000e3600000,0x00000000e3a00000)
  to   space 32768K, 0% used [0x00000000e7180000,0x00000000e7180000,0x00000000e9180000)
 ParOldGen       total 192512K, used 92124K [0x00000000a1200000, 0x00000000ace00000, 0x00000000e0600000)
  object space 192512K, 47% used [0x00000000a1200000,0x00000000a6bf7140,0x00000000ace00000)
 Metaspace       used 12712K, capacity 13344K, committed 13568K, reserved 1060864K
  class space    used 1772K, capacity 1928K, committed 2048K, reserved 1048576K
}
Event: 4.262 GC heap before
{Heap before GC invocations=8 (full 2):
 PSYoungGen      total 53248K, used 49152K [0x00000000e0600000, 0x00000000e9180000, 0x0000000100000000)
  eden space 49152K, 100% used [0x00000000e0600000,0x00000000e3600000,0x00000000e3600000)
  from space 4096K, 0% used [0x00000000e3600000,0x00000000e3600000,0x00000000e3a00000)
  to   space 32768K, 0% used [0x00000000e7180000,0x00000000e7180000,0x00000000e9180000)
 ParOldGen       total 192512K, used 92124K [0x00000000a1200000, 0x00000000ace00000, 0x00000000e0600000)
  object space 192512K, 47% used [0x00000000a1200000,0x00000000a6bf7140,0x00000000ace00000)
 Metaspace       used 12735K, capacity 13348K, committed 13568K, reserved 1060864K
  class space    used 1773K, capacity 1928K, committed 2048K, reserved 1048576K
Event: 4.274 GC heap after
Heap after GC invocations=8 (full 2):
 PSYoungGen      total 98304K, used 32736K [0x00000000e0600000, 0x00000000e9400000, 0x0000000100000000)
  eden space 65536K, 0% used [0x00000000e0600000,0x00000000e0600000,0x00000000e4600000)
  from space 32768K, 99% used [0x00000000e7180000,0x00000000e9178118,0x00000000e9180000)
  to   space 39936K, 0% used [0x00000000e4600000,0x00000000e4600000,0x00000000e6d00000)
 ParOldGen       total 192512K, used 98770K [0x00000000a1200000, 0x00000000ace00000, 0x00000000e0600000)
  object space 192512K, 51% used [0x00000000a1200000,0x00000000a7274b40,0x00000000ace00000)
 Metaspace       used 12735K, capacity 13348K, committed 13568K, reserved 1060864K
  class space    used 1773K, capacity 1928K, committed 2048K, reserved 1048576K
}
Event: 4.968 GC heap before
{Heap before GC invocations=9 (full 2):
 PSYoungGen      total 98304K, used 98255K [0x00000000e0600000, 0x00000000e9400000, 0x0000000100000000)
  eden space 65536K, 99% used [0x00000000e0600000,0x00000000e45fbe10,0x00000000e4600000)
  from space 32768K, 99% used [0x00000000e7180000,0x00000000e9178118,0x00000000e9180000)
  to   space 39936K, 0% used [0x00000000e4600000,0x00000000e4600000,0x00000000e6d00000)
 ParOldGen       total 192512K, used 98770K [0x00000000a1200000, 0x00000000ace00000, 0x00000000e0600000)
  object space 192512K, 51% used [0x00000000a1200000,0x00000000a7274b40,0x00000000ace00000)
 Metaspace       used 12755K, capacity 13360K, committed 13568K, reserved 1060864K
  class space    used 1774K, capacity 1930K, committed 2048K, reserved 1048576K
Event: 5.034 GC heap after
Heap after GC invocations=9 (full 2):
 PSYoungGen      total 105472K, used 39921K [0x00000000e0600000, 0x00000000eea00000, 0x0000000100000000)
  eden space 65536K, 0% used [0x00000000e0600000,0x00000000e0600000,0x00000000e4600000)
  from space 39936K, 99% used [0x00000000e4600000,0x00000000e6cfc560,0x00000000e6d00000)
  to   space 70144K, 0% used [0x00000000ea580000,0x00000000ea580000,0x00000000eea00000)
 ParOldGen       total 192512K, used 142369K [0x00000000a1200000, 0x00000000ace00000, 0x00000000e0600000)
  object space 192512K, 73% used [0x00000000a1200000,0x00000000a9d087b0,0x00000000ace00000)
 Metaspace       used 12755K, capacity 13360K, committed 13568K, reserved 1060864K
  class space    used 1774K, capacity 1930K, committed 2048K, reserved 1048576K
}

Deoptimization events (10 events):
Event: 76.707 Thread 0x00000000184c5000 Uncommon trap: reason=class_check action=maybe_recompile pc=0x00000000039d309c method=sun.reflect.DelegatingMethodAccessorImpl.invoke(Ljava/lang/Object;[Ljava/lang/Object;)Ljava/lang/Object; @ 6
Event: 76.708 Thread 0x00000000184c5000 Uncommon trap: reason=class_check action=maybe_recompile pc=0x00000000039d309c method=sun.reflect.DelegatingMethodAccessorImpl.invoke(Ljava/lang/Object;[Ljava/lang/Object;)Ljava/lang/Object; @ 6
Event: 76.710 Thread 0x00000000184c5000 Uncommon trap: reason=class_check action=maybe_recompile pc=0x00000000039d309c method=sun.reflect.DelegatingMethodAccessorImpl.invoke(Ljava/lang/Object;[Ljava/lang/Object;)Ljava/lang/Object; @ 6
Event: 76.716 Thread 0x00000000184c5000 Uncommon trap: reason=class_check action=maybe_recompile pc=0x00000000039d309c method=sun.reflect.DelegatingMethodAccessorImpl.invoke(Ljava/lang/Object;[Ljava/lang/Object;)Ljava/lang/Object; @ 6
Event: 76.716 Thread 0x00000000184c5000 Uncommon trap: reason=class_check action=maybe_recompile pc=0x00000000039d518c method=sun.reflect.DelegatingMethodAccessorImpl.invoke(Ljava/lang/Object;[Ljava/lang/Object;)Ljava/lang/Object; @ 6
Event: 87.947 Thread 0x0000000018d22800 Uncommon trap: reason=unstable_if action=reinterpret pc=0x0000000003387320 method=java.lang.StrictMath.floorOrCeil(DDDD)D @ 38
Event: 112.565 Thread 0x0000000018446000 Uncommon trap: reason=unstable_if action=reinterpret pc=0x0000000003976848 method=java.util.concurrent.locks.ReentrantLock$NonfairSync.lock()V @ 6
Event: 112.565 Thread 0x0000000018446000 Uncommon trap: reason=unstable_if action=reinterpret pc=0x0000000003a87cd4 method=java.util.concurrent.locks.ReentrantLock$Sync.nonfairTryAcquire(I)Z @ 10
Event: 112.565 Thread 0x0000000018446000 Uncommon trap: reason=unstable_if action=reinterpret pc=0x000000000399d4c0 method=java.util.concurrent.locks.ReentrantLock$Sync.tryRelease(I)Z @ 28
Event: 112.565 Thread 0x00000000184c5000 Uncommon trap: reason=unstable_if action=reinterpret pc=0x0000000003491728 method=java.util.concurrent.locks.AbstractQueuedSynchronizer$ConditionObject.checkInterruptWhileWaiting(Ljava/util/concurrent/locks/AbstractQueuedSynchronizer$Node;)I @ 3

Internal exceptions (10 events):
Event: 1.309 Thread 0x0000000018d22800 Exception <a 'java/lang/NullPointerException'> (0x00000000e1737a30) thrown at [C:\re\workspace\8-2-build-windows-amd64-cygwin\jdk8u102\7268\hotspot\src\share\vm\prims\jvm.cpp, line 1390]
Event: 2.879 Thread 0x0000000018d22800 Exception <a 'java/lang/UnsatisfiedLinkError': com.sun.media.jfxmediaimpl.NativeAudioClip.nacInit()Z> (0x00000000e1800b70) thrown at [C:\re\workspace\8-2-build-windows-amd64-cygwin\jdk8u102\7268\hotspot\src\share\vm\prims\nativeLookup.cpp, line 378]
Event: 2.880 Thread 0x0000000018d22800 Exception <a 'java/lang/UnsatisfiedLinkError': com.sun.media.jfxmedia.logging.Logger.nativeSetNativeLevel(I)V> (0x00000000e1805270) thrown at [C:\re\workspace\8-2-build-windows-amd64-cygwin\jdk8u102\7268\hotspot\src\share\vm\prims\nativeLookup.cpp, line 37õph@
Event: 2.926 Thread 0x0000000018d22800 Implicit null exception at 0x0000000003458e16 to 0x00000000034591c1
Event: 6.401 Thread 0x0000000018d22800 Implicit null exception at 0x000000000354688e to 0x00000000035479ed
Event: 110.537 Thread 0x0000000018446000 Exception <a 'sun/net/ConnectionResetException': > (0x00000000e2484a58) thrown at [C:\re\workspace\8-2-build-windows-amd64-cygwin\jdk8u102\7268\hotspot\src\share\vm\prims\jni.cpp, line 735]
Event: 110.537 Thread 0x0000000018446000 Exception <a 'sun/net/ConnectionResetException': > (0x00000000e2484c88) thrown at [C:\re\workspace\8-2-build-windows-amd64-cygwin\jdk8u102\7268\hotspot\src\share\vm\prims\jni.cpp, line 735]
Event: 111.008 Thread 0x0000000018442000 Exception <a 'java/net/SocketException': Socket closed> (0x00000000e24f2488) thrown at [C:\re\workspace\8-2-build-windows-amd64-cygwin\jdk8u102\7268\hotspot\src\share\vm\prims\jni.cpp, line 735]
Event: 111.057 Thread 0x0000000018442000 Exception <a 'java/net/SocketException': Socket closed> (0x00000000e250da10) thrown at [C:\re\workspace\8-2-build-windows-amd64-cygwin\jdk8u102\7268\hotspot\src\share\vm\prims\jni.cpp, line 735]
Event: 112.566 Thread 0x0000000018446000 Exception <a 'java/lang/IllegalStateException'> (0x00000000e3173e50) thrown at [C:\re\workspace\8-2-build-windows-amd64-cygwin\jdk8u102\7268\hotspot\src\share\vm\prims\jvm.cpp, line 1390]

Events (10 events):
Event: 112.565 Thread 0x0000000018446000 DEOPT UNPACKING pc=0x000000000326582a sp=0x000000002370e278 mode 2
Event: 112.565 Thread 0x00000000184c5000 DEOPT PACKING pc=0x0000000003491728 sp=0x0000000018c3f140
Event: 112.565 Thread 0x00000000184c5000 DEOPT UNPACKING pc=0x000000000326582a sp=0x0000000018c3f0a0 mode 2
Event: 112.565 loading class com/sun/javafx/tk/quantum/QuantumToolkit
Event: 112.565 loading class com/sun/javafx/tk/quantum/QuantumToolkit done
Event: 112.565 loading class java/util/LinkedList$ListItr
Event: 112.565 loading class java/util/LinkedList$ListItr done
Event: 112.566 Thread 0x0000000018446000 Thread exited: 0x0000000018446000
Event: 112.566 Thread 0x0000000016aeb000 Thread exited: 0x0000000016aeb000
Event: 112.566 Executing VM operation: Exit


Dynamic libraries:
0x00007ff72c5a0000 - 0x00007ff72c5d7000 	C:\Program Files\Java\jdk1.8.0_102\bin\java.exe
0x00007ffdcbb60000 - 0x00007ffdcbd41000 	C:\WINDOWS\SYSTEM32\ntdll.dll
0x00007ffdcaf80000 - 0x00007ffdcb031000 	C:\WINDOWS\System32\KERNEL32.DLL
0x00007ffdc7fb0000 - 0x00007ffdc8223000 	C:\WINDOWS\System32\KERNELBASE.dll
0x0000000063bd0000 - 0x0000000063c65000 	C:\WINDOWS\System32\SYSFER.DLL
0x00007ffdcae20000 - 0x00007ffdcaec1000 	C:\WINDOWS\System32\ADVAPI32.dll
0x00007ffdca810000 - 0x00007ffdca8ae000 	C:\WINDOWS\System32\msvcrt.dll
0x00007ffdcab80000 - 0x00007ffdcabdb000 	C:\WINDOWS\System32\sechost.dll
0x00007ffdca610000 - 0x00007ffdca734000 	C:\WINDOWS\System32\RPCRT4.dll
0x00007ffdcac90000 - 0x00007ffdcae20000 	C:\WINDOWS\System32\USER32.dll
0x00007ffdc7f30000 - 0x00007ffdc7f50000 	C:\WINDOWS\System32\win32u.dll
0x00007ffdcaf50000 - 0x00007ffdcaf78000 	C:\WINDOWS\System32\GDI32.dll
0x00007ffdc8c60000 - 0x00007ffdc8df2000 	C:\WINDOWS\System32\gdi32full.dll
0x00007ffdc8e00000 - 0x00007ffdc8e9f000 	C:\WINDOWS\System32\msvcp_win.dll
0x00007ffdc8ef0000 - 0x00007ffdc8fe8000 	C:\WINDOWS\System32\ucrtbase.dll
0x00007ffdbf820000 - 0x00007ffdbfa89000 	C:\WINDOWS\WinSxS\amd64_microsoft.windows.common-controls_6595b64144ccf1df_6.0.17134.706_none_fb43a2cb30647007\COMCTL32.dll
0x00007ffdcb7d0000 - 0x00007ffdcbaf2000 	C:\WINDOWS\System32\combase.dll
0x00007ffdc82e0000 - 0x00007ffdc835a000 	C:\WINDOWS\System32\bcryptPrimitives.dll
0x00007ffdcbb00000 - 0x00007ffdcbb2d000 	C:\WINDOWS\System32\IMM32.DLL
0x0000000061e40000 - 0x0000000061f11000 	C:\Program Files\Java\jdk1.8.0_102\jre\bin\msvcr100.dll
0x0000000060a60000 - 0x00000000612fa000 	C:\Program Files\Java\jdk1.8.0_102\jre\bin\server\jvm.dll
0x00007ffdca8b0000 - 0x00007ffdca8b8000 	C:\WINDOWS\System32\PSAPI.DLL
0x00007ffdc6d60000 - 0x00007ffdc6d69000 	C:\WINDOWS\SYSTEM32\WSOCK32.dll
0x00007ffdcaee0000 - 0x00007ffdcaf4c000 	C:\WINDOWS\System32\WS2_32.dll
0x00007ffdc5e20000 - 0x00007ffdc5e43000 	C:\WINDOWS\SYSTEM32\WINMM.dll
0x00007ffdb9020000 - 0x00007ffdb902a000 	C:\WINDOWS\SYSTEM32\VERSION.dll
0x00007ffdc5df0000 - 0x00007ffdc5e1a000 	C:\WINDOWS\SYSTEM32\WINMMBASE.dll
0x00007ffdc8ea0000 - 0x00007ffdc8ee9000 	C:\WINDOWS\System32\cfgmgr32.dll
0x0000000061e30000 - 0x0000000061e3f000 	C:\Program Files\Java\jdk1.8.0_102\jre\bin\verify.dll
0x0000000061e00000 - 0x0000000061e29000 	C:\Program Files\Java\jdk1.8.0_102\jre\bin\java.dll
0x00000000620a0000 - 0x00000000620c3000 	C:\Program Files\Java\jdk1.8.0_102\jre\bin\instrument.dll
0x0000000061de0000 - 0x0000000061df6000 	C:\Program Files\Java\jdk1.8.0_102\jre\bin\zip.dll
0x00007ffdc91d0000 - 0x00007ffdca610000 	C:\WINDOWS\System32\SHELL32.dll
0x00007ffdcabe0000 - 0x00007ffdcac89000 	C:\WINDOWS\System32\shcore.dll
0x00007ffdc8360000 - 0x00007ffdc8a6d000 	C:\WINDOWS\System32\windows.storage.dll
0x00007ffdc8ff0000 - 0x00007ffdc9041000 	C:\WINDOWS\System32\shlwapi.dll
0x00007ffdc7ea0000 - 0x00007ffdc7eb1000 	C:\WINDOWS\System32\kernel.appcore.dll
0x00007ffdc7f10000 - 0x00007ffdc7f2f000 	C:\WINDOWS\System32\profapi.dll
0x00007ffdc7ec0000 - 0x00007ffdc7f0c000 	C:\WINDOWS\System32\powrprof.dll
0x00007ffdc7e70000 - 0x00007ffdc7e7a000 	C:\WINDOWS\System32\FLTLIB.DLL
0x00007ffdabc60000 - 0x00007ffdabc7a000 	C:\Program Files\JetBrains\IntelliJ IDEA Community Edition 2018.3.4\bin\breakgen64.dll
0x0000000061dc0000 - 0x0000000061dda000 	C:\Program Files\Java\jdk1.8.0_102\jre\bin\net.dll
0x00007ffdc7690000 - 0x00007ffdc76f6000 	C:\WINDOWS\system32\mswsock.dll
0x00007ffd9cff0000 - 0x00007ffd9d0df000 	C:\Program Files\Java\jdk1.8.0_102\jre\bin\msvcr120.dll
0x00007ffd9f150000 - 0x00007ffd9f1f6000 	C:\Program Files\Java\jdk1.8.0_102\jre\bin\msvcp120.dll
0x0000000062070000 - 0x0000000062092000 	C:\Program Files\Java\jdk1.8.0_102\jre\bin\prism_d3d.dll
0x00007ffda5150000 - 0x00007ffda52e7000 	C:\WINDOWS\system32\d3d9.dll
0x00007ffdc62d0000 - 0x00007ffdc62f9000 	C:\WINDOWS\SYSTEM32\dwmapi.dll
0x00007ffdc61b0000 - 0x00007ffdc6248000 	C:\WINDOWS\system32\uxtheme.dll
0x00007ffd69260000 - 0x00007ffd6b79d000 	C:\WINDOWS\SYSTEM32\igdumdim64.dll
0x00007ffdca740000 - 0x00007ffdca802000 	C:\WINDOWS\System32\OLEAUT32.dll
0x00007ffdcb1b0000 - 0x00007ffdcb301000 	C:\WINDOWS\System32\ole32.dll
0x00007ffdcb380000 - 0x00007ffdcb7cb000 	C:\WINDOWS\System32\SETUPAPI.dll
0x0000000062020000 - 0x0000000062063000 	C:\Program Files\Java\jdk1.8.0_102\jre\bin\glass.dll
0x00007ffdcb0c0000 - 0x00007ffdcb1ad000 	C:\WINDOWS\System32\COMDLG32.dll
0x00007ffdc9050000 - 0x00007ffdc91c3000 	C:\WINDOWS\System32\MSCTF.dll
0x00007ffdc14a0000 - 0x00007ffdc1edf000 	C:\WINDOWS\SYSTEM32\igdusc64.dll
0x0000000062000000 - 0x0000000062014000 	C:\Program Files\Java\jdk1.8.0_102\jre\bin\javafx_font.dll
0x00007ffdbb450000 - 0x00007ffdbb76c000 	C:\WINDOWS\SYSTEM32\dwrite.dll
0x0000000061fd0000 - 0x0000000061ff3000 	C:\Program Files\Java\jdk1.8.0_102\jre\bin\javafx_iio.dll
0x0000000061f50000 - 0x0000000061fc3000 	C:\Program Files\Java\jdk1.8.0_102\jre\bin\glib-lite.dll
0x0000000061cf0000 - 0x0000000061d8c000 	C:\Program Files\Java\jdk1.8.0_102\jre\bin\gstreamer-lite.dll
0x00007ffda8c50000 - 0x00007ffda8cdf000 	C:\WINDOWS\SYSTEM32\DSOUND.dll
0x0000000061f20000 - 0x0000000061f45000 	C:\Program Files\Java\jdk1.8.0_102\jre\bin\jfxmedia.dll
0x00007ffdcaae0000 - 0x00007ffdcab80000 	C:\WINDOWS\System32\clbcatq.dll
0x00007ffdc42a0000 - 0x00007ffdc444e000 	C:\WINDOWS\SYSTEM32\WindowsCodecs.dll
0x00007ffda9f60000 - 0x00007ffda9fb8000 	C:\WINDOWS\system32\dataexchange.dll
0x00007ffdc4e00000 - 0x00007ffdc510b000 	C:\WINDOWS\system32\d3d11.dll
0x00007ffdc5570000 - 0x00007ffdc570c000 	C:\WINDOWS\system32\dcomp.dll
0x00007ffdc6890000 - 0x00007ffdc694b000 	C:\WINDOWS\system32\dxgi.dll
0x00007ffdc63b0000 - 0x00007ffdc6568000 	C:\WINDOWS\system32\twinapi.appcore.dll
0x00007ffdc6150000 - 0x00007ffdc6179000 	C:\WINDOWS\system32\RMCLIENT.dll
0x00007ffdac050000 - 0x00007ffdac084000 	C:\Program Files\Common Files\Microsoft Shared\Ink\rtscom.dll
0x0000000061cd0000 - 0x0000000061ce1000 	C:\Program Files\Java\jdk1.8.0_102\jre\bin\prism_common.dll
0x00007ffdc4640000 - 0x00007ffdc4c07000 	C:\WINDOWS\SYSTEM32\d2d1.dll
0x00007ffd97d50000 - 0x00007ffd984ce000 	C:\WINDOWS\SYSTEM32\D3D10Warp.dll
0x00007ffdbcf40000 - 0x00007ffdbcfd6000 	C:\WINDOWS\System32\TextInputFramework.dll
0x00007ffdc3df0000 - 0x00007ffdc410e000 	C:\WINDOWS\System32\CoreUIComponents.dll
0x00007ffdc5a90000 - 0x00007ffdc5b6a000 	C:\WINDOWS\System32\CoreMessaging.dll
0x00007ffdc6f60000 - 0x00007ffdc6f91000 	C:\WINDOWS\SYSTEM32\ntmarta.dll
0x00007ffdc3b50000 - 0x00007ffdc3c9d000 	C:\WINDOWS\SYSTEM32\wintypes.dll
0x00007ffdc6ae0000 - 0x00007ffdc6ca9000 	C:\WINDOWS\SYSTEM32\dbghelp.dll

VM Arguments:
jvm_args: -javaagent:C:\Program Files\JetBrains\IntelliJ IDEA Community Edition 2018.3.4\lib\idea_rt.jar=51557:C:\Program Files\JetBrains\IntelliJ IDEA Community Edition 2018.3.4\bin -Dfile.encoding=UTF-8 
java_command: ClientFX
java_class_path (initial): C:\Program Files\Java\jdk1.8.0_102\jre\lib\charsets.jar;C:\Program Files\Java\jdk1.8.0_102\jre\lib\deploy.jar;C:\Program Files\Java\jdk1.8.0_102\jre\lib\ext\access-bridge-64.jar;C:\Program Files\Java\jdk1.8.0_102\jre\lib\ext\cldrdata.jar;C:\Program Files\Java\jdk1.8.0_102\jre\lib\ext\dnsns.jar;C:\Program Files\Java\jdk1.8.0_102\jre\lib\ext\jaccess.jar;C:\Program Files\Java\jdk1.8.0_102\jre\lib\ext\jfxrt.jar;C:\Program Files\Java\jdk1.8.0_102\jre\lib\ext\localedata.jar;C:\Program Files\Java\jdk1.8.0_102\jre\lib\ext\nashorn.jar;C:\Program Files\Java\jdk1.8.0_102\jre\lib\ext\sunec.jar;C:\Program Files\Java\jdk1.8.0_102\jre\lib\ext\sunjce_provider.jar;C:\Program Files\Java\jdk1.8.0_102\jre\lib\ext\sunmscapi.jar;C:\Program Files\Java\jdk1.8.0_102\jre\lib\ext\sunpkcs11.jar;C:\Program Files\Java\jdk1.8.0_102\jre\lib\ext\zipfs.jar;C:\Program Files\Java\jdk1.8.0_102\jre\lib\javaws.jar;C:\Program Files\Java\jdk1.8.0_102\jre\lib\jce.jar;C:\Program Files\Java\jdk1.8.0_102\jre\lib\jfr.jar;C:\Program Files\Java\jdk1.8.0_102\jre\lib\jfxswt.jar;C:\Program Files\Java\jdk1.8.0_102\jre\lib\jsse.jar;C:\Program Files\Java\jdk1.8.0_102\jre\lib\management-agent.jar;C:\Program Files\Java\jdk1.8.0_102\jre\lib\plugin.jar;C:\Program Files\Java\jdk1.8.0_102\jre\lib\resources.jar;C:\Program Files\Java\jdk1.8.0_102\jre\lib\rt.jar;C:\Users\Don\Documents\GitHub\Project5\Client\out\production\Client;C:\Program Files\JetBrains\IntelliJ IDEA Community Edition 2018.3.4\lib\idea_rt.jar
Launcher Type: SUN_STANDARD

Environment Variables:
JAVA_HOME=C:\Program Files\Java\jdk1.8.0_172
CLASSPATH=.;
PATH=C:\Python27\;C:\Python27\Scripts;C:\Program Files (x86)\Common Files\Oracle\Java\javapath;C:\ProgramData\Oracle\Java\javapath;C:\Program Files (x86)\Intel\iCLS Client\;C:\Program Files\Intel\iCLS Client\;C:\WINDOWS\system32;C:\WINDOWS;C:\WINDOWS\System32\Wbem;C:\WINDOWS\System32\WindowsPowerShell\v1.0\;C:\Program Files\Hewlett-Packard\SimplePass\;C:\Program Files (x86)\Windows Live\Shared;C:\Program Files\Novell\iPrint;C:\WINDOWS\System32\OpenSSH\;C:\ProgramData\chocolatey\bin;C:\Program Files\Java\jdk1.8.0_172\bin;C:\TDM-GCC-64\bin;C:\Program Files\PuTTY\;C:\Program Files\Intel\Intel(R) Management Engine Components\DAL;C:\Program Files\Intel\Intel(R) Management Engine Components\IPT;C:\Program Files\dotnet\;C:\Program Files\Git\cmd;C:\Program Files\nodejs\;C:\Users\Don\AppData\Local\Microsoft\WindowsApps;C:\Users\Don\AndroidAppData\platform-tools;C:\Users\Don\AppData\Local\Programs\Microsoft VS Code\bin;C:\Users\Don\.dotnet\tools;C:\Program Files (x86)\Java\jdk1.8.0_102\bin;;C:\Users\Don\AppData\Local\Programs\Azure Data Studio\bin;C:\Users\Don\AppData\Roaming\npm
USERNAME=Don
OS=Windows_NT
PROCESSOR_IDENTIFIER=Intel64 Family 6 Model 61 Stepping 4, GenuineIntel



---------------  S Y S T E M  ---------------

OS: Windows 10.0 , 64 bit Build 17134 (10.0.17134.706)

CPU:total 4 (2 cores per cpu, 2 threads per core) family 6 model 61 stepping 4, cmov, cx8, fxsr, mmx, sse, sse2, sse3, ssse3, sse4.1, sse4.2, popcnt, avx, avx2, aes, clmul, erms, 3dnowpref, lzcnt, ht, tsc, tscinvbit, bmi1, bmi2, adx

Memory: 4k page, physical 6211852k(1687308k free), swap 11454732k(4010036k free)

vm_info: Java HotSpot(TM) 64-Bit Server VM (25.102-b14) for windows-amd64 JRE (1.8.0_102-b14), built on Jun 22 2016 13:15:21 by "java_re" with MS VC++ 10.0 (VS2010)

time: Sun May 05 16:11:05 2019
elapsed time: 113 seconds (0d 0h 1m 53s)

