#
# A fatal error has been detected by the Java Runtime Environment:
#
#  EXCEPTION_ACCESS_VIOLATION (0xc0000005) at pc=0x00000000746c584a, pid=87060, tid=0x000000000000b4b4
#
# JRE version: Java(TM) SE Runtime Environment (8.0_102-b14) (build 1.8.0_102-b14)
# Java VM: Java HotSpot(TM) 64-Bit Server VM (25.102-b14 mixed mode windows-amd64 compressed oops)
# Problematic frame:
# C  [glass.dll+0x2584a]
#
# Failed to write core dump. Minidumps are not enabled by default on client versions of Windows
#
# If you would like to submit a bug report, please visit:
#   http://bugreport.java.com/bugreport/crash.jsp
#

---------------  T H R E A D  ---------------

Current thread (0x0000000016458000):  VMThread [stack: 0x00000000174e0000,0x00000000175e0000] [id=46260]

siginfo: ExceptionCode=0xc0000005, reading address 0x0000000000000000

Registers:
RAX=0x0000000000000000, RBX=0x00000000184efc18, RCX=0x0000000016458000, RDX=0x00000000184efc18
RSP=0x00000000175df310, RBP=0x0000000000a1cfb0, RSI=0x0000000000000001, RDI=0x0000000000000000
R8 =0x0000000000010002, R9 =0x0000000000a1cfb0, R10=0x0000000000000000, R11=0x0000000000000246
R12=0x0000000000a1cfe0, R13=0x0000000000a1cfb0, R14=0x0000000000a1cfc0, R15=0x0000000000000000
RIP=0x00000000746c584a, EFLAGS=0x0000000000010202

Top of Stack: (sp=0x00000000175df310)
0x00000000175df310:   0000000000000000 00000000746c5900
0x00000000175df320:   0000000000000000 00000000746d91b0
0x00000000175df330:   00000000746c5830 00000000746c3224
0x00000000175df340:   00000000746c5a60 00007ffc5aef6088
0x00000000175df350:   0000000000000000 00007ffcbadc71a4
0x00000000175df360:   0000000000000001 00000000746a0000
0x00000000175df370:   00000000029b1638 00000000746c34a6
0x00000000175df380:   0000000000000001 0000000016365400
0x00000000175df390:   0000000000000000 00000000746c3384
0x00000000175df3a0:   c000000500000001 00000000175de490
0x00000000175df3b0:   00000000746a0000 00007ffcbf9fb583
0x00000000175df3c0:   000000007ffe0385 0000000000000000
0x00000000175df3d0:   000000007ffe0384 000000007ffe0385
0x00000000175df3e0:   000000000000000f 00007ffcbfa0813a
0x00000000175df3f0:   000059d9851c7e00 00000000009e8680
0x00000000175df400:   0000000000000000 0000000000000000 

Instructions: (pc=0x00000000746c584a)
0x00000000746c582a:   83 c4 20 5d c3 cc 40 53 48 83 ec 20 48 8b 1d cb
0x00000000746c583a:   5b 01 00 48 85 db 74 1a e8 19 93 ff ff 48 8b d3
0x00000000746c584a:   4c 8b 00 48 8b c8 48 83 c4 20 5b 49 ff a0 b0 00
0x00000000746c585a:   00 00 48 83 c4 20 5b c3 cc cc cc cc cc cc cc cc 


Register to memory mapping:

RAX=0x0000000000000000 is an unknown value
RBX=0x00000000184efc18 is a global jni handle
RCX=0x0000000016458000 is an unknown value
RDX=0x00000000184efc18 is a global jni handle
RSP=0x00000000175df310 is an unknown value
RBP=0x0000000000a1cfb0 is an unknown value
RSI=0x0000000000000001 is an unknown value
RDI=0x0000000000000000 is an unknown value
R8 =0x0000000000010002 is an unknown value
R9 =0x0000000000a1cfb0 is an unknown value
R10=0x0000000000000000 is an unknown value
R11=0x0000000000000246 is an unknown value
R12=0x0000000000a1cfe0 is an unknown value
R13=0x0000000000a1cfb0 is an unknown value
R14=0x0000000000a1cfc0 is an unknown value
R15=0x0000000000000000 is an unknown value


Stack: [0x00000000174e0000,0x00000000175e0000],  sp=0x00000000175df310,  free space=1020k
Native frames: (J=compiled Java code, j=interpreted, Vv=VM code, C=native code)
C  [glass.dll+0x2584a]
C  [glass.dll+0x23224]
C  [glass.dll+0x234a6]
C  [ntdll.dll+0x3b583]
C  [ntdll.dll+0x47f85]
C  [ntdll.dll+0x47e48]
C  [KERNEL32.DLL+0x1ca7a]
C  [msvcr100.dll+0x20cb9]
V  [jvm.dll+0x212a05]
V  [jvm.dll+0x24b647]
V  [jvm.dll+0x24a8e6]
V  [jvm.dll+0x24ad81]
V  [jvm.dll+0x24af9e]
V  [jvm.dll+0x29c03a]
C  [msvcr100.dll+0x21d7b]
C  [msvcr100.dll+0x21e17]
C  [KERNEL32.DLL+0x14034]
C  [ntdll.dll+0x73691]

VM_Operation (0x0000000019179700): Exit, mode: safepoint, requested by thread 0x00000000184f9800


---------------  P R O C E S S  ---------------

Java Threads: ( => current thread )
  0x0000000020bc3000 JavaThread "Glass/Prism Shutdown Hook" [_thread_blocked, id=36272, stack(0x0000000026a40000,0x0000000026b40000)]
  0x0000000020bc2000 JavaThread "Thread-5" [_thread_blocked, id=76304, stack(0x0000000022340000,0x0000000022440000)]
  0x0000000020bbe800 JavaThread "Thread-4" daemon [_thread_in_native, id=73288, stack(0x0000000022240000,0x0000000022340000)]
  0x00000000187e8000 JavaThread "Media Resource Disposer" daemon [_thread_blocked, id=78672, stack(0x000000001f360000,0x000000001f460000)]
  0x00000000185ca800 JavaThread "Prism Font Disposer" daemon [_thread_blocked, id=66152, stack(0x000000001ed60000,0x000000001ee60000)]
  0x0000000018581800 JavaThread "JavaFX-Launcher" [_thread_blocked, id=9736, stack(0x000000001db60000,0x000000001dc60000)]
  0x000000001858d000 JavaThread "Thread-2" daemon [_thread_in_native, id=28424, stack(0x000000001da60000,0x000000001db60000)]
  0x00000000184f9800 JavaThread "JavaFX Application Thread" [_thread_blocked, id=93604, stack(0x0000000019080000,0x0000000019180000)]
  0x0000000018545000 JavaThread "Thread-1" daemon [_thread_blocked, id=57888, stack(0x0000000018f80000,0x0000000019080000)]
  0x00000000184ff800 JavaThread "QuantumRenderer-0" daemon [_thread_blocked, id=9992, stack(0x0000000018cd0000,0x0000000018dd0000)]
  0x0000000017b7f000 JavaThread "Service Thread" daemon [_thread_blocked, id=82144, stack(0x00000000182d0000,0x00000000183d0000)]
  0x00000000164dc800 JavaThread "C1 CompilerThread2" daemon [_thread_blocked, id=46720, stack(0x00000000181d0000,0x00000000182d0000)]
  0x00000000164d9000 JavaThread "C2 CompilerThread1" daemon [_thread_blocked, id=93196, stack(0x00000000180d0000,0x00000000181d0000)]
  0x00000000164d5000 JavaThread "C2 CompilerThread0" daemon [_thread_blocked, id=37168, stack(0x0000000017fd0000,0x00000000180d0000)]
  0x00000000164c5000 JavaThread "Monitor Ctrl-Break" daemon [_thread_in_native, id=95192, stack(0x0000000017ed0000,0x0000000017fd0000)]
  0x000000001648d000 JavaThread "Attach Listener" daemon [_thread_blocked, id=52824, stack(0x00000000179d0000,0x0000000017ad0000)]
  0x000000001648c000 JavaThread "Signal Dispatcher" daemon [_thread_blocked, id=5900, stack(0x00000000178d0000,0x00000000179d0000)]
  0x0000000002bbc800 JavaThread "Finalizer" daemon [_thread_blocked, id=16620, stack(0x00000000176e0000,0x00000000177e0000)]
  0x0000000016459000 JavaThread "Reference Handler" daemon [_thread_blocked, id=48816, stack(0x00000000175e0000,0x00000000176e0000)]
  0x0000000002ac2800 JavaThread "main" [_thread_blocked, id=56680, stack(0x0000000002890000,0x0000000002990000)]

Other Threads:
=>0x0000000016458000 VMThread [stack: 0x00000000174e0000,0x00000000175e0000] [id=46260]

VM state:at safepoint (shutting down)

VM Mutex/Monitor currently owned by a thread:  ([mutex/lock_event])
[0x00000000029bd7f0] Threads_lock - owner thread: 0x0000000016458000

Heap:
 PSYoungGen      total 138240K, used 73224K [0x00000000e0600000, 0x00000000ef780000, 0x0000000100000000)
  eden space 69120K, 7% used [0x00000000e0600000,0x00000000e0b5c800,0x00000000e4980000)
  from space 69120K, 97% used [0x00000000e9980000,0x00000000edba5a80,0x00000000edd00000)
  to   space 81920K, 0% used [0x00000000e4980000,0x00000000e4980000,0x00000000e9980000)
 ParOldGen       total 192512K, used 142988K [0x00000000a1200000, 0x00000000ace00000, 0x00000000e0600000)
  object space 192512K, 74% used [0x00000000a1200000,0x00000000a9da3028,0x00000000ace00000)
 Metaspace       used 18393K, capacity 19610K, committed 19840K, reserved 1067008K
  class space    used 2626K, capacity 2885K, committed 2944K, reserved 1048576K

Card table byte_map: [0x0000000011f80000,0x0000000012280000] byte_map_base: 0x0000000011a77000

Marking Bits: (ParMarkBitMap*) 0x00000000737da6c0
 Begin Bits: [0x0000000012880000, 0x0000000014038000)
 End Bits:   [0x0000000014038000, 0x00000000157f0000)

Polling page: 0x0000000000950000

CodeCache: size=245760Kb used=9527Kb max_used=9535Kb free=236232Kb
 bounds [0x0000000002bc0000, 0x0000000003520000, 0x0000000011bc0000]
 total_blobs=3756 nmethods=3084 adapters=583
 compilation: enabled

Compilation events (10 events):
Event: 44.266 Thread 0x00000000164d9000 3137       4       java.util.EnumMap$EnumMapIterator::hasNext (64 bytes)
Event: 44.268 Thread 0x00000000164d9000 nmethod 3137 0x0000000002cdd290 code [0x0000000002cdd3e0, 0x0000000002cdd4d8]
Event: 44.352 Thread 0x00000000164d5000 3138       4       javafx.beans.binding.ObjectExpression::getValue (5 bytes)
Event: 44.353 Thread 0x00000000164dc800 3139       3       javafx.scene.paint.Color::color (14 bytes)
Event: 44.353 Thread 0x00000000164d5000 nmethod 3138 0x0000000002e01210 code [0x0000000002e01340, 0x0000000002e013b8]
Event: 44.353 Thread 0x00000000164dc800 nmethod 3139 0x0000000002cdce50 code [0x0000000002cdcfc0, 0x0000000002cdd188]
Event: 44.354 Thread 0x00000000164dc800 3140       3       com.sun.javafx.text.PrismTextLayout::setBoundsType (46 bytes)
Event: 44.355 Thread 0x00000000164dc800 nmethod 3140 0x0000000002cdc990 code [0x0000000002cdcb00, 0x0000000002cdcd88]
Event: 44.447 Thread 0x00000000164dc800 3141       1       com.sun.javafx.tk.quantum.QuantumToolkit::getPerformanceTracker (5 bytes)
Event: 44.447 Thread 0x00000000164dc800 nmethod 3141 0x0000000002dc3150 code [0x0000000002dc32a0, 0x0000000002dc33b0]

GC Heap History (10 events):
Event: 2.628 GC heap before
{Heap before GC invocations=6 (full 1):
 PSYoungGen      total 53248K, used 47098K [0x00000000e0600000, 0x00000000e3e00000, 0x0000000100000000)
  eden space 49152K, 95% used [0x00000000e0600000,0x00000000e33fe970,0x00000000e3600000)
  from space 4096K, 0% used [0x00000000e3a00000,0x00000000e3a00000,0x00000000e3e00000)
  to   space 4096K, 0% used [0x00000000e3600000,0x00000000e3600000,0x00000000e3a00000)
 ParOldGen       total 118272K, used 55402K [0x00000000a1200000, 0x00000000a8580000, 0x00000000e0600000)
  object space 118272K, 46% used [0x00000000a1200000,0x00000000a481aa08,0x00000000a8580000)
 Metaspace       used 12707K, capacity 13334K, committed 13568K, reserved 1060864K
  class space    used 1777K, capacity 1929K, committed 2048K, reserved 1048576K
Event: 2.654 GC heap after
Heap after GC invocations=6 (full 1):
 PSYoungGen      total 53248K, used 4017K [0x00000000e0600000, 0x00000000e9580000, 0x0000000100000000)
  eden space 49152K, 0% used [0x00000000e0600000,0x00000000e0600000,0x00000000e3600000)
  from space 4096K, 98% used [0x00000000e3600000,0x00000000e39ec5d0,0x00000000e3a00000)
  to   space 32768K, 0% used [0x00000000e7580000,0x00000000e7580000,0x00000000e9580000)
 ParOldGen       total 118272K, used 90716K [0x00000000a1200000, 0x00000000a8580000, 0x00000000e0600000)
  object space 118272K, 76% used [0x00000000a1200000,0x00000000a6a97078,0x00000000a8580000)
 Metaspace       used 12707K, capacity 13334K, committed 13568K, reserved 1060864K
  class space    used 1777K, capacity 1929K, committed 2048K, reserved 1048576K
}
Event: 2.654 GC heap before
{Heap before GC invocations=7 (full 2):
 PSYoungGen      total 53248K, used 4017K [0x00000000e0600000, 0x00000000e9580000, 0x0000000100000000)
  eden space 49152K, 0% used [0x00000000e0600000,0x00000000e0600000,0x00000000e3600000)
  from space 4096K, 98% used [0x00000000e3600000,0x00000000e39ec5d0,0x00000000e3a00000)
  to   space 32768K, 0% used [0x00000000e7580000,0x00000000e7580000,0x00000000e9580000)
 ParOldGen       total 118272K, used 90716K [0x00000000a1200000, 0x00000000a8580000, 0x00000000e0600000)
  object space 118272K, 76% used [0x00000000a1200000,0x00000000a6a97078,0x00000000a8580000)
 Metaspace       used 12707K, capacity 13334K, committed 13568K, reserved 1060864K
  class space    used 1777K, capacity 1929K, committed 2048K, reserved 1048576K
Event: 2.738 GC heap after
Heap after GC invocations=7 (full 2):
 PSYoungGen      total 53248K, used 0K [0x00000000e0600000, 0x00000000e9580000, 0x0000000100000000)
  eden space 49152K, 0% used [0x00000000e0600000,0x00000000e0600000,0x00000000e3600000)
  from space 4096K, 0% used [0x00000000e3600000,0x00000000e3600000,0x00000000e3a00000)
  to   space 32768K, 0% used [0x00000000e7580000,0x00000000e7580000,0x00000000e9580000)
 ParOldGen       total 192512K, used 92127K [0x00000000a1200000, 0x00000000ace00000, 0x00000000e0600000)
  object space 192512K, 47% used [0x00000000a1200000,0x00000000a6bf7e60,0x00000000ace00000)
 Metaspace       used 12707K, capacity 13334K, committed 13568K, reserved 1060864K
  class space    used 1777K, capacity 1929K, committed 2048K, reserved 1048576K
}
Event: 3.286 GC heap before
{Heap before GC invocations=8 (full 2):
 PSYoungGen      total 53248K, used 48800K [0x00000000e0600000, 0x00000000e9580000, 0x0000000100000000)
  eden space 49152K, 99% used [0x00000000e0600000,0x00000000e35a8118,0x00000000e3600000)
  from space 4096K, 0% used [0x00000000e3600000,0x00000000e3600000,0x00000000e3a00000)
  to   space 32768K, 0% used [0x00000000e7580000,0x00000000e7580000,0x00000000e9580000)
 ParOldGen       total 192512K, used 92127K [0x00000000a1200000, 0x00000000ace00000, 0x00000000e0600000)
  object space 192512K, 47% used [0x00000000a1200000,0x00000000a6bf7e60,0x00000000ace00000)
 Metaspace       used 12729K, capacity 13338K, committed 13568K, reserved 1060864K
  class space    used 1777K, capacity 1929K, committed 2048K, reserved 1048576K
Event: 3.306 GC heap after
Heap after GC invocations=8 (full 2):
 PSYoungGen      total 94720K, used 32716K [0x00000000e0600000, 0x00000000e9580000, 0x0000000100000000)
  eden space 61952K, 0% used [0x00000000e0600000,0x00000000e0600000,0x00000000e4280000)
  from space 32768K, 99% used [0x00000000e7580000,0x00000000e9573088,0x00000000e9580000)
  to   space 40448K, 0% used [0x00000000e4680000,0x00000000e4680000,0x00000000e6e00000)
 ParOldGen       total 192512K, used 98329K [0x00000000a1200000, 0x00000000ace00000, 0x00000000e0600000)
  object space 192512K, 51% used [0x00000000a1200000,0x00000000a7206448,0x00000000ace00000)
 Metaspace       used 12729K, capacity 13338K, committed 13568K, reserved 1060864K
  class space    used 1777K, capacity 1929K, committed 2048K, reserved 1048576K
}
Event: 3.672 GC heap before
{Heap before GC invocations=9 (full 2):
 PSYoungGen      total 94720K, used 94540K [0x00000000e0600000, 0x00000000e9580000, 0x0000000100000000)
  eden space 61952K, 99% used [0x00000000e0600000,0x00000000e4260120,0x00000000e4280000)
  from space 32768K, 99% used [0x00000000e7580000,0x00000000e9573088,0x00000000e9580000)
  to   space 40448K, 0% used [0x00000000e4680000,0x00000000e4680000,0x00000000e6e00000)
 ParOldGen       total 192512K, used 98329K [0x00000000a1200000, 0x00000000ace00000, 0x00000000e0600000)
  object space 192512K, 51% used [0x00000000a1200000,0x00000000a7206448,0x00000000ace00000)
 Metaspace       used 12769K, capacity 13350K, committed 13568K, reserved 1060864K
  class space    used 1778K, capacity 1931K, committed 2048K, reserved 1048576K
Event: 3.711 GC heap after
Heap after GC invocations=9 (full 2):
 PSYoungGen      total 106496K, used 40445K [0x00000000e0600000, 0x00000000edd00000, 0x0000000100000000)
  eden space 66048K, 0% used [0x00000000e0600000,0x00000000e0600000,0x00000000e4680000)
  from space 40448K, 99% used [0x00000000e4680000,0x00000000e6dff550,0x00000000e6e00000)
  to   space 69120K, 0% used [0x00000000e9980000,0x00000000e9980000,0x00000000edd00000)
 ParOldGen       total 192512K, used 138399K [0x00000000a1200000, 0x00000000ace00000, 0x00000000e0600000)
  object space 192512K, 71% used [0x00000000a1200000,0x00000000a9927fe8,0x00000000ace00000)
 Metaspace       used 12769K, capacity 13350K, committed 13568K, reserved 1060864K
  class space    used 1778K, capacity 1931K, committed 2048K, reserved 1048576K
}
Event: 40.767 GC heap before
{Heap before GC invocations=10 (full 2):
 PSYoungGen      total 106496K, used 106080K [0x00000000e0600000, 0x00000000edd00000, 0x0000000100000000)
  eden space 66048K, 99% used [0x00000000e0600000,0x00000000e4618cf8,0x00000000e4680000)
  from space 40448K, 99% used [0x00000000e4680000,0x00000000e6dff550,0x00000000e6e00000)
  to   space 69120K, 0% used [0x00000000e9980000,0x00000000e9980000,0x00000000edd00000)
 ParOldGen       total 192512K, used 138399K [0x00000000a1200000, 0x00000000ace00000, 0x00000000e0600000)
  object space 192512K, 71% used [0x00000000a1200000,0x00000000a9927fe8,0x00000000ace00000)
 Metaspace       used 18327K, capacity 19598K, committed 19840K, reserved 1067008K
  class space    used 2622K, capacity 2883K, committed 2944K, reserved 1048576K
Event: 40.795 GC heap after
Heap after GC invocations=10 (full 2):
 PSYoungGen      total 138240K, used 67734K [0x00000000e0600000, 0x00000000ef780000, 0x0000000100000000)
  eden space 69120K, 0% used [0x00000000e0600000,0x00000000e0600000,0x00000000e4980000)
  from space 69120K, 97% used [0x00000000e9980000,0x00000000edba5a80,0x00000000edd00000)
  to   space 81920K, 0% used [0x00000000e4980000,0x00000000e4980000,0x00000000e9980000)
 ParOldGen       total 192512K, used 142988K [0x00000000a1200000, 0x00000000ace00000, 0x00000000e0600000)
  object space 192512K, 74% used [0x00000000a1200000,0x00000000a9da3028,0x00000000ace00000)
 Metaspace       used 18327K, capacity 19598K, committed 19840K, reserved 1067008K
  class space    used 2622K, capacity 2883K, committed 2944K, reserved 1048576K
}

Deoptimization events (10 events):
Event: 24.955 Thread 0x00000000184f9800 Uncommon trap: reason=class_check action=maybe_recompile pc=0x00000000032372dc method=javafx.scene.Node.updateLocalToParentTransform()V @ 11
Event: 24.959 Thread 0x00000000184f9800 Uncommon trap: reason=unstable_if action=reinterpret pc=0x0000000002eddd7c method=java.lang.Math.round(D)J @ 48
Event: 25.792 Thread 0x00000000184f9800 Uncommon trap: reason=unstable_if action=reinterpret pc=0x000000000336a254 method=java.util.HashMap.removeNode(ILjava/lang/Object;Ljava/lang/Object;ZZ)Ljava/util/HashMap$Node; @ 46
Event: 26.112 Thread 0x00000000184ff800 Uncommon trap: reason=unstable_if action=reinterpret pc=0x0000000003273a8c method=java.lang.Math.round(F)I @ 36
Event: 28.159 Thread 0x00000000184f9800 Uncommon trap: reason=unstable_if action=reinterpret pc=0x000000000334b2a4 method=javafx.scene.CssStyleHelper.lookup(Ljavafx/css/Styleable;Ljavafx/css/CssMetaData;Lcom/sun/javafx/css/StyleMap;Ljava/util/Set;Ljavafx/css/Styleable;Lcom/sun/javafx/css/Calcula0ó•ðÆâA@
Event: 35.772 Thread 0x00000000184f9800 Uncommon trap: reason=unstable_if action=reinterpret pc=0x000000000342615c method=com.sun.javafx.css.StyleManager$CacheContainer.getStyleMap(I)Lcom/sun/javafx/css/StyleMap; @ 22
Event: 35.772 Thread 0x00000000184f9800 Uncommon trap: reason=unstable_if action=reinterpret pc=0x000000000335ea54 method=com.sun.javafx.css.StyleManager$CacheContainer.getStyleMap(I)Lcom/sun/javafx/css/StyleMap; @ 22
Event: 40.829 Thread 0x00000000184f9800 Uncommon trap: reason=unstable_if action=reinterpret pc=0x0000000003398b04 method=javafx.scene.Node.updateLocalToParentTransform()V @ 125
Event: 44.452 Thread 0x0000000020bc3000 Uncommon trap: reason=unstable_if action=reinterpret pc=0x00000000034a04c8 method=java.util.concurrent.locks.ReentrantLock$NonfairSync.lock()V @ 6
Event: 44.452 Thread 0x0000000020bc3000 Uncommon trap: reason=unstable_if action=reinterpret pc=0x00000000033e74c0 method=java.util.concurrent.locks.ReentrantLock$Sync.tryRelease(I)Z @ 28

Internal exceptions (10 events):
Event: 0.336 Thread 0x0000000002ac2800 Exception <a 'java/security/PrivilegedActionException'> (0x00000000e0a6be40) thrown at [C:\re\workspace\8-2-build-windows-amd64-cygwin\jdk8u102\7268\hotspot\src\share\vm\prims\jvm.cpp, line 1386]
Event: 0.336 Thread 0x0000000002ac2800 Exception <a 'java/lang/NullPointerException'> (0x00000000e0a6c848) thrown at [C:\re\workspace\8-2-build-windows-amd64-cygwin\jdk8u102\7268\hotspot\src\share\vm\interpreter\linkResolver.cpp, line 1178]
Event: 0.370 Thread 0x0000000002ac2800 Implicit null exception at 0x0000000002ce4b95 to 0x0000000002ce4d61
Event: 0.794 Thread 0x00000000184f9800 Exception <a 'java/lang/NullPointerException'> (0x00000000e1641420) thrown at [C:\re\workspace\8-2-build-windows-amd64-cygwin\jdk8u102\7268\hotspot\src\share\vm\interpreter\linkResolver.cpp, line 1178]
Event: 0.794 Thread 0x00000000184f9800 Exception <a 'java/lang/NullPointerException'> (0x00000000e1641420) thrown at [C:\re\workspace\8-2-build-windows-amd64-cygwin\jdk8u102\7268\hotspot\src\share\vm\prims\jvm.cpp, line 1390]
Event: 2.042 Thread 0x00000000184f9800 Exception <a 'java/lang/UnsatisfiedLinkError': com.sun.media.jfxmediaimpl.NativeAudioClip.nacInit()Z> (0x00000000e16d33c0) thrown at [C:\re\workspace\8-2-build-windows-amd64-cygwin\jdk8u102\7268\hotspot\src\share\vm\prims\nativeLookup.cpp, line 378]
Event: 2.043 Thread 0x00000000184f9800 Exception <a 'java/lang/UnsatisfiedLinkError': com.sun.media.jfxmedia.logging.Logger.nativeSetNativeLevel(I)V> (0x00000000e16d7ac0) thrown at [C:\re\workspace\8-2-build-windows-amd64-cygwin\jdk8u102\7268\hotspot\src\share\vm\prims\nativeLookup.cpp, line 37o,=´²›
Event: 2.076 Thread 0x00000000184f9800 Implicit null exception at 0x0000000002df7056 to 0x0000000002df7401
Event: 4.312 Thread 0x00000000184f9800 Implicit null exception at 0x0000000002ef4b4e to 0x0000000002ef5cad
Event: 44.453 Thread 0x0000000020bc3000 Exception <a 'java/lang/IllegalStateException'> (0x00000000e0b0cb30) thrown at [C:\re\workspace\8-2-build-windows-amd64-cygwin\jdk8u102\7268\hotspot\src\share\vm\prims\jvm.cpp, line 1390]

Events (10 events):
Event: 44.452 Thread 0x0000000020bc3000 DEOPT PACKING pc=0x00000000034a04c8 sp=0x0000000026b3e750
Event: 44.452 Thread 0x0000000020bc3000 DEOPT UNPACKING pc=0x0000000002c0582a sp=0x0000000026b3e6f0 mode 2
Event: 44.452 Thread 0x0000000020bc3000 Uncommon trap: trap_request=0xffffff65 fr.pc=0x00000000033e74c0
Event: 44.452 Thread 0x0000000020bc3000 DEOPT PACKING pc=0x00000000033e74c0 sp=0x0000000026b3e740
Event: 44.452 Thread 0x0000000020bc3000 DEOPT UNPACKING pc=0x0000000002c0582a sp=0x0000000026b3e6c8 mode 2
Event: 44.452 loading class com/sun/javafx/tk/quantum/QuantumToolkit
Event: 44.452 loading class com/sun/javafx/tk/quantum/QuantumToolkit done
Event: 44.452 loading class java/util/LinkedList$ListItr
Event: 44.453 loading class java/util/LinkedList$ListItr done
Event: 44.453 Executing VM operation: Exit


Dynamic libraries:
0x00007ff6c6490000 - 0x00007ff6c64c7000 	C:\Program Files\Java\jdk1.8.0_102\bin\java.exe
0x00007ffcbf9c0000 - 0x00007ffcbfba1000 	C:\WINDOWS\SYSTEM32\ntdll.dll
0x00007ffcbd4e0000 - 0x00007ffcbd591000 	C:\WINDOWS\System32\KERNEL32.DLL
0x00007ffcbc610000 - 0x00007ffcbc883000 	C:\WINDOWS\System32\KERNELBASE.dll
0x0000000076350000 - 0x00000000763e5000 	C:\WINDOWS\System32\SYSFER.DLL
0x00007ffcbd740000 - 0x00007ffcbd7e1000 	C:\WINDOWS\System32\ADVAPI32.dll
0x00007ffcbd660000 - 0x00007ffcbd6fe000 	C:\WINDOWS\System32\msvcrt.dll
0x00007ffcbd600000 - 0x00007ffcbd65b000 	C:\WINDOWS\System32\sechost.dll
0x00007ffcbd250000 - 0x00007ffcbd374000 	C:\WINDOWS\System32\RPCRT4.dll
0x00007ffcbd7f0000 - 0x00007ffcbd980000 	C:\WINDOWS\System32\USER32.dll
0x00007ffcbbdf0000 - 0x00007ffcbbe10000 	C:\WINDOWS\System32\win32u.dll
0x00007ffcbd700000 - 0x00007ffcbd728000 	C:\WINDOWS\System32\GDI32.dll
0x00007ffcbccb0000 - 0x00007ffcbce42000 	C:\WINDOWS\System32\gdi32full.dll
0x00007ffcbc520000 - 0x00007ffcbc5bf000 	C:\WINDOWS\System32\msvcp_win.dll
0x00007ffcbc940000 - 0x00007ffcbca38000 	C:\WINDOWS\System32\ucrtbase.dll
0x00007ffcafdb0000 - 0x00007ffcb0019000 	C:\WINDOWS\WinSxS\amd64_microsoft.windows.common-controls_6595b64144ccf1df_6.0.17134.706_none_fb43a2cb30647007\COMCTL32.dll
0x00007ffcbf660000 - 0x00007ffcbf982000 	C:\WINDOWS\System32\combase.dll
0x00007ffcbcc30000 - 0x00007ffcbccaa000 	C:\WINDOWS\System32\bcryptPrimitives.dll
0x00007ffcbda00000 - 0x00007ffcbda2d000 	C:\WINDOWS\System32\IMM32.DLL
0x0000000074bf0000 - 0x0000000074cc1000 	C:\Program Files\Java\jdk1.8.0_102\jre\bin\msvcr100.dll
0x0000000072fc0000 - 0x000000007385a000 	C:\Program Files\Java\jdk1.8.0_102\jre\bin\server\jvm.dll
0x00007ffcbd730000 - 0x00007ffcbd738000 	C:\WINDOWS\System32\PSAPI.DLL
0x00007ffcbabf0000 - 0x00007ffcbabf9000 	C:\WINDOWS\SYSTEM32\WSOCK32.dll
0x00007ffcbf5d0000 - 0x00007ffcbf63c000 	C:\WINDOWS\System32\WS2_32.dll
0x00007ffcb9bd0000 - 0x00007ffcb9bf3000 	C:\WINDOWS\SYSTEM32\WINMM.dll
0x00007ffcad380000 - 0x00007ffcad38a000 	C:\WINDOWS\SYSTEM32\VERSION.dll
0x00007ffcb9ba0000 - 0x00007ffcb9bca000 	C:\WINDOWS\SYSTEM32\WINMMBASE.dll
0x00007ffcbc5c0000 - 0x00007ffcbc609000 	C:\WINDOWS\System32\cfgmgr32.dll
0x0000000074be0000 - 0x0000000074bef000 	C:\Program Files\Java\jdk1.8.0_102\jre\bin\verify.dll
0x0000000074bb0000 - 0x0000000074bd9000 	C:\Program Files\Java\jdk1.8.0_102\jre\bin\java.dll
0x0000000074760000 - 0x0000000074783000 	C:\Program Files\Java\jdk1.8.0_102\jre\bin\instrument.dll
0x0000000074740000 - 0x0000000074756000 	C:\Program Files\Java\jdk1.8.0_102\jre\bin\zip.dll
0x00007ffcbda30000 - 0x00007ffcbee70000 	C:\WINDOWS\System32\SHELL32.dll
0x00007ffcbd1a0000 - 0x00007ffcbd249000 	C:\WINDOWS\System32\shcore.dll
0x00007ffcbbe10000 - 0x00007ffcbc51d000 	C:\WINDOWS\System32\windows.storage.dll
0x00007ffcbce50000 - 0x00007ffcbcea1000 	C:\WINDOWS\System32\shlwapi.dll
0x00007ffcbbd70000 - 0x00007ffcbbd81000 	C:\WINDOWS\System32\kernel.appcore.dll
0x00007ffcbbd30000 - 0x00007ffcbbd4f000 	C:\WINDOWS\System32\profapi.dll
0x00007ffcbbcd0000 - 0x00007ffcbbd1c000 	C:\WINDOWS\System32\powrprof.dll
0x00007ffcbbd20000 - 0x00007ffcbbd2a000 	C:\WINDOWS\System32\FLTLIB.DLL
0x00007ffca9370000 - 0x00007ffca938a000 	C:\Program Files\JetBrains\IntelliJ IDEA Community Edition 2018.3.4\bin\breakgen64.dll
0x0000000074720000 - 0x000000007473a000 	C:\Program Files\Java\jdk1.8.0_102\jre\bin\net.dll
0x00007ffcbb550000 - 0x00007ffcbb5b6000 	C:\WINDOWS\system32\mswsock.dll
0x00007ffc84770000 - 0x00007ffc8485f000 	C:\Program Files\Java\jdk1.8.0_102\jre\bin\msvcr120.dll
0x00007ffc82f90000 - 0x00007ffc83036000 	C:\Program Files\Java\jdk1.8.0_102\jre\bin\msvcp120.dll
0x00000000746f0000 - 0x0000000074712000 	C:\Program Files\Java\jdk1.8.0_102\jre\bin\prism_d3d.dll
0x00007ffc80050000 - 0x00007ffc801e7000 	C:\WINDOWS\system32\d3d9.dll
0x00007ffcba0c0000 - 0x00007ffcba0e9000 	C:\WINDOWS\SYSTEM32\dwmapi.dll
0x00007ffcb9f40000 - 0x00007ffcb9fd8000 	C:\WINDOWS\system32\uxtheme.dll
0x00007ffc4a5c0000 - 0x00007ffc4cafd000 	C:\WINDOWS\SYSTEM32\igdumdim64.dll
0x00007ffcbcf50000 - 0x00007ffcbd012000 	C:\WINDOWS\System32\OLEAUT32.dll
0x00007ffcbd380000 - 0x00007ffcbd4d1000 	C:\WINDOWS\System32\ole32.dll
0x00007ffcbefe0000 - 0x00007ffcbf42b000 	C:\WINDOWS\System32\SETUPAPI.dll
0x00000000746a0000 - 0x00000000746e3000 	C:\Program Files\Java\jdk1.8.0_102\jre\bin\glass.dll
0x00007ffcbee80000 - 0x00007ffcbef6d000 	C:\WINDOWS\System32\COMDLG32.dll
0x00007ffcbd020000 - 0x00007ffcbd193000 	C:\WINDOWS\System32\MSCTF.dll
0x00007ffcb3230000 - 0x00007ffcb3c6f000 	C:\WINDOWS\SYSTEM32\igdusc64.dll
0x0000000074660000 - 0x0000000074674000 	C:\Program Files\Java\jdk1.8.0_102\jre\bin\javafx_font.dll
0x00007ffcb0a00000 - 0x00007ffcb0d1c000 	C:\WINDOWS\SYSTEM32\dwrite.dll
0x0000000074600000 - 0x0000000074623000 	C:\Program Files\Java\jdk1.8.0_102\jre\bin\javafx_iio.dll
0x0000000074580000 - 0x00000000745f3000 	C:\Program Files\Java\jdk1.8.0_102\jre\bin\glib-lite.dll
0x00000000744e0000 - 0x000000007457c000 	C:\Program Files\Java\jdk1.8.0_102\jre\bin\gstreamer-lite.dll
0x00007ffc94fd0000 - 0x00007ffc9505f000 	C:\WINDOWS\SYSTEM32\DSOUND.dll
0x00000000744b0000 - 0x00000000744d5000 	C:\Program Files\Java\jdk1.8.0_102\jre\bin\jfxmedia.dll
0x00007ffcbceb0000 - 0x00007ffcbcf50000 	C:\WINDOWS\System32\clbcatq.dll
0x00007ffcb61d0000 - 0x00007ffcb637e000 	C:\WINDOWS\SYSTEM32\WindowsCodecs.dll
0x00007ffc8c8f0000 - 0x00007ffc8c948000 	C:\WINDOWS\system32\dataexchange.dll
0x00007ffcb8bb0000 - 0x00007ffcb8ebb000 	C:\WINDOWS\system32\d3d11.dll
0x00007ffcb9630000 - 0x00007ffcb97cc000 	C:\WINDOWS\system32\dcomp.dll
0x00007ffcba6f0000 - 0x00007ffcba7ab000 	C:\WINDOWS\system32\dxgi.dll
0x00007ffcba250000 - 0x00007ffcba408000 	C:\WINDOWS\system32\twinapi.appcore.dll
0x00007ffcba1a0000 - 0x00007ffcba1c9000 	C:\WINDOWS\system32\RMCLIENT.dll
0x00007ffca36e0000 - 0x00007ffca3714000 	C:\Program Files\Common Files\Microsoft Shared\Ink\rtscom.dll
0x00007ffcb4da0000 - 0x00007ffcb4e36000 	C:\WINDOWS\System32\TextInputFramework.dll
0x00007ffcb5d40000 - 0x00007ffcb605e000 	C:\WINDOWS\System32\CoreUIComponents.dll
0x00007ffcb97d0000 - 0x00007ffcb98aa000 	C:\WINDOWS\System32\CoreMessaging.dll
0x00007ffcbadc0000 - 0x00007ffcbadf1000 	C:\WINDOWS\SYSTEM32\ntmarta.dll
0x00007ffcb7540000 - 0x00007ffcb768d000 	C:\WINDOWS\SYSTEM32\wintypes.dll
0x0000000074640000 - 0x0000000074651000 	C:\Program Files\Java\jdk1.8.0_102\jre\bin\prism_common.dll
0x00007ffcb8520000 - 0x00007ffcb8ae7000 	C:\WINDOWS\SYSTEM32\d2d1.dll
0x00007ffc6b190000 - 0x00007ffc6b90e000 	C:\WINDOWS\SYSTEM32\D3D10Warp.dll
0x00007ffcbaa00000 - 0x00007ffcbabc9000 	C:\WINDOWS\SYSTEM32\dbghelp.dll

VM Arguments:
jvm_args: -javaagent:C:\Program Files\JetBrains\IntelliJ IDEA Community Edition 2018.3.4\lib\idea_rt.jar=57135:C:\Program Files\JetBrains\IntelliJ IDEA Community Edition 2018.3.4\bin -Dfile.encoding=UTF-8 
java_command: ClientFX
java_class_path (initial): C:\Program Files\Java\jdk1.8.0_102\jre\lib\charsets.jar;C:\Program Files\Java\jdk1.8.0_102\jre\lib\deploy.jar;C:\Program Files\Java\jdk1.8.0_102\jre\lib\ext\access-bridge-64.jar;C:\Program Files\Java\jdk1.8.0_102\jre\lib\ext\cldrdata.jar;C:\Program Files\Java\jdk1.8.0_102\jre\lib\ext\dnsns.jar;C:\Program Files\Java\jdk1.8.0_102\jre\lib\ext\jaccess.jar;C:\Program Files\Java\jdk1.8.0_102\jre\lib\ext\jfxrt.jar;C:\Program Files\Java\jdk1.8.0_102\jre\lib\ext\localedata.jar;C:\Program Files\Java\jdk1.8.0_102\jre\lib\ext\nashorn.jar;C:\Program Files\Java\jdk1.8.0_102\jre\lib\ext\sunec.jar;C:\Program Files\Java\jdk1.8.0_102\jre\lib\ext\sunjce_provider.jar;C:\Program Files\Java\jdk1.8.0_102\jre\lib\ext\sunmscapi.jar;C:\Program Files\Java\jdk1.8.0_102\jre\lib\ext\sunpkcs11.jar;C:\Program Files\Java\jdk1.8.0_102\jre\lib\ext\zipfs.jar;C:\Program Files\Java\jdk1.8.0_102\jre\lib\javaws.jar;C:\Program Files\Java\jdk1.8.0_102\jre\lib\jce.jar;C:\Program Files\Java\jdk1.8.0_102\jre\lib\jfr.jar;C:\Program Files\Java\jdk1.8.0_102\jre\lib\jfxswt.jar;C:\Program Files\Java\jdk1.8.0_102\jre\lib\jsse.jar;C:\Program Files\Java\jdk1.8.0_102\jre\lib\management-agent.jar;C:\Program Files\Java\jdk1.8.0_102\jre\lib\plugin.jar;C:\Program Files\Java\jdk1.8.0_102\jre\lib\resources.jar;C:\Program Files\Java\jdk1.8.0_102\jre\lib\rt.jar;C:\Users\Don\Documents\GitHub\Project5\Client\out\production\Client;C:\Program Files\JetBrains\IntelliJ IDEA Community Edition 2018.3.4\lib\idea_rt.jar
Launcher Type: SUN_STANDARD

Environment Variables:
JAVA_HOME=C:\Program Files\Java\jdk1.8.0_172
CLASSPATH=.;
PATH=C:\Python27\;C:\Python27\Scripts;C:\Program Files (x86)\Common Files\Oracle\Java\javapath;C:\ProgramData\Oracle\Java\javapath;C:\Program Files (x86)\Intel\iCLS Client\;C:\Program Files\Intel\iCLS Client\;C:\WINDOWS\system32;C:\WINDOWS;C:\WINDOWS\System32\Wbem;C:\WINDOWS\System32\WindowsPowerShell\v1.0\;C:\Program Files\Hewlett-Packard\SimplePass\;C:\Program Files (x86)\Windows Live\Shared;C:\Program Files\Novell\iPrint;C:\WINDOWS\System32\OpenSSH\;C:\ProgramData\chocolatey\bin;C:\Program Files\Java\jdk1.8.0_172\bin;C:\TDM-GCC-64\bin;C:\Program Files\PuTTY\;C:\Program Files\Intel\Intel(R) Management Engine Components\DAL;C:\Program Files\Intel\Intel(R) Management Engine Components\IPT;C:\Program Files\dotnet\;C:\Program Files\Git\cmd;C:\Program Files\nodejs\;C:\Users\Don\AppData\Local\Microsoft\WindowsApps;C:\Users\Don\AndroidAppData\platform-tools;C:\Users\Don\AppData\Local\Programs\Microsoft VS Code\bin;C:\Users\Don\.dotnet\tools;C:\Program Files (x86)\Java\jdk1.8.0_102\bin;;C:\Users\Don\AppData\Local\Programs\Azure Data Studio\bin;C:\Users\Don\AppData\Roaming\npm
USERNAME=Don
OS=Windows_NT
PROCESSOR_IDENTIFIER=Intel64 Family 6 Model 61 Stepping 4, GenuineIntel



---------------  S Y S T E M  ---------------

OS: Windows 10.0 , 64 bit Build 17134 (10.0.17134.706)

CPU:total 4 (2 cores per cpu, 2 threads per core) family 6 model 61 stepping 4, cmov, cx8, fxsr, mmx, sse, sse2, sse3, ssse3, sse4.1, sse4.2, popcnt, avx, avx2, aes, clmul, erms, 3dnowpref, lzcnt, ht, tsc, tscinvbit, bmi1, bmi2, adx

Memory: 4k page, physical 6211852k(1029960k free), swap 12951904k(2493572k free)

vm_info: Java HotSpot(TM) 64-Bit Server VM (25.102-b14) for windows-amd64 JRE (1.8.0_102-b14), built on Jun 22 2016 13:15:21 by "java_re" with MS VC++ 10.0 (VS2010)

time: Sat May 04 18:51:57 2019
elapsed time: 44 seconds (0d 0h 0m 44s)

