#
# A fatal error has been detected by the Java Runtime Environment:
#
#  EXCEPTION_ACCESS_VIOLATION (0xc0000005) at pc=0x000000006204584a, pid=33592, tid=0x00000000000046c4
#
# JRE version: Java(TM) SE Runtime Environment (8.0_102-b14) (build 1.8.0_102-b14)
# Java VM: Java HotSpot(TM) 64-Bit Server VM (25.102-b14 mixed mode windows-amd64 compressed oops)
# Problematic frame:
# C  [glass.dll+0x2584a]
#
# Failed to write core dump. Minidumps are not enabled by default on client versions of Windows
#
# If you would like to submit a bug report, please visit:
#   http://bugreport.java.com/bugreport/crash.jsp
#

---------------  T H R E A D  ---------------

Current thread (0x00000000167c7800):  VMThread [stack: 0x0000000017880000,0x0000000017980000] [id=18116]

siginfo: ExceptionCode=0xc0000005, reading address 0x0000000000000000

Registers:
RAX=0x0000000000000000, RBX=0x000000001826a440, RCX=0x00000000167c7800, RDX=0x000000001826a440
RSP=0x000000001797f400, RBP=0x0000000000e7e6a0, RSI=0x0000000000000001, RDI=0x0000000000000000
R8 =0x0000000000010002, R9 =0x0000000000e7e6a0, R10=0x0000000000000000, R11=0x0000000000000246
R12=0x0000000000e7e6d0, R13=0x0000000000e7e6a0, R14=0x0000000000e7e6b0, R15=0x0000000000000000
RIP=0x000000006204584a, EFLAGS=0x0000000000010202

Top of Stack: (sp=0x000000001797f400)
0x000000001797f400:   0000000000000000 0000000062045900
0x000000001797f410:   0000000000000000 00000000620591b0
0x000000001797f420:   0000000062045830 0000000062043224
0x000000001797f430:   0000000062045a60 00007ffdecd99d25
0x000000001797f440:   0000000000000000 00007ffd982bc2c4
0x000000001797f450:   0000000000000001 0000000062020000
0x000000001797f460:   0000000002e21638 00000000620434a6
0x000000001797f470:   0000000000000001 00000000166d5400
0x000000001797f480:   0000000000000000 0000000062043384
0x000000001797f490:   c000000500000001 000000001797e590
0x000000001797f4a0:   0000000062020000 00007ffdcbb9b583
0x000000001797f4b0:   000000007ffe0385 0000000000000000
0x000000001797f4c0:   000000007ffe0384 000000007ffe0385
0x000000001797f4d0:   000000000000000f 00007ffdcbba813a
0x000000001797f4e0:   0000fd81761c2600 0000000000e440d0
0x000000001797f4f0:   0000000000000000 0000000000000000 

Instructions: (pc=0x000000006204584a)
0x000000006204582a:   83 c4 20 5d c3 cc 40 53 48 83 ec 20 48 8b 1d cb
0x000000006204583a:   5b 01 00 48 85 db 74 1a e8 19 93 ff ff 48 8b d3
0x000000006204584a:   4c 8b 00 48 8b c8 48 83 c4 20 5b 49 ff a0 b0 00
0x000000006204585a:   00 00 48 83 c4 20 5b c3 cc cc cc cc cc cc cc cc 


Register to memory mapping:

RAX=0x0000000000000000 is an unknown value
RBX=0x000000001826a440 is a global jni handle
RCX=0x00000000167c7800 is an unknown value
RDX=0x000000001826a440 is a global jni handle
RSP=0x000000001797f400 is an unknown value
RBP=0x0000000000e7e6a0 is an unknown value
RSI=0x0000000000000001 is an unknown value
RDI=0x0000000000000000 is an unknown value
R8 =0x0000000000010002 is an unknown value
R9 =0x0000000000e7e6a0 is an unknown value
R10=0x0000000000000000 is an unknown value
R11=0x0000000000000246 is an unknown value
R12=0x0000000000e7e6d0 is an unknown value
R13=0x0000000000e7e6a0 is an unknown value
R14=0x0000000000e7e6b0 is an unknown value
R15=0x0000000000000000 is an unknown value


Stack: [0x0000000017880000,0x0000000017980000],  sp=0x000000001797f400,  free space=1021k
Native frames: (J=compiled Java code, j=interpreted, Vv=VM code, C=native code)
C  [glass.dll+0x2584a]
C  [glass.dll+0x23224]
C  [glass.dll+0x234a6]
C  [ntdll.dll+0x3b583]
C  [ntdll.dll+0x47f85]
C  [ntdll.dll+0x47e48]
C  [KERNEL32.DLL+0x1ca7a]
C  [msvcr100.dll+0x20cb9]
V  [jvm.dll+0x212a05]
V  [jvm.dll+0x24b647]
V  [jvm.dll+0x24a8e6]
V  [jvm.dll+0x24ad81]
V  [jvm.dll+0x24af9e]
V  [jvm.dll+0x29c03a]
C  [msvcr100.dll+0x21d7b]
C  [msvcr100.dll+0x21e17]
C  [KERNEL32.DLL+0x14034]
C  [ntdll.dll+0x73691]

VM_Operation (0x00000000194eb000): Exit, mode: safepoint, requested by thread 0x000000001824d800


---------------  P R O C E S S  ---------------

Java Threads: ( => current thread )
  0x0000000017ec5800 JavaThread "Thread-6" [_thread_blocked, id=33660, stack(0x0000000022840000,0x0000000022940000)]
  0x0000000017ec8800 JavaThread "Thread-4" daemon [_thread_in_native, id=33544, stack(0x0000000022740000,0x0000000022840000)]
  0x0000000018db0800 JavaThread "Media Resource Disposer" daemon [_thread_blocked, id=22440, stack(0x000000001f770000,0x000000001f870000)]
  0x0000000018aa5800 JavaThread "Prism Font Disposer" daemon [_thread_blocked, id=31904, stack(0x000000001f0c0000,0x000000001f1c0000)]
  0x0000000018aa7800 JavaThread "JavaFX-Launcher" [_thread_blocked, id=2148, stack(0x000000001dec0000,0x000000001dfc0000)]
  0x0000000018a9e800 JavaThread "Thread-2" daemon [_thread_in_native, id=22084, stack(0x000000001ddc0000,0x000000001dec0000)]
  0x000000001824d800 JavaThread "JavaFX Application Thread" [_thread_blocked, id=25724, stack(0x00000000193f0000,0x00000000194f0000)]
  0x0000000018240000 JavaThread "Thread-1" daemon [_thread_blocked, id=31436, stack(0x00000000192f0000,0x00000000193f0000)]
  0x0000000018233800 JavaThread "QuantumRenderer-0" daemon [_thread_blocked, id=32812, stack(0x0000000018870000,0x0000000018970000)]
  0x0000000017f0c800 JavaThread "Service Thread" daemon [_thread_blocked, id=6800, stack(0x0000000018670000,0x0000000018770000)]
  0x0000000017f06000 JavaThread "C1 CompilerThread2" daemon [_thread_blocked, id=29968, stack(0x0000000018570000,0x0000000018670000)]
  0x0000000017f05000 JavaThread "C2 CompilerThread1" daemon [_thread_blocked, id=33740, stack(0x0000000018470000,0x0000000018570000)]
  0x0000000016846800 JavaThread "C2 CompilerThread0" daemon [_thread_blocked, id=25716, stack(0x0000000018370000,0x0000000018470000)]
  0x0000000016845000 JavaThread "Monitor Ctrl-Break" daemon [_thread_in_native, id=26616, stack(0x0000000018270000,0x0000000018370000)]
  0x00000000167fe000 JavaThread "Attach Listener" daemon [_thread_blocked, id=33168, stack(0x0000000017d70000,0x0000000017e70000)]
  0x00000000167fb800 JavaThread "Signal Dispatcher" daemon [_thread_blocked, id=31116, stack(0x0000000017c70000,0x0000000017d70000)]
  0x0000000002f2d800 JavaThread "Finalizer" daemon [_thread_blocked, id=27300, stack(0x0000000017a80000,0x0000000017b80000)]
  0x0000000002f22000 JavaThread "Reference Handler" daemon [_thread_blocked, id=33192, stack(0x0000000017980000,0x0000000017a80000)]
  0x0000000002e32800 JavaThread "main" [_thread_blocked, id=28260, stack(0x0000000002b30000,0x0000000002c30000)]

Other Threads:
=>0x00000000167c7800 VMThread [stack: 0x0000000017880000,0x0000000017980000] [id=18116]

VM state:at safepoint (shutting down)

VM Mutex/Monitor currently owned by a thread:  ([mutex/lock_event])
[0x0000000002e2e3d0] Threads_lock - owner thread: 0x00000000167c7800

Heap:
 PSYoungGen      total 115200K, used 101056K [0x00000000e0600000, 0x00000000ef780000, 0x0000000100000000)
  eden space 65024K, 78% used [0x00000000e0600000,0x00000000e37b0998,0x00000000e4580000)
  from space 50176K, 99% used [0x00000000e4580000,0x00000000e767f8b0,0x00000000e7680000)
  to   space 79360K, 0% used [0x00000000eaa00000,0x00000000eaa00000,0x00000000ef780000)
 ParOldGen       total 190976K, used 131058K [0x00000000a1200000, 0x00000000acc80000, 0x00000000e0600000)
  object space 190976K, 68% used [0x00000000a1200000,0x00000000a91fc9d0,0x00000000acc80000)
 Metaspace       used 18071K, capacity 19240K, committed 19456K, reserved 1067008K
  class space    used 2570K, capacity 2816K, committed 2816K, reserved 1048576K

Card table byte_map: [0x00000000122f0000,0x00000000125f0000] byte_map_base: 0x0000000011de7000

Marking Bits: (ParMarkBitMap*) 0x000000006127a6c0
 Begin Bits: [0x0000000012bf0000, 0x00000000143a8000)
 End Bits:   [0x00000000143a8000, 0x0000000015b60000)

Polling page: 0x0000000001310000

CodeCache: size=245760Kb used=8816Kb max_used=8816Kb free=236943Kb
 bounds [0x0000000002f30000, 0x00000000037e0000, 0x0000000011f30000]
 total_blobs=3574 nmethods=2893 adapters=592
 compilation: enabled

Compilation events (10 events):
Event: 212.326 Thread 0x0000000017f06000 nmethod 2918 0x00000000037cd190 code [0x00000000037cd460, 0x00000000037cea08]
Event: 212.326 Thread 0x0000000017f06000 2919       3       com.sun.glass.ui.Window::handleMouseEvent (26 bytes)
Event: 212.327 Thread 0x0000000017f06000 nmethod 2919 0x00000000037cccd0 code [0x00000000037cce40, 0x00000000037cd0a8]
Event: 212.327 Thread 0x0000000017f06000 2920       3       com.sun.glass.ui.View::handleMouseEvent (34 bytes)
Event: 212.327 Thread 0x0000000017f06000 nmethod 2920 0x00000000037cc750 code [0x00000000037cc8c0, 0x00000000037ccba8]
Event: 212.328 Thread 0x0000000017f06000 2921       3       java.lang.invoke.DirectMethodHandle::shouldBeInitialized (123 bytes)
Event: 212.328 Thread 0x0000000017f06000 nmethod 2921 0x00000000037d0c90 code [0x00000000037d0e60, 0x00000000037d15a8]
Event: 212.328 Thread 0x0000000017f06000 2922       3       jdk.internal.org.objectweb.asm.MethodVisitor::visitFieldInsn (20 bytes)
Event: 212.328 Thread 0x0000000017f06000 nmethod 2922 0x00000000037d1710 code [0x00000000037d1880, 0x00000000037d1ae8]
Event: 212.336 Thread 0x0000000017f06000 2923       3       java.lang.invoke.MethodHandles$Lookup::resolveOrFail (39 bytes)

GC Heap History (10 events):
Event: 2.091 GC heap before
{Heap before GC invocations=5 (full 1):
 PSYoungGen      total 53248K, used 4068K [0x00000000e0600000, 0x00000000e3e00000, 0x0000000100000000)
  eden space 49152K, 0% used [0x00000000e0600000,0x00000000e0600000,0x00000000e3600000)
  from space 4096K, 99% used [0x00000000e3a00000,0x00000000e3df92b8,0x00000000e3e00000)
  to   space 4096K, 0% used [0x00000000e3600000,0x00000000e3600000,0x00000000e3a00000)
 ParOldGen       total 65536K, used 50951K [0x00000000a1200000, 0x00000000a5200000, 0x00000000e0600000)
  object space 65536K, 77% used [0x00000000a1200000,0x00000000a43c1fa0,0x00000000a5200000)
 Metaspace       used 12667K, capacity 13252K, committed 13440K, reserved 1060864K
  class space    used 1766K, capacity 1917K, committed 1920K, reserved 1048576K
Event: 2.149 GC heap after
Heap after GC invocations=5 (full 1):
 PSYoungGen      total 53248K, used 0K [0x00000000e0600000, 0x00000000e3e00000, 0x0000000100000000)
  eden space 49152K, 0% used [0x00000000e0600000,0x00000000e0600000,0x00000000e3600000)
  from space 4096K, 0% used [0x00000000e3a00000,0x00000000e3a00000,0x00000000e3e00000)
  to   space 4096K, 0% used [0x00000000e3600000,0x00000000e3600000,0x00000000e3a00000)
 ParOldGen       total 118272K, used 54862K [0x00000000a1200000, 0x00000000a8580000, 0x00000000e0600000)
  object space 118272K, 46% used [0x00000000a1200000,0x00000000a4793be8,0x00000000a8580000)
 Metaspace       used 12667K, capacity 13252K, committed 13440K, reserved 1060864K
  class space    used 1766K, capacity 1917K, committed 1920K, reserved 1048576K
}
Event: 2.415 GC heap before
{Heap before GC invocations=6 (full 1):
 PSYoungGen      total 53248K, used 47645K [0x00000000e0600000, 0x00000000e3e00000, 0x0000000100000000)
  eden space 49152K, 96% used [0x00000000e0600000,0x00000000e3487560,0x00000000e3600000)
  from space 4096K, 0% used [0x00000000e3a00000,0x00000000e3a00000,0x00000000e3e00000)
  to   space 4096K, 0% used [0x00000000e3600000,0x00000000e3600000,0x00000000e3a00000)
 ParOldGen       total 118272K, used 54862K [0x00000000a1200000, 0x00000000a8580000, 0x00000000e0600000)
  object space 118272K, 46% used [0x00000000a1200000,0x00000000a4793be8,0x00000000a8580000)
 Metaspace       used 12721K, capacity 13348K, committed 13568K, reserved 1060864K
  class space    used 1774K, capacity 1928K, committed 2048K, reserved 1048576K
Event: 2.440 GC heap after
Heap after GC invocations=6 (full 1):
 PSYoungGen      total 53248K, used 4080K [0x00000000e0600000, 0x00000000ea700000, 0x0000000100000000)
  eden space 49152K, 0% used [0x00000000e0600000,0x00000000e0600000,0x00000000e3600000)
  from space 4096K, 99% used [0x00000000e3600000,0x00000000e39fc090,0x00000000e3a00000)
  to   space 43008K, 0% used [0x00000000e7d00000,0x00000000e7d00000,0x00000000ea700000)
 ParOldGen       total 118272K, used 88142K [0x00000000a1200000, 0x00000000a8580000, 0x00000000e0600000)
  object space 118272K, 74% used [0x00000000a1200000,0x00000000a6813908,0x00000000a8580000)
 Metaspace       used 12721K, capacity 13348K, committed 13568K, reserved 1060864K
  class space    used 1774K, capacity 1928K, committed 2048K, reserved 1048576K
}
Event: 2.440 GC heap before
{Heap before GC invocations=7 (full 2):
 PSYoungGen      total 53248K, used 4080K [0x00000000e0600000, 0x00000000ea700000, 0x0000000100000000)
  eden space 49152K, 0% used [0x00000000e0600000,0x00000000e0600000,0x00000000e3600000)
  from space 4096K, 99% used [0x00000000e3600000,0x00000000e39fc090,0x00000000e3a00000)
  to   space 43008K, 0% used [0x00000000e7d00000,0x00000000e7d00000,0x00000000ea700000)
 ParOldGen       total 118272K, used 88142K [0x00000000a1200000, 0x00000000a8580000, 0x00000000e0600000)
  object space 118272K, 74% used [0x00000000a1200000,0x00000000a6813908,0x00000000a8580000)
 Metaspace       used 12721K, capacity 13348K, committed 13568K, reserved 1060864K
  class space    used 1774K, capacity 1928K, committed 2048K, reserved 1048576K
Event: 2.490 GC heap after
Heap after GC invocations=7 (full 2):
 PSYoungGen      total 53248K, used 0K [0x00000000e0600000, 0x00000000ea700000, 0x0000000100000000)
  eden space 49152K, 0% used [0x00000000e0600000,0x00000000e0600000,0x00000000e3600000)
  from space 4096K, 0% used [0x00000000e3600000,0x00000000e3600000,0x00000000e3a00000)
  to   space 43008K, 0% used [0x00000000e7d00000,0x00000000e7d00000,0x00000000ea700000)
 ParOldGen       total 190976K, used 92125K [0x00000000a1200000, 0x00000000acc80000, 0x00000000e0600000)
  object space 190976K, 48% used [0x00000000a1200000,0x00000000a6bf7608,0x00000000acc80000)
 Metaspace       used 12721K, capacity 13348K, committed 13568K, reserved 1060864K
  class space    used 1774K, capacity 1928K, committed 2048K, reserved 1048576K
}
Event: 2.789 GC heap before
{Heap before GC invocations=8 (full 2):
 PSYoungGen      total 53248K, used 49152K [0x00000000e0600000, 0x00000000ea700000, 0x0000000100000000)
  eden space 49152K, 100% used [0x00000000e0600000,0x00000000e3600000,0x00000000e3600000)
  from space 4096K, 0% used [0x00000000e3600000,0x00000000e3600000,0x00000000e3a00000)
  to   space 43008K, 0% used [0x00000000e7d00000,0x00000000e7d00000,0x00000000ea700000)
 ParOldGen       total 190976K, used 92125K [0x00000000a1200000, 0x00000000acc80000, 0x00000000e0600000)
  object space 190976K, 48% used [0x00000000a1200000,0x00000000a6bf7608,0x00000000acc80000)
 Metaspace       used 12740K, capacity 13348K, committed 13568K, reserved 1060864K
  class space    used 1774K, capacity 1928K, committed 2048K, reserved 1048576K
Event: 2.803 GC heap after
Heap after GC invocations=8 (full 2):
 PSYoungGen      total 108032K, used 39382K [0x00000000e0600000, 0x00000000ea780000, 0x0000000100000000)
  eden space 65024K, 0% used [0x00000000e0600000,0x00000000e0600000,0x00000000e4580000)
  from space 43008K, 91% used [0x00000000e7d00000,0x00000000ea375b18,0x00000000ea700000)
  to   space 50176K, 0% used [0x00000000e4580000,0x00000000e4580000,0x00000000e7680000)
 ParOldGen       total 190976K, used 92125K [0x00000000a1200000, 0x00000000acc80000, 0x00000000e0600000)
  object space 190976K, 48% used [0x00000000a1200000,0x00000000a6bf7608,0x00000000acc80000)
 Metaspace       used 12740K, capacity 13348K, committed 13568K, reserved 1060864K
  class space    used 1774K, capacity 1928K, committed 2048K, reserved 1048576K
}
Event: 3.152 GC heap before
{Heap before GC invocations=9 (full 2):
 PSYoungGen      total 108032K, used 104406K [0x00000000e0600000, 0x00000000ea780000, 0x0000000100000000)
  eden space 65024K, 100% used [0x00000000e0600000,0x00000000e4580000,0x00000000e4580000)
  from space 43008K, 91% used [0x00000000e7d00000,0x00000000ea375b18,0x00000000ea700000)
  to   space 50176K, 0% used [0x00000000e4580000,0x00000000e4580000,0x00000000e7680000)
 ParOldGen       total 190976K, used 92125K [0x00000000a1200000, 0x00000000acc80000, 0x00000000e0600000)
  object space 190976K, 48% used [0x00000000a1200000,0x00000000a6bf7608,0x00000000acc80000)
 Metaspace       used 12780K, capacity 13424K, committed 13568K, reserved 1060864K
  class space    used 1775K, capacity 1930K, committed 2048K, reserved 1048576K
Event: 3.179 GC heap after
Heap after GC invocations=9 (full 2):
 PSYoungGen      total 115200K, used 50174K [0x00000000e0600000, 0x00000000ef780000, 0x0000000100000000)
  eden space 65024K, 0% used [0x00000000e0600000,0x00000000e0600000,0x00000000e4580000)
  from space 50176K, 99% used [0x00000000e4580000,0x00000000e767f8b0,0x00000000e7680000)
  to   space 79360K, 0% used [0x00000000eaa00000,0x00000000eaa00000,0x00000000ef780000)
 ParOldGen       total 190976K, used 131058K [0x00000000a1200000, 0x00000000acc80000, 0x00000000e0600000)
  object space 190976K, 68% used [0x00000000a1200000,0x00000000a91fc9d0,0x00000000acc80000)
 Metaspace       used 12780K, capacity 13424K, committed 13568K, reserved 1060864K
  class space    used 1775K, capacity 1930K, committed 2048K, reserved 1048576K
}

Deoptimization events (10 events):
Event: 31.487 Thread 0x0000000018233800 Uncommon trap: reason=class_check action=maybe_recompile pc=0x00000000036a2a1c method=sun.reflect.DelegatingMethodAccessorImpl.invoke(Ljava/lang/Object;[Ljava/lang/Object;)Ljava/lang/Object; @ 6
Event: 31.494 Thread 0x0000000018233800 Uncommon trap: reason=class_check action=maybe_recompile pc=0x00000000036a2a1c method=sun.reflect.DelegatingMethodAccessorImpl.invoke(Ljava/lang/Object;[Ljava/lang/Object;)Ljava/lang/Object; @ 6
Event: 31.495 Thread 0x0000000018233800 Uncommon trap: reason=class_check action=maybe_recompile pc=0x000000000369ef4c method=sun.reflect.DelegatingMethodAccessorImpl.invoke(Ljava/lang/Object;[Ljava/lang/Object;)Ljava/lang/Object; @ 6
Event: 42.466 Thread 0x000000001824d800 Uncommon trap: reason=array_check action=maybe_recompile pc=0x00000000034a2168 method=com.sun.javafx.css.SimpleSelector.applies(Ljavafx/css/Styleable;[Ljava/util/Set;I)Z @ 37
Event: 42.474 Thread 0x000000001824d800 Uncommon trap: reason=unstable_if action=reinterpret pc=0x000000000376b120 method=java.lang.StrictMath.floorOrCeil(DDDD)D @ 38
Event: 212.322 Thread 0x000000001824d800 Uncommon trap: reason=unstable_if action=reinterpret pc=0x0000000003057c88 method=java.util.concurrent.locks.ReentrantLock$NonfairSync.lock()V @ 6
Event: 212.322 Thread 0x000000001824d800 Uncommon trap: reason=unstable_if action=reinterpret pc=0x0000000003795254 method=java.util.concurrent.locks.ReentrantLock$Sync.nonfairTryAcquire(I)Z @ 10
Event: 212.323 Thread 0x000000001824d800 Uncommon trap: reason=unstable_if action=reinterpret pc=0x0000000003792888 method=java.util.concurrent.locks.ReentrantLock$Sync.nonfairTryAcquire(I)Z @ 10
Event: 212.336 Thread 0x0000000017eca000 Uncommon trap: reason=unstable_if action=reinterpret pc=0x00000000036ccd40 method=java.util.concurrent.locks.ReentrantLock$Sync.tryRelease(I)Z @ 28
Event: 212.336 Thread 0x0000000018233800 Uncommon trap: reason=unstable_if action=reinterpret pc=0x00000000037a5aa0 method=java.util.concurrent.locks.AbstractQueuedSynchronizer$ConditionObject.checkInterruptWhileWaiting(Ljava/util/concurrent/locks/AbstractQueuedSynchronizer$Node;)I @ 3

Internal exceptions (10 events):
Event: 0.370 Thread 0x0000000002e32800 Exception <a 'java/security/PrivilegedActionException'> (0x00000000e0a6bf10) thrown at [C:\re\workspace\8-2-build-windows-amd64-cygwin\jdk8u102\7268\hotspot\src\share\vm\prims\jvm.cpp, line 1386]
Event: 0.371 Thread 0x0000000002e32800 Exception <a 'java/lang/NullPointerException'> (0x00000000e0a6c918) thrown at [C:\re\workspace\8-2-build-windows-amd64-cygwin\jdk8u102\7268\hotspot\src\share\vm\interpreter\linkResolver.cpp, line 1178]
Event: 0.402 Thread 0x0000000002e32800 Implicit null exception at 0x0000000003057015 to 0x00000000030571e1
Event: 0.833 Thread 0x000000001824d800 Exception <a 'java/lang/NullPointerException'> (0x00000000e1641940) thrown at [C:\re\workspace\8-2-build-windows-amd64-cygwin\jdk8u102\7268\hotspot\src\share\vm\interpreter\linkResolver.cpp, line 1178]
Event: 0.833 Thread 0x000000001824d800 Exception <a 'java/lang/NullPointerException'> (0x00000000e1641940) thrown at [C:\re\workspace\8-2-build-windows-amd64-cygwin\jdk8u102\7268\hotspot\src\share\vm\prims\jvm.cpp, line 1390]
Event: 1.910 Thread 0x000000001824d800 Exception <a 'java/lang/UnsatisfiedLinkError': com.sun.media.jfxmediaimpl.NativeAudioClip.nacInit()Z> (0x00000000e17ff540) thrown at [C:\re\workspace\8-2-build-windows-amd64-cygwin\jdk8u102\7268\hotspot\src\share\vm\prims\nativeLookup.cpp, line 378]
Event: 1.911 Thread 0x000000001824d800 Exception <a 'java/lang/UnsatisfiedLinkError': com.sun.media.jfxmedia.logging.Logger.nativeSetNativeLevel(I)V> (0x00000000e1803c40) thrown at [C:\re\workspace\8-2-build-windows-amd64-cygwin\jdk8u102\7268\hotspot\src\share\vm\prims\nativeLookup.cpp, line 37ÞkZoìþ?
Event: 1.933 Thread 0x000000001824d800 Implicit null exception at 0x000000000315da56 to 0x000000000315de01
Event: 3.634 Thread 0x000000001824d800 Implicit null exception at 0x000000000326510e to 0x000000000326626d
Event: 212.336 Thread 0x0000000017eca000 Exception <a 'java/lang/IllegalStateException'> (0x00000000e3714a38) thrown at [C:\re\workspace\8-2-build-windows-amd64-cygwin\jdk8u102\7268\hotspot\src\share\vm\prims\jvm.cpp, line 1390]

Events (10 events):
Event: 212.336 Thread 0x0000000017eca000 DEOPT PACKING pc=0x00000000036ccd40 sp=0x000000002303e400
Event: 212.336 Thread 0x0000000017eca000 DEOPT UNPACKING pc=0x0000000002f7582a sp=0x000000002303e388 mode 2
Event: 212.336 Thread 0x0000000018233800 DEOPT PACKING pc=0x00000000037a5aa0 sp=0x000000001896ee60
Event: 212.336 Thread 0x0000000018233800 DEOPT UNPACKING pc=0x0000000002f7582a sp=0x000000001896edc0 mode 2
Event: 212.336 loading class java/util/LinkedList$ListItr
Event: 212.336 loading class com/sun/javafx/tk/quantum/QuantumToolkit
Event: 212.336 loading class com/sun/javafx/tk/quantum/QuantumToolkit done
Event: 212.336 loading class java/util/LinkedList$ListItr done
Event: 212.337 Thread 0x0000000017eca000 Thread exited: 0x0000000017eca000
Event: 212.337 Executing VM operation: Exit


Dynamic libraries:
0x00007ff72c5a0000 - 0x00007ff72c5d7000 	C:\Program Files\Java\jdk1.8.0_102\bin\java.exe
0x00007ffdcbb60000 - 0x00007ffdcbd41000 	C:\WINDOWS\SYSTEM32\ntdll.dll
0x00007ffdcaf80000 - 0x00007ffdcb031000 	C:\WINDOWS\System32\KERNEL32.DLL
0x00007ffdc7fb0000 - 0x00007ffdc8223000 	C:\WINDOWS\System32\KERNELBASE.dll
0x0000000063bd0000 - 0x0000000063c65000 	C:\WINDOWS\System32\SYSFER.DLL
0x00007ffdcae20000 - 0x00007ffdcaec1000 	C:\WINDOWS\System32\ADVAPI32.dll
0x00007ffdca810000 - 0x00007ffdca8ae000 	C:\WINDOWS\System32\msvcrt.dll
0x00007ffdcab80000 - 0x00007ffdcabdb000 	C:\WINDOWS\System32\sechost.dll
0x00007ffdca610000 - 0x00007ffdca734000 	C:\WINDOWS\System32\RPCRT4.dll
0x00007ffdcac90000 - 0x00007ffdcae20000 	C:\WINDOWS\System32\USER32.dll
0x00007ffdc7f30000 - 0x00007ffdc7f50000 	C:\WINDOWS\System32\win32u.dll
0x00007ffdcaf50000 - 0x00007ffdcaf78000 	C:\WINDOWS\System32\GDI32.dll
0x00007ffdc8c60000 - 0x00007ffdc8df2000 	C:\WINDOWS\System32\gdi32full.dll
0x00007ffdc8e00000 - 0x00007ffdc8e9f000 	C:\WINDOWS\System32\msvcp_win.dll
0x00007ffdc8ef0000 - 0x00007ffdc8fe8000 	C:\WINDOWS\System32\ucrtbase.dll
0x00007ffdbf820000 - 0x00007ffdbfa89000 	C:\WINDOWS\WinSxS\amd64_microsoft.windows.common-controls_6595b64144ccf1df_6.0.17134.706_none_fb43a2cb30647007\COMCTL32.dll
0x00007ffdcb7d0000 - 0x00007ffdcbaf2000 	C:\WINDOWS\System32\combase.dll
0x00007ffdc82e0000 - 0x00007ffdc835a000 	C:\WINDOWS\System32\bcryptPrimitives.dll
0x00007ffdcbb00000 - 0x00007ffdcbb2d000 	C:\WINDOWS\System32\IMM32.DLL
0x0000000061e40000 - 0x0000000061f11000 	C:\Program Files\Java\jdk1.8.0_102\jre\bin\msvcr100.dll
0x0000000060a60000 - 0x00000000612fa000 	C:\Program Files\Java\jdk1.8.0_102\jre\bin\server\jvm.dll
0x00007ffdca8b0000 - 0x00007ffdca8b8000 	C:\WINDOWS\System32\PSAPI.DLL
0x00007ffdc6d60000 - 0x00007ffdc6d69000 	C:\WINDOWS\SYSTEM32\WSOCK32.dll
0x00007ffdcaee0000 - 0x00007ffdcaf4c000 	C:\WINDOWS\System32\WS2_32.dll
0x00007ffdc5e20000 - 0x00007ffdc5e43000 	C:\WINDOWS\SYSTEM32\WINMM.dll
0x00007ffdb9020000 - 0x00007ffdb902a000 	C:\WINDOWS\SYSTEM32\VERSION.dll
0x00007ffdc5df0000 - 0x00007ffdc5e1a000 	C:\WINDOWS\SYSTEM32\WINMMBASE.dll
0x00007ffdc8ea0000 - 0x00007ffdc8ee9000 	C:\WINDOWS\System32\cfgmgr32.dll
0x0000000061e30000 - 0x0000000061e3f000 	C:\Program Files\Java\jdk1.8.0_102\jre\bin\verify.dll
0x0000000061e00000 - 0x0000000061e29000 	C:\Program Files\Java\jdk1.8.0_102\jre\bin\java.dll
0x00000000620a0000 - 0x00000000620c3000 	C:\Program Files\Java\jdk1.8.0_102\jre\bin\instrument.dll
0x0000000061de0000 - 0x0000000061df6000 	C:\Program Files\Java\jdk1.8.0_102\jre\bin\zip.dll
0x00007ffdc91d0000 - 0x00007ffdca610000 	C:\WINDOWS\System32\SHELL32.dll
0x00007ffdcabe0000 - 0x00007ffdcac89000 	C:\WINDOWS\System32\shcore.dll
0x00007ffdc8360000 - 0x00007ffdc8a6d000 	C:\WINDOWS\System32\windows.storage.dll
0x00007ffdc8ff0000 - 0x00007ffdc9041000 	C:\WINDOWS\System32\shlwapi.dll
0x00007ffdc7ea0000 - 0x00007ffdc7eb1000 	C:\WINDOWS\System32\kernel.appcore.dll
0x00007ffdc7f10000 - 0x00007ffdc7f2f000 	C:\WINDOWS\System32\profapi.dll
0x00007ffdc7ec0000 - 0x00007ffdc7f0c000 	C:\WINDOWS\System32\powrprof.dll
0x00007ffdc7e70000 - 0x00007ffdc7e7a000 	C:\WINDOWS\System32\FLTLIB.DLL
0x00007ffdb29a0000 - 0x00007ffdb29ba000 	C:\Program Files\JetBrains\IntelliJ IDEA Community Edition 2018.3.4\bin\breakgen64.dll
0x0000000061dc0000 - 0x0000000061dda000 	C:\Program Files\Java\jdk1.8.0_102\jre\bin\net.dll
0x00007ffdc7690000 - 0x00007ffdc76f6000 	C:\WINDOWS\system32\mswsock.dll
0x00007ffd9f330000 - 0x00007ffd9f41f000 	C:\Program Files\Java\jdk1.8.0_102\jre\bin\msvcr120.dll
0x00007ffd9f1c0000 - 0x00007ffd9f266000 	C:\Program Files\Java\jdk1.8.0_102\jre\bin\msvcp120.dll
0x0000000062070000 - 0x0000000062092000 	C:\Program Files\Java\jdk1.8.0_102\jre\bin\prism_d3d.dll
0x00007ffda5150000 - 0x00007ffda52e7000 	C:\WINDOWS\system32\d3d9.dll
0x00007ffdc62d0000 - 0x00007ffdc62f9000 	C:\WINDOWS\SYSTEM32\dwmapi.dll
0x00007ffdc61b0000 - 0x00007ffdc6248000 	C:\WINDOWS\system32\uxtheme.dll
0x00007ffdca740000 - 0x00007ffdca802000 	C:\WINDOWS\System32\OLEAUT32.dll
0x00007ffdcb1b0000 - 0x00007ffdcb301000 	C:\WINDOWS\System32\ole32.dll
0x0000000062020000 - 0x0000000062063000 	C:\Program Files\Java\jdk1.8.0_102\jre\bin\glass.dll
0x00007ffdcb0c0000 - 0x00007ffdcb1ad000 	C:\WINDOWS\System32\COMDLG32.dll
0x00007ffdc9050000 - 0x00007ffdc91c3000 	C:\WINDOWS\System32\MSCTF.dll
0x0000000062000000 - 0x0000000062014000 	C:\Program Files\Java\jdk1.8.0_102\jre\bin\javafx_font.dll
0x00007ffdbb450000 - 0x00007ffdbb76c000 	C:\WINDOWS\SYSTEM32\dwrite.dll
0x0000000061fb0000 - 0x0000000061fd3000 	C:\Program Files\Java\jdk1.8.0_102\jre\bin\javafx_iio.dll
0x0000000061f30000 - 0x0000000061fa3000 	C:\Program Files\Java\jdk1.8.0_102\jre\bin\glib-lite.dll
0x0000000061cf0000 - 0x0000000061d8c000 	C:\Program Files\Java\jdk1.8.0_102\jre\bin\gstreamer-lite.dll
0x00007ffda8c50000 - 0x00007ffda8cdf000 	C:\WINDOWS\SYSTEM32\DSOUND.dll
0x0000000061af0000 - 0x0000000061b15000 	C:\Program Files\Java\jdk1.8.0_102\jre\bin\jfxmedia.dll
0x00007ffdcaae0000 - 0x00007ffdcab80000 	C:\WINDOWS\System32\clbcatq.dll
0x00007ffdc42a0000 - 0x00007ffdc444e000 	C:\WINDOWS\SYSTEM32\WindowsCodecs.dll
0x00007ffda9f60000 - 0x00007ffda9fb8000 	C:\WINDOWS\system32\dataexchange.dll
0x00007ffdc4e00000 - 0x00007ffdc510b000 	C:\WINDOWS\system32\d3d11.dll
0x00007ffdc5570000 - 0x00007ffdc570c000 	C:\WINDOWS\system32\dcomp.dll
0x00007ffdc6890000 - 0x00007ffdc694b000 	C:\WINDOWS\system32\dxgi.dll
0x00007ffdc63b0000 - 0x00007ffdc6568000 	C:\WINDOWS\system32\twinapi.appcore.dll
0x00007ffdc6150000 - 0x00007ffdc6179000 	C:\WINDOWS\system32\RMCLIENT.dll
0x00007ffdac050000 - 0x00007ffdac084000 	C:\Program Files\Common Files\Microsoft Shared\Ink\rtscom.dll
0x0000000061fe0000 - 0x0000000061ff1000 	C:\Program Files\Java\jdk1.8.0_102\jre\bin\prism_common.dll
0x00007ffdc4640000 - 0x00007ffdc4c07000 	C:\WINDOWS\SYSTEM32\d2d1.dll
0x00007ffd97d50000 - 0x00007ffd984ce000 	C:\WINDOWS\SYSTEM32\D3D10Warp.dll
0x00007ffdbcf40000 - 0x00007ffdbcfd6000 	C:\WINDOWS\System32\TextInputFramework.dll
0x00007ffdc3df0000 - 0x00007ffdc410e000 	C:\WINDOWS\System32\CoreUIComponents.dll
0x00007ffdc5a90000 - 0x00007ffdc5b6a000 	C:\WINDOWS\System32\CoreMessaging.dll
0x00007ffdc6f60000 - 0x00007ffdc6f91000 	C:\WINDOWS\SYSTEM32\ntmarta.dll
0x00007ffdc3b50000 - 0x00007ffdc3c9d000 	C:\WINDOWS\SYSTEM32\wintypes.dll
0x00007ffdc6ae0000 - 0x00007ffdc6ca9000 	C:\WINDOWS\SYSTEM32\dbghelp.dll

VM Arguments:
jvm_args: -javaagent:C:\Program Files\JetBrains\IntelliJ IDEA Community Edition 2018.3.4\lib\idea_rt.jar=51701:C:\Program Files\JetBrains\IntelliJ IDEA Community Edition 2018.3.4\bin -Dfile.encoding=UTF-8 
java_command: ClientFX
java_class_path (initial): C:\Program Files\Java\jdk1.8.0_102\jre\lib\charsets.jar;C:\Program Files\Java\jdk1.8.0_102\jre\lib\deploy.jar;C:\Program Files\Java\jdk1.8.0_102\jre\lib\ext\access-bridge-64.jar;C:\Program Files\Java\jdk1.8.0_102\jre\lib\ext\cldrdata.jar;C:\Program Files\Java\jdk1.8.0_102\jre\lib\ext\dnsns.jar;C:\Program Files\Java\jdk1.8.0_102\jre\lib\ext\jaccess.jar;C:\Program Files\Java\jdk1.8.0_102\jre\lib\ext\jfxrt.jar;C:\Program Files\Java\jdk1.8.0_102\jre\lib\ext\localedata.jar;C:\Program Files\Java\jdk1.8.0_102\jre\lib\ext\nashorn.jar;C:\Program Files\Java\jdk1.8.0_102\jre\lib\ext\sunec.jar;C:\Program Files\Java\jdk1.8.0_102\jre\lib\ext\sunjce_provider.jar;C:\Program Files\Java\jdk1.8.0_102\jre\lib\ext\sunmscapi.jar;C:\Program Files\Java\jdk1.8.0_102\jre\lib\ext\sunpkcs11.jar;C:\Program Files\Java\jdk1.8.0_102\jre\lib\ext\zipfs.jar;C:\Program Files\Java\jdk1.8.0_102\jre\lib\javaws.jar;C:\Program Files\Java\jdk1.8.0_102\jre\lib\jce.jar;C:\Program Files\Java\jdk1.8.0_102\jre\lib\jfr.jar;C:\Program Files\Java\jdk1.8.0_102\jre\lib\jfxswt.jar;C:\Program Files\Java\jdk1.8.0_102\jre\lib\jsse.jar;C:\Program Files\Java\jdk1.8.0_102\jre\lib\management-agent.jar;C:\Program Files\Java\jdk1.8.0_102\jre\lib\plugin.jar;C:\Program Files\Java\jdk1.8.0_102\jre\lib\resources.jar;C:\Program Files\Java\jdk1.8.0_102\jre\lib\rt.jar;C:\Users\Don\Documents\GitHub\Project5\Client\out\production\Client;C:\Program Files\JetBrains\IntelliJ IDEA Community Edition 2018.3.4\lib\idea_rt.jar
Launcher Type: SUN_STANDARD

Environment Variables:
JAVA_HOME=C:\Program Files\Java\jdk1.8.0_172
CLASSPATH=.;
PATH=C:\Python27\;C:\Python27\Scripts;C:\Program Files (x86)\Common Files\Oracle\Java\javapath;C:\ProgramData\Oracle\Java\javapath;C:\Program Files (x86)\Intel\iCLS Client\;C:\Program Files\Intel\iCLS Client\;C:\WINDOWS\system32;C:\WINDOWS;C:\WINDOWS\System32\Wbem;C:\WINDOWS\System32\WindowsPowerShell\v1.0\;C:\Program Files\Hewlett-Packard\SimplePass\;C:\Program Files (x86)\Windows Live\Shared;C:\Program Files\Novell\iPrint;C:\WINDOWS\System32\OpenSSH\;C:\ProgramData\chocolatey\bin;C:\Program Files\Java\jdk1.8.0_172\bin;C:\TDM-GCC-64\bin;C:\Program Files\PuTTY\;C:\Program Files\Intel\Intel(R) Management Engine Components\DAL;C:\Program Files\Intel\Intel(R) Management Engine Components\IPT;C:\Program Files\dotnet\;C:\Program Files\Git\cmd;C:\Program Files\nodejs\;C:\Users\Don\AppData\Local\Microsoft\WindowsApps;C:\Users\Don\AndroidAppData\platform-tools;C:\Users\Don\AppData\Local\Programs\Microsoft VS Code\bin;C:\Users\Don\.dotnet\tools;C:\Program Files (x86)\Java\jdk1.8.0_102\bin;;C:\Users\Don\AppData\Local\Programs\Azure Data Studio\bin;C:\Users\Don\AppData\Roaming\npm
USERNAME=Don
OS=Windows_NT
PROCESSOR_IDENTIFIER=Intel64 Family 6 Model 61 Stepping 4, GenuineIntel



---------------  S Y S T E M  ---------------

OS: Windows 10.0 , 64 bit Build 17134 (10.0.17134.706)

CPU:total 4 (2 cores per cpu, 2 threads per core) family 6 model 61 stepping 4, cmov, cx8, fxsr, mmx, sse, sse2, sse3, ssse3, sse4.1, sse4.2, popcnt, avx, avx2, aes, clmul, erms, 3dnowpref, lzcnt, ht, tsc, tscinvbit, bmi1, bmi2, adx

Memory: 4k page, physical 6211852k(736964k free), swap 11454732k(1642480k free)

vm_info: Java HotSpot(TM) 64-Bit Server VM (25.102-b14) for windows-amd64 JRE (1.8.0_102-b14), built on Jun 22 2016 13:15:21 by "java_re" with MS VC++ 10.0 (VS2010)

time: Sun May 05 16:22:25 2019
elapsed time: 212 seconds (0d 0h 3m 32s)

