#
# A fatal error has been detected by the Java Runtime Environment:
#
#  EXCEPTION_ACCESS_VIOLATION (0xc0000005) at pc=0x0000000074d1584a, pid=33276, tid=0x000000000000ba2c
#
# JRE version: Java(TM) SE Runtime Environment (8.0_102-b14) (build 1.8.0_102-b14)
# Java VM: Java HotSpot(TM) 64-Bit Server VM (25.102-b14 mixed mode windows-amd64 compressed oops)
# Problematic frame:
# C  [glass.dll+0x2584a]
#
# Failed to write core dump. Minidumps are not enabled by default on client versions of Windows
#
# If you would like to submit a bug report, please visit:
#   http://bugreport.java.com/bugreport/crash.jsp
#

---------------  T H R E A D  ---------------

Current thread (0x0000000016729800):  VMThread [stack: 0x00000000177e0000,0x00000000178e0000] [id=47660]

siginfo: ExceptionCode=0xc0000005, reading address 0x0000000000000000

Registers:
RAX=0x0000000000000000, RBX=0x0000000018125cb8, RCX=0x0000000016729800, RDX=0x0000000018125cb8
RSP=0x00000000178df2b0, RBP=0x0000000000e9ff90, RSI=0x0000000000000001, RDI=0x0000000000000000
R8 =0x0000000000010002, R9 =0x0000000000e9ff90, R10=0x0000000000000000, R11=0x0000000000000246
R12=0x0000000000e9ffc0, R13=0x0000000000e9ff90, R14=0x0000000000e9ffa0, R15=0x0000000000000000
RIP=0x0000000074d1584a, EFLAGS=0x0000000000010202

Top of Stack: (sp=0x00000000178df2b0)
0x00000000178df2b0:   0000000000000000 0000000074d15900
0x00000000178df2c0:   0000000000000000 0000000074d291b0
0x00000000178df2d0:   0000000074d15830 0000000074d13224
0x00000000178df2e0:   0000000074d15a60 00007ffc0b13e888
0x00000000178df2f0:   0000000000000000 00007ffc6b6fc2c4
0x00000000178df300:   0000000000000001 0000000074cf0000
0x00000000178df310:   0000000002d81638 0000000074d134a6
0x00000000178df320:   0000000000000001 0000000016635500
0x00000000178df330:   0000000000000000 0000000074d13384
0x00000000178df340:   c000000500000001 00000000178de410
0x00000000178df350:   0000000074cf0000 00007ffcbf9fb583
0x00000000178df360:   000000007ffe0385 0000000000000000
0x00000000178df370:   000000007ffe0384 000000007ffe0385
0x00000000178df380:   000000000000000f 00007ffcbfa0813a
0x00000000178df390:   0000433cf8bdcd00 0000000000e64d70
0x00000000178df3a0:   0000000000000000 0000000000000000 

Instructions: (pc=0x0000000074d1584a)
0x0000000074d1582a:   83 c4 20 5d c3 cc 40 53 48 83 ec 20 48 8b 1d cb
0x0000000074d1583a:   5b 01 00 48 85 db 74 1a e8 19 93 ff ff 48 8b d3
0x0000000074d1584a:   4c 8b 00 48 8b c8 48 83 c4 20 5b 49 ff a0 b0 00
0x0000000074d1585a:   00 00 48 83 c4 20 5b c3 cc cc cc cc cc cc cc cc 


Register to memory mapping:

RAX=0x0000000000000000 is an unknown value
RBX=0x0000000018125cb8 is a global jni handle
RCX=0x0000000016729800 is an unknown value
RDX=0x0000000018125cb8 is a global jni handle
RSP=0x00000000178df2b0 is an unknown value
RBP=0x0000000000e9ff90 is an unknown value
RSI=0x0000000000000001 is an unknown value
RDI=0x0000000000000000 is an unknown value
R8 =0x0000000000010002 is an unknown value
R9 =0x0000000000e9ff90 is an unknown value
R10=0x0000000000000000 is an unknown value
R11=0x0000000000000246 is an unknown value
R12=0x0000000000e9ffc0 is an unknown value
R13=0x0000000000e9ff90 is an unknown value
R14=0x0000000000e9ffa0 is an unknown value
R15=0x0000000000000000 is an unknown value


Stack: [0x00000000177e0000,0x00000000178e0000],  sp=0x00000000178df2b0,  free space=1020k
Native frames: (J=compiled Java code, j=interpreted, Vv=VM code, C=native code)
C  [glass.dll+0x2584a]
C  [glass.dll+0x23224]
C  [glass.dll+0x234a6]
C  [ntdll.dll+0x3b583]
C  [ntdll.dll+0x47f85]
C  [ntdll.dll+0x47e48]
C  [KERNEL32.DLL+0x1ca7a]
C  [msvcr100.dll+0x20cb9]
V  [jvm.dll+0x212a05]
V  [jvm.dll+0x24b647]
V  [jvm.dll+0x24a8e6]
V  [jvm.dll+0x24ad81]
V  [jvm.dll+0x24af9e]
V  [jvm.dll+0x29c03a]
C  [msvcr100.dll+0x21d7b]
C  [msvcr100.dll+0x21e17]
C  [KERNEL32.DLL+0x14034]
C  [ntdll.dll+0x73691]

VM_Operation (0x0000000018beabd0): Exit, mode: safepoint, requested by thread 0x00000000181c9800


---------------  P R O C E S S  ---------------

Java Threads: ( => current thread )
  0x000000001924f800 JavaThread "Glass/Prism Shutdown Hook" [_thread_blocked, id=65128, stack(0x0000000022f60000,0x0000000023060000)]
  0x000000001924c800 JavaThread "Thread-6" [_thread_blocked, id=92736, stack(0x0000000022760000,0x0000000022860000)]
  0x000000001924e800 JavaThread "Thread-4" daemon [_thread_in_native, id=54380, stack(0x0000000022660000,0x0000000022760000)]
  0x0000000019077800 JavaThread "Media Resource Disposer" daemon [_thread_blocked, id=32960, stack(0x000000001f5e0000,0x000000001f6e0000)]
  0x0000000018c1c800 JavaThread "Prism Font Disposer" daemon [_thread_blocked, id=49092, stack(0x000000001efc0000,0x000000001f0c0000)]
  0x0000000018c23800 JavaThread "Thread-3" daemon [_thread_in_native, id=36356, stack(0x000000001dbc0000,0x000000001dcc0000)]
  0x0000000018c23000 JavaThread "JavaFX-Launcher" [_thread_blocked, id=4364, stack(0x000000001dcc0000,0x000000001ddc0000)]
  0x00000000181c9800 JavaThread "JavaFX Application Thread" [_thread_blocked, id=71052, stack(0x0000000018af0000,0x0000000018bf0000)]
  0x00000000181c8800 JavaThread "Thread-1" daemon [_thread_blocked, id=65396, stack(0x00000000189f0000,0x0000000018af0000)]
  0x0000000018156000 JavaThread "QuantumRenderer-0" daemon [_thread_blocked, id=30844, stack(0x00000000187d0000,0x00000000188d0000)]
  0x0000000017e63000 JavaThread "Service Thread" daemon [_thread_blocked, id=36708, stack(0x00000000185d0000,0x00000000186d0000)]
  0x0000000017e5c000 JavaThread "C1 CompilerThread2" daemon [_thread_blocked, id=24948, stack(0x00000000184d0000,0x00000000185d0000)]
  0x00000000167a8000 JavaThread "C2 CompilerThread1" daemon [_thread_blocked, id=12216, stack(0x00000000183d0000,0x00000000184d0000)]
  0x00000000167a5000 JavaThread "C2 CompilerThread0" daemon [_thread_blocked, id=58396, stack(0x00000000182d0000,0x00000000183d0000)]
  0x00000000167a3800 JavaThread "Monitor Ctrl-Break" daemon [_thread_in_native, id=84312, stack(0x00000000181d0000,0x00000000182d0000)]
  0x000000001675d800 JavaThread "Attach Listener" daemon [_thread_blocked, id=42812, stack(0x0000000017cd0000,0x0000000017dd0000)]
  0x0000000002e8e800 JavaThread "Signal Dispatcher" daemon [_thread_blocked, id=32516, stack(0x0000000017bd0000,0x0000000017cd0000)]
  0x0000000002e87800 JavaThread "Finalizer" daemon [_thread_blocked, id=80028, stack(0x00000000179e0000,0x0000000017ae0000)]
  0x0000000002e82800 JavaThread "Reference Handler" daemon [_thread_blocked, id=6396, stack(0x00000000178e0000,0x00000000179e0000)]
  0x0000000002d92800 JavaThread "main" [_thread_blocked, id=75140, stack(0x0000000002a50000,0x0000000002b50000)]

Other Threads:
=>0x0000000016729800 VMThread [stack: 0x00000000177e0000,0x00000000178e0000] [id=47660]

VM state:at safepoint (shutting down)

VM Mutex/Monitor currently owned by a thread:  ([mutex/lock_event])
[0x0000000002d8d5f0] Threads_lock - owner thread: 0x0000000016729800

Heap:
 PSYoungGen      total 144896K, used 21775K [0x00000000e0600000, 0x00000000ecc00000, 0x0000000100000000)
  eden space 106496K, 9% used [0x00000000e0600000,0x00000000e105d088,0x00000000e6e00000)
  from space 38400K, 29% used [0x00000000ea680000,0x00000000eb166ee8,0x00000000ecc00000)
  to   space 48128K, 0% used [0x00000000e6e00000,0x00000000e6e00000,0x00000000e9d00000)
 ParOldGen       total 296448K, used 179882K [0x00000000a1200000, 0x00000000b3380000, 0x00000000e0600000)
  object space 296448K, 60% used [0x00000000a1200000,0x00000000ac1aa800,0x00000000b3380000)
 Metaspace       used 17908K, capacity 19038K, committed 19200K, reserved 1064960K
  class space    used 2564K, capacity 2815K, committed 2816K, reserved 1048576K

Card table byte_map: [0x0000000012250000,0x0000000012550000] byte_map_base: 0x0000000011d47000

Marking Bits: (ParMarkBitMap*) 0x00000000737da6c0
 Begin Bits: [0x0000000012b50000, 0x0000000014308000)
 End Bits:   [0x0000000014308000, 0x0000000015ac0000)

Polling page: 0x0000000001230000

CodeCache: size=245760Kb used=7855Kb max_used=8312Kb free=237904Kb
 bounds [0x0000000002e90000, 0x00000000036c0000, 0x0000000011e90000]
 total_blobs=3308 nmethods=2634 adapters=585
 compilation: enabled

Compilation events (10 events):
Event: 916.300 Thread 0x0000000017e5c000 nmethod 2798 0x0000000002fa7b50 code [0x0000000002fa7ca0, 0x0000000002fa7db0]
Event: 916.300 Thread 0x0000000017e5c000 2799       3       com.sun.prism.paint.Color::<init> (106 bytes)
Event: 916.301 Thread 0x0000000017e5c000 nmethod 2799 0x0000000002fb2350 code [0x0000000002fb2520, 0x0000000002fb2870]
Event: 916.301 Thread 0x0000000017e5c000 2800       3       com.sun.prism.d3d.D3DContext::updateClipRect (70 bytes)
Event: 916.302 Thread 0x0000000017e5c000 nmethod 2800 0x0000000002fd5950 code [0x0000000002fd5ae0, 0x0000000002fd5e88]
Event: 916.316 Thread 0x00000000167a5000 nmethod 2789 0x000000000307d290 code [0x000000000307d420, 0x000000000307dda8]
Event: 916.319 Thread 0x00000000167a8000 nmethod 2793 0x0000000002fb6750 code [0x0000000002fb6940, 0x0000000002fb7590]
Event: 916.335 Thread 0x0000000017e5c000 2801       3       jdk.internal.org.objectweb.asm.MethodVisitor::visitFieldInsn (20 bytes)
Event: 916.335 Thread 0x0000000017e5c000 nmethod 2801 0x00000000030b3dd0 code [0x00000000030b3f40, 0x00000000030b41a8]
Event: 916.351 Thread 0x0000000017e5c000 2802       3       java.lang.invoke.MethodHandles$Lookup::resolveOrFail (39 bytes)

GC Heap History (10 events):
Event: 3.524 GC heap before
{Heap before GC invocations=7 (full 2):
 PSYoungGen      total 53248K, used 3978K [0x00000000e0600000, 0x00000000e9e00000, 0x0000000100000000)
  eden space 49152K, 0% used [0x00000000e0600000,0x00000000e0600000,0x00000000e3600000)
  from space 4096K, 97% used [0x00000000e3600000,0x00000000e39e2940,0x00000000e3a00000)
  to   space 33280K, 0% used [0x00000000e7d80000,0x00000000e7d80000,0x00000000e9e00000)
 ParOldGen       total 117760K, used 88239K [0x00000000a1200000, 0x00000000a8500000, 0x00000000e0600000)
  object space 117760K, 74% used [0x00000000a1200000,0x00000000a682bda0,0x00000000a8500000)
 Metaspace       used 12712K, capacity 13344K, committed 13568K, reserved 1060864K
  class space    used 1774K, capacity 1928K, committed 2048K, reserved 1048576K
Event: 3.580 GC heap after
Heap after GC invocations=7 (full 2):
 PSYoungGen      total 53248K, used 0K [0x00000000e0600000, 0x00000000e9e00000, 0x0000000100000000)
  eden space 49152K, 0% used [0x00000000e0600000,0x00000000e0600000,0x00000000e3600000)
  from space 4096K, 0% used [0x00000000e3600000,0x00000000e3600000,0x00000000e3a00000)
  to   space 33280K, 0% used [0x00000000e7d80000,0x00000000e7d80000,0x00000000e9e00000)
 ParOldGen       total 180224K, used 92123K [0x00000000a1200000, 0x00000000ac200000, 0x00000000e0600000)
  object space 180224K, 51% used [0x00000000a1200000,0x00000000a6bf6d00,0x00000000ac200000)
 Metaspace       used 12712K, capacity 13344K, committed 13568K, reserved 1060864K
  class space    used 1774K, capacity 1928K, committed 2048K, reserved 1048576K
}
Event: 3.905 GC heap before
{Heap before GC invocations=8 (full 2):
 PSYoungGen      total 53248K, used 49152K [0x00000000e0600000, 0x00000000e9e00000, 0x0000000100000000)
  eden space 49152K, 100% used [0x00000000e0600000,0x00000000e3600000,0x00000000e3600000)
  from space 4096K, 0% used [0x00000000e3600000,0x00000000e3600000,0x00000000e3a00000)
  to   space 33280K, 0% used [0x00000000e7d80000,0x00000000e7d80000,0x00000000e9e00000)
 ParOldGen       total 180224K, used 92123K [0x00000000a1200000, 0x00000000ac200000, 0x00000000e0600000)
  object space 180224K, 51% used [0x00000000a1200000,0x00000000a6bf6d00,0x00000000ac200000)
 Metaspace       used 12733K, capacity 13348K, committed 13568K, reserved 1060864K
  class space    used 1774K, capacity 1928K, committed 2048K, reserved 1048576K
Event: 3.920 GC heap after
Heap after GC invocations=8 (full 2):
 PSYoungGen      total 108032K, used 33165K [0x00000000e0600000, 0x00000000e9f00000, 0x0000000100000000)
  eden space 74752K, 0% used [0x00000000e0600000,0x00000000e0600000,0x00000000e4f00000)
  from space 33280K, 99% used [0x00000000e7d80000,0x00000000e9de3520,0x00000000e9e00000)
  to   space 40960K, 0% used [0x00000000e4f00000,0x00000000e4f00000,0x00000000e7700000)
 ParOldGen       total 180224K, used 98324K [0x00000000a1200000, 0x00000000ac200000, 0x00000000e0600000)
  object space 180224K, 54% used [0x00000000a1200000,0x00000000a72052e8,0x00000000ac200000)
 Metaspace       used 12733K, capacity 13348K, committed 13568K, reserved 1060864K
  class space    used 1774K, capacity 1928K, committed 2048K, reserved 1048576K
}
Event: 4.520 GC heap before
{Heap before GC invocations=9 (full 2):
 PSYoungGen      total 108032K, used 107917K [0x00000000e0600000, 0x00000000e9f00000, 0x0000000100000000)
  eden space 74752K, 100% used [0x00000000e0600000,0x00000000e4f00000,0x00000000e4f00000)
  from space 33280K, 99% used [0x00000000e7d80000,0x00000000e9de3520,0x00000000e9e00000)
  to   space 40960K, 0% used [0x00000000e4f00000,0x00000000e4f00000,0x00000000e7700000)
 ParOldGen       total 180224K, used 98324K [0x00000000a1200000, 0x00000000ac200000, 0x00000000e0600000)
  object space 180224K, 54% used [0x00000000a1200000,0x00000000a72052e8,0x00000000ac200000)
 Metaspace       used 12829K, capacity 13442K, committed 13568K, reserved 1060864K
  class space    used 1777K, capacity 1933K, committed 2048K, reserved 1048576K
Event: 4.574 GC heap after
Heap after GC invocations=9 (full 2):
 PSYoungGen      total 115712K, used 40957K [0x00000000e0600000, 0x00000000ed700000, 0x0000000100000000)
  eden space 74752K, 0% used [0x00000000e0600000,0x00000000e0600000,0x00000000e4f00000)
  from space 40960K, 99% used [0x00000000e4f00000,0x00000000e76ff590,0x00000000e7700000)
  to   space 49664K, 0% used [0x00000000ea680000,0x00000000ea680000,0x00000000ed700000)
 ParOldGen       total 180224K, used 146302K [0x00000000a1200000, 0x00000000ac200000, 0x00000000e0600000)
  object space 180224K, 81% used [0x00000000a1200000,0x00000000aa0df9e8,0x00000000ac200000)
 Metaspace       used 12829K, capacity 13442K, committed 13568K, reserved 1060864K
  class space    used 1777K, capacity 1933K, committed 2048K, reserved 1048576K
}
Event: 4.574 GC heap before
{Heap before GC invocations=10 (full 3):
 PSYoungGen      total 115712K, used 40957K [0x00000000e0600000, 0x00000000ed700000, 0x0000000100000000)
  eden space 74752K, 0% used [0x00000000e0600000,0x00000000e0600000,0x00000000e4f00000)
  from space 40960K, 99% used [0x00000000e4f00000,0x00000000e76ff590,0x00000000e7700000)
  to   space 49664K, 0% used [0x00000000ea680000,0x00000000ea680000,0x00000000ed700000)
 ParOldGen       total 180224K, used 146302K [0x00000000a1200000, 0x00000000ac200000, 0x00000000e0600000)
  object space 180224K, 81% used [0x00000000a1200000,0x00000000aa0df9e8,0x00000000ac200000)
 Metaspace       used 12829K, capacity 13442K, committed 13568K, reserved 1060864K
  class space    used 1777K, capacity 1933K, committed 2048K, reserved 1048576K
Event: 4.686 GC heap after
Heap after GC invocations=10 (full 3):
 PSYoungGen      total 115712K, used 4186K [0x00000000e0600000, 0x00000000ed700000, 0x0000000100000000)
  eden space 74752K, 0% used [0x00000000e0600000,0x00000000e0600000,0x00000000e4f00000)
  from space 40960K, 10% used [0x00000000e4f00000,0x00000000e5316bd0,0x00000000e7700000)
  to   space 49664K, 0% used [0x00000000ea680000,0x00000000ea680000,0x00000000ed700000)
 ParOldGen       total 296448K, used 179874K [0x00000000a1200000, 0x00000000b3380000, 0x00000000e0600000)
  object space 296448K, 60% used [0x00000000a1200000,0x00000000ac1a8800,0x00000000b3380000)
 Metaspace       used 12829K, capacity 13442K, committed 13568K, reserved 1060864K
  class space    used 1777K, capacity 1933K, committed 2048K, reserved 1048576K
}
Event: 793.739 GC heap before
{Heap before GC invocations=11 (full 3):
 PSYoungGen      total 115712K, used 78938K [0x00000000e0600000, 0x00000000ed700000, 0x0000000100000000)
  eden space 74752K, 100% used [0x00000000e0600000,0x00000000e4f00000,0x00000000e4f00000)
  from space 40960K, 10% used [0x00000000e4f00000,0x00000000e5316bd0,0x00000000e7700000)
  to   space 49664K, 0% used [0x00000000ea680000,0x00000000ea680000,0x00000000ed700000)
 ParOldGen       total 296448K, used 179874K [0x00000000a1200000, 0x00000000b3380000, 0x00000000e0600000)
  object space 296448K, 60% used [0x00000000a1200000,0x00000000ac1a8800,0x00000000b3380000)
 Metaspace       used 17870K, capacity 19002K, committed 19200K, reserved 1064960K
  class space    used 2557K, capacity 2809K, committed 2816K, reserved 1048576K
Event: 793.791 GC heap after
Heap after GC invocations=11 (full 3):
 PSYoungGen      total 144896K, used 11163K [0x00000000e0600000, 0x00000000ecc00000, 0x0000000100000000)
  eden space 106496K, 0% used [0x00000000e0600000,0x00000000e0600000,0x00000000e6e00000)
  from space 38400K, 29% used [0x00000000ea680000,0x00000000eb166ee8,0x00000000ecc00000)
  to   space 48128K, 0% used [0x00000000e6e00000,0x00000000e6e00000,0x00000000e9d00000)
 ParOldGen       total 296448K, used 179882K [0x00000000a1200000, 0x00000000b3380000, 0x00000000e0600000)
  object space 296448K, 60% used [0x00000000a1200000,0x00000000ac1aa800,0x00000000b3380000)
 Metaspace       used 17870K, capacity 19002K, committed 19200K, reserved 1064960K
  class space    used 2557K, capacity 2809K, committed 2816K, reserved 1048576K
}

Deoptimization events (10 events):
Event: 83.345 Thread 0x00000000181c9800 Uncommon trap: reason=unstable_if action=reinterpret pc=0x0000000003671924 method=java.lang.StrictMath.floorOrCeil(DDDD)D @ 38
Event: 108.813 Thread 0x00000000181c9800 Uncommon trap: reason=unstable_if action=reinterpret pc=0x0000000003564e0c method=com.sun.scenario.animation.shared.InfiniteClipEnvelope.timePulse(J)V @ 245
Event: 677.699 Thread 0x00000000181c9800 Uncommon trap: reason=unstable_if action=reinterpret pc=0x0000000002fc3b44 method=com.sun.scenario.animation.shared.FiniteClipEnvelope.timePulse(J)V @ 279
Event: 916.044 Thread 0x00000000181c8800 Uncommon trap: reason=class_check action=maybe_recompile pc=0x00000000036b1618 method=com.sun.glass.ui.InvokeLaterDispatcher.run()V @ 9
Event: 916.304 Thread 0x0000000018156000 Uncommon trap: reason=unstable_if action=reinterpret pc=0x0000000003694774 method=java.util.concurrent.LinkedBlockingDeque.linkLast(Ljava/util/concurrent/LinkedBlockingDeque$Node;)Z @ 32
Event: 916.304 Thread 0x00000000181c8800 Uncommon trap: reason=unstable_if action=reinterpret pc=0x00000000036a7b98 method=java.util.concurrent.LinkedBlockingDeque.unlinkFirst()Ljava/lang/Object; @ 37
Event: 916.352 Thread 0x000000001924f800 Uncommon trap: reason=unstable_if action=reinterpret pc=0x000000000355ba88 method=java.util.concurrent.locks.ReentrantLock$NonfairSync.lock()V @ 6
Event: 916.352 Thread 0x000000001924f800 Uncommon trap: reason=unstable_if action=reinterpret pc=0x000000000368b814 method=java.util.concurrent.locks.ReentrantLock$Sync.nonfairTryAcquire(I)Z @ 10
Event: 916.352 Thread 0x000000001924f800 Uncommon trap: reason=unstable_if action=reinterpret pc=0x00000000035615c0 method=java.util.concurrent.locks.ReentrantLock$Sync.tryRelease(I)Z @ 28
Event: 916.352 Thread 0x0000000018156000 Uncommon trap: reason=unstable_if action=reinterpret pc=0x000000000368c6e8 method=java.util.concurrent.locks.AbstractQueuedSynchronizer$ConditionObject.checkInterruptWhileWaiting(Ljava/util/concurrent/locks/AbstractQueuedSynchronizer$Node;)I @ 3

Internal exceptions (10 events):
Event: 0.491 Thread 0x0000000002d92800 Exception <a 'java/security/PrivilegedActionException'> (0x00000000e0a6bde8) thrown at [C:\re\workspace\8-2-build-windows-amd64-cygwin\jdk8u102\7268\hotspot\src\share\vm\prims\jvm.cpp, line 1386]
Event: 0.504 Thread 0x0000000002d92800 Exception <a 'java/lang/NullPointerException'> (0x00000000e0a6c7f0) thrown at [C:\re\workspace\8-2-build-windows-amd64-cygwin\jdk8u102\7268\hotspot\src\share\vm\interpreter\linkResolver.cpp, line 1178]
Event: 0.564 Thread 0x0000000002d92800 Implicit null exception at 0x0000000002fb2f55 to 0x0000000002fb3121
Event: 1.352 Thread 0x00000000181c9800 Exception <a 'java/lang/NullPointerException'> (0x00000000e1641460) thrown at [C:\re\workspace\8-2-build-windows-amd64-cygwin\jdk8u102\7268\hotspot\src\share\vm\interpreter\linkResolver.cpp, line 1178]
Event: 1.352 Thread 0x00000000181c9800 Exception <a 'java/lang/NullPointerException'> (0x00000000e1641460) thrown at [C:\re\workspace\8-2-build-windows-amd64-cygwin\jdk8u102\7268\hotspot\src\share\vm\prims\jvm.cpp, line 1390]
Event: 2.782 Thread 0x00000000181c9800 Exception <a 'java/lang/UnsatisfiedLinkError': com.sun.media.jfxmediaimpl.NativeAudioClip.nacInit()Z> (0x00000000e16d3388) thrown at [C:\re\workspace\8-2-build-windows-amd64-cygwin\jdk8u102\7268\hotspot\src\share\vm\prims\nativeLookup.cpp, line 378]
Event: 2.782 Thread 0x00000000181c9800 Exception <a 'java/lang/UnsatisfiedLinkError': com.sun.media.jfxmedia.logging.Logger.nativeSetNativeLevel(I)V> (0x00000000e16d7a88) thrown at [C:\re\workspace\8-2-build-windows-amd64-cygwin\jdk8u102\7268\hotspot\src\share\vm\prims\nativeLookup.cpp, line 37z0ô	’@
Event: 2.821 Thread 0x00000000181c9800 Implicit null exception at 0x00000000030c1994 to 0x00000000030c1d59
Event: 5.125 Thread 0x00000000181c9800 Implicit null exception at 0x00000000031caf0e to 0x00000000031cc079
Event: 916.353 Thread 0x000000001924f800 Exception <a 'java/lang/IllegalStateException'> (0x00000000e0fde830) thrown at [C:\re\workspace\8-2-build-windows-amd64-cygwin\jdk8u102\7268\hotspot\src\share\vm\prims\jvm.cpp, line 1390]

Events (10 events):
Event: 916.352 Thread 0x0000000018156000 Uncommon trap: trap_request=0xffffff65 fr.pc=0x000000000368c6e8
Event: 916.352 Thread 0x000000001924f800 DEOPT PACKING pc=0x00000000035615c0 sp=0x000000002305e250
Event: 916.352 Thread 0x000000001924f800 DEOPT UNPACKING pc=0x0000000002ed582a sp=0x000000002305e1d8 mode 2
Event: 916.352 Thread 0x0000000018156000 DEOPT PACKING pc=0x000000000368c6e8 sp=0x00000000188cf1d0
Event: 916.352 Thread 0x0000000018156000 DEOPT UNPACKING pc=0x0000000002ed582a sp=0x00000000188cf130 mode 2
Event: 916.352 loading class com/sun/javafx/tk/quantum/QuantumToolkit
Event: 916.352 loading class com/sun/javafx/tk/quantum/QuantumToolkit done
Event: 916.353 loading class java/util/LinkedList$ListItr
Event: 916.353 loading class java/util/LinkedList$ListItr done
Event: 916.353 Executing VM operation: Exit


Dynamic libraries:
0x00007ff6c6490000 - 0x00007ff6c64c7000 	C:\Program Files\Java\jdk1.8.0_102\bin\java.exe
0x00007ffcbf9c0000 - 0x00007ffcbfba1000 	C:\WINDOWS\SYSTEM32\ntdll.dll
0x00007ffcbd4e0000 - 0x00007ffcbd591000 	C:\WINDOWS\System32\KERNEL32.DLL
0x00007ffcbc610000 - 0x00007ffcbc883000 	C:\WINDOWS\System32\KERNELBASE.dll
0x0000000076350000 - 0x00000000763e5000 	C:\WINDOWS\System32\SYSFER.DLL
0x00007ffcbd740000 - 0x00007ffcbd7e1000 	C:\WINDOWS\System32\ADVAPI32.dll
0x00007ffcbd660000 - 0x00007ffcbd6fe000 	C:\WINDOWS\System32\msvcrt.dll
0x00007ffcbd600000 - 0x00007ffcbd65b000 	C:\WINDOWS\System32\sechost.dll
0x00007ffcbd250000 - 0x00007ffcbd374000 	C:\WINDOWS\System32\RPCRT4.dll
0x00007ffcbd7f0000 - 0x00007ffcbd980000 	C:\WINDOWS\System32\USER32.dll
0x00007ffcbbdf0000 - 0x00007ffcbbe10000 	C:\WINDOWS\System32\win32u.dll
0x00007ffcbd700000 - 0x00007ffcbd728000 	C:\WINDOWS\System32\GDI32.dll
0x00007ffcbccb0000 - 0x00007ffcbce42000 	C:\WINDOWS\System32\gdi32full.dll
0x00007ffcbc520000 - 0x00007ffcbc5bf000 	C:\WINDOWS\System32\msvcp_win.dll
0x00007ffcbc940000 - 0x00007ffcbca38000 	C:\WINDOWS\System32\ucrtbase.dll
0x00007ffcafdb0000 - 0x00007ffcb0019000 	C:\WINDOWS\WinSxS\amd64_microsoft.windows.common-controls_6595b64144ccf1df_6.0.17134.706_none_fb43a2cb30647007\COMCTL32.dll
0x00007ffcbf660000 - 0x00007ffcbf982000 	C:\WINDOWS\System32\combase.dll
0x00007ffcbcc30000 - 0x00007ffcbccaa000 	C:\WINDOWS\System32\bcryptPrimitives.dll
0x00007ffcbda00000 - 0x00007ffcbda2d000 	C:\WINDOWS\System32\IMM32.DLL
0x0000000074bf0000 - 0x0000000074cc1000 	C:\Program Files\Java\jdk1.8.0_102\jre\bin\msvcr100.dll
0x0000000072fc0000 - 0x000000007385a000 	C:\Program Files\Java\jdk1.8.0_102\jre\bin\server\jvm.dll
0x00007ffcbd730000 - 0x00007ffcbd738000 	C:\WINDOWS\System32\PSAPI.DLL
0x00007ffcbabf0000 - 0x00007ffcbabf9000 	C:\WINDOWS\SYSTEM32\WSOCK32.dll
0x00007ffcbf5d0000 - 0x00007ffcbf63c000 	C:\WINDOWS\System32\WS2_32.dll
0x00007ffcb9bd0000 - 0x00007ffcb9bf3000 	C:\WINDOWS\SYSTEM32\WINMM.dll
0x00007ffcad380000 - 0x00007ffcad38a000 	C:\WINDOWS\SYSTEM32\VERSION.dll
0x00007ffcb9ba0000 - 0x00007ffcb9bca000 	C:\WINDOWS\SYSTEM32\WINMMBASE.dll
0x00007ffcbc5c0000 - 0x00007ffcbc609000 	C:\WINDOWS\System32\cfgmgr32.dll
0x0000000074be0000 - 0x0000000074bef000 	C:\Program Files\Java\jdk1.8.0_102\jre\bin\verify.dll
0x0000000074bb0000 - 0x0000000074bd9000 	C:\Program Files\Java\jdk1.8.0_102\jre\bin\java.dll
0x0000000074d70000 - 0x0000000074d93000 	C:\Program Files\Java\jdk1.8.0_102\jre\bin\instrument.dll
0x0000000074740000 - 0x0000000074756000 	C:\Program Files\Java\jdk1.8.0_102\jre\bin\zip.dll
0x00007ffcbda30000 - 0x00007ffcbee70000 	C:\WINDOWS\System32\SHELL32.dll
0x00007ffcbd1a0000 - 0x00007ffcbd249000 	C:\WINDOWS\System32\shcore.dll
0x00007ffcbbe10000 - 0x00007ffcbc51d000 	C:\WINDOWS\System32\windows.storage.dll
0x00007ffcbce50000 - 0x00007ffcbcea1000 	C:\WINDOWS\System32\shlwapi.dll
0x00007ffcbbd70000 - 0x00007ffcbbd81000 	C:\WINDOWS\System32\kernel.appcore.dll
0x00007ffcbbd30000 - 0x00007ffcbbd4f000 	C:\WINDOWS\System32\profapi.dll
0x00007ffcbbcd0000 - 0x00007ffcbbd1c000 	C:\WINDOWS\System32\powrprof.dll
0x00007ffcbbd20000 - 0x00007ffcbbd2a000 	C:\WINDOWS\System32\FLTLIB.DLL
0x00007ffcac3b0000 - 0x00007ffcac3ca000 	C:\Program Files\JetBrains\IntelliJ IDEA Community Edition 2018.3.4\bin\breakgen64.dll
0x0000000074720000 - 0x000000007473a000 	C:\Program Files\Java\jdk1.8.0_102\jre\bin\net.dll
0x00007ffcbb550000 - 0x00007ffcbb5b6000 	C:\WINDOWS\system32\mswsock.dll
0x00007ffca4f40000 - 0x00007ffca502f000 	C:\Program Files\Java\jdk1.8.0_102\jre\bin\msvcr120.dll
0x00007ffcabb80000 - 0x00007ffcabc26000 	C:\Program Files\Java\jdk1.8.0_102\jre\bin\msvcp120.dll
0x0000000074d40000 - 0x0000000074d62000 	C:\Program Files\Java\jdk1.8.0_102\jre\bin\prism_d3d.dll
0x00007ffc80050000 - 0x00007ffc801e7000 	C:\WINDOWS\system32\d3d9.dll
0x00007ffcba0c0000 - 0x00007ffcba0e9000 	C:\WINDOWS\SYSTEM32\dwmapi.dll
0x00007ffcb9f40000 - 0x00007ffcb9fd8000 	C:\WINDOWS\system32\uxtheme.dll
0x00007ffc4c440000 - 0x00007ffc4e97d000 	C:\WINDOWS\SYSTEM32\igdumdim64.dll
0x00007ffcbcf50000 - 0x00007ffcbd012000 	C:\WINDOWS\System32\OLEAUT32.dll
0x00007ffcbd380000 - 0x00007ffcbd4d1000 	C:\WINDOWS\System32\ole32.dll
0x00007ffcbefe0000 - 0x00007ffcbf42b000 	C:\WINDOWS\System32\SETUPAPI.dll
0x0000000074cf0000 - 0x0000000074d33000 	C:\Program Files\Java\jdk1.8.0_102\jre\bin\glass.dll
0x00007ffcbee80000 - 0x00007ffcbef6d000 	C:\WINDOWS\System32\COMDLG32.dll
0x00007ffcbd020000 - 0x00007ffcbd193000 	C:\WINDOWS\System32\MSCTF.dll
0x00007ffcb3230000 - 0x00007ffcb3c6f000 	C:\WINDOWS\SYSTEM32\igdusc64.dll
0x0000000074e40000 - 0x0000000074e54000 	C:\Program Files\Java\jdk1.8.0_102\jre\bin\javafx_font.dll
0x00007ffcb0a00000 - 0x00007ffcb0d1c000 	C:\WINDOWS\SYSTEM32\dwrite.dll
0x0000000074a80000 - 0x0000000074aa3000 	C:\Program Files\Java\jdk1.8.0_102\jre\bin\javafx_iio.dll
0x0000000074a00000 - 0x0000000074a73000 	C:\Program Files\Java\jdk1.8.0_102\jre\bin\glib-lite.dll
0x0000000074960000 - 0x00000000749fc000 	C:\Program Files\Java\jdk1.8.0_102\jre\bin\gstreamer-lite.dll
0x00007ffca5070000 - 0x00007ffca50ff000 	C:\WINDOWS\SYSTEM32\DSOUND.dll
0x0000000074930000 - 0x0000000074955000 	C:\Program Files\Java\jdk1.8.0_102\jre\bin\jfxmedia.dll
0x00007ffcbceb0000 - 0x00007ffcbcf50000 	C:\WINDOWS\System32\clbcatq.dll
0x00007ffcb61d0000 - 0x00007ffcb637e000 	C:\WINDOWS\SYSTEM32\WindowsCodecs.dll
0x00007ffc8c8f0000 - 0x00007ffc8c948000 	C:\WINDOWS\system32\dataexchange.dll
0x00007ffcb8bb0000 - 0x00007ffcb8ebb000 	C:\WINDOWS\system32\d3d11.dll
0x00007ffcb9630000 - 0x00007ffcb97cc000 	C:\WINDOWS\system32\dcomp.dll
0x00007ffcba6f0000 - 0x00007ffcba7ab000 	C:\WINDOWS\system32\dxgi.dll
0x00007ffcba250000 - 0x00007ffcba408000 	C:\WINDOWS\system32\twinapi.appcore.dll
0x00007ffcba1a0000 - 0x00007ffcba1c9000 	C:\WINDOWS\system32\RMCLIENT.dll
0x00007ffcac2e0000 - 0x00007ffcac314000 	C:\Program Files\Common Files\Microsoft Shared\Ink\rtscom.dll
0x0000000074cd0000 - 0x0000000074ce1000 	C:\Program Files\Java\jdk1.8.0_102\jre\bin\prism_common.dll
0x00007ffcb8520000 - 0x00007ffcb8ae7000 	C:\WINDOWS\SYSTEM32\d2d1.dll
0x00007ffc6b190000 - 0x00007ffc6b90e000 	C:\WINDOWS\SYSTEM32\D3D10Warp.dll
0x00007ffcb4da0000 - 0x00007ffcb4e36000 	C:\WINDOWS\System32\TextInputFramework.dll
0x00007ffcb5d40000 - 0x00007ffcb605e000 	C:\WINDOWS\System32\CoreUIComponents.dll
0x00007ffcb97d0000 - 0x00007ffcb98aa000 	C:\WINDOWS\System32\CoreMessaging.dll
0x00007ffcbadc0000 - 0x00007ffcbadf1000 	C:\WINDOWS\SYSTEM32\ntmarta.dll
0x00007ffcb7540000 - 0x00007ffcb768d000 	C:\WINDOWS\SYSTEM32\wintypes.dll
0x00007ffcbaa00000 - 0x00007ffcbabc9000 	C:\WINDOWS\SYSTEM32\dbghelp.dll

VM Arguments:
jvm_args: -javaagent:C:\Program Files\JetBrains\IntelliJ IDEA Community Edition 2018.3.4\lib\idea_rt.jar=59736:C:\Program Files\JetBrains\IntelliJ IDEA Community Edition 2018.3.4\bin -Dfile.encoding=UTF-8 
java_command: ClientFX
java_class_path (initial): C:\Program Files\Java\jdk1.8.0_102\jre\lib\charsets.jar;C:\Program Files\Java\jdk1.8.0_102\jre\lib\deploy.jar;C:\Program Files\Java\jdk1.8.0_102\jre\lib\ext\access-bridge-64.jar;C:\Program Files\Java\jdk1.8.0_102\jre\lib\ext\cldrdata.jar;C:\Program Files\Java\jdk1.8.0_102\jre\lib\ext\dnsns.jar;C:\Program Files\Java\jdk1.8.0_102\jre\lib\ext\jaccess.jar;C:\Program Files\Java\jdk1.8.0_102\jre\lib\ext\jfxrt.jar;C:\Program Files\Java\jdk1.8.0_102\jre\lib\ext\localedata.jar;C:\Program Files\Java\jdk1.8.0_102\jre\lib\ext\nashorn.jar;C:\Program Files\Java\jdk1.8.0_102\jre\lib\ext\sunec.jar;C:\Program Files\Java\jdk1.8.0_102\jre\lib\ext\sunjce_provider.jar;C:\Program Files\Java\jdk1.8.0_102\jre\lib\ext\sunmscapi.jar;C:\Program Files\Java\jdk1.8.0_102\jre\lib\ext\sunpkcs11.jar;C:\Program Files\Java\jdk1.8.0_102\jre\lib\ext\zipfs.jar;C:\Program Files\Java\jdk1.8.0_102\jre\lib\javaws.jar;C:\Program Files\Java\jdk1.8.0_102\jre\lib\jce.jar;C:\Program Files\Java\jdk1.8.0_102\jre\lib\jfr.jar;C:\Program Files\Java\jdk1.8.0_102\jre\lib\jfxswt.jar;C:\Program Files\Java\jdk1.8.0_102\jre\lib\jsse.jar;C:\Program Files\Java\jdk1.8.0_102\jre\lib\management-agent.jar;C:\Program Files\Java\jdk1.8.0_102\jre\lib\plugin.jar;C:\Program Files\Java\jdk1.8.0_102\jre\lib\resources.jar;C:\Program Files\Java\jdk1.8.0_102\jre\lib\rt.jar;C:\Users\Don\Documents\GitHub\Project5\Client\out\production\Client;C:\Program Files\JetBrains\IntelliJ IDEA Community Edition 2018.3.4\lib\idea_rt.jar
Launcher Type: SUN_STANDARD

Environment Variables:
JAVA_HOME=C:\Program Files\Java\jdk1.8.0_172
CLASSPATH=.;
PATH=C:\Python27\;C:\Python27\Scripts;C:\Program Files (x86)\Common Files\Oracle\Java\javapath;C:\ProgramData\Oracle\Java\javapath;C:\Program Files (x86)\Intel\iCLS Client\;C:\Program Files\Intel\iCLS Client\;C:\WINDOWS\system32;C:\WINDOWS;C:\WINDOWS\System32\Wbem;C:\WINDOWS\System32\WindowsPowerShell\v1.0\;C:\Program Files\Hewlett-Packard\SimplePass\;C:\Program Files (x86)\Windows Live\Shared;C:\Program Files\Novell\iPrint;C:\WINDOWS\System32\OpenSSH\;C:\ProgramData\chocolatey\bin;C:\Program Files\Java\jdk1.8.0_172\bin;C:\TDM-GCC-64\bin;C:\Program Files\PuTTY\;C:\Program Files\Intel\Intel(R) Management Engine Components\DAL;C:\Program Files\Intel\Intel(R) Management Engine Components\IPT;C:\Program Files\dotnet\;C:\Program Files\Git\cmd;C:\Program Files\nodejs\;C:\Users\Don\AppData\Local\Microsoft\WindowsApps;C:\Users\Don\AndroidAppData\platform-tools;C:\Users\Don\AppData\Local\Programs\Microsoft VS Code\bin;C:\Users\Don\.dotnet\tools;C:\Program Files (x86)\Java\jdk1.8.0_102\bin;;C:\Users\Don\AppData\Local\Programs\Azure Data Studio\bin;C:\Users\Don\AppData\Roaming\npm
USERNAME=Don
OS=Windows_NT
PROCESSOR_IDENTIFIER=Intel64 Family 6 Model 61 Stepping 4, GenuineIntel



---------------  S Y S T E M  ---------------

OS: Windows 10.0 , 64 bit Build 17134 (10.0.17134.706)

CPU:total 4 (2 cores per cpu, 2 threads per core) family 6 model 61 stepping 4, cmov, cx8, fxsr, mmx, sse, sse2, sse3, ssse3, sse4.1, sse4.2, popcnt, avx, avx2, aes, clmul, erms, 3dnowpref, lzcnt, ht, tsc, tscinvbit, bmi1, bmi2, adx

Memory: 4k page, physical 6211852k(1421132k free), swap 13959304k(4284680k free)

vm_info: Java HotSpot(TM) 64-Bit Server VM (25.102-b14) for windows-amd64 JRE (1.8.0_102-b14), built on Jun 22 2016 13:15:21 by "java_re" with MS VC++ 10.0 (VS2010)

time: Sun May 05 01:22:25 2019
elapsed time: 916 seconds (0d 0h 15m 16s)

