#
# A fatal error has been detected by the Java Runtime Environment:
#
#  EXCEPTION_ACCESS_VIOLATION (0xc0000005) at pc=0x000000006161584a, pid=4512, tid=0x000000000000051c
#
# JRE version: Java(TM) SE Runtime Environment (8.0_102-b14) (build 1.8.0_102-b14)
# Java VM: Java HotSpot(TM) 64-Bit Server VM (25.102-b14 mixed mode windows-amd64 compressed oops)
# Problematic frame:
# C  [glass.dll+0x2584a]
#
# Failed to write core dump. Minidumps are not enabled by default on client versions of Windows
#
# If you would like to submit a bug report, please visit:
#   http://bugreport.java.com/bugreport/crash.jsp
#

---------------  T H R E A D  ---------------

Current thread (0x0000000016157800):  VMThread [stack: 0x0000000017200000,0x0000000017300000] [id=1308]

siginfo: ExceptionCode=0xc0000005, reading address 0x0000000000000000

Registers:
RAX=0x0000000000000000, RBX=0x0000000018447358, RCX=0x0000000016157800, RDX=0x0000000018447358
RSP=0x00000000172fee20, RBP=0x00000000006f1fb0, RSI=0x0000000000000001, RDI=0x0000000000000000
R8 =0x0000000000010002, R9 =0x00000000006f1fb0, R10=0x0000000000000000, R11=0x0000000000000246
R12=0x00000000006f1fe0, R13=0x00000000006f1fb0, R14=0x00000000006f1fc0, R15=0x0000000000000000
RIP=0x000000006161584a, EFLAGS=0x0000000000010206

Top of Stack: (sp=0x00000000172fee20)
0x00000000172fee20:   0000000000000000 0000000061615900
0x00000000172fee30:   0000000000000000 00000000616291b0
0x00000000172fee40:   0000000061615830 0000000061613224
0x00000000172fee50:   0000000061615a60 00007ffdf9ceeeeb
0x00000000172fee60:   0000000000000000 00007ffd982bc2c4
0x00000000172fee70:   0000000000000001 00000000615f0000
0x00000000172fee80:   00000000025b1638 00000000616134a6
0x00000000172fee90:   0000000000000001 00000000028644b0
0x00000000172feea0:   0000000000000000 0000000061613384
0x00000000172feeb0:   c000000500000001 00000000172fdf90
0x00000000172feec0:   00000000615f0000 00007ffdcbb9b583
0x00000000172feed0:   000000007ffe0385 0000000000000000
0x00000000172feee0:   000000007ffe0384 000000007ffe0385
0x00000000172feef0:   000000000000000f 00007ffdcbba813a
0x00000000172fef00:   0000a458bdc05100 00000000006b40d0
0x00000000172fef10:   0000000000000000 0000000000000000 

Instructions: (pc=0x000000006161584a)
0x000000006161582a:   83 c4 20 5d c3 cc 40 53 48 83 ec 20 48 8b 1d cb
0x000000006161583a:   5b 01 00 48 85 db 74 1a e8 19 93 ff ff 48 8b d3
0x000000006161584a:   4c 8b 00 48 8b c8 48 83 c4 20 5b 49 ff a0 b0 00
0x000000006161585a:   00 00 48 83 c4 20 5b c3 cc cc cc cc cc cc cc cc 


Register to memory mapping:

RAX=0x0000000000000000 is an unknown value
RBX=0x0000000018447358 is a global jni handle
RCX=0x0000000016157800 is an unknown value
RDX=0x0000000018447358 is a global jni handle
RSP=0x00000000172fee20 is an unknown value
RBP=0x00000000006f1fb0 is an unknown value
RSI=0x0000000000000001 is an unknown value
RDI=0x0000000000000000 is an unknown value
R8 =0x0000000000010002 is an unknown value
R9 =0x00000000006f1fb0 is an unknown value
R10=0x0000000000000000 is an unknown value
R11=0x0000000000000246 is an unknown value
R12=0x00000000006f1fe0 is an unknown value
R13=0x00000000006f1fb0 is an unknown value
R14=0x00000000006f1fc0 is an unknown value
R15=0x0000000000000000 is an unknown value


Stack: [0x0000000017200000,0x0000000017300000],  sp=0x00000000172fee20,  free space=1019k
Native frames: (J=compiled Java code, j=interpreted, Vv=VM code, C=native code)
C  [glass.dll+0x2584a]
C  [glass.dll+0x23224]
C  [glass.dll+0x234a6]
C  [ntdll.dll+0x3b583]
C  [ntdll.dll+0x47f85]
C  [ntdll.dll+0x47e48]
C  [KERNEL32.DLL+0x1ca7a]
C  [msvcr100.dll+0x20cb9]
V  [jvm.dll+0x212a05]
V  [jvm.dll+0x24b647]
V  [jvm.dll+0x24a8e6]
V  [jvm.dll+0x24ad81]
V  [jvm.dll+0x24af9e]
V  [jvm.dll+0x29c03a]
C  [msvcr100.dll+0x21d7b]
C  [msvcr100.dll+0x21e17]
C  [KERNEL32.DLL+0x14034]
C  [ntdll.dll+0x73691]

VM_Operation (0x0000000018cbb010): Exit, mode: safepoint, requested by thread 0x0000000018118800


---------------  P R O C E S S  ---------------

Java Threads: ( => current thread )
  0x0000000018494800 JavaThread "Thread-6" [_thread_blocked, id=15192, stack(0x0000000021d70000,0x0000000021e70000)]
  0x00000000184ba800 JavaThread "Media Resource Disposer" daemon [_thread_blocked, id=17964, stack(0x000000001ee00000,0x000000001ef00000)]
  0x00000000181be000 JavaThread "Prism Font Disposer" daemon [_thread_blocked, id=10460, stack(0x000000001e8a0000,0x000000001e9a0000)]
  0x0000000018200800 JavaThread "JavaFX-Launcher" [_thread_blocked, id=17644, stack(0x000000001d6a0000,0x000000001d7a0000)]
  0x0000000018202800 JavaThread "Thread-2" daemon [_thread_in_native, id=9548, stack(0x000000001d5a0000,0x000000001d6a0000)]
  0x0000000018118800 JavaThread "JavaFX Application Thread" [_thread_blocked, id=11444, stack(0x0000000018bc0000,0x0000000018cc0000)]
  0x0000000018118000 JavaThread "Thread-1" daemon [_thread_blocked, id=17504, stack(0x0000000018ac0000,0x0000000018bc0000)]
  0x0000000017af6800 JavaThread "QuantumRenderer-0" daemon [_thread_blocked, id=2916, stack(0x0000000018900000,0x0000000018a00000)]
  0x00000000177a0000 JavaThread "Service Thread" daemon [_thread_blocked, id=5464, stack(0x0000000017f00000,0x0000000018000000)]
  0x0000000017794000 JavaThread "C1 CompilerThread2" daemon [_thread_blocked, id=12468, stack(0x0000000017e00000,0x0000000017f00000)]
  0x00000000161e4800 JavaThread "C2 CompilerThread1" daemon [_thread_blocked, id=15172, stack(0x0000000017d00000,0x0000000017e00000)]
  0x00000000161e3800 JavaThread "C2 CompilerThread0" daemon [_thread_blocked, id=15424, stack(0x0000000017c00000,0x0000000017d00000)]
  0x0000000017742800 JavaThread "Monitor Ctrl-Break" daemon [_thread_in_native, id=528, stack(0x0000000017b00000,0x0000000017c00000)]
  0x000000001618f800 JavaThread "Attach Listener" daemon [_thread_blocked, id=14084, stack(0x0000000017600000,0x0000000017700000)]
  0x000000001618e800 JavaThread "Signal Dispatcher" daemon [_thread_blocked, id=11136, stack(0x0000000017500000,0x0000000017600000)]
  0x0000000016179000 JavaThread "Finalizer" daemon [_thread_blocked, id=18216, stack(0x0000000017400000,0x0000000017500000)]
  0x00000000028b4000 JavaThread "Reference Handler" daemon [_thread_blocked, id=16188, stack(0x0000000017300000,0x0000000017400000)]
  0x00000000027c2800 JavaThread "main" [_thread_blocked, id=18092, stack(0x0000000002420000,0x0000000002520000)]

Other Threads:
=>0x0000000016157800 VMThread [stack: 0x0000000017200000,0x0000000017300000] [id=1308]

VM state:at safepoint (shutting down)

VM Mutex/Monitor currently owned by a thread:  ([mutex/lock_event])
[0x00000000025be450] Threads_lock - owner thread: 0x0000000016157800

Heap:
 PSYoungGen      total 102400K, used 82563K [0x00000000e0600000, 0x00000000f0f00000, 0x0000000100000000)
  eden space 98304K, 83% used [0x00000000e0600000,0x00000000e56a0e10,0x00000000e6600000)
  from space 4096K, 0% used [0x00000000e6600000,0x00000000e6600000,0x00000000e6a00000)
  to   space 75776K, 0% used [0x00000000ec500000,0x00000000ec500000,0x00000000f0f00000)
 ParOldGen       total 306176K, used 158020K [0x00000000a1200000, 0x00000000b3d00000, 0x00000000e0600000)
  object space 306176K, 51% used [0x00000000a1200000,0x00000000aac512f8,0x00000000b3d00000)
 Metaspace       used 18198K, capacity 19430K, committed 19584K, reserved 1067008K
  class space    used 2576K, capacity 2855K, committed 2944K, reserved 1048576K

Card table byte_map: [0x0000000011c80000,0x0000000011f80000] byte_map_base: 0x0000000011777000

Marking Bits: (ParMarkBitMap*) 0x0000000061f6a6c0
 Begin Bits: [0x0000000012580000, 0x0000000013d38000)
 End Bits:   [0x0000000013d38000, 0x00000000154f0000)

Polling page: 0x00000000001f0000

CodeCache: size=245760Kb used=8453Kb max_used=8458Kb free=237306Kb
 bounds [0x00000000028c0000, 0x0000000003120000, 0x00000000118c0000]
 total_blobs=3460 nmethods=2773 adapters=598
 compilation: enabled

Compilation events (10 events):
Event: 88.227 Thread 0x0000000017794000 3062       3       com.sun.javafx.css.parser.LadderConverter::convert (71 bytes)
Event: 88.229 Thread 0x0000000017794000 nmethod 3062 0x0000000002db0790 code [0x0000000002db09c0, 0x0000000002db16e8]
Event: 88.229 Thread 0x0000000017794000 3061       3       com.sun.javafx.css.parser.LadderConverter::convert (7 bytes)
Event: 88.229 Thread 0x0000000017794000 nmethod 3061 0x0000000002e55150 code [0x0000000002e552c0, 0x0000000002e554c8]
Event: 88.229 Thread 0x0000000017794000 3063       3       javafx.scene.layout.VBox::isFillWidth (19 bytes)
Event: 88.230 Thread 0x0000000017794000 nmethod 3063 0x0000000002fe4490 code [0x0000000002fe4600, 0x0000000002fe49c8]
Event: 88.286 Thread 0x0000000017794000 3064       3       com.sun.javafx.util.Logging::getInputLogger (18 bytes)
Event: 88.286 Thread 0x0000000017794000 nmethod 3064 0x0000000002f6c2d0 code [0x0000000002f6c440, 0x0000000002f6c628]
Event: 88.287 Thread 0x0000000017794000 3065       3       javafx.scene.Node::pseudoClassStateChanged (59 bytes)
Event: 88.288 Thread 0x0000000017794000 nmethod 3065 0x0000000002dafd50 code [0x0000000002daff00, 0x0000000002db0538]

GC Heap History (10 events):
Event: 2.977 GC heap before
{Heap before GC invocations=4 (full 1):
 PSYoungGen      total 53248K, used 4089K [0x00000000e0600000, 0x00000000e6e00000, 0x0000000100000000)
  eden space 49152K, 0% used [0x00000000e0600000,0x00000000e0600000,0x00000000e3600000)
  from space 4096K, 99% used [0x00000000e3600000,0x00000000e39fe5c0,0x00000000e3a00000)
  to   space 4096K, 0% used [0x00000000e6a00000,0x00000000e6a00000,0x00000000e6e00000)
 ParOldGen       total 65536K, used 50863K [0x00000000a1200000, 0x00000000a5200000, 0x00000000e0600000)
  object space 65536K, 77% used [0x00000000a1200000,0x00000000a43abc68,0x00000000a5200000)
 Metaspace       used 12653K, capacity 13252K, committed 13440K, reserved 1060864K
  class space    used 1766K, capacity 1917K, committed 1920K, reserved 1048576K
Event: 3.031 GC heap after
Heap after GC invocations=4 (full 1):
 PSYoungGen      total 53248K, used 0K [0x00000000e0600000, 0x00000000e6e00000, 0x0000000100000000)
  eden space 49152K, 0% used [0x00000000e0600000,0x00000000e0600000,0x00000000e3600000)
  from space 4096K, 0% used [0x00000000e3600000,0x00000000e3600000,0x00000000e3a00000)
  to   space 4096K, 0% used [0x00000000e6a00000,0x00000000e6a00000,0x00000000e6e00000)
 ParOldGen       total 131584K, used 54862K [0x00000000a1200000, 0x00000000a9280000, 0x00000000e0600000)
  object space 131584K, 41% used [0x00000000a1200000,0x00000000a4793a70,0x00000000a9280000)
 Metaspace       used 12653K, capacity 13252K, committed 13440K, reserved 1060864K
  class space    used 1766K, capacity 1917K, committed 1920K, reserved 1048576K
}
Event: 3.233 GC heap before
{Heap before GC invocations=5 (full 1):
 PSYoungGen      total 53248K, used 47555K [0x00000000e0600000, 0x00000000e6e00000, 0x0000000100000000)
  eden space 49152K, 96% used [0x00000000e0600000,0x00000000e3470dc8,0x00000000e3600000)
  from space 4096K, 0% used [0x00000000e3600000,0x00000000e3600000,0x00000000e3a00000)
  to   space 4096K, 0% used [0x00000000e6a00000,0x00000000e6a00000,0x00000000e6e00000)
 ParOldGen       total 131584K, used 54862K [0x00000000a1200000, 0x00000000a9280000, 0x00000000e0600000)
  object space 131584K, 41% used [0x00000000a1200000,0x00000000a4793a70,0x00000000a9280000)
 Metaspace       used 12705K, capacity 13344K, committed 13568K, reserved 1060864K
  class space    used 1774K, capacity 1928K, committed 2048K, reserved 1048576K
Event: 3.269 GC heap after
Heap after GC invocations=5 (full 1):
 PSYoungGen      total 90112K, used 3985K [0x00000000e0600000, 0x00000000e6e00000, 0x0000000100000000)
  eden space 86016K, 0% used [0x00000000e0600000,0x00000000e0600000,0x00000000e5a00000)
  from space 4096K, 97% used [0x00000000e6a00000,0x00000000e6de45d0,0x00000000e6e00000)
  to   space 4096K, 0% used [0x00000000e6600000,0x00000000e6600000,0x00000000e6a00000)
 ParOldGen       total 131584K, used 88220K [0x00000000a1200000, 0x00000000a9280000, 0x00000000e0600000)
  object space 131584K, 67% used [0x00000000a1200000,0x00000000a6827250,0x00000000a9280000)
 Metaspace       used 12705K, capacity 13344K, committed 13568K, reserved 1060864K
  class space    used 1774K, capacity 1928K, committed 2048K, reserved 1048576K
}
Event: 3.269 GC heap before
{Heap before GC invocations=6 (full 2):
 PSYoungGen      total 90112K, used 3985K [0x00000000e0600000, 0x00000000e6e00000, 0x0000000100000000)
  eden space 86016K, 0% used [0x00000000e0600000,0x00000000e0600000,0x00000000e5a00000)
  from space 4096K, 97% used [0x00000000e6a00000,0x00000000e6de45d0,0x00000000e6e00000)
  to   space 4096K, 0% used [0x00000000e6600000,0x00000000e6600000,0x00000000e6a00000)
 ParOldGen       total 131584K, used 88220K [0x00000000a1200000, 0x00000000a9280000, 0x00000000e0600000)
  object space 131584K, 67% used [0x00000000a1200000,0x00000000a6827250,0x00000000a9280000)
 Metaspace       used 12705K, capacity 13344K, committed 13568K, reserved 1060864K
  class space    used 1774K, capacity 1928K, committed 2048K, reserved 1048576K
Event: 3.311 GC heap after
Heap after GC invocations=6 (full 2):
 PSYoungGen      total 90112K, used 0K [0x00000000e0600000, 0x00000000e6e00000, 0x0000000100000000)
  eden space 86016K, 0% used [0x00000000e0600000,0x00000000e0600000,0x00000000e5a00000)
  from space 4096K, 0% used [0x00000000e6a00000,0x00000000e6a00000,0x00000000e6e00000)
  to   space 4096K, 0% used [0x00000000e6600000,0x00000000e6600000,0x00000000e6a00000)
 ParOldGen       total 196608K, used 92124K [0x00000000a1200000, 0x00000000ad200000, 0x00000000e0600000)
  object space 196608K, 46% used [0x00000000a1200000,0x00000000a6bf73a0,0x00000000ad200000)
 Metaspace       used 12705K, capacity 13344K, committed 13568K, reserved 1060864K
  class space    used 1774K, capacity 1928K, committed 2048K, reserved 1048576K
}
Event: 4.344 GC heap before
{Heap before GC invocations=7 (full 2):
 PSYoungGen      total 90112K, used 86016K [0x00000000e0600000, 0x00000000e6e00000, 0x0000000100000000)
  eden space 86016K, 100% used [0x00000000e0600000,0x00000000e5a00000,0x00000000e5a00000)
  from space 4096K, 0% used [0x00000000e6a00000,0x00000000e6a00000,0x00000000e6e00000)
  to   space 4096K, 0% used [0x00000000e6600000,0x00000000e6600000,0x00000000e6a00000)
 ParOldGen       total 196608K, used 92124K [0x00000000a1200000, 0x00000000ad200000, 0x00000000e0600000)
  object space 196608K, 46% used [0x00000000a1200000,0x00000000a6bf73a0,0x00000000ad200000)
 Metaspace       used 12758K, capacity 13360K, committed 13568K, reserved 1060864K
  class space    used 1775K, capacity 1930K, committed 2048K, reserved 1048576K
Event: 4.404 GC heap after
Heap after GC invocations=7 (full 2):
 PSYoungGen      total 102400K, used 4072K [0x00000000e0600000, 0x00000000f0f00000, 0x0000000100000000)
  eden space 98304K, 0% used [0x00000000e0600000,0x00000000e0600000,0x00000000e6600000)
  from space 4096K, 99% used [0x00000000e6600000,0x00000000e69fa058,0x00000000e6a00000)
  to   space 75776K, 0% used [0x00000000ec500000,0x00000000ec500000,0x00000000f0f00000)
 ParOldGen       total 196608K, used 157082K [0x00000000a1200000, 0x00000000ad200000, 0x00000000e0600000)
  object space 196608K, 79% used [0x00000000a1200000,0x00000000aab66808,0x00000000ad200000)
 Metaspace       used 12758K, capacity 13360K, committed 13568K, reserved 1060864K
  class space    used 1775K, capacity 1930K, committed 2048K, reserved 1048576K
}
Event: 4.405 GC heap before
{Heap before GC invocations=8 (full 3):
 PSYoungGen      total 102400K, used 4072K [0x00000000e0600000, 0x00000000f0f00000, 0x0000000100000000)
  eden space 98304K, 0% used [0x00000000e0600000,0x00000000e0600000,0x00000000e6600000)
  from space 4096K, 99% used [0x00000000e6600000,0x00000000e69fa058,0x00000000e6a00000)
  to   space 75776K, 0% used [0x00000000ec500000,0x00000000ec500000,0x00000000f0f00000)
 ParOldGen       total 196608K, used 157082K [0x00000000a1200000, 0x00000000ad200000, 0x00000000e0600000)
  object space 196608K, 79% used [0x00000000a1200000,0x00000000aab66808,0x00000000ad200000)
 Metaspace       used 12758K, capacity 13360K, committed 13568K, reserved 1060864K
  class space    used 1775K, capacity 1930K, committed 2048K, reserved 1048576K
Event: 4.457 GC heap after
Heap after GC invocations=8 (full 3):
 PSYoungGen      total 102400K, used 0K [0x00000000e0600000, 0x00000000f0f00000, 0x0000000100000000)
  eden space 98304K, 0% used [0x00000000e0600000,0x00000000e0600000,0x00000000e6600000)
  from space 4096K, 0% used [0x00000000e6600000,0x00000000e6600000,0x00000000e6a00000)
  to   space 75776K, 0% used [0x00000000ec500000,0x00000000ec500000,0x00000000f0f00000)
 ParOldGen       total 306176K, used 158020K [0x00000000a1200000, 0x00000000b3d00000, 0x00000000e0600000)
  object space 306176K, 51% used [0x00000000a1200000,0x00000000aac512f8,0x00000000b3d00000)
 Metaspace       used 12758K, capacity 13360K, committed 13568K, reserved 1060864K
  class space    used 1775K, capacity 1930K, committed 2048K, reserved 1048576K
}

Deoptimization events (10 events):
Event: 27.063 Thread 0x0000000017af6800 Uncommon trap: reason=unstable_if action=reinterpret pc=0x0000000002fc1930 method=java.lang.Math.round(F)I @ 36
Event: 27.063 Thread 0x0000000017af6800 Uncommon trap: reason=unstable_if action=reinterpret pc=0x0000000002fe4950 method=java.lang.Math.round(F)I @ 36
Event: 27.064 Thread 0x0000000017af6800 Uncommon trap: reason=unstable_if action=reinterpret pc=0x0000000002fcbe10 method=java.lang.Math.round(F)I @ 36
Event: 27.100 Thread 0x0000000017af6800 Uncommon trap: reason=class_check action=maybe_recompile pc=0x0000000002fc78dc method=sun.reflect.DelegatingMethodAccessorImpl.invoke(Ljava/lang/Object;[Ljava/lang/Object;)Ljava/lang/Object; @ 6
Event: 27.101 Thread 0x0000000017af6800 Uncommon trap: reason=class_check action=maybe_recompile pc=0x0000000002fc78dc method=sun.reflect.DelegatingMethodAccessorImpl.invoke(Ljava/lang/Object;[Ljava/lang/Object;)Ljava/lang/Object; @ 6
Event: 27.106 Thread 0x0000000017af6800 Uncommon trap: reason=class_check action=maybe_recompile pc=0x0000000002fc78dc method=sun.reflect.DelegatingMethodAccessorImpl.invoke(Ljava/lang/Object;[Ljava/lang/Object;)Ljava/lang/Object; @ 6
Event: 27.113 Thread 0x0000000017af6800 Uncommon trap: reason=class_check action=maybe_recompile pc=0x0000000002fc78dc method=sun.reflect.DelegatingMethodAccessorImpl.invoke(Ljava/lang/Object;[Ljava/lang/Object;)Ljava/lang/Object; @ 6
Event: 27.113 Thread 0x0000000017af6800 Uncommon trap: reason=class_check action=maybe_recompile pc=0x0000000002fc84cc method=sun.reflect.DelegatingMethodAccessorImpl.invoke(Ljava/lang/Object;[Ljava/lang/Object;)Ljava/lang/Object; @ 6
Event: 57.923 Thread 0x0000000018118800 Uncommon trap: reason=unstable_if action=reinterpret pc=0x00000000030ab38c method=com.sun.scenario.animation.shared.FiniteClipEnvelope.timePulse(J)V @ 85
Event: 88.353 Thread 0x0000000018495000 Uncommon trap: reason=unstable_if action=reinterpret pc=0x0000000002a68b34 method=java.util.concurrent.locks.ReentrantLock$Sync.tryRelease(I)Z @ 28

Internal exceptions (10 events):
Event: 0.429 Thread 0x00000000027c2800 Implicit null exception at 0x00000000029dc9d5 to 0x00000000029dcba1
Event: 1.130 Thread 0x0000000018118800 Exception <a 'java/lang/NullPointerException'> (0x00000000e1641220) thrown at [C:\re\workspace\8-2-build-windows-amd64-cygwin\jdk8u102\7268\hotspot\src\share\vm\interpreter\linkResolver.cpp, line 1178]
Event: 1.130 Thread 0x0000000018118800 Exception <a 'java/lang/NullPointerException'> (0x00000000e1641220) thrown at [C:\re\workspace\8-2-build-windows-amd64-cygwin\jdk8u102\7268\hotspot\src\share\vm\prims\jvm.cpp, line 1390]
Event: 1.448 Thread 0x0000000018118800 Implicit null exception at 0x0000000002b39275 to 0x0000000002b39589
Event: 2.832 Thread 0x0000000018118800 Exception <a 'java/lang/UnsatisfiedLinkError': com.sun.media.jfxmediaimpl.NativeAudioClip.nacInit()Z> (0x00000000e3038268) thrown at [C:\re\workspace\8-2-build-windows-amd64-cygwin\jdk8u102\7268\hotspot\src\share\vm\prims\nativeLookup.cpp, line 378]
Event: 2.832 Thread 0x0000000018118800 Exception <a 'java/lang/UnsatisfiedLinkError': com.sun.media.jfxmedia.logging.Logger.nativeSetNativeLevel(I)V> (0x00000000e303c968) thrown at [C:\re\workspace\8-2-build-windows-amd64-cygwin\jdk8u102\7268\hotspot\src\share\vm\prims\nativeLookup.cpp, line 37ªÐG=lÐ@
Event: 2.852 Thread 0x0000000018118800 Implicit null exception at 0x0000000002aee856 to 0x0000000002aeec01
Event: 5.066 Thread 0x0000000018118800 Implicit null exception at 0x0000000002bfa74e to 0x0000000002bfb8ad
Event: 88.324 Thread 0x0000000018499000 Exception <a 'java/net/SocketException': Socket closed> (0x00000000e414d8c0) thrown at [C:\re\workspace\8-2-build-windows-amd64-cygwin\jdk8u102\7268\hotspot\src\share\vm\prims\jni.cpp, line 735]
Event: 88.354 Thread 0x0000000018495000 Exception <a 'java/lang/IllegalStateException'> (0x00000000e55b1b78) thrown at [C:\re\workspace\8-2-build-windows-amd64-cygwin\jdk8u102\7268\hotspot\src\share\vm\prims\jvm.cpp, line 1390]

Events (10 events):
Event: 88.353 loading class com/sun/javafx/tk/quantum/QuantumRenderer
Event: 88.353 loading class com/sun/javafx/tk/quantum/QuantumRenderer done
Event: 88.353 Thread 0x0000000018495000 Uncommon trap: trap_request=0xffffff65 fr.pc=0x0000000002a68b34
Event: 88.353 Thread 0x0000000018495000 DEOPT PACKING pc=0x0000000002a68b34 sp=0x000000002316e6c0
Event: 88.353 Thread 0x0000000018495000 DEOPT UNPACKING pc=0x000000000290582a sp=0x000000002316e590 mode 2
Event: 88.353 loading class com/sun/javafx/tk/quantum/QuantumToolkit
Event: 88.353 loading class com/sun/javafx/tk/quantum/QuantumToolkit done
Event: 88.353 loading class java/util/LinkedList$ListItr
Event: 88.354 Thread 0x0000000018495000 Thread exited: 0x0000000018495000
Event: 88.354 Executing VM operation: Exit


Dynamic libraries:
0x00007ff72c5a0000 - 0x00007ff72c5d7000 	C:\Program Files\Java\jdk1.8.0_102\bin\java.exe
0x00007ffdcbb60000 - 0x00007ffdcbd41000 	C:\WINDOWS\SYSTEM32\ntdll.dll
0x00007ffdcaf80000 - 0x00007ffdcb031000 	C:\WINDOWS\System32\KERNEL32.DLL
0x00007ffdc7fb0000 - 0x00007ffdc8223000 	C:\WINDOWS\System32\KERNELBASE.dll
0x0000000063bd0000 - 0x0000000063c65000 	C:\WINDOWS\System32\SYSFER.DLL
0x00007ffdcae20000 - 0x00007ffdcaec1000 	C:\WINDOWS\System32\ADVAPI32.dll
0x00007ffdca810000 - 0x00007ffdca8ae000 	C:\WINDOWS\System32\msvcrt.dll
0x00007ffdcab80000 - 0x00007ffdcabdb000 	C:\WINDOWS\System32\sechost.dll
0x00007ffdca610000 - 0x00007ffdca734000 	C:\WINDOWS\System32\RPCRT4.dll
0x00007ffdcac90000 - 0x00007ffdcae20000 	C:\WINDOWS\System32\USER32.dll
0x00007ffdc7f30000 - 0x00007ffdc7f50000 	C:\WINDOWS\System32\win32u.dll
0x00007ffdcaf50000 - 0x00007ffdcaf78000 	C:\WINDOWS\System32\GDI32.dll
0x00007ffdc8c60000 - 0x00007ffdc8df2000 	C:\WINDOWS\System32\gdi32full.dll
0x00007ffdc8e00000 - 0x00007ffdc8e9f000 	C:\WINDOWS\System32\msvcp_win.dll
0x00007ffdc8ef0000 - 0x00007ffdc8fe8000 	C:\WINDOWS\System32\ucrtbase.dll
0x00007ffdbf820000 - 0x00007ffdbfa89000 	C:\WINDOWS\WinSxS\amd64_microsoft.windows.common-controls_6595b64144ccf1df_6.0.17134.706_none_fb43a2cb30647007\COMCTL32.dll
0x00007ffdcb7d0000 - 0x00007ffdcbaf2000 	C:\WINDOWS\System32\combase.dll
0x00007ffdc82e0000 - 0x00007ffdc835a000 	C:\WINDOWS\System32\bcryptPrimitives.dll
0x00007ffdcbb00000 - 0x00007ffdcbb2d000 	C:\WINDOWS\System32\IMM32.DLL
0x0000000061ff0000 - 0x00000000620c1000 	C:\Program Files\Java\jdk1.8.0_102\jre\bin\msvcr100.dll
0x0000000061750000 - 0x0000000061fea000 	C:\Program Files\Java\jdk1.8.0_102\jre\bin\server\jvm.dll
0x00007ffdca8b0000 - 0x00007ffdca8b8000 	C:\WINDOWS\System32\PSAPI.DLL
0x00007ffdc6d60000 - 0x00007ffdc6d69000 	C:\WINDOWS\SYSTEM32\WSOCK32.dll
0x00007ffdcaee0000 - 0x00007ffdcaf4c000 	C:\WINDOWS\System32\WS2_32.dll
0x00007ffdc5e20000 - 0x00007ffdc5e43000 	C:\WINDOWS\SYSTEM32\WINMM.dll
0x00007ffdb9020000 - 0x00007ffdb902a000 	C:\WINDOWS\SYSTEM32\VERSION.dll
0x00007ffdc5df0000 - 0x00007ffdc5e1a000 	C:\WINDOWS\SYSTEM32\WINMMBASE.dll
0x00007ffdc8ea0000 - 0x00007ffdc8ee9000 	C:\WINDOWS\System32\cfgmgr32.dll
0x0000000061740000 - 0x000000006174f000 	C:\Program Files\Java\jdk1.8.0_102\jre\bin\verify.dll
0x0000000061710000 - 0x0000000061739000 	C:\Program Files\Java\jdk1.8.0_102\jre\bin\java.dll
0x0000000061670000 - 0x0000000061693000 	C:\Program Files\Java\jdk1.8.0_102\jre\bin\instrument.dll
0x00000000616f0000 - 0x0000000061706000 	C:\Program Files\Java\jdk1.8.0_102\jre\bin\zip.dll
0x00007ffdc91d0000 - 0x00007ffdca610000 	C:\WINDOWS\System32\SHELL32.dll
0x00007ffdcabe0000 - 0x00007ffdcac89000 	C:\WINDOWS\System32\shcore.dll
0x00007ffdc8360000 - 0x00007ffdc8a6d000 	C:\WINDOWS\System32\windows.storage.dll
0x00007ffdc8ff0000 - 0x00007ffdc9041000 	C:\WINDOWS\System32\shlwapi.dll
0x00007ffdc7ea0000 - 0x00007ffdc7eb1000 	C:\WINDOWS\System32\kernel.appcore.dll
0x00007ffdc7f10000 - 0x00007ffdc7f2f000 	C:\WINDOWS\System32\profapi.dll
0x00007ffdc7ec0000 - 0x00007ffdc7f0c000 	C:\WINDOWS\System32\powrprof.dll
0x00007ffdc7e70000 - 0x00007ffdc7e7a000 	C:\WINDOWS\System32\FLTLIB.DLL
0x00007ffdb2fb0000 - 0x00007ffdb2fca000 	C:\Program Files\JetBrains\IntelliJ IDEA Community Edition 2018.3.4\bin\breakgen64.dll
0x00000000616d0000 - 0x00000000616ea000 	C:\Program Files\Java\jdk1.8.0_102\jre\bin\net.dll
0x00007ffdc7690000 - 0x00007ffdc76f6000 	C:\WINDOWS\system32\mswsock.dll
0x00007ffdb2770000 - 0x00007ffdb285f000 	C:\Program Files\Java\jdk1.8.0_102\jre\bin\msvcr120.dll
0x00007ffdb26c0000 - 0x00007ffdb2766000 	C:\Program Files\Java\jdk1.8.0_102\jre\bin\msvcp120.dll
0x0000000061640000 - 0x0000000061662000 	C:\Program Files\Java\jdk1.8.0_102\jre\bin\prism_d3d.dll
0x00007ffda5150000 - 0x00007ffda52e7000 	C:\WINDOWS\system32\d3d9.dll
0x00007ffdc62d0000 - 0x00007ffdc62f9000 	C:\WINDOWS\SYSTEM32\dwmapi.dll
0x00007ffdc61b0000 - 0x00007ffdc6248000 	C:\WINDOWS\system32\uxtheme.dll
0x00007ffd76150000 - 0x00007ffd7868d000 	C:\WINDOWS\SYSTEM32\igdumdim64.dll
0x00007ffdca740000 - 0x00007ffdca802000 	C:\WINDOWS\System32\OLEAUT32.dll
0x00007ffdcb1b0000 - 0x00007ffdcb301000 	C:\WINDOWS\System32\ole32.dll
0x00007ffdcb380000 - 0x00007ffdcb7cb000 	C:\WINDOWS\System32\SETUPAPI.dll
0x00000000615f0000 - 0x0000000061633000 	C:\Program Files\Java\jdk1.8.0_102\jre\bin\glass.dll
0x00007ffdcb0c0000 - 0x00007ffdcb1ad000 	C:\WINDOWS\System32\COMDLG32.dll
0x00007ffdc9050000 - 0x00007ffdc91c3000 	C:\WINDOWS\System32\MSCTF.dll
0x00007ffdc14a0000 - 0x00007ffdc1edf000 	C:\WINDOWS\SYSTEM32\igdusc64.dll
0x00000000615d0000 - 0x00000000615e4000 	C:\Program Files\Java\jdk1.8.0_102\jre\bin\javafx_font.dll
0x00007ffdbb450000 - 0x00007ffdbb76c000 	C:\WINDOWS\SYSTEM32\dwrite.dll
0x00000000615a0000 - 0x00000000615c3000 	C:\Program Files\Java\jdk1.8.0_102\jre\bin\javafx_iio.dll
0x0000000061520000 - 0x0000000061593000 	C:\Program Files\Java\jdk1.8.0_102\jre\bin\glib-lite.dll
0x0000000061480000 - 0x000000006151c000 	C:\Program Files\Java\jdk1.8.0_102\jre\bin\gstreamer-lite.dll
0x00007ffdadc00000 - 0x00007ffdadc8f000 	C:\WINDOWS\SYSTEM32\DSOUND.dll
0x0000000061450000 - 0x0000000061475000 	C:\Program Files\Java\jdk1.8.0_102\jre\bin\jfxmedia.dll
0x00007ffdcaae0000 - 0x00007ffdcab80000 	C:\WINDOWS\System32\clbcatq.dll
0x00007ffdc42a0000 - 0x00007ffdc444e000 	C:\WINDOWS\SYSTEM32\WindowsCodecs.dll
0x00007ffda9f60000 - 0x00007ffda9fb8000 	C:\WINDOWS\system32\dataexchange.dll
0x00007ffdc4e00000 - 0x00007ffdc510b000 	C:\WINDOWS\system32\d3d11.dll
0x00007ffdc5570000 - 0x00007ffdc570c000 	C:\WINDOWS\system32\dcomp.dll
0x00007ffdc6890000 - 0x00007ffdc694b000 	C:\WINDOWS\system32\dxgi.dll
0x00007ffdc63b0000 - 0x00007ffdc6568000 	C:\WINDOWS\system32\twinapi.appcore.dll
0x00007ffdc6150000 - 0x00007ffdc6179000 	C:\WINDOWS\system32\RMCLIENT.dll
0x00007ffdadbc0000 - 0x00007ffdadbf4000 	C:\Program Files\Common Files\Microsoft Shared\Ink\rtscom.dll
0x0000000061430000 - 0x0000000061441000 	C:\Program Files\Java\jdk1.8.0_102\jre\bin\prism_common.dll
0x00007ffdc4640000 - 0x00007ffdc4c07000 	C:\WINDOWS\SYSTEM32\d2d1.dll
0x00007ffd97d50000 - 0x00007ffd984ce000 	C:\WINDOWS\SYSTEM32\D3D10Warp.dll
0x00007ffdbcf40000 - 0x00007ffdbcfd6000 	C:\WINDOWS\System32\TextInputFramework.dll
0x00007ffdc3df0000 - 0x00007ffdc410e000 	C:\WINDOWS\System32\CoreUIComponents.dll
0x00007ffdc5a90000 - 0x00007ffdc5b6a000 	C:\WINDOWS\System32\CoreMessaging.dll
0x00007ffdc6f60000 - 0x00007ffdc6f91000 	C:\WINDOWS\SYSTEM32\ntmarta.dll
0x00007ffdc3b50000 - 0x00007ffdc3c9d000 	C:\WINDOWS\SYSTEM32\wintypes.dll
0x00007ffdc6ae0000 - 0x00007ffdc6ca9000 	C:\WINDOWS\SYSTEM32\dbghelp.dll

VM Arguments:
jvm_args: -javaagent:C:\Program Files\JetBrains\IntelliJ IDEA Community Edition 2018.3.4\lib\idea_rt.jar=50293:C:\Program Files\JetBrains\IntelliJ IDEA Community Edition 2018.3.4\bin -Dfile.encoding=UTF-8 
java_command: ClientFX
java_class_path (initial): C:\Program Files\Java\jdk1.8.0_102\jre\lib\charsets.jar;C:\Program Files\Java\jdk1.8.0_102\jre\lib\deploy.jar;C:\Program Files\Java\jdk1.8.0_102\jre\lib\ext\access-bridge-64.jar;C:\Program Files\Java\jdk1.8.0_102\jre\lib\ext\cldrdata.jar;C:\Program Files\Java\jdk1.8.0_102\jre\lib\ext\dnsns.jar;C:\Program Files\Java\jdk1.8.0_102\jre\lib\ext\jaccess.jar;C:\Program Files\Java\jdk1.8.0_102\jre\lib\ext\jfxrt.jar;C:\Program Files\Java\jdk1.8.0_102\jre\lib\ext\localedata.jar;C:\Program Files\Java\jdk1.8.0_102\jre\lib\ext\nashorn.jar;C:\Program Files\Java\jdk1.8.0_102\jre\lib\ext\sunec.jar;C:\Program Files\Java\jdk1.8.0_102\jre\lib\ext\sunjce_provider.jar;C:\Program Files\Java\jdk1.8.0_102\jre\lib\ext\sunmscapi.jar;C:\Program Files\Java\jdk1.8.0_102\jre\lib\ext\sunpkcs11.jar;C:\Program Files\Java\jdk1.8.0_102\jre\lib\ext\zipfs.jar;C:\Program Files\Java\jdk1.8.0_102\jre\lib\javaws.jar;C:\Program Files\Java\jdk1.8.0_102\jre\lib\jce.jar;C:\Program Files\Java\jdk1.8.0_102\jre\lib\jfr.jar;C:\Program Files\Java\jdk1.8.0_102\jre\lib\jfxswt.jar;C:\Program Files\Java\jdk1.8.0_102\jre\lib\jsse.jar;C:\Program Files\Java\jdk1.8.0_102\jre\lib\management-agent.jar;C:\Program Files\Java\jdk1.8.0_102\jre\lib\plugin.jar;C:\Program Files\Java\jdk1.8.0_102\jre\lib\resources.jar;C:\Program Files\Java\jdk1.8.0_102\jre\lib\rt.jar;C:\Users\Don\Documents\GitHub\Project5\Client\out\production\Client;C:\Program Files\JetBrains\IntelliJ IDEA Community Edition 2018.3.4\lib\idea_rt.jar
Launcher Type: SUN_STANDARD

Environment Variables:
JAVA_HOME=C:\Program Files\Java\jdk1.8.0_172
CLASSPATH=.;
PATH=C:\Python27\;C:\Python27\Scripts;C:\Program Files (x86)\Common Files\Oracle\Java\javapath;C:\ProgramData\Oracle\Java\javapath;C:\Program Files (x86)\Intel\iCLS Client\;C:\Program Files\Intel\iCLS Client\;C:\WINDOWS\system32;C:\WINDOWS;C:\WINDOWS\System32\Wbem;C:\WINDOWS\System32\WindowsPowerShell\v1.0\;C:\Program Files\Hewlett-Packard\SimplePass\;C:\Program Files (x86)\Windows Live\Shared;C:\Program Files\Novell\iPrint;C:\WINDOWS\System32\OpenSSH\;C:\ProgramData\chocolatey\bin;C:\Program Files\Java\jdk1.8.0_172\bin;C:\TDM-GCC-64\bin;C:\Program Files\PuTTY\;C:\Program Files\Intel\Intel(R) Management Engine Components\DAL;C:\Program Files\Intel\Intel(R) Management Engine Components\IPT;C:\Program Files\dotnet\;C:\Program Files\Git\cmd;C:\Program Files\nodejs\;C:\Users\Don\AppData\Local\Microsoft\WindowsApps;C:\Users\Don\AndroidAppData\platform-tools;C:\Users\Don\AppData\Local\Programs\Microsoft VS Code\bin;C:\Users\Don\.dotnet\tools;C:\Program Files (x86)\Java\jdk1.8.0_102\bin;;C:\Users\Don\AppData\Local\Programs\Azure Data Studio\bin;C:\Users\Don\AppData\Roaming\npm
USERNAME=Don
OS=Windows_NT
PROCESSOR_IDENTIFIER=Intel64 Family 6 Model 61 Stepping 4, GenuineIntel



---------------  S Y S T E M  ---------------

OS: Windows 10.0 , 64 bit Build 17134 (10.0.17134.706)

CPU:total 4 (2 cores per cpu, 2 threads per core) family 6 model 61 stepping 4, cmov, cx8, fxsr, mmx, sse, sse2, sse3, ssse3, sse4.1, sse4.2, popcnt, avx, avx2, aes, clmul, erms, 3dnowpref, lzcnt, ht, tsc, tscinvbit, bmi1, bmi2, adx

Memory: 4k page, physical 6211852k(349636k free), swap 11454732k(2589368k free)

vm_info: Java HotSpot(TM) 64-Bit Server VM (25.102-b14) for windows-amd64 JRE (1.8.0_102-b14), built on Jun 22 2016 13:15:21 by "java_re" with MS VC++ 10.0 (VS2010)

time: Sun May 05 12:10:41 2019
elapsed time: 89 seconds (0d 0h 1m 29s)

